<?xml version="1.0" encoding="UTF-8"?>
<testsuites name="CC_RentalInvoice" time="206" tests="0" failures="0" errors="0">
   <testsuite name="CC_RentalInvoice" tests="0" failures="0" errors="0" time="206" timestamp="2017-11-14 12:42:14" hostname="agawhande - ANIL110.e-emphasys.com" id="Test Suites/CC_RentalInvoice">
      <properties>
         <property name="deviceName" value=""/>
         <property name="devicePlatform" value=""/>
         <property name="logFolder" value="C:\\Users\\agawhande\\git\\CreditCard\\Reports\\CC_RentalInvoice\\20171114_124206"/>
         <property name="logFiles" value="C:\\Users\\agawhande\\git\\CreditCard\\Reports\\CC_RentalInvoice\\20171114_124206\\execution0.log"/>
         <property name="attachments" value=""/>
         <property name="hostName" value="agawhande - ANIL110.e-emphasys.com"/>
         <property name="os" value="Windows 7 64bit"/>
         <property name="katalonVersion" value="4.8.0.2"/>
         <property name="browser" value="Firefox 56.0"/>
         <property name="hostAddress" value="192.168.25.228"/>
         <property name="sessionId" value="2e41b161-2d65-4fbb-908d-18d0935c9e6e"/>
         <property name="seleniumVersion" value="unknown"/>
         <property name="proxyInformation" value="ProxyInformation{proxyOption=NO_PROXY, proxyServerType=, password=, proxyServerAddress=, proxyServerPort=0}"/>
         <property name="platform" value="Windows 7"/>
      </properties>
      <testcase name="Test Cases/Rental/Base_RentalContract/CreditCardRegression/TC003_RentalContractInvoice_CC" classname="Test Cases/Rental/Base_RentalContract/CreditCardRegression/TC003_RentalContractInvoice_CC" status="INCOMPLETE">
         <system-out><![CDATA[2017-11-14 12:42:14 - [TEST_CASE][INCOMPLETE] - Test Cases/Rental/Base_RentalContract/CreditCardRegression/TC003_RentalContractInvoice_CC: null

2017-11-14 12:42:15 - [TEST_STEP][PASSED] - callTestCase: Call Test Case 'Test Cases/Rental/Base_RentalContract/Base_CreateRentalHeader' successfully

2017-11-14 12:42:16 - [TEST_CASE][PASSED] - Test Cases/Rental/Base_RentalContract/Base_CreateRentalHeader: Test Cases/Rental/Base_RentalContract/Base_CreateRentalHeader

2017-11-14 12:42:16 - [TEST_STEP][PASSED] - callTestCase: Call Test Case 'Test Cases/Common/Base_Common_OpenSession' successfully

2017-11-14 12:42:16 - [TEST_CASE][PASSED] - Test Cases/Common/Base_Common_OpenSession: Test Cases/Common/Base_Common_OpenSession

2017-11-14 12:42:16 - [TEST_STEP][PASSED] - openBrowser: Browser is opened with url: 'https://rgajbhiye:Robin$123@proxima-ln4.e-emphasys.com:8441/webui/servlet/login'

2017-11-14 12:42:27 - [MESSAGE][PASSED] - Browser is opened with url: 'https://rgajbhiye:Robin$123@proxima-ln4.e-emphasys.com:8441/webui/servlet/login'

2017-11-14 12:42:27 - [TEST_STEP][PASSED] - waitForPageLoad: Wait for page load successfully

2017-11-14 12:42:27 - [MESSAGE][PASSED] - Wait for page load successfully

2017-11-14 12:42:27 - [TEST_STEP][PASSED] - maximizeWindow: Current window maximized

2017-11-14 12:42:27 - [MESSAGE][PASSED] - Current window maximized

2017-11-14 12:42:27 - [TEST_STEP][PASSED] - click: Object: 'Object Repository/Common/HomePage/HomePage_more' is clicked on

2017-11-14 12:42:30 - [MESSAGE][PASSED] - Object: 'Object Repository/Common/HomePage/HomePage_more' is clicked on

2017-11-14 12:42:30 - [TEST_STEP][PASSED] - click: Object: 'Object Repository/Common/HomePage/HomePage_Option' is clicked on

2017-11-14 12:42:30 - [MESSAGE][PASSED] - Object: 'Object Repository/Common/HomePage/HomePage_Option' is clicked on

2017-11-14 12:42:30 - [TEST_STEP][PASSED] - click: Object: 'Object Repository/Common/HomePage/HomePage_RunProgram_' is clicked on

2017-11-14 12:42:30 - [MESSAGE][PASSED] - Object: 'Object Repository/Common/HomePage/HomePage_RunProgram_' is clicked on

2017-11-14 12:42:30 - [TEST_STEP][PASSED] - sendKeys: Keys 'erext4100s004' sent to object: 'Object Repository/Common/HomePage/HomePage_Session_ID'

2017-11-14 12:42:31 - [MESSAGE][PASSED] - Keys 'erext4100s004' sent to object: 'Object Repository/Common/HomePage/HomePage_Session_ID'

2017-11-14 12:42:31 - [TEST_STEP][PASSED] - click: Object: 'Object Repository/Common/HomePage/HomePage_OkButton' is clicked on

2017-11-14 12:42:31 - [MESSAGE][PASSED] - Object: 'Object Repository/Common/HomePage/HomePage_OkButton' is clicked on

2017-11-14 12:42:31 - [MESSAGE][PASSED] - Call Test Case 'Test Cases/Common/Base_Common_OpenSession' successfully

2017-11-14 12:42:31 - [TEST_STEP][PASSED] - click: Object: 'Object Repository/Rental/RentalHeader/RentalContract.Customer' is clicked on

2017-11-14 12:42:36 - [MESSAGE][PASSED] - Object: 'Object Repository/Rental/RentalHeader/RentalContract.Customer' is clicked on

2017-11-14 12:42:36 - [TEST_STEP][PASSED] - setText: Text 'M00000010' is set on object 'Object Repository/Rental/RentalHeader/RentalContract.Customer'

2017-11-14 12:42:37 - [MESSAGE][PASSED] - Text 'M00000010' is set on object 'Object Repository/Rental/RentalHeader/RentalContract.Customer'

2017-11-14 12:42:37 - [TEST_STEP][PASSED] - delay: Delayed 2 second(s)

2017-11-14 12:42:39 - [MESSAGE][PASSED] - Delayed 2 second(s)

2017-11-14 12:42:39 - [TEST_STEP][PASSED] - click: Object: 'Object Repository/Rental/RentalHeader/RentalContract.CustPO' is clicked on

2017-11-14 12:42:39 - [MESSAGE][PASSED] - Object: 'Object Repository/Rental/RentalHeader/RentalContract.CustPO' is clicked on

2017-11-14 12:42:39 - [TEST_STEP][PASSED] - delay: Delayed 3 second(s)

2017-11-14 12:42:42 - [MESSAGE][PASSED] - Delayed 3 second(s)

2017-11-14 12:42:42 - [TEST_STEP][PASSED] - click: Object: 'Object Repository/Rental/RentalHeader/RentalContract.OtherDetailsTab' is clicked on

2017-11-14 12:42:42 - [MESSAGE][PASSED] - Object: 'Object Repository/Rental/RentalHeader/RentalContract.OtherDetailsTab' is clicked on

2017-11-14 12:42:42 - [TEST_STEP][PASSED] - delay: Delayed 5 second(s)

2017-11-14 12:42:47 - [MESSAGE][PASSED] - Delayed 5 second(s)

2017-11-14 12:42:47 - [TEST_STEP][PASSED] - click: Object: 'Object Repository/Rental/RentalHeader/Rental Contract.ModeOfPayment' is clicked on

2017-11-14 12:42:47 - [MESSAGE][PASSED] - Object: 'Object Repository/Rental/RentalHeader/Rental Contract.ModeOfPayment' is clicked on

2017-11-14 12:42:47 - [TEST_STEP][PASSED] - delay: Delayed 2 second(s)

2017-11-14 12:42:49 - [MESSAGE][PASSED] - Delayed 2 second(s)

2017-11-14 12:42:49 - [TEST_STEP][PASSED] - click: Object: 'Object Repository/Rental/RentalHeader/RentalContract.CreditCardoption' is clicked on

2017-11-14 12:42:50 - [MESSAGE][PASSED] - Object: 'Object Repository/Rental/RentalHeader/RentalContract.CreditCardoption' is clicked on

2017-11-14 12:42:50 - [TEST_STEP][PASSED] - delay: Delayed 3 second(s)

2017-11-14 12:42:53 - [MESSAGE][PASSED] - Delayed 3 second(s)

2017-11-14 12:42:53 - [TEST_STEP][PASSED] - click: Object: 'Object Repository/Rental/RentalHeader/RentalContract.GeneralTab' is clicked on

2017-11-14 12:42:53 - [MESSAGE][PASSED] - Object: 'Object Repository/Rental/RentalHeader/RentalContract.GeneralTab' is clicked on

2017-11-14 12:42:53 - [TEST_STEP][PASSED] - delay: Delayed 5 second(s)

2017-11-14 12:42:58 - [MESSAGE][PASSED] - Delayed 5 second(s)

2017-11-14 12:42:58 - [TEST_STEP][PASSED] - click: Object: 'Object Repository/Rental/RentalHeader/RentalContract.Newbuttonline' is clicked on

2017-11-14 12:42:58 - [MESSAGE][PASSED] - Object: 'Object Repository/Rental/RentalHeader/RentalContract.Newbuttonline' is clicked on

2017-11-14 12:42:58 - [TEST_STEP][PASSED] - delay: Delayed 5 second(s)

2017-11-14 12:43:03 - [MESSAGE][PASSED] - Delayed 5 second(s)

2017-11-14 12:43:03 - [TEST_STEP][PASSED] - click: Object: 'Object Repository/Rental/RentalHeader/RentalContract.SetLine' is clicked on

2017-11-14 12:43:04 - [MESSAGE][PASSED] - Object: 'Object Repository/Rental/RentalHeader/RentalContract.SetLine' is clicked on

2017-11-14 12:43:04 - [TEST_STEP][PASSED] - delay: Delayed 5 second(s)

2017-11-14 12:43:09 - [MESSAGE][PASSED] - Delayed 5 second(s)

2017-11-14 12:43:09 - [TEST_STEP][PASSED] - scrollToElement: Scroll to object 'Object Repository/Rental/RentalHeader/RentalContract.Unit' successfully

2017-11-14 12:43:09 - [MESSAGE][PASSED] - Scroll to object 'Object Repository/Rental/RentalHeader/RentalContract.Unit' successfully

2017-11-14 12:43:09 - [TEST_STEP][PASSED] - delay: Delayed 3 second(s)

2017-11-14 12:43:12 - [MESSAGE][PASSED] - Delayed 3 second(s)

2017-11-14 12:43:12 - [TEST_STEP][NOT_RUN] - getText: NOT_RUN: getText

2017-11-14 12:43:12 - [MESSAGE][NOT_RUN] - NOT_RUN: getText

2017-11-14 12:43:12 - [TEST_STEP][PASSED] - click: Object: 'Object Repository/Rental/RentalHeader/RentalContract.Unit' is clicked on

2017-11-14 12:43:12 - [MESSAGE][PASSED] - Object: 'Object Repository/Rental/RentalHeader/RentalContract.Unit' is clicked on

2017-11-14 12:43:12 - [TEST_STEP][PASSED] - delay: Delayed 5 second(s)

2017-11-14 12:43:17 - [MESSAGE][PASSED] - Delayed 5 second(s)

2017-11-14 12:43:17 - [TEST_STEP][PASSED] - setText: Text 'MD0018253' is set on object 'Object Repository/Rental/RentalHeader/RentalContract.Unit'

2017-11-14 12:43:17 - [MESSAGE][PASSED] - Text 'MD0018253' is set on object 'Object Repository/Rental/RentalHeader/RentalContract.Unit'

2017-11-14 12:43:17 - [TEST_STEP][PASSED] - delay: Delayed 5 second(s)

2017-11-14 12:43:22 - [MESSAGE][PASSED] - Delayed 5 second(s)

2017-11-14 12:43:22 - [TEST_STEP][PASSED] - scrollToElement: Scroll to object 'Object Repository/Rental/RentalHeader/RentalContract.MultipleInsurence' successfully

2017-11-14 12:43:22 - [MESSAGE][PASSED] - Scroll to object 'Object Repository/Rental/RentalHeader/RentalContract.MultipleInsurence' successfully

2017-11-14 12:43:22 - [TEST_STEP][PASSED] - delay: Delayed 5 second(s)

2017-11-14 12:43:27 - [MESSAGE][PASSED] - Delayed 5 second(s)

2017-11-14 12:43:27 - [TEST_STEP][PASSED] - doubleClick: Object: 'Object Repository/Rental/RentalHeader/RentalContract.MultipleInsurence' is double clicked on

2017-11-14 12:43:28 - [MESSAGE][PASSED] - Object: 'Object Repository/Rental/RentalHeader/RentalContract.MultipleInsurence' is double clicked on

2017-11-14 12:43:28 - [TEST_STEP][PASSED] - delay: Delayed 5 second(s)

2017-11-14 12:43:33 - [MESSAGE][PASSED] - Delayed 5 second(s)

2017-11-14 12:43:33 - [TEST_STEP][PASSED] - click: Object: 'Object Repository/Rental/RentalHeader/RentalContract.MultipleInsurence' is clicked on

2017-11-14 12:43:33 - [MESSAGE][PASSED] - Object: 'Object Repository/Rental/RentalHeader/RentalContract.MultipleInsurence' is clicked on

2017-11-14 12:43:33 - [TEST_STEP][PASSED] - click: Object: 'Object Repository/Rental/RentalHeader/RentalContract.MultiInsNO' is clicked on

2017-11-14 12:43:33 - [MESSAGE][PASSED] - Object: 'Object Repository/Rental/RentalHeader/RentalContract.MultiInsNO' is clicked on

2017-11-14 12:43:33 - [TEST_STEP][PASSED] - delay: Delayed 5 second(s)

2017-11-14 12:43:38 - [MESSAGE][PASSED] - Delayed 5 second(s)

2017-11-14 12:43:38 - [TEST_STEP][PASSED] - scrollToElement: Scroll to object 'Object Repository/Rental/RentalHeader/RentalContract.GrossRateline' successfully

2017-11-14 12:43:38 - [MESSAGE][PASSED] - Scroll to object 'Object Repository/Rental/RentalHeader/RentalContract.GrossRateline' successfully

2017-11-14 12:43:38 - [TEST_STEP][NOT_RUN] - delay: NOT_RUN: delay

2017-11-14 12:43:38 - [MESSAGE][NOT_RUN] - NOT_RUN: delay

2017-11-14 12:43:38 - [TEST_STEP][PASSED] - doubleClick: Object: 'Object Repository/Rental/RentalHeader/RentalContract.GrossRateline' is double clicked on

2017-11-14 12:43:39 - [MESSAGE][PASSED] - Object: 'Object Repository/Rental/RentalHeader/RentalContract.GrossRateline' is double clicked on

2017-11-14 12:43:39 - [TEST_STEP][PASSED] - delay: Delayed 2 second(s)

2017-11-14 12:43:41 - [MESSAGE][PASSED] - Delayed 2 second(s)

2017-11-14 12:43:41 - [TEST_STEP][PASSED] - click: Object: 'Object Repository/Rental/RentalHeader/RentalContract.GrossRateline' is clicked on

2017-11-14 12:43:41 - [MESSAGE][PASSED] - Object: 'Object Repository/Rental/RentalHeader/RentalContract.GrossRateline' is clicked on

2017-11-14 12:43:41 - [TEST_STEP][PASSED] - delay: Delayed 2 second(s)

2017-11-14 12:43:43 - [MESSAGE][PASSED] - Delayed 2 second(s)

2017-11-14 12:43:43 - [TEST_STEP][PASSED] - setText: Text '100' is set on object 'Object Repository/Rental/RentalHeader/RentalContract.GrossRateline'

2017-11-14 12:43:43 - [MESSAGE][PASSED] - Text '100' is set on object 'Object Repository/Rental/RentalHeader/RentalContract.GrossRateline'

2017-11-14 12:43:43 - [TEST_STEP][PASSED] - delay: Delayed 4 second(s)

2017-11-14 12:43:47 - [MESSAGE][PASSED] - Delayed 4 second(s)

2017-11-14 12:43:47 - [TEST_STEP][PASSED] - click: Object: 'Object Repository/Rental/RentalHeader/RentalContract.SaveHeader' is clicked on

2017-11-14 12:43:48 - [MESSAGE][PASSED] - Object: 'Object Repository/Rental/RentalHeader/RentalContract.SaveHeader' is clicked on

2017-11-14 12:43:48 - [TEST_STEP][PASSED] - delay: Delayed 5 second(s)

2017-11-14 12:43:53 - [MESSAGE][PASSED] - Delayed 5 second(s)

2017-11-14 12:43:53 - [TEST_STEP][PASSED] - click: Object: 'Object Repository/Rental/RentalHeader/RentalContract.Action' is clicked on

2017-11-14 12:43:53 - [MESSAGE][PASSED] - Object: 'Object Repository/Rental/RentalHeader/RentalContract.Action' is clicked on

2017-11-14 12:43:53 - [TEST_STEP][PASSED] - delay: Delayed 8 second(s)

2017-11-14 12:44:01 - [MESSAGE][PASSED] - Delayed 8 second(s)

2017-11-14 12:44:01 - [TEST_STEP][PASSED] - click: Object: 'Object Repository/Rental/RentalHeader/RentalContract.Release' is clicked on

2017-11-14 12:44:01 - [MESSAGE][PASSED] - Object: 'Object Repository/Rental/RentalHeader/RentalContract.Release' is clicked on

2017-11-14 12:44:01 - [TEST_STEP][PASSED] - delay: Delayed 12 second(s)

2017-11-14 12:44:13 - [MESSAGE][PASSED] - Delayed 12 second(s)

2017-11-14 12:44:13 - [TEST_STEP][PASSED] - click: Object: 'Object Repository/Rental/RentalHeader/RentalContract.ActionDelivery' is clicked on

2017-11-14 12:44:14 - [MESSAGE][PASSED] - Object: 'Object Repository/Rental/RentalHeader/RentalContract.ActionDelivery' is clicked on

2017-11-14 12:44:14 - [TEST_STEP][PASSED] - delay: Delayed 6 second(s)

2017-11-14 12:44:20 - [MESSAGE][PASSED] - Delayed 6 second(s)

2017-11-14 12:44:20 - [TEST_STEP][PASSED] - click: Object: 'Object Repository/Rental/RentalHeader/RentalContract.ConfirmDelivery' is clicked on

2017-11-14 12:44:20 - [MESSAGE][PASSED] - Object: 'Object Repository/Rental/RentalHeader/RentalContract.ConfirmDelivery' is clicked on

2017-11-14 12:44:20 - [TEST_STEP][PASSED] - delay: Delayed 8 second(s)

2017-11-14 12:44:28 - [MESSAGE][PASSED] - Delayed 8 second(s)

2017-11-14 12:44:28 - [TEST_STEP][NOT_RUN] - waitForElementPresent: NOT_RUN: waitForElementPresent

2017-11-14 12:44:28 - [MESSAGE][NOT_RUN] - NOT_RUN: waitForElementPresent

2017-11-14 12:44:28 - [TEST_STEP][NOT_RUN] - delay: NOT_RUN: delay

2017-11-14 12:44:28 - [MESSAGE][NOT_RUN] - NOT_RUN: delay

2017-11-14 12:44:28 - [TEST_STEP][PASSED] - click: Object: 'Object Repository/Rental/RentalHeader/RentalContract.DeliveryProceed' is clicked on

2017-11-14 12:44:28 - [MESSAGE][PASSED] - Object: 'Object Repository/Rental/RentalHeader/RentalContract.DeliveryProceed' is clicked on

2017-11-14 12:44:28 - [TEST_STEP][PASSED] - delay: Delayed 12 second(s)

2017-11-14 12:44:40 - [MESSAGE][PASSED] - Delayed 12 second(s)

2017-11-14 12:44:40 - [TEST_STEP][NOT_RUN] - waitForElementPresent: NOT_RUN: waitForElementPresent

2017-11-14 12:44:40 - [MESSAGE][NOT_RUN] - NOT_RUN: waitForElementPresent

2017-11-14 12:44:40 - [TEST_STEP][NOT_RUN] - delay: NOT_RUN: delay

2017-11-14 12:44:40 - [MESSAGE][NOT_RUN] - NOT_RUN: delay

2017-11-14 12:44:40 - [TEST_STEP][NOT_RUN] - click: NOT_RUN: click

2017-11-14 12:44:40 - [MESSAGE][NOT_RUN] - NOT_RUN: click

2017-11-14 12:44:40 - [TEST_STEP][PASSED] - delay: Delayed 8 second(s)

2017-11-14 12:44:48 - [MESSAGE][PASSED] - Delayed 8 second(s)

2017-11-14 12:44:48 - [TEST_STEP][PASSED] - click: Object: 'Object Repository/Rental/RentalHeader/RentalContract.InspetionReportClose' is clicked on

2017-11-14 12:44:48 - [MESSAGE][PASSED] - Object: 'Object Repository/Rental/RentalHeader/RentalContract.InspetionReportClose' is clicked on

2017-11-14 12:44:48 - [TEST_STEP][PASSED] - delay: Delayed 5 second(s)

2017-11-14 12:44:53 - [MESSAGE][PASSED] - Delayed 5 second(s)

2017-11-14 12:44:53 - [TEST_STEP][PASSED] - click: Object: 'Object Repository/Rental/RentalHeader/RentalContract.BillofLaddingClosed' is clicked on

2017-11-14 12:44:54 - [MESSAGE][PASSED] - Object: 'Object Repository/Rental/RentalHeader/RentalContract.BillofLaddingClosed' is clicked on

2017-11-14 12:44:54 - [TEST_STEP][PASSED] - delay: Delayed 5 second(s)

2017-11-14 12:44:59 - [MESSAGE][PASSED] - Delayed 5 second(s)

2017-11-14 12:44:59 - [TEST_STEP][PASSED] - click: Object: 'Object Repository/Rental/RentalHeader/RentalContract.EqipRentalMemoclosed' is clicked on

2017-11-14 12:44:59 - [MESSAGE][PASSED] - Object: 'Object Repository/Rental/RentalHeader/RentalContract.EqipRentalMemoclosed' is clicked on

2017-11-14 12:44:59 - [TEST_STEP][PASSED] - delay: Delayed 5 second(s)

2017-11-14 12:45:04 - [MESSAGE][PASSED] - Delayed 5 second(s)

2017-11-14 12:45:04 - [TEST_STEP][PASSED] - click: Object: 'Object Repository/Rental/RentalHeader/RentalContract.InspectionOrdergnerated' is clicked on

2017-11-14 12:45:04 - [MESSAGE][PASSED] - Object: 'Object Repository/Rental/RentalHeader/RentalContract.InspectionOrdergnerated' is clicked on

2017-11-14 12:45:04 - [MESSAGE][PASSED] - Call Test Case 'Test Cases/Rental/Base_RentalContract/Base_CreateRentalHeader' successfully

2017-11-14 12:45:04 - [TEST_STEP][INCOMPLETE] - callTestCase: null

2017-11-14 12:45:04 - [TEST_CASE][INCOMPLETE] - Test Cases/Rental/Base_RentalContract/Base_CreateRentalInvoice_CC: null

2017-11-14 12:45:05 - [TEST_STEP][INCOMPLETE] - callTestCase: null

2017-11-14 12:45:05 - [TEST_CASE][INCOMPLETE] - Test Cases/Rental/Base_RentalContract/Base_CreateRentalHeader: null

2017-11-14 12:45:05 - [TEST_STEP][FAILED] - callTestCase: Unable to call Test Case with id 'Test Cases/Common/Base_Common_OpenSession' (Root cause: Call Test Case 'Test Cases/Common/Base_Common_OpenSession' failed)

2017-11-14 12:45:05 - [TEST_CASE][FAILED] - Test Cases/Common/Base_Common_OpenSession: Test Cases/Common/Base_Common_OpenSession FAILED because (of) Unable to click on object 'Object Repository/Common/HomePage/HomePage_more' (Root cause: org.openqa.selenium.NoSuchWindowException: Window not found. The browser window may have been closed.
Command duration or timeout: 248 milliseconds
Build info: version: 'unknown', revision: 'unknown', time: 'unknown'
System info: host: 'ANIL110', ip: '192.168.25.228', os.name: 'Windows 7', os.arch: 'amd64', os.version: '6.1', java.version: '1.8.0_102'
Driver info: com.kms.katalon.core.webui.driver.firefox.CFirefoxDriver47
Capabilities [{applicationCacheEnabled=true, rotatable=false, handlesAlerts=true, databaseEnabled=true, version=56.0, platform=WINDOWS, nativeEvents=false, acceptSslCerts=true, webStorageEnabled=true, locationContextEnabled=true, browserName=firefox, takesScreenshot=true, javascriptEnabled=true, cssSelectorsEnabled=true}]
Session ID: 2e41b161-2d65-4fbb-908d-18d0935c9e6e
*** Element info: {Using=xpath, value=//div[count(. | //*[@id = '-overflow']) = count(//*[@id = '-overflow'])]})

2017-11-14 12:45:05 - [TEST_STEP][PASSED] - openBrowser: Browser is opened with url: 'https://rgajbhiye:Robin$123@proxima-ln4.e-emphasys.com:8441/webui/servlet/login'

2017-11-14 12:45:05 - [MESSAGE][WARNING] - A browser is already opened. Closing browser and opening a new one

2017-11-14 12:45:22 - [MESSAGE][PASSED] - Browser is opened with url: 'https://rgajbhiye:Robin$123@proxima-ln4.e-emphasys.com:8441/webui/servlet/login'

2017-11-14 12:45:22 - [TEST_STEP][PASSED] - waitForPageLoad: Wait for page load successfully

2017-11-14 12:45:22 - [MESSAGE][PASSED] - Wait for page load successfully

2017-11-14 12:45:22 - [TEST_STEP][PASSED] - maximizeWindow: Current window maximized

2017-11-14 12:45:22 - [MESSAGE][PASSED] - Current window maximized

2017-11-14 12:45:22 - [TEST_STEP][FAILED] - click: Unable to click on object 'Object Repository/Common/HomePage/HomePage_more' (Root cause: org.openqa.selenium.NoSuchWindowException: Window not found. The browser window may have been closed.
Command duration or timeout: 248 milliseconds
Build info: version: 'unknown', revision: 'unknown', time: 'unknown'
System info: host: 'ANIL110', ip: '192.168.25.228', os.name: 'Windows 7', os.arch: 'amd64', os.version: '6.1', java.version: '1.8.0_102'
Driver info: com.kms.katalon.core.webui.driver.firefox.CFirefoxDriver47
Capabilities [{applicationCacheEnabled=true, rotatable=false, handlesAlerts=true, databaseEnabled=true, version=56.0, platform=WINDOWS, nativeEvents=false, acceptSslCerts=true, webStorageEnabled=true, locationContextEnabled=true, browserName=firefox, takesScreenshot=true, javascriptEnabled=true, cssSelectorsEnabled=true}]
Session ID: 2e41b161-2d65-4fbb-908d-18d0935c9e6e
*** Element info: {Using=xpath, value=//div[count(. | //*[@id = '-overflow']) = count(//*[@id = '-overflow'])]})

2017-11-14 12:45:26 - [MESSAGE][WARNING] - Cannot take screenshot

2017-11-14 12:45:26 - [MESSAGE][FAILED] - Unable to click on object 'Object Repository/Common/HomePage/HomePage_more' (Root cause: org.openqa.selenium.NoSuchWindowException: Window not found. The browser window may have been closed.
Command duration or timeout: 248 milliseconds
Build info: version: 'unknown', revision: 'unknown', time: 'unknown'
System info: host: 'ANIL110', ip: '192.168.25.228', os.name: 'Windows 7', os.arch: 'amd64', os.version: '6.1', java.version: '1.8.0_102'
Driver info: com.kms.katalon.core.webui.driver.firefox.CFirefoxDriver47
Capabilities [{applicationCacheEnabled=true, rotatable=false, handlesAlerts=true, databaseEnabled=true, version=56.0, platform=WINDOWS, nativeEvents=false, acceptSslCerts=true, webStorageEnabled=true, locationContextEnabled=true, browserName=firefox, takesScreenshot=true, javascriptEnabled=true, cssSelectorsEnabled=true}]
Session ID: 2e41b161-2d65-4fbb-908d-18d0935c9e6e
*** Element info: {Using=xpath, value=//div[count(. | //*[@id = '-overflow']) = count(//*[@id = '-overflow'])]})

2017-11-14 12:45:26 - [TEST_STEP][FAILED] - click: Unable to click on object 'Object Repository/Common/HomePage/HomePage_Option' (Root cause: org.openqa.selenium.remote.UnreachableBrowserException: Error communicating with the remote browser. It may have died.
Build info: version: 'unknown', revision: 'unknown', time: 'unknown'
System info: host: 'ANIL110', ip: '192.168.25.228', os.name: 'Windows 7', os.arch: 'amd64', os.version: '6.1', java.version: '1.8.0_102'
Driver info: driver.version: RemoteWebDriver
Capabilities [{applicationCacheEnabled=true, rotatable=false, handlesAlerts=true, databaseEnabled=true, version=56.0, platform=WINDOWS, nativeEvents=false, acceptSslCerts=true, webStorageEnabled=true, locationContextEnabled=true, browserName=firefox, takesScreenshot=true, javascriptEnabled=true, cssSelectorsEnabled=true}]
Session ID: 2e41b161-2d65-4fbb-908d-18d0935c9e6e)

2017-11-14 12:45:28 - [MESSAGE][WARNING] - Cannot take screenshot

2017-11-14 12:45:28 - [MESSAGE][FAILED] - Unable to click on object 'Object Repository/Common/HomePage/HomePage_Option' (Root cause: org.openqa.selenium.remote.UnreachableBrowserException: Error communicating with the remote browser. It may have died.
Build info: version: 'unknown', revision: 'unknown', time: 'unknown'
System info: host: 'ANIL110', ip: '192.168.25.228', os.name: 'Windows 7', os.arch: 'amd64', os.version: '6.1', java.version: '1.8.0_102'
Driver info: driver.version: RemoteWebDriver
Capabilities [{applicationCacheEnabled=true, rotatable=false, handlesAlerts=true, databaseEnabled=true, version=56.0, platform=WINDOWS, nativeEvents=false, acceptSslCerts=true, webStorageEnabled=true, locationContextEnabled=true, browserName=firefox, takesScreenshot=true, javascriptEnabled=true, cssSelectorsEnabled=true}]
Session ID: 2e41b161-2d65-4fbb-908d-18d0935c9e6e)

2017-11-14 12:45:28 - [TEST_STEP][FAILED] - click: Unable to click on object 'Object Repository/Common/HomePage/HomePage_RunProgram_' (Root cause: org.openqa.selenium.remote.UnreachableBrowserException: Error communicating with the remote browser. It may have died.
Build info: version: 'unknown', revision: 'unknown', time: 'unknown'
System info: host: 'ANIL110', ip: '192.168.25.228', os.name: 'Windows 7', os.arch: 'amd64', os.version: '6.1', java.version: '1.8.0_102'
Driver info: driver.version: RemoteWebDriver
Capabilities [{applicationCacheEnabled=true, rotatable=false, handlesAlerts=true, databaseEnabled=true, version=56.0, platform=WINDOWS, nativeEvents=false, acceptSslCerts=true, webStorageEnabled=true, locationContextEnabled=true, browserName=firefox, takesScreenshot=true, javascriptEnabled=true, cssSelectorsEnabled=true}]
Session ID: 2e41b161-2d65-4fbb-908d-18d0935c9e6e)

2017-11-14 12:45:30 - [MESSAGE][WARNING] - Cannot take screenshot

2017-11-14 12:45:30 - [MESSAGE][FAILED] - Unable to click on object 'Object Repository/Common/HomePage/HomePage_RunProgram_' (Root cause: org.openqa.selenium.remote.UnreachableBrowserException: Error communicating with the remote browser. It may have died.
Build info: version: 'unknown', revision: 'unknown', time: 'unknown'
System info: host: 'ANIL110', ip: '192.168.25.228', os.name: 'Windows 7', os.arch: 'amd64', os.version: '6.1', java.version: '1.8.0_102'
Driver info: driver.version: RemoteWebDriver
Capabilities [{applicationCacheEnabled=true, rotatable=false, handlesAlerts=true, databaseEnabled=true, version=56.0, platform=WINDOWS, nativeEvents=false, acceptSslCerts=true, webStorageEnabled=true, locationContextEnabled=true, browserName=firefox, takesScreenshot=true, javascriptEnabled=true, cssSelectorsEnabled=true}]
Session ID: 2e41b161-2d65-4fbb-908d-18d0935c9e6e)

2017-11-14 12:45:30 - [TEST_STEP][FAILED] - sendKeys: Unable to send keys 'erext4100s004' to object 'Object Repository/Common/HomePage/HomePage_Session_ID' (Root cause: org.openqa.selenium.remote.UnreachableBrowserException: Error communicating with the remote browser. It may have died.
Build info: version: 'unknown', revision: 'unknown', time: 'unknown'
System info: host: 'ANIL110', ip: '192.168.25.228', os.name: 'Windows 7', os.arch: 'amd64', os.version: '6.1', java.version: '1.8.0_102'
Driver info: driver.version: RemoteWebDriver
Capabilities [{applicationCacheEnabled=true, rotatable=false, handlesAlerts=true, databaseEnabled=true, version=56.0, platform=WINDOWS, nativeEvents=false, acceptSslCerts=true, webStorageEnabled=true, locationContextEnabled=true, browserName=firefox, takesScreenshot=true, javascriptEnabled=true, cssSelectorsEnabled=true}]
Session ID: 2e41b161-2d65-4fbb-908d-18d0935c9e6e)

2017-11-14 12:45:32 - [MESSAGE][WARNING] - Cannot take screenshot

2017-11-14 12:45:32 - [MESSAGE][FAILED] - Unable to send keys 'erext4100s004' to object 'Object Repository/Common/HomePage/HomePage_Session_ID' (Root cause: org.openqa.selenium.remote.UnreachableBrowserException: Error communicating with the remote browser. It may have died.
Build info: version: 'unknown', revision: 'unknown', time: 'unknown'
System info: host: 'ANIL110', ip: '192.168.25.228', os.name: 'Windows 7', os.arch: 'amd64', os.version: '6.1', java.version: '1.8.0_102'
Driver info: driver.version: RemoteWebDriver
Capabilities [{applicationCacheEnabled=true, rotatable=false, handlesAlerts=true, databaseEnabled=true, version=56.0, platform=WINDOWS, nativeEvents=false, acceptSslCerts=true, webStorageEnabled=true, locationContextEnabled=true, browserName=firefox, takesScreenshot=true, javascriptEnabled=true, cssSelectorsEnabled=true}]
Session ID: 2e41b161-2d65-4fbb-908d-18d0935c9e6e)

2017-11-14 12:45:32 - [TEST_STEP][FAILED] - click: Unable to click on object 'Object Repository/Common/HomePage/HomePage_OkButton' (Root cause: org.openqa.selenium.remote.UnreachableBrowserException: Error communicating with the remote browser. It may have died.
Build info: version: 'unknown', revision: 'unknown', time: 'unknown'
System info: host: 'ANIL110', ip: '192.168.25.228', os.name: 'Windows 7', os.arch: 'amd64', os.version: '6.1', java.version: '1.8.0_102'
Driver info: driver.version: RemoteWebDriver
Capabilities [{applicationCacheEnabled=true, rotatable=false, handlesAlerts=true, databaseEnabled=true, version=56.0, platform=WINDOWS, nativeEvents=false, acceptSslCerts=true, webStorageEnabled=true, locationContextEnabled=true, browserName=firefox, takesScreenshot=true, javascriptEnabled=true, cssSelectorsEnabled=true}]
Session ID: 2e41b161-2d65-4fbb-908d-18d0935c9e6e)

2017-11-14 12:45:34 - [MESSAGE][WARNING] - Cannot take screenshot

2017-11-14 12:45:34 - [MESSAGE][FAILED] - Unable to click on object 'Object Repository/Common/HomePage/HomePage_OkButton' (Root cause: org.openqa.selenium.remote.UnreachableBrowserException: Error communicating with the remote browser. It may have died.
Build info: version: 'unknown', revision: 'unknown', time: 'unknown'
System info: host: 'ANIL110', ip: '192.168.25.228', os.name: 'Windows 7', os.arch: 'amd64', os.version: '6.1', java.version: '1.8.0_102'
Driver info: driver.version: RemoteWebDriver
Capabilities [{applicationCacheEnabled=true, rotatable=false, handlesAlerts=true, databaseEnabled=true, version=56.0, platform=WINDOWS, nativeEvents=false, acceptSslCerts=true, webStorageEnabled=true, locationContextEnabled=true, browserName=firefox, takesScreenshot=true, javascriptEnabled=true, cssSelectorsEnabled=true}]
Session ID: 2e41b161-2d65-4fbb-908d-18d0935c9e6e)

2017-11-14 12:45:34 - [MESSAGE][FAILED] - Unable to call Test Case with id 'Test Cases/Common/Base_Common_OpenSession' (Root cause: Call Test Case 'Test Cases/Common/Base_Common_OpenSession' failed)

2017-11-14 12:45:34 - [TEST_STEP][FAILED] - click: Unable to click on object 'Object Repository/Rental/RentalHeader/RentalContract.Customer' (Root cause: org.openqa.selenium.remote.UnreachableBrowserException: Error communicating with the remote browser. It may have died.
Build info: version: 'unknown', revision: 'unknown', time: 'unknown'
System info: host: 'ANIL110', ip: '192.168.25.228', os.name: 'Windows 7', os.arch: 'amd64', os.version: '6.1', java.version: '1.8.0_102'
Driver info: driver.version: RemoteWebDriver
Capabilities [{applicationCacheEnabled=true, rotatable=false, handlesAlerts=true, databaseEnabled=true, version=56.0, platform=WINDOWS, nativeEvents=false, acceptSslCerts=true, webStorageEnabled=true, locationContextEnabled=true, browserName=firefox, takesScreenshot=true, javascriptEnabled=true, cssSelectorsEnabled=true}]
Session ID: 2e41b161-2d65-4fbb-908d-18d0935c9e6e)

2017-11-14 12:45:36 - [MESSAGE][WARNING] - Cannot take screenshot

2017-11-14 12:45:36 - [MESSAGE][FAILED] - Unable to click on object 'Object Repository/Rental/RentalHeader/RentalContract.Customer' (Root cause: org.openqa.selenium.remote.UnreachableBrowserException: Error communicating with the remote browser. It may have died.
Build info: version: 'unknown', revision: 'unknown', time: 'unknown'
System info: host: 'ANIL110', ip: '192.168.25.228', os.name: 'Windows 7', os.arch: 'amd64', os.version: '6.1', java.version: '1.8.0_102'
Driver info: driver.version: RemoteWebDriver
Capabilities [{applicationCacheEnabled=true, rotatable=false, handlesAlerts=true, databaseEnabled=true, version=56.0, platform=WINDOWS, nativeEvents=false, acceptSslCerts=true, webStorageEnabled=true, locationContextEnabled=true, browserName=firefox, takesScreenshot=true, javascriptEnabled=true, cssSelectorsEnabled=true}]
Session ID: 2e41b161-2d65-4fbb-908d-18d0935c9e6e)

2017-11-14 12:45:36 - [TEST_STEP][FAILED] - setText: Unable to set text '' of object 'Object Repository/Rental/RentalHeader/RentalContract.Customer' (Root cause: org.openqa.selenium.remote.UnreachableBrowserException: Error communicating with the remote browser. It may have died.
Build info: version: 'unknown', revision: 'unknown', time: 'unknown'
System info: host: 'ANIL110', ip: '192.168.25.228', os.name: 'Windows 7', os.arch: 'amd64', os.version: '6.1', java.version: '1.8.0_102'
Driver info: driver.version: RemoteWebDriver
Capabilities [{applicationCacheEnabled=true, rotatable=false, handlesAlerts=true, databaseEnabled=true, version=56.0, platform=WINDOWS, nativeEvents=false, acceptSslCerts=true, webStorageEnabled=true, locationContextEnabled=true, browserName=firefox, takesScreenshot=true, javascriptEnabled=true, cssSelectorsEnabled=true}]
Session ID: 2e41b161-2d65-4fbb-908d-18d0935c9e6e)

2017-11-14 12:45:38 - [MESSAGE][WARNING] - Cannot take screenshot

2017-11-14 12:45:38 - [MESSAGE][FAILED] - Unable to set text '' of object 'Object Repository/Rental/RentalHeader/RentalContract.Customer' (Root cause: org.openqa.selenium.remote.UnreachableBrowserException: Error communicating with the remote browser. It may have died.
Build info: version: 'unknown', revision: 'unknown', time: 'unknown'
System info: host: 'ANIL110', ip: '192.168.25.228', os.name: 'Windows 7', os.arch: 'amd64', os.version: '6.1', java.version: '1.8.0_102'
Driver info: driver.version: RemoteWebDriver
Capabilities [{applicationCacheEnabled=true, rotatable=false, handlesAlerts=true, databaseEnabled=true, version=56.0, platform=WINDOWS, nativeEvents=false, acceptSslCerts=true, webStorageEnabled=true, locationContextEnabled=true, browserName=firefox, takesScreenshot=true, javascriptEnabled=true, cssSelectorsEnabled=true}]
Session ID: 2e41b161-2d65-4fbb-908d-18d0935c9e6e)

2017-11-14 12:45:38 - [TEST_STEP][PASSED] - delay: Delayed 2 second(s)

2017-11-14 12:45:40 - [MESSAGE][PASSED] - Delayed 2 second(s)

2017-11-14 12:45:40 - [TEST_STEP][INCOMPLETE] - click: Finding web element with id: 'Object Repository/Rental/RentalHeader/RentalContract.CustPO' located by 'By.xpath: //*[@id = 'erext4100s004-0-erext400.corn-8-decorator']' in '30' second(s)]]></system-out>
         <system-err><![CDATA[2017-11-14 12:42:14 - [TEST_CASE][INCOMPLETE] - Test Cases/Rental/Base_RentalContract/CreditCardRegression/TC003_RentalContractInvoice_CC: null]]></system-err>
      </testcase>
      <system-out><![CDATA[2017-11-14 12:42:14 - [TEST_SUITE][INCOMPLETE] - CC_RentalInvoice: null]]></system-out>
      <system-err><![CDATA[2017-11-14 12:42:14 - [TEST_SUITE][INCOMPLETE] - CC_RentalInvoice: null]]></system-err>
   </testsuite>
</testsuites>
