{"devicePlatform":"","logFolder":"C:\\Users\\rgajbhiye\\Katalon Studio\\CreditCardSuite\\Reports\\CC_PartsTestSuite\\20171025_142547","runData":{"hostName":"rgajbhiye - EET-RG.e-emphasys.com","os":"Windows 7 64bit","katalonVersion":"4.8.0.2","browser":"Chrome 61.0.3163.100","hostAddress":"192.168.25.107","sessionId":"bd74567566c27596596a974ed203d634","seleniumVersion":"2.53.0","proxyInformation":"ProxyInformation{proxyOption\u003dNO_PROXY, proxyServerType\u003dHTTP, password\u003d, proxyServerAddress\u003d, proxyServerPort\u003d0}","platform":"Windows 7"},"type":"TEST_SUITE","name":"CC_PartsTestSuite","id":"Test Suites/CC_PartsTestSuite","source":"","description":"","startTime":1508921761589,"endTime":1508921892988,"childRecords":[{"isOptional":false,"type":"TEST_CASE","name":"Test Cases/Parts/CreditCardRegression/TC001_Parts_CreditCard - Iteration 1","id":"Test Cases/Parts/CreditCardRegression/TC001_Parts_CreditCard","source":"C:\\\\Users\\\\rgajbhiye\\\\Katalon Studio\\\\CreditCardSuiteTest Cases\\\\Parts\\\\CreditCardRegression\\\\TC001_Parts_CreditCard.tc","description":"","startTime":1508921770820,"endTime":1508921892988,"childRecords":[{"testStatus":{"stackTrace":"","statusValue":"INFO"},"type":"MESSAGE","name":"","message":"Evaluating variables for test case","startTime":1508921772229,"endTime":0,"childRecords":[],"interuppted":false},{"testStatus":{"stackTrace":"","statusValue":"INFO"},"type":"MESSAGE","name":"","message":"Variable \u0027BP\u0027 is set to M00000010","startTime":1508921772640,"endTime":0,"childRecords":[],"interuppted":false},{"testStatus":{"stackTrace":"","statusValue":"INFO"},"type":"MESSAGE","name":"","message":"Variable \u0027PartName\u0027 is set to KP3","startTime":1508921772673,"endTime":0,"childRecords":[],"interuppted":false},{"testStatus":{"stackTrace":"","statusValue":"INFO"},"type":"MESSAGE","name":"","message":"Variable \u0027Qty\u0027 is set to 2","startTime":1508921772675,"endTime":0,"childRecords":[],"interuppted":false},{"testStatus":{"stackTrace":"","statusValue":"INFO"},"type":"MESSAGE","name":"","message":"Variable \u0027GateWay\u0027 is set to PUBL","startTime":1508921772676,"endTime":0,"childRecords":[],"interuppted":false},{"testStatus":{"stackTrace":"","statusValue":"INFO"},"type":"MESSAGE","name":"","message":"Variable \u0027CardType\u0027 is set to Visa Card","startTime":1508921772676,"endTime":0,"childRecords":[],"interuppted":false},{"testStatus":{"stackTrace":"","statusValue":"INFO"},"type":"MESSAGE","name":"","message":"Variable \u0027CardNumber\u0027 is set to 4012000033330020","startTime":1508921772677,"endTime":0,"childRecords":[],"interuppted":false},{"index":1,"isIgnoredIfFailed":false,"type":"TEST_STEP","name":"callTestCase","message":"Unable to call Test Case with id \u0027Test Cases/Parts/BaseTestCases/Base_Part_CreateHeader_WithCC\u0027 (Root cause: Call Test Case \u0027Test Cases/Parts/BaseTestCases/Base_Part_CreateHeader_WithCC\u0027 failed)","description":"","startTime":1508921774328,"endTime":1508921871802,"childRecords":[{"isOptional":false,"type":"TEST_CASE","name":"Test Cases/Parts/BaseTestCases/Base_Part_CreateHeader_WithCC","id":"Test Cases/Parts/BaseTestCases/Base_Part_CreateHeader_WithCC","source":"C:\\\\Users\\\\rgajbhiye\\\\Katalon Studio\\\\CreditCardSuiteTest Cases\\\\Parts\\\\BaseTestCases\\\\Base_Part_CreateHeader_WithCC.tc","message":"Test Cases/Parts/BaseTestCases/Base_Part_CreateHeader_WithCC FAILED because (of) Unable to click on object \u0027Object Repository/Parts/PartsSalesOrder/PartsSaleOrderHeader/PartSaleOrder_OtherDetailsTab\u0027 (Root cause: org.openqa.selenium.WebDriverException: unknown error: Element \u003cdiv tabindex\u003d\"-1\" class\u003d\"Tab\" aria-selected\u003d\"false\" id\u003d\"tdtre4101m002-1-pages-bar-page-2\"\u003e...\u003c/div\u003e is not clickable at point (114, 111). Other element would receive the click: \u003cdiv class\u003d\"WindowManagerGlass\" style\u003d\"z-index: 1;\"\u003e\u003c/div\u003e\n  (Session info: chrome\u003d61.0.3163.100)\n  (Driver info: chromedriver\u003d2.31.488763 (092de99f48a300323ecf8c2a4e2e7cab51de5ba8),platform\u003dWindows NT 6.1.7601 SP1 x86_64) (WARNING: The server did not provide any stacktrace information)\nCommand duration or timeout: 59 milliseconds\nBuild info: version: \u00272.53.0\u0027, revision: \u002735ae25b\u0027, time: \u00272016-03-15 17:00:58\u0027\nSystem info: host: \u0027EET-RG\u0027, ip: \u0027192.168.25.107\u0027, os.name: \u0027Windows 7\u0027, os.arch: \u0027amd64\u0027, os.version: \u00276.1\u0027, java.version: \u00271.8.0_102\u0027\nDriver info: com.kms.katalon.selenium.driver.CChromeDriver\nCapabilities [{applicationCacheEnabled\u003dfalse, rotatable\u003dfalse, mobileEmulationEnabled\u003dfalse, networkConnectionEnabled\u003dfalse, chrome\u003d{chromedriverVersion\u003d2.31.488763 (092de99f48a300323ecf8c2a4e2e7cab51de5ba8), userDataDir\u003dC:\\Users\\RGAJBH~1\\AppData\\Local\\Temp\\scoped_dir6504_31216}, takesHeapSnapshot\u003dtrue, pageLoadStrategy\u003dnormal, databaseEnabled\u003dfalse, handlesAlerts\u003dtrue, hasTouchScreen\u003dfalse, version\u003d61.0.3163.100, platform\u003dXP, browserConnectionEnabled\u003dfalse, nativeEvents\u003dtrue, acceptSslCerts\u003dtrue, locationContextEnabled\u003dtrue, webStorageEnabled\u003dtrue, browserName\u003dchrome, takesScreenshot\u003dtrue, javascriptEnabled\u003dtrue, cssSelectorsEnabled\u003dtrue, setWindowRect\u003dtrue, unexpectedAlertBehaviour\u003d}]\nSession ID: bd74567566c27596596a974ed203d634)","description":"Create Part Sales Order Header\\n\\nInput: Business Partner (BP)\\nOutput: Part Sales Order (G_ PSO)\\n\\nSteps:\\n1. open Browser\\n2. Open PSO session\\n3. Add BP\\n4. Save\\n5. Get Sale Order Number and save to G_PSO\\n","startTime":1508921774481,"endTime":1508921871801,"childRecords":[{"testStatus":{"stackTrace":"","statusValue":"INFO"},"type":"MESSAGE","name":"","message":"Evaluating variables for test case","startTime":1508921775957,"endTime":0,"childRecords":[],"interuppted":false},{"testStatus":{"stackTrace":"","statusValue":"INFO"},"type":"MESSAGE","name":"","message":"Variable \u0027BP\u0027 is set to M00000010","startTime":1508921775958,"endTime":0,"childRecords":[],"interuppted":false},{"index":1,"isIgnoredIfFailed":false,"type":"TEST_STEP","name":"callTestCase","message":"Call Test Case \u0027Test Cases/Common/Base_Common_OpenSession\u0027 successfully","description":"","startTime":1508921776318,"endTime":1508921812208,"childRecords":[{"isOptional":false,"type":"TEST_CASE","name":"Test Cases/Common/Base_Common_OpenSession","id":"Test Cases/Common/Base_Common_OpenSession","source":"C:\\\\Users\\\\rgajbhiye\\\\Katalon Studio\\\\CreditCardSuiteTest Cases\\\\Common\\\\Base_Common_OpenSession.tc","message":"Test Cases/Common/Base_Common_OpenSession","description":"This test case is used to open session\\nInput: sessionID\\n\\nSteps:\\n1. Open browser\\n2. Open url\\n3. Click on More \u003e options\u003e runprogram\\n4. Enter \u0027session id\u0027\\n5. Click on OK","startTime":1508921777461,"endTime":1508921812173,"childRecords":[{"testStatus":{"stackTrace":"","statusValue":"INFO"},"type":"MESSAGE","name":"","message":"Evaluating variables for test case","startTime":1508921777493,"endTime":0,"childRecords":[],"interuppted":false},{"testStatus":{"stackTrace":"","statusValue":"INFO"},"type":"MESSAGE","name":"","message":"Variable \u0027SessionID\u0027 is set to tdsls4500m002","startTime":1508921777494,"endTime":0,"childRecords":[],"interuppted":false},{"index":1,"isIgnoredIfFailed":false,"type":"TEST_STEP","name":"openBrowser","message":"Browser is opened with url: \u0027https://rgajbhiye:Robin$123@proxima-ln4.e-emphasys.com:8441/webui/servlet/login\u0027","description":"","startTime":1508921777746,"endTime":1508921807735,"childRecords":[{"testStatus":{"stackTrace":"","statusValue":"PASSED"},"type":"MESSAGE","name":"","message":"Browser is opened with url: \u0027https://rgajbhiye:Robin$123@proxima-ln4.e-emphasys.com:8441/webui/servlet/login\u0027","startTime":1508921807734,"endTime":0,"childRecords":[],"interuppted":false}],"interuppted":false},{"index":2,"isIgnoredIfFailed":false,"type":"TEST_STEP","name":"waitForPageLoad","message":"Wait for page load successfully","description":"","startTime":1508921807736,"endTime":1508921807952,"childRecords":[{"testStatus":{"stackTrace":"","statusValue":"PASSED"},"type":"MESSAGE","name":"","message":"Wait for page load successfully","startTime":1508921807951,"endTime":0,"childRecords":[],"interuppted":false}],"interuppted":false},{"index":3,"isIgnoredIfFailed":false,"type":"TEST_STEP","name":"maximizeWindow","message":"Current window maximized","description":"","startTime":1508921807953,"endTime":1508921809089,"childRecords":[{"testStatus":{"stackTrace":"","statusValue":"PASSED"},"type":"MESSAGE","name":"","message":"Current window maximized","startTime":1508921809088,"endTime":0,"childRecords":[],"interuppted":false}],"interuppted":false},{"index":4,"isIgnoredIfFailed":false,"type":"TEST_STEP","name":"click","message":"Object: \u0027Object Repository/Common/HomePage/HomePage_more\u0027 is clicked on","description":"","startTime":1508921809090,"endTime":1508921810826,"childRecords":[{"testStatus":{"stackTrace":"","statusValue":"PASSED"},"type":"MESSAGE","name":"","message":"Object: \u0027Object Repository/Common/HomePage/HomePage_more\u0027 is clicked on","startTime":1508921810825,"endTime":0,"childRecords":[],"interuppted":false}],"interuppted":false},{"index":5,"isIgnoredIfFailed":false,"type":"TEST_STEP","name":"click","message":"Object: \u0027Object Repository/Common/HomePage/HomePage_Option\u0027 is clicked on","description":"","startTime":1508921810827,"endTime":1508921811035,"childRecords":[{"testStatus":{"stackTrace":"","statusValue":"PASSED"},"type":"MESSAGE","name":"","message":"Object: \u0027Object Repository/Common/HomePage/HomePage_Option\u0027 is clicked on","startTime":1508921811034,"endTime":0,"childRecords":[],"interuppted":false}],"interuppted":false},{"index":6,"isIgnoredIfFailed":false,"type":"TEST_STEP","name":"click","message":"Object: \u0027Object Repository/Common/HomePage/HomePage_RunProgram_\u0027 is clicked on","description":"","startTime":1508921811036,"endTime":1508921811306,"childRecords":[{"testStatus":{"stackTrace":"","statusValue":"PASSED"},"type":"MESSAGE","name":"","message":"Object: \u0027Object Repository/Common/HomePage/HomePage_RunProgram_\u0027 is clicked on","startTime":1508921811305,"endTime":0,"childRecords":[],"interuppted":false}],"interuppted":false},{"index":7,"isIgnoredIfFailed":false,"type":"TEST_STEP","name":"sendKeys","message":"Keys \u0027tdsls4500m002\u0027 sent to object: \u0027Object Repository/Common/HomePage/HomePage_Session_ID\u0027","description":"","startTime":1508921811307,"endTime":1508921811913,"childRecords":[{"testStatus":{"stackTrace":"","statusValue":"PASSED"},"type":"MESSAGE","name":"","message":"Keys \u0027tdsls4500m002\u0027 sent to object: \u0027Object Repository/Common/HomePage/HomePage_Session_ID\u0027","startTime":1508921811913,"endTime":0,"childRecords":[],"interuppted":false}],"interuppted":false},{"index":8,"isIgnoredIfFailed":false,"type":"TEST_STEP","name":"click","message":"Object: \u0027Object Repository/Common/HomePage/HomePage_OkButton\u0027 is clicked on","description":"","startTime":1508921811914,"endTime":1508921812172,"childRecords":[{"testStatus":{"stackTrace":"","statusValue":"PASSED"},"type":"MESSAGE","name":"","message":"Object: \u0027Object Repository/Common/HomePage/HomePage_OkButton\u0027 is clicked on","startTime":1508921812172,"endTime":0,"childRecords":[],"interuppted":false}],"interuppted":false},{"testStatus":{"stackTrace":"","statusValue":"PASSED"},"type":"MESSAGE","name":"","message":"Test Cases/Common/Base_Common_OpenSession","startTime":1508921812173,"endTime":0,"childRecords":[],"interuppted":false}],"interuppted":false},{"testStatus":{"stackTrace":"","statusValue":"PASSED"},"type":"MESSAGE","name":"","message":"Call Test Case \u0027Test Cases/Common/Base_Common_OpenSession\u0027 successfully","startTime":1508921812207,"endTime":0,"childRecords":[],"interuppted":false}],"interuppted":false},{"index":2,"isIgnoredIfFailed":false,"type":"TEST_STEP","name":"click","message":"Object: \u0027Object Repository/Parts/PartsSalesOrder/PartsSaleOrderHeader/PartSaleOrder_NewButton\u0027 is clicked on","description":"","startTime":1508921812209,"endTime":1508921813742,"childRecords":[{"testStatus":{"stackTrace":"","statusValue":"PASSED"},"type":"MESSAGE","name":"","message":"Object: \u0027Object Repository/Parts/PartsSalesOrder/PartsSaleOrderHeader/PartSaleOrder_NewButton\u0027 is clicked on","startTime":1508921813741,"endTime":0,"childRecords":[],"interuppted":false}],"interuppted":false},{"index":3,"isIgnoredIfFailed":false,"type":"TEST_STEP","name":"waitForElementPresent","message":"Object \u0027Object Repository/Parts/PartsSalesOrder/PartsSaleOrderHeader/Partsalesorder_customer\u0027 is present","description":"","startTime":1508921813743,"endTime":1508921815405,"childRecords":[{"testStatus":{"stackTrace":"","statusValue":"PASSED"},"type":"MESSAGE","name":"","message":"Object \u0027Object Repository/Parts/PartsSalesOrder/PartsSaleOrderHeader/Partsalesorder_customer\u0027 is present","startTime":1508921815404,"endTime":0,"childRecords":[],"interuppted":false}],"interuppted":false},{"index":4,"isIgnoredIfFailed":false,"type":"TEST_STEP","name":"setText","message":"Text \u0027M00000010\u0027 is set on object \u0027Object Repository/Parts/PartsSalesOrder/PartsSaleOrderHeader/Partsalesorder_customer\u0027","description":"","startTime":1508921815405,"endTime":1508921816103,"childRecords":[{"testStatus":{"stackTrace":"","statusValue":"PASSED"},"type":"MESSAGE","name":"","message":"Text \u0027M00000010\u0027 is set on object \u0027Object Repository/Parts/PartsSalesOrder/PartsSaleOrderHeader/Partsalesorder_customer\u0027","startTime":1508921816102,"endTime":0,"childRecords":[],"interuppted":false}],"interuppted":false},{"index":5,"isIgnoredIfFailed":false,"type":"TEST_STEP","name":"sendKeys","message":"Keys \u0027??\u0027 sent to object: \u0027Object Repository/Parts/PartsSalesOrder/PartsSaleOrderHeader/Partsalesorder_customer\u0027","description":"","startTime":1508921816104,"endTime":1508921816201,"childRecords":[{"testStatus":{"stackTrace":"","statusValue":"PASSED"},"type":"MESSAGE","name":"","message":"Keys \u0027??\u0027 sent to object: \u0027Object Repository/Parts/PartsSalesOrder/PartsSaleOrderHeader/Partsalesorder_customer\u0027","startTime":1508921816201,"endTime":0,"childRecords":[],"interuppted":false}],"interuppted":false},{"index":6,"isIgnoredIfFailed":false,"type":"TEST_STEP","name":"click","message":"Object: \u0027Object Repository/Parts/PartsSalesOrder/PartsSaleOrderHeader/PartSalesorder_Save\u0027 is clicked on","description":"","startTime":1508921816202,"endTime":1508921816507,"childRecords":[{"testStatus":{"stackTrace":"","statusValue":"PASSED"},"type":"MESSAGE","name":"","message":"Object: \u0027Object Repository/Parts/PartsSalesOrder/PartsSaleOrderHeader/PartSalesorder_Save\u0027 is clicked on","startTime":1508921816504,"endTime":0,"childRecords":[],"interuppted":false}],"interuppted":false},{"index":7,"isIgnoredIfFailed":false,"type":"TEST_STEP","name":"dragAndDropByOffset","message":"Dragged object with id \u0027Object Repository/Parts/PartsSalesOrder/PartsSaleOrderHeader/PartSalesOrder_scroller\u0027 by offset distance x \u003d 0 and y \u003d -100 successfully","description":"","startTime":1508921816508,"endTime":1508921829843,"childRecords":[{"testStatus":{"stackTrace":"","statusValue":"PASSED"},"type":"MESSAGE","name":"","message":"Dragged object with id \u0027Object Repository/Parts/PartsSalesOrder/PartsSaleOrderHeader/PartSalesOrder_scroller\u0027 by offset distance x \u003d 0 and y \u003d -100 successfully","startTime":1508921829842,"endTime":0,"childRecords":[],"interuppted":false}],"interuppted":false},{"index":8,"isIgnoredIfFailed":false,"type":"TEST_STEP","name":"delay","message":"Delayed 5 second(s)","description":"","startTime":1508921829843,"endTime":1508921834854,"childRecords":[{"testStatus":{"stackTrace":"","statusValue":"PASSED"},"type":"MESSAGE","name":"","message":"Delayed 5 second(s)","startTime":1508921834853,"endTime":0,"childRecords":[],"interuppted":false}],"interuppted":false},{"index":9,"isIgnoredIfFailed":false,"type":"TEST_STEP","name":"Statement - G_Part_PSO \u003d com.kms.katalon.core.webui.keyword.WebUiBuiltInKeywords.getAttribute(com.kms.katalon.core.testobject.ObjectRepository.findTestObject(Parts/PartsSalesOrder/PartsSaleOrderHeader/PartSalesOrder_OrderNo), \"value\")","message":"Attribute \u0027value\u0027 of object \u0027Object Repository/Parts/PartsSalesOrder/PartsSaleOrderHeader/PartSalesOrder_OrderNo\u0027 is: \u0027\u0027","description":"","startTime":1508921834855,"endTime":1508921834959,"childRecords":[{"testStatus":{"stackTrace":"","statusValue":"PASSED"},"type":"MESSAGE","name":"","message":"Attribute \u0027value\u0027 of object \u0027Object Repository/Parts/PartsSalesOrder/PartsSaleOrderHeader/PartSalesOrder_OrderNo\u0027 is: \u0027\u0027","startTime":1508921834953,"endTime":0,"childRecords":[],"interuppted":false}],"interuppted":false},{"index":10,"isIgnoredIfFailed":false,"type":"TEST_STEP","name":"Statement - println(\"sale order number\" + G_Part_PSO)","description":"","startTime":1508921834960,"endTime":1508921834994,"childRecords":[],"interuppted":false},{"attachment":"1508921835129.png","index":11,"isIgnoredIfFailed":false,"type":"TEST_STEP","name":"click","message":"Unable to click on object \u0027Object Repository/Parts/PartsSalesOrder/PartsSaleOrderHeader/PartSaleOrder_OtherDetailsTab\u0027 (Root cause: org.openqa.selenium.WebDriverException: unknown error: Element \u003cdiv tabindex\u003d\"-1\" class\u003d\"Tab\" aria-selected\u003d\"false\" id\u003d\"tdtre4101m002-1-pages-bar-page-2\"\u003e...\u003c/div\u003e is not clickable at point (114, 111). Other element would receive the click: \u003cdiv class\u003d\"WindowManagerGlass\" style\u003d\"z-index: 1;\"\u003e\u003c/div\u003e\n  (Session info: chrome\u003d61.0.3163.100)\n  (Driver info: chromedriver\u003d2.31.488763 (092de99f48a300323ecf8c2a4e2e7cab51de5ba8),platform\u003dWindows NT 6.1.7601 SP1 x86_64) (WARNING: The server did not provide any stacktrace information)\nCommand duration or timeout: 59 milliseconds\nBuild info: version: \u00272.53.0\u0027, revision: \u002735ae25b\u0027, time: \u00272016-03-15 17:00:58\u0027\nSystem info: host: \u0027EET-RG\u0027, ip: \u0027192.168.25.107\u0027, os.name: \u0027Windows 7\u0027, os.arch: \u0027amd64\u0027, os.version: \u00276.1\u0027, java.version: \u00271.8.0_102\u0027\nDriver info: com.kms.katalon.selenium.driver.CChromeDriver\nCapabilities [{applicationCacheEnabled\u003dfalse, rotatable\u003dfalse, mobileEmulationEnabled\u003dfalse, networkConnectionEnabled\u003dfalse, chrome\u003d{chromedriverVersion\u003d2.31.488763 (092de99f48a300323ecf8c2a4e2e7cab51de5ba8), userDataDir\u003dC:\\Users\\RGAJBH~1\\AppData\\Local\\Temp\\scoped_dir6504_31216}, takesHeapSnapshot\u003dtrue, pageLoadStrategy\u003dnormal, databaseEnabled\u003dfalse, handlesAlerts\u003dtrue, hasTouchScreen\u003dfalse, version\u003d61.0.3163.100, platform\u003dXP, browserConnectionEnabled\u003dfalse, nativeEvents\u003dtrue, acceptSslCerts\u003dtrue, locationContextEnabled\u003dtrue, webStorageEnabled\u003dtrue, browserName\u003dchrome, takesScreenshot\u003dtrue, javascriptEnabled\u003dtrue, cssSelectorsEnabled\u003dtrue, setWindowRect\u003dtrue, unexpectedAlertBehaviour\u003d}]\nSession ID: bd74567566c27596596a974ed203d634)","description":"","startTime":1508921834995,"endTime":1508921836615,"childRecords":[{"testStatus":{"stackTrace":"","statusValue":"FAILED"},"attachment":"1508921835129.png","type":"MESSAGE","name":"","message":"Unable to click on object \u0027Object Repository/Parts/PartsSalesOrder/PartsSaleOrderHeader/PartSaleOrder_OtherDetailsTab\u0027 (Root cause: org.openqa.selenium.WebDriverException: unknown error: Element \u003cdiv tabindex\u003d\"-1\" class\u003d\"Tab\" aria-selected\u003d\"false\" id\u003d\"tdtre4101m002-1-pages-bar-page-2\"\u003e...\u003c/div\u003e is not clickable at point (114, 111). Other element would receive the click: \u003cdiv class\u003d\"WindowManagerGlass\" style\u003d\"z-index: 1;\"\u003e\u003c/div\u003e\n  (Session info: chrome\u003d61.0.3163.100)\n  (Driver info: chromedriver\u003d2.31.488763 (092de99f48a300323ecf8c2a4e2e7cab51de5ba8),platform\u003dWindows NT 6.1.7601 SP1 x86_64) (WARNING: The server did not provide any stacktrace information)\nCommand duration or timeout: 59 milliseconds\nBuild info: version: \u00272.53.0\u0027, revision: \u002735ae25b\u0027, time: \u00272016-03-15 17:00:58\u0027\nSystem info: host: \u0027EET-RG\u0027, ip: \u0027192.168.25.107\u0027, os.name: \u0027Windows 7\u0027, os.arch: \u0027amd64\u0027, os.version: \u00276.1\u0027, java.version: \u00271.8.0_102\u0027\nDriver info: com.kms.katalon.selenium.driver.CChromeDriver\nCapabilities [{applicationCacheEnabled\u003dfalse, rotatable\u003dfalse, mobileEmulationEnabled\u003dfalse, networkConnectionEnabled\u003dfalse, chrome\u003d{chromedriverVersion\u003d2.31.488763 (092de99f48a300323ecf8c2a4e2e7cab51de5ba8), userDataDir\u003dC:\\Users\\RGAJBH~1\\AppData\\Local\\Temp\\scoped_dir6504_31216}, takesHeapSnapshot\u003dtrue, pageLoadStrategy\u003dnormal, databaseEnabled\u003dfalse, handlesAlerts\u003dtrue, hasTouchScreen\u003dfalse, version\u003d61.0.3163.100, platform\u003dXP, browserConnectionEnabled\u003dfalse, nativeEvents\u003dtrue, acceptSslCerts\u003dtrue, locationContextEnabled\u003dtrue, webStorageEnabled\u003dtrue, browserName\u003dchrome, takesScreenshot\u003dtrue, javascriptEnabled\u003dtrue, cssSelectorsEnabled\u003dtrue, setWindowRect\u003dtrue, unexpectedAlertBehaviour\u003d}]\nSession ID: bd74567566c27596596a974ed203d634)","startTime":1508921836614,"endTime":0,"childRecords":[],"interuppted":false}],"interuppted":false},{"index":12,"isIgnoredIfFailed":false,"type":"TEST_STEP","name":"delay","message":"Delayed 2 second(s)","description":"","startTime":1508921836615,"endTime":1508921838617,"childRecords":[{"testStatus":{"stackTrace":"","statusValue":"PASSED"},"type":"MESSAGE","name":"","message":"Delayed 2 second(s)","startTime":1508921838616,"endTime":0,"childRecords":[],"interuppted":false}],"interuppted":false},{"attachment":"1508921838765.png","index":13,"isIgnoredIfFailed":false,"type":"TEST_STEP","name":"click","message":"Unable to click on object \u0027Object Repository/Parts/PartsSalesOrder/PartsSaleOrderHeader/PartSalesOrder_ModeOfPayment\u0027 (Root cause: org.openqa.selenium.ElementNotVisibleException: element not visible\n  (Session info: chrome\u003d61.0.3163.100)\n  (Driver info: chromedriver\u003d2.31.488763 (092de99f48a300323ecf8c2a4e2e7cab51de5ba8),platform\u003dWindows NT 6.1.7601 SP1 x86_64) (WARNING: The server did not provide any stacktrace information)\nCommand duration or timeout: 28 milliseconds\nBuild info: version: \u00272.53.0\u0027, revision: \u002735ae25b\u0027, time: \u00272016-03-15 17:00:58\u0027\nSystem info: host: \u0027EET-RG\u0027, ip: \u0027192.168.25.107\u0027, os.name: \u0027Windows 7\u0027, os.arch: \u0027amd64\u0027, os.version: \u00276.1\u0027, java.version: \u00271.8.0_102\u0027\nDriver info: com.kms.katalon.selenium.driver.CChromeDriver\nCapabilities [{applicationCacheEnabled\u003dfalse, rotatable\u003dfalse, mobileEmulationEnabled\u003dfalse, networkConnectionEnabled\u003dfalse, chrome\u003d{chromedriverVersion\u003d2.31.488763 (092de99f48a300323ecf8c2a4e2e7cab51de5ba8), userDataDir\u003dC:\\Users\\RGAJBH~1\\AppData\\Local\\Temp\\scoped_dir6504_31216}, takesHeapSnapshot\u003dtrue, pageLoadStrategy\u003dnormal, databaseEnabled\u003dfalse, handlesAlerts\u003dtrue, hasTouchScreen\u003dfalse, version\u003d61.0.3163.100, platform\u003dXP, browserConnectionEnabled\u003dfalse, nativeEvents\u003dtrue, acceptSslCerts\u003dtrue, locationContextEnabled\u003dtrue, webStorageEnabled\u003dtrue, browserName\u003dchrome, takesScreenshot\u003dtrue, javascriptEnabled\u003dtrue, cssSelectorsEnabled\u003dtrue, setWindowRect\u003dtrue, unexpectedAlertBehaviour\u003d}]\nSession ID: bd74567566c27596596a974ed203d634)","description":"","startTime":1508921838617,"endTime":1508921839424,"childRecords":[{"testStatus":{"stackTrace":"","statusValue":"FAILED"},"attachment":"1508921838765.png","type":"MESSAGE","name":"","message":"Unable to click on object \u0027Object Repository/Parts/PartsSalesOrder/PartsSaleOrderHeader/PartSalesOrder_ModeOfPayment\u0027 (Root cause: org.openqa.selenium.ElementNotVisibleException: element not visible\n  (Session info: chrome\u003d61.0.3163.100)\n  (Driver info: chromedriver\u003d2.31.488763 (092de99f48a300323ecf8c2a4e2e7cab51de5ba8),platform\u003dWindows NT 6.1.7601 SP1 x86_64) (WARNING: The server did not provide any stacktrace information)\nCommand duration or timeout: 28 milliseconds\nBuild info: version: \u00272.53.0\u0027, revision: \u002735ae25b\u0027, time: \u00272016-03-15 17:00:58\u0027\nSystem info: host: \u0027EET-RG\u0027, ip: \u0027192.168.25.107\u0027, os.name: \u0027Windows 7\u0027, os.arch: \u0027amd64\u0027, os.version: \u00276.1\u0027, java.version: \u00271.8.0_102\u0027\nDriver info: com.kms.katalon.selenium.driver.CChromeDriver\nCapabilities [{applicationCacheEnabled\u003dfalse, rotatable\u003dfalse, mobileEmulationEnabled\u003dfalse, networkConnectionEnabled\u003dfalse, chrome\u003d{chromedriverVersion\u003d2.31.488763 (092de99f48a300323ecf8c2a4e2e7cab51de5ba8), userDataDir\u003dC:\\Users\\RGAJBH~1\\AppData\\Local\\Temp\\scoped_dir6504_31216}, takesHeapSnapshot\u003dtrue, pageLoadStrategy\u003dnormal, databaseEnabled\u003dfalse, handlesAlerts\u003dtrue, hasTouchScreen\u003dfalse, version\u003d61.0.3163.100, platform\u003dXP, browserConnectionEnabled\u003dfalse, nativeEvents\u003dtrue, acceptSslCerts\u003dtrue, locationContextEnabled\u003dtrue, webStorageEnabled\u003dtrue, browserName\u003dchrome, takesScreenshot\u003dtrue, javascriptEnabled\u003dtrue, cssSelectorsEnabled\u003dtrue, setWindowRect\u003dtrue, unexpectedAlertBehaviour\u003d}]\nSession ID: bd74567566c27596596a974ed203d634)","startTime":1508921839423,"endTime":0,"childRecords":[],"interuppted":false}],"interuppted":false},{"attachment":"1508921870915.png","index":14,"isIgnoredIfFailed":false,"type":"TEST_STEP","name":"click","message":"Unable to click on object \u0027Object Repository/Parts/PartsSalesOrder/PartsSaleOrderHeader/PartSalesOrder_CreditCardOption\u0027 (Root cause: com.kms.katalon.core.webui.exception.WebElementNotFoundException: Web element with id: \u0027Object Repository/Parts/PartsSalesOrder/PartsSaleOrderHeader/PartSalesOrder_CreditCardOption\u0027 located by \u0027By.xpath: //*[@id \u003d \u0027item_1-label\u0027]\u0027 not found)","description":"","startTime":1508921839425,"endTime":1508921871333,"childRecords":[{"testStatus":{"stackTrace":"","statusValue":"FAILED"},"attachment":"1508921870915.png","type":"MESSAGE","name":"","message":"Unable to click on object \u0027Object Repository/Parts/PartsSalesOrder/PartsSaleOrderHeader/PartSalesOrder_CreditCardOption\u0027 (Root cause: com.kms.katalon.core.webui.exception.WebElementNotFoundException: Web element with id: \u0027Object Repository/Parts/PartsSalesOrder/PartsSaleOrderHeader/PartSalesOrder_CreditCardOption\u0027 located by \u0027By.xpath: //*[@id \u003d \u0027item_1-label\u0027]\u0027 not found)","startTime":1508921871332,"endTime":0,"childRecords":[],"interuppted":false}],"interuppted":false},{"attachment":"1508921871475.png","index":15,"isIgnoredIfFailed":false,"type":"TEST_STEP","name":"click","message":"Unable to click on object \u0027Object Repository/Parts/PartsSalesOrder/PartsSaleOrderHeader/PartSalesorder_Save\u0027 (Root cause: org.openqa.selenium.WebDriverException: unknown error: Element \u003cdiv tabindex\u003d\"0\" class\u003d\"Button\" id\u003d\"tdtre4101m002-1-button-std-file.save\" draggable\u003d\"true\"\u003e...\u003c/div\u003e is not clickable at point (51, 79). Other element would receive the click: \u003cdiv class\u003d\"WindowManagerGlass\" style\u003d\"z-index: 1;\"\u003e\u003c/div\u003e\n  (Session info: chrome\u003d61.0.3163.100)\n  (Driver info: chromedriver\u003d2.31.488763 (092de99f48a300323ecf8c2a4e2e7cab51de5ba8),platform\u003dWindows NT 6.1.7601 SP1 x86_64) (WARNING: The server did not provide any stacktrace information)\nCommand duration or timeout: 78 milliseconds\nBuild info: version: \u00272.53.0\u0027, revision: \u002735ae25b\u0027, time: \u00272016-03-15 17:00:58\u0027\nSystem info: host: \u0027EET-RG\u0027, ip: \u0027192.168.25.107\u0027, os.name: \u0027Windows 7\u0027, os.arch: \u0027amd64\u0027, os.version: \u00276.1\u0027, java.version: \u00271.8.0_102\u0027\nDriver info: com.kms.katalon.selenium.driver.CChromeDriver\nCapabilities [{applicationCacheEnabled\u003dfalse, rotatable\u003dfalse, mobileEmulationEnabled\u003dfalse, networkConnectionEnabled\u003dfalse, chrome\u003d{chromedriverVersion\u003d2.31.488763 (092de99f48a300323ecf8c2a4e2e7cab51de5ba8), userDataDir\u003dC:\\Users\\RGAJBH~1\\AppData\\Local\\Temp\\scoped_dir6504_31216}, takesHeapSnapshot\u003dtrue, pageLoadStrategy\u003dnormal, databaseEnabled\u003dfalse, handlesAlerts\u003dtrue, hasTouchScreen\u003dfalse, version\u003d61.0.3163.100, platform\u003dXP, browserConnectionEnabled\u003dfalse, nativeEvents\u003dtrue, acceptSslCerts\u003dtrue, locationContextEnabled\u003dtrue, webStorageEnabled\u003dtrue, browserName\u003dchrome, takesScreenshot\u003dtrue, javascriptEnabled\u003dtrue, cssSelectorsEnabled\u003dtrue, setWindowRect\u003dtrue, unexpectedAlertBehaviour\u003d}]\nSession ID: bd74567566c27596596a974ed203d634)","description":"","startTime":1508921871333,"endTime":1508921871797,"childRecords":[{"testStatus":{"stackTrace":"","statusValue":"FAILED"},"attachment":"1508921871475.png","type":"MESSAGE","name":"","message":"Unable to click on object \u0027Object Repository/Parts/PartsSalesOrder/PartsSaleOrderHeader/PartSalesorder_Save\u0027 (Root cause: org.openqa.selenium.WebDriverException: unknown error: Element \u003cdiv tabindex\u003d\"0\" class\u003d\"Button\" id\u003d\"tdtre4101m002-1-button-std-file.save\" draggable\u003d\"true\"\u003e...\u003c/div\u003e is not clickable at point (51, 79). Other element would receive the click: \u003cdiv class\u003d\"WindowManagerGlass\" style\u003d\"z-index: 1;\"\u003e\u003c/div\u003e\n  (Session info: chrome\u003d61.0.3163.100)\n  (Driver info: chromedriver\u003d2.31.488763 (092de99f48a300323ecf8c2a4e2e7cab51de5ba8),platform\u003dWindows NT 6.1.7601 SP1 x86_64) (WARNING: The server did not provide any stacktrace information)\nCommand duration or timeout: 78 milliseconds\nBuild info: version: \u00272.53.0\u0027, revision: \u002735ae25b\u0027, time: \u00272016-03-15 17:00:58\u0027\nSystem info: host: \u0027EET-RG\u0027, ip: \u0027192.168.25.107\u0027, os.name: \u0027Windows 7\u0027, os.arch: \u0027amd64\u0027, os.version: \u00276.1\u0027, java.version: \u00271.8.0_102\u0027\nDriver info: com.kms.katalon.selenium.driver.CChromeDriver\nCapabilities [{applicationCacheEnabled\u003dfalse, rotatable\u003dfalse, mobileEmulationEnabled\u003dfalse, networkConnectionEnabled\u003dfalse, chrome\u003d{chromedriverVersion\u003d2.31.488763 (092de99f48a300323ecf8c2a4e2e7cab51de5ba8), userDataDir\u003dC:\\Users\\RGAJBH~1\\AppData\\Local\\Temp\\scoped_dir6504_31216}, takesHeapSnapshot\u003dtrue, pageLoadStrategy\u003dnormal, databaseEnabled\u003dfalse, handlesAlerts\u003dtrue, hasTouchScreen\u003dfalse, version\u003d61.0.3163.100, platform\u003dXP, browserConnectionEnabled\u003dfalse, nativeEvents\u003dtrue, acceptSslCerts\u003dtrue, locationContextEnabled\u003dtrue, webStorageEnabled\u003dtrue, browserName\u003dchrome, takesScreenshot\u003dtrue, javascriptEnabled\u003dtrue, cssSelectorsEnabled\u003dtrue, setWindowRect\u003dtrue, unexpectedAlertBehaviour\u003d}]\nSession ID: bd74567566c27596596a974ed203d634)","startTime":1508921871796,"endTime":0,"childRecords":[],"interuppted":false}],"interuppted":false},{"testStatus":{"stackTrace":"","statusValue":"FAILED"},"type":"MESSAGE","name":"","message":"Test Cases/Parts/BaseTestCases/Base_Part_CreateHeader_WithCC FAILED because (of) Unable to click on object \u0027Object Repository/Parts/PartsSalesOrder/PartsSaleOrderHeader/PartSaleOrder_OtherDetailsTab\u0027 (Root cause: org.openqa.selenium.WebDriverException: unknown error: Element \u003cdiv tabindex\u003d\"-1\" class\u003d\"Tab\" aria-selected\u003d\"false\" id\u003d\"tdtre4101m002-1-pages-bar-page-2\"\u003e...\u003c/div\u003e is not clickable at point (114, 111). Other element would receive the click: \u003cdiv class\u003d\"WindowManagerGlass\" style\u003d\"z-index: 1;\"\u003e\u003c/div\u003e\n  (Session info: chrome\u003d61.0.3163.100)\n  (Driver info: chromedriver\u003d2.31.488763 (092de99f48a300323ecf8c2a4e2e7cab51de5ba8),platform\u003dWindows NT 6.1.7601 SP1 x86_64) (WARNING: The server did not provide any stacktrace information)\nCommand duration or timeout: 59 milliseconds\nBuild info: version: \u00272.53.0\u0027, revision: \u002735ae25b\u0027, time: \u00272016-03-15 17:00:58\u0027\nSystem info: host: \u0027EET-RG\u0027, ip: \u0027192.168.25.107\u0027, os.name: \u0027Windows 7\u0027, os.arch: \u0027amd64\u0027, os.version: \u00276.1\u0027, java.version: \u00271.8.0_102\u0027\nDriver info: com.kms.katalon.selenium.driver.CChromeDriver\nCapabilities [{applicationCacheEnabled\u003dfalse, rotatable\u003dfalse, mobileEmulationEnabled\u003dfalse, networkConnectionEnabled\u003dfalse, chrome\u003d{chromedriverVersion\u003d2.31.488763 (092de99f48a300323ecf8c2a4e2e7cab51de5ba8), userDataDir\u003dC:\\Users\\RGAJBH~1\\AppData\\Local\\Temp\\scoped_dir6504_31216}, takesHeapSnapshot\u003dtrue, pageLoadStrategy\u003dnormal, databaseEnabled\u003dfalse, handlesAlerts\u003dtrue, hasTouchScreen\u003dfalse, version\u003d61.0.3163.100, platform\u003dXP, browserConnectionEnabled\u003dfalse, nativeEvents\u003dtrue, acceptSslCerts\u003dtrue, locationContextEnabled\u003dtrue, webStorageEnabled\u003dtrue, browserName\u003dchrome, takesScreenshot\u003dtrue, javascriptEnabled\u003dtrue, cssSelectorsEnabled\u003dtrue, setWindowRect\u003dtrue, unexpectedAlertBehaviour\u003d}]\nSession ID: bd74567566c27596596a974ed203d634)","startTime":1508921871798,"endTime":0,"childRecords":[],"interuppted":false}],"interuppted":false},{"testStatus":{"stackTrace":"","statusValue":"FAILED"},"type":"MESSAGE","name":"","message":"Unable to call Test Case with id \u0027Test Cases/Parts/BaseTestCases/Base_Part_CreateHeader_WithCC\u0027 (Root cause: Call Test Case \u0027Test Cases/Parts/BaseTestCases/Base_Part_CreateHeader_WithCC\u0027 failed)","startTime":1508921871801,"endTime":0,"childRecords":[],"interuppted":false}],"interuppted":false},{"index":2,"isIgnoredIfFailed":false,"type":"TEST_STEP","name":"callTestCase","description":"","startTime":1508921871802,"endTime":1508921892988,"childRecords":[{"isOptional":false,"type":"TEST_CASE","name":"Test Cases/Parts/BaseTestCases/Base_Part_AddPartLinePos1","id":"Test Cases/Parts/BaseTestCases/Base_Part_AddPartLinePos1","source":"C:\\\\Users\\\\rgajbhiye\\\\Katalon Studio\\\\CreditCardSuiteTest Cases\\\\Parts\\\\BaseTestCases\\\\Base_Part_AddPartLinePos1.tc","description":"","startTime":1508921872024,"endTime":1508921892988,"childRecords":[{"testStatus":{"stackTrace":"","statusValue":"INFO"},"type":"MESSAGE","name":"","message":"Evaluating variables for test case","startTime":1508921872152,"endTime":0,"childRecords":[],"interuppted":false},{"testStatus":{"stackTrace":"","statusValue":"INFO"},"type":"MESSAGE","name":"","message":"Variable \u0027PartName\u0027 is set to KP3","startTime":1508921872153,"endTime":0,"childRecords":[],"interuppted":false},{"testStatus":{"stackTrace":"","statusValue":"INFO"},"type":"MESSAGE","name":"","message":"Variable \u0027Qty\u0027 is set to 2","startTime":1508921872153,"endTime":0,"childRecords":[],"interuppted":false},{"attachment":"1508921885611.png","index":1,"isIgnoredIfFailed":false,"type":"TEST_STEP","name":"click","message":"Unable to click on object \u0027Object Repository/Parts/PartsSalesOrder/PartSalesOrderLine1/PartSaleOrderLine1_newpart\u0027 (Root cause: org.openqa.selenium.WebDriverException: unknown error: Element \u003cdiv tabindex\u003d\"0\" class\u003d\"Button\" id\u003d\"tdtre4101s002-2-button-std-file.new\"\u003e...\u003c/div\u003e is not clickable at point (22, 473). Other element would receive the click: \u003cdiv class\u003d\"WindowManagerGlass\" style\u003d\"z-index: 1;\"\u003e\u003c/div\u003e\n  (Session info: chrome\u003d61.0.3163.100)\n  (Driver info: chromedriver\u003d2.31.488763 (092de99f48a300323ecf8c2a4e2e7cab51de5ba8),platform\u003dWindows NT 6.1.7601 SP1 x86_64) (WARNING: The server did not provide any stacktrace information)\nCommand duration or timeout: 123 milliseconds\nBuild info: version: \u00272.53.0\u0027, revision: \u002735ae25b\u0027, time: \u00272016-03-15 17:00:58\u0027\nSystem info: host: \u0027EET-RG\u0027, ip: \u0027192.168.25.107\u0027, os.name: \u0027Windows 7\u0027, os.arch: \u0027amd64\u0027, os.version: \u00276.1\u0027, java.version: \u00271.8.0_102\u0027\nDriver info: com.kms.katalon.selenium.driver.CChromeDriver\nCapabilities [{applicationCacheEnabled\u003dfalse, rotatable\u003dfalse, mobileEmulationEnabled\u003dfalse, networkConnectionEnabled\u003dfalse, chrome\u003d{chromedriverVersion\u003d2.31.488763 (092de99f48a300323ecf8c2a4e2e7cab51de5ba8), userDataDir\u003dC:\\Users\\RGAJBH~1\\AppData\\Local\\Temp\\scoped_dir6504_31216}, takesHeapSnapshot\u003dtrue, pageLoadStrategy\u003dnormal, databaseEnabled\u003dfalse, handlesAlerts\u003dtrue, hasTouchScreen\u003dfalse, version\u003d61.0.3163.100, platform\u003dXP, browserConnectionEnabled\u003dfalse, nativeEvents\u003dtrue, acceptSslCerts\u003dtrue, locationContextEnabled\u003dtrue, webStorageEnabled\u003dtrue, browserName\u003dchrome, takesScreenshot\u003dtrue, javascriptEnabled\u003dtrue, cssSelectorsEnabled\u003dtrue, setWindowRect\u003dtrue, unexpectedAlertBehaviour\u003d}]\nSession ID: bd74567566c27596596a974ed203d634)","description":"","startTime":1508921872517,"endTime":1508921885991,"childRecords":[{"testStatus":{"stackTrace":"","statusValue":"FAILED"},"attachment":"1508921885611.png","type":"MESSAGE","name":"","message":"Unable to click on object \u0027Object Repository/Parts/PartsSalesOrder/PartSalesOrderLine1/PartSaleOrderLine1_newpart\u0027 (Root cause: org.openqa.selenium.WebDriverException: unknown error: Element \u003cdiv tabindex\u003d\"0\" class\u003d\"Button\" id\u003d\"tdtre4101s002-2-button-std-file.new\"\u003e...\u003c/div\u003e is not clickable at point (22, 473). Other element would receive the click: \u003cdiv class\u003d\"WindowManagerGlass\" style\u003d\"z-index: 1;\"\u003e\u003c/div\u003e\n  (Session info: chrome\u003d61.0.3163.100)\n  (Driver info: chromedriver\u003d2.31.488763 (092de99f48a300323ecf8c2a4e2e7cab51de5ba8),platform\u003dWindows NT 6.1.7601 SP1 x86_64) (WARNING: The server did not provide any stacktrace information)\nCommand duration or timeout: 123 milliseconds\nBuild info: version: \u00272.53.0\u0027, revision: \u002735ae25b\u0027, time: \u00272016-03-15 17:00:58\u0027\nSystem info: host: \u0027EET-RG\u0027, ip: \u0027192.168.25.107\u0027, os.name: \u0027Windows 7\u0027, os.arch: \u0027amd64\u0027, os.version: \u00276.1\u0027, java.version: \u00271.8.0_102\u0027\nDriver info: com.kms.katalon.selenium.driver.CChromeDriver\nCapabilities [{applicationCacheEnabled\u003dfalse, rotatable\u003dfalse, mobileEmulationEnabled\u003dfalse, networkConnectionEnabled\u003dfalse, chrome\u003d{chromedriverVersion\u003d2.31.488763 (092de99f48a300323ecf8c2a4e2e7cab51de5ba8), userDataDir\u003dC:\\Users\\RGAJBH~1\\AppData\\Local\\Temp\\scoped_dir6504_31216}, takesHeapSnapshot\u003dtrue, pageLoadStrategy\u003dnormal, databaseEnabled\u003dfalse, handlesAlerts\u003dtrue, hasTouchScreen\u003dfalse, version\u003d61.0.3163.100, platform\u003dXP, browserConnectionEnabled\u003dfalse, nativeEvents\u003dtrue, acceptSslCerts\u003dtrue, locationContextEnabled\u003dtrue, webStorageEnabled\u003dtrue, browserName\u003dchrome, takesScreenshot\u003dtrue, javascriptEnabled\u003dtrue, cssSelectorsEnabled\u003dtrue, setWindowRect\u003dtrue, unexpectedAlertBehaviour\u003d}]\nSession ID: bd74567566c27596596a974ed203d634)","startTime":1508921885990,"endTime":0,"childRecords":[],"interuppted":false}],"interuppted":false},{"index":2,"isIgnoredIfFailed":false,"type":"TEST_STEP","name":"delay","message":"Delayed 3 second(s)","description":"","startTime":1508921885992,"endTime":1508921888994,"childRecords":[{"testStatus":{"stackTrace":"","statusValue":"PASSED"},"type":"MESSAGE","name":"","message":"Delayed 3 second(s)","startTime":1508921888993,"endTime":0,"childRecords":[],"interuppted":false}],"interuppted":false},{"index":3,"isIgnoredIfFailed":false,"type":"TEST_STEP","name":"setText","message":"Unable to set text \u0027KP3\u0027 of object \u0027Object Repository/Parts/PartsSalesOrder/PartSalesOrderLine1/PartSaleOrderLine1_PartNumber\u0027 (Root cause: org.openqa.selenium.UnhandledAlertException: unexpected alert open: {Alert text : If you leave or refresh this page, Infor LN UI will be closed (any changes you made will NOT be saved). Continue?}\n  (Session info: chrome\u003d61.0.3163.100)\n  (Driver info: chromedriver\u003d2.31.488763 (092de99f48a300323ecf8c2a4e2e7cab51de5ba8),platform\u003dWindows NT 6.1.7601 SP1 x86_64) (WARNING: The server did not provide any stacktrace information)\nCommand duration or timeout: 57 milliseconds: null\nBuild info: version: \u00272.53.0\u0027, revision: \u002735ae25b\u0027, time: \u00272016-03-15 17:00:58\u0027\nSystem info: host: \u0027EET-RG\u0027, ip: \u0027192.168.25.107\u0027, os.name: \u0027Windows 7\u0027, os.arch: \u0027amd64\u0027, os.version: \u00276.1\u0027, java.version: \u00271.8.0_102\u0027\nDriver info: com.kms.katalon.selenium.driver.CChromeDriver\nCapabilities [{applicationCacheEnabled\u003dfalse, rotatable\u003dfalse, mobileEmulationEnabled\u003dfalse, networkConnectionEnabled\u003dfalse, chrome\u003d{chromedriverVersion\u003d2.31.488763 (092de99f48a300323ecf8c2a4e2e7cab51de5ba8), userDataDir\u003dC:\\Users\\RGAJBH~1\\AppData\\Local\\Temp\\scoped_dir6504_31216}, takesHeapSnapshot\u003dtrue, pageLoadStrategy\u003dnormal, databaseEnabled\u003dfalse, handlesAlerts\u003dtrue, hasTouchScreen\u003dfalse, version\u003d61.0.3163.100, platform\u003dXP, browserConnectionEnabled\u003dfalse, nativeEvents\u003dtrue, acceptSslCerts\u003dtrue, locationContextEnabled\u003dtrue, webStorageEnabled\u003dtrue, browserName\u003dchrome, takesScreenshot\u003dtrue, javascriptEnabled\u003dtrue, cssSelectorsEnabled\u003dtrue, setWindowRect\u003dtrue, unexpectedAlertBehaviour\u003d}]\nSession ID: bd74567566c27596596a974ed203d634\n*** Element info: {Using\u003dxpath, value\u003d//input[count(. | id(\"tdtre4101s002-2-grid-1-tdsls401.item.segment.2-82-0-widget\")) \u003d count(id(\"tdtre4101s002-2-grid-1-tdsls401.item.segment.2-82-0-widget\"))][count(. | //*[@maxlength \u003d \u002729\u0027]) \u003d count(//*[@maxlength \u003d \u002729\u0027])][count(. | //*[@id \u003d \u0027tdtre4101s002-2-grid-1-tdsls401.item.segment.2-82-0-widget\u0027]) \u003d count(//*[@id \u003d \u0027tdtre4101s002-2-grid-1-tdsls401.item.segment.2-82-0-widget\u0027])][count(. | //*[@type \u003d \u0027text\u0027]) \u003d count(//*[@type \u003d \u0027text\u0027])][count(. | //*[@class \u003d \u0027TextInputField TriggerInputFieldWidget TextInputField-empty\u0027]) \u003d count(//*[@class \u003d \u0027TextInputField TriggerInputFieldWidget TextInputField-empty\u0027])]})","description":"","startTime":1508921888995,"endTime":1508921892815,"childRecords":[{"testStatus":{"stackTrace":"","statusValue":"WARNING"},"type":"MESSAGE","name":"","message":"Cannot take screenshot","startTime":1508921892812,"endTime":0,"childRecords":[],"interuppted":false},{"testStatus":{"stackTrace":"","statusValue":"FAILED"},"type":"MESSAGE","name":"","message":"Unable to set text \u0027KP3\u0027 of object \u0027Object Repository/Parts/PartsSalesOrder/PartSalesOrderLine1/PartSaleOrderLine1_PartNumber\u0027 (Root cause: org.openqa.selenium.UnhandledAlertException: unexpected alert open: {Alert text : If you leave or refresh this page, Infor LN UI will be closed (any changes you made will NOT be saved). Continue?}\n  (Session info: chrome\u003d61.0.3163.100)\n  (Driver info: chromedriver\u003d2.31.488763 (092de99f48a300323ecf8c2a4e2e7cab51de5ba8),platform\u003dWindows NT 6.1.7601 SP1 x86_64) (WARNING: The server did not provide any stacktrace information)\nCommand duration or timeout: 57 milliseconds: null\nBuild info: version: \u00272.53.0\u0027, revision: \u002735ae25b\u0027, time: \u00272016-03-15 17:00:58\u0027\nSystem info: host: \u0027EET-RG\u0027, ip: \u0027192.168.25.107\u0027, os.name: \u0027Windows 7\u0027, os.arch: \u0027amd64\u0027, os.version: \u00276.1\u0027, java.version: \u00271.8.0_102\u0027\nDriver info: com.kms.katalon.selenium.driver.CChromeDriver\nCapabilities [{applicationCacheEnabled\u003dfalse, rotatable\u003dfalse, mobileEmulationEnabled\u003dfalse, networkConnectionEnabled\u003dfalse, chrome\u003d{chromedriverVersion\u003d2.31.488763 (092de99f48a300323ecf8c2a4e2e7cab51de5ba8), userDataDir\u003dC:\\Users\\RGAJBH~1\\AppData\\Local\\Temp\\scoped_dir6504_31216}, takesHeapSnapshot\u003dtrue, pageLoadStrategy\u003dnormal, databaseEnabled\u003dfalse, handlesAlerts\u003dtrue, hasTouchScreen\u003dfalse, version\u003d61.0.3163.100, platform\u003dXP, browserConnectionEnabled\u003dfalse, nativeEvents\u003dtrue, acceptSslCerts\u003dtrue, locationContextEnabled\u003dtrue, webStorageEnabled\u003dtrue, browserName\u003dchrome, takesScreenshot\u003dtrue, javascriptEnabled\u003dtrue, cssSelectorsEnabled\u003dtrue, setWindowRect\u003dtrue, unexpectedAlertBehaviour\u003d}]\nSession ID: bd74567566c27596596a974ed203d634\n*** Element info: {Using\u003dxpath, value\u003d//input[count(. | id(\"tdtre4101s002-2-grid-1-tdsls401.item.segment.2-82-0-widget\")) \u003d count(id(\"tdtre4101s002-2-grid-1-tdsls401.item.segment.2-82-0-widget\"))][count(. | //*[@maxlength \u003d \u002729\u0027]) \u003d count(//*[@maxlength \u003d \u002729\u0027])][count(. | //*[@id \u003d \u0027tdtre4101s002-2-grid-1-tdsls401.item.segment.2-82-0-widget\u0027]) \u003d count(//*[@id \u003d \u0027tdtre4101s002-2-grid-1-tdsls401.item.segment.2-82-0-widget\u0027])][count(. | //*[@type \u003d \u0027text\u0027]) \u003d count(//*[@type \u003d \u0027text\u0027])][count(. | //*[@class \u003d \u0027TextInputField TriggerInputFieldWidget TextInputField-empty\u0027]) \u003d count(//*[@class \u003d \u0027TextInputField TriggerInputFieldWidget TextInputField-empty\u0027])]})","startTime":1508921892813,"endTime":0,"childRecords":[],"interuppted":false}],"interuppted":false},{"index":4,"isIgnoredIfFailed":false,"type":"TEST_STEP","name":"scrollToElement","message":"Unable to scroll to object \u0027Object Repository/Parts/PartsSalesOrder/PartSalesOrderLine1/PartSaleOrderLine1_Quantity\u0027 (Root cause: org.openqa.selenium.UnhandledAlertException: unexpected alert open: {Alert text : If you leave or refresh this page, Infor LN UI will be closed (any changes you made will NOT be saved). Continue?}\n  (Session info: chrome\u003d61.0.3163.100)\n  (Driver info: chromedriver\u003d2.31.488763 (092de99f48a300323ecf8c2a4e2e7cab51de5ba8),platform\u003dWindows NT 6.1.7601 SP1 x86_64) (WARNING: The server did not provide any stacktrace information)\nCommand duration or timeout: 7 milliseconds: null\nBuild info: version: \u00272.53.0\u0027, revision: \u002735ae25b\u0027, time: \u00272016-03-15 17:00:58\u0027\nSystem info: host: \u0027EET-RG\u0027, ip: \u0027192.168.25.107\u0027, os.name: \u0027Windows 7\u0027, os.arch: \u0027amd64\u0027, os.version: \u00276.1\u0027, java.version: \u00271.8.0_102\u0027\nDriver info: com.kms.katalon.selenium.driver.CChromeDriver\nCapabilities [{applicationCacheEnabled\u003dfalse, rotatable\u003dfalse, mobileEmulationEnabled\u003dfalse, networkConnectionEnabled\u003dfalse, chrome\u003d{chromedriverVersion\u003d2.31.488763 (092de99f48a300323ecf8c2a4e2e7cab51de5ba8), userDataDir\u003dC:\\Users\\RGAJBH~1\\AppData\\Local\\Temp\\scoped_dir6504_31216}, takesHeapSnapshot\u003dtrue, pageLoadStrategy\u003dnormal, databaseEnabled\u003dfalse, handlesAlerts\u003dtrue, hasTouchScreen\u003dfalse, version\u003d61.0.3163.100, platform\u003dXP, browserConnectionEnabled\u003dfalse, nativeEvents\u003dtrue, acceptSslCerts\u003dtrue, locationContextEnabled\u003dtrue, webStorageEnabled\u003dtrue, browserName\u003dchrome, takesScreenshot\u003dtrue, javascriptEnabled\u003dtrue, cssSelectorsEnabled\u003dtrue, setWindowRect\u003dtrue, unexpectedAlertBehaviour\u003d}]\nSession ID: bd74567566c27596596a974ed203d634\n*** Element info: {Using\u003dxpath, value\u003d//div[count(. | //*[@id \u003d \u0027tdtre4101s002-2-grid-1-tdsls401.oqua-93-0\u0027]) \u003d count(//*[@id \u003d \u0027tdtre4101s002-2-grid-1-tdsls401.oqua-93-0\u0027])]})","description":"","startTime":1508921892815,"endTime":1508921892907,"childRecords":[{"testStatus":{"stackTrace":"","statusValue":"WARNING"},"type":"MESSAGE","name":"","message":"Cannot take screenshot","startTime":1508921892906,"endTime":0,"childRecords":[],"interuppted":false},{"testStatus":{"stackTrace":"","statusValue":"FAILED"},"type":"MESSAGE","name":"","message":"Unable to scroll to object \u0027Object Repository/Parts/PartsSalesOrder/PartSalesOrderLine1/PartSaleOrderLine1_Quantity\u0027 (Root cause: org.openqa.selenium.UnhandledAlertException: unexpected alert open: {Alert text : If you leave or refresh this page, Infor LN UI will be closed (any changes you made will NOT be saved). Continue?}\n  (Session info: chrome\u003d61.0.3163.100)\n  (Driver info: chromedriver\u003d2.31.488763 (092de99f48a300323ecf8c2a4e2e7cab51de5ba8),platform\u003dWindows NT 6.1.7601 SP1 x86_64) (WARNING: The server did not provide any stacktrace information)\nCommand duration or timeout: 7 milliseconds: null\nBuild info: version: \u00272.53.0\u0027, revision: \u002735ae25b\u0027, time: \u00272016-03-15 17:00:58\u0027\nSystem info: host: \u0027EET-RG\u0027, ip: \u0027192.168.25.107\u0027, os.name: \u0027Windows 7\u0027, os.arch: \u0027amd64\u0027, os.version: \u00276.1\u0027, java.version: \u00271.8.0_102\u0027\nDriver info: com.kms.katalon.selenium.driver.CChromeDriver\nCapabilities [{applicationCacheEnabled\u003dfalse, rotatable\u003dfalse, mobileEmulationEnabled\u003dfalse, networkConnectionEnabled\u003dfalse, chrome\u003d{chromedriverVersion\u003d2.31.488763 (092de99f48a300323ecf8c2a4e2e7cab51de5ba8), userDataDir\u003dC:\\Users\\RGAJBH~1\\AppData\\Local\\Temp\\scoped_dir6504_31216}, takesHeapSnapshot\u003dtrue, pageLoadStrategy\u003dnormal, databaseEnabled\u003dfalse, handlesAlerts\u003dtrue, hasTouchScreen\u003dfalse, version\u003d61.0.3163.100, platform\u003dXP, browserConnectionEnabled\u003dfalse, nativeEvents\u003dtrue, acceptSslCerts\u003dtrue, locationContextEnabled\u003dtrue, webStorageEnabled\u003dtrue, browserName\u003dchrome, takesScreenshot\u003dtrue, javascriptEnabled\u003dtrue, cssSelectorsEnabled\u003dtrue, setWindowRect\u003dtrue, unexpectedAlertBehaviour\u003d}]\nSession ID: bd74567566c27596596a974ed203d634\n*** Element info: {Using\u003dxpath, value\u003d//div[count(. | //*[@id \u003d \u0027tdtre4101s002-2-grid-1-tdsls401.oqua-93-0\u0027]) \u003d count(//*[@id \u003d \u0027tdtre4101s002-2-grid-1-tdsls401.oqua-93-0\u0027])]})","startTime":1508921892907,"endTime":0,"childRecords":[],"interuppted":false}],"interuppted":false},{"index":5,"isIgnoredIfFailed":false,"type":"TEST_STEP","name":"click","message":"Unable to click on object \u0027Object Repository/Parts/PartsSalesOrder/PartSalesOrderLine1/PartSaleOrderLine1_Quantity\u0027 (Root cause: org.openqa.selenium.UnhandledAlertException: unexpected alert open: {Alert text : If you leave or refresh this page, Infor LN UI will be closed (any changes you made will NOT be saved). Continue?}\n  (Session info: chrome\u003d61.0.3163.100)\n  (Driver info: chromedriver\u003d2.31.488763 (092de99f48a300323ecf8c2a4e2e7cab51de5ba8),platform\u003dWindows NT 6.1.7601 SP1 x86_64) (WARNING: The server did not provide any stacktrace information)\nCommand duration or timeout: 3 milliseconds: null\nBuild info: version: \u00272.53.0\u0027, revision: \u002735ae25b\u0027, time: \u00272016-03-15 17:00:58\u0027\nSystem info: host: \u0027EET-RG\u0027, ip: \u0027192.168.25.107\u0027, os.name: \u0027Windows 7\u0027, os.arch: \u0027amd64\u0027, os.version: \u00276.1\u0027, java.version: \u00271.8.0_102\u0027\nDriver info: com.kms.katalon.selenium.driver.CChromeDriver\nCapabilities [{applicationCacheEnabled\u003dfalse, rotatable\u003dfalse, mobileEmulationEnabled\u003dfalse, networkConnectionEnabled\u003dfalse, chrome\u003d{chromedriverVersion\u003d2.31.488763 (092de99f48a300323ecf8c2a4e2e7cab51de5ba8), userDataDir\u003dC:\\Users\\RGAJBH~1\\AppData\\Local\\Temp\\scoped_dir6504_31216}, takesHeapSnapshot\u003dtrue, pageLoadStrategy\u003dnormal, databaseEnabled\u003dfalse, handlesAlerts\u003dtrue, hasTouchScreen\u003dfalse, version\u003d61.0.3163.100, platform\u003dXP, browserConnectionEnabled\u003dfalse, nativeEvents\u003dtrue, acceptSslCerts\u003dtrue, locationContextEnabled\u003dtrue, webStorageEnabled\u003dtrue, browserName\u003dchrome, takesScreenshot\u003dtrue, javascriptEnabled\u003dtrue, cssSelectorsEnabled\u003dtrue, setWindowRect\u003dtrue, unexpectedAlertBehaviour\u003d}]\nSession ID: bd74567566c27596596a974ed203d634\n*** Element info: {Using\u003dxpath, value\u003d//div[count(. | //*[@id \u003d \u0027tdtre4101s002-2-grid-1-tdsls401.oqua-93-0\u0027]) \u003d count(//*[@id \u003d \u0027tdtre4101s002-2-grid-1-tdsls401.oqua-93-0\u0027])]})","description":"","startTime":1508921892908,"endTime":1508921892922,"childRecords":[{"testStatus":{"stackTrace":"","statusValue":"WARNING"},"type":"MESSAGE","name":"","message":"Cannot take screenshot","startTime":1508921892921,"endTime":0,"childRecords":[],"interuppted":false},{"testStatus":{"stackTrace":"","statusValue":"FAILED"},"type":"MESSAGE","name":"","message":"Unable to click on object \u0027Object Repository/Parts/PartsSalesOrder/PartSalesOrderLine1/PartSaleOrderLine1_Quantity\u0027 (Root cause: org.openqa.selenium.UnhandledAlertException: unexpected alert open: {Alert text : If you leave or refresh this page, Infor LN UI will be closed (any changes you made will NOT be saved). Continue?}\n  (Session info: chrome\u003d61.0.3163.100)\n  (Driver info: chromedriver\u003d2.31.488763 (092de99f48a300323ecf8c2a4e2e7cab51de5ba8),platform\u003dWindows NT 6.1.7601 SP1 x86_64) (WARNING: The server did not provide any stacktrace information)\nCommand duration or timeout: 3 milliseconds: null\nBuild info: version: \u00272.53.0\u0027, revision: \u002735ae25b\u0027, time: \u00272016-03-15 17:00:58\u0027\nSystem info: host: \u0027EET-RG\u0027, ip: \u0027192.168.25.107\u0027, os.name: \u0027Windows 7\u0027, os.arch: \u0027amd64\u0027, os.version: \u00276.1\u0027, java.version: \u00271.8.0_102\u0027\nDriver info: com.kms.katalon.selenium.driver.CChromeDriver\nCapabilities [{applicationCacheEnabled\u003dfalse, rotatable\u003dfalse, mobileEmulationEnabled\u003dfalse, networkConnectionEnabled\u003dfalse, chrome\u003d{chromedriverVersion\u003d2.31.488763 (092de99f48a300323ecf8c2a4e2e7cab51de5ba8), userDataDir\u003dC:\\Users\\RGAJBH~1\\AppData\\Local\\Temp\\scoped_dir6504_31216}, takesHeapSnapshot\u003dtrue, pageLoadStrategy\u003dnormal, databaseEnabled\u003dfalse, handlesAlerts\u003dtrue, hasTouchScreen\u003dfalse, version\u003d61.0.3163.100, platform\u003dXP, browserConnectionEnabled\u003dfalse, nativeEvents\u003dtrue, acceptSslCerts\u003dtrue, locationContextEnabled\u003dtrue, webStorageEnabled\u003dtrue, browserName\u003dchrome, takesScreenshot\u003dtrue, javascriptEnabled\u003dtrue, cssSelectorsEnabled\u003dtrue, setWindowRect\u003dtrue, unexpectedAlertBehaviour\u003d}]\nSession ID: bd74567566c27596596a974ed203d634\n*** Element info: {Using\u003dxpath, value\u003d//div[count(. | //*[@id \u003d \u0027tdtre4101s002-2-grid-1-tdsls401.oqua-93-0\u0027]) \u003d count(//*[@id \u003d \u0027tdtre4101s002-2-grid-1-tdsls401.oqua-93-0\u0027])]})","startTime":1508921892922,"endTime":0,"childRecords":[],"interuppted":false}],"interuppted":false},{"index":6,"isIgnoredIfFailed":false,"type":"TEST_STEP","name":"setText","message":"Unable to set text \u00272\u0027 of object \u0027Object Repository/Parts/PartsSalesOrder/PartSalesOrderLine1/PartSaleOrderLine1-Qty1\u0027 (Root cause: org.openqa.selenium.UnhandledAlertException: unexpected alert open: {Alert text : If you leave or refresh this page, Infor LN UI will be closed (any changes you made will NOT be saved). Continue?}\n  (Session info: chrome\u003d61.0.3163.100)\n  (Driver info: chromedriver\u003d2.31.488763 (092de99f48a300323ecf8c2a4e2e7cab51de5ba8),platform\u003dWindows NT 6.1.7601 SP1 x86_64) (WARNING: The server did not provide any stacktrace information)\nCommand duration or timeout: 4 milliseconds: null\nBuild info: version: \u00272.53.0\u0027, revision: \u002735ae25b\u0027, time: \u00272016-03-15 17:00:58\u0027\nSystem info: host: \u0027EET-RG\u0027, ip: \u0027192.168.25.107\u0027, os.name: \u0027Windows 7\u0027, os.arch: \u0027amd64\u0027, os.version: \u00276.1\u0027, java.version: \u00271.8.0_102\u0027\nDriver info: com.kms.katalon.selenium.driver.CChromeDriver\nCapabilities [{applicationCacheEnabled\u003dfalse, rotatable\u003dfalse, mobileEmulationEnabled\u003dfalse, networkConnectionEnabled\u003dfalse, chrome\u003d{chromedriverVersion\u003d2.31.488763 (092de99f48a300323ecf8c2a4e2e7cab51de5ba8), userDataDir\u003dC:\\Users\\RGAJBH~1\\AppData\\Local\\Temp\\scoped_dir6504_31216}, takesHeapSnapshot\u003dtrue, pageLoadStrategy\u003dnormal, databaseEnabled\u003dfalse, handlesAlerts\u003dtrue, hasTouchScreen\u003dfalse, version\u003d61.0.3163.100, platform\u003dXP, browserConnectionEnabled\u003dfalse, nativeEvents\u003dtrue, acceptSslCerts\u003dtrue, locationContextEnabled\u003dtrue, webStorageEnabled\u003dtrue, browserName\u003dchrome, takesScreenshot\u003dtrue, javascriptEnabled\u003dtrue, cssSelectorsEnabled\u003dtrue, setWindowRect\u003dtrue, unexpectedAlertBehaviour\u003d}]\nSession ID: bd74567566c27596596a974ed203d634\n*** Element info: {Using\u003dxpath, value\u003d//input[count(. | //*[@id \u003d \u0027tdtre4101s002-2-grid-1-tdsls401.oqua-93-0-widget\u0027]) \u003d count(//*[@id \u003d \u0027tdtre4101s002-2-grid-1-tdsls401.oqua-93-0-widget\u0027])][count(. | //*[@type \u003d \u0027text\u0027]) \u003d count(//*[@type \u003d \u0027text\u0027])]})","description":"","startTime":1508921892922,"endTime":1508921892973,"childRecords":[{"testStatus":{"stackTrace":"","statusValue":"WARNING"},"type":"MESSAGE","name":"","message":"Cannot take screenshot","startTime":1508921892971,"endTime":0,"childRecords":[],"interuppted":false},{"testStatus":{"stackTrace":"","statusValue":"FAILED"},"type":"MESSAGE","name":"","message":"Unable to set text \u00272\u0027 of object \u0027Object Repository/Parts/PartsSalesOrder/PartSalesOrderLine1/PartSaleOrderLine1-Qty1\u0027 (Root cause: org.openqa.selenium.UnhandledAlertException: unexpected alert open: {Alert text : If you leave or refresh this page, Infor LN UI will be closed (any changes you made will NOT be saved). Continue?}\n  (Session info: chrome\u003d61.0.3163.100)\n  (Driver info: chromedriver\u003d2.31.488763 (092de99f48a300323ecf8c2a4e2e7cab51de5ba8),platform\u003dWindows NT 6.1.7601 SP1 x86_64) (WARNING: The server did not provide any stacktrace information)\nCommand duration or timeout: 4 milliseconds: null\nBuild info: version: \u00272.53.0\u0027, revision: \u002735ae25b\u0027, time: \u00272016-03-15 17:00:58\u0027\nSystem info: host: \u0027EET-RG\u0027, ip: \u0027192.168.25.107\u0027, os.name: \u0027Windows 7\u0027, os.arch: \u0027amd64\u0027, os.version: \u00276.1\u0027, java.version: \u00271.8.0_102\u0027\nDriver info: com.kms.katalon.selenium.driver.CChromeDriver\nCapabilities [{applicationCacheEnabled\u003dfalse, rotatable\u003dfalse, mobileEmulationEnabled\u003dfalse, networkConnectionEnabled\u003dfalse, chrome\u003d{chromedriverVersion\u003d2.31.488763 (092de99f48a300323ecf8c2a4e2e7cab51de5ba8), userDataDir\u003dC:\\Users\\RGAJBH~1\\AppData\\Local\\Temp\\scoped_dir6504_31216}, takesHeapSnapshot\u003dtrue, pageLoadStrategy\u003dnormal, databaseEnabled\u003dfalse, handlesAlerts\u003dtrue, hasTouchScreen\u003dfalse, version\u003d61.0.3163.100, platform\u003dXP, browserConnectionEnabled\u003dfalse, nativeEvents\u003dtrue, acceptSslCerts\u003dtrue, locationContextEnabled\u003dtrue, webStorageEnabled\u003dtrue, browserName\u003dchrome, takesScreenshot\u003dtrue, javascriptEnabled\u003dtrue, cssSelectorsEnabled\u003dtrue, setWindowRect\u003dtrue, unexpectedAlertBehaviour\u003d}]\nSession ID: bd74567566c27596596a974ed203d634\n*** Element info: {Using\u003dxpath, value\u003d//input[count(. | //*[@id \u003d \u0027tdtre4101s002-2-grid-1-tdsls401.oqua-93-0-widget\u0027]) \u003d count(//*[@id \u003d \u0027tdtre4101s002-2-grid-1-tdsls401.oqua-93-0-widget\u0027])][count(. | //*[@type \u003d \u0027text\u0027]) \u003d count(//*[@type \u003d \u0027text\u0027])]})","startTime":1508921892972,"endTime":0,"childRecords":[],"interuppted":false}],"interuppted":false},{"index":7,"isIgnoredIfFailed":false,"type":"TEST_STEP","name":"click","message":"Unable to click on object \u0027Object Repository/Parts/PartsSalesOrder/PartsSaleOrderHeader/PartSalesorder_Save\u0027 (Root cause: org.openqa.selenium.UnhandledAlertException: unexpected alert open: {Alert text : If you leave or refresh this page, Infor LN UI will be closed (any changes you made will NOT be saved). Continue?}\n  (Session info: chrome\u003d61.0.3163.100)\n  (Driver info: chromedriver\u003d2.31.488763 (092de99f48a300323ecf8c2a4e2e7cab51de5ba8),platform\u003dWindows NT 6.1.7601 SP1 x86_64) (WARNING: The server did not provide any stacktrace information)\nCommand duration or timeout: 3 milliseconds: null\nBuild info: version: \u00272.53.0\u0027, revision: \u002735ae25b\u0027, time: \u00272016-03-15 17:00:58\u0027\nSystem info: host: \u0027EET-RG\u0027, ip: \u0027192.168.25.107\u0027, os.name: \u0027Windows 7\u0027, os.arch: \u0027amd64\u0027, os.version: \u00276.1\u0027, java.version: \u00271.8.0_102\u0027\nDriver info: com.kms.katalon.selenium.driver.CChromeDriver\nCapabilities [{applicationCacheEnabled\u003dfalse, rotatable\u003dfalse, mobileEmulationEnabled\u003dfalse, networkConnectionEnabled\u003dfalse, chrome\u003d{chromedriverVersion\u003d2.31.488763 (092de99f48a300323ecf8c2a4e2e7cab51de5ba8), userDataDir\u003dC:\\Users\\RGAJBH~1\\AppData\\Local\\Temp\\scoped_dir6504_31216}, takesHeapSnapshot\u003dtrue, pageLoadStrategy\u003dnormal, databaseEnabled\u003dfalse, handlesAlerts\u003dtrue, hasTouchScreen\u003dfalse, version\u003d61.0.3163.100, platform\u003dXP, browserConnectionEnabled\u003dfalse, nativeEvents\u003dtrue, acceptSslCerts\u003dtrue, locationContextEnabled\u003dtrue, webStorageEnabled\u003dtrue, browserName\u003dchrome, takesScreenshot\u003dtrue, javascriptEnabled\u003dtrue, cssSelectorsEnabled\u003dtrue, setWindowRect\u003dtrue, unexpectedAlertBehaviour\u003d}]\nSession ID: bd74567566c27596596a974ed203d634\n*** Element info: {Using\u003dxpath, value\u003d//*[@id \u003d \u0027tdtre4101m002-1-button-std-file.save\u0027]})","description":"","startTime":1508921892973,"endTime":1508921892987,"childRecords":[{"testStatus":{"stackTrace":"","statusValue":"WARNING"},"type":"MESSAGE","name":"","message":"Cannot take screenshot","startTime":1508921892986,"endTime":0,"childRecords":[],"interuppted":false},{"testStatus":{"stackTrace":"","statusValue":"FAILED"},"type":"MESSAGE","name":"","message":"Unable to click on object \u0027Object Repository/Parts/PartsSalesOrder/PartsSaleOrderHeader/PartSalesorder_Save\u0027 (Root cause: org.openqa.selenium.UnhandledAlertException: unexpected alert open: {Alert text : If you leave or refresh this page, Infor LN UI will be closed (any changes you made will NOT be saved). Continue?}\n  (Session info: chrome\u003d61.0.3163.100)\n  (Driver info: chromedriver\u003d2.31.488763 (092de99f48a300323ecf8c2a4e2e7cab51de5ba8),platform\u003dWindows NT 6.1.7601 SP1 x86_64) (WARNING: The server did not provide any stacktrace information)\nCommand duration or timeout: 3 milliseconds: null\nBuild info: version: \u00272.53.0\u0027, revision: \u002735ae25b\u0027, time: \u00272016-03-15 17:00:58\u0027\nSystem info: host: \u0027EET-RG\u0027, ip: \u0027192.168.25.107\u0027, os.name: \u0027Windows 7\u0027, os.arch: \u0027amd64\u0027, os.version: \u00276.1\u0027, java.version: \u00271.8.0_102\u0027\nDriver info: com.kms.katalon.selenium.driver.CChromeDriver\nCapabilities [{applicationCacheEnabled\u003dfalse, rotatable\u003dfalse, mobileEmulationEnabled\u003dfalse, networkConnectionEnabled\u003dfalse, chrome\u003d{chromedriverVersion\u003d2.31.488763 (092de99f48a300323ecf8c2a4e2e7cab51de5ba8), userDataDir\u003dC:\\Users\\RGAJBH~1\\AppData\\Local\\Temp\\scoped_dir6504_31216}, takesHeapSnapshot\u003dtrue, pageLoadStrategy\u003dnormal, databaseEnabled\u003dfalse, handlesAlerts\u003dtrue, hasTouchScreen\u003dfalse, version\u003d61.0.3163.100, platform\u003dXP, browserConnectionEnabled\u003dfalse, nativeEvents\u003dtrue, acceptSslCerts\u003dtrue, locationContextEnabled\u003dtrue, webStorageEnabled\u003dtrue, browserName\u003dchrome, takesScreenshot\u003dtrue, javascriptEnabled\u003dtrue, cssSelectorsEnabled\u003dtrue, setWindowRect\u003dtrue, unexpectedAlertBehaviour\u003d}]\nSession ID: bd74567566c27596596a974ed203d634\n*** Element info: {Using\u003dxpath, value\u003d//*[@id \u003d \u0027tdtre4101m002-1-button-std-file.save\u0027]})","startTime":1508921892986,"endTime":0,"childRecords":[],"interuppted":false}],"interuppted":false},{"index":8,"isIgnoredIfFailed":false,"type":"TEST_STEP","name":"delay","message":"Delaying browser in 10 second(s)","description":"","startTime":1508921892987,"endTime":1508921892988,"childRecords":[],"interuppted":true}],"interuppted":true}],"interuppted":true}],"interuppted":true}],"interuppted":true}