<?xml version="1.0" encoding="UTF-8"?>
<testsuites name="CC_ServiceTestSuite" time="1725" tests="1" failures="1" errors="0">
   <testsuite name="CC_ServiceTestSuite" tests="1" failures="1" errors="0" time="1725" timestamp="2017-11-22 01:49:04" hostname="rgajbhiye - EET-RG.e-emphasys.com" id="Test Suites/CC_ServiceTestSuite">
      <properties>
         <property name="deviceName" value=""/>
         <property name="devicePlatform" value=""/>
         <property name="logFolder" value="C:\\Users\\rgajbhiye\\git\\CreditCard\\Reports\\CC_ServiceTestSuite\\20171122_000057"/>
         <property name="logFiles" value="C:\\Users\\rgajbhiye\\git\\CreditCard\\Reports\\CC_ServiceTestSuite\\20171122_000057\\execution0.log"/>
         <property name="attachments" value="C:\\Users\\rgajbhiye\\git\\CreditCard\\Reports\\CC_ServiceTestSuite\\20171122_000057\\1511295608012.png, C:\\Users\\rgajbhiye\\git\\CreditCard\\Reports\\CC_ServiceTestSuite\\20171122_000057\\1511295611522.png, C:\\Users\\rgajbhiye\\git\\CreditCard\\Reports\\CC_ServiceTestSuite\\20171122_000057\\1511295644220.png, C:\\Users\\rgajbhiye\\git\\CreditCard\\Reports\\CC_ServiceTestSuite\\20171122_000057\\1511295649665.png, C:\\Users\\rgajbhiye\\git\\CreditCard\\Reports\\CC_ServiceTestSuite\\20171122_000057\\1511295661099.png, C:\\Users\\rgajbhiye\\git\\CreditCard\\Reports\\CC_ServiceTestSuite\\20171122_000057\\1511295696512.png, C:\\Users\\rgajbhiye\\git\\CreditCard\\Reports\\CC_ServiceTestSuite\\20171122_000057\\1511295732345.png, C:\\Users\\rgajbhiye\\git\\CreditCard\\Reports\\CC_ServiceTestSuite\\20171122_000057\\1511295765183.png, C:\\Users\\rgajbhiye\\git\\CreditCard\\Reports\\CC_ServiceTestSuite\\20171122_000057\\1511295800939.png, C:\\Users\\rgajbhiye\\git\\CreditCard\\Reports\\CC_ServiceTestSuite\\20171122_000057\\1511295844369.png, C:\\Users\\rgajbhiye\\git\\CreditCard\\Reports\\CC_ServiceTestSuite\\20171122_000057\\1511295879220.png, C:\\Users\\rgajbhiye\\git\\CreditCard\\Reports\\CC_ServiceTestSuite\\20171122_000057\\1511295917050.png, C:\\Users\\rgajbhiye\\git\\CreditCard\\Reports\\CC_ServiceTestSuite\\20171122_000057\\1511295953586.png, C:\\Users\\rgajbhiye\\git\\CreditCard\\Reports\\CC_ServiceTestSuite\\20171122_000057\\1511295996283.png, C:\\Users\\rgajbhiye\\git\\CreditCard\\Reports\\CC_ServiceTestSuite\\20171122_000057\\1511296033599.png, C:\\Users\\rgajbhiye\\git\\CreditCard\\Reports\\CC_ServiceTestSuite\\20171122_000057\\1511296068543.png, C:\\Users\\rgajbhiye\\git\\CreditCard\\Reports\\CC_ServiceTestSuite\\20171122_000057\\1511296106108.png, C:\\Users\\rgajbhiye\\git\\CreditCard\\Reports\\CC_ServiceTestSuite\\20171122_000057\\1511296138696.png, C:\\Users\\rgajbhiye\\git\\CreditCard\\Reports\\CC_ServiceTestSuite\\20171122_000057\\1511296173453.png, C:\\Users\\rgajbhiye\\git\\CreditCard\\Reports\\CC_ServiceTestSuite\\20171122_000057\\1511296211081.png, C:\\Users\\rgajbhiye\\git\\CreditCard\\Reports\\CC_ServiceTestSuite\\20171122_000057\\1511296248802.png, C:\\Users\\rgajbhiye\\git\\CreditCard\\Reports\\CC_ServiceTestSuite\\20171122_000057\\1511296254824.png, C:\\Users\\rgajbhiye\\git\\CreditCard\\Reports\\CC_ServiceTestSuite\\20171122_000057\\1511296290626.png, C:\\Users\\rgajbhiye\\git\\CreditCard\\Reports\\CC_ServiceTestSuite\\20171122_000057\\1511296331638.png, C:\\Users\\rgajbhiye\\git\\CreditCard\\Reports\\CC_ServiceTestSuite\\20171122_000057\\1511296367378.png, C:\\Users\\rgajbhiye\\git\\CreditCard\\Reports\\CC_ServiceTestSuite\\20171122_000057\\1511296406659.png, C:\\Users\\rgajbhiye\\git\\CreditCard\\Reports\\CC_ServiceTestSuite\\20171122_000057\\1511296438905.png, C:\\Users\\rgajbhiye\\git\\CreditCard\\Reports\\CC_ServiceTestSuite\\20171122_000057\\1511296471041.png, C:\\Users\\rgajbhiye\\git\\CreditCard\\Reports\\CC_ServiceTestSuite\\20171122_000057\\1511296505424.png, C:\\Users\\rgajbhiye\\git\\CreditCard\\Reports\\CC_ServiceTestSuite\\20171122_000057\\1511296537747.png, C:\\Users\\rgajbhiye\\git\\CreditCard\\Reports\\CC_ServiceTestSuite\\20171122_000057\\1511296572410.png, C:\\Users\\rgajbhiye\\git\\CreditCard\\Reports\\CC_ServiceTestSuite\\20171122_000057\\1511296604749.png, C:\\Users\\rgajbhiye\\git\\CreditCard\\Reports\\CC_ServiceTestSuite\\20171122_000057\\1511296640099.png, C:\\Users\\rgajbhiye\\git\\CreditCard\\Reports\\CC_ServiceTestSuite\\20171122_000057\\1511296672360.png, C:\\Users\\rgajbhiye\\git\\CreditCard\\Reports\\CC_ServiceTestSuite\\20171122_000057\\1511296704918.png, C:\\Users\\rgajbhiye\\git\\CreditCard\\Reports\\CC_ServiceTestSuite\\20171122_000057\\1511296749986.png, C:\\Users\\rgajbhiye\\git\\CreditCard\\Reports\\CC_ServiceTestSuite\\20171122_000057\\1511296791951.png, C:\\Users\\rgajbhiye\\git\\CreditCard\\Reports\\CC_ServiceTestSuite\\20171122_000057\\1511296835944.png, C:\\Users\\rgajbhiye\\git\\CreditCard\\Reports\\CC_ServiceTestSuite\\20171122_000057\\1511296869172.png, C:\\Users\\rgajbhiye\\git\\CreditCard\\Reports\\CC_ServiceTestSuite\\20171122_000057\\1511296903274.png, C:\\Users\\rgajbhiye\\git\\CreditCard\\Reports\\CC_ServiceTestSuite\\20171122_000057\\1511296930534.png, C:\\Users\\rgajbhiye\\git\\CreditCard\\Reports\\CC_ServiceTestSuite\\20171122_000057\\1511296930867.png, C:\\Users\\rgajbhiye\\git\\CreditCard\\Reports\\CC_ServiceTestSuite\\20171122_000057\\1511296979053.png, C:\\Users\\rgajbhiye\\git\\CreditCard\\Reports\\CC_ServiceTestSuite\\20171122_000057\\1511297012531.png, C:\\Users\\rgajbhiye\\git\\CreditCard\\Reports\\CC_ServiceTestSuite\\20171122_000057\\1511297045541.png"/>
         <property name="hostName" value="rgajbhiye - EET-RG.e-emphasys.com"/>
         <property name="os" value="Windows 7 64bit"/>
         <property name="katalonVersion" value="5.0.0.1"/>
         <property name="browser" value="Firefox 43.0"/>
         <property name="hostAddress" value="192.168.25.107"/>
         <property name="sessionId" value="19aa9463-4c30-44cd-9712-134846e2d6fc"/>
         <property name="seleniumVersion" value="2.53.0"/>
         <property name="proxyInformation" value="ProxyInformation{proxyOption=NO_PROXY, proxyServerType=, password=, proxyServerAddress=, proxyServerPort=0}"/>
         <property name="platform" value="Windows 7"/>
      </properties>
      <testcase name="Test Cases/Service/CreditCardRegression/TC001_Service_CreditCard - Iteration 1" classname="Test Cases/Service/CreditCardRegression/TC001_Service_CreditCard" status="FAILED">
         <failure type="FAILED" message="Test Cases/Service/CreditCardRegression/TC001_Service_CreditCard FAILED because (of) Unable to click on object 'Object Repository/Service/ServiceOrder/ServiceOrderHeader/ServiceOrderHeader.Warning' (Root cause: com.kms.katalon.core.webui.exception.WebElementNotFoundException: Web element with id: 'Object Repository/Service/ServiceOrder/ServiceOrderHeader/ServiceOrderHeader.Warning' located by 'By.xpath: //*[@id = 'dlg-tssoc2100m001-0-input-button-1']' not found)"/>
         <system-out><![CDATA[2017-11-22 01:49:04 - [TEST_CASE][FAILED] - Test Cases/Service/CreditCardRegression/TC001_Service_CreditCard - Iteration 1: Test Cases/Service/CreditCardRegression/TC001_Service_CreditCard FAILED because (of) Unable to click on object 'Object Repository/Service/ServiceOrder/ServiceOrderHeader/ServiceOrderHeader.Warning' (Root cause: com.kms.katalon.core.webui.exception.WebElementNotFoundException: Web element with id: 'Object Repository/Service/ServiceOrder/ServiceOrderHeader/ServiceOrderHeader.Warning' located by 'By.xpath: //*[@id = 'dlg-tssoc2100m001-0-input-button-1']' not found)

2017-11-22 01:49:05 - [TEST_STEP][FAILED] - callTestCase: Unable to call Test Case with id 'Test Cases/Service/BaseTestCases/Base_Service_CreateHeader' (Root cause: Call Test Case 'Test Cases/Service/BaseTestCases/Base_Service_CreateHeader' failed)

2017-11-22 01:49:05 - [TEST_CASE][FAILED] - Test Cases/Service/BaseTestCases/Base_Service_CreateHeader: Test Cases/Service/BaseTestCases/Base_Service_CreateHeader FAILED because (of) Unable to click on object 'Object Repository/Service/ServiceOrder/ServiceOrderHeader/ServiceOrderHeader.Warning' (Root cause: com.kms.katalon.core.webui.exception.WebElementNotFoundException: Web element with id: 'Object Repository/Service/ServiceOrder/ServiceOrderHeader/ServiceOrderHeader.Warning' located by 'By.xpath: //*[@id = 'dlg-tssoc2100m001-0-input-button-1']' not found)

2017-11-22 01:49:06 - [TEST_STEP][PASSED] - callTestCase: Call Test Case 'Test Cases/Common/Base_Common_OpenSession' successfully

2017-11-22 01:49:06 - [TEST_CASE][PASSED] - Test Cases/Common/Base_Common_OpenSession: Test Cases/Common/Base_Common_OpenSession

2017-11-22 01:49:06 - [TEST_STEP][PASSED] - openBrowser: Browser is opened with url: 'https://rgajbhiye:Robin$123@proxima-ln4.e-emphasys.com:8441/webui/servlet/login'

2017-11-22 01:49:20 - [MESSAGE][PASSED] - Browser is opened with url: 'https://rgajbhiye:Robin$123@proxima-ln4.e-emphasys.com:8441/webui/servlet/login'

2017-11-22 01:49:20 - [TEST_STEP][PASSED] - waitForPageLoad: Wait for page load successfully

2017-11-22 01:49:20 - [MESSAGE][PASSED] - Wait for page load successfully

2017-11-22 01:49:20 - [TEST_STEP][PASSED] - maximizeWindow: Current window maximized

2017-11-22 01:49:20 - [MESSAGE][PASSED] - Current window maximized

2017-11-22 01:49:20 - [TEST_STEP][PASSED] - click: Object: 'Object Repository/Common/HomePage/HomePage_more' is clicked on

2017-11-22 01:49:24 - [MESSAGE][PASSED] - Object: 'Object Repository/Common/HomePage/HomePage_more' is clicked on

2017-11-22 01:49:24 - [TEST_STEP][PASSED] - click: Object: 'Object Repository/Common/HomePage/HomePage_Option' is clicked on

2017-11-22 01:49:24 - [MESSAGE][PASSED] - Object: 'Object Repository/Common/HomePage/HomePage_Option' is clicked on

2017-11-22 01:49:24 - [TEST_STEP][PASSED] - click: Object: 'Object Repository/Common/HomePage/HomePage_RunProgram_' is clicked on

2017-11-22 01:49:24 - [MESSAGE][PASSED] - Object: 'Object Repository/Common/HomePage/HomePage_RunProgram_' is clicked on

2017-11-22 01:49:24 - [TEST_STEP][PASSED] - sendKeys: Keys 'tssoc2100m001' sent to object: 'Object Repository/Common/HomePage/HomePage_Session_ID'

2017-11-22 01:49:25 - [MESSAGE][PASSED] - Keys 'tssoc2100m001' sent to object: 'Object Repository/Common/HomePage/HomePage_Session_ID'

2017-11-22 01:49:25 - [TEST_STEP][PASSED] - click: Object: 'Object Repository/Common/HomePage/HomePage_OkButton' is clicked on

2017-11-22 01:49:25 - [MESSAGE][PASSED] - Object: 'Object Repository/Common/HomePage/HomePage_OkButton' is clicked on

2017-11-22 01:49:25 - [MESSAGE][PASSED] - Call Test Case 'Test Cases/Common/Base_Common_OpenSession' successfully

2017-11-22 01:49:25 - [TEST_STEP][PASSED] - click: Object: 'Object Repository/Service/ServiceOrder/ServiceOrderHeader/ServiceOrderHeader.Newbutton' is clicked on

2017-11-22 01:49:28 - [MESSAGE][PASSED] - Object: 'Object Repository/Service/ServiceOrder/ServiceOrderHeader/ServiceOrderHeader.Newbutton' is clicked on

2017-11-22 01:49:28 - [TEST_STEP][PASSED] - delay: Delayed 3 second(s)

2017-11-22 01:49:31 - [MESSAGE][PASSED] - Delayed 3 second(s)

2017-11-22 01:49:31 - [TEST_STEP][PASSED] - setText: Text 'M00000182' is set on object 'Object Repository/Service/ServiceOrder/ServiceOrderHeader/ServiceOrderHeader.Customer'

2017-11-22 01:49:31 - [MESSAGE][PASSED] - Text 'M00000182' is set on object 'Object Repository/Service/ServiceOrder/ServiceOrderHeader/ServiceOrderHeader.Customer'

2017-11-22 01:49:31 - [TEST_STEP][PASSED] - sendKeys: Keys 'TAB + ' sent to object: 'Object Repository/Service/ServiceOrder/ServiceOrderHeader/ServiceOrderHeader.Customer'

2017-11-22 01:49:32 - [MESSAGE][PASSED] - Keys 'TAB + ' sent to object: 'Object Repository/Service/ServiceOrder/ServiceOrderHeader/ServiceOrderHeader.Customer'

2017-11-22 01:49:32 - [TEST_STEP][PASSED] - delay: Delayed 3 second(s)

2017-11-22 01:49:35 - [MESSAGE][PASSED] - Delayed 3 second(s)

2017-11-22 01:49:35 - [TEST_STEP][PASSED] - setText: Text 'MD0007993' is set on object 'Object Repository/Service/ServiceOrder/ServiceOrderHeader/ServiceOrderHeader.Unit'

2017-11-22 01:49:35 - [MESSAGE][PASSED] - Text 'MD0007993' is set on object 'Object Repository/Service/ServiceOrder/ServiceOrderHeader/ServiceOrderHeader.Unit'

2017-11-22 01:49:35 - [TEST_STEP][PASSED] - click: Object: 'Object Repository/Service/ServiceOrder/ServiceOrderHeader/ServiceOrderHeader.Save' is clicked on

2017-11-22 01:49:35 - [MESSAGE][PASSED] - Object: 'Object Repository/Service/ServiceOrder/ServiceOrderHeader/ServiceOrderHeader.Save' is clicked on

2017-11-22 01:49:35 - [TEST_STEP][FAILED] - click: Unable to click on object 'Object Repository/Service/ServiceOrder/ServiceOrderHeader/ServiceOrderHeader.Warning' (Root cause: com.kms.katalon.core.webui.exception.WebElementNotFoundException: Web element with id: 'Object Repository/Service/ServiceOrder/ServiceOrderHeader/ServiceOrderHeader.Warning' located by 'By.xpath: //*[@id = 'dlg-tssoc2100m001-0-input-button-1']' not found)

2017-11-22 01:50:08 - [MESSAGE][FAILED] - Unable to click on object 'Object Repository/Service/ServiceOrder/ServiceOrderHeader/ServiceOrderHeader.Warning' (Root cause: com.kms.katalon.core.webui.exception.WebElementNotFoundException: Web element with id: 'Object Repository/Service/ServiceOrder/ServiceOrderHeader/ServiceOrderHeader.Warning' located by 'By.xpath: //*[@id = 'dlg-tssoc2100m001-0-input-button-1']' not found)
[[ATTACHMENT|C:\\Users\\rgajbhiye\\git\\CreditCard\\Reports\\CC_ServiceTestSuite\\20171122_000057\\1511295608012.png]]

2017-11-22 01:50:08 - [TEST_STEP][PASSED] - delay: Delayed 3 second(s)

2017-11-22 01:50:11 - [MESSAGE][PASSED] - Delayed 3 second(s)

2017-11-22 01:50:11 - [TEST_STEP][FAILED] - click: Unable to click on object 'Object Repository/Service/ServiceOrder/ServiceOrderHeader/ServiceOrderHeader.PaymentMode' (Root cause: org.openqa.selenium.WebDriverException: Element is not clickable at point (673, 535). Other element would receive the click: <div style="z-index: 1;" class="WindowManagerGlass"></div>
Command duration or timeout: 110 milliseconds
Build info: version: '2.53.0', revision: '35ae25b', time: '2016-03-15 17:00:58'
System info: host: 'EET-RG', ip: '192.168.25.107', os.name: 'Windows 7', os.arch: 'amd64', os.version: '6.1', java.version: '1.8.0_102'
Driver info: com.kms.katalon.selenium.driver.CFirefoxDriver
Capabilities [{applicationCacheEnabled=true, rotatable=false, handlesAlerts=true, databaseEnabled=true, version=43.0.1, platform=WINDOWS, nativeEvents=false, acceptSslCerts=true, webStorageEnabled=true, locationContextEnabled=true, browserName=firefox, takesScreenshot=true, javascriptEnabled=true, cssSelectorsEnabled=true}]
Session ID: ca17aa4f-60db-481a-87d9-8c8ca4cc0721)

2017-11-22 01:50:11 - [MESSAGE][FAILED] - Unable to click on object 'Object Repository/Service/ServiceOrder/ServiceOrderHeader/ServiceOrderHeader.PaymentMode' (Root cause: org.openqa.selenium.WebDriverException: Element is not clickable at point (673, 535). Other element would receive the click: <div style="z-index: 1;" class="WindowManagerGlass"></div>
Command duration or timeout: 110 milliseconds
Build info: version: '2.53.0', revision: '35ae25b', time: '2016-03-15 17:00:58'
System info: host: 'EET-RG', ip: '192.168.25.107', os.name: 'Windows 7', os.arch: 'amd64', os.version: '6.1', java.version: '1.8.0_102'
Driver info: com.kms.katalon.selenium.driver.CFirefoxDriver
Capabilities [{applicationCacheEnabled=true, rotatable=false, handlesAlerts=true, databaseEnabled=true, version=43.0.1, platform=WINDOWS, nativeEvents=false, acceptSslCerts=true, webStorageEnabled=true, locationContextEnabled=true, browserName=firefox, takesScreenshot=true, javascriptEnabled=true, cssSelectorsEnabled=true}]
Session ID: ca17aa4f-60db-481a-87d9-8c8ca4cc0721)
[[ATTACHMENT|C:\\Users\\rgajbhiye\\git\\CreditCard\\Reports\\CC_ServiceTestSuite\\20171122_000057\\1511295611522.png]]

2017-11-22 01:50:11 - [TEST_STEP][FAILED] - click: Unable to click on object 'Object Repository/Service/ServiceOrder/ServiceOrderHeader/ServiceOrderHeader.CreditCardoption' (Root cause: com.kms.katalon.core.webui.exception.WebElementNotFoundException: Web element with id: 'Object Repository/Service/ServiceOrder/ServiceOrderHeader/ServiceOrderHeader.CreditCardoption' located by 'By.xpath: //*[@id = 'item_1']' not found)

2017-11-22 01:50:44 - [MESSAGE][FAILED] - Unable to click on object 'Object Repository/Service/ServiceOrder/ServiceOrderHeader/ServiceOrderHeader.CreditCardoption' (Root cause: com.kms.katalon.core.webui.exception.WebElementNotFoundException: Web element with id: 'Object Repository/Service/ServiceOrder/ServiceOrderHeader/ServiceOrderHeader.CreditCardoption' located by 'By.xpath: //*[@id = 'item_1']' not found)
[[ATTACHMENT|C:\\Users\\rgajbhiye\\git\\CreditCard\\Reports\\CC_ServiceTestSuite\\20171122_000057\\1511295644220.png]]

2017-11-22 01:50:44 - [TEST_STEP][PASSED] - delay: Delayed 5 second(s)

2017-11-22 01:50:49 - [MESSAGE][PASSED] - Delayed 5 second(s)

2017-11-22 01:50:49 - [TEST_STEP][NOT_RUN] - setText: NOT_RUN: setText

2017-11-22 01:50:49 - [MESSAGE][NOT_RUN] - NOT_RUN: setText

2017-11-22 01:50:49 - [TEST_STEP][FAILED] - click: Unable to click on object 'Object Repository/Service/ServiceOrder/ServiceOrderHeader/ServiceOrderHeader.Save' (Root cause: org.openqa.selenium.WebDriverException: Element is not clickable at point (51, 79). Other element would receive the click: <div style="z-index: 1;" class="WindowManagerGlass"></div>
Command duration or timeout: 94 milliseconds
Build info: version: '2.53.0', revision: '35ae25b', time: '2016-03-15 17:00:58'
System info: host: 'EET-RG', ip: '192.168.25.107', os.name: 'Windows 7', os.arch: 'amd64', os.version: '6.1', java.version: '1.8.0_102'
Driver info: com.kms.katalon.selenium.driver.CFirefoxDriver
Capabilities [{applicationCacheEnabled=true, rotatable=false, handlesAlerts=true, databaseEnabled=true, version=43.0.1, platform=WINDOWS, nativeEvents=false, acceptSslCerts=true, webStorageEnabled=true, locationContextEnabled=true, browserName=firefox, takesScreenshot=true, javascriptEnabled=true, cssSelectorsEnabled=true}]
Session ID: ca17aa4f-60db-481a-87d9-8c8ca4cc0721)

2017-11-22 01:50:49 - [MESSAGE][FAILED] - Unable to click on object 'Object Repository/Service/ServiceOrder/ServiceOrderHeader/ServiceOrderHeader.Save' (Root cause: org.openqa.selenium.WebDriverException: Element is not clickable at point (51, 79). Other element would receive the click: <div style="z-index: 1;" class="WindowManagerGlass"></div>
Command duration or timeout: 94 milliseconds
Build info: version: '2.53.0', revision: '35ae25b', time: '2016-03-15 17:00:58'
System info: host: 'EET-RG', ip: '192.168.25.107', os.name: 'Windows 7', os.arch: 'amd64', os.version: '6.1', java.version: '1.8.0_102'
Driver info: com.kms.katalon.selenium.driver.CFirefoxDriver
Capabilities [{applicationCacheEnabled=true, rotatable=false, handlesAlerts=true, databaseEnabled=true, version=43.0.1, platform=WINDOWS, nativeEvents=false, acceptSslCerts=true, webStorageEnabled=true, locationContextEnabled=true, browserName=firefox, takesScreenshot=true, javascriptEnabled=true, cssSelectorsEnabled=true}]
Session ID: ca17aa4f-60db-481a-87d9-8c8ca4cc0721)
[[ATTACHMENT|C:\\Users\\rgajbhiye\\git\\CreditCard\\Reports\\CC_ServiceTestSuite\\20171122_000057\\1511295649665.png]]

2017-11-22 01:50:49 - [TEST_STEP][PASSED] - delay: Delayed 5 second(s)

2017-11-22 01:50:54 - [MESSAGE][PASSED] - Delayed 5 second(s)

2017-11-22 01:50:54 - [TEST_STEP][PASSED] - Statement - SWOOrderNo = com.kms.katalon.core.webui.keyword.WebUiBuiltInKeywords.getAttribute(com.kms.katalon.core.testobject.ObjectRepository.findTestObject(Service/ServiceOrder/ServiceOrderHeader/ServiceOrderHeader.OrderNo), "value"): Attribute 'value' of object 'Object Repository/Service/ServiceOrder/ServiceOrderHeader/ServiceOrderHeader.OrderNo' is: 'SWO1'

2017-11-22 01:50:55 - [MESSAGE][PASSED] - Attribute 'value' of object 'Object Repository/Service/ServiceOrder/ServiceOrderHeader/ServiceOrderHeader.OrderNo' is: 'SWO1'

2017-11-22 01:50:55 - [TEST_STEP][PASSED] - verifyNotEqual: Actual object 'SWO1' and expected object '' are not equal

2017-11-22 01:50:55 - [MESSAGE][PASSED] - Actual object 'SWO1' and expected object '' are not equal

2017-11-22 01:50:55 - [TEST_STEP][PASSED] - delay: Delayed 5 second(s)

2017-11-22 01:51:00 - [MESSAGE][PASSED] - Delayed 5 second(s)

2017-11-22 01:51:00 - [TEST_STEP][FAILED] - click: Unable to click on object 'Object Repository/Service/ServiceOrder/ServiceOrderHeader/ServiceOrderHeader.Actions' (Root cause: org.openqa.selenium.WebDriverException: Element is not clickable at point (645, 79.01666259765625). Other element would receive the click: <div style="z-index: 1;" class="WindowManagerGlass"></div>
Command duration or timeout: 93 milliseconds
Build info: version: '2.53.0', revision: '35ae25b', time: '2016-03-15 17:00:58'
System info: host: 'EET-RG', ip: '192.168.25.107', os.name: 'Windows 7', os.arch: 'amd64', os.version: '6.1', java.version: '1.8.0_102'
Driver info: com.kms.katalon.selenium.driver.CFirefoxDriver
Capabilities [{applicationCacheEnabled=true, rotatable=false, handlesAlerts=true, databaseEnabled=true, version=43.0.1, platform=WINDOWS, nativeEvents=false, acceptSslCerts=true, webStorageEnabled=true, locationContextEnabled=true, browserName=firefox, takesScreenshot=true, javascriptEnabled=true, cssSelectorsEnabled=true}]
Session ID: ca17aa4f-60db-481a-87d9-8c8ca4cc0721)

2017-11-22 01:51:01 - [MESSAGE][FAILED] - Unable to click on object 'Object Repository/Service/ServiceOrder/ServiceOrderHeader/ServiceOrderHeader.Actions' (Root cause: org.openqa.selenium.WebDriverException: Element is not clickable at point (645, 79.01666259765625). Other element would receive the click: <div style="z-index: 1;" class="WindowManagerGlass"></div>
Command duration or timeout: 93 milliseconds
Build info: version: '2.53.0', revision: '35ae25b', time: '2016-03-15 17:00:58'
System info: host: 'EET-RG', ip: '192.168.25.107', os.name: 'Windows 7', os.arch: 'amd64', os.version: '6.1', java.version: '1.8.0_102'
Driver info: com.kms.katalon.selenium.driver.CFirefoxDriver
Capabilities [{applicationCacheEnabled=true, rotatable=false, handlesAlerts=true, databaseEnabled=true, version=43.0.1, platform=WINDOWS, nativeEvents=false, acceptSslCerts=true, webStorageEnabled=true, locationContextEnabled=true, browserName=firefox, takesScreenshot=true, javascriptEnabled=true, cssSelectorsEnabled=true}]
Session ID: ca17aa4f-60db-481a-87d9-8c8ca4cc0721)
[[ATTACHMENT|C:\\Users\\rgajbhiye\\git\\CreditCard\\Reports\\CC_ServiceTestSuite\\20171122_000057\\1511295661099.png]]

2017-11-22 01:51:01 - [TEST_STEP][PASSED] - delay: Delayed 3 second(s)

2017-11-22 01:51:04 - [MESSAGE][PASSED] - Delayed 3 second(s)

2017-11-22 01:51:04 - [TEST_STEP][FAILED] - click: Unable to click on object 'Object Repository/Service/ServiceOrder/ServiceOrderHeader/ServiceOrderHeader.Segments' (Root cause: com.kms.katalon.core.webui.exception.WebElementNotFoundException: Web element with id: 'Object Repository/Service/ServiceOrder/ServiceOrderHeader/ServiceOrderHeader.Segments' located by 'By.xpath: //*[@id = 'tssoc2100m001-0-menu-std:action-form-view.segments']' not found)

2017-11-22 01:51:36 - [MESSAGE][FAILED] - Unable to click on object 'Object Repository/Service/ServiceOrder/ServiceOrderHeader/ServiceOrderHeader.Segments' (Root cause: com.kms.katalon.core.webui.exception.WebElementNotFoundException: Web element with id: 'Object Repository/Service/ServiceOrder/ServiceOrderHeader/ServiceOrderHeader.Segments' located by 'By.xpath: //*[@id = 'tssoc2100m001-0-menu-std:action-form-view.segments']' not found)
[[ATTACHMENT|C:\\Users\\rgajbhiye\\git\\CreditCard\\Reports\\CC_ServiceTestSuite\\20171122_000057\\1511295696512.png]]

2017-11-22 01:51:36 - [TEST_STEP][PASSED] - delay: Delayed 3 second(s)

2017-11-22 01:51:39 - [MESSAGE][PASSED] - Delayed 3 second(s)

2017-11-22 01:51:39 - [MESSAGE][FAILED] - Unable to call Test Case with id 'Test Cases/Service/BaseTestCases/Base_Service_CreateHeader' (Root cause: Call Test Case 'Test Cases/Service/BaseTestCases/Base_Service_CreateHeader' failed)

2017-11-22 01:51:39 - [TEST_STEP][FAILED] - callTestCase: Unable to call Test Case with id 'Test Cases/Service/BaseTestCases/Base_Service_AddSegment' (Root cause: Call Test Case 'Test Cases/Service/BaseTestCases/Base_Service_AddSegment' failed)

2017-11-22 01:51:39 - [TEST_CASE][FAILED] - Test Cases/Service/BaseTestCases/Base_Service_AddSegment: Test Cases/Service/BaseTestCases/Base_Service_AddSegment FAILED because (of) Unable to click on object 'Object Repository/Service/ServiceOrder/ServiceOrderSegment/ServiceOrderSegment.ServiceType' (Root cause: com.kms.katalon.core.webui.exception.WebElementNotFoundException: Web element with id: 'Object Repository/Service/ServiceOrder/ServiceOrderSegment/ServiceOrderSegment.ServiceType' located by 'By.xpath: //*[@id = 'tssoc2110m002-1-tssoc210.cstp-38-lookup-widget']' not found)

2017-11-22 01:51:40 - [TEST_STEP][FAILED] - click: Unable to click on object 'Object Repository/Service/ServiceOrder/ServiceOrderSegment/ServiceOrderSegment.ServiceType' (Root cause: com.kms.katalon.core.webui.exception.WebElementNotFoundException: Web element with id: 'Object Repository/Service/ServiceOrder/ServiceOrderSegment/ServiceOrderSegment.ServiceType' located by 'By.xpath: //*[@id = 'tssoc2110m002-1-tssoc210.cstp-38-lookup-widget']' not found)

2017-11-22 01:52:12 - [MESSAGE][FAILED] - Unable to click on object 'Object Repository/Service/ServiceOrder/ServiceOrderSegment/ServiceOrderSegment.ServiceType' (Root cause: com.kms.katalon.core.webui.exception.WebElementNotFoundException: Web element with id: 'Object Repository/Service/ServiceOrder/ServiceOrderSegment/ServiceOrderSegment.ServiceType' located by 'By.xpath: //*[@id = 'tssoc2110m002-1-tssoc210.cstp-38-lookup-widget']' not found)
[[ATTACHMENT|C:\\Users\\rgajbhiye\\git\\CreditCard\\Reports\\CC_ServiceTestSuite\\20171122_000057\\1511295732345.png]]

2017-11-22 01:52:12 - [TEST_STEP][FAILED] - setText: Unable to set text 'ABC' of object 'Object Repository/Service/ServiceOrder/ServiceOrderSegment/ServiceOrderSegment.ServiceType' (Root cause: com.kms.katalon.core.webui.exception.WebElementNotFoundException: Web element with id: 'Object Repository/Service/ServiceOrder/ServiceOrderSegment/ServiceOrderSegment.ServiceType' located by 'By.xpath: //*[@id = 'tssoc2110m002-1-tssoc210.cstp-38-lookup-widget']' not found)

2017-11-22 01:52:45 - [MESSAGE][FAILED] - Unable to set text 'ABC' of object 'Object Repository/Service/ServiceOrder/ServiceOrderSegment/ServiceOrderSegment.ServiceType' (Root cause: com.kms.katalon.core.webui.exception.WebElementNotFoundException: Web element with id: 'Object Repository/Service/ServiceOrder/ServiceOrderSegment/ServiceOrderSegment.ServiceType' located by 'By.xpath: //*[@id = 'tssoc2110m002-1-tssoc210.cstp-38-lookup-widget']' not found)
[[ATTACHMENT|C:\\Users\\rgajbhiye\\git\\CreditCard\\Reports\\CC_ServiceTestSuite\\20171122_000057\\1511295765183.png]]

2017-11-22 01:52:45 - [TEST_STEP][NOT_RUN] - sendKeys: NOT_RUN: sendKeys

2017-11-22 01:52:45 - [MESSAGE][NOT_RUN] - NOT_RUN: sendKeys

2017-11-22 01:52:45 - [TEST_STEP][PASSED] - delay: Delayed 3 second(s)

2017-11-22 01:52:48 - [MESSAGE][PASSED] - Delayed 3 second(s)

2017-11-22 01:52:48 - [TEST_STEP][FAILED] - click: Unable to click on object 'Object Repository/Service/ServiceOrder/ServiceOrderSegment/ServiceOrderSegment.Save' (Root cause: com.kms.katalon.core.webui.exception.WebElementNotFoundException: Web element with id: 'Object Repository/Service/ServiceOrder/ServiceOrderSegment/ServiceOrderSegment.Save' located by 'By.xpath: //*[@id = 'tssoc2110m002-1-button-std-file.save']' not found)

2017-11-22 01:53:21 - [MESSAGE][FAILED] - Unable to click on object 'Object Repository/Service/ServiceOrder/ServiceOrderSegment/ServiceOrderSegment.Save' (Root cause: com.kms.katalon.core.webui.exception.WebElementNotFoundException: Web element with id: 'Object Repository/Service/ServiceOrder/ServiceOrderSegment/ServiceOrderSegment.Save' located by 'By.xpath: //*[@id = 'tssoc2110m002-1-button-std-file.save']' not found)
[[ATTACHMENT|C:\\Users\\rgajbhiye\\git\\CreditCard\\Reports\\CC_ServiceTestSuite\\20171122_000057\\1511295800939.png]]

2017-11-22 01:53:21 - [TEST_STEP][PASSED] - delay: Delayed 10 second(s)

2017-11-22 01:53:31 - [MESSAGE][PASSED] - Delayed 10 second(s)

2017-11-22 01:53:31 - [TEST_STEP][FAILED] - click: Unable to click on object 'Object Repository/Service/ServiceOrder/ServiceOrderSegment/ServiceOrderSegment.Action' (Root cause: com.kms.katalon.core.webui.exception.WebElementNotFoundException: Web element with id: 'Object Repository/Service/ServiceOrder/ServiceOrderSegment/ServiceOrderSegment.Action' located by 'By.xpath: //*[@id = 'tssoc2110m002-1-button-std:action']' not found)

2017-11-22 01:54:04 - [MESSAGE][FAILED] - Unable to click on object 'Object Repository/Service/ServiceOrder/ServiceOrderSegment/ServiceOrderSegment.Action' (Root cause: com.kms.katalon.core.webui.exception.WebElementNotFoundException: Web element with id: 'Object Repository/Service/ServiceOrder/ServiceOrderSegment/ServiceOrderSegment.Action' located by 'By.xpath: //*[@id = 'tssoc2110m002-1-button-std:action']' not found)
[[ATTACHMENT|C:\\Users\\rgajbhiye\\git\\CreditCard\\Reports\\CC_ServiceTestSuite\\20171122_000057\\1511295844369.png]]

2017-11-22 01:54:04 - [TEST_STEP][PASSED] - delay: Delayed 2 second(s)

2017-11-22 01:54:06 - [MESSAGE][PASSED] - Delayed 2 second(s)

2017-11-22 01:54:06 - [TEST_STEP][FAILED] - click: Unable to click on object 'Object Repository/Service/ServiceOrder/ServiceOrderSegment/ServiceOrderSegment.Release' (Root cause: com.kms.katalon.core.webui.exception.WebElementNotFoundException: Web element with id: 'Object Repository/Service/ServiceOrder/ServiceOrderSegment/ServiceOrderSegment.Release' located by 'By.xpath: //*[@id = 'tssoc2110m002-1-menu-std:action-form-exec.user.9']' not found)

2017-11-22 01:54:39 - [MESSAGE][FAILED] - Unable to click on object 'Object Repository/Service/ServiceOrder/ServiceOrderSegment/ServiceOrderSegment.Release' (Root cause: com.kms.katalon.core.webui.exception.WebElementNotFoundException: Web element with id: 'Object Repository/Service/ServiceOrder/ServiceOrderSegment/ServiceOrderSegment.Release' located by 'By.xpath: //*[@id = 'tssoc2110m002-1-menu-std:action-form-exec.user.9']' not found)
[[ATTACHMENT|C:\\Users\\rgajbhiye\\git\\CreditCard\\Reports\\CC_ServiceTestSuite\\20171122_000057\\1511295879220.png]]

2017-11-22 01:54:39 - [TEST_STEP][PASSED] - delay: Delayed 5 second(s)

2017-11-22 01:54:44 - [MESSAGE][PASSED] - Delayed 5 second(s)

2017-11-22 01:54:44 - [TEST_STEP][NOT_RUN] - click: NOT_RUN: click

2017-11-22 01:54:44 - [MESSAGE][NOT_RUN] - NOT_RUN: click

2017-11-22 01:54:44 - [TEST_STEP][NOT_RUN] - click: NOT_RUN: click

2017-11-22 01:54:44 - [MESSAGE][NOT_RUN] - NOT_RUN: click

2017-11-22 01:54:44 - [TEST_STEP][NOT_RUN] - delay: NOT_RUN: delay

2017-11-22 01:54:44 - [MESSAGE][NOT_RUN] - NOT_RUN: delay

2017-11-22 01:54:44 - [TEST_STEP][NOT_RUN] - setText: NOT_RUN: setText

2017-11-22 01:54:44 - [MESSAGE][NOT_RUN] - NOT_RUN: setText

2017-11-22 01:54:44 - [TEST_STEP][NOT_RUN] - sendKeys: NOT_RUN: sendKeys

2017-11-22 01:54:44 - [MESSAGE][NOT_RUN] - NOT_RUN: sendKeys

2017-11-22 01:54:44 - [TEST_STEP][NOT_RUN] - delay: NOT_RUN: delay

2017-11-22 01:54:44 - [MESSAGE][NOT_RUN] - NOT_RUN: delay

2017-11-22 01:54:44 - [TEST_STEP][NOT_RUN] - click: NOT_RUN: click

2017-11-22 01:54:44 - [MESSAGE][NOT_RUN] - NOT_RUN: click

2017-11-22 01:54:44 - [TEST_STEP][NOT_RUN] - delay: NOT_RUN: delay

2017-11-22 01:54:44 - [MESSAGE][NOT_RUN] - NOT_RUN: delay

2017-11-22 01:54:44 - [TEST_STEP][FAILED] - click: Unable to click on object 'Object Repository/Service/ServiceOrder/ServiceOrderSegment/ServiceOrderSegment.Action' (Root cause: com.kms.katalon.core.webui.exception.WebElementNotFoundException: Web element with id: 'Object Repository/Service/ServiceOrder/ServiceOrderSegment/ServiceOrderSegment.Action' located by 'By.xpath: //*[@id = 'tssoc2110m002-1-button-std:action']' not found)

2017-11-22 01:55:17 - [MESSAGE][FAILED] - Unable to click on object 'Object Repository/Service/ServiceOrder/ServiceOrderSegment/ServiceOrderSegment.Action' (Root cause: com.kms.katalon.core.webui.exception.WebElementNotFoundException: Web element with id: 'Object Repository/Service/ServiceOrder/ServiceOrderSegment/ServiceOrderSegment.Action' located by 'By.xpath: //*[@id = 'tssoc2110m002-1-button-std:action']' not found)
[[ATTACHMENT|C:\\Users\\rgajbhiye\\git\\CreditCard\\Reports\\CC_ServiceTestSuite\\20171122_000057\\1511295917050.png]]

2017-11-22 01:55:17 - [TEST_STEP][PASSED] - delay: Delayed 3 second(s)

2017-11-22 01:55:20 - [MESSAGE][PASSED] - Delayed 3 second(s)

2017-11-22 01:55:20 - [MESSAGE][FAILED] - Unable to call Test Case with id 'Test Cases/Service/BaseTestCases/Base_Service_AddSegment' (Root cause: Call Test Case 'Test Cases/Service/BaseTestCases/Base_Service_AddSegment' failed)

2017-11-22 01:55:20 - [TEST_STEP][FAILED] - callTestCase: Unable to call Test Case with id 'Test Cases/Service/BaseTestCases/Base_Service_Add Others' (Root cause: Call Test Case 'Test Cases/Service/BaseTestCases/Base_Service_Add Others' failed)

2017-11-22 01:55:20 - [TEST_CASE][FAILED] - Test Cases/Service/BaseTestCases/Base_Service_Add Others: Test Cases/Service/BaseTestCases/Base_Service_Add Others FAILED because (of) Unable to click on object 'Object Repository/Service/ServiceOrder/ServiceOrderSegment/ServiceOrderSegment.Others' (Root cause: com.kms.katalon.core.webui.exception.WebElementNotFoundException: Web element with id: 'Object Repository/Service/ServiceOrder/ServiceOrderSegment/ServiceOrderSegment.Others' located by 'By.xpath: //*[@id = 'tssoc2110m002-1-menu-std:action-form-estimated.others']' not found)

2017-11-22 01:55:20 - [TEST_STEP][FAILED] - click: Unable to click on object 'Object Repository/Service/ServiceOrder/ServiceOrderSegment/ServiceOrderSegment.Others' (Root cause: com.kms.katalon.core.webui.exception.WebElementNotFoundException: Web element with id: 'Object Repository/Service/ServiceOrder/ServiceOrderSegment/ServiceOrderSegment.Others' located by 'By.xpath: //*[@id = 'tssoc2110m002-1-menu-std:action-form-estimated.others']' not found)

2017-11-22 01:55:53 - [MESSAGE][FAILED] - Unable to click on object 'Object Repository/Service/ServiceOrder/ServiceOrderSegment/ServiceOrderSegment.Others' (Root cause: com.kms.katalon.core.webui.exception.WebElementNotFoundException: Web element with id: 'Object Repository/Service/ServiceOrder/ServiceOrderSegment/ServiceOrderSegment.Others' located by 'By.xpath: //*[@id = 'tssoc2110m002-1-menu-std:action-form-estimated.others']' not found)
[[ATTACHMENT|C:\\Users\\rgajbhiye\\git\\CreditCard\\Reports\\CC_ServiceTestSuite\\20171122_000057\\1511295953586.png]]

2017-11-22 01:55:53 - [TEST_STEP][PASSED] - delay: Delayed 10 second(s)

2017-11-22 01:56:03 - [MESSAGE][PASSED] - Delayed 10 second(s)

2017-11-22 01:56:03 - [TEST_STEP][FAILED] - click: Unable to click on object 'Object Repository/Service/ServiceOrder/ServiceOrderSegment/ServiceOrderSegment.OthersNew' (Root cause: com.kms.katalon.core.webui.exception.WebElementNotFoundException: Web element with id: 'Object Repository/Service/ServiceOrder/ServiceOrderSegment/ServiceOrderSegment.OthersNew' located by 'By.xpath: //*[@id = 'tssoc2140m001-2-button-std-file.new']' not found)

2017-11-22 01:56:36 - [MESSAGE][FAILED] - Unable to click on object 'Object Repository/Service/ServiceOrder/ServiceOrderSegment/ServiceOrderSegment.OthersNew' (Root cause: com.kms.katalon.core.webui.exception.WebElementNotFoundException: Web element with id: 'Object Repository/Service/ServiceOrder/ServiceOrderSegment/ServiceOrderSegment.OthersNew' located by 'By.xpath: //*[@id = 'tssoc2140m001-2-button-std-file.new']' not found)
[[ATTACHMENT|C:\\Users\\rgajbhiye\\git\\CreditCard\\Reports\\CC_ServiceTestSuite\\20171122_000057\\1511295996283.png]]

2017-11-22 01:56:36 - [TEST_STEP][PASSED] - delay: Delayed 5 second(s)

2017-11-22 01:56:41 - [MESSAGE][PASSED] - Delayed 5 second(s)

2017-11-22 01:56:41 - [TEST_STEP][FAILED] - click: Unable to click on object 'Object Repository/Service/ServiceOrder/ServiceOrderSegment/ServiceOrderSegment.OthersCostComp' (Root cause: com.kms.katalon.core.webui.exception.WebElementNotFoundException: Web element with id: 'Object Repository/Service/ServiceOrder/ServiceOrderSegment/ServiceOrderSegment.OthersCostComp' located by 'By.xpath: //*[@id = 'tssoc2140m001-2-grid-1-tssoc240.ccmp-31-0-widget']' not found)

2017-11-22 01:57:14 - [MESSAGE][FAILED] - Unable to click on object 'Object Repository/Service/ServiceOrder/ServiceOrderSegment/ServiceOrderSegment.OthersCostComp' (Root cause: com.kms.katalon.core.webui.exception.WebElementNotFoundException: Web element with id: 'Object Repository/Service/ServiceOrder/ServiceOrderSegment/ServiceOrderSegment.OthersCostComp' located by 'By.xpath: //*[@id = 'tssoc2140m001-2-grid-1-tssoc240.ccmp-31-0-widget']' not found)
[[ATTACHMENT|C:\\Users\\rgajbhiye\\git\\CreditCard\\Reports\\CC_ServiceTestSuite\\20171122_000057\\1511296033599.png]]

2017-11-22 01:57:14 - [TEST_STEP][PASSED] - delay: Delayed 2 second(s)

2017-11-22 01:57:16 - [MESSAGE][PASSED] - Delayed 2 second(s)

2017-11-22 01:57:16 - [TEST_STEP][FAILED] - setText: Unable to set text 'APP' of object 'Object Repository/Service/ServiceOrder/ServiceOrderSegment/ServiceOrderSegment.OthersCostComp' (Root cause: com.kms.katalon.core.webui.exception.WebElementNotFoundException: Web element with id: 'Object Repository/Service/ServiceOrder/ServiceOrderSegment/ServiceOrderSegment.OthersCostComp' located by 'By.xpath: //*[@id = 'tssoc2140m001-2-grid-1-tssoc240.ccmp-31-0-widget']' not found)

2017-11-22 01:57:48 - [MESSAGE][FAILED] - Unable to set text 'APP' of object 'Object Repository/Service/ServiceOrder/ServiceOrderSegment/ServiceOrderSegment.OthersCostComp' (Root cause: com.kms.katalon.core.webui.exception.WebElementNotFoundException: Web element with id: 'Object Repository/Service/ServiceOrder/ServiceOrderSegment/ServiceOrderSegment.OthersCostComp' located by 'By.xpath: //*[@id = 'tssoc2140m001-2-grid-1-tssoc240.ccmp-31-0-widget']' not found)
[[ATTACHMENT|C:\\Users\\rgajbhiye\\git\\CreditCard\\Reports\\CC_ServiceTestSuite\\20171122_000057\\1511296068543.png]]

2017-11-22 01:57:48 - [TEST_STEP][PASSED] - delay: Delayed 5 second(s)

2017-11-22 01:57:53 - [MESSAGE][PASSED] - Delayed 5 second(s)

2017-11-22 01:57:53 - [TEST_STEP][FAILED] - scrollToElement: Unable to scroll to object 'Object Repository/Service/ServiceOrder/ServiceOrderSegment/ServiceOrderSegment.Actual Qty' (Root cause: com.kms.katalon.core.webui.exception.WebElementNotFoundException: Web element with id: 'Object Repository/Service/ServiceOrder/ServiceOrderSegment/ServiceOrderSegment.Actual Qty' located by 'By.xpath: //*[@id = 'tssoc2140m001-2-grid-1-tssoc240.aqan-42-0-widget']' not found)

2017-11-22 01:58:26 - [MESSAGE][FAILED] - Unable to scroll to object 'Object Repository/Service/ServiceOrder/ServiceOrderSegment/ServiceOrderSegment.Actual Qty' (Root cause: com.kms.katalon.core.webui.exception.WebElementNotFoundException: Web element with id: 'Object Repository/Service/ServiceOrder/ServiceOrderSegment/ServiceOrderSegment.Actual Qty' located by 'By.xpath: //*[@id = 'tssoc2140m001-2-grid-1-tssoc240.aqan-42-0-widget']' not found)
[[ATTACHMENT|C:\\Users\\rgajbhiye\\git\\CreditCard\\Reports\\CC_ServiceTestSuite\\20171122_000057\\1511296106108.png]]

2017-11-22 01:58:26 - [TEST_STEP][FAILED] - click: Unable to click on object 'Object Repository/Service/ServiceOrder/ServiceOrderSegment/ServiceOrderSegment.Actual Qty' (Root cause: com.kms.katalon.core.webui.exception.WebElementNotFoundException: Web element with id: 'Object Repository/Service/ServiceOrder/ServiceOrderSegment/ServiceOrderSegment.Actual Qty' located by 'By.xpath: //*[@id = 'tssoc2140m001-2-grid-1-tssoc240.aqan-42-0-widget']' not found)

2017-11-22 01:58:58 - [MESSAGE][FAILED] - Unable to click on object 'Object Repository/Service/ServiceOrder/ServiceOrderSegment/ServiceOrderSegment.Actual Qty' (Root cause: com.kms.katalon.core.webui.exception.WebElementNotFoundException: Web element with id: 'Object Repository/Service/ServiceOrder/ServiceOrderSegment/ServiceOrderSegment.Actual Qty' located by 'By.xpath: //*[@id = 'tssoc2140m001-2-grid-1-tssoc240.aqan-42-0-widget']' not found)
[[ATTACHMENT|C:\\Users\\rgajbhiye\\git\\CreditCard\\Reports\\CC_ServiceTestSuite\\20171122_000057\\1511296138696.png]]

2017-11-22 01:58:58 - [TEST_STEP][PASSED] - delay: Delayed 2 second(s)

2017-11-22 01:59:00 - [MESSAGE][PASSED] - Delayed 2 second(s)

2017-11-22 01:59:00 - [TEST_STEP][FAILED] - sendKeys: Unable to send keys '2' to object 'Object Repository/Service/ServiceOrder/ServiceOrderSegment/ServiceOrderSegment.Actual Qty' (Root cause: com.kms.katalon.core.webui.exception.WebElementNotFoundException: Web element with id: 'Object Repository/Service/ServiceOrder/ServiceOrderSegment/ServiceOrderSegment.Actual Qty' located by 'By.xpath: //*[@id = 'tssoc2140m001-2-grid-1-tssoc240.aqan-42-0-widget']' not found)

2017-11-22 01:59:33 - [MESSAGE][FAILED] - Unable to send keys '2' to object 'Object Repository/Service/ServiceOrder/ServiceOrderSegment/ServiceOrderSegment.Actual Qty' (Root cause: com.kms.katalon.core.webui.exception.WebElementNotFoundException: Web element with id: 'Object Repository/Service/ServiceOrder/ServiceOrderSegment/ServiceOrderSegment.Actual Qty' located by 'By.xpath: //*[@id = 'tssoc2140m001-2-grid-1-tssoc240.aqan-42-0-widget']' not found)
[[ATTACHMENT|C:\\Users\\rgajbhiye\\git\\CreditCard\\Reports\\CC_ServiceTestSuite\\20171122_000057\\1511296173453.png]]

2017-11-22 01:59:33 - [TEST_STEP][PASSED] - delay: Delayed 5 second(s)

2017-11-22 01:59:38 - [MESSAGE][PASSED] - Delayed 5 second(s)

2017-11-22 01:59:38 - [TEST_STEP][NOT_RUN] - click: NOT_RUN: click

2017-11-22 01:59:38 - [MESSAGE][NOT_RUN] - NOT_RUN: click

2017-11-22 01:59:38 - [TEST_STEP][FAILED] - click: Unable to click on object 'Object Repository/Service/ServiceOrder/ServiceOrderSegment/ServiceOrderSegmentOthers.SaveClose' (Root cause: com.kms.katalon.core.webui.exception.WebElementNotFoundException: Web element with id: 'Object Repository/Service/ServiceOrder/ServiceOrderSegment/ServiceOrderSegmentOthers.SaveClose' located by 'By.xpath: //*[@id = 'tssoc2140m001-2-button-std-file.save_and_close']' not found)

2017-11-22 02:00:11 - [MESSAGE][FAILED] - Unable to click on object 'Object Repository/Service/ServiceOrder/ServiceOrderSegment/ServiceOrderSegmentOthers.SaveClose' (Root cause: com.kms.katalon.core.webui.exception.WebElementNotFoundException: Web element with id: 'Object Repository/Service/ServiceOrder/ServiceOrderSegment/ServiceOrderSegmentOthers.SaveClose' located by 'By.xpath: //*[@id = 'tssoc2140m001-2-button-std-file.save_and_close']' not found)
[[ATTACHMENT|C:\\Users\\rgajbhiye\\git\\CreditCard\\Reports\\CC_ServiceTestSuite\\20171122_000057\\1511296211081.png]]

2017-11-22 02:00:11 - [TEST_STEP][PASSED] - delay: Delayed 5 second(s)

2017-11-22 02:00:16 - [MESSAGE][PASSED] - Delayed 5 second(s)

2017-11-22 02:00:16 - [TEST_STEP][FAILED] - click: Unable to click on object 'Object Repository/Service/ServiceOrder/ServiceOrderSegment/ServiceOrderSegment.SaveClose' (Root cause: com.kms.katalon.core.webui.exception.WebElementNotFoundException: Web element with id: 'Object Repository/Service/ServiceOrder/ServiceOrderSegment/ServiceOrderSegment.SaveClose' located by 'By.xpath: //*[@id = 'tssoc2110m002-1-button-std-file.save_and_close']' not found)

2017-11-22 02:00:49 - [MESSAGE][FAILED] - Unable to click on object 'Object Repository/Service/ServiceOrder/ServiceOrderSegment/ServiceOrderSegment.SaveClose' (Root cause: com.kms.katalon.core.webui.exception.WebElementNotFoundException: Web element with id: 'Object Repository/Service/ServiceOrder/ServiceOrderSegment/ServiceOrderSegment.SaveClose' located by 'By.xpath: //*[@id = 'tssoc2110m002-1-button-std-file.save_and_close']' not found)
[[ATTACHMENT|C:\\Users\\rgajbhiye\\git\\CreditCard\\Reports\\CC_ServiceTestSuite\\20171122_000057\\1511296248802.png]]

2017-11-22 02:00:49 - [MESSAGE][FAILED] - Unable to call Test Case with id 'Test Cases/Service/BaseTestCases/Base_Service_Add Others' (Root cause: Call Test Case 'Test Cases/Service/BaseTestCases/Base_Service_Add Others' failed)

2017-11-22 02:00:49 - [TEST_STEP][FAILED] - callTestCase: Unable to call Test Case with id 'Test Cases/Service/BaseTestCases/Base_Service_HeaderInvoice' (Root cause: Call Test Case 'Test Cases/Service/BaseTestCases/Base_Service_HeaderInvoice' failed)

2017-11-22 02:00:49 - [TEST_CASE][FAILED] - Test Cases/Service/BaseTestCases/Base_Service_HeaderInvoice: Test Cases/Service/BaseTestCases/Base_Service_HeaderInvoice FAILED because (of) Unable to click on object 'Object Repository/Service/ServiceOrder/ServiceOrderHeader/ServiceOrderHeader.Actions' (Root cause: org.openqa.selenium.WebDriverException: Element is not clickable at point (645, 79.01666259765625). Other element would receive the click: <div style="z-index: 1;" class="WindowManagerGlass"></div>
Command duration or timeout: 94 milliseconds
Build info: version: '2.53.0', revision: '35ae25b', time: '2016-03-15 17:00:58'
System info: host: 'EET-RG', ip: '192.168.25.107', os.name: 'Windows 7', os.arch: 'amd64', os.version: '6.1', java.version: '1.8.0_102'
Driver info: com.kms.katalon.selenium.driver.CFirefoxDriver
Capabilities [{applicationCacheEnabled=true, rotatable=false, handlesAlerts=true, databaseEnabled=true, version=43.0.1, platform=WINDOWS, nativeEvents=false, acceptSslCerts=true, webStorageEnabled=true, locationContextEnabled=true, browserName=firefox, takesScreenshot=true, javascriptEnabled=true, cssSelectorsEnabled=true}]
Session ID: ca17aa4f-60db-481a-87d9-8c8ca4cc0721)

2017-11-22 02:00:49 - [TEST_STEP][PASSED] - delay: Delayed 5 second(s)

2017-11-22 02:00:54 - [MESSAGE][PASSED] - Delayed 5 second(s)

2017-11-22 02:00:54 - [TEST_STEP][FAILED] - click: Unable to click on object 'Object Repository/Service/ServiceOrder/ServiceOrderHeader/ServiceOrderHeader.Actions' (Root cause: org.openqa.selenium.WebDriverException: Element is not clickable at point (645, 79.01666259765625). Other element would receive the click: <div style="z-index: 1;" class="WindowManagerGlass"></div>
Command duration or timeout: 94 milliseconds
Build info: version: '2.53.0', revision: '35ae25b', time: '2016-03-15 17:00:58'
System info: host: 'EET-RG', ip: '192.168.25.107', os.name: 'Windows 7', os.arch: 'amd64', os.version: '6.1', java.version: '1.8.0_102'
Driver info: com.kms.katalon.selenium.driver.CFirefoxDriver
Capabilities [{applicationCacheEnabled=true, rotatable=false, handlesAlerts=true, databaseEnabled=true, version=43.0.1, platform=WINDOWS, nativeEvents=false, acceptSslCerts=true, webStorageEnabled=true, locationContextEnabled=true, browserName=firefox, takesScreenshot=true, javascriptEnabled=true, cssSelectorsEnabled=true}]
Session ID: ca17aa4f-60db-481a-87d9-8c8ca4cc0721)

2017-11-22 02:00:55 - [MESSAGE][FAILED] - Unable to click on object 'Object Repository/Service/ServiceOrder/ServiceOrderHeader/ServiceOrderHeader.Actions' (Root cause: org.openqa.selenium.WebDriverException: Element is not clickable at point (645, 79.01666259765625). Other element would receive the click: <div style="z-index: 1;" class="WindowManagerGlass"></div>
Command duration or timeout: 94 milliseconds
Build info: version: '2.53.0', revision: '35ae25b', time: '2016-03-15 17:00:58'
System info: host: 'EET-RG', ip: '192.168.25.107', os.name: 'Windows 7', os.arch: 'amd64', os.version: '6.1', java.version: '1.8.0_102'
Driver info: com.kms.katalon.selenium.driver.CFirefoxDriver
Capabilities [{applicationCacheEnabled=true, rotatable=false, handlesAlerts=true, databaseEnabled=true, version=43.0.1, platform=WINDOWS, nativeEvents=false, acceptSslCerts=true, webStorageEnabled=true, locationContextEnabled=true, browserName=firefox, takesScreenshot=true, javascriptEnabled=true, cssSelectorsEnabled=true}]
Session ID: ca17aa4f-60db-481a-87d9-8c8ca4cc0721)
[[ATTACHMENT|C:\\Users\\rgajbhiye\\git\\CreditCard\\Reports\\CC_ServiceTestSuite\\20171122_000057\\1511296254824.png]]

2017-11-22 02:00:55 - [TEST_STEP][PASSED] - delay: Delayed 3 second(s)

2017-11-22 02:00:58 - [MESSAGE][PASSED] - Delayed 3 second(s)

2017-11-22 02:00:58 - [TEST_STEP][FAILED] - click: Unable to click on object 'Object Repository/Service/ServiceOrder/ServiceOrderHeader/ServiceOrderHeader.Costing' (Root cause: com.kms.katalon.core.webui.exception.WebElementNotFoundException: Web element with id: 'Object Repository/Service/ServiceOrder/ServiceOrderHeader/ServiceOrderHeader.Costing' located by 'By.xpath: //*[@id = 'tssoc2100m001-0-menu-std:action-form-set.status.to.costed']' not found)

2017-11-22 02:01:30 - [MESSAGE][FAILED] - Unable to click on object 'Object Repository/Service/ServiceOrder/ServiceOrderHeader/ServiceOrderHeader.Costing' (Root cause: com.kms.katalon.core.webui.exception.WebElementNotFoundException: Web element with id: 'Object Repository/Service/ServiceOrder/ServiceOrderHeader/ServiceOrderHeader.Costing' located by 'By.xpath: //*[@id = 'tssoc2100m001-0-menu-std:action-form-set.status.to.costed']' not found)
[[ATTACHMENT|C:\\Users\\rgajbhiye\\git\\CreditCard\\Reports\\CC_ServiceTestSuite\\20171122_000057\\1511296290626.png]]

2017-11-22 02:01:30 - [TEST_STEP][PASSED] - delay: Delayed 5 second(s)

2017-11-22 02:01:35 - [MESSAGE][PASSED] - Delayed 5 second(s)

2017-11-22 02:01:35 - [TEST_STEP][PASSED] - click: Object: 'Object Repository/Service/ServiceOrder/ServiceOrderHeader/ServiceOrderHeader.RepriceWarning' is clicked on

2017-11-22 02:01:36 - [MESSAGE][PASSED] - Object: 'Object Repository/Service/ServiceOrder/ServiceOrderHeader/ServiceOrderHeader.RepriceWarning' is clicked on

2017-11-22 02:01:36 - [TEST_STEP][PASSED] - delay: Delayed 3 second(s)

2017-11-22 02:01:39 - [MESSAGE][PASSED] - Delayed 3 second(s)

2017-11-22 02:01:39 - [TEST_STEP][FAILED] - click: Unable to click on object 'Object Repository/Service/ServiceOrder/ServiceOrderHeader/ServiceOrderHeader.CostingProcessCont' (Root cause: com.kms.katalon.core.webui.exception.WebElementNotFoundException: Web element with id: 'Object Repository/Service/ServiceOrder/ServiceOrderHeader/ServiceOrderHeader.CostingProcessCont' located by 'By.xpath: //*[@id = 'dlg-tssoc2100m001-0-input-button-0']' not found)

2017-11-22 02:02:11 - [MESSAGE][FAILED] - Unable to click on object 'Object Repository/Service/ServiceOrder/ServiceOrderHeader/ServiceOrderHeader.CostingProcessCont' (Root cause: com.kms.katalon.core.webui.exception.WebElementNotFoundException: Web element with id: 'Object Repository/Service/ServiceOrder/ServiceOrderHeader/ServiceOrderHeader.CostingProcessCont' located by 'By.xpath: //*[@id = 'dlg-tssoc2100m001-0-input-button-0']' not found)
[[ATTACHMENT|C:\\Users\\rgajbhiye\\git\\CreditCard\\Reports\\CC_ServiceTestSuite\\20171122_000057\\1511296331638.png]]

2017-11-22 02:02:11 - [TEST_STEP][PASSED] - delay: Delayed 3 second(s)

2017-11-22 02:02:14 - [MESSAGE][PASSED] - Delayed 3 second(s)

2017-11-22 02:02:14 - [TEST_STEP][FAILED] - click: Unable to click on object 'Object Repository/Service/ServiceOrder/ServiceOrderHeader/ServiceOrderHeader.InvoiceCont' (Root cause: com.kms.katalon.core.webui.exception.WebElementNotFoundException: Web element with id: 'Object Repository/Service/ServiceOrder/ServiceOrderHeader/ServiceOrderHeader.InvoiceCont' located by 'By.xpath: //*[@id = 'dlg-tssoc2100m001-0-input-button-0']' not found)

2017-11-22 02:02:47 - [MESSAGE][FAILED] - Unable to click on object 'Object Repository/Service/ServiceOrder/ServiceOrderHeader/ServiceOrderHeader.InvoiceCont' (Root cause: com.kms.katalon.core.webui.exception.WebElementNotFoundException: Web element with id: 'Object Repository/Service/ServiceOrder/ServiceOrderHeader/ServiceOrderHeader.InvoiceCont' located by 'By.xpath: //*[@id = 'dlg-tssoc2100m001-0-input-button-0']' not found)
[[ATTACHMENT|C:\\Users\\rgajbhiye\\git\\CreditCard\\Reports\\CC_ServiceTestSuite\\20171122_000057\\1511296367378.png]]

2017-11-22 02:02:47 - [TEST_STEP][PASSED] - delay: Delayed 5 second(s)

2017-11-22 02:02:52 - [MESSAGE][PASSED] - Delayed 5 second(s)

2017-11-22 02:02:52 - [TEST_STEP][NOT_RUN] - waitForElementPresent: NOT_RUN: waitForElementPresent

2017-11-22 02:02:52 - [MESSAGE][NOT_RUN] - NOT_RUN: waitForElementPresent

2017-11-22 02:02:52 - [TEST_STEP][NOT_RUN] - doubleClick: NOT_RUN: doubleClick

2017-11-22 02:02:52 - [MESSAGE][NOT_RUN] - NOT_RUN: doubleClick

2017-11-22 02:02:52 - [TEST_STEP][NOT_RUN] - delay: NOT_RUN: delay

2017-11-22 02:02:52 - [MESSAGE][NOT_RUN] - NOT_RUN: delay

2017-11-22 02:02:52 - [TEST_STEP][NOT_RUN] - click: NOT_RUN: click

2017-11-22 02:02:52 - [MESSAGE][NOT_RUN] - NOT_RUN: click

2017-11-22 02:02:52 - [TEST_STEP][PASSED] - delay: Delayed 2 second(s)

2017-11-22 02:02:54 - [MESSAGE][PASSED] - Delayed 2 second(s)

2017-11-22 02:02:54 - [TEST_STEP][FAILED] - setText: Unable to set text 'PUBL' of object 'Object Repository/Service/ServiceOrder/ServiceCreditCard/ServiceCreditCard.PaymentGateway' (Root cause: com.kms.katalon.core.webui.exception.WebElementNotFoundException: Web element with id: 'Object Repository/Service/ServiceOrder/ServiceCreditCard/ServiceCreditCard.PaymentGateway' located by 'By.xpath: //*[@id = 'xiext6102m000-3-pay.gateway-1-lookup-widget']' not found)

2017-11-22 02:03:26 - [MESSAGE][FAILED] - Unable to set text 'PUBL' of object 'Object Repository/Service/ServiceOrder/ServiceCreditCard/ServiceCreditCard.PaymentGateway' (Root cause: com.kms.katalon.core.webui.exception.WebElementNotFoundException: Web element with id: 'Object Repository/Service/ServiceOrder/ServiceCreditCard/ServiceCreditCard.PaymentGateway' located by 'By.xpath: //*[@id = 'xiext6102m000-3-pay.gateway-1-lookup-widget']' not found)
[[ATTACHMENT|C:\\Users\\rgajbhiye\\git\\CreditCard\\Reports\\CC_ServiceTestSuite\\20171122_000057\\1511296406659.png]]

2017-11-22 02:03:26 - [TEST_STEP][NOT_RUN] - sendKeys: NOT_RUN: sendKeys

2017-11-22 02:03:26 - [MESSAGE][NOT_RUN] - NOT_RUN: sendKeys

2017-11-22 02:03:26 - [TEST_STEP][FAILED] - doubleClick: Unable to double click on object 'Object Repository/Service/ServiceOrder/ServiceCreditCard/ServiceCreditCard.CardType' (Root cause: com.kms.katalon.core.webui.exception.WebElementNotFoundException: Web element with id: 'Object Repository/Service/ServiceOrder/ServiceCreditCard/ServiceCreditCard.CardType' located by 'By.xpath: //*[@id = 'xiext6102m000-3-card.type-3-lookup-widget']' not found)

2017-11-22 02:03:59 - [MESSAGE][FAILED] - Unable to double click on object 'Object Repository/Service/ServiceOrder/ServiceCreditCard/ServiceCreditCard.CardType' (Root cause: com.kms.katalon.core.webui.exception.WebElementNotFoundException: Web element with id: 'Object Repository/Service/ServiceOrder/ServiceCreditCard/ServiceCreditCard.CardType' located by 'By.xpath: //*[@id = 'xiext6102m000-3-card.type-3-lookup-widget']' not found)
[[ATTACHMENT|C:\\Users\\rgajbhiye\\git\\CreditCard\\Reports\\CC_ServiceTestSuite\\20171122_000057\\1511296438905.png]]

2017-11-22 02:03:59 - [TEST_STEP][FAILED] - setText: Unable to set text 'Visa Card' of object 'Object Repository/Service/ServiceOrder/ServiceCreditCard/ServiceCreditCard.CardType' (Root cause: com.kms.katalon.core.webui.exception.WebElementNotFoundException: Web element with id: 'Object Repository/Service/ServiceOrder/ServiceCreditCard/ServiceCreditCard.CardType' located by 'By.xpath: //*[@id = 'xiext6102m000-3-card.type-3-lookup-widget']' not found)

2017-11-22 02:04:31 - [MESSAGE][FAILED] - Unable to set text 'Visa Card' of object 'Object Repository/Service/ServiceOrder/ServiceCreditCard/ServiceCreditCard.CardType' (Root cause: com.kms.katalon.core.webui.exception.WebElementNotFoundException: Web element with id: 'Object Repository/Service/ServiceOrder/ServiceCreditCard/ServiceCreditCard.CardType' located by 'By.xpath: //*[@id = 'xiext6102m000-3-card.type-3-lookup-widget']' not found)
[[ATTACHMENT|C:\\Users\\rgajbhiye\\git\\CreditCard\\Reports\\CC_ServiceTestSuite\\20171122_000057\\1511296471041.png]]

2017-11-22 02:04:31 - [TEST_STEP][PASSED] - delay: Delayed 2 second(s)

2017-11-22 02:04:33 - [MESSAGE][PASSED] - Delayed 2 second(s)

2017-11-22 02:04:33 - [TEST_STEP][FAILED] - doubleClick: Unable to double click on object 'Object Repository/Service/ServiceOrder/ServiceCreditCard/ServiceCreditCard.Enter CC No' (Root cause: com.kms.katalon.core.webui.exception.WebElementNotFoundException: Web element with id: 'Object Repository/Service/ServiceOrder/ServiceCreditCard/ServiceCreditCard.Enter CC No' located by 'By.xpath: //*[@id = 'xiext6102m000-3-cardno-7-lookup-widget']' not found)

2017-11-22 02:05:05 - [MESSAGE][FAILED] - Unable to double click on object 'Object Repository/Service/ServiceOrder/ServiceCreditCard/ServiceCreditCard.Enter CC No' (Root cause: com.kms.katalon.core.webui.exception.WebElementNotFoundException: Web element with id: 'Object Repository/Service/ServiceOrder/ServiceCreditCard/ServiceCreditCard.Enter CC No' located by 'By.xpath: //*[@id = 'xiext6102m000-3-cardno-7-lookup-widget']' not found)
[[ATTACHMENT|C:\\Users\\rgajbhiye\\git\\CreditCard\\Reports\\CC_ServiceTestSuite\\20171122_000057\\1511296505424.png]]

2017-11-22 02:05:05 - [TEST_STEP][FAILED] - sendKeys: Unable to send keys '4012000033330026' to object 'Object Repository/Service/ServiceOrder/ServiceCreditCard/ServiceCreditCard.Enter CC No' (Root cause: com.kms.katalon.core.webui.exception.WebElementNotFoundException: Web element with id: 'Object Repository/Service/ServiceOrder/ServiceCreditCard/ServiceCreditCard.Enter CC No' located by 'By.xpath: //*[@id = 'xiext6102m000-3-cardno-7-lookup-widget']' not found)

2017-11-22 02:05:38 - [MESSAGE][FAILED] - Unable to send keys '4012000033330026' to object 'Object Repository/Service/ServiceOrder/ServiceCreditCard/ServiceCreditCard.Enter CC No' (Root cause: com.kms.katalon.core.webui.exception.WebElementNotFoundException: Web element with id: 'Object Repository/Service/ServiceOrder/ServiceCreditCard/ServiceCreditCard.Enter CC No' located by 'By.xpath: //*[@id = 'xiext6102m000-3-cardno-7-lookup-widget']' not found)
[[ATTACHMENT|C:\\Users\\rgajbhiye\\git\\CreditCard\\Reports\\CC_ServiceTestSuite\\20171122_000057\\1511296537747.png]]

2017-11-22 02:05:38 - [TEST_STEP][PASSED] - delay: Delayed 2 second(s)

2017-11-22 02:05:40 - [MESSAGE][PASSED] - Delayed 2 second(s)

2017-11-22 02:05:40 - [TEST_STEP][FAILED] - click: Unable to click on object 'Object Repository/Service/ServiceOrder/ServiceCreditCard/ServiceCreditCard.CVV2' (Root cause: com.kms.katalon.core.webui.exception.WebElementNotFoundException: Web element with id: 'Object Repository/Service/ServiceOrder/ServiceCreditCard/ServiceCreditCard.CVV2' located by 'By.xpath: //*[@id = 'xiext6102m000-3-cvv.no-8-decorator']' not found)

2017-11-22 02:06:12 - [MESSAGE][FAILED] - Unable to click on object 'Object Repository/Service/ServiceOrder/ServiceCreditCard/ServiceCreditCard.CVV2' (Root cause: com.kms.katalon.core.webui.exception.WebElementNotFoundException: Web element with id: 'Object Repository/Service/ServiceOrder/ServiceCreditCard/ServiceCreditCard.CVV2' located by 'By.xpath: //*[@id = 'xiext6102m000-3-cvv.no-8-decorator']' not found)
[[ATTACHMENT|C:\\Users\\rgajbhiye\\git\\CreditCard\\Reports\\CC_ServiceTestSuite\\20171122_000057\\1511296572410.png]]

2017-11-22 02:06:12 - [TEST_STEP][FAILED] - sendKeys: Unable to send keys '865' to object 'Object Repository/Service/ServiceOrder/ServiceCreditCard/ServiceCreditCard.CVV2' (Root cause: com.kms.katalon.core.webui.exception.WebElementNotFoundException: Web element with id: 'Object Repository/Service/ServiceOrder/ServiceCreditCard/ServiceCreditCard.CVV2' located by 'By.xpath: //*[@id = 'xiext6102m000-3-cvv.no-8-decorator']' not found)

2017-11-22 02:06:45 - [MESSAGE][FAILED] - Unable to send keys '865' to object 'Object Repository/Service/ServiceOrder/ServiceCreditCard/ServiceCreditCard.CVV2' (Root cause: com.kms.katalon.core.webui.exception.WebElementNotFoundException: Web element with id: 'Object Repository/Service/ServiceOrder/ServiceCreditCard/ServiceCreditCard.CVV2' located by 'By.xpath: //*[@id = 'xiext6102m000-3-cvv.no-8-decorator']' not found)
[[ATTACHMENT|C:\\Users\\rgajbhiye\\git\\CreditCard\\Reports\\CC_ServiceTestSuite\\20171122_000057\\1511296604749.png]]

2017-11-22 02:06:45 - [TEST_STEP][NOT_RUN] - sendKeys: NOT_RUN: sendKeys

2017-11-22 02:06:45 - [MESSAGE][NOT_RUN] - NOT_RUN: sendKeys

2017-11-22 02:06:45 - [TEST_STEP][NOT_RUN] - delay: NOT_RUN: delay

2017-11-22 02:06:45 - [MESSAGE][NOT_RUN] - NOT_RUN: delay

2017-11-22 02:06:45 - [TEST_STEP][PASSED] - delay: Delayed 3 second(s)

2017-11-22 02:06:48 - [MESSAGE][PASSED] - Delayed 3 second(s)

2017-11-22 02:06:48 - [TEST_STEP][FAILED] - setText: Unable to set text '09' of object 'Object Repository/Service/ServiceOrder/ServiceCreditCard/ServiceCreditCard.ExpiryMonth' (Root cause: com.kms.katalon.core.webui.exception.WebElementNotFoundException: Web element with id: 'Object Repository/Service/ServiceOrder/ServiceCreditCard/ServiceCreditCard.ExpiryMonth' located by 'By.xpath: //*[@id = 'xiext6102m000-3-exp.month-10-decorator']' not found)

2017-11-22 02:07:20 - [MESSAGE][FAILED] - Unable to set text '09' of object 'Object Repository/Service/ServiceOrder/ServiceCreditCard/ServiceCreditCard.ExpiryMonth' (Root cause: com.kms.katalon.core.webui.exception.WebElementNotFoundException: Web element with id: 'Object Repository/Service/ServiceOrder/ServiceCreditCard/ServiceCreditCard.ExpiryMonth' located by 'By.xpath: //*[@id = 'xiext6102m000-3-exp.month-10-decorator']' not found)
[[ATTACHMENT|C:\\Users\\rgajbhiye\\git\\CreditCard\\Reports\\CC_ServiceTestSuite\\20171122_000057\\1511296640099.png]]

2017-11-22 02:07:20 - [TEST_STEP][FAILED] - setText: Unable to set text '99' of object 'Object Repository/Service/ServiceOrder/ServiceCreditCard/ServiceCreditCard.ExpiryYear' (Root cause: com.kms.katalon.core.webui.exception.WebElementNotFoundException: Web element with id: 'Object Repository/Service/ServiceOrder/ServiceCreditCard/ServiceCreditCard.ExpiryYear' located by 'By.xpath: //*[@id = 'xiext6102m000-3-exp.year-11-decorator']' not found)

2017-11-22 02:07:52 - [MESSAGE][FAILED] - Unable to set text '99' of object 'Object Repository/Service/ServiceOrder/ServiceCreditCard/ServiceCreditCard.ExpiryYear' (Root cause: com.kms.katalon.core.webui.exception.WebElementNotFoundException: Web element with id: 'Object Repository/Service/ServiceOrder/ServiceCreditCard/ServiceCreditCard.ExpiryYear' located by 'By.xpath: //*[@id = 'xiext6102m000-3-exp.year-11-decorator']' not found)
[[ATTACHMENT|C:\\Users\\rgajbhiye\\git\\CreditCard\\Reports\\CC_ServiceTestSuite\\20171122_000057\\1511296672360.png]]

2017-11-22 02:07:52 - [TEST_STEP][FAILED] - click: Unable to click on object 'Object Repository/Service/ServiceOrder/ServiceCreditCard/ServiceCreditCard.Process' (Root cause: com.kms.katalon.core.webui.exception.WebElementNotFoundException: Web element with id: 'Object Repository/Service/ServiceOrder/ServiceCreditCard/ServiceCreditCard.Process' located by 'By.xpath: //*[@id = 'xiext6102m000-3-button-form-process.cc.payment']' not found)

2017-11-22 02:08:25 - [MESSAGE][FAILED] - Unable to click on object 'Object Repository/Service/ServiceOrder/ServiceCreditCard/ServiceCreditCard.Process' (Root cause: com.kms.katalon.core.webui.exception.WebElementNotFoundException: Web element with id: 'Object Repository/Service/ServiceOrder/ServiceCreditCard/ServiceCreditCard.Process' located by 'By.xpath: //*[@id = 'xiext6102m000-3-button-form-process.cc.payment']' not found)
[[ATTACHMENT|C:\\Users\\rgajbhiye\\git\\CreditCard\\Reports\\CC_ServiceTestSuite\\20171122_000057\\1511296704918.png]]

2017-11-22 02:08:25 - [TEST_STEP][PASSED] - delay: Delayed 13 second(s)

2017-11-22 02:08:38 - [MESSAGE][PASSED] - Delayed 13 second(s)

2017-11-22 02:08:38 - [TEST_STEP][FAILED] - click: Unable to click on object 'Object Repository/Service/ServiceOrder/ServiceCreditCard/ServiceCreditCard.PrintOK' (Root cause: com.kms.katalon.core.webui.exception.WebElementNotFoundException: Web element with id: 'Object Repository/Service/ServiceOrder/ServiceCreditCard/ServiceCreditCard.PrintOK' located by 'By.xpath: //*[@id = 'tsext4100m300-4-button-std-file.save_and_close']' not found)

2017-11-22 02:09:10 - [MESSAGE][FAILED] - Unable to click on object 'Object Repository/Service/ServiceOrder/ServiceCreditCard/ServiceCreditCard.PrintOK' (Root cause: com.kms.katalon.core.webui.exception.WebElementNotFoundException: Web element with id: 'Object Repository/Service/ServiceOrder/ServiceCreditCard/ServiceCreditCard.PrintOK' located by 'By.xpath: //*[@id = 'tsext4100m300-4-button-std-file.save_and_close']' not found)
[[ATTACHMENT|C:\\Users\\rgajbhiye\\git\\CreditCard\\Reports\\CC_ServiceTestSuite\\20171122_000057\\1511296749986.png]]

2017-11-22 02:09:10 - [TEST_STEP][PASSED] - delay: Delayed 10 second(s)

2017-11-22 02:09:20 - [MESSAGE][PASSED] - Delayed 10 second(s)

2017-11-22 02:09:20 - [TEST_STEP][FAILED] - click: Unable to click on object 'Object Repository/Service/ServiceOrder/ServiceCreditCard/ServiceCreditCard.PrintDevice' (Root cause: com.kms.katalon.core.webui.exception.WebElementNotFoundException: Web element with id: 'Object Repository/Service/ServiceOrder/ServiceCreditCard/ServiceCreditCard.PrintDevice' located by 'By.xpath: //*[@id = 'ttstpsplopen-5-button-form-exec.cont.process']' not found)

2017-11-22 02:09:52 - [MESSAGE][FAILED] - Unable to click on object 'Object Repository/Service/ServiceOrder/ServiceCreditCard/ServiceCreditCard.PrintDevice' (Root cause: com.kms.katalon.core.webui.exception.WebElementNotFoundException: Web element with id: 'Object Repository/Service/ServiceOrder/ServiceCreditCard/ServiceCreditCard.PrintDevice' located by 'By.xpath: //*[@id = 'ttstpsplopen-5-button-form-exec.cont.process']' not found)
[[ATTACHMENT|C:\\Users\\rgajbhiye\\git\\CreditCard\\Reports\\CC_ServiceTestSuite\\20171122_000057\\1511296791951.png]]

2017-11-22 02:09:52 - [TEST_STEP][PASSED] - delay: Delayed 5 second(s)

2017-11-22 02:09:57 - [MESSAGE][PASSED] - Delayed 5 second(s)

2017-11-22 02:09:57 - [MESSAGE][FAILED] - Unable to call Test Case with id 'Test Cases/Service/BaseTestCases/Base_Service_HeaderInvoice' (Root cause: Call Test Case 'Test Cases/Service/BaseTestCases/Base_Service_HeaderInvoice' failed)

2017-11-22 02:09:57 - [TEST_STEP][FAILED] - callTestCase: Unable to call Test Case with id 'Test Cases/Service/BaseTestCases/Base_Service_GetInvoice' (Root cause: Call Test Case 'Test Cases/Service/BaseTestCases/Base_Service_GetInvoice' failed)

2017-11-22 02:09:57 - [TEST_CASE][FAILED] - Test Cases/Service/BaseTestCases/Base_Service_GetInvoice: Test Cases/Service/BaseTestCases/Base_Service_GetInvoice FAILED because (of) Unable to get text of object 'Object Repository/Service/ServiceOrder/VerifyServiceOrderInvoice/ServiceOrderHeader.Invoice1' (Root cause: com.kms.katalon.core.webui.exception.WebElementNotFoundException: Web element with id: 'Object Repository/Service/ServiceOrder/VerifyServiceOrderInvoice/ServiceOrderHeader.Invoice1' located by 'By.xpath: //*[@id = 'cisli2555m001-7-grid-1-cisli255.ityp-2-0-widget']' not found)

2017-11-22 02:09:57 - [TEST_STEP][PASSED] - delay: Delayed 3 second(s)

2017-11-22 02:10:00 - [MESSAGE][PASSED] - Delayed 3 second(s)

2017-11-22 02:10:00 - [TEST_STEP][PASSED] - click: Object: 'Object Repository/Service/ServiceOrder/VerifyServiceOrderInvoice/ServiceorderHeader.HeaderSession' is clicked on

2017-11-22 02:10:00 - [MESSAGE][PASSED] - Object: 'Object Repository/Service/ServiceOrder/VerifyServiceOrderInvoice/ServiceorderHeader.HeaderSession' is clicked on

2017-11-22 02:10:00 - [TEST_STEP][PASSED] - click: Object: 'Object Repository/Service/ServiceOrder/VerifyServiceOrderInvoice/ServiceOrderHeader.InvoiceButton' is clicked on

2017-11-22 02:10:00 - [MESSAGE][PASSED] - Object: 'Object Repository/Service/ServiceOrder/VerifyServiceOrderInvoice/ServiceOrderHeader.InvoiceButton' is clicked on

2017-11-22 02:10:00 - [TEST_STEP][PASSED] - delay: Delayed 3 second(s)

2017-11-22 02:10:03 - [MESSAGE][PASSED] - Delayed 3 second(s)

2017-11-22 02:10:03 - [TEST_STEP][FAILED] - Statement - G_InvoiceTnxType = com.kms.katalon.core.webui.keyword.WebUiBuiltInKeywords.getText(com.kms.katalon.core.testobject.ObjectRepository.findTestObject(Service/ServiceOrder/VerifyServiceOrderInvoice/ServiceOrderHeader.Invoice1)): Unable to get text of object 'Object Repository/Service/ServiceOrder/VerifyServiceOrderInvoice/ServiceOrderHeader.Invoice1' (Root cause: com.kms.katalon.core.webui.exception.WebElementNotFoundException: Web element with id: 'Object Repository/Service/ServiceOrder/VerifyServiceOrderInvoice/ServiceOrderHeader.Invoice1' located by 'By.xpath: //*[@id = 'cisli2555m001-7-grid-1-cisli255.ityp-2-0-widget']' not found)

2017-11-22 02:10:36 - [MESSAGE][FAILED] - Unable to get text of object 'Object Repository/Service/ServiceOrder/VerifyServiceOrderInvoice/ServiceOrderHeader.Invoice1' (Root cause: com.kms.katalon.core.webui.exception.WebElementNotFoundException: Web element with id: 'Object Repository/Service/ServiceOrder/VerifyServiceOrderInvoice/ServiceOrderHeader.Invoice1' located by 'By.xpath: //*[@id = 'cisli2555m001-7-grid-1-cisli255.ityp-2-0-widget']' not found)
[[ATTACHMENT|C:\\Users\\rgajbhiye\\git\\CreditCard\\Reports\\CC_ServiceTestSuite\\20171122_000057\\1511296835944.png]]

2017-11-22 02:10:36 - [TEST_STEP][FAILED] - Statement - G_InvoiceTnxNo = com.kms.katalon.core.webui.keyword.WebUiBuiltInKeywords.getText(com.kms.katalon.core.testobject.ObjectRepository.findTestObject(Service/ServiceOrder/VerifyServiceOrderInvoice/ServiceOrderHeader.Invoice2)): Unable to get text of object 'Object Repository/Service/ServiceOrder/VerifyServiceOrderInvoice/ServiceOrderHeader.Invoice2' (Root cause: com.kms.katalon.core.webui.exception.WebElementNotFoundException: Web element with id: 'Object Repository/Service/ServiceOrder/VerifyServiceOrderInvoice/ServiceOrderHeader.Invoice2' located by 'By.xpath: //*[@id = 'cisli2555m001-7-grid-1-cisli255.idoc-3-0-widget']' not found)

2017-11-22 02:11:10 - [MESSAGE][FAILED] - Unable to get text of object 'Object Repository/Service/ServiceOrder/VerifyServiceOrderInvoice/ServiceOrderHeader.Invoice2' (Root cause: com.kms.katalon.core.webui.exception.WebElementNotFoundException: Web element with id: 'Object Repository/Service/ServiceOrder/VerifyServiceOrderInvoice/ServiceOrderHeader.Invoice2' located by 'By.xpath: //*[@id = 'cisli2555m001-7-grid-1-cisli255.idoc-3-0-widget']' not found)
[[ATTACHMENT|C:\\Users\\rgajbhiye\\git\\CreditCard\\Reports\\CC_ServiceTestSuite\\20171122_000057\\1511296869172.png]]

2017-11-22 02:11:10 - [TEST_STEP][FAILED] - Statement - G_InvoiceAmt = com.kms.katalon.core.webui.keyword.WebUiBuiltInKeywords.getText(com.kms.katalon.core.testobject.ObjectRepository.findTestObject(Service/ServiceOrder/VerifyServiceOrderInvoice/ServiceOrderHeader.InvoiceAmountHD)): Unable to get text of object 'Object Repository/Service/ServiceOrder/VerifyServiceOrderInvoice/ServiceOrderHeader.InvoiceAmountHD' (Root cause: com.kms.katalon.core.webui.exception.WebElementNotFoundException: Web element with id: 'Object Repository/Service/ServiceOrder/VerifyServiceOrderInvoice/ServiceOrderHeader.InvoiceAmountHD' located by 'By.xpath: //*[@id = 'cisli2555m001-7-grid-1-form.amnt-10-0']' not found)

2017-11-22 02:11:43 - [MESSAGE][FAILED] - Unable to get text of object 'Object Repository/Service/ServiceOrder/VerifyServiceOrderInvoice/ServiceOrderHeader.InvoiceAmountHD' (Root cause: com.kms.katalon.core.webui.exception.WebElementNotFoundException: Web element with id: 'Object Repository/Service/ServiceOrder/VerifyServiceOrderInvoice/ServiceOrderHeader.InvoiceAmountHD' located by 'By.xpath: //*[@id = 'cisli2555m001-7-grid-1-form.amnt-10-0']' not found)
[[ATTACHMENT|C:\\Users\\rgajbhiye\\git\\CreditCard\\Reports\\CC_ServiceTestSuite\\20171122_000057\\1511296903274.png]]

2017-11-22 02:11:43 - [MESSAGE][FAILED] - Unable to call Test Case with id 'Test Cases/Service/BaseTestCases/Base_Service_GetInvoice' (Root cause: Call Test Case 'Test Cases/Service/BaseTestCases/Base_Service_GetInvoice' failed)

2017-11-22 02:11:43 - [TEST_STEP][FAILED] - callTestCase: Unable to call Test Case with id 'Test Cases/Finance/BaseTestCases/Base_Finance_CheckOpenEntriesForCCInvoice1' (Root cause: Call Test Case 'Test Cases/Finance/BaseTestCases/Base_Finance_CheckOpenEntriesForCCInvoice1' failed)

2017-11-22 02:11:43 - [TEST_CASE][FAILED] - Test Cases/Finance/BaseTestCases/Base_Finance_CheckOpenEntriesForCCInvoice1: Test Cases/Finance/BaseTestCases/Base_Finance_CheckOpenEntriesForCCInvoice1 FAILED because (of) Unable to set text 'null' of object 'Object Repository/Finance/BaseTestCases_OpenEntries_Service/OpenEntries_DocumentType' (Root cause: java.lang.IllegalArgumentException: Text is null)

2017-11-22 02:11:44 - [TEST_STEP][PASSED] - callTestCase: Call Test Case 'Test Cases/Common/Base_Common_OpenSession' successfully

2017-11-22 02:11:44 - [TEST_CASE][PASSED] - Test Cases/Common/Base_Common_OpenSession: Test Cases/Common/Base_Common_OpenSession

2017-11-22 02:11:44 - [TEST_STEP][PASSED] - openBrowser: Browser is opened with url: 'https://rgajbhiye:Robin$123@proxima-ln4.e-emphasys.com:8441/webui/servlet/login'

2017-11-22 02:11:44 - [MESSAGE][WARNING] - A browser is already opened. Closing browser and opening a new one

2017-11-22 02:12:00 - [MESSAGE][PASSED] - Browser is opened with url: 'https://rgajbhiye:Robin$123@proxima-ln4.e-emphasys.com:8441/webui/servlet/login'

2017-11-22 02:12:00 - [TEST_STEP][PASSED] - waitForPageLoad: Wait for page load successfully

2017-11-22 02:12:00 - [MESSAGE][PASSED] - Wait for page load successfully

2017-11-22 02:12:00 - [TEST_STEP][PASSED] - maximizeWindow: Current window maximized

2017-11-22 02:12:00 - [MESSAGE][PASSED] - Current window maximized

2017-11-22 02:12:00 - [TEST_STEP][PASSED] - click: Object: 'Object Repository/Common/HomePage/HomePage_more' is clicked on

2017-11-22 02:12:04 - [MESSAGE][PASSED] - Object: 'Object Repository/Common/HomePage/HomePage_more' is clicked on

2017-11-22 02:12:04 - [TEST_STEP][PASSED] - click: Object: 'Object Repository/Common/HomePage/HomePage_Option' is clicked on

2017-11-22 02:12:05 - [MESSAGE][PASSED] - Object: 'Object Repository/Common/HomePage/HomePage_Option' is clicked on

2017-11-22 02:12:05 - [TEST_STEP][PASSED] - click: Object: 'Object Repository/Common/HomePage/HomePage_RunProgram_' is clicked on

2017-11-22 02:12:05 - [MESSAGE][PASSED] - Object: 'Object Repository/Common/HomePage/HomePage_RunProgram_' is clicked on

2017-11-22 02:12:05 - [TEST_STEP][PASSED] - sendKeys: Keys 'tfacr2520m000' sent to object: 'Object Repository/Common/HomePage/HomePage_Session_ID'

2017-11-22 02:12:05 - [MESSAGE][PASSED] - Keys 'tfacr2520m000' sent to object: 'Object Repository/Common/HomePage/HomePage_Session_ID'

2017-11-22 02:12:05 - [TEST_STEP][PASSED] - click: Object: 'Object Repository/Common/HomePage/HomePage_OkButton' is clicked on

2017-11-22 02:12:06 - [MESSAGE][PASSED] - Object: 'Object Repository/Common/HomePage/HomePage_OkButton' is clicked on

2017-11-22 02:12:06 - [MESSAGE][PASSED] - Call Test Case 'Test Cases/Common/Base_Common_OpenSession' successfully

2017-11-22 02:12:06 - [TEST_STEP][PASSED] - click: Object: 'Object Repository/Finance/BaseTestCases_OpenEntries_Service/OpenEntries_DocumentType' is clicked on

2017-11-22 02:12:10 - [MESSAGE][PASSED] - Object: 'Object Repository/Finance/BaseTestCases_OpenEntries_Service/OpenEntries_DocumentType' is clicked on

2017-11-22 02:12:10 - [TEST_STEP][PASSED] - click: Object: 'Object Repository/Finance/BaseTestCases_OpenEntries_Service/OpenEntries_DocumentNo' is clicked on

2017-11-22 02:12:10 - [MESSAGE][PASSED] - Object: 'Object Repository/Finance/BaseTestCases_OpenEntries_Service/OpenEntries_DocumentNo' is clicked on

2017-11-22 02:12:10 - [TEST_STEP][FAILED] - setText: Unable to set text 'null' of object 'Object Repository/Finance/BaseTestCases_OpenEntries_Service/OpenEntries_DocumentType' (Root cause: java.lang.IllegalArgumentException: Text is null)

2017-11-22 02:12:10 - [MESSAGE][FAILED] - Unable to set text 'null' of object 'Object Repository/Finance/BaseTestCases_OpenEntries_Service/OpenEntries_DocumentType' (Root cause: java.lang.IllegalArgumentException: Text is null)
[[ATTACHMENT|C:\\Users\\rgajbhiye\\git\\CreditCard\\Reports\\CC_ServiceTestSuite\\20171122_000057\\1511296930534.png]]

2017-11-22 02:12:10 - [TEST_STEP][NOT_RUN] - sendKeys: NOT_RUN: sendKeys

2017-11-22 02:12:10 - [MESSAGE][NOT_RUN] - NOT_RUN: sendKeys

2017-11-22 02:12:10 - [TEST_STEP][NOT_RUN] - delay: NOT_RUN: delay

2017-11-22 02:12:10 - [MESSAGE][NOT_RUN] - NOT_RUN: delay

2017-11-22 02:12:10 - [TEST_STEP][FAILED] - setText: Unable to set text 'null' of object 'Object Repository/Finance/BaseTestCases_OpenEntries_Service/OpenEntries_DocumentNo' (Root cause: java.lang.IllegalArgumentException: Text is null)

2017-11-22 02:12:11 - [MESSAGE][FAILED] - Unable to set text 'null' of object 'Object Repository/Finance/BaseTestCases_OpenEntries_Service/OpenEntries_DocumentNo' (Root cause: java.lang.IllegalArgumentException: Text is null)
[[ATTACHMENT|C:\\Users\\rgajbhiye\\git\\CreditCard\\Reports\\CC_ServiceTestSuite\\20171122_000057\\1511296930867.png]]

2017-11-22 02:12:11 - [TEST_STEP][NOT_RUN] - delay: NOT_RUN: delay

2017-11-22 02:12:11 - [MESSAGE][NOT_RUN] - NOT_RUN: delay

2017-11-22 02:12:11 - [TEST_STEP][NOT_RUN] - sendKeys: NOT_RUN: sendKeys

2017-11-22 02:12:11 - [MESSAGE][NOT_RUN] - NOT_RUN: sendKeys

2017-11-22 02:12:11 - [TEST_STEP][PASSED] - click: Object: 'Object Repository/Finance/BaseTestCases_OpenEntries_Service/OpenEntries_Action' is clicked on

2017-11-22 02:12:11 - [MESSAGE][PASSED] - Object: 'Object Repository/Finance/BaseTestCases_OpenEntries_Service/OpenEntries_Action' is clicked on

2017-11-22 02:12:11 - [TEST_STEP][PASSED] - click: Object: 'Object Repository/Finance/BaseTestCases_OpenEntries_Service/OpenEntries.FullyPaid' is clicked on

2017-11-22 02:12:11 - [MESSAGE][PASSED] - Object: 'Object Repository/Finance/BaseTestCases_OpenEntries_Service/OpenEntries.FullyPaid' is clicked on

2017-11-22 02:12:11 - [TEST_STEP][PASSED] - delay: Delayed 5 second(s)

2017-11-22 02:12:16 - [MESSAGE][PASSED] - Delayed 5 second(s)

2017-11-22 02:12:16 - [TEST_STEP][PASSED] - scrollToElement: Scroll to object 'Object Repository/Finance/BaseTestCases_OpenEntries_Service/OpenEntries.InvoiceAmt' successfully

2017-11-22 02:12:16 - [MESSAGE][PASSED] - Scroll to object 'Object Repository/Finance/BaseTestCases_OpenEntries_Service/OpenEntries.InvoiceAmt' successfully

2017-11-22 02:12:16 - [TEST_STEP][PASSED] - delay: Delayed 5 second(s)

2017-11-22 02:12:21 - [MESSAGE][PASSED] - Delayed 5 second(s)

2017-11-22 02:12:21 - [TEST_STEP][PASSED] - Statement - BalanceAmount = com.kms.katalon.core.webui.keyword.WebUiBuiltInKeywords.getText(com.kms.katalon.core.testobject.ObjectRepository.findTestObject(Finance/BaseTestCases_OpenEntries_Service/OpenEntries.BalanceAmt)): Text of object 'Object Repository/Finance/BaseTestCases_OpenEntries_Service/OpenEntries.BalanceAmt' is: '7.35'

2017-11-22 02:12:22 - [MESSAGE][PASSED] - Text of object 'Object Repository/Finance/BaseTestCases_OpenEntries_Service/OpenEntries.BalanceAmt' is: '7.35'

2017-11-22 02:12:22 - [TEST_STEP][FAILED] - verifyEqual: Unable to verify equal between actual object '7.35' and expected object '0.00' (Root cause: Actual object '7.35' and expected object '0.00' are not equal)

2017-11-22 02:12:22 - [MESSAGE][FAILED] - Unable to verify equal between actual object '7.35' and expected object '0.00' (Root cause: Actual object '7.35' and expected object '0.00' are not equal)

2017-11-22 02:12:22 - [TEST_STEP][PASSED] - click: Object: 'Object Repository/Finance/BaseTestCases_OpenEntries_Service/OpenEntries.Reference' is clicked on

2017-11-22 02:12:22 - [MESSAGE][PASSED] - Object: 'Object Repository/Finance/BaseTestCases_OpenEntries_Service/OpenEntries.Reference' is clicked on

2017-11-22 02:12:22 - [TEST_STEP][PASSED] - setText: Text '' is set on object 'Object Repository/Finance/BaseTestCases_OpenEntries_Service/OpenEntries_DocumentType'

2017-11-22 02:12:22 - [MESSAGE][PASSED] - Text '' is set on object 'Object Repository/Finance/BaseTestCases_OpenEntries_Service/OpenEntries_DocumentType'

2017-11-22 02:12:22 - [TEST_STEP][PASSED] - setText: Text '' is set on object 'Object Repository/Finance/BaseTestCases_OpenEntries_Service/OpenEntries_DocumentNo'

2017-11-22 02:12:22 - [MESSAGE][PASSED] - Text '' is set on object 'Object Repository/Finance/BaseTestCases_OpenEntries_Service/OpenEntries_DocumentNo'

2017-11-22 02:12:22 - [TEST_STEP][PASSED] - sendKeys: Keys 'TAB + ' sent to object: 'Object Repository/Finance/BaseTestCases_OpenEntries_Service/OpenEntries_DocumentType'

2017-11-22 02:12:23 - [MESSAGE][PASSED] - Keys 'TAB + ' sent to object: 'Object Repository/Finance/BaseTestCases_OpenEntries_Service/OpenEntries_DocumentType'

2017-11-22 02:12:23 - [TEST_STEP][PASSED] - sendKeys: Keys 'TAB + ' sent to object: 'Object Repository/Finance/BaseTestCases_OpenEntries_Service/OpenEntries_DocumentNo'

2017-11-22 02:12:23 - [MESSAGE][PASSED] - Keys 'TAB + ' sent to object: 'Object Repository/Finance/BaseTestCases_OpenEntries_Service/OpenEntries_DocumentNo'

2017-11-22 02:12:23 - [TEST_STEP][PASSED] - sendKeys: Keys 'M00000182 (null/null)' sent to object: 'Object Repository/Finance/BaseTestCases_OpenEntries_Service/OpenEntries.Reference'

2017-11-22 02:12:23 - [MESSAGE][PASSED] - Keys 'M00000182 (null/null)' sent to object: 'Object Repository/Finance/BaseTestCases_OpenEntries_Service/OpenEntries.Reference'

2017-11-22 02:12:23 - [TEST_STEP][PASSED] - click: Object: 'Object Repository/Finance/BaseTestCases_OpenEntries_Service/OpenEntries_DocumentNo' is clicked on

2017-11-22 02:12:23 - [MESSAGE][PASSED] - Object: 'Object Repository/Finance/BaseTestCases_OpenEntries_Service/OpenEntries_DocumentNo' is clicked on

2017-11-22 02:12:23 - [TEST_STEP][PASSED] - delay: Delayed 3 second(s)

2017-11-22 02:12:26 - [MESSAGE][PASSED] - Delayed 3 second(s)

2017-11-22 02:12:26 - [TEST_STEP][FAILED] - scrollToElement: Unable to scroll to object 'Object Repository/Finance/BaseTestCases_OpenEntries_Service/OpenEntries.BalanceAmt' (Root cause: com.kms.katalon.core.webui.exception.WebElementNotFoundException: Web element with id: 'Object Repository/Finance/BaseTestCases_OpenEntries_Service/OpenEntries.BalanceAmt' located by 'By.xpath: //*[@id = 'tfacr2520m000-0-grid-1-balc.ninv-20-0']' not found)

2017-11-22 02:12:59 - [MESSAGE][FAILED] - Unable to scroll to object 'Object Repository/Finance/BaseTestCases_OpenEntries_Service/OpenEntries.BalanceAmt' (Root cause: com.kms.katalon.core.webui.exception.WebElementNotFoundException: Web element with id: 'Object Repository/Finance/BaseTestCases_OpenEntries_Service/OpenEntries.BalanceAmt' located by 'By.xpath: //*[@id = 'tfacr2520m000-0-grid-1-balc.ninv-20-0']' not found)
[[ATTACHMENT|C:\\Users\\rgajbhiye\\git\\CreditCard\\Reports\\CC_ServiceTestSuite\\20171122_000057\\1511296979053.png]]

2017-11-22 02:12:59 - [TEST_STEP][FAILED] - Statement - BalanceAmount = com.kms.katalon.core.webui.keyword.WebUiBuiltInKeywords.getText(com.kms.katalon.core.testobject.ObjectRepository.findTestObject(Finance/BaseTestCases_OpenEntries_Service/OpenEntries.BalanceAmt)): Unable to get text of object 'Object Repository/Finance/BaseTestCases_OpenEntries_Service/OpenEntries.BalanceAmt' (Root cause: com.kms.katalon.core.webui.exception.WebElementNotFoundException: Web element with id: 'Object Repository/Finance/BaseTestCases_OpenEntries_Service/OpenEntries.BalanceAmt' located by 'By.xpath: //*[@id = 'tfacr2520m000-0-grid-1-balc.ninv-20-0']' not found)

2017-11-22 02:13:32 - [MESSAGE][FAILED] - Unable to get text of object 'Object Repository/Finance/BaseTestCases_OpenEntries_Service/OpenEntries.BalanceAmt' (Root cause: com.kms.katalon.core.webui.exception.WebElementNotFoundException: Web element with id: 'Object Repository/Finance/BaseTestCases_OpenEntries_Service/OpenEntries.BalanceAmt' located by 'By.xpath: //*[@id = 'tfacr2520m000-0-grid-1-balc.ninv-20-0']' not found)
[[ATTACHMENT|C:\\Users\\rgajbhiye\\git\\CreditCard\\Reports\\CC_ServiceTestSuite\\20171122_000057\\1511297012531.png]]

2017-11-22 02:13:32 - [TEST_STEP][FAILED] - Statement - InvoiceAmount = com.kms.katalon.core.webui.keyword.WebUiBuiltInKeywords.getText(com.kms.katalon.core.testobject.ObjectRepository.findTestObject(Finance/BaseTestCases_OpenEntries_Service/OpenEntries.InvoiceAmt)): Unable to get text of object 'Object Repository/Finance/BaseTestCases_OpenEntries_Service/OpenEntries.InvoiceAmt' (Root cause: com.kms.katalon.core.webui.exception.WebElementNotFoundException: Web element with id: 'Object Repository/Finance/BaseTestCases_OpenEntries_Service/OpenEntries.InvoiceAmt' located by 'By.xpath: //*[@id = 'tfacr2520m000-0-grid-1-tfacr200.amnt-19-0']' not found)

2017-11-22 02:14:05 - [MESSAGE][FAILED] - Unable to get text of object 'Object Repository/Finance/BaseTestCases_OpenEntries_Service/OpenEntries.InvoiceAmt' (Root cause: com.kms.katalon.core.webui.exception.WebElementNotFoundException: Web element with id: 'Object Repository/Finance/BaseTestCases_OpenEntries_Service/OpenEntries.InvoiceAmt' located by 'By.xpath: //*[@id = 'tfacr2520m000-0-grid-1-tfacr200.amnt-19-0']' not found)
[[ATTACHMENT|C:\\Users\\rgajbhiye\\git\\CreditCard\\Reports\\CC_ServiceTestSuite\\20171122_000057\\1511297045541.png]]

2017-11-22 02:14:05 - [TEST_STEP][PASSED] - verifyEqual: Actual object 'null' and expected object 'null' are equal

2017-11-22 02:14:05 - [MESSAGE][PASSED] - Actual object 'null' and expected object 'null' are equal

2017-11-22 02:14:05 - [TEST_STEP][NOT_RUN] - closeBrowser: NOT_RUN: closeBrowser

2017-11-22 02:14:05 - [MESSAGE][NOT_RUN] - NOT_RUN: closeBrowser

2017-11-22 02:14:05 - [MESSAGE][FAILED] - Unable to call Test Case with id 'Test Cases/Finance/BaseTestCases/Base_Finance_CheckOpenEntriesForCCInvoice1' (Root cause: Call Test Case 'Test Cases/Finance/BaseTestCases/Base_Finance_CheckOpenEntriesForCCInvoice1' failed)]]></system-out>
         <system-err><![CDATA[2017-11-22 01:49:04 - [TEST_CASE][FAILED] - Test Cases/Service/CreditCardRegression/TC001_Service_CreditCard - Iteration 1: Test Cases/Service/CreditCardRegression/TC001_Service_CreditCard FAILED because (of) Unable to click on object 'Object Repository/Service/ServiceOrder/ServiceOrderHeader/ServiceOrderHeader.Warning' (Root cause: com.kms.katalon.core.webui.exception.WebElementNotFoundException: Web element with id: 'Object Repository/Service/ServiceOrder/ServiceOrderHeader/ServiceOrderHeader.Warning' located by 'By.xpath: //*[@id = 'dlg-tssoc2100m001-0-input-button-1']' not found)]]></system-err>
      </testcase>
      <testcase name="Test Cases/Service/CreditCardRegression/TC001_Service_CreditCard - Iteration 2" classname="Test Cases/Service/CreditCardRegression/TC001_Service_CreditCard" status="PASSED">
         <system-out><![CDATA[2017-11-22 02:14:06 - [TEST_CASE][PASSED] - Test Cases/Service/CreditCardRegression/TC001_Service_CreditCard - Iteration 2: Test Cases/Service/CreditCardRegression/TC001_Service_CreditCard

2017-11-22 02:14:06 - [TEST_STEP][PASSED] - callTestCase: Call Test Case 'Test Cases/Service/BaseTestCases/Base_Service_CreateHeader' successfully

2017-11-22 02:14:06 - [TEST_CASE][PASSED] - Test Cases/Service/BaseTestCases/Base_Service_CreateHeader: Test Cases/Service/BaseTestCases/Base_Service_CreateHeader

2017-11-22 02:14:06 - [TEST_STEP][PASSED] - callTestCase: Call Test Case 'Test Cases/Common/Base_Common_OpenSession' successfully

2017-11-22 02:14:06 - [TEST_CASE][PASSED] - Test Cases/Common/Base_Common_OpenSession: Test Cases/Common/Base_Common_OpenSession

2017-11-22 02:14:06 - [TEST_STEP][PASSED] - openBrowser: Browser is opened with url: 'https://rgajbhiye:Robin$123@proxima-ln4.e-emphasys.com:8441/webui/servlet/login'

2017-11-22 02:14:06 - [MESSAGE][WARNING] - A browser is already opened. Closing browser and opening a new one

2017-11-22 02:14:14 - [MESSAGE][PASSED] - Browser is opened with url: 'https://rgajbhiye:Robin$123@proxima-ln4.e-emphasys.com:8441/webui/servlet/login'

2017-11-22 02:14:14 - [TEST_STEP][PASSED] - waitForPageLoad: Wait for page load successfully

2017-11-22 02:14:14 - [MESSAGE][PASSED] - Wait for page load successfully

2017-11-22 02:14:14 - [TEST_STEP][PASSED] - maximizeWindow: Current window maximized

2017-11-22 02:14:14 - [MESSAGE][PASSED] - Current window maximized

2017-11-22 02:14:14 - [TEST_STEP][PASSED] - click: Object: 'Object Repository/Common/HomePage/HomePage_more' is clicked on

2017-11-22 02:14:18 - [MESSAGE][PASSED] - Object: 'Object Repository/Common/HomePage/HomePage_more' is clicked on

2017-11-22 02:14:18 - [TEST_STEP][PASSED] - click: Object: 'Object Repository/Common/HomePage/HomePage_Option' is clicked on

2017-11-22 02:14:18 - [MESSAGE][PASSED] - Object: 'Object Repository/Common/HomePage/HomePage_Option' is clicked on

2017-11-22 02:14:18 - [TEST_STEP][PASSED] - click: Object: 'Object Repository/Common/HomePage/HomePage_RunProgram_' is clicked on

2017-11-22 02:14:18 - [MESSAGE][PASSED] - Object: 'Object Repository/Common/HomePage/HomePage_RunProgram_' is clicked on

2017-11-22 02:14:18 - [TEST_STEP][PASSED] - sendKeys: Keys 'tssoc2100m001' sent to object: 'Object Repository/Common/HomePage/HomePage_Session_ID'

2017-11-22 02:14:18 - [MESSAGE][PASSED] - Keys 'tssoc2100m001' sent to object: 'Object Repository/Common/HomePage/HomePage_Session_ID'

2017-11-22 02:14:18 - [TEST_STEP][PASSED] - click: Object: 'Object Repository/Common/HomePage/HomePage_OkButton' is clicked on

2017-11-22 02:14:18 - [MESSAGE][PASSED] - Object: 'Object Repository/Common/HomePage/HomePage_OkButton' is clicked on

2017-11-22 02:14:18 - [MESSAGE][PASSED] - Call Test Case 'Test Cases/Common/Base_Common_OpenSession' successfully

2017-11-22 02:14:18 - [TEST_STEP][PASSED] - click: Object: 'Object Repository/Service/ServiceOrder/ServiceOrderHeader/ServiceOrderHeader.Newbutton' is clicked on

2017-11-22 02:14:22 - [MESSAGE][PASSED] - Object: 'Object Repository/Service/ServiceOrder/ServiceOrderHeader/ServiceOrderHeader.Newbutton' is clicked on

2017-11-22 02:14:22 - [TEST_STEP][PASSED] - delay: Delayed 3 second(s)

2017-11-22 02:14:25 - [MESSAGE][PASSED] - Delayed 3 second(s)

2017-11-22 02:14:25 - [TEST_STEP][PASSED] - setText: Text 'M00000182' is set on object 'Object Repository/Service/ServiceOrder/ServiceOrderHeader/ServiceOrderHeader.Customer'

2017-11-22 02:14:25 - [MESSAGE][PASSED] - Text 'M00000182' is set on object 'Object Repository/Service/ServiceOrder/ServiceOrderHeader/ServiceOrderHeader.Customer'

2017-11-22 02:14:25 - [TEST_STEP][PASSED] - sendKeys: Keys 'TAB + ' sent to object: 'Object Repository/Service/ServiceOrder/ServiceOrderHeader/ServiceOrderHeader.Customer'

2017-11-22 02:14:25 - [MESSAGE][PASSED] - Keys 'TAB + ' sent to object: 'Object Repository/Service/ServiceOrder/ServiceOrderHeader/ServiceOrderHeader.Customer'

2017-11-22 02:14:25 - [TEST_STEP][PASSED] - delay: Delayed 3 second(s)

2017-11-22 02:14:28 - [MESSAGE][PASSED] - Delayed 3 second(s)

2017-11-22 02:14:28 - [TEST_STEP][PASSED] - setText: Text 'MD0007993' is set on object 'Object Repository/Service/ServiceOrder/ServiceOrderHeader/ServiceOrderHeader.Unit'

2017-11-22 02:14:28 - [MESSAGE][PASSED] - Text 'MD0007993' is set on object 'Object Repository/Service/ServiceOrder/ServiceOrderHeader/ServiceOrderHeader.Unit'

2017-11-22 02:14:28 - [TEST_STEP][PASSED] - click: Object: 'Object Repository/Service/ServiceOrder/ServiceOrderHeader/ServiceOrderHeader.Save' is clicked on

2017-11-22 02:14:28 - [MESSAGE][PASSED] - Object: 'Object Repository/Service/ServiceOrder/ServiceOrderHeader/ServiceOrderHeader.Save' is clicked on

2017-11-22 02:14:28 - [TEST_STEP][PASSED] - click: Object: 'Object Repository/Service/ServiceOrder/ServiceOrderHeader/ServiceOrderHeader.Warning' is clicked on

2017-11-22 02:14:35 - [MESSAGE][PASSED] - Object: 'Object Repository/Service/ServiceOrder/ServiceOrderHeader/ServiceOrderHeader.Warning' is clicked on

2017-11-22 02:14:35 - [TEST_STEP][PASSED] - delay: Delayed 3 second(s)

2017-11-22 02:14:38 - [MESSAGE][PASSED] - Delayed 3 second(s)

2017-11-22 02:14:38 - [TEST_STEP][PASSED] - click: Object: 'Object Repository/Service/ServiceOrder/ServiceOrderHeader/ServiceOrderHeader.PaymentMode' is clicked on

2017-11-22 02:14:38 - [MESSAGE][PASSED] - Object: 'Object Repository/Service/ServiceOrder/ServiceOrderHeader/ServiceOrderHeader.PaymentMode' is clicked on

2017-11-22 02:14:38 - [TEST_STEP][PASSED] - click: Object: 'Object Repository/Service/ServiceOrder/ServiceOrderHeader/ServiceOrderHeader.CreditCardoption' is clicked on

2017-11-22 02:14:38 - [MESSAGE][PASSED] - Object: 'Object Repository/Service/ServiceOrder/ServiceOrderHeader/ServiceOrderHeader.CreditCardoption' is clicked on

2017-11-22 02:14:38 - [TEST_STEP][PASSED] - delay: Delayed 5 second(s)

2017-11-22 02:14:43 - [MESSAGE][PASSED] - Delayed 5 second(s)

2017-11-22 02:14:43 - [TEST_STEP][NOT_RUN] - setText: NOT_RUN: setText

2017-11-22 02:14:43 - [MESSAGE][NOT_RUN] - NOT_RUN: setText

2017-11-22 02:14:43 - [TEST_STEP][PASSED] - click: Object: 'Object Repository/Service/ServiceOrder/ServiceOrderHeader/ServiceOrderHeader.Save' is clicked on

2017-11-22 02:14:43 - [MESSAGE][PASSED] - Object: 'Object Repository/Service/ServiceOrder/ServiceOrderHeader/ServiceOrderHeader.Save' is clicked on

2017-11-22 02:14:43 - [TEST_STEP][PASSED] - delay: Delayed 5 second(s)

2017-11-22 02:14:48 - [MESSAGE][PASSED] - Delayed 5 second(s)

2017-11-22 02:14:48 - [TEST_STEP][PASSED] - Statement - SWOOrderNo = com.kms.katalon.core.webui.keyword.WebUiBuiltInKeywords.getAttribute(com.kms.katalon.core.testobject.ObjectRepository.findTestObject(Service/ServiceOrder/ServiceOrderHeader/ServiceOrderHeader.OrderNo), "value"): Attribute 'value' of object 'Object Repository/Service/ServiceOrder/ServiceOrderHeader/ServiceOrderHeader.OrderNo' is: 'SWO119861'

2017-11-22 02:14:48 - [MESSAGE][PASSED] - Attribute 'value' of object 'Object Repository/Service/ServiceOrder/ServiceOrderHeader/ServiceOrderHeader.OrderNo' is: 'SWO119861'

2017-11-22 02:14:48 - [TEST_STEP][PASSED] - verifyNotEqual: Actual object 'SWO119861' and expected object '' are not equal

2017-11-22 02:14:48 - [MESSAGE][PASSED] - Actual object 'SWO119861' and expected object '' are not equal

2017-11-22 02:14:48 - [TEST_STEP][PASSED] - delay: Delayed 5 second(s)

2017-11-22 02:14:53 - [MESSAGE][PASSED] - Delayed 5 second(s)

2017-11-22 02:14:53 - [TEST_STEP][PASSED] - click: Object: 'Object Repository/Service/ServiceOrder/ServiceOrderHeader/ServiceOrderHeader.Actions' is clicked on

2017-11-22 02:14:54 - [MESSAGE][PASSED] - Object: 'Object Repository/Service/ServiceOrder/ServiceOrderHeader/ServiceOrderHeader.Actions' is clicked on

2017-11-22 02:14:54 - [TEST_STEP][PASSED] - delay: Delayed 3 second(s)

2017-11-22 02:14:57 - [MESSAGE][PASSED] - Delayed 3 second(s)

2017-11-22 02:14:57 - [TEST_STEP][PASSED] - click: Object: 'Object Repository/Service/ServiceOrder/ServiceOrderHeader/ServiceOrderHeader.Segments' is clicked on

2017-11-22 02:14:57 - [MESSAGE][PASSED] - Object: 'Object Repository/Service/ServiceOrder/ServiceOrderHeader/ServiceOrderHeader.Segments' is clicked on

2017-11-22 02:14:57 - [TEST_STEP][PASSED] - delay: Delayed 3 second(s)

2017-11-22 02:15:00 - [MESSAGE][PASSED] - Delayed 3 second(s)

2017-11-22 02:15:00 - [MESSAGE][PASSED] - Call Test Case 'Test Cases/Service/BaseTestCases/Base_Service_CreateHeader' successfully

2017-11-22 02:15:00 - [TEST_STEP][PASSED] - callTestCase: Call Test Case 'Test Cases/Service/BaseTestCases/Base_Service_AddSegment' successfully

2017-11-22 02:15:00 - [TEST_CASE][PASSED] - Test Cases/Service/BaseTestCases/Base_Service_AddSegment: Test Cases/Service/BaseTestCases/Base_Service_AddSegment

2017-11-22 02:15:00 - [TEST_STEP][PASSED] - click: Object: 'Object Repository/Service/ServiceOrder/ServiceOrderSegment/ServiceOrderSegment.ServiceType' is clicked on

2017-11-22 02:15:01 - [MESSAGE][PASSED] - Object: 'Object Repository/Service/ServiceOrder/ServiceOrderSegment/ServiceOrderSegment.ServiceType' is clicked on

2017-11-22 02:15:01 - [TEST_STEP][PASSED] - setText: Text 'ABC' is set on object 'Object Repository/Service/ServiceOrder/ServiceOrderSegment/ServiceOrderSegment.ServiceType'

2017-11-22 02:15:01 - [MESSAGE][PASSED] - Text 'ABC' is set on object 'Object Repository/Service/ServiceOrder/ServiceOrderSegment/ServiceOrderSegment.ServiceType'

2017-11-22 02:15:01 - [TEST_STEP][NOT_RUN] - sendKeys: NOT_RUN: sendKeys

2017-11-22 02:15:01 - [MESSAGE][NOT_RUN] - NOT_RUN: sendKeys

2017-11-22 02:15:01 - [TEST_STEP][PASSED] - delay: Delayed 3 second(s)

2017-11-22 02:15:04 - [MESSAGE][PASSED] - Delayed 3 second(s)

2017-11-22 02:15:04 - [TEST_STEP][PASSED] - click: Object: 'Object Repository/Service/ServiceOrder/ServiceOrderSegment/ServiceOrderSegment.Save' is clicked on

2017-11-22 02:15:04 - [MESSAGE][PASSED] - Object: 'Object Repository/Service/ServiceOrder/ServiceOrderSegment/ServiceOrderSegment.Save' is clicked on

2017-11-22 02:15:04 - [TEST_STEP][PASSED] - delay: Delayed 10 second(s)

2017-11-22 02:15:14 - [MESSAGE][PASSED] - Delayed 10 second(s)

2017-11-22 02:15:14 - [TEST_STEP][PASSED] - click: Object: 'Object Repository/Service/ServiceOrder/ServiceOrderSegment/ServiceOrderSegment.Action' is clicked on

2017-11-22 02:15:14 - [MESSAGE][PASSED] - Object: 'Object Repository/Service/ServiceOrder/ServiceOrderSegment/ServiceOrderSegment.Action' is clicked on

2017-11-22 02:15:14 - [TEST_STEP][PASSED] - delay: Delayed 2 second(s)

2017-11-22 02:15:16 - [MESSAGE][PASSED] - Delayed 2 second(s)

2017-11-22 02:15:16 - [TEST_STEP][PASSED] - click: Object: 'Object Repository/Service/ServiceOrder/ServiceOrderSegment/ServiceOrderSegment.Release' is clicked on

2017-11-22 02:15:17 - [MESSAGE][PASSED] - Object: 'Object Repository/Service/ServiceOrder/ServiceOrderSegment/ServiceOrderSegment.Release' is clicked on

2017-11-22 02:15:17 - [TEST_STEP][PASSED] - delay: Delayed 5 second(s)

2017-11-22 02:15:22 - [MESSAGE][PASSED] - Delayed 5 second(s)

2017-11-22 02:15:22 - [TEST_STEP][NOT_RUN] - click: NOT_RUN: click

2017-11-22 02:15:22 - [MESSAGE][NOT_RUN] - NOT_RUN: click

2017-11-22 02:15:22 - [TEST_STEP][NOT_RUN] - click: NOT_RUN: click

2017-11-22 02:15:22 - [MESSAGE][NOT_RUN] - NOT_RUN: click

2017-11-22 02:15:22 - [TEST_STEP][NOT_RUN] - delay: NOT_RUN: delay

2017-11-22 02:15:22 - [MESSAGE][NOT_RUN] - NOT_RUN: delay

2017-11-22 02:15:22 - [TEST_STEP][NOT_RUN] - setText: NOT_RUN: setText

2017-11-22 02:15:22 - [MESSAGE][NOT_RUN] - NOT_RUN: setText

2017-11-22 02:15:22 - [TEST_STEP][NOT_RUN] - sendKeys: NOT_RUN: sendKeys

2017-11-22 02:15:22 - [MESSAGE][NOT_RUN] - NOT_RUN: sendKeys

2017-11-22 02:15:22 - [TEST_STEP][NOT_RUN] - delay: NOT_RUN: delay

2017-11-22 02:15:22 - [MESSAGE][NOT_RUN] - NOT_RUN: delay

2017-11-22 02:15:22 - [TEST_STEP][NOT_RUN] - click: NOT_RUN: click

2017-11-22 02:15:22 - [MESSAGE][NOT_RUN] - NOT_RUN: click

2017-11-22 02:15:22 - [TEST_STEP][NOT_RUN] - delay: NOT_RUN: delay

2017-11-22 02:15:22 - [MESSAGE][NOT_RUN] - NOT_RUN: delay

2017-11-22 02:15:22 - [TEST_STEP][PASSED] - click: Object: 'Object Repository/Service/ServiceOrder/ServiceOrderSegment/ServiceOrderSegment.Action' is clicked on

2017-11-22 02:15:22 - [MESSAGE][PASSED] - Object: 'Object Repository/Service/ServiceOrder/ServiceOrderSegment/ServiceOrderSegment.Action' is clicked on

2017-11-22 02:15:22 - [TEST_STEP][PASSED] - delay: Delayed 3 second(s)

2017-11-22 02:15:25 - [MESSAGE][PASSED] - Delayed 3 second(s)

2017-11-22 02:15:25 - [MESSAGE][PASSED] - Call Test Case 'Test Cases/Service/BaseTestCases/Base_Service_AddSegment' successfully

2017-11-22 02:15:25 - [TEST_STEP][PASSED] - callTestCase: Call Test Case 'Test Cases/Service/BaseTestCases/Base_Service_Add Others' successfully

2017-11-22 02:15:25 - [TEST_CASE][PASSED] - Test Cases/Service/BaseTestCases/Base_Service_Add Others: Test Cases/Service/BaseTestCases/Base_Service_Add Others

2017-11-22 02:15:25 - [TEST_STEP][PASSED] - click: Object: 'Object Repository/Service/ServiceOrder/ServiceOrderSegment/ServiceOrderSegment.Others' is clicked on

2017-11-22 02:15:25 - [MESSAGE][PASSED] - Object: 'Object Repository/Service/ServiceOrder/ServiceOrderSegment/ServiceOrderSegment.Others' is clicked on

2017-11-22 02:15:25 - [TEST_STEP][PASSED] - delay: Delayed 10 second(s)

2017-11-22 02:15:35 - [MESSAGE][PASSED] - Delayed 10 second(s)

2017-11-22 02:15:35 - [TEST_STEP][PASSED] - click: Object: 'Object Repository/Service/ServiceOrder/ServiceOrderSegment/ServiceOrderSegment.OthersNew' is clicked on

2017-11-22 02:15:35 - [MESSAGE][PASSED] - Object: 'Object Repository/Service/ServiceOrder/ServiceOrderSegment/ServiceOrderSegment.OthersNew' is clicked on

2017-11-22 02:15:35 - [TEST_STEP][PASSED] - delay: Delayed 5 second(s)

2017-11-22 02:15:40 - [MESSAGE][PASSED] - Delayed 5 second(s)

2017-11-22 02:15:40 - [TEST_STEP][PASSED] - click: Object: 'Object Repository/Service/ServiceOrder/ServiceOrderSegment/ServiceOrderSegment.OthersCostComp' is clicked on

2017-11-22 02:15:41 - [MESSAGE][PASSED] - Object: 'Object Repository/Service/ServiceOrder/ServiceOrderSegment/ServiceOrderSegment.OthersCostComp' is clicked on

2017-11-22 02:15:41 - [TEST_STEP][PASSED] - delay: Delayed 2 second(s)

2017-11-22 02:15:43 - [MESSAGE][PASSED] - Delayed 2 second(s)

2017-11-22 02:15:43 - [TEST_STEP][PASSED] - setText: Text 'APP' is set on object 'Object Repository/Service/ServiceOrder/ServiceOrderSegment/ServiceOrderSegment.OthersCostComp'

2017-11-22 02:15:43 - [MESSAGE][PASSED] - Text 'APP' is set on object 'Object Repository/Service/ServiceOrder/ServiceOrderSegment/ServiceOrderSegment.OthersCostComp'

2017-11-22 02:15:43 - [TEST_STEP][PASSED] - delay: Delayed 5 second(s)

2017-11-22 02:15:48 - [MESSAGE][PASSED] - Delayed 5 second(s)

2017-11-22 02:15:48 - [TEST_STEP][PASSED] - scrollToElement: Scroll to object 'Object Repository/Service/ServiceOrder/ServiceOrderSegment/ServiceOrderSegment.Actual Qty' successfully

2017-11-22 02:15:48 - [MESSAGE][PASSED] - Scroll to object 'Object Repository/Service/ServiceOrder/ServiceOrderSegment/ServiceOrderSegment.Actual Qty' successfully

2017-11-22 02:15:48 - [TEST_STEP][PASSED] - click: Object: 'Object Repository/Service/ServiceOrder/ServiceOrderSegment/ServiceOrderSegment.Actual Qty' is clicked on

2017-11-22 02:15:48 - [MESSAGE][PASSED] - Object: 'Object Repository/Service/ServiceOrder/ServiceOrderSegment/ServiceOrderSegment.Actual Qty' is clicked on

2017-11-22 02:15:48 - [TEST_STEP][PASSED] - delay: Delayed 2 second(s)

2017-11-22 02:15:50 - [MESSAGE][PASSED] - Delayed 2 second(s)

2017-11-22 02:15:50 - [TEST_STEP][PASSED] - sendKeys: Keys '2' sent to object: 'Object Repository/Service/ServiceOrder/ServiceOrderSegment/ServiceOrderSegment.Actual Qty'

2017-11-22 02:15:50 - [MESSAGE][PASSED] - Keys '2' sent to object: 'Object Repository/Service/ServiceOrder/ServiceOrderSegment/ServiceOrderSegment.Actual Qty'

2017-11-22 02:15:50 - [TEST_STEP][PASSED] - delay: Delayed 5 second(s)

2017-11-22 02:15:55 - [MESSAGE][PASSED] - Delayed 5 second(s)

2017-11-22 02:15:55 - [TEST_STEP][NOT_RUN] - click: NOT_RUN: click

2017-11-22 02:15:55 - [MESSAGE][NOT_RUN] - NOT_RUN: click

2017-11-22 02:15:55 - [TEST_STEP][PASSED] - click: Object: 'Object Repository/Service/ServiceOrder/ServiceOrderSegment/ServiceOrderSegmentOthers.SaveClose' is clicked on

2017-11-22 02:15:55 - [MESSAGE][PASSED] - Object: 'Object Repository/Service/ServiceOrder/ServiceOrderSegment/ServiceOrderSegmentOthers.SaveClose' is clicked on

2017-11-22 02:15:55 - [TEST_STEP][PASSED] - delay: Delayed 5 second(s)

2017-11-22 02:16:00 - [MESSAGE][PASSED] - Delayed 5 second(s)

2017-11-22 02:16:00 - [TEST_STEP][PASSED] - click: Object: 'Object Repository/Service/ServiceOrder/ServiceOrderSegment/ServiceOrderSegment.SaveClose' is clicked on

2017-11-22 02:16:01 - [MESSAGE][PASSED] - Object: 'Object Repository/Service/ServiceOrder/ServiceOrderSegment/ServiceOrderSegment.SaveClose' is clicked on

2017-11-22 02:16:01 - [MESSAGE][PASSED] - Call Test Case 'Test Cases/Service/BaseTestCases/Base_Service_Add Others' successfully

2017-11-22 02:16:01 - [TEST_STEP][PASSED] - callTestCase: Call Test Case 'Test Cases/Service/BaseTestCases/Base_Service_HeaderInvoice' successfully

2017-11-22 02:16:01 - [TEST_CASE][PASSED] - Test Cases/Service/BaseTestCases/Base_Service_HeaderInvoice: Test Cases/Service/BaseTestCases/Base_Service_HeaderInvoice

2017-11-22 02:16:01 - [TEST_STEP][PASSED] - delay: Delayed 5 second(s)

2017-11-22 02:16:06 - [MESSAGE][PASSED] - Delayed 5 second(s)

2017-11-22 02:16:06 - [TEST_STEP][PASSED] - click: Object: 'Object Repository/Service/ServiceOrder/ServiceOrderHeader/ServiceOrderHeader.Actions' is clicked on

2017-11-22 02:16:06 - [MESSAGE][PASSED] - Object: 'Object Repository/Service/ServiceOrder/ServiceOrderHeader/ServiceOrderHeader.Actions' is clicked on

2017-11-22 02:16:06 - [TEST_STEP][PASSED] - delay: Delayed 3 second(s)

2017-11-22 02:16:09 - [MESSAGE][PASSED] - Delayed 3 second(s)

2017-11-22 02:16:09 - [TEST_STEP][PASSED] - click: Object: 'Object Repository/Service/ServiceOrder/ServiceOrderHeader/ServiceOrderHeader.Costing' is clicked on

2017-11-22 02:16:09 - [MESSAGE][PASSED] - Object: 'Object Repository/Service/ServiceOrder/ServiceOrderHeader/ServiceOrderHeader.Costing' is clicked on

2017-11-22 02:16:09 - [TEST_STEP][PASSED] - delay: Delayed 5 second(s)

2017-11-22 02:16:14 - [MESSAGE][PASSED] - Delayed 5 second(s)

2017-11-22 02:16:14 - [TEST_STEP][PASSED] - click: Object: 'Object Repository/Service/ServiceOrder/ServiceOrderHeader/ServiceOrderHeader.RepriceWarning' is clicked on

2017-11-22 02:16:14 - [MESSAGE][PASSED] - Object: 'Object Repository/Service/ServiceOrder/ServiceOrderHeader/ServiceOrderHeader.RepriceWarning' is clicked on

2017-11-22 02:16:14 - [TEST_STEP][PASSED] - delay: Delayed 3 second(s)

2017-11-22 02:16:18 - [MESSAGE][PASSED] - Delayed 3 second(s)

2017-11-22 02:16:18 - [TEST_STEP][PASSED] - click: Object: 'Object Repository/Service/ServiceOrder/ServiceOrderHeader/ServiceOrderHeader.CostingProcessCont' is clicked on

2017-11-22 02:16:18 - [MESSAGE][PASSED] - Object: 'Object Repository/Service/ServiceOrder/ServiceOrderHeader/ServiceOrderHeader.CostingProcessCont' is clicked on

2017-11-22 02:16:18 - [TEST_STEP][PASSED] - delay: Delayed 3 second(s)

2017-11-22 02:16:21 - [MESSAGE][PASSED] - Delayed 3 second(s)

2017-11-22 02:16:21 - [TEST_STEP][PASSED] - click: Object: 'Object Repository/Service/ServiceOrder/ServiceOrderHeader/ServiceOrderHeader.InvoiceCont' is clicked on

2017-11-22 02:16:21 - [MESSAGE][PASSED] - Object: 'Object Repository/Service/ServiceOrder/ServiceOrderHeader/ServiceOrderHeader.InvoiceCont' is clicked on

2017-11-22 02:16:21 - [TEST_STEP][PASSED] - delay: Delayed 5 second(s)

2017-11-22 02:16:26 - [MESSAGE][PASSED] - Delayed 5 second(s)

2017-11-22 02:16:26 - [TEST_STEP][NOT_RUN] - waitForElementPresent: NOT_RUN: waitForElementPresent

2017-11-22 02:16:26 - [MESSAGE][NOT_RUN] - NOT_RUN: waitForElementPresent

2017-11-22 02:16:26 - [TEST_STEP][NOT_RUN] - doubleClick: NOT_RUN: doubleClick

2017-11-22 02:16:26 - [MESSAGE][NOT_RUN] - NOT_RUN: doubleClick

2017-11-22 02:16:26 - [TEST_STEP][NOT_RUN] - delay: NOT_RUN: delay

2017-11-22 02:16:26 - [MESSAGE][NOT_RUN] - NOT_RUN: delay

2017-11-22 02:16:26 - [TEST_STEP][NOT_RUN] - click: NOT_RUN: click

2017-11-22 02:16:26 - [MESSAGE][NOT_RUN] - NOT_RUN: click

2017-11-22 02:16:26 - [TEST_STEP][PASSED] - delay: Delayed 2 second(s)

2017-11-22 02:16:28 - [MESSAGE][PASSED] - Delayed 2 second(s)

2017-11-22 02:16:28 - [TEST_STEP][PASSED] - setText: Text 'GLOBAL' is set on object 'Object Repository/Service/ServiceOrder/ServiceCreditCard/ServiceCreditCard.PaymentGateway'

2017-11-22 02:16:28 - [MESSAGE][PASSED] - Text 'GLOBAL' is set on object 'Object Repository/Service/ServiceOrder/ServiceCreditCard/ServiceCreditCard.PaymentGateway'

2017-11-22 02:16:28 - [TEST_STEP][NOT_RUN] - sendKeys: NOT_RUN: sendKeys

2017-11-22 02:16:28 - [MESSAGE][NOT_RUN] - NOT_RUN: sendKeys

2017-11-22 02:16:28 - [TEST_STEP][PASSED] - doubleClick: Object: 'Object Repository/Service/ServiceOrder/ServiceCreditCard/ServiceCreditCard.CardType' is double clicked on

2017-11-22 02:16:29 - [MESSAGE][PASSED] - Object: 'Object Repository/Service/ServiceOrder/ServiceCreditCard/ServiceCreditCard.CardType' is double clicked on

2017-11-22 02:16:29 - [TEST_STEP][PASSED] - setText: Text 'DEBIT MASTERCARD' is set on object 'Object Repository/Service/ServiceOrder/ServiceCreditCard/ServiceCreditCard.CardType'

2017-11-22 02:16:29 - [MESSAGE][PASSED] - Text 'DEBIT MASTERCARD' is set on object 'Object Repository/Service/ServiceOrder/ServiceCreditCard/ServiceCreditCard.CardType'

2017-11-22 02:16:29 - [TEST_STEP][PASSED] - delay: Delayed 2 second(s)

2017-11-22 02:16:31 - [MESSAGE][PASSED] - Delayed 2 second(s)

2017-11-22 02:16:31 - [TEST_STEP][PASSED] - doubleClick: Object: 'Object Repository/Service/ServiceOrder/ServiceCreditCard/ServiceCreditCard.Enter CC No' is double clicked on

2017-11-22 02:16:31 - [MESSAGE][PASSED] - Object: 'Object Repository/Service/ServiceOrder/ServiceCreditCard/ServiceCreditCard.Enter CC No' is double clicked on

2017-11-22 02:16:31 - [TEST_STEP][PASSED] - sendKeys: Keys '5100270000000007' sent to object: 'Object Repository/Service/ServiceOrder/ServiceCreditCard/ServiceCreditCard.Enter CC No'

2017-11-22 02:16:31 - [MESSAGE][PASSED] - Keys '5100270000000007' sent to object: 'Object Repository/Service/ServiceOrder/ServiceCreditCard/ServiceCreditCard.Enter CC No'

2017-11-22 02:16:31 - [TEST_STEP][PASSED] - delay: Delayed 2 second(s)

2017-11-22 02:16:33 - [MESSAGE][PASSED] - Delayed 2 second(s)

2017-11-22 02:16:33 - [TEST_STEP][PASSED] - click: Object: 'Object Repository/Service/ServiceOrder/ServiceCreditCard/ServiceCreditCard.CVV2' is clicked on

2017-11-22 02:16:34 - [MESSAGE][PASSED] - Object: 'Object Repository/Service/ServiceOrder/ServiceCreditCard/ServiceCreditCard.CVV2' is clicked on

2017-11-22 02:16:34 - [TEST_STEP][PASSED] - sendKeys: Keys '865' sent to object: 'Object Repository/Service/ServiceOrder/ServiceCreditCard/ServiceCreditCard.CVV2'

2017-11-22 02:16:34 - [MESSAGE][PASSED] - Keys '865' sent to object: 'Object Repository/Service/ServiceOrder/ServiceCreditCard/ServiceCreditCard.CVV2'

2017-11-22 02:16:34 - [TEST_STEP][NOT_RUN] - sendKeys: NOT_RUN: sendKeys

2017-11-22 02:16:34 - [MESSAGE][NOT_RUN] - NOT_RUN: sendKeys

2017-11-22 02:16:34 - [TEST_STEP][NOT_RUN] - delay: NOT_RUN: delay

2017-11-22 02:16:34 - [MESSAGE][NOT_RUN] - NOT_RUN: delay

2017-11-22 02:16:34 - [TEST_STEP][PASSED] - delay: Delayed 3 second(s)

2017-11-22 02:16:37 - [MESSAGE][PASSED] - Delayed 3 second(s)

2017-11-22 02:16:37 - [TEST_STEP][PASSED] - setText: Text '09' is set on object 'Object Repository/Service/ServiceOrder/ServiceCreditCard/ServiceCreditCard.ExpiryMonth'

2017-11-22 02:16:37 - [MESSAGE][PASSED] - Text '09' is set on object 'Object Repository/Service/ServiceOrder/ServiceCreditCard/ServiceCreditCard.ExpiryMonth'

2017-11-22 02:16:37 - [TEST_STEP][PASSED] - setText: Text '99' is set on object 'Object Repository/Service/ServiceOrder/ServiceCreditCard/ServiceCreditCard.ExpiryYear'

2017-11-22 02:16:37 - [MESSAGE][PASSED] - Text '99' is set on object 'Object Repository/Service/ServiceOrder/ServiceCreditCard/ServiceCreditCard.ExpiryYear'

2017-11-22 02:16:37 - [TEST_STEP][PASSED] - click: Object: 'Object Repository/Service/ServiceOrder/ServiceCreditCard/ServiceCreditCard.Process' is clicked on

2017-11-22 02:16:37 - [MESSAGE][PASSED] - Object: 'Object Repository/Service/ServiceOrder/ServiceCreditCard/ServiceCreditCard.Process' is clicked on

2017-11-22 02:16:37 - [TEST_STEP][PASSED] - delay: Delayed 13 second(s)

2017-11-22 02:16:50 - [MESSAGE][PASSED] - Delayed 13 second(s)

2017-11-22 02:16:50 - [TEST_STEP][PASSED] - click: Object: 'Object Repository/Service/ServiceOrder/ServiceCreditCard/ServiceCreditCard.PrintOK' is clicked on

2017-11-22 02:16:50 - [MESSAGE][PASSED] - Object: 'Object Repository/Service/ServiceOrder/ServiceCreditCard/ServiceCreditCard.PrintOK' is clicked on

2017-11-22 02:16:50 - [TEST_STEP][PASSED] - delay: Delayed 10 second(s)

2017-11-22 02:17:00 - [MESSAGE][PASSED] - Delayed 10 second(s)

2017-11-22 02:17:00 - [TEST_STEP][PASSED] - click: Object: 'Object Repository/Service/ServiceOrder/ServiceCreditCard/ServiceCreditCard.PrintDevice' is clicked on

2017-11-22 02:17:00 - [MESSAGE][PASSED] - Object: 'Object Repository/Service/ServiceOrder/ServiceCreditCard/ServiceCreditCard.PrintDevice' is clicked on

2017-11-22 02:17:00 - [TEST_STEP][PASSED] - delay: Delayed 5 second(s)

2017-11-22 02:17:05 - [MESSAGE][PASSED] - Delayed 5 second(s)

2017-11-22 02:17:05 - [MESSAGE][PASSED] - Call Test Case 'Test Cases/Service/BaseTestCases/Base_Service_HeaderInvoice' successfully

2017-11-22 02:17:05 - [TEST_STEP][PASSED] - callTestCase: Call Test Case 'Test Cases/Service/BaseTestCases/Base_Service_GetInvoice' successfully

2017-11-22 02:17:06 - [TEST_CASE][PASSED] - Test Cases/Service/BaseTestCases/Base_Service_GetInvoice: Test Cases/Service/BaseTestCases/Base_Service_GetInvoice

2017-11-22 02:17:06 - [TEST_STEP][PASSED] - delay: Delayed 3 second(s)

2017-11-22 02:17:09 - [MESSAGE][PASSED] - Delayed 3 second(s)

2017-11-22 02:17:09 - [TEST_STEP][PASSED] - click: Object: 'Object Repository/Service/ServiceOrder/VerifyServiceOrderInvoice/ServiceorderHeader.HeaderSession' is clicked on

2017-11-22 02:17:09 - [MESSAGE][PASSED] - Object: 'Object Repository/Service/ServiceOrder/VerifyServiceOrderInvoice/ServiceorderHeader.HeaderSession' is clicked on

2017-11-22 02:17:09 - [TEST_STEP][PASSED] - click: Object: 'Object Repository/Service/ServiceOrder/VerifyServiceOrderInvoice/ServiceOrderHeader.InvoiceButton' is clicked on

2017-11-22 02:17:09 - [MESSAGE][PASSED] - Object: 'Object Repository/Service/ServiceOrder/VerifyServiceOrderInvoice/ServiceOrderHeader.InvoiceButton' is clicked on

2017-11-22 02:17:09 - [TEST_STEP][PASSED] - delay: Delayed 3 second(s)

2017-11-22 02:17:12 - [MESSAGE][PASSED] - Delayed 3 second(s)

2017-11-22 02:17:12 - [TEST_STEP][PASSED] - Statement - G_InvoiceTnxType = com.kms.katalon.core.webui.keyword.WebUiBuiltInKeywords.getText(com.kms.katalon.core.testobject.ObjectRepository.findTestObject(Service/ServiceOrder/VerifyServiceOrderInvoice/ServiceOrderHeader.Invoice1)): Text of object 'Object Repository/Service/ServiceOrder/VerifyServiceOrderInvoice/ServiceOrderHeader.Invoice1' is: 'SIS'

2017-11-22 02:17:12 - [MESSAGE][PASSED] - Text of object 'Object Repository/Service/ServiceOrder/VerifyServiceOrderInvoice/ServiceOrderHeader.Invoice1' is: 'SIS'

2017-11-22 02:17:12 - [TEST_STEP][PASSED] - Statement - G_InvoiceTnxNo = com.kms.katalon.core.webui.keyword.WebUiBuiltInKeywords.getText(com.kms.katalon.core.testobject.ObjectRepository.findTestObject(Service/ServiceOrder/VerifyServiceOrderInvoice/ServiceOrderHeader.Invoice2)): Text of object 'Object Repository/Service/ServiceOrder/VerifyServiceOrderInvoice/ServiceOrderHeader.Invoice2' is: '10006790'

2017-11-22 02:17:12 - [MESSAGE][PASSED] - Text of object 'Object Repository/Service/ServiceOrder/VerifyServiceOrderInvoice/ServiceOrderHeader.Invoice2' is: '10006790'

2017-11-22 02:17:12 - [TEST_STEP][PASSED] - Statement - G_InvoiceAmt = com.kms.katalon.core.webui.keyword.WebUiBuiltInKeywords.getText(com.kms.katalon.core.testobject.ObjectRepository.findTestObject(Service/ServiceOrder/VerifyServiceOrderInvoice/ServiceOrderHeader.InvoiceAmountHD)): Text of object 'Object Repository/Service/ServiceOrder/VerifyServiceOrderInvoice/ServiceOrderHeader.InvoiceAmountHD' is: '14.00'

2017-11-22 02:17:12 - [MESSAGE][PASSED] - Text of object 'Object Repository/Service/ServiceOrder/VerifyServiceOrderInvoice/ServiceOrderHeader.InvoiceAmountHD' is: '14.00'

2017-11-22 02:17:12 - [MESSAGE][PASSED] - Call Test Case 'Test Cases/Service/BaseTestCases/Base_Service_GetInvoice' successfully

2017-11-22 02:17:12 - [TEST_STEP][PASSED] - callTestCase: Call Test Case 'Test Cases/Finance/BaseTestCases/Base_Finance_CheckOpenEntriesForCCInvoice1' successfully

2017-11-22 02:17:12 - [TEST_CASE][PASSED] - Test Cases/Finance/BaseTestCases/Base_Finance_CheckOpenEntriesForCCInvoice1: Test Cases/Finance/BaseTestCases/Base_Finance_CheckOpenEntriesForCCInvoice1

2017-11-22 02:17:12 - [TEST_STEP][PASSED] - callTestCase: Call Test Case 'Test Cases/Common/Base_Common_OpenSession' successfully

2017-11-22 02:17:13 - [TEST_CASE][PASSED] - Test Cases/Common/Base_Common_OpenSession: Test Cases/Common/Base_Common_OpenSession

2017-11-22 02:17:13 - [TEST_STEP][PASSED] - openBrowser: Browser is opened with url: 'https://rgajbhiye:Robin$123@proxima-ln4.e-emphasys.com:8441/webui/servlet/login'

2017-11-22 02:17:13 - [MESSAGE][WARNING] - A browser is already opened. Closing browser and opening a new one

2017-11-22 02:17:21 - [MESSAGE][PASSED] - Browser is opened with url: 'https://rgajbhiye:Robin$123@proxima-ln4.e-emphasys.com:8441/webui/servlet/login'

2017-11-22 02:17:21 - [TEST_STEP][PASSED] - waitForPageLoad: Wait for page load successfully

2017-11-22 02:17:21 - [MESSAGE][PASSED] - Wait for page load successfully

2017-11-22 02:17:21 - [TEST_STEP][PASSED] - maximizeWindow: Current window maximized

2017-11-22 02:17:21 - [MESSAGE][PASSED] - Current window maximized

2017-11-22 02:17:21 - [TEST_STEP][PASSED] - click: Object: 'Object Repository/Common/HomePage/HomePage_more' is clicked on

2017-11-22 02:17:25 - [MESSAGE][PASSED] - Object: 'Object Repository/Common/HomePage/HomePage_more' is clicked on

2017-11-22 02:17:25 - [TEST_STEP][PASSED] - click: Object: 'Object Repository/Common/HomePage/HomePage_Option' is clicked on

2017-11-22 02:17:25 - [MESSAGE][PASSED] - Object: 'Object Repository/Common/HomePage/HomePage_Option' is clicked on

2017-11-22 02:17:25 - [TEST_STEP][PASSED] - click: Object: 'Object Repository/Common/HomePage/HomePage_RunProgram_' is clicked on

2017-11-22 02:17:26 - [MESSAGE][PASSED] - Object: 'Object Repository/Common/HomePage/HomePage_RunProgram_' is clicked on

2017-11-22 02:17:26 - [TEST_STEP][PASSED] - sendKeys: Keys 'tfacr2520m000' sent to object: 'Object Repository/Common/HomePage/HomePage_Session_ID'

2017-11-22 02:17:26 - [MESSAGE][PASSED] - Keys 'tfacr2520m000' sent to object: 'Object Repository/Common/HomePage/HomePage_Session_ID'

2017-11-22 02:17:26 - [TEST_STEP][PASSED] - click: Object: 'Object Repository/Common/HomePage/HomePage_OkButton' is clicked on

2017-11-22 02:17:26 - [MESSAGE][PASSED] - Object: 'Object Repository/Common/HomePage/HomePage_OkButton' is clicked on

2017-11-22 02:17:26 - [MESSAGE][PASSED] - Call Test Case 'Test Cases/Common/Base_Common_OpenSession' successfully

2017-11-22 02:17:26 - [TEST_STEP][PASSED] - click: Object: 'Object Repository/Finance/BaseTestCases_OpenEntries_Service/OpenEntries_DocumentType' is clicked on

2017-11-22 02:17:30 - [MESSAGE][PASSED] - Object: 'Object Repository/Finance/BaseTestCases_OpenEntries_Service/OpenEntries_DocumentType' is clicked on

2017-11-22 02:17:30 - [TEST_STEP][PASSED] - click: Object: 'Object Repository/Finance/BaseTestCases_OpenEntries_Service/OpenEntries_DocumentNo' is clicked on

2017-11-22 02:17:30 - [MESSAGE][PASSED] - Object: 'Object Repository/Finance/BaseTestCases_OpenEntries_Service/OpenEntries_DocumentNo' is clicked on

2017-11-22 02:17:30 - [TEST_STEP][PASSED] - setText: Text 'SIS' is set on object 'Object Repository/Finance/BaseTestCases_OpenEntries_Service/OpenEntries_DocumentType'

2017-11-22 02:17:30 - [MESSAGE][PASSED] - Text 'SIS' is set on object 'Object Repository/Finance/BaseTestCases_OpenEntries_Service/OpenEntries_DocumentType'

2017-11-22 02:17:30 - [TEST_STEP][NOT_RUN] - sendKeys: NOT_RUN: sendKeys

2017-11-22 02:17:30 - [MESSAGE][NOT_RUN] - NOT_RUN: sendKeys

2017-11-22 02:17:30 - [TEST_STEP][NOT_RUN] - delay: NOT_RUN: delay

2017-11-22 02:17:30 - [MESSAGE][NOT_RUN] - NOT_RUN: delay

2017-11-22 02:17:30 - [TEST_STEP][PASSED] - setText: Text '10006790' is set on object 'Object Repository/Finance/BaseTestCases_OpenEntries_Service/OpenEntries_DocumentNo'

2017-11-22 02:17:31 - [MESSAGE][PASSED] - Text '10006790' is set on object 'Object Repository/Finance/BaseTestCases_OpenEntries_Service/OpenEntries_DocumentNo'

2017-11-22 02:17:31 - [TEST_STEP][NOT_RUN] - delay: NOT_RUN: delay

2017-11-22 02:17:31 - [MESSAGE][NOT_RUN] - NOT_RUN: delay

2017-11-22 02:17:31 - [TEST_STEP][NOT_RUN] - sendKeys: NOT_RUN: sendKeys

2017-11-22 02:17:31 - [MESSAGE][NOT_RUN] - NOT_RUN: sendKeys

2017-11-22 02:17:31 - [TEST_STEP][PASSED] - click: Object: 'Object Repository/Finance/BaseTestCases_OpenEntries_Service/OpenEntries_Action' is clicked on

2017-11-22 02:17:32 - [MESSAGE][PASSED] - Object: 'Object Repository/Finance/BaseTestCases_OpenEntries_Service/OpenEntries_Action' is clicked on

2017-11-22 02:17:32 - [TEST_STEP][PASSED] - click: Object: 'Object Repository/Finance/BaseTestCases_OpenEntries_Service/OpenEntries.FullyPaid' is clicked on

2017-11-22 02:17:32 - [MESSAGE][PASSED] - Object: 'Object Repository/Finance/BaseTestCases_OpenEntries_Service/OpenEntries.FullyPaid' is clicked on

2017-11-22 02:17:32 - [TEST_STEP][PASSED] - delay: Delayed 5 second(s)

2017-11-22 02:17:37 - [MESSAGE][PASSED] - Delayed 5 second(s)

2017-11-22 02:17:37 - [TEST_STEP][PASSED] - scrollToElement: Scroll to object 'Object Repository/Finance/BaseTestCases_OpenEntries_Service/OpenEntries.InvoiceAmt' successfully

2017-11-22 02:17:37 - [MESSAGE][PASSED] - Scroll to object 'Object Repository/Finance/BaseTestCases_OpenEntries_Service/OpenEntries.InvoiceAmt' successfully

2017-11-22 02:17:37 - [TEST_STEP][PASSED] - delay: Delayed 5 second(s)

2017-11-22 02:17:42 - [MESSAGE][PASSED] - Delayed 5 second(s)

2017-11-22 02:17:42 - [TEST_STEP][PASSED] - Statement - BalanceAmount = com.kms.katalon.core.webui.keyword.WebUiBuiltInKeywords.getText(com.kms.katalon.core.testobject.ObjectRepository.findTestObject(Finance/BaseTestCases_OpenEntries_Service/OpenEntries.BalanceAmt)): Text of object 'Object Repository/Finance/BaseTestCases_OpenEntries_Service/OpenEntries.BalanceAmt' is: '0.00'

2017-11-22 02:17:42 - [MESSAGE][PASSED] - Text of object 'Object Repository/Finance/BaseTestCases_OpenEntries_Service/OpenEntries.BalanceAmt' is: '0.00'

2017-11-22 02:17:42 - [TEST_STEP][PASSED] - verifyEqual: Actual object '0.00' and expected object '0.00' are equal

2017-11-22 02:17:42 - [MESSAGE][PASSED] - Actual object '0.00' and expected object '0.00' are equal

2017-11-22 02:17:42 - [TEST_STEP][PASSED] - click: Object: 'Object Repository/Finance/BaseTestCases_OpenEntries_Service/OpenEntries.Reference' is clicked on

2017-11-22 02:17:43 - [MESSAGE][PASSED] - Object: 'Object Repository/Finance/BaseTestCases_OpenEntries_Service/OpenEntries.Reference' is clicked on

2017-11-22 02:17:43 - [TEST_STEP][PASSED] - setText: Text '' is set on object 'Object Repository/Finance/BaseTestCases_OpenEntries_Service/OpenEntries_DocumentType'

2017-11-22 02:17:43 - [MESSAGE][PASSED] - Text '' is set on object 'Object Repository/Finance/BaseTestCases_OpenEntries_Service/OpenEntries_DocumentType'

2017-11-22 02:17:43 - [TEST_STEP][PASSED] - setText: Text '' is set on object 'Object Repository/Finance/BaseTestCases_OpenEntries_Service/OpenEntries_DocumentNo'

2017-11-22 02:17:43 - [MESSAGE][PASSED] - Text '' is set on object 'Object Repository/Finance/BaseTestCases_OpenEntries_Service/OpenEntries_DocumentNo'

2017-11-22 02:17:43 - [TEST_STEP][PASSED] - sendKeys: Keys 'TAB + ' sent to object: 'Object Repository/Finance/BaseTestCases_OpenEntries_Service/OpenEntries_DocumentType'

2017-11-22 02:17:44 - [MESSAGE][PASSED] - Keys 'TAB + ' sent to object: 'Object Repository/Finance/BaseTestCases_OpenEntries_Service/OpenEntries_DocumentType'

2017-11-22 02:17:44 - [TEST_STEP][PASSED] - sendKeys: Keys 'TAB + ' sent to object: 'Object Repository/Finance/BaseTestCases_OpenEntries_Service/OpenEntries_DocumentNo'

2017-11-22 02:17:44 - [MESSAGE][PASSED] - Keys 'TAB + ' sent to object: 'Object Repository/Finance/BaseTestCases_OpenEntries_Service/OpenEntries_DocumentNo'

2017-11-22 02:17:44 - [TEST_STEP][PASSED] - sendKeys: Keys 'M00000182 (SIS/10006790)' sent to object: 'Object Repository/Finance/BaseTestCases_OpenEntries_Service/OpenEntries.Reference'

2017-11-22 02:17:45 - [MESSAGE][PASSED] - Keys 'M00000182 (SIS/10006790)' sent to object: 'Object Repository/Finance/BaseTestCases_OpenEntries_Service/OpenEntries.Reference'

2017-11-22 02:17:45 - [TEST_STEP][PASSED] - click: Object: 'Object Repository/Finance/BaseTestCases_OpenEntries_Service/OpenEntries_DocumentNo' is clicked on

2017-11-22 02:17:45 - [MESSAGE][PASSED] - Object: 'Object Repository/Finance/BaseTestCases_OpenEntries_Service/OpenEntries_DocumentNo' is clicked on

2017-11-22 02:17:45 - [TEST_STEP][PASSED] - delay: Delayed 3 second(s)

2017-11-22 02:17:48 - [MESSAGE][PASSED] - Delayed 3 second(s)

2017-11-22 02:17:48 - [TEST_STEP][PASSED] - scrollToElement: Scroll to object 'Object Repository/Finance/BaseTestCases_OpenEntries_Service/OpenEntries.BalanceAmt' successfully

2017-11-22 02:17:48 - [MESSAGE][PASSED] - Scroll to object 'Object Repository/Finance/BaseTestCases_OpenEntries_Service/OpenEntries.BalanceAmt' successfully

2017-11-22 02:17:48 - [TEST_STEP][PASSED] - Statement - BalanceAmount = com.kms.katalon.core.webui.keyword.WebUiBuiltInKeywords.getText(com.kms.katalon.core.testobject.ObjectRepository.findTestObject(Finance/BaseTestCases_OpenEntries_Service/OpenEntries.BalanceAmt)): Text of object 'Object Repository/Finance/BaseTestCases_OpenEntries_Service/OpenEntries.BalanceAmt' is: '14.00'

2017-11-22 02:17:48 - [MESSAGE][PASSED] - Text of object 'Object Repository/Finance/BaseTestCases_OpenEntries_Service/OpenEntries.BalanceAmt' is: '14.00'

2017-11-22 02:17:48 - [TEST_STEP][PASSED] - Statement - InvoiceAmount = com.kms.katalon.core.webui.keyword.WebUiBuiltInKeywords.getText(com.kms.katalon.core.testobject.ObjectRepository.findTestObject(Finance/BaseTestCases_OpenEntries_Service/OpenEntries.InvoiceAmt)): Text of object 'Object Repository/Finance/BaseTestCases_OpenEntries_Service/OpenEntries.InvoiceAmt' is: '14.00'

2017-11-22 02:17:48 - [MESSAGE][PASSED] - Text of object 'Object Repository/Finance/BaseTestCases_OpenEntries_Service/OpenEntries.InvoiceAmt' is: '14.00'

2017-11-22 02:17:48 - [TEST_STEP][PASSED] - verifyEqual: Actual object '14.00' and expected object '14.00' are equal

2017-11-22 02:17:48 - [MESSAGE][PASSED] - Actual object '14.00' and expected object '14.00' are equal

2017-11-22 02:17:48 - [TEST_STEP][NOT_RUN] - closeBrowser: NOT_RUN: closeBrowser

2017-11-22 02:17:48 - [MESSAGE][NOT_RUN] - NOT_RUN: closeBrowser

2017-11-22 02:17:48 - [MESSAGE][PASSED] - Call Test Case 'Test Cases/Finance/BaseTestCases/Base_Finance_CheckOpenEntriesForCCInvoice1' successfully]]></system-out>
         <system-err><![CDATA[]]></system-err>
      </testcase>
      <system-out><![CDATA[2017-11-22 01:49:04 - [TEST_SUITE][FAILED] - CC_ServiceTestSuite: Test Cases/Service/CreditCardRegression/TC001_Service_CreditCard FAILED because (of) Unable to click on object 'Object Repository/Service/ServiceOrder/ServiceOrderHeader/ServiceOrderHeader.Warning' (Root cause: com.kms.katalon.core.webui.exception.WebElementNotFoundException: Web element with id: 'Object Repository/Service/ServiceOrder/ServiceOrderHeader/ServiceOrderHeader.Warning' located by 'By.xpath: //*[@id = 'dlg-tssoc2100m001-0-input-button-1']' not found)]]></system-out>
      <system-err><![CDATA[2017-11-22 01:49:04 - [TEST_SUITE][FAILED] - CC_ServiceTestSuite: Test Cases/Service/CreditCardRegression/TC001_Service_CreditCard FAILED because (of) Unable to click on object 'Object Repository/Service/ServiceOrder/ServiceOrderHeader/ServiceOrderHeader.Warning' (Root cause: com.kms.katalon.core.webui.exception.WebElementNotFoundException: Web element with id: 'Object Repository/Service/ServiceOrder/ServiceOrderHeader/ServiceOrderHeader.Warning' located by 'By.xpath: //*[@id = 'dlg-tssoc2100m001-0-input-button-1']' not found)]]></system-err>
   </testsuite>
</testsuites>
