<?xml version="1.0" encoding="UTF-8"?>
<testsuites name="CC_ServiceOrderwithDiffGatewayTestSuite" time="94" tests="0" failures="0" errors="0">
   <testsuite name="CC_ServiceOrderwithDiffGatewayTestSuite" tests="0" failures="0" errors="0" time="94" timestamp="2017-11-27 18:09:50" hostname="agawhande - ANIL110.e-emphasys.com" id="Test Suites/FlaglerTestServer/CC_ServiceOrderwithDiffGatewayTestSuite">
      <properties>
         <property name="deviceName" value=""/>
         <property name="devicePlatform" value=""/>
         <property name="logFolder" value="C:\\Users\\agawhande\\git\\CreditCard\\Reports\\FlaglerTestServer\\CC_ServiceOrderwithDiffGatewayTestSuite\\20171127_180942"/>
         <property name="logFiles" value="C:\\Users\\agawhande\\git\\CreditCard\\Reports\\FlaglerTestServer\\CC_ServiceOrderwithDiffGatewayTestSuite\\20171127_180942\\execution0.log"/>
         <property name="attachments" value="C:\\Users\\agawhande\\git\\CreditCard\\Reports\\FlaglerTestServer\\CC_ServiceOrderwithDiffGatewayTestSuite\\20171127_180942\\1511786438703.png, C:\\Users\\agawhande\\git\\CreditCard\\Reports\\FlaglerTestServer\\CC_ServiceOrderwithDiffGatewayTestSuite\\20171127_180942\\1511786475328.png"/>
         <property name="hostName" value="agawhande - ANIL110.e-emphasys.com"/>
         <property name="os" value="Windows 7 64bit"/>
         <property name="katalonVersion" value="4.8.0.2"/>
         <property name="browser" value="Firefox 56.0"/>
         <property name="hostAddress" value="192.168.25.228"/>
         <property name="sessionId" value="903a0741-f524-4f8d-a679-6459bc38d2d5"/>
         <property name="seleniumVersion" value="unknown"/>
         <property name="proxyInformation" value="ProxyInformation{proxyOption=NO_PROXY, proxyServerType=, password=, proxyServerAddress=, proxyServerPort=0}"/>
         <property name="platform" value="Windows 7"/>
      </properties>
      <testcase name="Test Cases/Service/CreditCardRegression/TC001_Service_CreditCard" classname="Test Cases/Service/CreditCardRegression/TC001_Service_CreditCard" status="INCOMPLETE">
         <system-out><![CDATA[2017-11-27 18:09:51 - [TEST_CASE][INCOMPLETE] - Test Cases/Service/CreditCardRegression/TC001_Service_CreditCard: null

2017-11-27 18:09:52 - [TEST_STEP][INCOMPLETE] - callTestCase: null

2017-11-27 18:09:52 - [TEST_CASE][INCOMPLETE] - Test Cases/Service/BaseTestCases/Base_Service_CreateHeader: null

2017-11-27 18:09:52 - [TEST_STEP][PASSED] - callTestCase: Call Test Case 'Test Cases/Common/Base_Common_OpenSession' successfully

2017-11-27 18:09:52 - [TEST_CASE][PASSED] - Test Cases/Common/Base_Common_OpenSession: Test Cases/Common/Base_Common_OpenSession

2017-11-27 18:09:53 - [TEST_STEP][PASSED] - openBrowser: Browser is opened with url: 'http://baan:3Xtend27$13@192.168.20.241:8312/webui/servlet/login'

2017-11-27 18:10:18 - [MESSAGE][PASSED] - Browser is opened with url: 'http://baan:3Xtend27$13@192.168.20.241:8312/webui/servlet/login'

2017-11-27 18:10:18 - [TEST_STEP][PASSED] - waitForPageLoad: Wait for page load successfully

2017-11-27 18:10:18 - [MESSAGE][PASSED] - Wait for page load successfully

2017-11-27 18:10:18 - [TEST_STEP][PASSED] - maximizeWindow: Current window maximized

2017-11-27 18:10:19 - [MESSAGE][PASSED] - Current window maximized

2017-11-27 18:10:19 - [TEST_STEP][PASSED] - click: Object: 'Object Repository/Common/HomePage/HomePage_more' is clicked on

2017-11-27 18:10:22 - [MESSAGE][PASSED] - Object: 'Object Repository/Common/HomePage/HomePage_more' is clicked on

2017-11-27 18:10:22 - [TEST_STEP][PASSED] - click: Object: 'Object Repository/Common/HomePage/HomePage_Option' is clicked on

2017-11-27 18:10:23 - [MESSAGE][PASSED] - Object: 'Object Repository/Common/HomePage/HomePage_Option' is clicked on

2017-11-27 18:10:23 - [TEST_STEP][PASSED] - click: Object: 'Object Repository/Common/HomePage/HomePage_RunProgram_' is clicked on

2017-11-27 18:10:23 - [MESSAGE][PASSED] - Object: 'Object Repository/Common/HomePage/HomePage_RunProgram_' is clicked on

2017-11-27 18:10:23 - [TEST_STEP][PASSED] - sendKeys: Keys 'tssoc2100m001' sent to object: 'Object Repository/Common/HomePage/HomePage_Session_ID'

2017-11-27 18:10:24 - [MESSAGE][PASSED] - Keys 'tssoc2100m001' sent to object: 'Object Repository/Common/HomePage/HomePage_Session_ID'

2017-11-27 18:10:24 - [TEST_STEP][PASSED] - click: Object: 'Object Repository/Common/HomePage/HomePage_OkButton' is clicked on

2017-11-27 18:10:25 - [MESSAGE][PASSED] - Object: 'Object Repository/Common/HomePage/HomePage_OkButton' is clicked on

2017-11-27 18:10:25 - [MESSAGE][PASSED] - Call Test Case 'Test Cases/Common/Base_Common_OpenSession' successfully

2017-11-27 18:10:25 - [TEST_STEP][PASSED] - click: Object: 'Object Repository/Service/ServiceOrder/ServiceOrderHeader/ServiceOrderHeader.Newbutton' is clicked on

2017-11-27 18:10:31 - [MESSAGE][PASSED] - Object: 'Object Repository/Service/ServiceOrder/ServiceOrderHeader/ServiceOrderHeader.Newbutton' is clicked on

2017-11-27 18:10:31 - [TEST_STEP][PASSED] - delay: Delayed 3 second(s)

2017-11-27 18:10:34 - [MESSAGE][PASSED] - Delayed 3 second(s)

2017-11-27 18:10:34 - [TEST_STEP][PASSED] - setText: Text 'BP0005638' is set on object 'Object Repository/Service/ServiceOrder/ServiceOrderHeader/ServiceOrderHeader.Customer'

2017-11-27 18:10:34 - [MESSAGE][PASSED] - Text 'BP0005638' is set on object 'Object Repository/Service/ServiceOrder/ServiceOrderHeader/ServiceOrderHeader.Customer'

2017-11-27 18:10:35 - [TEST_STEP][PASSED] - sendKeys: Keys '' sent to object: 'Object Repository/Service/ServiceOrder/ServiceOrderHeader/ServiceOrderHeader.Customer'

2017-11-27 18:10:35 - [MESSAGE][PASSED] - Keys '' sent to object: 'Object Repository/Service/ServiceOrder/ServiceOrderHeader/ServiceOrderHeader.Customer'

2017-11-27 18:10:35 - [TEST_STEP][PASSED] - delay: Delayed 3 second(s)

2017-11-27 18:10:38 - [MESSAGE][PASSED] - Delayed 3 second(s)

2017-11-27 18:10:38 - [TEST_STEP][PASSED] - setText: Text 'EQ0372533' is set on object 'Object Repository/Service/ServiceOrder/ServiceOrderHeader/ServiceOrderHeader.Unit'

2017-11-27 18:10:38 - [MESSAGE][PASSED] - Text 'EQ0372533' is set on object 'Object Repository/Service/ServiceOrder/ServiceOrderHeader/ServiceOrderHeader.Unit'

2017-11-27 18:10:38 - [TEST_STEP][FAILED] - click: Unable to click on object 'Object Repository/Service/ServiceOrder/ServiceOrderHeader/ServiceOrderHeader.Save' (Root cause: org.openqa.selenium.WebDriverException: Element <div tabindex="0" class="Button" id="tssoc2100m001-0-button-std-file.save" draggable="true"></div> is not clickable at point (51, 79). Other element would receive the click: <div class="WindowManagerGlass" style="z-index: 1;"></div>
Command duration or timeout: 95 milliseconds
Build info: version: 'unknown', revision: 'unknown', time: 'unknown'
System info: host: 'ANIL110', ip: '192.168.25.228', os.name: 'Windows 7', os.arch: 'amd64', os.version: '6.1', java.version: '1.8.0_102'
Driver info: com.kms.katalon.core.webui.driver.firefox.CFirefoxDriver47
Capabilities [{applicationCacheEnabled=true, rotatable=false, handlesAlerts=true, databaseEnabled=true, version=56.0, platform=WINDOWS, nativeEvents=false, acceptSslCerts=true, webStorageEnabled=true, locationContextEnabled=true, browserName=firefox, takesScreenshot=true, javascriptEnabled=true, cssSelectorsEnabled=true}]
Session ID: 903a0741-f524-4f8d-a679-6459bc38d2d5)

2017-11-27 18:10:39 - [MESSAGE][FAILED] - Unable to click on object 'Object Repository/Service/ServiceOrder/ServiceOrderHeader/ServiceOrderHeader.Save' (Root cause: org.openqa.selenium.WebDriverException: Element <div tabindex="0" class="Button" id="tssoc2100m001-0-button-std-file.save" draggable="true"></div> is not clickable at point (51, 79). Other element would receive the click: <div class="WindowManagerGlass" style="z-index: 1;"></div>
Command duration or timeout: 95 milliseconds
Build info: version: 'unknown', revision: 'unknown', time: 'unknown'
System info: host: 'ANIL110', ip: '192.168.25.228', os.name: 'Windows 7', os.arch: 'amd64', os.version: '6.1', java.version: '1.8.0_102'
Driver info: com.kms.katalon.core.webui.driver.firefox.CFirefoxDriver47
Capabilities [{applicationCacheEnabled=true, rotatable=false, handlesAlerts=true, databaseEnabled=true, version=56.0, platform=WINDOWS, nativeEvents=false, acceptSslCerts=true, webStorageEnabled=true, locationContextEnabled=true, browserName=firefox, takesScreenshot=true, javascriptEnabled=true, cssSelectorsEnabled=true}]
Session ID: 903a0741-f524-4f8d-a679-6459bc38d2d5)
[[ATTACHMENT|C:\\Users\\agawhande\\git\\CreditCard\\Reports\\FlaglerTestServer\\CC_ServiceOrderwithDiffGatewayTestSuite\\20171127_180942\\1511786438703.png]]

2017-11-27 18:10:39 - [TEST_STEP][FAILED] - click: Unable to click on object 'Object Repository/Service/ServiceOrder/ServiceOrderHeader/ServiceOrderHeader.Warning' (Root cause: com.kms.katalon.core.webui.exception.WebElementNotFoundException: Web element with id: 'Object Repository/Service/ServiceOrder/ServiceOrderHeader/ServiceOrderHeader.Warning' located by 'By.xpath: //*[@id = 'dlg-tssoc2100m001-0-input-button-1']' not found)

2017-11-27 18:11:15 - [MESSAGE][FAILED] - Unable to click on object 'Object Repository/Service/ServiceOrder/ServiceOrderHeader/ServiceOrderHeader.Warning' (Root cause: com.kms.katalon.core.webui.exception.WebElementNotFoundException: Web element with id: 'Object Repository/Service/ServiceOrder/ServiceOrderHeader/ServiceOrderHeader.Warning' located by 'By.xpath: //*[@id = 'dlg-tssoc2100m001-0-input-button-1']' not found)
[[ATTACHMENT|C:\\Users\\agawhande\\git\\CreditCard\\Reports\\FlaglerTestServer\\CC_ServiceOrderwithDiffGatewayTestSuite\\20171127_180942\\1511786475328.png]]

2017-11-27 18:11:15 - [TEST_STEP][PASSED] - delay: Delayed 3 second(s)

2017-11-27 18:11:18 - [MESSAGE][PASSED] - Delayed 3 second(s)

2017-11-27 18:11:18 - [TEST_STEP][PASSED] - click: Object: 'Object Repository/Service/ServiceOrder/ServiceOrderHeader/ServiceOrderHeader.PaymentMode' is clicked on

2017-11-27 18:11:18 - [MESSAGE][PASSED] - Object: 'Object Repository/Service/ServiceOrder/ServiceOrderHeader/ServiceOrderHeader.PaymentMode' is clicked on

2017-11-27 18:11:18 - [TEST_STEP][PASSED] - click: Object: 'Object Repository/Service/ServiceOrder/ServiceOrderHeader/ServiceOrderHeader.CreditCardoption' is clicked on

2017-11-27 18:11:19 - [MESSAGE][PASSED] - Object: 'Object Repository/Service/ServiceOrder/ServiceOrderHeader/ServiceOrderHeader.CreditCardoption' is clicked on

2017-11-27 18:11:19 - [TEST_STEP][PASSED] - delay: Delayed 5 second(s)

2017-11-27 18:11:24 - [MESSAGE][PASSED] - Delayed 5 second(s)

2017-11-27 18:11:24 - [TEST_STEP][NOT_RUN] - setText: NOT_RUN: setText

2017-11-27 18:11:24 - [MESSAGE][NOT_RUN] - NOT_RUN: setText

2017-11-27 18:11:24 - [TEST_STEP][PASSED] - click: Object: 'Object Repository/Service/ServiceOrder/ServiceOrderHeader/ServiceOrderHeader.Save' is clicked on

2017-11-27 18:11:24 - [MESSAGE][PASSED] - Object: 'Object Repository/Service/ServiceOrder/ServiceOrderHeader/ServiceOrderHeader.Save' is clicked on

2017-11-27 18:11:24 - [TEST_STEP][INCOMPLETE] - delay: Delaying browser in 5 second(s)]]></system-out>
         <system-err><![CDATA[2017-11-27 18:09:51 - [TEST_CASE][INCOMPLETE] - Test Cases/Service/CreditCardRegression/TC001_Service_CreditCard: null]]></system-err>
      </testcase>
      <system-out><![CDATA[2017-11-27 18:09:50 - [TEST_SUITE][INCOMPLETE] - CC_ServiceOrderwithDiffGatewayTestSuite: null]]></system-out>
      <system-err><![CDATA[2017-11-27 18:09:50 - [TEST_SUITE][INCOMPLETE] - CC_ServiceOrderwithDiffGatewayTestSuite: null]]></system-err>
   </testsuite>
</testsuites>
