<?xml version="1.0" encoding="UTF-8"?>
<testsuites name="CC_ServiceSplitTendetTestSuite" time="1133" tests="1" failures="1" errors="0">
   <testsuite name="CC_ServiceSplitTendetTestSuite" tests="1" failures="1" errors="0" time="1133" timestamp="2017-11-24 19:21:37" hostname="agawhande - ANIL110.e-emphasys.com" id="Test Suites/CC_ServiceSplitTendetTestSuite">
      <properties>
         <property name="deviceName" value=""/>
         <property name="devicePlatform" value=""/>
         <property name="logFolder" value="C:\\Users\\agawhande\\git\\CreditCard\\Reports\\CC_ServiceSplitTendetTestSuite\\20171124_192114"/>
         <property name="logFiles" value="C:\\Users\\agawhande\\git\\CreditCard\\Reports\\CC_ServiceSplitTendetTestSuite\\20171124_192114\\execution0.log"/>
         <property name="attachments" value="C:\\Users\\agawhande\\git\\CreditCard\\Reports\\CC_ServiceSplitTendetTestSuite\\20171124_192114\\1511532089837.png, C:\\Users\\agawhande\\git\\CreditCard\\Reports\\CC_ServiceSplitTendetTestSuite\\20171124_192114\\1511532092354.png, C:\\Users\\agawhande\\git\\CreditCard\\Reports\\CC_ServiceSplitTendetTestSuite\\20171124_192114\\1511532094579.png, C:\\Users\\agawhande\\git\\CreditCard\\Reports\\CC_ServiceSplitTendetTestSuite\\20171124_192114\\1511532100075.png, C:\\Users\\agawhande\\git\\CreditCard\\Reports\\CC_ServiceSplitTendetTestSuite\\20171124_192114\\1511532102282.png, C:\\Users\\agawhande\\git\\CreditCard\\Reports\\CC_ServiceSplitTendetTestSuite\\20171124_192114\\1511532104559.png, C:\\Users\\agawhande\\git\\CreditCard\\Reports\\CC_ServiceSplitTendetTestSuite\\20171124_192114\\1511532139474.png, C:\\Users\\agawhande\\git\\CreditCard\\Reports\\CC_ServiceSplitTendetTestSuite\\20171124_192114\\1511532173834.png, C:\\Users\\agawhande\\git\\CreditCard\\Reports\\CC_ServiceSplitTendetTestSuite\\20171124_192114\\1511532215940.png, C:\\Users\\agawhande\\git\\CreditCard\\Reports\\CC_ServiceSplitTendetTestSuite\\20171124_192114\\1511532250116.png, C:\\Users\\agawhande\\git\\CreditCard\\Reports\\CC_ServiceSplitTendetTestSuite\\20171124_192114\\1511532252381.png, C:\\Users\\agawhande\\git\\CreditCard\\Reports\\CC_ServiceSplitTendetTestSuite\\20171124_192114\\1511532255615.png, C:\\Users\\agawhande\\git\\CreditCard\\Reports\\CC_ServiceSplitTendetTestSuite\\20171124_192114\\1511532289694.png, C:\\Users\\agawhande\\git\\CreditCard\\Reports\\CC_ServiceSplitTendetTestSuite\\20171124_192114\\1511532292074.png, C:\\Users\\agawhande\\git\\CreditCard\\Reports\\CC_ServiceSplitTendetTestSuite\\20171124_192114\\1511532294360.png, C:\\Users\\agawhande\\git\\CreditCard\\Reports\\CC_ServiceSplitTendetTestSuite\\20171124_192114\\1511532339499.png, C:\\Users\\agawhande\\git\\CreditCard\\Reports\\CC_ServiceSplitTendetTestSuite\\20171124_192114\\1511532383149.png, C:\\Users\\agawhande\\git\\CreditCard\\Reports\\CC_ServiceSplitTendetTestSuite\\20171124_192114\\1511532391705.png, C:\\Users\\agawhande\\git\\CreditCard\\Reports\\CC_ServiceSplitTendetTestSuite\\20171124_192114\\1511532426784.png, C:\\Users\\agawhande\\git\\CreditCard\\Reports\\CC_ServiceSplitTendetTestSuite\\20171124_192114\\1511532461946.png, C:\\Users\\agawhande\\git\\CreditCard\\Reports\\CC_ServiceSplitTendetTestSuite\\20171124_192114\\1511532494072.png, C:\\Users\\agawhande\\git\\CreditCard\\Reports\\CC_ServiceSplitTendetTestSuite\\20171124_192114\\1511532521381.png, C:\\Users\\agawhande\\git\\CreditCard\\Reports\\CC_ServiceSplitTendetTestSuite\\20171124_192114\\1511532521583.png, C:\\Users\\agawhande\\git\\CreditCard\\Reports\\CC_ServiceSplitTendetTestSuite\\20171124_192114\\1511532563281.png, C:\\Users\\agawhande\\git\\CreditCard\\Reports\\CC_ServiceSplitTendetTestSuite\\20171124_192114\\1511532595207.png, C:\\Users\\agawhande\\git\\CreditCard\\Reports\\CC_ServiceSplitTendetTestSuite\\20171124_192114\\1511532627000.png"/>
         <property name="hostName" value="agawhande - ANIL110.e-emphasys.com"/>
         <property name="os" value="Windows 7 64bit"/>
         <property name="katalonVersion" value="5.0.1.1"/>
         <property name="browser" value="Firefox 56.0"/>
         <property name="hostAddress" value="192.168.25.228"/>
         <property name="sessionId" value="924c3f89-ee19-4512-b5b2-a9d54518f3fe"/>
         <property name="seleniumVersion" value="2.53.0"/>
         <property name="proxyInformation" value="ProxyInformation{proxyOption=NO_PROXY, proxyServerType=HTTP, password=, proxyServerAddress=, proxyServerPort=0}"/>
         <property name="platform" value="Windows 7"/>
      </properties>
      <testcase name="Test Cases/Service/CreditCardRegression/TC002_Service_CreditCardSplitTender - Iteration 1" classname="Test Cases/Service/CreditCardRegression/TC002_Service_CreditCardSplitTender" status="PASSED">
         <system-out><![CDATA[2017-11-24 19:21:37 - [TEST_CASE][PASSED] - Test Cases/Service/CreditCardRegression/TC002_Service_CreditCardSplitTender - Iteration 1: Test Cases/Service/CreditCardRegression/TC002_Service_CreditCardSplitTender

2017-11-24 19:21:38 - [TEST_STEP][PASSED] - callTestCase: Call Test Case 'Test Cases/Service/BaseTestCases/Base_Service_CreateHeader' successfully

2017-11-24 19:21:38 - [TEST_CASE][PASSED] - Test Cases/Service/BaseTestCases/Base_Service_CreateHeader: Test Cases/Service/BaseTestCases/Base_Service_CreateHeader

2017-11-24 19:21:39 - [TEST_STEP][PASSED] - callTestCase: Call Test Case 'Test Cases/Common/Base_Common_OpenSession' successfully

2017-11-24 19:21:40 - [TEST_CASE][PASSED] - Test Cases/Common/Base_Common_OpenSession: Test Cases/Common/Base_Common_OpenSession

2017-11-24 19:21:40 - [TEST_STEP][PASSED] - openBrowser: Browser is opened with url: 'https://rgajbhiye:Robin$123@proxima-ln4.e-emphasys.com:8441/webui/servlet/login'

2017-11-24 19:22:18 - [MESSAGE][PASSED] - Browser is opened with url: 'https://rgajbhiye:Robin$123@proxima-ln4.e-emphasys.com:8441/webui/servlet/login'

2017-11-24 19:22:18 - [TEST_STEP][PASSED] - waitForPageLoad: Wait for page load successfully

2017-11-24 19:22:18 - [MESSAGE][PASSED] - Wait for page load successfully

2017-11-24 19:22:18 - [TEST_STEP][PASSED] - maximizeWindow: Current window maximized

2017-11-24 19:22:18 - [MESSAGE][PASSED] - Current window maximized

2017-11-24 19:22:18 - [TEST_STEP][PASSED] - click: Object: 'Object Repository/Common/HomePage/HomePage_more' is clicked on

2017-11-24 19:22:24 - [MESSAGE][PASSED] - Object: 'Object Repository/Common/HomePage/HomePage_more' is clicked on

2017-11-24 19:22:24 - [TEST_STEP][PASSED] - click: Object: 'Object Repository/Common/HomePage/HomePage_Option' is clicked on

2017-11-24 19:22:25 - [MESSAGE][PASSED] - Object: 'Object Repository/Common/HomePage/HomePage_Option' is clicked on

2017-11-24 19:22:25 - [TEST_STEP][PASSED] - click: Object: 'Object Repository/Common/HomePage/HomePage_RunProgram_' is clicked on

2017-11-24 19:22:25 - [MESSAGE][PASSED] - Object: 'Object Repository/Common/HomePage/HomePage_RunProgram_' is clicked on

2017-11-24 19:22:25 - [TEST_STEP][PASSED] - sendKeys: Keys 'tssoc2100m001' sent to object: 'Object Repository/Common/HomePage/HomePage_Session_ID'

2017-11-24 19:22:25 - [MESSAGE][PASSED] - Keys 'tssoc2100m001' sent to object: 'Object Repository/Common/HomePage/HomePage_Session_ID'

2017-11-24 19:22:25 - [TEST_STEP][PASSED] - click: Object: 'Object Repository/Common/HomePage/HomePage_OkButton' is clicked on

2017-11-24 19:22:26 - [MESSAGE][PASSED] - Object: 'Object Repository/Common/HomePage/HomePage_OkButton' is clicked on

2017-11-24 19:22:26 - [MESSAGE][PASSED] - Call Test Case 'Test Cases/Common/Base_Common_OpenSession' successfully

2017-11-24 19:22:26 - [TEST_STEP][PASSED] - click: Object: 'Object Repository/Service/ServiceOrder/ServiceOrderHeader/ServiceOrderHeader.Newbutton' is clicked on

2017-11-24 19:22:29 - [MESSAGE][PASSED] - Object: 'Object Repository/Service/ServiceOrder/ServiceOrderHeader/ServiceOrderHeader.Newbutton' is clicked on

2017-11-24 19:22:29 - [TEST_STEP][PASSED] - delay: Delayed 3 second(s)

2017-11-24 19:22:32 - [MESSAGE][PASSED] - Delayed 3 second(s)

2017-11-24 19:22:32 - [TEST_STEP][PASSED] - setText: Text 'M00000182' is set on object 'Object Repository/Service/ServiceOrder/ServiceOrderHeader/ServiceOrderHeader.Customer'

2017-11-24 19:22:32 - [MESSAGE][PASSED] - Text 'M00000182' is set on object 'Object Repository/Service/ServiceOrder/ServiceOrderHeader/ServiceOrderHeader.Customer'

2017-11-24 19:22:32 - [TEST_STEP][PASSED] - sendKeys: Keys 'TAB + ' sent to object: 'Object Repository/Service/ServiceOrder/ServiceOrderHeader/ServiceOrderHeader.Customer'

2017-11-24 19:22:32 - [MESSAGE][PASSED] - Keys 'TAB + ' sent to object: 'Object Repository/Service/ServiceOrder/ServiceOrderHeader/ServiceOrderHeader.Customer'

2017-11-24 19:22:32 - [TEST_STEP][PASSED] - delay: Delayed 3 second(s)

2017-11-24 19:22:35 - [MESSAGE][PASSED] - Delayed 3 second(s)

2017-11-24 19:22:35 - [TEST_STEP][PASSED] - setText: Text 'MD0007993' is set on object 'Object Repository/Service/ServiceOrder/ServiceOrderHeader/ServiceOrderHeader.Unit'

2017-11-24 19:22:35 - [MESSAGE][PASSED] - Text 'MD0007993' is set on object 'Object Repository/Service/ServiceOrder/ServiceOrderHeader/ServiceOrderHeader.Unit'

2017-11-24 19:22:35 - [TEST_STEP][PASSED] - click: Object: 'Object Repository/Service/ServiceOrder/ServiceOrderHeader/ServiceOrderHeader.Save' is clicked on

2017-11-24 19:22:35 - [MESSAGE][PASSED] - Object: 'Object Repository/Service/ServiceOrder/ServiceOrderHeader/ServiceOrderHeader.Save' is clicked on

2017-11-24 19:22:35 - [TEST_STEP][PASSED] - click: Object: 'Object Repository/Service/ServiceOrder/ServiceOrderHeader/ServiceOrderHeader.Warning' is clicked on

2017-11-24 19:22:42 - [MESSAGE][PASSED] - Object: 'Object Repository/Service/ServiceOrder/ServiceOrderHeader/ServiceOrderHeader.Warning' is clicked on

2017-11-24 19:22:42 - [TEST_STEP][PASSED] - delay: Delayed 3 second(s)

2017-11-24 19:22:45 - [MESSAGE][PASSED] - Delayed 3 second(s)

2017-11-24 19:22:45 - [TEST_STEP][PASSED] - click: Object: 'Object Repository/Service/ServiceOrder/ServiceOrderHeader/ServiceOrderHeader.PaymentMode' is clicked on

2017-11-24 19:22:45 - [MESSAGE][PASSED] - Object: 'Object Repository/Service/ServiceOrder/ServiceOrderHeader/ServiceOrderHeader.PaymentMode' is clicked on

2017-11-24 19:22:45 - [TEST_STEP][PASSED] - click: Object: 'Object Repository/Service/ServiceOrder/ServiceOrderHeader/ServiceOrderHeader.CreditCardoption' is clicked on

2017-11-24 19:22:45 - [MESSAGE][PASSED] - Object: 'Object Repository/Service/ServiceOrder/ServiceOrderHeader/ServiceOrderHeader.CreditCardoption' is clicked on

2017-11-24 19:22:45 - [TEST_STEP][PASSED] - delay: Delayed 5 second(s)

2017-11-24 19:22:50 - [MESSAGE][PASSED] - Delayed 5 second(s)

2017-11-24 19:22:50 - [TEST_STEP][NOT_RUN] - setText: NOT_RUN: setText

2017-11-24 19:22:50 - [MESSAGE][NOT_RUN] - NOT_RUN: setText

2017-11-24 19:22:50 - [TEST_STEP][PASSED] - click: Object: 'Object Repository/Service/ServiceOrder/ServiceOrderHeader/ServiceOrderHeader.Save' is clicked on

2017-11-24 19:22:50 - [MESSAGE][PASSED] - Object: 'Object Repository/Service/ServiceOrder/ServiceOrderHeader/ServiceOrderHeader.Save' is clicked on

2017-11-24 19:22:50 - [TEST_STEP][PASSED] - delay: Delayed 5 second(s)

2017-11-24 19:22:55 - [MESSAGE][PASSED] - Delayed 5 second(s)

2017-11-24 19:22:55 - [TEST_STEP][PASSED] - Statement - SWOOrderNo = com.kms.katalon.core.webui.keyword.WebUiBuiltInKeywords.getAttribute(com.kms.katalon.core.testobject.ObjectRepository.findTestObject(Service/ServiceOrder/ServiceOrderHeader/ServiceOrderHeader.OrderNo), "value"): Attribute 'value' of object 'Object Repository/Service/ServiceOrder/ServiceOrderHeader/ServiceOrderHeader.OrderNo' is: 'SWO119867'

2017-11-24 19:22:55 - [MESSAGE][PASSED] - Attribute 'value' of object 'Object Repository/Service/ServiceOrder/ServiceOrderHeader/ServiceOrderHeader.OrderNo' is: 'SWO119867'

2017-11-24 19:22:55 - [TEST_STEP][PASSED] - verifyNotEqual: Actual object 'SWO119867' and expected object '' are not equal

2017-11-24 19:22:55 - [MESSAGE][PASSED] - Actual object 'SWO119867' and expected object '' are not equal

2017-11-24 19:22:55 - [TEST_STEP][PASSED] - delay: Delayed 5 second(s)

2017-11-24 19:23:00 - [MESSAGE][PASSED] - Delayed 5 second(s)

2017-11-24 19:23:00 - [TEST_STEP][PASSED] - click: Object: 'Object Repository/Service/ServiceOrder/ServiceOrderHeader/ServiceOrderHeader.Actions' is clicked on

2017-11-24 19:23:01 - [MESSAGE][PASSED] - Object: 'Object Repository/Service/ServiceOrder/ServiceOrderHeader/ServiceOrderHeader.Actions' is clicked on

2017-11-24 19:23:01 - [TEST_STEP][PASSED] - delay: Delayed 3 second(s)

2017-11-24 19:23:04 - [MESSAGE][PASSED] - Delayed 3 second(s)

2017-11-24 19:23:04 - [TEST_STEP][PASSED] - click: Object: 'Object Repository/Service/ServiceOrder/ServiceOrderHeader/ServiceOrderHeader.Segments' is clicked on

2017-11-24 19:23:04 - [MESSAGE][PASSED] - Object: 'Object Repository/Service/ServiceOrder/ServiceOrderHeader/ServiceOrderHeader.Segments' is clicked on

2017-11-24 19:23:04 - [TEST_STEP][PASSED] - delay: Delayed 3 second(s)

2017-11-24 19:23:07 - [MESSAGE][PASSED] - Delayed 3 second(s)

2017-11-24 19:23:07 - [MESSAGE][PASSED] - Call Test Case 'Test Cases/Service/BaseTestCases/Base_Service_CreateHeader' successfully

2017-11-24 19:23:07 - [TEST_STEP][PASSED] - callTestCase: Call Test Case 'Test Cases/Service/BaseTestCases/Base_Service_AddSegment' successfully

2017-11-24 19:23:07 - [TEST_CASE][PASSED] - Test Cases/Service/BaseTestCases/Base_Service_AddSegment: Test Cases/Service/BaseTestCases/Base_Service_AddSegment

2017-11-24 19:23:07 - [TEST_STEP][PASSED] - click: Object: 'Object Repository/Service/ServiceOrder/ServiceOrderSegment/ServiceOrderSegment.ServiceType' is clicked on

2017-11-24 19:23:09 - [MESSAGE][PASSED] - Object: 'Object Repository/Service/ServiceOrder/ServiceOrderSegment/ServiceOrderSegment.ServiceType' is clicked on

2017-11-24 19:23:09 - [TEST_STEP][PASSED] - setText: Text 'ABC' is set on object 'Object Repository/Service/ServiceOrder/ServiceOrderSegment/ServiceOrderSegment.ServiceType'

2017-11-24 19:23:09 - [MESSAGE][PASSED] - Text 'ABC' is set on object 'Object Repository/Service/ServiceOrder/ServiceOrderSegment/ServiceOrderSegment.ServiceType'

2017-11-24 19:23:09 - [TEST_STEP][NOT_RUN] - sendKeys: NOT_RUN: sendKeys

2017-11-24 19:23:09 - [MESSAGE][NOT_RUN] - NOT_RUN: sendKeys

2017-11-24 19:23:09 - [TEST_STEP][PASSED] - delay: Delayed 3 second(s)

2017-11-24 19:23:12 - [MESSAGE][PASSED] - Delayed 3 second(s)

2017-11-24 19:23:12 - [TEST_STEP][PASSED] - click: Object: 'Object Repository/Service/ServiceOrder/ServiceOrderSegment/ServiceOrderSegment.Save' is clicked on

2017-11-24 19:23:12 - [MESSAGE][PASSED] - Object: 'Object Repository/Service/ServiceOrder/ServiceOrderSegment/ServiceOrderSegment.Save' is clicked on

2017-11-24 19:23:12 - [TEST_STEP][PASSED] - delay: Delayed 10 second(s)

2017-11-24 19:23:22 - [MESSAGE][PASSED] - Delayed 10 second(s)

2017-11-24 19:23:22 - [TEST_STEP][PASSED] - click: Object: 'Object Repository/Service/ServiceOrder/ServiceOrderSegment/ServiceOrderSegment.Action' is clicked on

2017-11-24 19:23:22 - [MESSAGE][PASSED] - Object: 'Object Repository/Service/ServiceOrder/ServiceOrderSegment/ServiceOrderSegment.Action' is clicked on

2017-11-24 19:23:22 - [TEST_STEP][PASSED] - delay: Delayed 2 second(s)

2017-11-24 19:23:24 - [MESSAGE][PASSED] - Delayed 2 second(s)

2017-11-24 19:23:24 - [TEST_STEP][PASSED] - click: Object: 'Object Repository/Service/ServiceOrder/ServiceOrderSegment/ServiceOrderSegment.Release' is clicked on

2017-11-24 19:23:25 - [MESSAGE][PASSED] - Object: 'Object Repository/Service/ServiceOrder/ServiceOrderSegment/ServiceOrderSegment.Release' is clicked on

2017-11-24 19:23:25 - [TEST_STEP][PASSED] - delay: Delayed 5 second(s)

2017-11-24 19:23:30 - [MESSAGE][PASSED] - Delayed 5 second(s)

2017-11-24 19:23:30 - [TEST_STEP][NOT_RUN] - click: NOT_RUN: click

2017-11-24 19:23:30 - [MESSAGE][NOT_RUN] - NOT_RUN: click

2017-11-24 19:23:30 - [TEST_STEP][NOT_RUN] - click: NOT_RUN: click

2017-11-24 19:23:30 - [MESSAGE][NOT_RUN] - NOT_RUN: click

2017-11-24 19:23:30 - [TEST_STEP][NOT_RUN] - delay: NOT_RUN: delay

2017-11-24 19:23:30 - [MESSAGE][NOT_RUN] - NOT_RUN: delay

2017-11-24 19:23:30 - [TEST_STEP][NOT_RUN] - setText: NOT_RUN: setText

2017-11-24 19:23:30 - [MESSAGE][NOT_RUN] - NOT_RUN: setText

2017-11-24 19:23:30 - [TEST_STEP][NOT_RUN] - sendKeys: NOT_RUN: sendKeys

2017-11-24 19:23:30 - [MESSAGE][NOT_RUN] - NOT_RUN: sendKeys

2017-11-24 19:23:30 - [TEST_STEP][NOT_RUN] - delay: NOT_RUN: delay

2017-11-24 19:23:30 - [MESSAGE][NOT_RUN] - NOT_RUN: delay

2017-11-24 19:23:30 - [TEST_STEP][NOT_RUN] - click: NOT_RUN: click

2017-11-24 19:23:30 - [MESSAGE][NOT_RUN] - NOT_RUN: click

2017-11-24 19:23:30 - [TEST_STEP][NOT_RUN] - delay: NOT_RUN: delay

2017-11-24 19:23:30 - [MESSAGE][NOT_RUN] - NOT_RUN: delay

2017-11-24 19:23:30 - [TEST_STEP][PASSED] - click: Object: 'Object Repository/Service/ServiceOrder/ServiceOrderSegment/ServiceOrderSegment.Action' is clicked on

2017-11-24 19:23:30 - [MESSAGE][PASSED] - Object: 'Object Repository/Service/ServiceOrder/ServiceOrderSegment/ServiceOrderSegment.Action' is clicked on

2017-11-24 19:23:30 - [TEST_STEP][PASSED] - delay: Delayed 3 second(s)

2017-11-24 19:23:33 - [MESSAGE][PASSED] - Delayed 3 second(s)

2017-11-24 19:23:33 - [MESSAGE][PASSED] - Call Test Case 'Test Cases/Service/BaseTestCases/Base_Service_AddSegment' successfully

2017-11-24 19:23:33 - [TEST_STEP][PASSED] - callTestCase: Call Test Case 'Test Cases/Service/BaseTestCases/Base_Service_Add Others' successfully

2017-11-24 19:23:33 - [TEST_CASE][PASSED] - Test Cases/Service/BaseTestCases/Base_Service_Add Others: Test Cases/Service/BaseTestCases/Base_Service_Add Others

2017-11-24 19:23:33 - [TEST_STEP][PASSED] - click: Object: 'Object Repository/Service/ServiceOrder/ServiceOrderSegment/ServiceOrderSegment.Others' is clicked on

2017-11-24 19:23:33 - [MESSAGE][PASSED] - Object: 'Object Repository/Service/ServiceOrder/ServiceOrderSegment/ServiceOrderSegment.Others' is clicked on

2017-11-24 19:23:33 - [TEST_STEP][PASSED] - delay: Delayed 10 second(s)

2017-11-24 19:23:43 - [MESSAGE][PASSED] - Delayed 10 second(s)

2017-11-24 19:23:43 - [TEST_STEP][PASSED] - click: Object: 'Object Repository/Service/ServiceOrder/ServiceOrderSegment/ServiceOrderSegment.OthersNew' is clicked on

2017-11-24 19:23:44 - [MESSAGE][PASSED] - Object: 'Object Repository/Service/ServiceOrder/ServiceOrderSegment/ServiceOrderSegment.OthersNew' is clicked on

2017-11-24 19:23:44 - [TEST_STEP][PASSED] - delay: Delayed 5 second(s)

2017-11-24 19:23:49 - [MESSAGE][PASSED] - Delayed 5 second(s)

2017-11-24 19:23:49 - [TEST_STEP][PASSED] - click: Object: 'Object Repository/Service/ServiceOrder/ServiceOrderSegment/ServiceOrderSegment.OthersCostComp' is clicked on

2017-11-24 19:23:49 - [MESSAGE][PASSED] - Object: 'Object Repository/Service/ServiceOrder/ServiceOrderSegment/ServiceOrderSegment.OthersCostComp' is clicked on

2017-11-24 19:23:49 - [TEST_STEP][PASSED] - delay: Delayed 2 second(s)

2017-11-24 19:23:51 - [MESSAGE][PASSED] - Delayed 2 second(s)

2017-11-24 19:23:51 - [TEST_STEP][PASSED] - setText: Text 'APP' is set on object 'Object Repository/Service/ServiceOrder/ServiceOrderSegment/ServiceOrderSegment.OthersCostComp'

2017-11-24 19:23:51 - [MESSAGE][PASSED] - Text 'APP' is set on object 'Object Repository/Service/ServiceOrder/ServiceOrderSegment/ServiceOrderSegment.OthersCostComp'

2017-11-24 19:23:51 - [TEST_STEP][PASSED] - delay: Delayed 5 second(s)

2017-11-24 19:23:56 - [MESSAGE][PASSED] - Delayed 5 second(s)

2017-11-24 19:23:56 - [TEST_STEP][PASSED] - scrollToElement: Scroll to object 'Object Repository/Service/ServiceOrder/ServiceOrderSegment/ServiceOrderSegment.Actual Qty' successfully

2017-11-24 19:23:56 - [MESSAGE][PASSED] - Scroll to object 'Object Repository/Service/ServiceOrder/ServiceOrderSegment/ServiceOrderSegment.Actual Qty' successfully

2017-11-24 19:23:56 - [TEST_STEP][PASSED] - click: Object: 'Object Repository/Service/ServiceOrder/ServiceOrderSegment/ServiceOrderSegment.Actual Qty' is clicked on

2017-11-24 19:23:56 - [MESSAGE][PASSED] - Object: 'Object Repository/Service/ServiceOrder/ServiceOrderSegment/ServiceOrderSegment.Actual Qty' is clicked on

2017-11-24 19:23:56 - [TEST_STEP][PASSED] - delay: Delayed 2 second(s)

2017-11-24 19:23:58 - [MESSAGE][PASSED] - Delayed 2 second(s)

2017-11-24 19:23:58 - [TEST_STEP][PASSED] - sendKeys: Keys '2' sent to object: 'Object Repository/Service/ServiceOrder/ServiceOrderSegment/ServiceOrderSegment.Actual Qty'

2017-11-24 19:23:59 - [MESSAGE][PASSED] - Keys '2' sent to object: 'Object Repository/Service/ServiceOrder/ServiceOrderSegment/ServiceOrderSegment.Actual Qty'

2017-11-24 19:23:59 - [TEST_STEP][PASSED] - delay: Delayed 5 second(s)

2017-11-24 19:24:04 - [MESSAGE][PASSED] - Delayed 5 second(s)

2017-11-24 19:24:04 - [TEST_STEP][NOT_RUN] - click: NOT_RUN: click

2017-11-24 19:24:04 - [MESSAGE][NOT_RUN] - NOT_RUN: click

2017-11-24 19:24:04 - [TEST_STEP][PASSED] - click: Object: 'Object Repository/Service/ServiceOrder/ServiceOrderSegment/ServiceOrderSegmentOthers.SaveClose' is clicked on

2017-11-24 19:24:04 - [MESSAGE][PASSED] - Object: 'Object Repository/Service/ServiceOrder/ServiceOrderSegment/ServiceOrderSegmentOthers.SaveClose' is clicked on

2017-11-24 19:24:04 - [TEST_STEP][PASSED] - delay: Delayed 5 second(s)

2017-11-24 19:24:09 - [MESSAGE][PASSED] - Delayed 5 second(s)

2017-11-24 19:24:09 - [TEST_STEP][PASSED] - click: Object: 'Object Repository/Service/ServiceOrder/ServiceOrderSegment/ServiceOrderSegment.SaveClose' is clicked on

2017-11-24 19:24:09 - [MESSAGE][PASSED] - Object: 'Object Repository/Service/ServiceOrder/ServiceOrderSegment/ServiceOrderSegment.SaveClose' is clicked on

2017-11-24 19:24:09 - [MESSAGE][PASSED] - Call Test Case 'Test Cases/Service/BaseTestCases/Base_Service_Add Others' successfully

2017-11-24 19:24:09 - [TEST_STEP][PASSED] - callTestCase: Call Test Case 'Test Cases/Service/BaseTestCases/Base_Service_HeaderInvoice_SplitTender' successfully

2017-11-24 19:24:09 - [TEST_CASE][PASSED] - Test Cases/Service/BaseTestCases/Base_Service_HeaderInvoice_SplitTender: Test Cases/Service/BaseTestCases/Base_Service_HeaderInvoice_SplitTender

2017-11-24 19:24:09 - [TEST_STEP][PASSED] - delay: Delayed 5 second(s)

2017-11-24 19:24:14 - [MESSAGE][PASSED] - Delayed 5 second(s)

2017-11-24 19:24:14 - [TEST_STEP][PASSED] - click: Object: 'Object Repository/Service/ServiceOrder/ServiceOrderHeader/ServiceOrderHeader.Actions' is clicked on

2017-11-24 19:24:15 - [MESSAGE][PASSED] - Object: 'Object Repository/Service/ServiceOrder/ServiceOrderHeader/ServiceOrderHeader.Actions' is clicked on

2017-11-24 19:24:15 - [TEST_STEP][PASSED] - delay: Delayed 3 second(s)

2017-11-24 19:24:18 - [MESSAGE][PASSED] - Delayed 3 second(s)

2017-11-24 19:24:18 - [TEST_STEP][PASSED] - click: Object: 'Object Repository/Service/ServiceOrder/ServiceOrderHeader/ServiceOrderHeader.Costing' is clicked on

2017-11-24 19:24:18 - [MESSAGE][PASSED] - Object: 'Object Repository/Service/ServiceOrder/ServiceOrderHeader/ServiceOrderHeader.Costing' is clicked on

2017-11-24 19:24:18 - [TEST_STEP][PASSED] - delay: Delayed 5 second(s)

2017-11-24 19:24:23 - [MESSAGE][PASSED] - Delayed 5 second(s)

2017-11-24 19:24:23 - [TEST_STEP][PASSED] - click: Object: 'Object Repository/Service/ServiceOrder/ServiceOrderHeader/ServiceOrderHeader.RepriceWarning' is clicked on

2017-11-24 19:24:23 - [MESSAGE][PASSED] - Object: 'Object Repository/Service/ServiceOrder/ServiceOrderHeader/ServiceOrderHeader.RepriceWarning' is clicked on

2017-11-24 19:24:23 - [TEST_STEP][PASSED] - delay: Delayed 3 second(s)

2017-11-24 19:24:26 - [MESSAGE][PASSED] - Delayed 3 second(s)

2017-11-24 19:24:26 - [TEST_STEP][PASSED] - click: Object: 'Object Repository/Service/ServiceOrder/ServiceOrderHeader/ServiceOrderHeader.CostingProcessCont' is clicked on

2017-11-24 19:24:26 - [MESSAGE][PASSED] - Object: 'Object Repository/Service/ServiceOrder/ServiceOrderHeader/ServiceOrderHeader.CostingProcessCont' is clicked on

2017-11-24 19:24:26 - [TEST_STEP][PASSED] - delay: Delayed 3 second(s)

2017-11-24 19:24:29 - [MESSAGE][PASSED] - Delayed 3 second(s)

2017-11-24 19:24:29 - [TEST_STEP][PASSED] - click: Object: 'Object Repository/Service/ServiceOrder/ServiceOrderHeader/ServiceOrderHeader.InvoiceCont' is clicked on

2017-11-24 19:24:29 - [MESSAGE][PASSED] - Object: 'Object Repository/Service/ServiceOrder/ServiceOrderHeader/ServiceOrderHeader.InvoiceCont' is clicked on

2017-11-24 19:24:29 - [TEST_STEP][PASSED] - delay: Delayed 5 second(s)

2017-11-24 19:24:34 - [MESSAGE][PASSED] - Delayed 5 second(s)

2017-11-24 19:24:34 - [TEST_STEP][NOT_RUN] - waitForElementPresent: NOT_RUN: waitForElementPresent

2017-11-24 19:24:34 - [MESSAGE][NOT_RUN] - NOT_RUN: waitForElementPresent

2017-11-24 19:24:34 - [TEST_STEP][NOT_RUN] - doubleClick: NOT_RUN: doubleClick

2017-11-24 19:24:34 - [MESSAGE][NOT_RUN] - NOT_RUN: doubleClick

2017-11-24 19:24:34 - [TEST_STEP][NOT_RUN] - delay: NOT_RUN: delay

2017-11-24 19:24:34 - [MESSAGE][NOT_RUN] - NOT_RUN: delay

2017-11-24 19:24:34 - [TEST_STEP][NOT_RUN] - click: NOT_RUN: click

2017-11-24 19:24:34 - [MESSAGE][NOT_RUN] - NOT_RUN: click

2017-11-24 19:24:34 - [TEST_STEP][PASSED] - delay: Delayed 2 second(s)

2017-11-24 19:24:36 - [MESSAGE][PASSED] - Delayed 2 second(s)

2017-11-24 19:24:36 - [TEST_STEP][PASSED] - setText: Text 'PUBL' is set on object 'Object Repository/Service/ServiceOrder/ServiceCreditCard/ServiceCreditCard.PaymentGateway'

2017-11-24 19:24:37 - [MESSAGE][PASSED] - Text 'PUBL' is set on object 'Object Repository/Service/ServiceOrder/ServiceCreditCard/ServiceCreditCard.PaymentGateway'

2017-11-24 19:24:37 - [TEST_STEP][NOT_RUN] - sendKeys: NOT_RUN: sendKeys

2017-11-24 19:24:37 - [MESSAGE][NOT_RUN] - NOT_RUN: sendKeys

2017-11-24 19:24:37 - [TEST_STEP][PASSED] - doubleClick: Object: 'Object Repository/Service/ServiceOrder/ServiceCreditCard/ServiceCreditCard.CardType' is double clicked on

2017-11-24 19:24:37 - [MESSAGE][PASSED] - Object: 'Object Repository/Service/ServiceOrder/ServiceCreditCard/ServiceCreditCard.CardType' is double clicked on

2017-11-24 19:24:37 - [TEST_STEP][PASSED] - sendKeys: Keys 'Visa Card' sent to object: 'Object Repository/Service/ServiceOrder/ServiceCreditCard/ServiceCreditCard.CardType'

2017-11-24 19:24:37 - [MESSAGE][PASSED] - Keys 'Visa Card' sent to object: 'Object Repository/Service/ServiceOrder/ServiceCreditCard/ServiceCreditCard.CardType'

2017-11-24 19:24:37 - [TEST_STEP][PASSED] - delay: Delayed 2 second(s)

2017-11-24 19:24:39 - [MESSAGE][PASSED] - Delayed 2 second(s)

2017-11-24 19:24:39 - [TEST_STEP][PASSED] - doubleClick: Object: 'Object Repository/Service/ServiceOrder/ServiceCreditCard/ServiceCreditCard.Enter CC No' is double clicked on

2017-11-24 19:24:39 - [MESSAGE][PASSED] - Object: 'Object Repository/Service/ServiceOrder/ServiceCreditCard/ServiceCreditCard.Enter CC No' is double clicked on

2017-11-24 19:24:39 - [TEST_STEP][PASSED] - sendKeys: Keys '4012000033330026' sent to object: 'Object Repository/Service/ServiceOrder/ServiceCreditCard/ServiceCreditCard.Enter CC No'

2017-11-24 19:24:39 - [MESSAGE][PASSED] - Keys '4012000033330026' sent to object: 'Object Repository/Service/ServiceOrder/ServiceCreditCard/ServiceCreditCard.Enter CC No'

2017-11-24 19:24:39 - [TEST_STEP][PASSED] - delay: Delayed 2 second(s)

2017-11-24 19:24:41 - [MESSAGE][PASSED] - Delayed 2 second(s)

2017-11-24 19:24:41 - [TEST_STEP][PASSED] - click: Object: 'Object Repository/Service/ServiceOrder/ServiceCreditCard/ServiceCreditCard.CVV2' is clicked on

2017-11-24 19:24:41 - [MESSAGE][PASSED] - Object: 'Object Repository/Service/ServiceOrder/ServiceCreditCard/ServiceCreditCard.CVV2' is clicked on

2017-11-24 19:24:41 - [TEST_STEP][PASSED] - sendKeys: Keys '865' sent to object: 'Object Repository/Service/ServiceOrder/ServiceCreditCard/ServiceCreditCard.CVV2'

2017-11-24 19:24:42 - [MESSAGE][PASSED] - Keys '865' sent to object: 'Object Repository/Service/ServiceOrder/ServiceCreditCard/ServiceCreditCard.CVV2'

2017-11-24 19:24:42 - [TEST_STEP][NOT_RUN] - sendKeys: NOT_RUN: sendKeys

2017-11-24 19:24:42 - [MESSAGE][NOT_RUN] - NOT_RUN: sendKeys

2017-11-24 19:24:42 - [TEST_STEP][NOT_RUN] - delay: NOT_RUN: delay

2017-11-24 19:24:42 - [MESSAGE][NOT_RUN] - NOT_RUN: delay

2017-11-24 19:24:42 - [TEST_STEP][PASSED] - delay: Delayed 3 second(s)

2017-11-24 19:24:45 - [MESSAGE][PASSED] - Delayed 3 second(s)

2017-11-24 19:24:45 - [TEST_STEP][PASSED] - setText: Text '09' is set on object 'Object Repository/Service/ServiceOrder/ServiceCreditCard/ServiceCreditCard.ExpiryMonth'

2017-11-24 19:24:45 - [MESSAGE][PASSED] - Text '09' is set on object 'Object Repository/Service/ServiceOrder/ServiceCreditCard/ServiceCreditCard.ExpiryMonth'

2017-11-24 19:24:45 - [TEST_STEP][PASSED] - setText: Text '99' is set on object 'Object Repository/Service/ServiceOrder/ServiceCreditCard/ServiceCreditCard.ExpiryYear'

2017-11-24 19:24:45 - [MESSAGE][PASSED] - Text '99' is set on object 'Object Repository/Service/ServiceOrder/ServiceCreditCard/ServiceCreditCard.ExpiryYear'

2017-11-24 19:24:45 - [TEST_STEP][PASSED] - delay: Delayed 2 second(s)

2017-11-24 19:24:47 - [MESSAGE][PASSED] - Delayed 2 second(s)

2017-11-24 19:24:47 - [TEST_STEP][PASSED] - click: Object: 'Object Repository/Service/ServiceOrder/CreditCardSplitTender/SplitTenderDetails' is clicked on

2017-11-24 19:24:47 - [MESSAGE][PASSED] - Object: 'Object Repository/Service/ServiceOrder/CreditCardSplitTender/SplitTenderDetails' is clicked on

2017-11-24 19:24:47 - [TEST_STEP][PASSED] - click: Object: 'Object Repository/Service/ServiceOrder/CreditCardSplitTender/SplitTenderDetails.Yes' is clicked on

2017-11-24 19:24:47 - [MESSAGE][PASSED] - Object: 'Object Repository/Service/ServiceOrder/CreditCardSplitTender/SplitTenderDetails.Yes' is clicked on

2017-11-24 19:24:47 - [TEST_STEP][PASSED] - delay: Delayed 3 second(s)

2017-11-24 19:24:50 - [MESSAGE][PASSED] - Delayed 3 second(s)

2017-11-24 19:24:50 - [TEST_STEP][PASSED] - click: Object: 'Object Repository/Service/ServiceOrder/CreditCardSplitTender/SplitTender.LineSession' is clicked on

2017-11-24 19:24:50 - [MESSAGE][PASSED] - Object: 'Object Repository/Service/ServiceOrder/CreditCardSplitTender/SplitTender.LineSession' is clicked on

2017-11-24 19:24:51 - [TEST_STEP][PASSED] - delay: Delayed 2 second(s)

2017-11-24 19:24:53 - [MESSAGE][PASSED] - Delayed 2 second(s)

2017-11-24 19:24:53 - [TEST_STEP][PASSED] - Statement - G_OrderAmt = com.kms.katalon.core.webui.keyword.WebUiBuiltInKeywords.getText(com.kms.katalon.core.testobject.ObjectRepository.findTestObject(Service/ServiceOrder/CreditCardSplitTender/SplitTender.OrderAmtHeader)): Text of object 'Object Repository/Service/ServiceOrder/CreditCardSplitTender/SplitTender.OrderAmtHeader' is: '14.00'

2017-11-24 19:24:53 - [MESSAGE][PASSED] - Text of object 'Object Repository/Service/ServiceOrder/CreditCardSplitTender/SplitTender.OrderAmtHeader' is: '14.00'

2017-11-24 19:24:53 - [TEST_STEP][PASSED] - Statement - G_SplitOrderAmt2 = G_OrderAmt - 2: null

2017-11-24 19:24:53 - [TEST_STEP][PASSED] - comment: ***********************Line1 started***********************

2017-11-24 19:24:53 - [TEST_STEP][PASSED] - click: Object: 'Object Repository/Service/ServiceOrder/CreditCardSplitTender/SplitTender.NewButton' is clicked on

2017-11-24 19:24:53 - [MESSAGE][PASSED] - Object: 'Object Repository/Service/ServiceOrder/CreditCardSplitTender/SplitTender.NewButton' is clicked on

2017-11-24 19:24:53 - [TEST_STEP][PASSED] - delay: Delayed 2 second(s)

2017-11-24 19:24:55 - [MESSAGE][PASSED] - Delayed 2 second(s)

2017-11-24 19:24:55 - [TEST_STEP][PASSED] - doubleClick: Object: 'Object Repository/Service/ServiceOrder/CreditCardSplitTender/SplitTender.ModeofPayment' is double clicked on

2017-11-24 19:24:55 - [MESSAGE][PASSED] - Object: 'Object Repository/Service/ServiceOrder/CreditCardSplitTender/SplitTender.ModeofPayment' is double clicked on

2017-11-24 19:24:55 - [TEST_STEP][PASSED] - click: Object: 'Object Repository/Service/ServiceOrder/CreditCardSplitTender/SplitTender.ModeOfPaymentCreditCard1' is clicked on

2017-11-24 19:24:55 - [MESSAGE][PASSED] - Object: 'Object Repository/Service/ServiceOrder/CreditCardSplitTender/SplitTender.ModeOfPaymentCreditCard1' is clicked on

2017-11-24 19:24:55 - [TEST_STEP][PASSED] - click: Object: 'Object Repository/Service/ServiceOrder/CreditCardSplitTender/SplitTender.LineCCNo' is clicked on

2017-11-24 19:24:56 - [MESSAGE][PASSED] - Object: 'Object Repository/Service/ServiceOrder/CreditCardSplitTender/SplitTender.LineCCNo' is clicked on

2017-11-24 19:24:56 - [TEST_STEP][PASSED] - delay: Delayed 2 second(s)

2017-11-24 19:24:58 - [MESSAGE][PASSED] - Delayed 2 second(s)

2017-11-24 19:24:58 - [TEST_STEP][PASSED] - setText: Text '4012000033330026' is set on object 'Object Repository/Service/ServiceOrder/CreditCardSplitTender/SplitTender.LineCCNo'

2017-11-24 19:24:58 - [MESSAGE][PASSED] - Text '4012000033330026' is set on object 'Object Repository/Service/ServiceOrder/CreditCardSplitTender/SplitTender.LineCCNo'

2017-11-24 19:24:58 - [TEST_STEP][PASSED] - delay: Delayed 5 second(s)

2017-11-24 19:25:03 - [MESSAGE][PASSED] - Delayed 5 second(s)

2017-11-24 19:25:03 - [TEST_STEP][NOT_RUN] - click: NOT_RUN: click

2017-11-24 19:25:03 - [MESSAGE][NOT_RUN] - NOT_RUN: click

2017-11-24 19:25:03 - [TEST_STEP][NOT_RUN] - setText: NOT_RUN: setText

2017-11-24 19:25:03 - [MESSAGE][NOT_RUN] - NOT_RUN: setText

2017-11-24 19:25:03 - [TEST_STEP][PASSED] - scrollToElement: Scroll to object 'Object Repository/Service/ServiceOrder/CreditCardSplitTender/SplitTender.LineOrderAmount1' successfully

2017-11-24 19:25:03 - [MESSAGE][PASSED] - Scroll to object 'Object Repository/Service/ServiceOrder/CreditCardSplitTender/SplitTender.LineOrderAmount1' successfully

2017-11-24 19:25:03 - [TEST_STEP][PASSED] - delay: Delayed 5 second(s)

2017-11-24 19:25:08 - [MESSAGE][PASSED] - Delayed 5 second(s)

2017-11-24 19:25:08 - [TEST_STEP][PASSED] - click: Object: 'Object Repository/Service/ServiceOrder/CreditCardSplitTender/SplitTender.LineOrderAmount1' is clicked on

2017-11-24 19:25:08 - [MESSAGE][PASSED] - Object: 'Object Repository/Service/ServiceOrder/CreditCardSplitTender/SplitTender.LineOrderAmount1' is clicked on

2017-11-24 19:25:08 - [TEST_STEP][PASSED] - delay: Delayed 3 second(s)

2017-11-24 19:25:11 - [MESSAGE][PASSED] - Delayed 3 second(s)

2017-11-24 19:25:11 - [TEST_STEP][PASSED] - setText: Text '1.00' is set on object 'Object Repository/Service/ServiceOrder/CreditCardSplitTender/SplitTender.LineOrderAmount1'

2017-11-24 19:25:11 - [MESSAGE][PASSED] - Text '1.00' is set on object 'Object Repository/Service/ServiceOrder/CreditCardSplitTender/SplitTender.LineOrderAmount1'

2017-11-24 19:25:11 - [TEST_STEP][PASSED] - delay: Delayed 2 second(s)

2017-11-24 19:25:13 - [MESSAGE][PASSED] - Delayed 2 second(s)

2017-11-24 19:25:13 - [TEST_STEP][PASSED] - comment: ***********************Line2 started***********************

2017-11-24 19:25:13 - [TEST_STEP][PASSED] - click: Object: 'Object Repository/Service/ServiceOrder/CreditCardSplitTender/SplitTender.NewButton' is clicked on

2017-11-24 19:25:13 - [MESSAGE][PASSED] - Object: 'Object Repository/Service/ServiceOrder/CreditCardSplitTender/SplitTender.NewButton' is clicked on

2017-11-24 19:25:13 - [TEST_STEP][PASSED] - delay: Delayed 2 second(s)

2017-11-24 19:25:15 - [MESSAGE][PASSED] - Delayed 2 second(s)

2017-11-24 19:25:15 - [TEST_STEP][PASSED] - doubleClick: Object: 'Object Repository/Service/ServiceOrder/CreditCardSplitTender/SplitTender.ModeofPayment1' is double clicked on

2017-11-24 19:25:16 - [MESSAGE][PASSED] - Object: 'Object Repository/Service/ServiceOrder/CreditCardSplitTender/SplitTender.ModeofPayment1' is double clicked on

2017-11-24 19:25:16 - [TEST_STEP][PASSED] - click: Object: 'Object Repository/Service/ServiceOrder/CreditCardSplitTender/SplitTender.ModeOfPaymentCreditCard2' is clicked on

2017-11-24 19:25:16 - [MESSAGE][PASSED] - Object: 'Object Repository/Service/ServiceOrder/CreditCardSplitTender/SplitTender.ModeOfPaymentCreditCard2' is clicked on

2017-11-24 19:25:16 - [TEST_STEP][PASSED] - delay: Delayed 3 second(s)

2017-11-24 19:25:19 - [MESSAGE][PASSED] - Delayed 3 second(s)

2017-11-24 19:25:19 - [TEST_STEP][PASSED] - click: Object: 'Object Repository/Service/ServiceOrder/CreditCardSplitTender/SplitTender.Line2CCNo' is clicked on

2017-11-24 19:25:19 - [MESSAGE][PASSED] - Object: 'Object Repository/Service/ServiceOrder/CreditCardSplitTender/SplitTender.Line2CCNo' is clicked on

2017-11-24 19:25:19 - [TEST_STEP][PASSED] - delay: Delayed 2 second(s)

2017-11-24 19:25:21 - [MESSAGE][PASSED] - Delayed 2 second(s)

2017-11-24 19:25:21 - [TEST_STEP][PASSED] - setText: Text '4111123400062020' is set on object 'Object Repository/Service/ServiceOrder/CreditCardSplitTender/SplitTender.Line2CCNo'

2017-11-24 19:25:21 - [MESSAGE][PASSED] - Text '4111123400062020' is set on object 'Object Repository/Service/ServiceOrder/CreditCardSplitTender/SplitTender.Line2CCNo'

2017-11-24 19:25:21 - [TEST_STEP][PASSED] - delay: Delayed 2 second(s)

2017-11-24 19:25:23 - [MESSAGE][PASSED] - Delayed 2 second(s)

2017-11-24 19:25:23 - [TEST_STEP][PASSED] - click: Object: 'Object Repository/Service/ServiceOrder/CreditCardSplitTender/SplitTender.Line2CVV' is clicked on

2017-11-24 19:25:24 - [MESSAGE][PASSED] - Object: 'Object Repository/Service/ServiceOrder/CreditCardSplitTender/SplitTender.Line2CVV' is clicked on

2017-11-24 19:25:24 - [TEST_STEP][PASSED] - delay: Delayed 3 second(s)

2017-11-24 19:25:27 - [MESSAGE][PASSED] - Delayed 3 second(s)

2017-11-24 19:25:27 - [TEST_STEP][PASSED] - setText: Text '865' is set on object 'Object Repository/Service/ServiceOrder/CreditCardSplitTender/SplitTender.Line2CVV'

2017-11-24 19:25:27 - [MESSAGE][PASSED] - Text '865' is set on object 'Object Repository/Service/ServiceOrder/CreditCardSplitTender/SplitTender.Line2CVV'

2017-11-24 19:25:27 - [TEST_STEP][PASSED] - delay: Delayed 3 second(s)

2017-11-24 19:25:30 - [MESSAGE][PASSED] - Delayed 3 second(s)

2017-11-24 19:25:30 - [TEST_STEP][PASSED] - click: Object: 'Object Repository/Service/ServiceOrder/CreditCardSplitTender/SplitTender.CardTypeLine2' is clicked on

2017-11-24 19:25:30 - [MESSAGE][PASSED] - Object: 'Object Repository/Service/ServiceOrder/CreditCardSplitTender/SplitTender.CardTypeLine2' is clicked on

2017-11-24 19:25:30 - [TEST_STEP][PASSED] - delay: Delayed 5 second(s)

2017-11-24 19:25:35 - [MESSAGE][PASSED] - Delayed 5 second(s)

2017-11-24 19:25:35 - [TEST_STEP][PASSED] - sendKeys: Keys 'Visa Card' sent to object: 'Object Repository/Service/ServiceOrder/CreditCardSplitTender/SplitTender.CardTypeLine2'

2017-11-24 19:25:35 - [MESSAGE][PASSED] - Keys 'Visa Card' sent to object: 'Object Repository/Service/ServiceOrder/CreditCardSplitTender/SplitTender.CardTypeLine2'

2017-11-24 19:25:35 - [TEST_STEP][PASSED] - delay: Delayed 5 second(s)

2017-11-24 19:25:40 - [MESSAGE][PASSED] - Delayed 5 second(s)

2017-11-24 19:25:40 - [TEST_STEP][PASSED] - click: Object: 'Object Repository/Service/ServiceOrder/CreditCardSplitTender/SplitTender.ExpiryMonthLine2' is clicked on

2017-11-24 19:25:41 - [MESSAGE][PASSED] - Object: 'Object Repository/Service/ServiceOrder/CreditCardSplitTender/SplitTender.ExpiryMonthLine2' is clicked on

2017-11-24 19:25:41 - [TEST_STEP][PASSED] - delay: Delayed 3 second(s)

2017-11-24 19:25:44 - [MESSAGE][PASSED] - Delayed 3 second(s)

2017-11-24 19:25:44 - [TEST_STEP][PASSED] - setText: Text '09' is set on object 'Object Repository/Service/ServiceOrder/CreditCardSplitTender/SplitTender.ExpiryMonthLine2'

2017-11-24 19:25:44 - [MESSAGE][PASSED] - Text '09' is set on object 'Object Repository/Service/ServiceOrder/CreditCardSplitTender/SplitTender.ExpiryMonthLine2'

2017-11-24 19:25:44 - [TEST_STEP][PASSED] - delay: Delayed 2 second(s)

2017-11-24 19:25:46 - [MESSAGE][PASSED] - Delayed 2 second(s)

2017-11-24 19:25:46 - [TEST_STEP][PASSED] - click: Object: 'Object Repository/Service/ServiceOrder/CreditCardSplitTender/SplitTender.ExpiryYearLine2' is clicked on

2017-11-24 19:25:46 - [MESSAGE][PASSED] - Object: 'Object Repository/Service/ServiceOrder/CreditCardSplitTender/SplitTender.ExpiryYearLine2' is clicked on

2017-11-24 19:25:46 - [TEST_STEP][PASSED] - delay: Delayed 2 second(s)

2017-11-24 19:25:48 - [MESSAGE][PASSED] - Delayed 2 second(s)

2017-11-24 19:25:48 - [TEST_STEP][PASSED] - setText: Text '99' is set on object 'Object Repository/Service/ServiceOrder/CreditCardSplitTender/SplitTender.ExpiryYearLine2'

2017-11-24 19:25:48 - [MESSAGE][PASSED] - Text '99' is set on object 'Object Repository/Service/ServiceOrder/CreditCardSplitTender/SplitTender.ExpiryYearLine2'

2017-11-24 19:25:48 - [TEST_STEP][PASSED] - delay: Delayed 3 second(s)

2017-11-24 19:25:51 - [MESSAGE][PASSED] - Delayed 3 second(s)

2017-11-24 19:25:51 - [TEST_STEP][PASSED] - scrollToElement: Scroll to object 'Object Repository/Service/ServiceOrder/CreditCardSplitTender/SplitTender.LineOrderAmount2' successfully

2017-11-24 19:25:51 - [MESSAGE][PASSED] - Scroll to object 'Object Repository/Service/ServiceOrder/CreditCardSplitTender/SplitTender.LineOrderAmount2' successfully

2017-11-24 19:25:51 - [TEST_STEP][PASSED] - delay: Delayed 2 second(s)

2017-11-24 19:25:53 - [MESSAGE][PASSED] - Delayed 2 second(s)

2017-11-24 19:25:53 - [TEST_STEP][PASSED] - click: Object: 'Object Repository/Service/ServiceOrder/CreditCardSplitTender/SplitTender.LineOrderAmount2' is clicked on

2017-11-24 19:25:54 - [MESSAGE][PASSED] - Object: 'Object Repository/Service/ServiceOrder/CreditCardSplitTender/SplitTender.LineOrderAmount2' is clicked on

2017-11-24 19:25:54 - [TEST_STEP][PASSED] - delay: Delayed 2 second(s)

2017-11-24 19:25:56 - [MESSAGE][PASSED] - Delayed 2 second(s)

2017-11-24 19:25:56 - [TEST_STEP][PASSED] - setText: Text '1.00' is set on object 'Object Repository/Service/ServiceOrder/CreditCardSplitTender/SplitTender.LineOrderAmount2'

2017-11-24 19:25:56 - [MESSAGE][PASSED] - Text '1.00' is set on object 'Object Repository/Service/ServiceOrder/CreditCardSplitTender/SplitTender.LineOrderAmount2'

2017-11-24 19:25:56 - [TEST_STEP][PASSED] - delay: Delayed 2 second(s)

2017-11-24 19:25:58 - [MESSAGE][PASSED] - Delayed 2 second(s)

2017-11-24 19:25:58 - [TEST_STEP][PASSED] - comment: ***********************Line3 started***********************

2017-11-24 19:25:58 - [TEST_STEP][PASSED] - click: Object: 'Object Repository/Service/ServiceOrder/CreditCardSplitTender/SplitTender.NewButton' is clicked on

2017-11-24 19:25:58 - [MESSAGE][PASSED] - Object: 'Object Repository/Service/ServiceOrder/CreditCardSplitTender/SplitTender.NewButton' is clicked on

2017-11-24 19:25:58 - [TEST_STEP][PASSED] - delay: Delayed 3 second(s)

2017-11-24 19:26:01 - [MESSAGE][PASSED] - Delayed 3 second(s)

2017-11-24 19:26:01 - [TEST_STEP][PASSED] - doubleClick: Object: 'Object Repository/Service/ServiceOrder/CreditCardSplitTender/SplitTender.ModeofPayment2' is double clicked on

2017-11-24 19:26:01 - [MESSAGE][PASSED] - Object: 'Object Repository/Service/ServiceOrder/CreditCardSplitTender/SplitTender.ModeofPayment2' is double clicked on

2017-11-24 19:26:01 - [TEST_STEP][PASSED] - delay: Delayed 2 second(s)

2017-11-24 19:26:03 - [MESSAGE][PASSED] - Delayed 2 second(s)

2017-11-24 19:26:03 - [TEST_STEP][PASSED] - click: Object: 'Object Repository/Service/ServiceOrder/CreditCardSplitTender/SplitTender.ModeOfPaymentCash' is clicked on

2017-11-24 19:26:04 - [MESSAGE][PASSED] - Object: 'Object Repository/Service/ServiceOrder/CreditCardSplitTender/SplitTender.ModeOfPaymentCash' is clicked on

2017-11-24 19:26:04 - [TEST_STEP][PASSED] - delay: Delayed 10 second(s)

2017-11-24 19:26:14 - [MESSAGE][PASSED] - Delayed 10 second(s)

2017-11-24 19:26:14 - [TEST_STEP][NOT_RUN] - scrollToElement: NOT_RUN: scrollToElement

2017-11-24 19:26:14 - [MESSAGE][NOT_RUN] - NOT_RUN: scrollToElement

2017-11-24 19:26:14 - [TEST_STEP][PASSED] - click: Object: 'Object Repository/Service/ServiceOrder/CreditCardSplitTender/SplitTender.LineOrderAmount3' is clicked on

2017-11-24 19:26:14 - [MESSAGE][PASSED] - Object: 'Object Repository/Service/ServiceOrder/CreditCardSplitTender/SplitTender.LineOrderAmount3' is clicked on

2017-11-24 19:26:14 - [TEST_STEP][PASSED] - delay: Delayed 2 second(s)

2017-11-24 19:26:16 - [MESSAGE][PASSED] - Delayed 2 second(s)

2017-11-24 19:26:16 - [TEST_STEP][PASSED] - setText: Text '12.0' is set on object 'Object Repository/Service/ServiceOrder/CreditCardSplitTender/SplitTender.LineOrderAmount3'

2017-11-24 19:26:16 - [MESSAGE][PASSED] - Text '12.0' is set on object 'Object Repository/Service/ServiceOrder/CreditCardSplitTender/SplitTender.LineOrderAmount3'

2017-11-24 19:26:16 - [TEST_STEP][PASSED] - delay: Delayed 2 second(s)

2017-11-24 19:26:18 - [MESSAGE][PASSED] - Delayed 2 second(s)

2017-11-24 19:26:18 - [TEST_STEP][PASSED] - click: Object: 'Object Repository/Service/ServiceOrder/CreditCardSplitTender/SplitTender.Save' is clicked on

2017-11-24 19:26:18 - [MESSAGE][PASSED] - Object: 'Object Repository/Service/ServiceOrder/CreditCardSplitTender/SplitTender.Save' is clicked on

2017-11-24 19:26:18 - [TEST_STEP][PASSED] - delay: Delayed 3 second(s)

2017-11-24 19:26:21 - [MESSAGE][PASSED] - Delayed 3 second(s)

2017-11-24 19:26:21 - [TEST_STEP][PASSED] - click: Object: 'Object Repository/Service/ServiceOrder/CreditCardSplitTender/SplitTender.Action' is clicked on

2017-11-24 19:26:22 - [MESSAGE][PASSED] - Object: 'Object Repository/Service/ServiceOrder/CreditCardSplitTender/SplitTender.Action' is clicked on

2017-11-24 19:26:22 - [TEST_STEP][PASSED] - delay: Delayed 2 second(s)

2017-11-24 19:26:24 - [MESSAGE][PASSED] - Delayed 2 second(s)

2017-11-24 19:26:24 - [TEST_STEP][PASSED] - click: Object: 'Object Repository/Service/ServiceOrder/CreditCardSplitTender/SplitTender.ApplyTax' is clicked on

2017-11-24 19:26:24 - [MESSAGE][PASSED] - Object: 'Object Repository/Service/ServiceOrder/CreditCardSplitTender/SplitTender.ApplyTax' is clicked on

2017-11-24 19:26:24 - [TEST_STEP][PASSED] - delay: Delayed 2 second(s)

2017-11-24 19:26:26 - [MESSAGE][PASSED] - Delayed 2 second(s)

2017-11-24 19:26:26 - [TEST_STEP][PASSED] - Statement - G_SplitInvoiceAmt1 = com.kms.katalon.core.webui.keyword.WebUiBuiltInKeywords.getText(com.kms.katalon.core.testobject.ObjectRepository.findTestObject(Service/ServiceOrder/CreditCardSplitTender/SplitTender.InvoiceAmt1)): Text of object 'Object Repository/Service/ServiceOrder/CreditCardSplitTender/SplitTender.InvoiceAmt1' is: '1.00'

2017-11-24 19:26:26 - [MESSAGE][PASSED] - Text of object 'Object Repository/Service/ServiceOrder/CreditCardSplitTender/SplitTender.InvoiceAmt1' is: '1.00'

2017-11-24 19:26:26 - [TEST_STEP][PASSED] - Statement - G_SplitInvoiceAmt2 = com.kms.katalon.core.webui.keyword.WebUiBuiltInKeywords.getText(com.kms.katalon.core.testobject.ObjectRepository.findTestObject(Service/ServiceOrder/CreditCardSplitTender/SplitTender.InvoiceAmt2)): Text of object 'Object Repository/Service/ServiceOrder/CreditCardSplitTender/SplitTender.InvoiceAmt2' is: '12.00'

2017-11-24 19:26:26 - [MESSAGE][PASSED] - Text of object 'Object Repository/Service/ServiceOrder/CreditCardSplitTender/SplitTender.InvoiceAmt2' is: '12.00'

2017-11-24 19:26:26 - [TEST_STEP][PASSED] - click: Object: 'Object Repository/Service/ServiceOrder/CreditCardSplitTender/SplitTender.SaveClose' is clicked on

2017-11-24 19:26:26 - [MESSAGE][PASSED] - Object: 'Object Repository/Service/ServiceOrder/CreditCardSplitTender/SplitTender.SaveClose' is clicked on

2017-11-24 19:26:26 - [TEST_STEP][PASSED] - delay: Delayed 2 second(s)

2017-11-24 19:26:28 - [MESSAGE][PASSED] - Delayed 2 second(s)

2017-11-24 19:26:28 - [TEST_STEP][PASSED] - click: Object: 'Object Repository/Service/ServiceOrder/ServiceCreditCard/ServiceCreditCard.Process' is clicked on

2017-11-24 19:26:28 - [MESSAGE][PASSED] - Object: 'Object Repository/Service/ServiceOrder/ServiceCreditCard/ServiceCreditCard.Process' is clicked on

2017-11-24 19:26:28 - [TEST_STEP][PASSED] - delay: Delayed 13 second(s)

2017-11-24 19:26:41 - [MESSAGE][PASSED] - Delayed 13 second(s)

2017-11-24 19:26:41 - [TEST_STEP][PASSED] - click: Object: 'Object Repository/Service/ServiceOrder/CreditCardSplitTender/SplitTender.PrintOK' is clicked on

2017-11-24 19:26:59 - [MESSAGE][PASSED] - Object: 'Object Repository/Service/ServiceOrder/CreditCardSplitTender/SplitTender.PrintOK' is clicked on

2017-11-24 19:26:59 - [TEST_STEP][PASSED] - delay: Delayed 10 second(s)

2017-11-24 19:27:09 - [MESSAGE][PASSED] - Delayed 10 second(s)

2017-11-24 19:27:09 - [TEST_STEP][PASSED] - click: Object: 'Object Repository/Service/ServiceOrder/CreditCardSplitTender/SplitTender.PrintDevice' is clicked on

2017-11-24 19:27:09 - [MESSAGE][PASSED] - Object: 'Object Repository/Service/ServiceOrder/CreditCardSplitTender/SplitTender.PrintDevice' is clicked on

2017-11-24 19:27:09 - [TEST_STEP][PASSED] - delay: Delayed 5 second(s)

2017-11-24 19:27:14 - [MESSAGE][PASSED] - Delayed 5 second(s)

2017-11-24 19:27:14 - [MESSAGE][PASSED] - Call Test Case 'Test Cases/Service/BaseTestCases/Base_Service_HeaderInvoice_SplitTender' successfully

2017-11-24 19:27:14 - [TEST_STEP][PASSED] - callTestCase: Call Test Case 'Test Cases/Service/BaseTestCases/Base_Service_GetInvoice_SplitTender' successfully

2017-11-24 19:27:14 - [TEST_CASE][PASSED] - Test Cases/Service/BaseTestCases/Base_Service_GetInvoice_SplitTender: Test Cases/Service/BaseTestCases/Base_Service_GetInvoice_SplitTender

2017-11-24 19:27:15 - [TEST_STEP][PASSED] - delay: Delayed 3 second(s)

2017-11-24 19:27:18 - [MESSAGE][PASSED] - Delayed 3 second(s)

2017-11-24 19:27:18 - [TEST_STEP][PASSED] - click: Object: 'Object Repository/Service/ServiceOrder/VerifyServiceOrderInvoice_SplitTender/ServiceorderHeader.HeaderSession' is clicked on

2017-11-24 19:27:18 - [MESSAGE][PASSED] - Object: 'Object Repository/Service/ServiceOrder/VerifyServiceOrderInvoice_SplitTender/ServiceorderHeader.HeaderSession' is clicked on

2017-11-24 19:27:18 - [TEST_STEP][PASSED] - click: Object: 'Object Repository/Service/ServiceOrder/VerifyServiceOrderInvoice_SplitTender/ServiceOrderHeader.InvoiceButton' is clicked on

2017-11-24 19:27:18 - [MESSAGE][PASSED] - Object: 'Object Repository/Service/ServiceOrder/VerifyServiceOrderInvoice_SplitTender/ServiceOrderHeader.InvoiceButton' is clicked on

2017-11-24 19:27:18 - [TEST_STEP][PASSED] - delay: Delayed 3 second(s)

2017-11-24 19:27:21 - [MESSAGE][PASSED] - Delayed 3 second(s)

2017-11-24 19:27:21 - [TEST_STEP][PASSED] - Statement - G_InvoiceTnxType = com.kms.katalon.core.webui.keyword.WebUiBuiltInKeywords.getText(com.kms.katalon.core.testobject.ObjectRepository.findTestObject(Service/ServiceOrder/VerifyServiceOrderInvoice_SplitTender/ServiceOrderHeader.Invoice1)): Text of object 'Object Repository/Service/ServiceOrder/VerifyServiceOrderInvoice_SplitTender/ServiceOrderHeader.Invoice1' is: 'SIS'

2017-11-24 19:27:21 - [MESSAGE][PASSED] - Text of object 'Object Repository/Service/ServiceOrder/VerifyServiceOrderInvoice_SplitTender/ServiceOrderHeader.Invoice1' is: 'SIS'

2017-11-24 19:27:21 - [TEST_STEP][PASSED] - delay: Delayed 3 second(s)

2017-11-24 19:27:24 - [MESSAGE][PASSED] - Delayed 3 second(s)

2017-11-24 19:27:24 - [TEST_STEP][PASSED] - Statement - G_InvoiceTnxNo = com.kms.katalon.core.webui.keyword.WebUiBuiltInKeywords.getText(com.kms.katalon.core.testobject.ObjectRepository.findTestObject(Service/ServiceOrder/VerifyServiceOrderInvoice_SplitTender/ServiceOrderHeader.Invoice2)): Text of object 'Object Repository/Service/ServiceOrder/VerifyServiceOrderInvoice_SplitTender/ServiceOrderHeader.Invoice2' is: '10006794'

2017-11-24 19:27:24 - [MESSAGE][PASSED] - Text of object 'Object Repository/Service/ServiceOrder/VerifyServiceOrderInvoice_SplitTender/ServiceOrderHeader.Invoice2' is: '10006794'

2017-11-24 19:27:24 - [TEST_STEP][PASSED] - Statement - G_InvoiceAmt = com.kms.katalon.core.webui.keyword.WebUiBuiltInKeywords.getText(com.kms.katalon.core.testobject.ObjectRepository.findTestObject(Service/ServiceOrder/VerifyServiceOrderInvoice_SplitTender/ServiceOrderHeader.InvoiceAmountHD)): Text of object 'Object Repository/Service/ServiceOrder/VerifyServiceOrderInvoice_SplitTender/ServiceOrderHeader.InvoiceAmountHD' is: '14.00'

2017-11-24 19:27:24 - [MESSAGE][PASSED] - Text of object 'Object Repository/Service/ServiceOrder/VerifyServiceOrderInvoice_SplitTender/ServiceOrderHeader.InvoiceAmountHD' is: '14.00'

2017-11-24 19:27:24 - [MESSAGE][PASSED] - Call Test Case 'Test Cases/Service/BaseTestCases/Base_Service_GetInvoice_SplitTender' successfully

2017-11-24 19:27:24 - [TEST_STEP][PASSED] - callTestCase: Call Test Case 'Test Cases/Finance/BaseTestCases/Base_Finance_CheckOpenEntriesForCCSplitPayments' successfully

2017-11-24 19:27:25 - [TEST_CASE][PASSED] - Test Cases/Finance/BaseTestCases/Base_Finance_CheckOpenEntriesForCCSplitPayments: Test Cases/Finance/BaseTestCases/Base_Finance_CheckOpenEntriesForCCSplitPayments

2017-11-24 19:27:25 - [TEST_STEP][PASSED] - callTestCase: Call Test Case 'Test Cases/Common/Base_Common_OpenSession' successfully

2017-11-24 19:27:25 - [TEST_CASE][PASSED] - Test Cases/Common/Base_Common_OpenSession: Test Cases/Common/Base_Common_OpenSession

2017-11-24 19:27:25 - [TEST_STEP][PASSED] - openBrowser: Browser is opened with url: 'https://rgajbhiye:Robin$123@proxima-ln4.e-emphasys.com:8441/webui/servlet/login'

2017-11-24 19:27:25 - [MESSAGE][WARNING] - A browser is already opened. Closing browser and opening a new one

2017-11-24 19:27:35 - [MESSAGE][PASSED] - Browser is opened with url: 'https://rgajbhiye:Robin$123@proxima-ln4.e-emphasys.com:8441/webui/servlet/login'

2017-11-24 19:27:35 - [TEST_STEP][PASSED] - waitForPageLoad: Wait for page load successfully

2017-11-24 19:27:35 - [MESSAGE][PASSED] - Wait for page load successfully

2017-11-24 19:27:35 - [TEST_STEP][PASSED] - maximizeWindow: Current window maximized

2017-11-24 19:27:35 - [MESSAGE][PASSED] - Current window maximized

2017-11-24 19:27:35 - [TEST_STEP][PASSED] - click: Object: 'Object Repository/Common/HomePage/HomePage_more' is clicked on

2017-11-24 19:27:40 - [MESSAGE][PASSED] - Object: 'Object Repository/Common/HomePage/HomePage_more' is clicked on

2017-11-24 19:27:40 - [TEST_STEP][PASSED] - click: Object: 'Object Repository/Common/HomePage/HomePage_Option' is clicked on

2017-11-24 19:27:40 - [MESSAGE][PASSED] - Object: 'Object Repository/Common/HomePage/HomePage_Option' is clicked on

2017-11-24 19:27:40 - [TEST_STEP][PASSED] - click: Object: 'Object Repository/Common/HomePage/HomePage_RunProgram_' is clicked on

2017-11-24 19:27:41 - [MESSAGE][PASSED] - Object: 'Object Repository/Common/HomePage/HomePage_RunProgram_' is clicked on

2017-11-24 19:27:41 - [TEST_STEP][PASSED] - sendKeys: Keys 'tfacr2520m000' sent to object: 'Object Repository/Common/HomePage/HomePage_Session_ID'

2017-11-24 19:27:41 - [MESSAGE][PASSED] - Keys 'tfacr2520m000' sent to object: 'Object Repository/Common/HomePage/HomePage_Session_ID'

2017-11-24 19:27:41 - [TEST_STEP][PASSED] - click: Object: 'Object Repository/Common/HomePage/HomePage_OkButton' is clicked on

2017-11-24 19:27:41 - [MESSAGE][PASSED] - Object: 'Object Repository/Common/HomePage/HomePage_OkButton' is clicked on

2017-11-24 19:27:41 - [MESSAGE][PASSED] - Call Test Case 'Test Cases/Common/Base_Common_OpenSession' successfully

2017-11-24 19:27:41 - [TEST_STEP][PASSED] - click: Object: 'Object Repository/Finance/BaseTestCases_OpenEntries_Service/OpenEntries_DocumentType' is clicked on

2017-11-24 19:27:44 - [MESSAGE][PASSED] - Object: 'Object Repository/Finance/BaseTestCases_OpenEntries_Service/OpenEntries_DocumentType' is clicked on

2017-11-24 19:27:44 - [TEST_STEP][PASSED] - click: Object: 'Object Repository/Finance/BaseTestCases_OpenEntries_Service/OpenEntries_DocumentNo' is clicked on

2017-11-24 19:27:44 - [MESSAGE][PASSED] - Object: 'Object Repository/Finance/BaseTestCases_OpenEntries_Service/OpenEntries_DocumentNo' is clicked on

2017-11-24 19:27:44 - [TEST_STEP][PASSED] - setText: Text 'SIS' is set on object 'Object Repository/Finance/BaseTestCases_OpenEntries_Service/OpenEntries_DocumentType'

2017-11-24 19:27:45 - [MESSAGE][PASSED] - Text 'SIS' is set on object 'Object Repository/Finance/BaseTestCases_OpenEntries_Service/OpenEntries_DocumentType'

2017-11-24 19:27:45 - [TEST_STEP][NOT_RUN] - sendKeys: NOT_RUN: sendKeys

2017-11-24 19:27:45 - [MESSAGE][NOT_RUN] - NOT_RUN: sendKeys

2017-11-24 19:27:45 - [TEST_STEP][NOT_RUN] - delay: NOT_RUN: delay

2017-11-24 19:27:45 - [MESSAGE][NOT_RUN] - NOT_RUN: delay

2017-11-24 19:27:45 - [TEST_STEP][PASSED] - setText: Text '10006794' is set on object 'Object Repository/Finance/BaseTestCases_OpenEntries_Service/OpenEntries_DocumentNo'

2017-11-24 19:27:45 - [MESSAGE][PASSED] - Text '10006794' is set on object 'Object Repository/Finance/BaseTestCases_OpenEntries_Service/OpenEntries_DocumentNo'

2017-11-24 19:27:45 - [TEST_STEP][NOT_RUN] - delay: NOT_RUN: delay

2017-11-24 19:27:45 - [MESSAGE][NOT_RUN] - NOT_RUN: delay

2017-11-24 19:27:45 - [TEST_STEP][NOT_RUN] - sendKeys: NOT_RUN: sendKeys

2017-11-24 19:27:45 - [MESSAGE][NOT_RUN] - NOT_RUN: sendKeys

2017-11-24 19:27:45 - [TEST_STEP][PASSED] - click: Object: 'Object Repository/Finance/BaseTestCases_OpenEntries_Service/OpenEntries_Action' is clicked on

2017-11-24 19:27:46 - [MESSAGE][PASSED] - Object: 'Object Repository/Finance/BaseTestCases_OpenEntries_Service/OpenEntries_Action' is clicked on

2017-11-24 19:27:46 - [TEST_STEP][PASSED] - click: Object: 'Object Repository/Finance/BaseTestCases_OpenEntries_Service/OpenEntries.FullyPaid' is clicked on

2017-11-24 19:27:46 - [MESSAGE][PASSED] - Object: 'Object Repository/Finance/BaseTestCases_OpenEntries_Service/OpenEntries.FullyPaid' is clicked on

2017-11-24 19:27:46 - [TEST_STEP][PASSED] - delay: Delayed 2 second(s)

2017-11-24 19:27:48 - [MESSAGE][PASSED] - Delayed 2 second(s)

2017-11-24 19:27:48 - [TEST_STEP][PASSED] - scrollToElement: Scroll to object 'Object Repository/Finance/BaseTestCases_OpenEntries_Service/OpenEntries.BalanceAmt' successfully

2017-11-24 19:27:48 - [MESSAGE][PASSED] - Scroll to object 'Object Repository/Finance/BaseTestCases_OpenEntries_Service/OpenEntries.BalanceAmt' successfully

2017-11-24 19:27:48 - [TEST_STEP][PASSED] - delay: Delayed 3 second(s)

2017-11-24 19:27:51 - [MESSAGE][PASSED] - Delayed 3 second(s)

2017-11-24 19:27:51 - [TEST_STEP][PASSED] - Statement - BalanceAmount = com.kms.katalon.core.webui.keyword.WebUiBuiltInKeywords.getText(com.kms.katalon.core.testobject.ObjectRepository.findTestObject(Finance/BaseTestCases_OpenEntries_Service/OpenEntries.BalanceAmt)): Text of object 'Object Repository/Finance/BaseTestCases_OpenEntries_Service/OpenEntries.BalanceAmt' is: '12.00'

2017-11-24 19:27:51 - [MESSAGE][PASSED] - Text of object 'Object Repository/Finance/BaseTestCases_OpenEntries_Service/OpenEntries.BalanceAmt' is: '12.00'

2017-11-24 19:27:51 - [TEST_STEP][PASSED] - verifyEqual: Actual object '12.00' and expected object '12.00' are equal

2017-11-24 19:27:51 - [MESSAGE][PASSED] - Actual object '12.00' and expected object '12.00' are equal

2017-11-24 19:27:51 - [TEST_STEP][PASSED] - click: Object: 'Object Repository/Finance/BaseTestCases_OpenEntries_Service/OpenEntries.Reference' is clicked on

2017-11-24 19:27:51 - [MESSAGE][PASSED] - Object: 'Object Repository/Finance/BaseTestCases_OpenEntries_Service/OpenEntries.Reference' is clicked on

2017-11-24 19:27:51 - [TEST_STEP][PASSED] - setText: Text '' is set on object 'Object Repository/Finance/BaseTestCases_OpenEntries_Service/OpenEntries_DocumentType'

2017-11-24 19:27:51 - [MESSAGE][PASSED] - Text '' is set on object 'Object Repository/Finance/BaseTestCases_OpenEntries_Service/OpenEntries_DocumentType'

2017-11-24 19:27:51 - [TEST_STEP][PASSED] - setText: Text '' is set on object 'Object Repository/Finance/BaseTestCases_OpenEntries_Service/OpenEntries_DocumentNo'

2017-11-24 19:27:53 - [MESSAGE][PASSED] - Text '' is set on object 'Object Repository/Finance/BaseTestCases_OpenEntries_Service/OpenEntries_DocumentNo'

2017-11-24 19:27:53 - [TEST_STEP][PASSED] - sendKeys: Keys 'TAB + ' sent to object: 'Object Repository/Finance/BaseTestCases_OpenEntries_Service/OpenEntries_DocumentType'

2017-11-24 19:27:53 - [MESSAGE][PASSED] - Keys 'TAB + ' sent to object: 'Object Repository/Finance/BaseTestCases_OpenEntries_Service/OpenEntries_DocumentType'

2017-11-24 19:27:53 - [TEST_STEP][PASSED] - sendKeys: Keys 'TAB + ' sent to object: 'Object Repository/Finance/BaseTestCases_OpenEntries_Service/OpenEntries_DocumentNo'

2017-11-24 19:27:53 - [MESSAGE][PASSED] - Keys 'TAB + ' sent to object: 'Object Repository/Finance/BaseTestCases_OpenEntries_Service/OpenEntries_DocumentNo'

2017-11-24 19:27:53 - [TEST_STEP][PASSED] - sendKeys: Keys 'M00000182 (SIS/10006794)' sent to object: 'Object Repository/Finance/BaseTestCases_OpenEntries_Service/OpenEntries.Reference'

2017-11-24 19:27:53 - [MESSAGE][PASSED] - Keys 'M00000182 (SIS/10006794)' sent to object: 'Object Repository/Finance/BaseTestCases_OpenEntries_Service/OpenEntries.Reference'

2017-11-24 19:27:53 - [TEST_STEP][PASSED] - click: Object: 'Object Repository/Finance/BaseTestCases_OpenEntries_Service/OpenEntries_DocumentNo' is clicked on

2017-11-24 19:27:53 - [MESSAGE][PASSED] - Object: 'Object Repository/Finance/BaseTestCases_OpenEntries_Service/OpenEntries_DocumentNo' is clicked on

2017-11-24 19:27:53 - [TEST_STEP][PASSED] - delay: Delayed 3 second(s)

2017-11-24 19:27:56 - [MESSAGE][PASSED] - Delayed 3 second(s)

2017-11-24 19:27:56 - [TEST_STEP][PASSED] - scrollToElement: Scroll to object 'Object Repository/Finance/BaseTestCases_OpenEntries_Service/OpenEntries.BalanceAmt' successfully

2017-11-24 19:27:56 - [MESSAGE][PASSED] - Scroll to object 'Object Repository/Finance/BaseTestCases_OpenEntries_Service/OpenEntries.BalanceAmt' successfully

2017-11-24 19:27:56 - [TEST_STEP][PASSED] - Statement - BalanceAmount = com.kms.katalon.core.webui.keyword.WebUiBuiltInKeywords.getText(com.kms.katalon.core.testobject.ObjectRepository.findTestObject(Finance/BaseTestCases_OpenEntries_Service/OpenEntries.BalanceAmt)): Text of object 'Object Repository/Finance/BaseTestCases_OpenEntries_Service/OpenEntries.BalanceAmt' is: '1.00'

2017-11-24 19:27:56 - [MESSAGE][PASSED] - Text of object 'Object Repository/Finance/BaseTestCases_OpenEntries_Service/OpenEntries.BalanceAmt' is: '1.00'

2017-11-24 19:27:56 - [TEST_STEP][PASSED] - verifyEqual: Actual object '1.00' and expected object '1.00' are equal

2017-11-24 19:27:56 - [MESSAGE][PASSED] - Actual object '1.00' and expected object '1.00' are equal

2017-11-24 19:27:56 - [TEST_STEP][PASSED] - Statement - BalanceAmount = com.kms.katalon.core.webui.keyword.WebUiBuiltInKeywords.getText(com.kms.katalon.core.testobject.ObjectRepository.findTestObject(Finance/BaseTestCases_OpenEntries_Service/OpenEntries_BalanceAmtLine2)): Text of object 'Object Repository/Finance/BaseTestCases_OpenEntries_Service/OpenEntries_BalanceAmtLine2' is: '1.00'

2017-11-24 19:27:56 - [MESSAGE][PASSED] - Text of object 'Object Repository/Finance/BaseTestCases_OpenEntries_Service/OpenEntries_BalanceAmtLine2' is: '1.00'

2017-11-24 19:27:56 - [TEST_STEP][PASSED] - verifyEqual: Actual object '1.00' and expected object '1.00' are equal

2017-11-24 19:27:56 - [MESSAGE][PASSED] - Actual object '1.00' and expected object '1.00' are equal

2017-11-24 19:27:56 - [TEST_STEP][PASSED] - delay: Delayed 3 second(s)

2017-11-24 19:27:59 - [MESSAGE][PASSED] - Delayed 3 second(s)

2017-11-24 19:27:59 - [TEST_STEP][PASSED] - closeBrowser: Browser is closed

2017-11-24 19:28:01 - [MESSAGE][PASSED] - Browser is closed

2017-11-24 19:28:01 - [MESSAGE][PASSED] - Call Test Case 'Test Cases/Finance/BaseTestCases/Base_Finance_CheckOpenEntriesForCCSplitPayments' successfully]]></system-out>
         <system-err><![CDATA[]]></system-err>
      </testcase>
      <testcase name="Test Cases/Service/CreditCardRegression/TC002_Service_CreditCardSplitTender - Iteration 2" classname="Test Cases/Service/CreditCardRegression/TC002_Service_CreditCardSplitTender" status="FAILED">
         <failure type="FAILED" message="Test Cases/Service/CreditCardRegression/TC002_Service_CreditCardSplitTender FAILED because (of) Unable to set text '09' of object 'Object Repository/Service/ServiceOrder/CreditCardSplitTender/SplitTender.ExpiryMonthLine2' (Root cause: org.openqa.selenium.InvalidElementStateException: Element must be user-editable in order to clear it.
Command duration or timeout: 32 milliseconds
Build info: version: '2.53.0', revision: '35ae25b', time: '2016-03-15 17:00:58'
System info: host: 'ANIL110', ip: '192.168.25.228', os.name: 'Windows 7', os.arch: 'amd64', os.version: '6.1', java.version: '1.8.0_102'
Driver info: com.kms.katalon.core.webui.driver.firefox.CFirefoxDriver47
Capabilities [{applicationCacheEnabled=true, rotatable=false, handlesAlerts=true, databaseEnabled=true, version=56.0, platform=WINDOWS, nativeEvents=false, acceptSslCerts=true, webStorageEnabled=true, locationContextEnabled=true, browserName=firefox, takesScreenshot=true, javascriptEnabled=true, cssSelectorsEnabled=true}]
Session ID: 53caf088-32d5-4e5d-9897-42c55e5b4c70)"/>
         <system-out><![CDATA[2017-11-24 19:28:01 - [TEST_CASE][FAILED] - Test Cases/Service/CreditCardRegression/TC002_Service_CreditCardSplitTender - Iteration 2: Test Cases/Service/CreditCardRegression/TC002_Service_CreditCardSplitTender FAILED because (of) Unable to set text '09' of object 'Object Repository/Service/ServiceOrder/CreditCardSplitTender/SplitTender.ExpiryMonthLine2' (Root cause: org.openqa.selenium.InvalidElementStateException: Element must be user-editable in order to clear it.
Command duration or timeout: 32 milliseconds
Build info: version: '2.53.0', revision: '35ae25b', time: '2016-03-15 17:00:58'
System info: host: 'ANIL110', ip: '192.168.25.228', os.name: 'Windows 7', os.arch: 'amd64', os.version: '6.1', java.version: '1.8.0_102'
Driver info: com.kms.katalon.core.webui.driver.firefox.CFirefoxDriver47
Capabilities [{applicationCacheEnabled=true, rotatable=false, handlesAlerts=true, databaseEnabled=true, version=56.0, platform=WINDOWS, nativeEvents=false, acceptSslCerts=true, webStorageEnabled=true, locationContextEnabled=true, browserName=firefox, takesScreenshot=true, javascriptEnabled=true, cssSelectorsEnabled=true}]
Session ID: 53caf088-32d5-4e5d-9897-42c55e5b4c70)

2017-11-24 19:28:01 - [TEST_STEP][PASSED] - callTestCase: Call Test Case 'Test Cases/Service/BaseTestCases/Base_Service_CreateHeader' successfully

2017-11-24 19:28:01 - [TEST_CASE][PASSED] - Test Cases/Service/BaseTestCases/Base_Service_CreateHeader: Test Cases/Service/BaseTestCases/Base_Service_CreateHeader

2017-11-24 19:28:01 - [TEST_STEP][PASSED] - callTestCase: Call Test Case 'Test Cases/Common/Base_Common_OpenSession' successfully

2017-11-24 19:28:01 - [TEST_CASE][PASSED] - Test Cases/Common/Base_Common_OpenSession: Test Cases/Common/Base_Common_OpenSession

2017-11-24 19:28:01 - [TEST_STEP][PASSED] - openBrowser: Browser is opened with url: 'https://rgajbhiye:Robin$123@proxima-ln4.e-emphasys.com:8441/webui/servlet/login'

2017-11-24 19:28:08 - [MESSAGE][PASSED] - Browser is opened with url: 'https://rgajbhiye:Robin$123@proxima-ln4.e-emphasys.com:8441/webui/servlet/login'

2017-11-24 19:28:08 - [TEST_STEP][PASSED] - waitForPageLoad: Wait for page load successfully

2017-11-24 19:28:08 - [MESSAGE][PASSED] - Wait for page load successfully

2017-11-24 19:28:08 - [TEST_STEP][PASSED] - maximizeWindow: Current window maximized

2017-11-24 19:28:08 - [MESSAGE][PASSED] - Current window maximized

2017-11-24 19:28:08 - [TEST_STEP][PASSED] - click: Object: 'Object Repository/Common/HomePage/HomePage_more' is clicked on

2017-11-24 19:28:13 - [MESSAGE][PASSED] - Object: 'Object Repository/Common/HomePage/HomePage_more' is clicked on

2017-11-24 19:28:13 - [TEST_STEP][PASSED] - click: Object: 'Object Repository/Common/HomePage/HomePage_Option' is clicked on

2017-11-24 19:28:14 - [MESSAGE][PASSED] - Object: 'Object Repository/Common/HomePage/HomePage_Option' is clicked on

2017-11-24 19:28:14 - [TEST_STEP][PASSED] - click: Object: 'Object Repository/Common/HomePage/HomePage_RunProgram_' is clicked on

2017-11-24 19:28:14 - [MESSAGE][PASSED] - Object: 'Object Repository/Common/HomePage/HomePage_RunProgram_' is clicked on

2017-11-24 19:28:14 - [TEST_STEP][PASSED] - sendKeys: Keys 'tssoc2100m001' sent to object: 'Object Repository/Common/HomePage/HomePage_Session_ID'

2017-11-24 19:28:14 - [MESSAGE][PASSED] - Keys 'tssoc2100m001' sent to object: 'Object Repository/Common/HomePage/HomePage_Session_ID'

2017-11-24 19:28:14 - [TEST_STEP][PASSED] - click: Object: 'Object Repository/Common/HomePage/HomePage_OkButton' is clicked on

2017-11-24 19:28:14 - [MESSAGE][PASSED] - Object: 'Object Repository/Common/HomePage/HomePage_OkButton' is clicked on

2017-11-24 19:28:14 - [MESSAGE][PASSED] - Call Test Case 'Test Cases/Common/Base_Common_OpenSession' successfully

2017-11-24 19:28:14 - [TEST_STEP][PASSED] - click: Object: 'Object Repository/Service/ServiceOrder/ServiceOrderHeader/ServiceOrderHeader.Newbutton' is clicked on

2017-11-24 19:28:17 - [MESSAGE][PASSED] - Object: 'Object Repository/Service/ServiceOrder/ServiceOrderHeader/ServiceOrderHeader.Newbutton' is clicked on

2017-11-24 19:28:17 - [TEST_STEP][PASSED] - delay: Delayed 3 second(s)

2017-11-24 19:28:20 - [MESSAGE][PASSED] - Delayed 3 second(s)

2017-11-24 19:28:20 - [TEST_STEP][PASSED] - setText: Text 'M00000182' is set on object 'Object Repository/Service/ServiceOrder/ServiceOrderHeader/ServiceOrderHeader.Customer'

2017-11-24 19:28:20 - [MESSAGE][PASSED] - Text 'M00000182' is set on object 'Object Repository/Service/ServiceOrder/ServiceOrderHeader/ServiceOrderHeader.Customer'

2017-11-24 19:28:20 - [TEST_STEP][PASSED] - sendKeys: Keys 'TAB + ' sent to object: 'Object Repository/Service/ServiceOrder/ServiceOrderHeader/ServiceOrderHeader.Customer'

2017-11-24 19:28:21 - [MESSAGE][PASSED] - Keys 'TAB + ' sent to object: 'Object Repository/Service/ServiceOrder/ServiceOrderHeader/ServiceOrderHeader.Customer'

2017-11-24 19:28:21 - [TEST_STEP][PASSED] - delay: Delayed 3 second(s)

2017-11-24 19:28:24 - [MESSAGE][PASSED] - Delayed 3 second(s)

2017-11-24 19:28:24 - [TEST_STEP][PASSED] - setText: Text 'MD0007993' is set on object 'Object Repository/Service/ServiceOrder/ServiceOrderHeader/ServiceOrderHeader.Unit'

2017-11-24 19:28:24 - [MESSAGE][PASSED] - Text 'MD0007993' is set on object 'Object Repository/Service/ServiceOrder/ServiceOrderHeader/ServiceOrderHeader.Unit'

2017-11-24 19:28:24 - [TEST_STEP][PASSED] - click: Object: 'Object Repository/Service/ServiceOrder/ServiceOrderHeader/ServiceOrderHeader.Save' is clicked on

2017-11-24 19:28:24 - [MESSAGE][PASSED] - Object: 'Object Repository/Service/ServiceOrder/ServiceOrderHeader/ServiceOrderHeader.Save' is clicked on

2017-11-24 19:28:24 - [TEST_STEP][PASSED] - click: Object: 'Object Repository/Service/ServiceOrder/ServiceOrderHeader/ServiceOrderHeader.Warning' is clicked on

2017-11-24 19:28:30 - [MESSAGE][PASSED] - Object: 'Object Repository/Service/ServiceOrder/ServiceOrderHeader/ServiceOrderHeader.Warning' is clicked on

2017-11-24 19:28:30 - [TEST_STEP][PASSED] - delay: Delayed 3 second(s)

2017-11-24 19:28:33 - [MESSAGE][PASSED] - Delayed 3 second(s)

2017-11-24 19:28:33 - [TEST_STEP][PASSED] - click: Object: 'Object Repository/Service/ServiceOrder/ServiceOrderHeader/ServiceOrderHeader.PaymentMode' is clicked on

2017-11-24 19:28:33 - [MESSAGE][PASSED] - Object: 'Object Repository/Service/ServiceOrder/ServiceOrderHeader/ServiceOrderHeader.PaymentMode' is clicked on

2017-11-24 19:28:33 - [TEST_STEP][PASSED] - click: Object: 'Object Repository/Service/ServiceOrder/ServiceOrderHeader/ServiceOrderHeader.CreditCardoption' is clicked on

2017-11-24 19:28:33 - [MESSAGE][PASSED] - Object: 'Object Repository/Service/ServiceOrder/ServiceOrderHeader/ServiceOrderHeader.CreditCardoption' is clicked on

2017-11-24 19:28:33 - [TEST_STEP][PASSED] - delay: Delayed 5 second(s)

2017-11-24 19:28:38 - [MESSAGE][PASSED] - Delayed 5 second(s)

2017-11-24 19:28:38 - [TEST_STEP][NOT_RUN] - setText: NOT_RUN: setText

2017-11-24 19:28:38 - [MESSAGE][NOT_RUN] - NOT_RUN: setText

2017-11-24 19:28:38 - [TEST_STEP][PASSED] - click: Object: 'Object Repository/Service/ServiceOrder/ServiceOrderHeader/ServiceOrderHeader.Save' is clicked on

2017-11-24 19:28:39 - [MESSAGE][PASSED] - Object: 'Object Repository/Service/ServiceOrder/ServiceOrderHeader/ServiceOrderHeader.Save' is clicked on

2017-11-24 19:28:39 - [TEST_STEP][PASSED] - delay: Delayed 5 second(s)

2017-11-24 19:28:44 - [MESSAGE][PASSED] - Delayed 5 second(s)

2017-11-24 19:28:44 - [TEST_STEP][PASSED] - Statement - SWOOrderNo = com.kms.katalon.core.webui.keyword.WebUiBuiltInKeywords.getAttribute(com.kms.katalon.core.testobject.ObjectRepository.findTestObject(Service/ServiceOrder/ServiceOrderHeader/ServiceOrderHeader.OrderNo), "value"): Attribute 'value' of object 'Object Repository/Service/ServiceOrder/ServiceOrderHeader/ServiceOrderHeader.OrderNo' is: 'SWO119868'

2017-11-24 19:28:44 - [MESSAGE][PASSED] - Attribute 'value' of object 'Object Repository/Service/ServiceOrder/ServiceOrderHeader/ServiceOrderHeader.OrderNo' is: 'SWO119868'

2017-11-24 19:28:44 - [TEST_STEP][PASSED] - verifyNotEqual: Actual object 'SWO119868' and expected object '' are not equal

2017-11-24 19:28:44 - [MESSAGE][PASSED] - Actual object 'SWO119868' and expected object '' are not equal

2017-11-24 19:28:44 - [TEST_STEP][PASSED] - delay: Delayed 5 second(s)

2017-11-24 19:28:49 - [MESSAGE][PASSED] - Delayed 5 second(s)

2017-11-24 19:28:49 - [TEST_STEP][PASSED] - click: Object: 'Object Repository/Service/ServiceOrder/ServiceOrderHeader/ServiceOrderHeader.Actions' is clicked on

2017-11-24 19:28:49 - [MESSAGE][PASSED] - Object: 'Object Repository/Service/ServiceOrder/ServiceOrderHeader/ServiceOrderHeader.Actions' is clicked on

2017-11-24 19:28:49 - [TEST_STEP][PASSED] - delay: Delayed 3 second(s)

2017-11-24 19:28:52 - [MESSAGE][PASSED] - Delayed 3 second(s)

2017-11-24 19:28:52 - [TEST_STEP][PASSED] - click: Object: 'Object Repository/Service/ServiceOrder/ServiceOrderHeader/ServiceOrderHeader.Segments' is clicked on

2017-11-24 19:28:52 - [MESSAGE][PASSED] - Object: 'Object Repository/Service/ServiceOrder/ServiceOrderHeader/ServiceOrderHeader.Segments' is clicked on

2017-11-24 19:28:52 - [TEST_STEP][PASSED] - delay: Delayed 3 second(s)

2017-11-24 19:28:55 - [MESSAGE][PASSED] - Delayed 3 second(s)

2017-11-24 19:28:55 - [MESSAGE][PASSED] - Call Test Case 'Test Cases/Service/BaseTestCases/Base_Service_CreateHeader' successfully

2017-11-24 19:28:55 - [TEST_STEP][PASSED] - callTestCase: Call Test Case 'Test Cases/Service/BaseTestCases/Base_Service_AddSegment' successfully

2017-11-24 19:28:55 - [TEST_CASE][PASSED] - Test Cases/Service/BaseTestCases/Base_Service_AddSegment: Test Cases/Service/BaseTestCases/Base_Service_AddSegment

2017-11-24 19:28:55 - [TEST_STEP][PASSED] - click: Object: 'Object Repository/Service/ServiceOrder/ServiceOrderSegment/ServiceOrderSegment.ServiceType' is clicked on

2017-11-24 19:28:55 - [MESSAGE][PASSED] - Object: 'Object Repository/Service/ServiceOrder/ServiceOrderSegment/ServiceOrderSegment.ServiceType' is clicked on

2017-11-24 19:28:55 - [TEST_STEP][PASSED] - setText: Text 'ABC' is set on object 'Object Repository/Service/ServiceOrder/ServiceOrderSegment/ServiceOrderSegment.ServiceType'

2017-11-24 19:28:56 - [MESSAGE][PASSED] - Text 'ABC' is set on object 'Object Repository/Service/ServiceOrder/ServiceOrderSegment/ServiceOrderSegment.ServiceType'

2017-11-24 19:28:56 - [TEST_STEP][NOT_RUN] - sendKeys: NOT_RUN: sendKeys

2017-11-24 19:28:56 - [MESSAGE][NOT_RUN] - NOT_RUN: sendKeys

2017-11-24 19:28:56 - [TEST_STEP][PASSED] - delay: Delayed 3 second(s)

2017-11-24 19:28:59 - [MESSAGE][PASSED] - Delayed 3 second(s)

2017-11-24 19:28:59 - [TEST_STEP][PASSED] - click: Object: 'Object Repository/Service/ServiceOrder/ServiceOrderSegment/ServiceOrderSegment.Save' is clicked on

2017-11-24 19:28:59 - [MESSAGE][PASSED] - Object: 'Object Repository/Service/ServiceOrder/ServiceOrderSegment/ServiceOrderSegment.Save' is clicked on

2017-11-24 19:28:59 - [TEST_STEP][PASSED] - delay: Delayed 10 second(s)

2017-11-24 19:29:09 - [MESSAGE][PASSED] - Delayed 10 second(s)

2017-11-24 19:29:09 - [TEST_STEP][PASSED] - click: Object: 'Object Repository/Service/ServiceOrder/ServiceOrderSegment/ServiceOrderSegment.Action' is clicked on

2017-11-24 19:29:09 - [MESSAGE][PASSED] - Object: 'Object Repository/Service/ServiceOrder/ServiceOrderSegment/ServiceOrderSegment.Action' is clicked on

2017-11-24 19:29:09 - [TEST_STEP][PASSED] - delay: Delayed 2 second(s)

2017-11-24 19:29:11 - [MESSAGE][PASSED] - Delayed 2 second(s)

2017-11-24 19:29:11 - [TEST_STEP][PASSED] - click: Object: 'Object Repository/Service/ServiceOrder/ServiceOrderSegment/ServiceOrderSegment.Release' is clicked on

2017-11-24 19:29:11 - [MESSAGE][PASSED] - Object: 'Object Repository/Service/ServiceOrder/ServiceOrderSegment/ServiceOrderSegment.Release' is clicked on

2017-11-24 19:29:11 - [TEST_STEP][PASSED] - delay: Delayed 5 second(s)

2017-11-24 19:29:16 - [MESSAGE][PASSED] - Delayed 5 second(s)

2017-11-24 19:29:16 - [TEST_STEP][NOT_RUN] - click: NOT_RUN: click

2017-11-24 19:29:16 - [MESSAGE][NOT_RUN] - NOT_RUN: click

2017-11-24 19:29:16 - [TEST_STEP][NOT_RUN] - click: NOT_RUN: click

2017-11-24 19:29:16 - [MESSAGE][NOT_RUN] - NOT_RUN: click

2017-11-24 19:29:16 - [TEST_STEP][NOT_RUN] - delay: NOT_RUN: delay

2017-11-24 19:29:16 - [MESSAGE][NOT_RUN] - NOT_RUN: delay

2017-11-24 19:29:16 - [TEST_STEP][NOT_RUN] - setText: NOT_RUN: setText

2017-11-24 19:29:16 - [MESSAGE][NOT_RUN] - NOT_RUN: setText

2017-11-24 19:29:16 - [TEST_STEP][NOT_RUN] - sendKeys: NOT_RUN: sendKeys

2017-11-24 19:29:16 - [MESSAGE][NOT_RUN] - NOT_RUN: sendKeys

2017-11-24 19:29:16 - [TEST_STEP][NOT_RUN] - delay: NOT_RUN: delay

2017-11-24 19:29:16 - [MESSAGE][NOT_RUN] - NOT_RUN: delay

2017-11-24 19:29:16 - [TEST_STEP][NOT_RUN] - click: NOT_RUN: click

2017-11-24 19:29:16 - [MESSAGE][NOT_RUN] - NOT_RUN: click

2017-11-24 19:29:16 - [TEST_STEP][NOT_RUN] - delay: NOT_RUN: delay

2017-11-24 19:29:16 - [MESSAGE][NOT_RUN] - NOT_RUN: delay

2017-11-24 19:29:16 - [TEST_STEP][PASSED] - click: Object: 'Object Repository/Service/ServiceOrder/ServiceOrderSegment/ServiceOrderSegment.Action' is clicked on

2017-11-24 19:29:16 - [MESSAGE][PASSED] - Object: 'Object Repository/Service/ServiceOrder/ServiceOrderSegment/ServiceOrderSegment.Action' is clicked on

2017-11-24 19:29:16 - [TEST_STEP][PASSED] - delay: Delayed 3 second(s)

2017-11-24 19:29:19 - [MESSAGE][PASSED] - Delayed 3 second(s)

2017-11-24 19:29:19 - [MESSAGE][PASSED] - Call Test Case 'Test Cases/Service/BaseTestCases/Base_Service_AddSegment' successfully

2017-11-24 19:29:19 - [TEST_STEP][PASSED] - callTestCase: Call Test Case 'Test Cases/Service/BaseTestCases/Base_Service_Add Others' successfully

2017-11-24 19:29:20 - [TEST_CASE][PASSED] - Test Cases/Service/BaseTestCases/Base_Service_Add Others: Test Cases/Service/BaseTestCases/Base_Service_Add Others

2017-11-24 19:29:20 - [TEST_STEP][PASSED] - click: Object: 'Object Repository/Service/ServiceOrder/ServiceOrderSegment/ServiceOrderSegment.Others' is clicked on

2017-11-24 19:29:20 - [MESSAGE][PASSED] - Object: 'Object Repository/Service/ServiceOrder/ServiceOrderSegment/ServiceOrderSegment.Others' is clicked on

2017-11-24 19:29:20 - [TEST_STEP][PASSED] - delay: Delayed 10 second(s)

2017-11-24 19:29:30 - [MESSAGE][PASSED] - Delayed 10 second(s)

2017-11-24 19:29:30 - [TEST_STEP][PASSED] - click: Object: 'Object Repository/Service/ServiceOrder/ServiceOrderSegment/ServiceOrderSegment.OthersNew' is clicked on

2017-11-24 19:29:30 - [MESSAGE][PASSED] - Object: 'Object Repository/Service/ServiceOrder/ServiceOrderSegment/ServiceOrderSegment.OthersNew' is clicked on

2017-11-24 19:29:30 - [TEST_STEP][PASSED] - delay: Delayed 5 second(s)

2017-11-24 19:29:35 - [MESSAGE][PASSED] - Delayed 5 second(s)

2017-11-24 19:29:35 - [TEST_STEP][PASSED] - click: Object: 'Object Repository/Service/ServiceOrder/ServiceOrderSegment/ServiceOrderSegment.OthersCostComp' is clicked on

2017-11-24 19:29:35 - [MESSAGE][PASSED] - Object: 'Object Repository/Service/ServiceOrder/ServiceOrderSegment/ServiceOrderSegment.OthersCostComp' is clicked on

2017-11-24 19:29:35 - [TEST_STEP][PASSED] - delay: Delayed 2 second(s)

2017-11-24 19:29:37 - [MESSAGE][PASSED] - Delayed 2 second(s)

2017-11-24 19:29:37 - [TEST_STEP][PASSED] - setText: Text 'APP' is set on object 'Object Repository/Service/ServiceOrder/ServiceOrderSegment/ServiceOrderSegment.OthersCostComp'

2017-11-24 19:29:37 - [MESSAGE][PASSED] - Text 'APP' is set on object 'Object Repository/Service/ServiceOrder/ServiceOrderSegment/ServiceOrderSegment.OthersCostComp'

2017-11-24 19:29:37 - [TEST_STEP][PASSED] - delay: Delayed 5 second(s)

2017-11-24 19:29:42 - [MESSAGE][PASSED] - Delayed 5 second(s)

2017-11-24 19:29:42 - [TEST_STEP][PASSED] - scrollToElement: Scroll to object 'Object Repository/Service/ServiceOrder/ServiceOrderSegment/ServiceOrderSegment.Actual Qty' successfully

2017-11-24 19:29:42 - [MESSAGE][PASSED] - Scroll to object 'Object Repository/Service/ServiceOrder/ServiceOrderSegment/ServiceOrderSegment.Actual Qty' successfully

2017-11-24 19:29:42 - [TEST_STEP][PASSED] - click: Object: 'Object Repository/Service/ServiceOrder/ServiceOrderSegment/ServiceOrderSegment.Actual Qty' is clicked on

2017-11-24 19:29:43 - [MESSAGE][PASSED] - Object: 'Object Repository/Service/ServiceOrder/ServiceOrderSegment/ServiceOrderSegment.Actual Qty' is clicked on

2017-11-24 19:29:43 - [TEST_STEP][PASSED] - delay: Delayed 2 second(s)

2017-11-24 19:29:45 - [MESSAGE][PASSED] - Delayed 2 second(s)

2017-11-24 19:29:45 - [TEST_STEP][PASSED] - sendKeys: Keys '2' sent to object: 'Object Repository/Service/ServiceOrder/ServiceOrderSegment/ServiceOrderSegment.Actual Qty'

2017-11-24 19:29:45 - [MESSAGE][PASSED] - Keys '2' sent to object: 'Object Repository/Service/ServiceOrder/ServiceOrderSegment/ServiceOrderSegment.Actual Qty'

2017-11-24 19:29:45 - [TEST_STEP][PASSED] - delay: Delayed 5 second(s)

2017-11-24 19:29:50 - [MESSAGE][PASSED] - Delayed 5 second(s)

2017-11-24 19:29:50 - [TEST_STEP][NOT_RUN] - click: NOT_RUN: click

2017-11-24 19:29:50 - [MESSAGE][NOT_RUN] - NOT_RUN: click

2017-11-24 19:29:50 - [TEST_STEP][PASSED] - click: Object: 'Object Repository/Service/ServiceOrder/ServiceOrderSegment/ServiceOrderSegmentOthers.SaveClose' is clicked on

2017-11-24 19:29:50 - [MESSAGE][PASSED] - Object: 'Object Repository/Service/ServiceOrder/ServiceOrderSegment/ServiceOrderSegmentOthers.SaveClose' is clicked on

2017-11-24 19:29:50 - [TEST_STEP][PASSED] - delay: Delayed 5 second(s)

2017-11-24 19:29:55 - [MESSAGE][PASSED] - Delayed 5 second(s)

2017-11-24 19:29:55 - [TEST_STEP][PASSED] - click: Object: 'Object Repository/Service/ServiceOrder/ServiceOrderSegment/ServiceOrderSegment.SaveClose' is clicked on

2017-11-24 19:29:55 - [MESSAGE][PASSED] - Object: 'Object Repository/Service/ServiceOrder/ServiceOrderSegment/ServiceOrderSegment.SaveClose' is clicked on

2017-11-24 19:29:55 - [MESSAGE][PASSED] - Call Test Case 'Test Cases/Service/BaseTestCases/Base_Service_Add Others' successfully

2017-11-24 19:29:55 - [TEST_STEP][FAILED] - callTestCase: Unable to call Test Case with id 'Test Cases/Service/BaseTestCases/Base_Service_HeaderInvoice_SplitTender' (Root cause: Call Test Case 'Test Cases/Service/BaseTestCases/Base_Service_HeaderInvoice_SplitTender' failed)

2017-11-24 19:29:55 - [TEST_CASE][FAILED] - Test Cases/Service/BaseTestCases/Base_Service_HeaderInvoice_SplitTender: Test Cases/Service/BaseTestCases/Base_Service_HeaderInvoice_SplitTender FAILED because (of) Unable to set text '09' of object 'Object Repository/Service/ServiceOrder/CreditCardSplitTender/SplitTender.ExpiryMonthLine2' (Root cause: org.openqa.selenium.InvalidElementStateException: Element must be user-editable in order to clear it.
Command duration or timeout: 32 milliseconds
Build info: version: '2.53.0', revision: '35ae25b', time: '2016-03-15 17:00:58'
System info: host: 'ANIL110', ip: '192.168.25.228', os.name: 'Windows 7', os.arch: 'amd64', os.version: '6.1', java.version: '1.8.0_102'
Driver info: com.kms.katalon.core.webui.driver.firefox.CFirefoxDriver47
Capabilities [{applicationCacheEnabled=true, rotatable=false, handlesAlerts=true, databaseEnabled=true, version=56.0, platform=WINDOWS, nativeEvents=false, acceptSslCerts=true, webStorageEnabled=true, locationContextEnabled=true, browserName=firefox, takesScreenshot=true, javascriptEnabled=true, cssSelectorsEnabled=true}]
Session ID: 53caf088-32d5-4e5d-9897-42c55e5b4c70)

2017-11-24 19:29:55 - [TEST_STEP][PASSED] - delay: Delayed 5 second(s)

2017-11-24 19:30:00 - [MESSAGE][PASSED] - Delayed 5 second(s)

2017-11-24 19:30:00 - [TEST_STEP][PASSED] - click: Object: 'Object Repository/Service/ServiceOrder/ServiceOrderHeader/ServiceOrderHeader.Actions' is clicked on

2017-11-24 19:30:00 - [MESSAGE][PASSED] - Object: 'Object Repository/Service/ServiceOrder/ServiceOrderHeader/ServiceOrderHeader.Actions' is clicked on

2017-11-24 19:30:00 - [TEST_STEP][PASSED] - delay: Delayed 3 second(s)

2017-11-24 19:30:03 - [MESSAGE][PASSED] - Delayed 3 second(s)

2017-11-24 19:30:03 - [TEST_STEP][PASSED] - click: Object: 'Object Repository/Service/ServiceOrder/ServiceOrderHeader/ServiceOrderHeader.Costing' is clicked on

2017-11-24 19:30:03 - [MESSAGE][PASSED] - Object: 'Object Repository/Service/ServiceOrder/ServiceOrderHeader/ServiceOrderHeader.Costing' is clicked on

2017-11-24 19:30:03 - [TEST_STEP][PASSED] - delay: Delayed 5 second(s)

2017-11-24 19:30:08 - [MESSAGE][PASSED] - Delayed 5 second(s)

2017-11-24 19:30:08 - [TEST_STEP][PASSED] - click: Object: 'Object Repository/Service/ServiceOrder/ServiceOrderHeader/ServiceOrderHeader.RepriceWarning' is clicked on

2017-11-24 19:30:09 - [MESSAGE][PASSED] - Object: 'Object Repository/Service/ServiceOrder/ServiceOrderHeader/ServiceOrderHeader.RepriceWarning' is clicked on

2017-11-24 19:30:09 - [TEST_STEP][PASSED] - delay: Delayed 3 second(s)

2017-11-24 19:30:12 - [MESSAGE][PASSED] - Delayed 3 second(s)

2017-11-24 19:30:12 - [TEST_STEP][PASSED] - click: Object: 'Object Repository/Service/ServiceOrder/ServiceOrderHeader/ServiceOrderHeader.CostingProcessCont' is clicked on

2017-11-24 19:30:12 - [MESSAGE][PASSED] - Object: 'Object Repository/Service/ServiceOrder/ServiceOrderHeader/ServiceOrderHeader.CostingProcessCont' is clicked on

2017-11-24 19:30:12 - [TEST_STEP][PASSED] - delay: Delayed 3 second(s)

2017-11-24 19:30:15 - [MESSAGE][PASSED] - Delayed 3 second(s)

2017-11-24 19:30:15 - [TEST_STEP][PASSED] - click: Object: 'Object Repository/Service/ServiceOrder/ServiceOrderHeader/ServiceOrderHeader.InvoiceCont' is clicked on

2017-11-24 19:30:15 - [MESSAGE][PASSED] - Object: 'Object Repository/Service/ServiceOrder/ServiceOrderHeader/ServiceOrderHeader.InvoiceCont' is clicked on

2017-11-24 19:30:15 - [TEST_STEP][PASSED] - delay: Delayed 5 second(s)

2017-11-24 19:30:20 - [MESSAGE][PASSED] - Delayed 5 second(s)

2017-11-24 19:30:20 - [TEST_STEP][NOT_RUN] - waitForElementPresent: NOT_RUN: waitForElementPresent

2017-11-24 19:30:20 - [MESSAGE][NOT_RUN] - NOT_RUN: waitForElementPresent

2017-11-24 19:30:20 - [TEST_STEP][NOT_RUN] - doubleClick: NOT_RUN: doubleClick

2017-11-24 19:30:20 - [MESSAGE][NOT_RUN] - NOT_RUN: doubleClick

2017-11-24 19:30:20 - [TEST_STEP][NOT_RUN] - delay: NOT_RUN: delay

2017-11-24 19:30:20 - [MESSAGE][NOT_RUN] - NOT_RUN: delay

2017-11-24 19:30:20 - [TEST_STEP][NOT_RUN] - click: NOT_RUN: click

2017-11-24 19:30:20 - [MESSAGE][NOT_RUN] - NOT_RUN: click

2017-11-24 19:30:20 - [TEST_STEP][PASSED] - delay: Delayed 2 second(s)

2017-11-24 19:30:22 - [MESSAGE][PASSED] - Delayed 2 second(s)

2017-11-24 19:30:22 - [TEST_STEP][PASSED] - setText: Text 'GLOBAL' is set on object 'Object Repository/Service/ServiceOrder/ServiceCreditCard/ServiceCreditCard.PaymentGateway'

2017-11-24 19:30:22 - [MESSAGE][PASSED] - Text 'GLOBAL' is set on object 'Object Repository/Service/ServiceOrder/ServiceCreditCard/ServiceCreditCard.PaymentGateway'

2017-11-24 19:30:22 - [TEST_STEP][NOT_RUN] - sendKeys: NOT_RUN: sendKeys

2017-11-24 19:30:22 - [MESSAGE][NOT_RUN] - NOT_RUN: sendKeys

2017-11-24 19:30:22 - [TEST_STEP][PASSED] - doubleClick: Object: 'Object Repository/Service/ServiceOrder/ServiceCreditCard/ServiceCreditCard.CardType' is double clicked on

2017-11-24 19:30:22 - [MESSAGE][PASSED] - Object: 'Object Repository/Service/ServiceOrder/ServiceCreditCard/ServiceCreditCard.CardType' is double clicked on

2017-11-24 19:30:22 - [TEST_STEP][PASSED] - sendKeys: Keys 'DEBIT MASTERCARD' sent to object: 'Object Repository/Service/ServiceOrder/ServiceCreditCard/ServiceCreditCard.CardType'

2017-11-24 19:30:23 - [MESSAGE][PASSED] - Keys 'DEBIT MASTERCARD' sent to object: 'Object Repository/Service/ServiceOrder/ServiceCreditCard/ServiceCreditCard.CardType'

2017-11-24 19:30:23 - [TEST_STEP][PASSED] - delay: Delayed 2 second(s)

2017-11-24 19:30:25 - [MESSAGE][PASSED] - Delayed 2 second(s)

2017-11-24 19:30:25 - [TEST_STEP][PASSED] - doubleClick: Object: 'Object Repository/Service/ServiceOrder/ServiceCreditCard/ServiceCreditCard.Enter CC No' is double clicked on

2017-11-24 19:30:25 - [MESSAGE][PASSED] - Object: 'Object Repository/Service/ServiceOrder/ServiceCreditCard/ServiceCreditCard.Enter CC No' is double clicked on

2017-11-24 19:30:25 - [TEST_STEP][PASSED] - sendKeys: Keys '5100270000000007' sent to object: 'Object Repository/Service/ServiceOrder/ServiceCreditCard/ServiceCreditCard.Enter CC No'

2017-11-24 19:30:25 - [MESSAGE][PASSED] - Keys '5100270000000007' sent to object: 'Object Repository/Service/ServiceOrder/ServiceCreditCard/ServiceCreditCard.Enter CC No'

2017-11-24 19:30:25 - [TEST_STEP][PASSED] - delay: Delayed 2 second(s)

2017-11-24 19:30:27 - [MESSAGE][PASSED] - Delayed 2 second(s)

2017-11-24 19:30:27 - [TEST_STEP][PASSED] - click: Object: 'Object Repository/Service/ServiceOrder/ServiceCreditCard/ServiceCreditCard.CVV2' is clicked on

2017-11-24 19:30:27 - [MESSAGE][PASSED] - Object: 'Object Repository/Service/ServiceOrder/ServiceCreditCard/ServiceCreditCard.CVV2' is clicked on

2017-11-24 19:30:27 - [TEST_STEP][PASSED] - sendKeys: Keys '865' sent to object: 'Object Repository/Service/ServiceOrder/ServiceCreditCard/ServiceCreditCard.CVV2'

2017-11-24 19:30:27 - [MESSAGE][PASSED] - Keys '865' sent to object: 'Object Repository/Service/ServiceOrder/ServiceCreditCard/ServiceCreditCard.CVV2'

2017-11-24 19:30:27 - [TEST_STEP][NOT_RUN] - sendKeys: NOT_RUN: sendKeys

2017-11-24 19:30:27 - [MESSAGE][NOT_RUN] - NOT_RUN: sendKeys

2017-11-24 19:30:27 - [TEST_STEP][NOT_RUN] - delay: NOT_RUN: delay

2017-11-24 19:30:27 - [MESSAGE][NOT_RUN] - NOT_RUN: delay

2017-11-24 19:30:27 - [TEST_STEP][PASSED] - delay: Delayed 3 second(s)

2017-11-24 19:30:30 - [MESSAGE][PASSED] - Delayed 3 second(s)

2017-11-24 19:30:30 - [TEST_STEP][PASSED] - setText: Text '09' is set on object 'Object Repository/Service/ServiceOrder/ServiceCreditCard/ServiceCreditCard.ExpiryMonth'

2017-11-24 19:30:31 - [MESSAGE][PASSED] - Text '09' is set on object 'Object Repository/Service/ServiceOrder/ServiceCreditCard/ServiceCreditCard.ExpiryMonth'

2017-11-24 19:30:31 - [TEST_STEP][PASSED] - setText: Text '99' is set on object 'Object Repository/Service/ServiceOrder/ServiceCreditCard/ServiceCreditCard.ExpiryYear'

2017-11-24 19:30:31 - [MESSAGE][PASSED] - Text '99' is set on object 'Object Repository/Service/ServiceOrder/ServiceCreditCard/ServiceCreditCard.ExpiryYear'

2017-11-24 19:30:31 - [TEST_STEP][PASSED] - delay: Delayed 2 second(s)

2017-11-24 19:30:33 - [MESSAGE][PASSED] - Delayed 2 second(s)

2017-11-24 19:30:33 - [TEST_STEP][PASSED] - click: Object: 'Object Repository/Service/ServiceOrder/CreditCardSplitTender/SplitTenderDetails' is clicked on

2017-11-24 19:30:33 - [MESSAGE][PASSED] - Object: 'Object Repository/Service/ServiceOrder/CreditCardSplitTender/SplitTenderDetails' is clicked on

2017-11-24 19:30:33 - [TEST_STEP][PASSED] - click: Object: 'Object Repository/Service/ServiceOrder/CreditCardSplitTender/SplitTenderDetails.Yes' is clicked on

2017-11-24 19:30:33 - [MESSAGE][PASSED] - Object: 'Object Repository/Service/ServiceOrder/CreditCardSplitTender/SplitTenderDetails.Yes' is clicked on

2017-11-24 19:30:33 - [TEST_STEP][PASSED] - delay: Delayed 3 second(s)

2017-11-24 19:30:36 - [MESSAGE][PASSED] - Delayed 3 second(s)

2017-11-24 19:30:36 - [TEST_STEP][PASSED] - click: Object: 'Object Repository/Service/ServiceOrder/CreditCardSplitTender/SplitTender.LineSession' is clicked on

2017-11-24 19:30:36 - [MESSAGE][PASSED] - Object: 'Object Repository/Service/ServiceOrder/CreditCardSplitTender/SplitTender.LineSession' is clicked on

2017-11-24 19:30:36 - [TEST_STEP][PASSED] - delay: Delayed 2 second(s)

2017-11-24 19:30:38 - [MESSAGE][PASSED] - Delayed 2 second(s)

2017-11-24 19:30:38 - [TEST_STEP][PASSED] - Statement - G_OrderAmt = com.kms.katalon.core.webui.keyword.WebUiBuiltInKeywords.getText(com.kms.katalon.core.testobject.ObjectRepository.findTestObject(Service/ServiceOrder/CreditCardSplitTender/SplitTender.OrderAmtHeader)): Text of object 'Object Repository/Service/ServiceOrder/CreditCardSplitTender/SplitTender.OrderAmtHeader' is: '14.00'

2017-11-24 19:30:38 - [MESSAGE][PASSED] - Text of object 'Object Repository/Service/ServiceOrder/CreditCardSplitTender/SplitTender.OrderAmtHeader' is: '14.00'

2017-11-24 19:30:38 - [TEST_STEP][PASSED] - Statement - G_SplitOrderAmt2 = G_OrderAmt - 2: null

2017-11-24 19:30:38 - [TEST_STEP][PASSED] - comment: ***********************Line1 started***********************

2017-11-24 19:30:38 - [TEST_STEP][PASSED] - click: Object: 'Object Repository/Service/ServiceOrder/CreditCardSplitTender/SplitTender.NewButton' is clicked on

2017-11-24 19:30:38 - [MESSAGE][PASSED] - Object: 'Object Repository/Service/ServiceOrder/CreditCardSplitTender/SplitTender.NewButton' is clicked on

2017-11-24 19:30:38 - [TEST_STEP][PASSED] - delay: Delayed 2 second(s)

2017-11-24 19:30:40 - [MESSAGE][PASSED] - Delayed 2 second(s)

2017-11-24 19:30:40 - [TEST_STEP][PASSED] - doubleClick: Object: 'Object Repository/Service/ServiceOrder/CreditCardSplitTender/SplitTender.ModeofPayment' is double clicked on

2017-11-24 19:30:41 - [MESSAGE][PASSED] - Object: 'Object Repository/Service/ServiceOrder/CreditCardSplitTender/SplitTender.ModeofPayment' is double clicked on

2017-11-24 19:30:41 - [TEST_STEP][PASSED] - click: Object: 'Object Repository/Service/ServiceOrder/CreditCardSplitTender/SplitTender.ModeOfPaymentCreditCard1' is clicked on

2017-11-24 19:30:41 - [MESSAGE][PASSED] - Object: 'Object Repository/Service/ServiceOrder/CreditCardSplitTender/SplitTender.ModeOfPaymentCreditCard1' is clicked on

2017-11-24 19:30:41 - [TEST_STEP][PASSED] - click: Object: 'Object Repository/Service/ServiceOrder/CreditCardSplitTender/SplitTender.LineCCNo' is clicked on

2017-11-24 19:30:41 - [MESSAGE][PASSED] - Object: 'Object Repository/Service/ServiceOrder/CreditCardSplitTender/SplitTender.LineCCNo' is clicked on

2017-11-24 19:30:41 - [TEST_STEP][PASSED] - delay: Delayed 2 second(s)

2017-11-24 19:30:43 - [MESSAGE][PASSED] - Delayed 2 second(s)

2017-11-24 19:30:43 - [TEST_STEP][PASSED] - setText: Text '4012000033330026' is set on object 'Object Repository/Service/ServiceOrder/CreditCardSplitTender/SplitTender.LineCCNo'

2017-11-24 19:30:43 - [MESSAGE][PASSED] - Text '4012000033330026' is set on object 'Object Repository/Service/ServiceOrder/CreditCardSplitTender/SplitTender.LineCCNo'

2017-11-24 19:30:43 - [TEST_STEP][PASSED] - delay: Delayed 5 second(s)

2017-11-24 19:30:48 - [MESSAGE][PASSED] - Delayed 5 second(s)

2017-11-24 19:30:48 - [TEST_STEP][NOT_RUN] - click: NOT_RUN: click

2017-11-24 19:30:48 - [MESSAGE][NOT_RUN] - NOT_RUN: click

2017-11-24 19:30:48 - [TEST_STEP][NOT_RUN] - setText: NOT_RUN: setText

2017-11-24 19:30:48 - [MESSAGE][NOT_RUN] - NOT_RUN: setText

2017-11-24 19:30:48 - [TEST_STEP][PASSED] - scrollToElement: Scroll to object 'Object Repository/Service/ServiceOrder/CreditCardSplitTender/SplitTender.LineOrderAmount1' successfully

2017-11-24 19:30:49 - [MESSAGE][PASSED] - Scroll to object 'Object Repository/Service/ServiceOrder/CreditCardSplitTender/SplitTender.LineOrderAmount1' successfully

2017-11-24 19:30:49 - [TEST_STEP][PASSED] - delay: Delayed 5 second(s)

2017-11-24 19:30:54 - [MESSAGE][PASSED] - Delayed 5 second(s)

2017-11-24 19:30:54 - [TEST_STEP][PASSED] - click: Object: 'Object Repository/Service/ServiceOrder/CreditCardSplitTender/SplitTender.LineOrderAmount1' is clicked on

2017-11-24 19:30:54 - [MESSAGE][PASSED] - Object: 'Object Repository/Service/ServiceOrder/CreditCardSplitTender/SplitTender.LineOrderAmount1' is clicked on

2017-11-24 19:30:54 - [TEST_STEP][PASSED] - delay: Delayed 3 second(s)

2017-11-24 19:30:57 - [MESSAGE][PASSED] - Delayed 3 second(s)

2017-11-24 19:30:57 - [TEST_STEP][PASSED] - setText: Text '1.00' is set on object 'Object Repository/Service/ServiceOrder/CreditCardSplitTender/SplitTender.LineOrderAmount1'

2017-11-24 19:30:57 - [MESSAGE][PASSED] - Text '1.00' is set on object 'Object Repository/Service/ServiceOrder/CreditCardSplitTender/SplitTender.LineOrderAmount1'

2017-11-24 19:30:57 - [TEST_STEP][PASSED] - delay: Delayed 2 second(s)

2017-11-24 19:30:59 - [MESSAGE][PASSED] - Delayed 2 second(s)

2017-11-24 19:30:59 - [TEST_STEP][PASSED] - comment: ***********************Line2 started***********************

2017-11-24 19:30:59 - [TEST_STEP][PASSED] - click: Object: 'Object Repository/Service/ServiceOrder/CreditCardSplitTender/SplitTender.NewButton' is clicked on

2017-11-24 19:30:59 - [MESSAGE][PASSED] - Object: 'Object Repository/Service/ServiceOrder/CreditCardSplitTender/SplitTender.NewButton' is clicked on

2017-11-24 19:30:59 - [TEST_STEP][PASSED] - delay: Delayed 2 second(s)

2017-11-24 19:31:01 - [MESSAGE][PASSED] - Delayed 2 second(s)

2017-11-24 19:31:01 - [TEST_STEP][PASSED] - doubleClick: Object: 'Object Repository/Service/ServiceOrder/CreditCardSplitTender/SplitTender.ModeofPayment1' is double clicked on

2017-11-24 19:31:01 - [MESSAGE][PASSED] - Object: 'Object Repository/Service/ServiceOrder/CreditCardSplitTender/SplitTender.ModeofPayment1' is double clicked on

2017-11-24 19:31:01 - [TEST_STEP][PASSED] - click: Object: 'Object Repository/Service/ServiceOrder/CreditCardSplitTender/SplitTender.ModeOfPaymentCreditCard2' is clicked on

2017-11-24 19:31:02 - [MESSAGE][PASSED] - Object: 'Object Repository/Service/ServiceOrder/CreditCardSplitTender/SplitTender.ModeOfPaymentCreditCard2' is clicked on

2017-11-24 19:31:02 - [TEST_STEP][PASSED] - delay: Delayed 3 second(s)

2017-11-24 19:31:05 - [MESSAGE][PASSED] - Delayed 3 second(s)

2017-11-24 19:31:05 - [TEST_STEP][PASSED] - click: Object: 'Object Repository/Service/ServiceOrder/CreditCardSplitTender/SplitTender.Line2CCNo' is clicked on

2017-11-24 19:31:05 - [MESSAGE][PASSED] - Object: 'Object Repository/Service/ServiceOrder/CreditCardSplitTender/SplitTender.Line2CCNo' is clicked on

2017-11-24 19:31:05 - [TEST_STEP][PASSED] - delay: Delayed 2 second(s)

2017-11-24 19:31:07 - [MESSAGE][PASSED] - Delayed 2 second(s)

2017-11-24 19:31:07 - [TEST_STEP][PASSED] - setText: Text '4111123400062020' is set on object 'Object Repository/Service/ServiceOrder/CreditCardSplitTender/SplitTender.Line2CCNo'

2017-11-24 19:31:07 - [MESSAGE][PASSED] - Text '4111123400062020' is set on object 'Object Repository/Service/ServiceOrder/CreditCardSplitTender/SplitTender.Line2CCNo'

2017-11-24 19:31:07 - [TEST_STEP][PASSED] - delay: Delayed 2 second(s)

2017-11-24 19:31:09 - [MESSAGE][PASSED] - Delayed 2 second(s)

2017-11-24 19:31:09 - [TEST_STEP][PASSED] - click: Object: 'Object Repository/Service/ServiceOrder/CreditCardSplitTender/SplitTender.Line2CVV' is clicked on

2017-11-24 19:31:09 - [MESSAGE][PASSED] - Object: 'Object Repository/Service/ServiceOrder/CreditCardSplitTender/SplitTender.Line2CVV' is clicked on

2017-11-24 19:31:09 - [TEST_STEP][PASSED] - delay: Delayed 3 second(s)

2017-11-24 19:31:12 - [MESSAGE][PASSED] - Delayed 3 second(s)

2017-11-24 19:31:12 - [TEST_STEP][PASSED] - setText: Text '865' is set on object 'Object Repository/Service/ServiceOrder/CreditCardSplitTender/SplitTender.Line2CVV'

2017-11-24 19:31:12 - [MESSAGE][PASSED] - Text '865' is set on object 'Object Repository/Service/ServiceOrder/CreditCardSplitTender/SplitTender.Line2CVV'

2017-11-24 19:31:12 - [TEST_STEP][PASSED] - delay: Delayed 3 second(s)

2017-11-24 19:31:15 - [MESSAGE][PASSED] - Delayed 3 second(s)

2017-11-24 19:31:15 - [TEST_STEP][PASSED] - click: Object: 'Object Repository/Service/ServiceOrder/CreditCardSplitTender/SplitTender.CardTypeLine2' is clicked on

2017-11-24 19:31:16 - [MESSAGE][PASSED] - Object: 'Object Repository/Service/ServiceOrder/CreditCardSplitTender/SplitTender.CardTypeLine2' is clicked on

2017-11-24 19:31:16 - [TEST_STEP][PASSED] - delay: Delayed 5 second(s)

2017-11-24 19:31:21 - [MESSAGE][PASSED] - Delayed 5 second(s)

2017-11-24 19:31:21 - [TEST_STEP][PASSED] - sendKeys: Keys 'Visa Card' sent to object: 'Object Repository/Service/ServiceOrder/CreditCardSplitTender/SplitTender.CardTypeLine2'

2017-11-24 19:31:21 - [MESSAGE][PASSED] - Keys 'Visa Card' sent to object: 'Object Repository/Service/ServiceOrder/CreditCardSplitTender/SplitTender.CardTypeLine2'

2017-11-24 19:31:21 - [TEST_STEP][PASSED] - delay: Delayed 5 second(s)

2017-11-24 19:31:26 - [MESSAGE][PASSED] - Delayed 5 second(s)

2017-11-24 19:31:26 - [TEST_STEP][PASSED] - click: Object: 'Object Repository/Service/ServiceOrder/CreditCardSplitTender/SplitTender.ExpiryMonthLine2' is clicked on

2017-11-24 19:31:26 - [MESSAGE][PASSED] - Object: 'Object Repository/Service/ServiceOrder/CreditCardSplitTender/SplitTender.ExpiryMonthLine2' is clicked on

2017-11-24 19:31:26 - [TEST_STEP][PASSED] - delay: Delayed 3 second(s)

2017-11-24 19:31:29 - [MESSAGE][PASSED] - Delayed 3 second(s)

2017-11-24 19:31:29 - [TEST_STEP][FAILED] - setText: Unable to set text '09' of object 'Object Repository/Service/ServiceOrder/CreditCardSplitTender/SplitTender.ExpiryMonthLine2' (Root cause: org.openqa.selenium.InvalidElementStateException: Element must be user-editable in order to clear it.
Command duration or timeout: 32 milliseconds
Build info: version: '2.53.0', revision: '35ae25b', time: '2016-03-15 17:00:58'
System info: host: 'ANIL110', ip: '192.168.25.228', os.name: 'Windows 7', os.arch: 'amd64', os.version: '6.1', java.version: '1.8.0_102'
Driver info: com.kms.katalon.core.webui.driver.firefox.CFirefoxDriver47
Capabilities [{applicationCacheEnabled=true, rotatable=false, handlesAlerts=true, databaseEnabled=true, version=56.0, platform=WINDOWS, nativeEvents=false, acceptSslCerts=true, webStorageEnabled=true, locationContextEnabled=true, browserName=firefox, takesScreenshot=true, javascriptEnabled=true, cssSelectorsEnabled=true}]
Session ID: 53caf088-32d5-4e5d-9897-42c55e5b4c70)

2017-11-24 19:31:30 - [MESSAGE][FAILED] - Unable to set text '09' of object 'Object Repository/Service/ServiceOrder/CreditCardSplitTender/SplitTender.ExpiryMonthLine2' (Root cause: org.openqa.selenium.InvalidElementStateException: Element must be user-editable in order to clear it.
Command duration or timeout: 32 milliseconds
Build info: version: '2.53.0', revision: '35ae25b', time: '2016-03-15 17:00:58'
System info: host: 'ANIL110', ip: '192.168.25.228', os.name: 'Windows 7', os.arch: 'amd64', os.version: '6.1', java.version: '1.8.0_102'
Driver info: com.kms.katalon.core.webui.driver.firefox.CFirefoxDriver47
Capabilities [{applicationCacheEnabled=true, rotatable=false, handlesAlerts=true, databaseEnabled=true, version=56.0, platform=WINDOWS, nativeEvents=false, acceptSslCerts=true, webStorageEnabled=true, locationContextEnabled=true, browserName=firefox, takesScreenshot=true, javascriptEnabled=true, cssSelectorsEnabled=true}]
Session ID: 53caf088-32d5-4e5d-9897-42c55e5b4c70)
[[ATTACHMENT|C:\\Users\\agawhande\\git\\CreditCard\\Reports\\CC_ServiceSplitTendetTestSuite\\20171124_192114\\1511532089837.png]]

2017-11-24 19:31:30 - [TEST_STEP][PASSED] - delay: Delayed 2 second(s)

2017-11-24 19:31:32 - [MESSAGE][PASSED] - Delayed 2 second(s)

2017-11-24 19:31:32 - [TEST_STEP][FAILED] - click: Unable to click on object 'Object Repository/Service/ServiceOrder/CreditCardSplitTender/SplitTender.ExpiryYearLine2' (Root cause: org.openqa.selenium.WebDriverException: Element <label class="Label TextOutputField" id="xiext815m000-4-grid-1-xiext805.exyr.rq-20-1-widget">0</label> is not clickable at point (939.5, 426.5333251953125). Other element would receive the click: <div class="WindowManagerGlass" style="z-index: 1;"></div>
Command duration or timeout: 106 milliseconds
Build info: version: '2.53.0', revision: '35ae25b', time: '2016-03-15 17:00:58'
System info: host: 'ANIL110', ip: '192.168.25.228', os.name: 'Windows 7', os.arch: 'amd64', os.version: '6.1', java.version: '1.8.0_102'
Driver info: com.kms.katalon.core.webui.driver.firefox.CFirefoxDriver47
Capabilities [{applicationCacheEnabled=true, rotatable=false, handlesAlerts=true, databaseEnabled=true, version=56.0, platform=WINDOWS, nativeEvents=false, acceptSslCerts=true, webStorageEnabled=true, locationContextEnabled=true, browserName=firefox, takesScreenshot=true, javascriptEnabled=true, cssSelectorsEnabled=true}]
Session ID: 53caf088-32d5-4e5d-9897-42c55e5b4c70)

2017-11-24 19:31:32 - [MESSAGE][FAILED] - Unable to click on object 'Object Repository/Service/ServiceOrder/CreditCardSplitTender/SplitTender.ExpiryYearLine2' (Root cause: org.openqa.selenium.WebDriverException: Element <label class="Label TextOutputField" id="xiext815m000-4-grid-1-xiext805.exyr.rq-20-1-widget">0</label> is not clickable at point (939.5, 426.5333251953125). Other element would receive the click: <div class="WindowManagerGlass" style="z-index: 1;"></div>
Command duration or timeout: 106 milliseconds
Build info: version: '2.53.0', revision: '35ae25b', time: '2016-03-15 17:00:58'
System info: host: 'ANIL110', ip: '192.168.25.228', os.name: 'Windows 7', os.arch: 'amd64', os.version: '6.1', java.version: '1.8.0_102'
Driver info: com.kms.katalon.core.webui.driver.firefox.CFirefoxDriver47
Capabilities [{applicationCacheEnabled=true, rotatable=false, handlesAlerts=true, databaseEnabled=true, version=56.0, platform=WINDOWS, nativeEvents=false, acceptSslCerts=true, webStorageEnabled=true, locationContextEnabled=true, browserName=firefox, takesScreenshot=true, javascriptEnabled=true, cssSelectorsEnabled=true}]
Session ID: 53caf088-32d5-4e5d-9897-42c55e5b4c70)
[[ATTACHMENT|C:\\Users\\agawhande\\git\\CreditCard\\Reports\\CC_ServiceSplitTendetTestSuite\\20171124_192114\\1511532092354.png]]

2017-11-24 19:31:32 - [TEST_STEP][PASSED] - delay: Delayed 2 second(s)

2017-11-24 19:31:34 - [MESSAGE][PASSED] - Delayed 2 second(s)

2017-11-24 19:31:34 - [TEST_STEP][FAILED] - setText: Unable to set text '99' of object 'Object Repository/Service/ServiceOrder/CreditCardSplitTender/SplitTender.ExpiryYearLine2' (Root cause: org.openqa.selenium.InvalidElementStateException: Element must be user-editable in order to clear it.
Command duration or timeout: 26 milliseconds
Build info: version: '2.53.0', revision: '35ae25b', time: '2016-03-15 17:00:58'
System info: host: 'ANIL110', ip: '192.168.25.228', os.name: 'Windows 7', os.arch: 'amd64', os.version: '6.1', java.version: '1.8.0_102'
Driver info: com.kms.katalon.core.webui.driver.firefox.CFirefoxDriver47
Capabilities [{applicationCacheEnabled=true, rotatable=false, handlesAlerts=true, databaseEnabled=true, version=56.0, platform=WINDOWS, nativeEvents=false, acceptSslCerts=true, webStorageEnabled=true, locationContextEnabled=true, browserName=firefox, takesScreenshot=true, javascriptEnabled=true, cssSelectorsEnabled=true}]
Session ID: 53caf088-32d5-4e5d-9897-42c55e5b4c70)

2017-11-24 19:31:34 - [MESSAGE][FAILED] - Unable to set text '99' of object 'Object Repository/Service/ServiceOrder/CreditCardSplitTender/SplitTender.ExpiryYearLine2' (Root cause: org.openqa.selenium.InvalidElementStateException: Element must be user-editable in order to clear it.
Command duration or timeout: 26 milliseconds
Build info: version: '2.53.0', revision: '35ae25b', time: '2016-03-15 17:00:58'
System info: host: 'ANIL110', ip: '192.168.25.228', os.name: 'Windows 7', os.arch: 'amd64', os.version: '6.1', java.version: '1.8.0_102'
Driver info: com.kms.katalon.core.webui.driver.firefox.CFirefoxDriver47
Capabilities [{applicationCacheEnabled=true, rotatable=false, handlesAlerts=true, databaseEnabled=true, version=56.0, platform=WINDOWS, nativeEvents=false, acceptSslCerts=true, webStorageEnabled=true, locationContextEnabled=true, browserName=firefox, takesScreenshot=true, javascriptEnabled=true, cssSelectorsEnabled=true}]
Session ID: 53caf088-32d5-4e5d-9897-42c55e5b4c70)
[[ATTACHMENT|C:\\Users\\agawhande\\git\\CreditCard\\Reports\\CC_ServiceSplitTendetTestSuite\\20171124_192114\\1511532094579.png]]

2017-11-24 19:31:34 - [TEST_STEP][PASSED] - delay: Delayed 3 second(s)

2017-11-24 19:31:37 - [MESSAGE][PASSED] - Delayed 3 second(s)

2017-11-24 19:31:37 - [TEST_STEP][PASSED] - scrollToElement: Scroll to object 'Object Repository/Service/ServiceOrder/CreditCardSplitTender/SplitTender.LineOrderAmount2' successfully

2017-11-24 19:31:37 - [MESSAGE][PASSED] - Scroll to object 'Object Repository/Service/ServiceOrder/CreditCardSplitTender/SplitTender.LineOrderAmount2' successfully

2017-11-24 19:31:37 - [TEST_STEP][PASSED] - delay: Delayed 2 second(s)

2017-11-24 19:31:39 - [MESSAGE][PASSED] - Delayed 2 second(s)

2017-11-24 19:31:39 - [TEST_STEP][FAILED] - click: Unable to click on object 'Object Repository/Service/ServiceOrder/CreditCardSplitTender/SplitTender.LineOrderAmount2' (Root cause: org.openqa.selenium.WebDriverException: Element <label class="Label TextOutputField" id="xiext8105m000-4-grid-1-xiext805.oamt.rq-28-1-widget"></label> is not clickable at point (1281.5, 426.5333251953125). Other element would receive the click: <div class="WindowManagerGlass" style="z-index: 1;"></div>
Command duration or timeout: 91 milliseconds
Build info: version: '2.53.0', revision: '35ae25b', time: '2016-03-15 17:00:58'
System info: host: 'ANIL110', ip: '192.168.25.228', os.name: 'Windows 7', os.arch: 'amd64', os.version: '6.1', java.version: '1.8.0_102'
Driver info: com.kms.katalon.core.webui.driver.firefox.CFirefoxDriver47
Capabilities [{applicationCacheEnabled=true, rotatable=false, handlesAlerts=true, databaseEnabled=true, version=56.0, platform=WINDOWS, nativeEvents=false, acceptSslCerts=true, webStorageEnabled=true, locationContextEnabled=true, browserName=firefox, takesScreenshot=true, javascriptEnabled=true, cssSelectorsEnabled=true}]
Session ID: 53caf088-32d5-4e5d-9897-42c55e5b4c70)

2017-11-24 19:31:40 - [MESSAGE][FAILED] - Unable to click on object 'Object Repository/Service/ServiceOrder/CreditCardSplitTender/SplitTender.LineOrderAmount2' (Root cause: org.openqa.selenium.WebDriverException: Element <label class="Label TextOutputField" id="xiext8105m000-4-grid-1-xiext805.oamt.rq-28-1-widget"></label> is not clickable at point (1281.5, 426.5333251953125). Other element would receive the click: <div class="WindowManagerGlass" style="z-index: 1;"></div>
Command duration or timeout: 91 milliseconds
Build info: version: '2.53.0', revision: '35ae25b', time: '2016-03-15 17:00:58'
System info: host: 'ANIL110', ip: '192.168.25.228', os.name: 'Windows 7', os.arch: 'amd64', os.version: '6.1', java.version: '1.8.0_102'
Driver info: com.kms.katalon.core.webui.driver.firefox.CFirefoxDriver47
Capabilities [{applicationCacheEnabled=true, rotatable=false, handlesAlerts=true, databaseEnabled=true, version=56.0, platform=WINDOWS, nativeEvents=false, acceptSslCerts=true, webStorageEnabled=true, locationContextEnabled=true, browserName=firefox, takesScreenshot=true, javascriptEnabled=true, cssSelectorsEnabled=true}]
Session ID: 53caf088-32d5-4e5d-9897-42c55e5b4c70)
[[ATTACHMENT|C:\\Users\\agawhande\\git\\CreditCard\\Reports\\CC_ServiceSplitTendetTestSuite\\20171124_192114\\1511532100075.png]]

2017-11-24 19:31:40 - [TEST_STEP][PASSED] - delay: Delayed 2 second(s)

2017-11-24 19:31:42 - [MESSAGE][PASSED] - Delayed 2 second(s)

2017-11-24 19:31:42 - [TEST_STEP][FAILED] - setText: Unable to set text '1.00' of object 'Object Repository/Service/ServiceOrder/CreditCardSplitTender/SplitTender.LineOrderAmount2' (Root cause: org.openqa.selenium.InvalidElementStateException: Element must be user-editable in order to clear it.
Command duration or timeout: 25 milliseconds
Build info: version: '2.53.0', revision: '35ae25b', time: '2016-03-15 17:00:58'
System info: host: 'ANIL110', ip: '192.168.25.228', os.name: 'Windows 7', os.arch: 'amd64', os.version: '6.1', java.version: '1.8.0_102'
Driver info: com.kms.katalon.core.webui.driver.firefox.CFirefoxDriver47
Capabilities [{applicationCacheEnabled=true, rotatable=false, handlesAlerts=true, databaseEnabled=true, version=56.0, platform=WINDOWS, nativeEvents=false, acceptSslCerts=true, webStorageEnabled=true, locationContextEnabled=true, browserName=firefox, takesScreenshot=true, javascriptEnabled=true, cssSelectorsEnabled=true}]
Session ID: 53caf088-32d5-4e5d-9897-42c55e5b4c70)

2017-11-24 19:31:42 - [MESSAGE][FAILED] - Unable to set text '1.00' of object 'Object Repository/Service/ServiceOrder/CreditCardSplitTender/SplitTender.LineOrderAmount2' (Root cause: org.openqa.selenium.InvalidElementStateException: Element must be user-editable in order to clear it.
Command duration or timeout: 25 milliseconds
Build info: version: '2.53.0', revision: '35ae25b', time: '2016-03-15 17:00:58'
System info: host: 'ANIL110', ip: '192.168.25.228', os.name: 'Windows 7', os.arch: 'amd64', os.version: '6.1', java.version: '1.8.0_102'
Driver info: com.kms.katalon.core.webui.driver.firefox.CFirefoxDriver47
Capabilities [{applicationCacheEnabled=true, rotatable=false, handlesAlerts=true, databaseEnabled=true, version=56.0, platform=WINDOWS, nativeEvents=false, acceptSslCerts=true, webStorageEnabled=true, locationContextEnabled=true, browserName=firefox, takesScreenshot=true, javascriptEnabled=true, cssSelectorsEnabled=true}]
Session ID: 53caf088-32d5-4e5d-9897-42c55e5b4c70)
[[ATTACHMENT|C:\\Users\\agawhande\\git\\CreditCard\\Reports\\CC_ServiceSplitTendetTestSuite\\20171124_192114\\1511532102282.png]]

2017-11-24 19:31:42 - [TEST_STEP][PASSED] - delay: Delayed 2 second(s)

2017-11-24 19:31:44 - [MESSAGE][PASSED] - Delayed 2 second(s)

2017-11-24 19:31:44 - [TEST_STEP][PASSED] - comment: ***********************Line3 started***********************

2017-11-24 19:31:44 - [TEST_STEP][FAILED] - click: Unable to click on object 'Object Repository/Service/ServiceOrder/CreditCardSplitTender/SplitTender.NewButton' (Root cause: org.openqa.selenium.WebDriverException: Element <div tabindex="0" class="Button" id="xiext8105m000-4-button-std-file.new" draggable="true"></div> is not clickable at point (158.5, 128). Other element would receive the click: <div class="WindowManagerGlass" style="z-index: 1;"></div>
Command duration or timeout: 80 milliseconds
Build info: version: '2.53.0', revision: '35ae25b', time: '2016-03-15 17:00:58'
System info: host: 'ANIL110', ip: '192.168.25.228', os.name: 'Windows 7', os.arch: 'amd64', os.version: '6.1', java.version: '1.8.0_102'
Driver info: com.kms.katalon.core.webui.driver.firefox.CFirefoxDriver47
Capabilities [{applicationCacheEnabled=true, rotatable=false, handlesAlerts=true, databaseEnabled=true, version=56.0, platform=WINDOWS, nativeEvents=false, acceptSslCerts=true, webStorageEnabled=true, locationContextEnabled=true, browserName=firefox, takesScreenshot=true, javascriptEnabled=true, cssSelectorsEnabled=true}]
Session ID: 53caf088-32d5-4e5d-9897-42c55e5b4c70)

2017-11-24 19:31:44 - [MESSAGE][FAILED] - Unable to click on object 'Object Repository/Service/ServiceOrder/CreditCardSplitTender/SplitTender.NewButton' (Root cause: org.openqa.selenium.WebDriverException: Element <div tabindex="0" class="Button" id="xiext8105m000-4-button-std-file.new" draggable="true"></div> is not clickable at point (158.5, 128). Other element would receive the click: <div class="WindowManagerGlass" style="z-index: 1;"></div>
Command duration or timeout: 80 milliseconds
Build info: version: '2.53.0', revision: '35ae25b', time: '2016-03-15 17:00:58'
System info: host: 'ANIL110', ip: '192.168.25.228', os.name: 'Windows 7', os.arch: 'amd64', os.version: '6.1', java.version: '1.8.0_102'
Driver info: com.kms.katalon.core.webui.driver.firefox.CFirefoxDriver47
Capabilities [{applicationCacheEnabled=true, rotatable=false, handlesAlerts=true, databaseEnabled=true, version=56.0, platform=WINDOWS, nativeEvents=false, acceptSslCerts=true, webStorageEnabled=true, locationContextEnabled=true, browserName=firefox, takesScreenshot=true, javascriptEnabled=true, cssSelectorsEnabled=true}]
Session ID: 53caf088-32d5-4e5d-9897-42c55e5b4c70)
[[ATTACHMENT|C:\\Users\\agawhande\\git\\CreditCard\\Reports\\CC_ServiceSplitTendetTestSuite\\20171124_192114\\1511532104559.png]]

2017-11-24 19:31:44 - [TEST_STEP][PASSED] - delay: Delayed 3 second(s)

2017-11-24 19:31:47 - [MESSAGE][PASSED] - Delayed 3 second(s)

2017-11-24 19:31:47 - [TEST_STEP][FAILED] - doubleClick: Unable to double click on object 'Object Repository/Service/ServiceOrder/CreditCardSplitTender/SplitTender.ModeofPayment2' (Root cause: com.kms.katalon.core.webui.exception.WebElementNotFoundException: Web element with id: 'Object Repository/Service/ServiceOrder/CreditCardSplitTender/SplitTender.ModeofPayment2' located by 'By.xpath: //*[@id = 'xiext8105m000-4-grid-1-xiext805.modp.rq-13-2-widget']' not found)

2017-11-24 19:32:19 - [MESSAGE][FAILED] - Unable to double click on object 'Object Repository/Service/ServiceOrder/CreditCardSplitTender/SplitTender.ModeofPayment2' (Root cause: com.kms.katalon.core.webui.exception.WebElementNotFoundException: Web element with id: 'Object Repository/Service/ServiceOrder/CreditCardSplitTender/SplitTender.ModeofPayment2' located by 'By.xpath: //*[@id = 'xiext8105m000-4-grid-1-xiext805.modp.rq-13-2-widget']' not found)
[[ATTACHMENT|C:\\Users\\agawhande\\git\\CreditCard\\Reports\\CC_ServiceSplitTendetTestSuite\\20171124_192114\\1511532139474.png]]

2017-11-24 19:32:19 - [TEST_STEP][PASSED] - delay: Delayed 2 second(s)

2017-11-24 19:32:21 - [MESSAGE][PASSED] - Delayed 2 second(s)

2017-11-24 19:32:21 - [TEST_STEP][FAILED] - click: Unable to click on object 'Object Repository/Service/ServiceOrder/CreditCardSplitTender/SplitTender.ModeOfPaymentCash' (Root cause: com.kms.katalon.core.webui.exception.WebElementNotFoundException: Web element with id: 'Object Repository/Service/ServiceOrder/CreditCardSplitTender/SplitTender.ModeOfPaymentCash' located by 'By.xpath: //*[@id = 'item_1-label']' not found)

2017-11-24 19:32:53 - [MESSAGE][FAILED] - Unable to click on object 'Object Repository/Service/ServiceOrder/CreditCardSplitTender/SplitTender.ModeOfPaymentCash' (Root cause: com.kms.katalon.core.webui.exception.WebElementNotFoundException: Web element with id: 'Object Repository/Service/ServiceOrder/CreditCardSplitTender/SplitTender.ModeOfPaymentCash' located by 'By.xpath: //*[@id = 'item_1-label']' not found)
[[ATTACHMENT|C:\\Users\\agawhande\\git\\CreditCard\\Reports\\CC_ServiceSplitTendetTestSuite\\20171124_192114\\1511532173834.png]]

2017-11-24 19:32:53 - [TEST_STEP][PASSED] - delay: Delayed 10 second(s)

2017-11-24 19:33:03 - [MESSAGE][PASSED] - Delayed 10 second(s)

2017-11-24 19:33:03 - [TEST_STEP][NOT_RUN] - scrollToElement: NOT_RUN: scrollToElement

2017-11-24 19:33:03 - [MESSAGE][NOT_RUN] - NOT_RUN: scrollToElement

2017-11-24 19:33:03 - [TEST_STEP][FAILED] - click: Unable to click on object 'Object Repository/Service/ServiceOrder/CreditCardSplitTender/SplitTender.LineOrderAmount3' (Root cause: com.kms.katalon.core.webui.exception.WebElementNotFoundException: Web element with id: 'Object Repository/Service/ServiceOrder/CreditCardSplitTender/SplitTender.LineOrderAmount3' located by 'By.xpath: //*[@id = 'xiext8105m000-4-grid-1-xiext805.oamt.rq-28-2-widget']' not found)

2017-11-24 19:33:36 - [MESSAGE][FAILED] - Unable to click on object 'Object Repository/Service/ServiceOrder/CreditCardSplitTender/SplitTender.LineOrderAmount3' (Root cause: com.kms.katalon.core.webui.exception.WebElementNotFoundException: Web element with id: 'Object Repository/Service/ServiceOrder/CreditCardSplitTender/SplitTender.LineOrderAmount3' located by 'By.xpath: //*[@id = 'xiext8105m000-4-grid-1-xiext805.oamt.rq-28-2-widget']' not found)
[[ATTACHMENT|C:\\Users\\agawhande\\git\\CreditCard\\Reports\\CC_ServiceSplitTendetTestSuite\\20171124_192114\\1511532215940.png]]

2017-11-24 19:33:36 - [TEST_STEP][PASSED] - delay: Delayed 2 second(s)

2017-11-24 19:33:38 - [MESSAGE][PASSED] - Delayed 2 second(s)

2017-11-24 19:33:38 - [TEST_STEP][FAILED] - setText: Unable to set text '12.0' of object 'Object Repository/Service/ServiceOrder/CreditCardSplitTender/SplitTender.LineOrderAmount3' (Root cause: com.kms.katalon.core.webui.exception.WebElementNotFoundException: Web element with id: 'Object Repository/Service/ServiceOrder/CreditCardSplitTender/SplitTender.LineOrderAmount3' located by 'By.xpath: //*[@id = 'xiext8105m000-4-grid-1-xiext805.oamt.rq-28-2-widget']' not found)

2017-11-24 19:34:10 - [MESSAGE][FAILED] - Unable to set text '12.0' of object 'Object Repository/Service/ServiceOrder/CreditCardSplitTender/SplitTender.LineOrderAmount3' (Root cause: com.kms.katalon.core.webui.exception.WebElementNotFoundException: Web element with id: 'Object Repository/Service/ServiceOrder/CreditCardSplitTender/SplitTender.LineOrderAmount3' located by 'By.xpath: //*[@id = 'xiext8105m000-4-grid-1-xiext805.oamt.rq-28-2-widget']' not found)
[[ATTACHMENT|C:\\Users\\agawhande\\git\\CreditCard\\Reports\\CC_ServiceSplitTendetTestSuite\\20171124_192114\\1511532250116.png]]

2017-11-24 19:34:10 - [TEST_STEP][PASSED] - delay: Delayed 2 second(s)

2017-11-24 19:34:12 - [MESSAGE][PASSED] - Delayed 2 second(s)

2017-11-24 19:34:12 - [TEST_STEP][FAILED] - click: Unable to click on object 'Object Repository/Service/ServiceOrder/CreditCardSplitTender/SplitTender.Save' (Root cause: org.openqa.selenium.WebDriverException: Element <div tabindex="0" class="Button" id="xiext8105m000-4-button-std-file.save" draggable="true"></div> is not clickable at point (100.5, 128). Other element would receive the click: <div class="WindowManagerGlass" style="z-index: 1;"></div>
Command duration or timeout: 77 milliseconds
Build info: version: '2.53.0', revision: '35ae25b', time: '2016-03-15 17:00:58'
System info: host: 'ANIL110', ip: '192.168.25.228', os.name: 'Windows 7', os.arch: 'amd64', os.version: '6.1', java.version: '1.8.0_102'
Driver info: com.kms.katalon.core.webui.driver.firefox.CFirefoxDriver47
Capabilities [{applicationCacheEnabled=true, rotatable=false, handlesAlerts=true, databaseEnabled=true, version=56.0, platform=WINDOWS, nativeEvents=false, acceptSslCerts=true, webStorageEnabled=true, locationContextEnabled=true, browserName=firefox, takesScreenshot=true, javascriptEnabled=true, cssSelectorsEnabled=true}]
Session ID: 53caf088-32d5-4e5d-9897-42c55e5b4c70)

2017-11-24 19:34:12 - [MESSAGE][FAILED] - Unable to click on object 'Object Repository/Service/ServiceOrder/CreditCardSplitTender/SplitTender.Save' (Root cause: org.openqa.selenium.WebDriverException: Element <div tabindex="0" class="Button" id="xiext8105m000-4-button-std-file.save" draggable="true"></div> is not clickable at point (100.5, 128). Other element would receive the click: <div class="WindowManagerGlass" style="z-index: 1;"></div>
Command duration or timeout: 77 milliseconds
Build info: version: '2.53.0', revision: '35ae25b', time: '2016-03-15 17:00:58'
System info: host: 'ANIL110', ip: '192.168.25.228', os.name: 'Windows 7', os.arch: 'amd64', os.version: '6.1', java.version: '1.8.0_102'
Driver info: com.kms.katalon.core.webui.driver.firefox.CFirefoxDriver47
Capabilities [{applicationCacheEnabled=true, rotatable=false, handlesAlerts=true, databaseEnabled=true, version=56.0, platform=WINDOWS, nativeEvents=false, acceptSslCerts=true, webStorageEnabled=true, locationContextEnabled=true, browserName=firefox, takesScreenshot=true, javascriptEnabled=true, cssSelectorsEnabled=true}]
Session ID: 53caf088-32d5-4e5d-9897-42c55e5b4c70)
[[ATTACHMENT|C:\\Users\\agawhande\\git\\CreditCard\\Reports\\CC_ServiceSplitTendetTestSuite\\20171124_192114\\1511532252381.png]]

2017-11-24 19:34:12 - [TEST_STEP][PASSED] - delay: Delayed 3 second(s)

2017-11-24 19:34:15 - [MESSAGE][PASSED] - Delayed 3 second(s)

2017-11-24 19:34:15 - [TEST_STEP][FAILED] - click: Unable to click on object 'Object Repository/Service/ServiceOrder/CreditCardSplitTender/SplitTender.Action' (Root cause: org.openqa.selenium.WebDriverException: Element <div tabindex="0" class="Button MenuButton TextButton" id="xiext8105m000-4-button-std:action" draggable="true"></div> is not clickable at point (793.5, 128.01666259765625). Other element would receive the click: <div class="WindowManagerGlass" style="z-index: 1;"></div>
Command duration or timeout: 74 milliseconds
Build info: version: '2.53.0', revision: '35ae25b', time: '2016-03-15 17:00:58'
System info: host: 'ANIL110', ip: '192.168.25.228', os.name: 'Windows 7', os.arch: 'amd64', os.version: '6.1', java.version: '1.8.0_102'
Driver info: com.kms.katalon.core.webui.driver.firefox.CFirefoxDriver47
Capabilities [{applicationCacheEnabled=true, rotatable=false, handlesAlerts=true, databaseEnabled=true, version=56.0, platform=WINDOWS, nativeEvents=false, acceptSslCerts=true, webStorageEnabled=true, locationContextEnabled=true, browserName=firefox, takesScreenshot=true, javascriptEnabled=true, cssSelectorsEnabled=true}]
Session ID: 53caf088-32d5-4e5d-9897-42c55e5b4c70)

2017-11-24 19:34:15 - [MESSAGE][FAILED] - Unable to click on object 'Object Repository/Service/ServiceOrder/CreditCardSplitTender/SplitTender.Action' (Root cause: org.openqa.selenium.WebDriverException: Element <div tabindex="0" class="Button MenuButton TextButton" id="xiext8105m000-4-button-std:action" draggable="true"></div> is not clickable at point (793.5, 128.01666259765625). Other element would receive the click: <div class="WindowManagerGlass" style="z-index: 1;"></div>
Command duration or timeout: 74 milliseconds
Build info: version: '2.53.0', revision: '35ae25b', time: '2016-03-15 17:00:58'
System info: host: 'ANIL110', ip: '192.168.25.228', os.name: 'Windows 7', os.arch: 'amd64', os.version: '6.1', java.version: '1.8.0_102'
Driver info: com.kms.katalon.core.webui.driver.firefox.CFirefoxDriver47
Capabilities [{applicationCacheEnabled=true, rotatable=false, handlesAlerts=true, databaseEnabled=true, version=56.0, platform=WINDOWS, nativeEvents=false, acceptSslCerts=true, webStorageEnabled=true, locationContextEnabled=true, browserName=firefox, takesScreenshot=true, javascriptEnabled=true, cssSelectorsEnabled=true}]
Session ID: 53caf088-32d5-4e5d-9897-42c55e5b4c70)
[[ATTACHMENT|C:\\Users\\agawhande\\git\\CreditCard\\Reports\\CC_ServiceSplitTendetTestSuite\\20171124_192114\\1511532255615.png]]

2017-11-24 19:34:15 - [TEST_STEP][PASSED] - delay: Delayed 2 second(s)

2017-11-24 19:34:17 - [MESSAGE][PASSED] - Delayed 2 second(s)

2017-11-24 19:34:17 - [TEST_STEP][FAILED] - click: Unable to click on object 'Object Repository/Service/ServiceOrder/CreditCardSplitTender/SplitTender.ApplyTax' (Root cause: com.kms.katalon.core.webui.exception.WebElementNotFoundException: Web element with id: 'Object Repository/Service/ServiceOrder/CreditCardSplitTender/SplitTender.ApplyTax' located by 'By.xpath: //*[@id = 'xiext8105m000-4-menu-std:action-form-apply.tax']' not found)

2017-11-24 19:34:49 - [MESSAGE][FAILED] - Unable to click on object 'Object Repository/Service/ServiceOrder/CreditCardSplitTender/SplitTender.ApplyTax' (Root cause: com.kms.katalon.core.webui.exception.WebElementNotFoundException: Web element with id: 'Object Repository/Service/ServiceOrder/CreditCardSplitTender/SplitTender.ApplyTax' located by 'By.xpath: //*[@id = 'xiext8105m000-4-menu-std:action-form-apply.tax']' not found)
[[ATTACHMENT|C:\\Users\\agawhande\\git\\CreditCard\\Reports\\CC_ServiceSplitTendetTestSuite\\20171124_192114\\1511532289694.png]]

2017-11-24 19:34:49 - [TEST_STEP][PASSED] - delay: Delayed 2 second(s)

2017-11-24 19:34:51 - [MESSAGE][PASSED] - Delayed 2 second(s)

2017-11-24 19:34:51 - [TEST_STEP][PASSED] - Statement - G_SplitInvoiceAmt1 = com.kms.katalon.core.webui.keyword.WebUiBuiltInKeywords.getText(com.kms.katalon.core.testobject.ObjectRepository.findTestObject(Service/ServiceOrder/CreditCardSplitTender/SplitTender.InvoiceAmt1)): Text of object 'Object Repository/Service/ServiceOrder/CreditCardSplitTender/SplitTender.InvoiceAmt1' is: '1.00'

2017-11-24 19:34:51 - [MESSAGE][PASSED] - Text of object 'Object Repository/Service/ServiceOrder/CreditCardSplitTender/SplitTender.InvoiceAmt1' is: '1.00'

2017-11-24 19:34:51 - [TEST_STEP][PASSED] - Statement - G_SplitInvoiceAmt2 = com.kms.katalon.core.webui.keyword.WebUiBuiltInKeywords.getText(com.kms.katalon.core.testobject.ObjectRepository.findTestObject(Service/ServiceOrder/CreditCardSplitTender/SplitTender.InvoiceAmt2)): Text of object 'Object Repository/Service/ServiceOrder/CreditCardSplitTender/SplitTender.InvoiceAmt2' is: '0.00'

2017-11-24 19:34:51 - [MESSAGE][PASSED] - Text of object 'Object Repository/Service/ServiceOrder/CreditCardSplitTender/SplitTender.InvoiceAmt2' is: '0.00'

2017-11-24 19:34:51 - [TEST_STEP][FAILED] - click: Unable to click on object 'Object Repository/Service/ServiceOrder/CreditCardSplitTender/SplitTender.SaveClose' (Root cause: org.openqa.selenium.WebDriverException: Element <div tabindex="0" class="Button" id="xiext8105m000-4-button-std-file.save_and_close" draggable="true"></div> is not clickable at point (71.5, 128). Other element would receive the click: <div class="WindowManagerGlass" style="z-index: 1;"></div>
Command duration or timeout: 70 milliseconds
Build info: version: '2.53.0', revision: '35ae25b', time: '2016-03-15 17:00:58'
System info: host: 'ANIL110', ip: '192.168.25.228', os.name: 'Windows 7', os.arch: 'amd64', os.version: '6.1', java.version: '1.8.0_102'
Driver info: com.kms.katalon.core.webui.driver.firefox.CFirefoxDriver47
Capabilities [{applicationCacheEnabled=true, rotatable=false, handlesAlerts=true, databaseEnabled=true, version=56.0, platform=WINDOWS, nativeEvents=false, acceptSslCerts=true, webStorageEnabled=true, locationContextEnabled=true, browserName=firefox, takesScreenshot=true, javascriptEnabled=true, cssSelectorsEnabled=true}]
Session ID: 53caf088-32d5-4e5d-9897-42c55e5b4c70)

2017-11-24 19:34:52 - [MESSAGE][FAILED] - Unable to click on object 'Object Repository/Service/ServiceOrder/CreditCardSplitTender/SplitTender.SaveClose' (Root cause: org.openqa.selenium.WebDriverException: Element <div tabindex="0" class="Button" id="xiext8105m000-4-button-std-file.save_and_close" draggable="true"></div> is not clickable at point (71.5, 128). Other element would receive the click: <div class="WindowManagerGlass" style="z-index: 1;"></div>
Command duration or timeout: 70 milliseconds
Build info: version: '2.53.0', revision: '35ae25b', time: '2016-03-15 17:00:58'
System info: host: 'ANIL110', ip: '192.168.25.228', os.name: 'Windows 7', os.arch: 'amd64', os.version: '6.1', java.version: '1.8.0_102'
Driver info: com.kms.katalon.core.webui.driver.firefox.CFirefoxDriver47
Capabilities [{applicationCacheEnabled=true, rotatable=false, handlesAlerts=true, databaseEnabled=true, version=56.0, platform=WINDOWS, nativeEvents=false, acceptSslCerts=true, webStorageEnabled=true, locationContextEnabled=true, browserName=firefox, takesScreenshot=true, javascriptEnabled=true, cssSelectorsEnabled=true}]
Session ID: 53caf088-32d5-4e5d-9897-42c55e5b4c70)
[[ATTACHMENT|C:\\Users\\agawhande\\git\\CreditCard\\Reports\\CC_ServiceSplitTendetTestSuite\\20171124_192114\\1511532292074.png]]

2017-11-24 19:34:52 - [TEST_STEP][PASSED] - delay: Delayed 2 second(s)

2017-11-24 19:34:54 - [MESSAGE][PASSED] - Delayed 2 second(s)

2017-11-24 19:34:54 - [TEST_STEP][FAILED] - click: Unable to click on object 'Object Repository/Service/ServiceOrder/ServiceCreditCard/ServiceCreditCard.Process' (Root cause: org.openqa.selenium.WebDriverException: Element <div tabindex="0" class="Button TextButton" id="xiext6102m000-3-button-form-process.cc.payment" draggable="true"></div> is not clickable at point (212, 123). Other element would receive the click: <div class="WindowManagerGlass" style="z-index: 1;"></div>
Command duration or timeout: 83 milliseconds
Build info: version: '2.53.0', revision: '35ae25b', time: '2016-03-15 17:00:58'
System info: host: 'ANIL110', ip: '192.168.25.228', os.name: 'Windows 7', os.arch: 'amd64', os.version: '6.1', java.version: '1.8.0_102'
Driver info: com.kms.katalon.core.webui.driver.firefox.CFirefoxDriver47
Capabilities [{applicationCacheEnabled=true, rotatable=false, handlesAlerts=true, databaseEnabled=true, version=56.0, platform=WINDOWS, nativeEvents=false, acceptSslCerts=true, webStorageEnabled=true, locationContextEnabled=true, browserName=firefox, takesScreenshot=true, javascriptEnabled=true, cssSelectorsEnabled=true}]
Session ID: 53caf088-32d5-4e5d-9897-42c55e5b4c70)

2017-11-24 19:34:54 - [MESSAGE][FAILED] - Unable to click on object 'Object Repository/Service/ServiceOrder/ServiceCreditCard/ServiceCreditCard.Process' (Root cause: org.openqa.selenium.WebDriverException: Element <div tabindex="0" class="Button TextButton" id="xiext6102m000-3-button-form-process.cc.payment" draggable="true"></div> is not clickable at point (212, 123). Other element would receive the click: <div class="WindowManagerGlass" style="z-index: 1;"></div>
Command duration or timeout: 83 milliseconds
Build info: version: '2.53.0', revision: '35ae25b', time: '2016-03-15 17:00:58'
System info: host: 'ANIL110', ip: '192.168.25.228', os.name: 'Windows 7', os.arch: 'amd64', os.version: '6.1', java.version: '1.8.0_102'
Driver info: com.kms.katalon.core.webui.driver.firefox.CFirefoxDriver47
Capabilities [{applicationCacheEnabled=true, rotatable=false, handlesAlerts=true, databaseEnabled=true, version=56.0, platform=WINDOWS, nativeEvents=false, acceptSslCerts=true, webStorageEnabled=true, locationContextEnabled=true, browserName=firefox, takesScreenshot=true, javascriptEnabled=true, cssSelectorsEnabled=true}]
Session ID: 53caf088-32d5-4e5d-9897-42c55e5b4c70)
[[ATTACHMENT|C:\\Users\\agawhande\\git\\CreditCard\\Reports\\CC_ServiceSplitTendetTestSuite\\20171124_192114\\1511532294360.png]]

2017-11-24 19:34:54 - [TEST_STEP][PASSED] - delay: Delayed 13 second(s)

2017-11-24 19:35:07 - [MESSAGE][PASSED] - Delayed 13 second(s)

2017-11-24 19:35:07 - [TEST_STEP][FAILED] - click: Unable to click on object 'Object Repository/Service/ServiceOrder/CreditCardSplitTender/SplitTender.PrintOK' (Root cause: com.kms.katalon.core.webui.exception.WebElementNotFoundException: Web element with id: 'Object Repository/Service/ServiceOrder/CreditCardSplitTender/SplitTender.PrintOK' located by 'By.xpath: //*[@id = 'tsext4100m300-5-button-std-file.save_and_close']' not found)

2017-11-24 19:35:39 - [MESSAGE][FAILED] - Unable to click on object 'Object Repository/Service/ServiceOrder/CreditCardSplitTender/SplitTender.PrintOK' (Root cause: com.kms.katalon.core.webui.exception.WebElementNotFoundException: Web element with id: 'Object Repository/Service/ServiceOrder/CreditCardSplitTender/SplitTender.PrintOK' located by 'By.xpath: //*[@id = 'tsext4100m300-5-button-std-file.save_and_close']' not found)
[[ATTACHMENT|C:\\Users\\agawhande\\git\\CreditCard\\Reports\\CC_ServiceSplitTendetTestSuite\\20171124_192114\\1511532339499.png]]

2017-11-24 19:35:39 - [TEST_STEP][PASSED] - delay: Delayed 10 second(s)

2017-11-24 19:35:49 - [MESSAGE][PASSED] - Delayed 10 second(s)

2017-11-24 19:35:49 - [TEST_STEP][FAILED] - click: Unable to click on object 'Object Repository/Service/ServiceOrder/CreditCardSplitTender/SplitTender.PrintDevice' (Root cause: com.kms.katalon.core.webui.exception.WebElementNotFoundException: Web element with id: 'Object Repository/Service/ServiceOrder/CreditCardSplitTender/SplitTender.PrintDevice' located by 'By.xpath: //*[@id = 'ttstpsplopen-6-button-form-exec.cont.process']' not found)

2017-11-24 19:36:23 - [MESSAGE][FAILED] - Unable to click on object 'Object Repository/Service/ServiceOrder/CreditCardSplitTender/SplitTender.PrintDevice' (Root cause: com.kms.katalon.core.webui.exception.WebElementNotFoundException: Web element with id: 'Object Repository/Service/ServiceOrder/CreditCardSplitTender/SplitTender.PrintDevice' located by 'By.xpath: //*[@id = 'ttstpsplopen-6-button-form-exec.cont.process']' not found)
[[ATTACHMENT|C:\\Users\\agawhande\\git\\CreditCard\\Reports\\CC_ServiceSplitTendetTestSuite\\20171124_192114\\1511532383149.png]]

2017-11-24 19:36:23 - [TEST_STEP][PASSED] - delay: Delayed 5 second(s)

2017-11-24 19:36:28 - [MESSAGE][PASSED] - Delayed 5 second(s)

2017-11-24 19:36:28 - [MESSAGE][FAILED] - Unable to call Test Case with id 'Test Cases/Service/BaseTestCases/Base_Service_HeaderInvoice_SplitTender' (Root cause: Call Test Case 'Test Cases/Service/BaseTestCases/Base_Service_HeaderInvoice_SplitTender' failed)

2017-11-24 19:36:28 - [TEST_STEP][FAILED] - callTestCase: Unable to call Test Case with id 'Test Cases/Service/BaseTestCases/Base_Service_GetInvoice_SplitTender' (Root cause: Call Test Case 'Test Cases/Service/BaseTestCases/Base_Service_GetInvoice_SplitTender' failed)

2017-11-24 19:36:28 - [TEST_CASE][FAILED] - Test Cases/Service/BaseTestCases/Base_Service_GetInvoice_SplitTender: Test Cases/Service/BaseTestCases/Base_Service_GetInvoice_SplitTender FAILED because (of) Unable to click on object 'Object Repository/Service/ServiceOrder/VerifyServiceOrderInvoice_SplitTender/ServiceOrderHeader.InvoiceButton' (Root cause: org.openqa.selenium.WebDriverException: Element <div tabindex="0" class="Button FormButton Transparent" id="tssoc2100m001-0-show.invoices" style="position: absolute; left: 1287px; top: 48px; overflow: hidden; width: 28px;"></div> is not clickable at point (1223, 191). Other element would receive the click: <div class="WindowManagerGlass" style="z-index: 1;"></div>
Command duration or timeout: 73 milliseconds
Build info: version: '2.53.0', revision: '35ae25b', time: '2016-03-15 17:00:58'
System info: host: 'ANIL110', ip: '192.168.25.228', os.name: 'Windows 7', os.arch: 'amd64', os.version: '6.1', java.version: '1.8.0_102'
Driver info: com.kms.katalon.core.webui.driver.firefox.CFirefoxDriver47
Capabilities [{applicationCacheEnabled=true, rotatable=false, handlesAlerts=true, databaseEnabled=true, version=56.0, platform=WINDOWS, nativeEvents=false, acceptSslCerts=true, webStorageEnabled=true, locationContextEnabled=true, browserName=firefox, takesScreenshot=true, javascriptEnabled=true, cssSelectorsEnabled=true}]
Session ID: 53caf088-32d5-4e5d-9897-42c55e5b4c70)

2017-11-24 19:36:28 - [TEST_STEP][PASSED] - delay: Delayed 3 second(s)

2017-11-24 19:36:31 - [MESSAGE][PASSED] - Delayed 3 second(s)

2017-11-24 19:36:31 - [TEST_STEP][PASSED] - click: Object: 'Object Repository/Service/ServiceOrder/VerifyServiceOrderInvoice_SplitTender/ServiceorderHeader.HeaderSession' is clicked on

2017-11-24 19:36:31 - [MESSAGE][PASSED] - Object: 'Object Repository/Service/ServiceOrder/VerifyServiceOrderInvoice_SplitTender/ServiceorderHeader.HeaderSession' is clicked on

2017-11-24 19:36:31 - [TEST_STEP][FAILED] - click: Unable to click on object 'Object Repository/Service/ServiceOrder/VerifyServiceOrderInvoice_SplitTender/ServiceOrderHeader.InvoiceButton' (Root cause: org.openqa.selenium.WebDriverException: Element <div tabindex="0" class="Button FormButton Transparent" id="tssoc2100m001-0-show.invoices" style="position: absolute; left: 1287px; top: 48px; overflow: hidden; width: 28px;"></div> is not clickable at point (1223, 191). Other element would receive the click: <div class="WindowManagerGlass" style="z-index: 1;"></div>
Command duration or timeout: 73 milliseconds
Build info: version: '2.53.0', revision: '35ae25b', time: '2016-03-15 17:00:58'
System info: host: 'ANIL110', ip: '192.168.25.228', os.name: 'Windows 7', os.arch: 'amd64', os.version: '6.1', java.version: '1.8.0_102'
Driver info: com.kms.katalon.core.webui.driver.firefox.CFirefoxDriver47
Capabilities [{applicationCacheEnabled=true, rotatable=false, handlesAlerts=true, databaseEnabled=true, version=56.0, platform=WINDOWS, nativeEvents=false, acceptSslCerts=true, webStorageEnabled=true, locationContextEnabled=true, browserName=firefox, takesScreenshot=true, javascriptEnabled=true, cssSelectorsEnabled=true}]
Session ID: 53caf088-32d5-4e5d-9897-42c55e5b4c70)

2017-11-24 19:36:31 - [MESSAGE][FAILED] - Unable to click on object 'Object Repository/Service/ServiceOrder/VerifyServiceOrderInvoice_SplitTender/ServiceOrderHeader.InvoiceButton' (Root cause: org.openqa.selenium.WebDriverException: Element <div tabindex="0" class="Button FormButton Transparent" id="tssoc2100m001-0-show.invoices" style="position: absolute; left: 1287px; top: 48px; overflow: hidden; width: 28px;"></div> is not clickable at point (1223, 191). Other element would receive the click: <div class="WindowManagerGlass" style="z-index: 1;"></div>
Command duration or timeout: 73 milliseconds
Build info: version: '2.53.0', revision: '35ae25b', time: '2016-03-15 17:00:58'
System info: host: 'ANIL110', ip: '192.168.25.228', os.name: 'Windows 7', os.arch: 'amd64', os.version: '6.1', java.version: '1.8.0_102'
Driver info: com.kms.katalon.core.webui.driver.firefox.CFirefoxDriver47
Capabilities [{applicationCacheEnabled=true, rotatable=false, handlesAlerts=true, databaseEnabled=true, version=56.0, platform=WINDOWS, nativeEvents=false, acceptSslCerts=true, webStorageEnabled=true, locationContextEnabled=true, browserName=firefox, takesScreenshot=true, javascriptEnabled=true, cssSelectorsEnabled=true}]
Session ID: 53caf088-32d5-4e5d-9897-42c55e5b4c70)
[[ATTACHMENT|C:\\Users\\agawhande\\git\\CreditCard\\Reports\\CC_ServiceSplitTendetTestSuite\\20171124_192114\\1511532391705.png]]

2017-11-24 19:36:31 - [TEST_STEP][PASSED] - delay: Delayed 3 second(s)

2017-11-24 19:36:34 - [MESSAGE][PASSED] - Delayed 3 second(s)

2017-11-24 19:36:34 - [TEST_STEP][FAILED] - Statement - G_InvoiceTnxType = com.kms.katalon.core.webui.keyword.WebUiBuiltInKeywords.getText(com.kms.katalon.core.testobject.ObjectRepository.findTestObject(Service/ServiceOrder/VerifyServiceOrderInvoice_SplitTender/ServiceOrderHeader.Invoice1)): Unable to get text of object 'Object Repository/Service/ServiceOrder/VerifyServiceOrderInvoice_SplitTender/ServiceOrderHeader.Invoice1' (Root cause: com.kms.katalon.core.webui.exception.WebElementNotFoundException: Web element with id: 'Object Repository/Service/ServiceOrder/VerifyServiceOrderInvoice_SplitTender/ServiceOrderHeader.Invoice1' located by 'By.xpath: //*[@id = 'cisli2555m001-8-grid-1-cisli255.ityp-2-0-widget']' not found)

2017-11-24 19:37:06 - [MESSAGE][FAILED] - Unable to get text of object 'Object Repository/Service/ServiceOrder/VerifyServiceOrderInvoice_SplitTender/ServiceOrderHeader.Invoice1' (Root cause: com.kms.katalon.core.webui.exception.WebElementNotFoundException: Web element with id: 'Object Repository/Service/ServiceOrder/VerifyServiceOrderInvoice_SplitTender/ServiceOrderHeader.Invoice1' located by 'By.xpath: //*[@id = 'cisli2555m001-8-grid-1-cisli255.ityp-2-0-widget']' not found)
[[ATTACHMENT|C:\\Users\\agawhande\\git\\CreditCard\\Reports\\CC_ServiceSplitTendetTestSuite\\20171124_192114\\1511532426784.png]]

2017-11-24 19:37:06 - [TEST_STEP][PASSED] - delay: Delayed 3 second(s)

2017-11-24 19:37:09 - [MESSAGE][PASSED] - Delayed 3 second(s)

2017-11-24 19:37:09 - [TEST_STEP][FAILED] - Statement - G_InvoiceTnxNo = com.kms.katalon.core.webui.keyword.WebUiBuiltInKeywords.getText(com.kms.katalon.core.testobject.ObjectRepository.findTestObject(Service/ServiceOrder/VerifyServiceOrderInvoice_SplitTender/ServiceOrderHeader.Invoice2)): Unable to get text of object 'Object Repository/Service/ServiceOrder/VerifyServiceOrderInvoice_SplitTender/ServiceOrderHeader.Invoice2' (Root cause: com.kms.katalon.core.webui.exception.WebElementNotFoundException: Web element with id: 'Object Repository/Service/ServiceOrder/VerifyServiceOrderInvoice_SplitTender/ServiceOrderHeader.Invoice2' located by 'By.xpath: //*[@id = 'cisli2555m001-8-grid-1-cisli255.idoc-3-0-widget']' not found)

2017-11-24 19:37:42 - [MESSAGE][FAILED] - Unable to get text of object 'Object Repository/Service/ServiceOrder/VerifyServiceOrderInvoice_SplitTender/ServiceOrderHeader.Invoice2' (Root cause: com.kms.katalon.core.webui.exception.WebElementNotFoundException: Web element with id: 'Object Repository/Service/ServiceOrder/VerifyServiceOrderInvoice_SplitTender/ServiceOrderHeader.Invoice2' located by 'By.xpath: //*[@id = 'cisli2555m001-8-grid-1-cisli255.idoc-3-0-widget']' not found)
[[ATTACHMENT|C:\\Users\\agawhande\\git\\CreditCard\\Reports\\CC_ServiceSplitTendetTestSuite\\20171124_192114\\1511532461946.png]]

2017-11-24 19:37:42 - [TEST_STEP][FAILED] - Statement - G_InvoiceAmt = com.kms.katalon.core.webui.keyword.WebUiBuiltInKeywords.getText(com.kms.katalon.core.testobject.ObjectRepository.findTestObject(Service/ServiceOrder/VerifyServiceOrderInvoice_SplitTender/ServiceOrderHeader.InvoiceAmountHD)): Unable to get text of object 'Object Repository/Service/ServiceOrder/VerifyServiceOrderInvoice_SplitTender/ServiceOrderHeader.InvoiceAmountHD' (Root cause: com.kms.katalon.core.webui.exception.WebElementNotFoundException: Web element with id: 'Object Repository/Service/ServiceOrder/VerifyServiceOrderInvoice_SplitTender/ServiceOrderHeader.InvoiceAmountHD' located by 'By.xpath: //*[@id = 'cisli2555m001-8-grid-1-form.amnt-10-0']' not found)

2017-11-24 19:38:14 - [MESSAGE][FAILED] - Unable to get text of object 'Object Repository/Service/ServiceOrder/VerifyServiceOrderInvoice_SplitTender/ServiceOrderHeader.InvoiceAmountHD' (Root cause: com.kms.katalon.core.webui.exception.WebElementNotFoundException: Web element with id: 'Object Repository/Service/ServiceOrder/VerifyServiceOrderInvoice_SplitTender/ServiceOrderHeader.InvoiceAmountHD' located by 'By.xpath: //*[@id = 'cisli2555m001-8-grid-1-form.amnt-10-0']' not found)
[[ATTACHMENT|C:\\Users\\agawhande\\git\\CreditCard\\Reports\\CC_ServiceSplitTendetTestSuite\\20171124_192114\\1511532494072.png]]

2017-11-24 19:38:14 - [MESSAGE][FAILED] - Unable to call Test Case with id 'Test Cases/Service/BaseTestCases/Base_Service_GetInvoice_SplitTender' (Root cause: Call Test Case 'Test Cases/Service/BaseTestCases/Base_Service_GetInvoice_SplitTender' failed)

2017-11-24 19:38:14 - [TEST_STEP][FAILED] - callTestCase: Unable to call Test Case with id 'Test Cases/Finance/BaseTestCases/Base_Finance_CheckOpenEntriesForCCSplitPayments' (Root cause: Call Test Case 'Test Cases/Finance/BaseTestCases/Base_Finance_CheckOpenEntriesForCCSplitPayments' failed)

2017-11-24 19:38:14 - [TEST_CASE][FAILED] - Test Cases/Finance/BaseTestCases/Base_Finance_CheckOpenEntriesForCCSplitPayments: Test Cases/Finance/BaseTestCases/Base_Finance_CheckOpenEntriesForCCSplitPayments FAILED because (of) Unable to set text 'null' of object 'Object Repository/Finance/BaseTestCases_OpenEntries_Service/OpenEntries_DocumentType' (Root cause: java.lang.IllegalArgumentException: Text is null)

2017-11-24 19:38:14 - [TEST_STEP][PASSED] - callTestCase: Call Test Case 'Test Cases/Common/Base_Common_OpenSession' successfully

2017-11-24 19:38:14 - [TEST_CASE][PASSED] - Test Cases/Common/Base_Common_OpenSession: Test Cases/Common/Base_Common_OpenSession

2017-11-24 19:38:14 - [TEST_STEP][PASSED] - openBrowser: Browser is opened with url: 'https://rgajbhiye:Robin$123@proxima-ln4.e-emphasys.com:8441/webui/servlet/login'

2017-11-24 19:38:14 - [MESSAGE][WARNING] - A browser is already opened. Closing browser and opening a new one

2017-11-24 19:38:31 - [MESSAGE][PASSED] - Browser is opened with url: 'https://rgajbhiye:Robin$123@proxima-ln4.e-emphasys.com:8441/webui/servlet/login'

2017-11-24 19:38:31 - [TEST_STEP][PASSED] - waitForPageLoad: Wait for page load successfully

2017-11-24 19:38:31 - [MESSAGE][PASSED] - Wait for page load successfully

2017-11-24 19:38:31 - [TEST_STEP][PASSED] - maximizeWindow: Current window maximized

2017-11-24 19:38:31 - [MESSAGE][PASSED] - Current window maximized

2017-11-24 19:38:31 - [TEST_STEP][PASSED] - click: Object: 'Object Repository/Common/HomePage/HomePage_more' is clicked on

2017-11-24 19:38:37 - [MESSAGE][PASSED] - Object: 'Object Repository/Common/HomePage/HomePage_more' is clicked on

2017-11-24 19:38:37 - [TEST_STEP][PASSED] - click: Object: 'Object Repository/Common/HomePage/HomePage_Option' is clicked on

2017-11-24 19:38:37 - [MESSAGE][PASSED] - Object: 'Object Repository/Common/HomePage/HomePage_Option' is clicked on

2017-11-24 19:38:37 - [TEST_STEP][PASSED] - click: Object: 'Object Repository/Common/HomePage/HomePage_RunProgram_' is clicked on

2017-11-24 19:38:37 - [MESSAGE][PASSED] - Object: 'Object Repository/Common/HomePage/HomePage_RunProgram_' is clicked on

2017-11-24 19:38:37 - [TEST_STEP][PASSED] - sendKeys: Keys 'tfacr2520m000' sent to object: 'Object Repository/Common/HomePage/HomePage_Session_ID'

2017-11-24 19:38:37 - [MESSAGE][PASSED] - Keys 'tfacr2520m000' sent to object: 'Object Repository/Common/HomePage/HomePage_Session_ID'

2017-11-24 19:38:37 - [TEST_STEP][PASSED] - click: Object: 'Object Repository/Common/HomePage/HomePage_OkButton' is clicked on

2017-11-24 19:38:38 - [MESSAGE][PASSED] - Object: 'Object Repository/Common/HomePage/HomePage_OkButton' is clicked on

2017-11-24 19:38:38 - [MESSAGE][PASSED] - Call Test Case 'Test Cases/Common/Base_Common_OpenSession' successfully

2017-11-24 19:38:38 - [TEST_STEP][PASSED] - click: Object: 'Object Repository/Finance/BaseTestCases_OpenEntries_Service/OpenEntries_DocumentType' is clicked on

2017-11-24 19:38:41 - [MESSAGE][PASSED] - Object: 'Object Repository/Finance/BaseTestCases_OpenEntries_Service/OpenEntries_DocumentType' is clicked on

2017-11-24 19:38:41 - [TEST_STEP][PASSED] - click: Object: 'Object Repository/Finance/BaseTestCases_OpenEntries_Service/OpenEntries_DocumentNo' is clicked on

2017-11-24 19:38:41 - [MESSAGE][PASSED] - Object: 'Object Repository/Finance/BaseTestCases_OpenEntries_Service/OpenEntries_DocumentNo' is clicked on

2017-11-24 19:38:41 - [TEST_STEP][FAILED] - setText: Unable to set text 'null' of object 'Object Repository/Finance/BaseTestCases_OpenEntries_Service/OpenEntries_DocumentType' (Root cause: java.lang.IllegalArgumentException: Text is null)

2017-11-24 19:38:41 - [MESSAGE][FAILED] - Unable to set text 'null' of object 'Object Repository/Finance/BaseTestCases_OpenEntries_Service/OpenEntries_DocumentType' (Root cause: java.lang.IllegalArgumentException: Text is null)
[[ATTACHMENT|C:\\Users\\agawhande\\git\\CreditCard\\Reports\\CC_ServiceSplitTendetTestSuite\\20171124_192114\\1511532521381.png]]

2017-11-24 19:38:41 - [TEST_STEP][NOT_RUN] - sendKeys: NOT_RUN: sendKeys

2017-11-24 19:38:41 - [MESSAGE][NOT_RUN] - NOT_RUN: sendKeys

2017-11-24 19:38:41 - [TEST_STEP][NOT_RUN] - delay: NOT_RUN: delay

2017-11-24 19:38:41 - [MESSAGE][NOT_RUN] - NOT_RUN: delay

2017-11-24 19:38:41 - [TEST_STEP][FAILED] - setText: Unable to set text 'null' of object 'Object Repository/Finance/BaseTestCases_OpenEntries_Service/OpenEntries_DocumentNo' (Root cause: java.lang.IllegalArgumentException: Text is null)

2017-11-24 19:38:41 - [MESSAGE][FAILED] - Unable to set text 'null' of object 'Object Repository/Finance/BaseTestCases_OpenEntries_Service/OpenEntries_DocumentNo' (Root cause: java.lang.IllegalArgumentException: Text is null)
[[ATTACHMENT|C:\\Users\\agawhande\\git\\CreditCard\\Reports\\CC_ServiceSplitTendetTestSuite\\20171124_192114\\1511532521583.png]]

2017-11-24 19:38:41 - [TEST_STEP][NOT_RUN] - delay: NOT_RUN: delay

2017-11-24 19:38:41 - [MESSAGE][NOT_RUN] - NOT_RUN: delay

2017-11-24 19:38:41 - [TEST_STEP][NOT_RUN] - sendKeys: NOT_RUN: sendKeys

2017-11-24 19:38:41 - [MESSAGE][NOT_RUN] - NOT_RUN: sendKeys

2017-11-24 19:38:41 - [TEST_STEP][PASSED] - click: Object: 'Object Repository/Finance/BaseTestCases_OpenEntries_Service/OpenEntries_Action' is clicked on

2017-11-24 19:38:41 - [MESSAGE][PASSED] - Object: 'Object Repository/Finance/BaseTestCases_OpenEntries_Service/OpenEntries_Action' is clicked on

2017-11-24 19:38:41 - [TEST_STEP][PASSED] - click: Object: 'Object Repository/Finance/BaseTestCases_OpenEntries_Service/OpenEntries.FullyPaid' is clicked on

2017-11-24 19:38:42 - [MESSAGE][PASSED] - Object: 'Object Repository/Finance/BaseTestCases_OpenEntries_Service/OpenEntries.FullyPaid' is clicked on

2017-11-24 19:38:42 - [TEST_STEP][PASSED] - delay: Delayed 2 second(s)

2017-11-24 19:38:44 - [MESSAGE][PASSED] - Delayed 2 second(s)

2017-11-24 19:38:44 - [TEST_STEP][PASSED] - scrollToElement: Scroll to object 'Object Repository/Finance/BaseTestCases_OpenEntries_Service/OpenEntries.BalanceAmt' successfully

2017-11-24 19:38:44 - [MESSAGE][PASSED] - Scroll to object 'Object Repository/Finance/BaseTestCases_OpenEntries_Service/OpenEntries.BalanceAmt' successfully

2017-11-24 19:38:44 - [TEST_STEP][PASSED] - delay: Delayed 3 second(s)

2017-11-24 19:38:47 - [MESSAGE][PASSED] - Delayed 3 second(s)

2017-11-24 19:38:47 - [TEST_STEP][PASSED] - Statement - BalanceAmount = com.kms.katalon.core.webui.keyword.WebUiBuiltInKeywords.getText(com.kms.katalon.core.testobject.ObjectRepository.findTestObject(Finance/BaseTestCases_OpenEntries_Service/OpenEntries.BalanceAmt)): Text of object 'Object Repository/Finance/BaseTestCases_OpenEntries_Service/OpenEntries.BalanceAmt' is: '7.35'

2017-11-24 19:38:47 - [MESSAGE][PASSED] - Text of object 'Object Repository/Finance/BaseTestCases_OpenEntries_Service/OpenEntries.BalanceAmt' is: '7.35'

2017-11-24 19:38:47 - [TEST_STEP][FAILED] - verifyEqual: Unable to verify equal between actual object '7.35' and expected object '0.00' (Root cause: Actual object '7.35' and expected object '0.00' are not equal)

2017-11-24 19:38:47 - [MESSAGE][FAILED] - Unable to verify equal between actual object '7.35' and expected object '0.00' (Root cause: Actual object '7.35' and expected object '0.00' are not equal)

2017-11-24 19:38:47 - [TEST_STEP][PASSED] - click: Object: 'Object Repository/Finance/BaseTestCases_OpenEntries_Service/OpenEntries.Reference' is clicked on

2017-11-24 19:38:47 - [MESSAGE][PASSED] - Object: 'Object Repository/Finance/BaseTestCases_OpenEntries_Service/OpenEntries.Reference' is clicked on

2017-11-24 19:38:47 - [TEST_STEP][PASSED] - setText: Text '' is set on object 'Object Repository/Finance/BaseTestCases_OpenEntries_Service/OpenEntries_DocumentType'

2017-11-24 19:38:47 - [MESSAGE][PASSED] - Text '' is set on object 'Object Repository/Finance/BaseTestCases_OpenEntries_Service/OpenEntries_DocumentType'

2017-11-24 19:38:47 - [TEST_STEP][PASSED] - setText: Text '' is set on object 'Object Repository/Finance/BaseTestCases_OpenEntries_Service/OpenEntries_DocumentNo'

2017-11-24 19:38:47 - [MESSAGE][PASSED] - Text '' is set on object 'Object Repository/Finance/BaseTestCases_OpenEntries_Service/OpenEntries_DocumentNo'

2017-11-24 19:38:47 - [TEST_STEP][PASSED] - sendKeys: Keys 'TAB + ' sent to object: 'Object Repository/Finance/BaseTestCases_OpenEntries_Service/OpenEntries_DocumentType'

2017-11-24 19:38:47 - [MESSAGE][PASSED] - Keys 'TAB + ' sent to object: 'Object Repository/Finance/BaseTestCases_OpenEntries_Service/OpenEntries_DocumentType'

2017-11-24 19:38:47 - [TEST_STEP][PASSED] - sendKeys: Keys 'TAB + ' sent to object: 'Object Repository/Finance/BaseTestCases_OpenEntries_Service/OpenEntries_DocumentNo'

2017-11-24 19:38:47 - [MESSAGE][PASSED] - Keys 'TAB + ' sent to object: 'Object Repository/Finance/BaseTestCases_OpenEntries_Service/OpenEntries_DocumentNo'

2017-11-24 19:38:47 - [TEST_STEP][PASSED] - sendKeys: Keys 'M00000182 (null/null)' sent to object: 'Object Repository/Finance/BaseTestCases_OpenEntries_Service/OpenEntries.Reference'

2017-11-24 19:38:48 - [MESSAGE][PASSED] - Keys 'M00000182 (null/null)' sent to object: 'Object Repository/Finance/BaseTestCases_OpenEntries_Service/OpenEntries.Reference'

2017-11-24 19:38:48 - [TEST_STEP][PASSED] - click: Object: 'Object Repository/Finance/BaseTestCases_OpenEntries_Service/OpenEntries_DocumentNo' is clicked on

2017-11-24 19:38:48 - [MESSAGE][PASSED] - Object: 'Object Repository/Finance/BaseTestCases_OpenEntries_Service/OpenEntries_DocumentNo' is clicked on

2017-11-24 19:38:48 - [TEST_STEP][PASSED] - delay: Delayed 3 second(s)

2017-11-24 19:38:51 - [MESSAGE][PASSED] - Delayed 3 second(s)

2017-11-24 19:38:51 - [TEST_STEP][FAILED] - scrollToElement: Unable to scroll to object 'Object Repository/Finance/BaseTestCases_OpenEntries_Service/OpenEntries.BalanceAmt' (Root cause: com.kms.katalon.core.webui.exception.WebElementNotFoundException: Web element with id: 'Object Repository/Finance/BaseTestCases_OpenEntries_Service/OpenEntries.BalanceAmt' located by 'By.xpath: //*[@id = 'tfacr2520m000-0-grid-1-balc.ninv-20-0']' not found)

2017-11-24 19:39:23 - [MESSAGE][FAILED] - Unable to scroll to object 'Object Repository/Finance/BaseTestCases_OpenEntries_Service/OpenEntries.BalanceAmt' (Root cause: com.kms.katalon.core.webui.exception.WebElementNotFoundException: Web element with id: 'Object Repository/Finance/BaseTestCases_OpenEntries_Service/OpenEntries.BalanceAmt' located by 'By.xpath: //*[@id = 'tfacr2520m000-0-grid-1-balc.ninv-20-0']' not found)
[[ATTACHMENT|C:\\Users\\agawhande\\git\\CreditCard\\Reports\\CC_ServiceSplitTendetTestSuite\\20171124_192114\\1511532563281.png]]

2017-11-24 19:39:23 - [TEST_STEP][FAILED] - Statement - BalanceAmount = com.kms.katalon.core.webui.keyword.WebUiBuiltInKeywords.getText(com.kms.katalon.core.testobject.ObjectRepository.findTestObject(Finance/BaseTestCases_OpenEntries_Service/OpenEntries.BalanceAmt)): Unable to get text of object 'Object Repository/Finance/BaseTestCases_OpenEntries_Service/OpenEntries.BalanceAmt' (Root cause: com.kms.katalon.core.webui.exception.WebElementNotFoundException: Web element with id: 'Object Repository/Finance/BaseTestCases_OpenEntries_Service/OpenEntries.BalanceAmt' located by 'By.xpath: //*[@id = 'tfacr2520m000-0-grid-1-balc.ninv-20-0']' not found)

2017-11-24 19:39:55 - [MESSAGE][FAILED] - Unable to get text of object 'Object Repository/Finance/BaseTestCases_OpenEntries_Service/OpenEntries.BalanceAmt' (Root cause: com.kms.katalon.core.webui.exception.WebElementNotFoundException: Web element with id: 'Object Repository/Finance/BaseTestCases_OpenEntries_Service/OpenEntries.BalanceAmt' located by 'By.xpath: //*[@id = 'tfacr2520m000-0-grid-1-balc.ninv-20-0']' not found)
[[ATTACHMENT|C:\\Users\\agawhande\\git\\CreditCard\\Reports\\CC_ServiceSplitTendetTestSuite\\20171124_192114\\1511532595207.png]]

2017-11-24 19:39:55 - [TEST_STEP][FAILED] - verifyEqual: Unable to verify equal between actual object 'null' and expected object '1.00' (Root cause: Actual object 'null' and expected object '1.00' are not equal)

2017-11-24 19:39:55 - [MESSAGE][FAILED] - Unable to verify equal between actual object 'null' and expected object '1.00' (Root cause: Actual object 'null' and expected object '1.00' are not equal)

2017-11-24 19:39:55 - [TEST_STEP][FAILED] - Statement - BalanceAmount = com.kms.katalon.core.webui.keyword.WebUiBuiltInKeywords.getText(com.kms.katalon.core.testobject.ObjectRepository.findTestObject(Finance/BaseTestCases_OpenEntries_Service/OpenEntries_BalanceAmtLine2)): Unable to get text of object 'Object Repository/Finance/BaseTestCases_OpenEntries_Service/OpenEntries_BalanceAmtLine2' (Root cause: com.kms.katalon.core.webui.exception.WebElementNotFoundException: Web element with id: 'Object Repository/Finance/BaseTestCases_OpenEntries_Service/OpenEntries_BalanceAmtLine2' located by 'By.xpath: //*[@id = 'tfacr2520m000-0-grid-1-balc.ninv-20-1']' not found)

2017-11-24 19:40:27 - [MESSAGE][FAILED] - Unable to get text of object 'Object Repository/Finance/BaseTestCases_OpenEntries_Service/OpenEntries_BalanceAmtLine2' (Root cause: com.kms.katalon.core.webui.exception.WebElementNotFoundException: Web element with id: 'Object Repository/Finance/BaseTestCases_OpenEntries_Service/OpenEntries_BalanceAmtLine2' located by 'By.xpath: //*[@id = 'tfacr2520m000-0-grid-1-balc.ninv-20-1']' not found)
[[ATTACHMENT|C:\\Users\\agawhande\\git\\CreditCard\\Reports\\CC_ServiceSplitTendetTestSuite\\20171124_192114\\1511532627000.png]]

2017-11-24 19:40:27 - [TEST_STEP][FAILED] - verifyEqual: Unable to verify equal between actual object 'null' and expected object '1.00' (Root cause: Actual object 'null' and expected object '1.00' are not equal)

2017-11-24 19:40:27 - [MESSAGE][FAILED] - Unable to verify equal between actual object 'null' and expected object '1.00' (Root cause: Actual object 'null' and expected object '1.00' are not equal)

2017-11-24 19:40:27 - [TEST_STEP][PASSED] - delay: Delayed 3 second(s)

2017-11-24 19:40:30 - [MESSAGE][PASSED] - Delayed 3 second(s)

2017-11-24 19:40:30 - [TEST_STEP][PASSED] - closeBrowser: Browser is closed

2017-11-24 19:40:30 - [MESSAGE][PASSED] - Browser is closed

2017-11-24 19:40:30 - [MESSAGE][FAILED] - Unable to call Test Case with id 'Test Cases/Finance/BaseTestCases/Base_Finance_CheckOpenEntriesForCCSplitPayments' (Root cause: Call Test Case 'Test Cases/Finance/BaseTestCases/Base_Finance_CheckOpenEntriesForCCSplitPayments' failed)]]></system-out>
         <system-err><![CDATA[2017-11-24 19:28:01 - [TEST_CASE][FAILED] - Test Cases/Service/CreditCardRegression/TC002_Service_CreditCardSplitTender - Iteration 2: Test Cases/Service/CreditCardRegression/TC002_Service_CreditCardSplitTender FAILED because (of) Unable to set text '09' of object 'Object Repository/Service/ServiceOrder/CreditCardSplitTender/SplitTender.ExpiryMonthLine2' (Root cause: org.openqa.selenium.InvalidElementStateException: Element must be user-editable in order to clear it.
Command duration or timeout: 32 milliseconds
Build info: version: '2.53.0', revision: '35ae25b', time: '2016-03-15 17:00:58'
System info: host: 'ANIL110', ip: '192.168.25.228', os.name: 'Windows 7', os.arch: 'amd64', os.version: '6.1', java.version: '1.8.0_102'
Driver info: com.kms.katalon.core.webui.driver.firefox.CFirefoxDriver47
Capabilities [{applicationCacheEnabled=true, rotatable=false, handlesAlerts=true, databaseEnabled=true, version=56.0, platform=WINDOWS, nativeEvents=false, acceptSslCerts=true, webStorageEnabled=true, locationContextEnabled=true, browserName=firefox, takesScreenshot=true, javascriptEnabled=true, cssSelectorsEnabled=true}]
Session ID: 53caf088-32d5-4e5d-9897-42c55e5b4c70)]]></system-err>
      </testcase>
      <system-out><![CDATA[2017-11-24 19:21:37 - [TEST_SUITE][FAILED] - CC_ServiceSplitTendetTestSuite: Test Cases/Service/CreditCardRegression/TC002_Service_CreditCardSplitTender FAILED because (of) Unable to set text '09' of object 'Object Repository/Service/ServiceOrder/CreditCardSplitTender/SplitTender.ExpiryMonthLine2' (Root cause: org.openqa.selenium.InvalidElementStateException: Element must be user-editable in order to clear it.
Command duration or timeout: 32 milliseconds
Build info: version: '2.53.0', revision: '35ae25b', time: '2016-03-15 17:00:58'
System info: host: 'ANIL110', ip: '192.168.25.228', os.name: 'Windows 7', os.arch: 'amd64', os.version: '6.1', java.version: '1.8.0_102'
Driver info: com.kms.katalon.core.webui.driver.firefox.CFirefoxDriver47
Capabilities [{applicationCacheEnabled=true, rotatable=false, handlesAlerts=true, databaseEnabled=true, version=56.0, platform=WINDOWS, nativeEvents=false, acceptSslCerts=true, webStorageEnabled=true, locationContextEnabled=true, browserName=firefox, takesScreenshot=true, javascriptEnabled=true, cssSelectorsEnabled=true}]
Session ID: 53caf088-32d5-4e5d-9897-42c55e5b4c70)]]></system-out>
      <system-err><![CDATA[2017-11-24 19:21:37 - [TEST_SUITE][FAILED] - CC_ServiceSplitTendetTestSuite: Test Cases/Service/CreditCardRegression/TC002_Service_CreditCardSplitTender FAILED because (of) Unable to set text '09' of object 'Object Repository/Service/ServiceOrder/CreditCardSplitTender/SplitTender.ExpiryMonthLine2' (Root cause: org.openqa.selenium.InvalidElementStateException: Element must be user-editable in order to clear it.
Command duration or timeout: 32 milliseconds
Build info: version: '2.53.0', revision: '35ae25b', time: '2016-03-15 17:00:58'
System info: host: 'ANIL110', ip: '192.168.25.228', os.name: 'Windows 7', os.arch: 'amd64', os.version: '6.1', java.version: '1.8.0_102'
Driver info: com.kms.katalon.core.webui.driver.firefox.CFirefoxDriver47
Capabilities [{applicationCacheEnabled=true, rotatable=false, handlesAlerts=true, databaseEnabled=true, version=56.0, platform=WINDOWS, nativeEvents=false, acceptSslCerts=true, webStorageEnabled=true, locationContextEnabled=true, browserName=firefox, takesScreenshot=true, javascriptEnabled=true, cssSelectorsEnabled=true}]
Session ID: 53caf088-32d5-4e5d-9897-42c55e5b4c70)]]></system-err>
   </testsuite>
</testsuites>
