<?xml version="1.0" encoding="UTF-8"?>
<testsuites name="CC_PartsTestSuite" time="976" tests="2" failures="3" errors="0">
   <testsuite name="CC_PartsTestSuite" tests="2" failures="3" errors="0" time="976" timestamp="2017-11-17 11:32:11" hostname="rgajbhiye - EET-RG.e-emphasys.com" id="Test Suites/CC_PartsTestSuite">
      <properties>
         <property name="deviceName" value=""/>
         <property name="devicePlatform" value=""/>
         <property name="logFolder" value="C:\\Users\\rgajbhiye\\git\\CreditCard\\Reports\\CC_PartsTestSuite\\20171117_113204"/>
         <property name="logFiles" value="C:\\Users\\rgajbhiye\\git\\CreditCard\\Reports\\CC_PartsTestSuite\\20171117_113204\\execution0.log"/>
         <property name="attachments" value="C:\\Users\\rgajbhiye\\git\\CreditCard\\Reports\\CC_PartsTestSuite\\20171117_113204\\1510899084042.png, C:\\Users\\rgajbhiye\\git\\CreditCard\\Reports\\CC_PartsTestSuite\\20171117_113204\\1510899117878.png, C:\\Users\\rgajbhiye\\git\\CreditCard\\Reports\\CC_PartsTestSuite\\20171117_113204\\1510899433796.png, C:\\Users\\rgajbhiye\\git\\CreditCard\\Reports\\CC_PartsTestSuite\\20171117_113204\\1510899467414.png, C:\\Users\\rgajbhiye\\git\\CreditCard\\Reports\\CC_PartsTestSuite\\20171117_113204\\1510899467841.png, C:\\Users\\rgajbhiye\\git\\CreditCard\\Reports\\CC_PartsTestSuite\\20171117_113204\\1510899506393.png"/>
         <property name="hostName" value="rgajbhiye - EET-RG.e-emphasys.com"/>
         <property name="os" value="Windows 7 64bit"/>
         <property name="katalonVersion" value="5.0.0.1"/>
         <property name="browser" value="Firefox 43.0"/>
         <property name="hostAddress" value="192.168.25.107"/>
         <property name="sessionId" value="9d9eacff-5e90-4921-b0a7-17353f57b61b"/>
         <property name="seleniumVersion" value="2.53.0"/>
         <property name="proxyInformation" value="ProxyInformation{proxyOption=NO_PROXY, proxyServerType=, password=, proxyServerAddress=, proxyServerPort=0}"/>
         <property name="platform" value="Windows 7"/>
      </properties>
      <testcase name="Test Cases/Parts/CreditCardRegression/TC001_Parts_CreditCard - Iteration 1" classname="Test Cases/Parts/CreditCardRegression/TC001_Parts_CreditCard" status="FAILED">
         <failure type="FAILED" message="Test Cases/Parts/CreditCardRegression/TC001_Parts_CreditCard FAILED because (of) Unable to verify equal between actual object '900.00' and expected object '1,200.00' (Root cause: Actual object '900.00' and expected object '1,200.00' are not equal)"/>
         <system-out><![CDATA[2017-11-17 11:32:12 - [TEST_CASE][FAILED] - Test Cases/Parts/CreditCardRegression/TC001_Parts_CreditCard - Iteration 1: Test Cases/Parts/CreditCardRegression/TC001_Parts_CreditCard FAILED because (of) Unable to verify equal between actual object '900.00' and expected object '1,200.00' (Root cause: Actual object '900.00' and expected object '1,200.00' are not equal)

2017-11-17 11:32:12 - [TEST_STEP][PASSED] - callTestCase: Call Test Case 'Test Cases/Parts/BaseTestCases/Base_Part_CreateHeader_WithCC' successfully

2017-11-17 11:32:13 - [TEST_CASE][PASSED] - Test Cases/Parts/BaseTestCases/Base_Part_CreateHeader_WithCC: Test Cases/Parts/BaseTestCases/Base_Part_CreateHeader_WithCC

2017-11-17 11:32:13 - [TEST_STEP][PASSED] - callTestCase: Call Test Case 'Test Cases/Common/Base_Common_OpenSession' successfully

2017-11-17 11:32:13 - [TEST_CASE][PASSED] - Test Cases/Common/Base_Common_OpenSession: Test Cases/Common/Base_Common_OpenSession

2017-11-17 11:32:13 - [TEST_STEP][PASSED] - openBrowser: Browser is opened with url: 'https://rgajbhiye:Robin$123@proxima-ln4.e-emphasys.com:8441/webui/servlet/login'

2017-11-17 11:32:22 - [MESSAGE][PASSED] - Browser is opened with url: 'https://rgajbhiye:Robin$123@proxima-ln4.e-emphasys.com:8441/webui/servlet/login'

2017-11-17 11:32:22 - [TEST_STEP][PASSED] - waitForPageLoad: Wait for page load successfully

2017-11-17 11:32:22 - [MESSAGE][PASSED] - Wait for page load successfully

2017-11-17 11:32:22 - [TEST_STEP][PASSED] - maximizeWindow: Current window maximized

2017-11-17 11:32:22 - [MESSAGE][PASSED] - Current window maximized

2017-11-17 11:32:22 - [TEST_STEP][PASSED] - click: Object: 'Object Repository/Common/HomePage/HomePage_more' is clicked on

2017-11-17 11:32:25 - [MESSAGE][PASSED] - Object: 'Object Repository/Common/HomePage/HomePage_more' is clicked on

2017-11-17 11:32:25 - [TEST_STEP][PASSED] - click: Object: 'Object Repository/Common/HomePage/HomePage_Option' is clicked on

2017-11-17 11:32:25 - [MESSAGE][PASSED] - Object: 'Object Repository/Common/HomePage/HomePage_Option' is clicked on

2017-11-17 11:32:25 - [TEST_STEP][PASSED] - click: Object: 'Object Repository/Common/HomePage/HomePage_RunProgram_' is clicked on

2017-11-17 11:32:26 - [MESSAGE][PASSED] - Object: 'Object Repository/Common/HomePage/HomePage_RunProgram_' is clicked on

2017-11-17 11:32:26 - [TEST_STEP][PASSED] - sendKeys: Keys 'tdsls4500m002' sent to object: 'Object Repository/Common/HomePage/HomePage_Session_ID'

2017-11-17 11:32:26 - [MESSAGE][PASSED] - Keys 'tdsls4500m002' sent to object: 'Object Repository/Common/HomePage/HomePage_Session_ID'

2017-11-17 11:32:26 - [TEST_STEP][PASSED] - click: Object: 'Object Repository/Common/HomePage/HomePage_OkButton' is clicked on

2017-11-17 11:32:26 - [MESSAGE][PASSED] - Object: 'Object Repository/Common/HomePage/HomePage_OkButton' is clicked on

2017-11-17 11:32:26 - [MESSAGE][PASSED] - Call Test Case 'Test Cases/Common/Base_Common_OpenSession' successfully

2017-11-17 11:32:26 - [TEST_STEP][PASSED] - click: Object: 'Object Repository/Parts/PartsSalesOrder/PartsSaleOrderHeader/PartSaleOrder_NewButton' is clicked on

2017-11-17 11:32:29 - [MESSAGE][PASSED] - Object: 'Object Repository/Parts/PartsSalesOrder/PartsSaleOrderHeader/PartSaleOrder_NewButton' is clicked on

2017-11-17 11:32:29 - [TEST_STEP][PASSED] - waitForElementPresent: Object 'Object Repository/Parts/PartsSalesOrder/PartsSaleOrderHeader/Partsalesorder_customer' is present

2017-11-17 11:32:32 - [MESSAGE][PASSED] - Object 'Object Repository/Parts/PartsSalesOrder/PartsSaleOrderHeader/Partsalesorder_customer' is present

2017-11-17 11:32:32 - [TEST_STEP][PASSED] - setText: Text 'M00000010' is set on object 'Object Repository/Parts/PartsSalesOrder/PartsSaleOrderHeader/Partsalesorder_customer'

2017-11-17 11:32:32 - [MESSAGE][PASSED] - Text 'M00000010' is set on object 'Object Repository/Parts/PartsSalesOrder/PartsSaleOrderHeader/Partsalesorder_customer'

2017-11-17 11:32:32 - [TEST_STEP][NOT_RUN] - sendKeys: NOT_RUN: sendKeys

2017-11-17 11:32:32 - [MESSAGE][NOT_RUN] - NOT_RUN: sendKeys

2017-11-17 11:32:32 - [TEST_STEP][PASSED] - click: Object: 'Object Repository/Parts/PartsSalesOrder/PartsSaleOrderHeader/PartSalesOrder_Tax' is clicked on

2017-11-17 11:32:33 - [MESSAGE][PASSED] - Object: 'Object Repository/Parts/PartsSalesOrder/PartsSaleOrderHeader/PartSalesOrder_Tax' is clicked on

2017-11-17 11:32:33 - [TEST_STEP][PASSED] - click: Object: 'Object Repository/Parts/PartsSalesOrder/PartsSaleOrderHeader/PartSalesorder_Save' is clicked on

2017-11-17 11:32:33 - [MESSAGE][PASSED] - Object: 'Object Repository/Parts/PartsSalesOrder/PartsSaleOrderHeader/PartSalesorder_Save' is clicked on

2017-11-17 11:32:33 - [TEST_STEP][PASSED] - dragAndDropByOffset: Dragged object with id 'Object Repository/Parts/PartsSalesOrder/PartsSaleOrderHeader/PartSalesOrder_scroller' by offset distance x = 0 and y = -100 successfully

2017-11-17 11:32:40 - [MESSAGE][PASSED] - Dragged object with id 'Object Repository/Parts/PartsSalesOrder/PartsSaleOrderHeader/PartSalesOrder_scroller' by offset distance x = 0 and y = -100 successfully

2017-11-17 11:32:40 - [TEST_STEP][PASSED] - delay: Delayed 5 second(s)

2017-11-17 11:32:45 - [MESSAGE][PASSED] - Delayed 5 second(s)

2017-11-17 11:32:45 - [TEST_STEP][PASSED] - Statement - G_Part_PSO = com.kms.katalon.core.webui.keyword.WebUiBuiltInKeywords.getAttribute(com.kms.katalon.core.testobject.ObjectRepository.findTestObject(Parts/PartsSalesOrder/PartsSaleOrderHeader/PartSalesOrder_OrderNo), "value"): Attribute 'value' of object 'Object Repository/Parts/PartsSalesOrder/PartsSaleOrderHeader/PartSalesOrder_OrderNo' is: 'TP0001020'

2017-11-17 11:32:45 - [MESSAGE][PASSED] - Attribute 'value' of object 'Object Repository/Parts/PartsSalesOrder/PartsSaleOrderHeader/PartSalesOrder_OrderNo' is: 'TP0001020'

2017-11-17 11:32:45 - [TEST_STEP][PASSED] - Statement - println("sale order number" + G_Part_PSO): null

2017-11-17 11:32:45 - [TEST_STEP][PASSED] - click: Object: 'Object Repository/Parts/PartsSalesOrder/PartsSaleOrderHeader/PartSaleOrder_OtherDetailsTab' is clicked on

2017-11-17 11:32:45 - [MESSAGE][PASSED] - Object: 'Object Repository/Parts/PartsSalesOrder/PartsSaleOrderHeader/PartSaleOrder_OtherDetailsTab' is clicked on

2017-11-17 11:32:45 - [TEST_STEP][PASSED] - delay: Delayed 2 second(s)

2017-11-17 11:32:47 - [MESSAGE][PASSED] - Delayed 2 second(s)

2017-11-17 11:32:47 - [TEST_STEP][PASSED] - click: Object: 'Object Repository/Parts/PartsSalesOrder/PartsSaleOrderHeader/PartSalesOrder_ModeOfPayment' is clicked on

2017-11-17 11:32:48 - [MESSAGE][PASSED] - Object: 'Object Repository/Parts/PartsSalesOrder/PartsSaleOrderHeader/PartSalesOrder_ModeOfPayment' is clicked on

2017-11-17 11:32:48 - [TEST_STEP][PASSED] - click: Object: 'Object Repository/Parts/PartsSalesOrder/PartsSaleOrderHeader/PartSalesOrder_CreditCardOption' is clicked on

2017-11-17 11:32:48 - [MESSAGE][PASSED] - Object: 'Object Repository/Parts/PartsSalesOrder/PartsSaleOrderHeader/PartSalesOrder_CreditCardOption' is clicked on

2017-11-17 11:32:48 - [TEST_STEP][PASSED] - click: Object: 'Object Repository/Parts/PartsSalesOrder/PartsSaleOrderHeader/PartSalesorder_Save' is clicked on

2017-11-17 11:32:48 - [MESSAGE][PASSED] - Object: 'Object Repository/Parts/PartsSalesOrder/PartsSaleOrderHeader/PartSalesorder_Save' is clicked on

2017-11-17 11:32:48 - [MESSAGE][PASSED] - Call Test Case 'Test Cases/Parts/BaseTestCases/Base_Part_CreateHeader_WithCC' successfully

2017-11-17 11:32:48 - [TEST_STEP][PASSED] - callTestCase: Call Test Case 'Test Cases/Parts/BaseTestCases/Base_Part_AddPartLinePos1' successfully

2017-11-17 11:32:48 - [TEST_CASE][PASSED] - Test Cases/Parts/BaseTestCases/Base_Part_AddPartLinePos1: Test Cases/Parts/BaseTestCases/Base_Part_AddPartLinePos1

2017-11-17 11:32:48 - [TEST_STEP][PASSED] - click: Object: 'Object Repository/Parts/PartsSalesOrder/PartSalesOrderLine1/PartSaleOrderLine1_newpart' is clicked on

2017-11-17 11:32:52 - [MESSAGE][PASSED] - Object: 'Object Repository/Parts/PartsSalesOrder/PartSalesOrderLine1/PartSaleOrderLine1_newpart' is clicked on

2017-11-17 11:32:52 - [TEST_STEP][PASSED] - delay: Delayed 3 second(s)

2017-11-17 11:32:55 - [MESSAGE][PASSED] - Delayed 3 second(s)

2017-11-17 11:32:55 - [TEST_STEP][PASSED] - setText: Text 'KP3' is set on object 'Object Repository/Parts/PartsSalesOrder/PartSalesOrderLine1/PartSaleOrderLine1_PartNumber'

2017-11-17 11:32:55 - [MESSAGE][PASSED] - Text 'KP3' is set on object 'Object Repository/Parts/PartsSalesOrder/PartSalesOrderLine1/PartSaleOrderLine1_PartNumber'

2017-11-17 11:32:55 - [TEST_STEP][PASSED] - scrollToElement: Scroll to object 'Object Repository/Parts/PartsSalesOrder/PartSalesOrderLine1/PartSaleOrderLine1_Quantity' successfully

2017-11-17 11:33:00 - [MESSAGE][PASSED] - Scroll to object 'Object Repository/Parts/PartsSalesOrder/PartSalesOrderLine1/PartSaleOrderLine1_Quantity' successfully

2017-11-17 11:33:00 - [TEST_STEP][PASSED] - click: Object: 'Object Repository/Parts/PartsSalesOrder/PartSalesOrderLine1/PartSaleOrderLine1_Quantity' is clicked on

2017-11-17 11:33:05 - [MESSAGE][PASSED] - Object: 'Object Repository/Parts/PartsSalesOrder/PartSalesOrderLine1/PartSaleOrderLine1_Quantity' is clicked on

2017-11-17 11:33:05 - [TEST_STEP][PASSED] - setText: Text '2' is set on object 'Object Repository/Parts/PartsSalesOrder/PartSalesOrderLine1/PartSaleOrderLine1-Qty1'

2017-11-17 11:33:06 - [MESSAGE][PASSED] - Text '2' is set on object 'Object Repository/Parts/PartsSalesOrder/PartSalesOrderLine1/PartSaleOrderLine1-Qty1'

2017-11-17 11:33:06 - [TEST_STEP][PASSED] - click: Object: 'Object Repository/Parts/PartsSalesOrder/PartsSaleOrderHeader/PartSalesorder_Save' is clicked on

2017-11-17 11:33:06 - [MESSAGE][PASSED] - Object: 'Object Repository/Parts/PartsSalesOrder/PartsSaleOrderHeader/PartSalesorder_Save' is clicked on

2017-11-17 11:33:06 - [TEST_STEP][PASSED] - delay: Delayed 10 second(s)

2017-11-17 11:33:16 - [MESSAGE][PASSED] - Delayed 10 second(s)

2017-11-17 11:33:16 - [TEST_STEP][NOT_RUN] - scrollToElement: NOT_RUN: scrollToElement

2017-11-17 11:33:16 - [MESSAGE][NOT_RUN] - NOT_RUN: scrollToElement

2017-11-17 11:33:16 - [TEST_STEP][NOT_RUN] - Statement - G_InvoiceAmt = com.kms.katalon.core.webui.keyword.WebUiBuiltInKeywords.getText(com.kms.katalon.core.testobject.ObjectRepository.findTestObject(tdtre4101m002/Line1/firmPrice)): NOT_RUN: Statement - G_InvoiceAmt = com.kms.katalon.core.webui.keyword.WebUiBuiltInKeywords.getText(com.kms.katalon.core.testobject.ObjectRepository.findTestObject(tdtre4101m002/Line1/firmPrice))

2017-11-17 11:33:16 - [MESSAGE][NOT_RUN] - NOT_RUN: Statement - G_InvoiceAmt = com.kms.katalon.core.webui.keyword.WebUiBuiltInKeywords.getText(com.kms.katalon.core.testobject.ObjectRepository.findTestObject(tdtre4101m002/Line1/firmPrice))

2017-11-17 11:33:16 - [TEST_STEP][NOT_RUN] - Statement - Qty1 = com.kms.katalon.core.webui.keyword.WebUiBuiltInKeywords.getText(com.kms.katalon.core.testobject.ObjectRepository.findTestObject(tdtre4101m002/Line1/input_tdtre4101s002-Qty)): NOT_RUN: Statement - Qty1 = com.kms.katalon.core.webui.keyword.WebUiBuiltInKeywords.getText(com.kms.katalon.core.testobject.ObjectRepository.findTestObject(tdtre4101m002/Line1/input_tdtre4101s002-Qty))

2017-11-17 11:33:16 - [MESSAGE][NOT_RUN] - NOT_RUN: Statement - Qty1 = com.kms.katalon.core.webui.keyword.WebUiBuiltInKeywords.getText(com.kms.katalon.core.testobject.ObjectRepository.findTestObject(tdtre4101m002/Line1/input_tdtre4101s002-Qty))

2017-11-17 11:33:16 - [TEST_STEP][NOT_RUN] - Statement - G_OrderLineAmt = G_FirmPrice * Qty1: NOT_RUN: Statement - G_OrderLineAmt = G_FirmPrice * Qty1

2017-11-17 11:33:16 - [MESSAGE][NOT_RUN] - NOT_RUN: Statement - G_OrderLineAmt = G_FirmPrice * Qty1

2017-11-17 11:33:16 - [TEST_STEP][NOT_RUN] - Statement - println("GlobalVariable.G_FirmPrice" + G_FirmPrice): NOT_RUN: Statement - println("GlobalVariable.G_FirmPrice" + G_FirmPrice)

2017-11-17 11:33:16 - [MESSAGE][NOT_RUN] - NOT_RUN: Statement - println("GlobalVariable.G_FirmPrice" + G_FirmPrice)

2017-11-17 11:33:16 - [TEST_STEP][NOT_RUN] - Statement - println("GlobalVariable.G_OrderLineAmt" + G_OrderLineAmt): NOT_RUN: Statement - println("GlobalVariable.G_OrderLineAmt" + G_OrderLineAmt)

2017-11-17 11:33:16 - [MESSAGE][NOT_RUN] - NOT_RUN: Statement - println("GlobalVariable.G_OrderLineAmt" + G_OrderLineAmt)

2017-11-17 11:33:16 - [MESSAGE][PASSED] - Call Test Case 'Test Cases/Parts/BaseTestCases/Base_Part_AddPartLinePos1' successfully

2017-11-17 11:33:16 - [TEST_STEP][PASSED] - callTestCase: Call Test Case 'Test Cases/Parts/BaseTestCases/Base_Part_PickPacknInvoiceWithCC' successfully

2017-11-17 11:33:16 - [TEST_CASE][PASSED] - Test Cases/Parts/BaseTestCases/Base_Part_PickPacknInvoiceWithCC: Test Cases/Parts/BaseTestCases/Base_Part_PickPacknInvoiceWithCC

2017-11-17 11:33:17 - [TEST_STEP][PASSED] - click: Object: 'Object Repository/Parts/PartsSalesOrder/PartsSaleOrderHeader/PartSalesOrder_Action' is clicked on

2017-11-17 11:33:17 - [MESSAGE][PASSED] - Object: 'Object Repository/Parts/PartsSalesOrder/PartsSaleOrderHeader/PartSalesOrder_Action' is clicked on

2017-11-17 11:33:17 - [TEST_STEP][PASSED] - delay: Delayed 3 second(s)

2017-11-17 11:33:20 - [MESSAGE][PASSED] - Delayed 3 second(s)

2017-11-17 11:33:20 - [TEST_STEP][PASSED] - waitForElementClickable: Object 'Object Repository/Parts/PartsSalesOrder/PartsSaleOrderHeader/PartSalesOrder_PickPacknInvoice' is clickable

2017-11-17 11:33:20 - [MESSAGE][PASSED] - Object 'Object Repository/Parts/PartsSalesOrder/PartsSaleOrderHeader/PartSalesOrder_PickPacknInvoice' is clickable

2017-11-17 11:33:20 - [TEST_STEP][PASSED] - click: Object: 'Object Repository/Parts/PartsSalesOrder/PartsSaleOrderHeader/PartSalesOrder_PickPacknInvoice' is clicked on

2017-11-17 11:33:20 - [MESSAGE][PASSED] - Object: 'Object Repository/Parts/PartsSalesOrder/PartsSaleOrderHeader/PartSalesOrder_PickPacknInvoice' is clicked on

2017-11-17 11:33:20 - [TEST_STEP][PASSED] - delay: Delayed 5 second(s)

2017-11-17 11:33:25 - [MESSAGE][PASSED] - Delayed 5 second(s)

2017-11-17 11:33:25 - [TEST_STEP][NOT_RUN] - click: NOT_RUN: click

2017-11-17 11:33:25 - [MESSAGE][NOT_RUN] - NOT_RUN: click

2017-11-17 11:33:25 - [TEST_STEP][PASSED] - Statement - If (com.kms.katalon.core.webui.keyword.WebUiBuiltInKeywords.verifyElementVisible(com.kms.katalon.core.testobject.ObjectRepository.findTestObject(Object Repository/Parts/PartsSalesOrder/PartsSaleOrderHeader/PartSalesOrder_LocationOption)) == true): Object: 'Object Repository/Parts/PartsSalesOrder/PartsSaleOrderHeader/PartSalesOrder_LocationOption' is clicked on

2017-11-17 11:33:26 - [MESSAGE][PASSED] - Object 'Object Repository/Parts/PartsSalesOrder/PartsSaleOrderHeader/PartSalesOrder_LocationOption' is visible

2017-11-17 11:33:26 - [TEST_STEP][PASSED] - click: Object: 'Object Repository/Parts/PartsSalesOrder/PartsSaleOrderHeader/PartSalesOrder_LocationOption' is clicked on

2017-11-17 11:33:26 - [MESSAGE][PASSED] - Object: 'Object Repository/Parts/PartsSalesOrder/PartsSaleOrderHeader/PartSalesOrder_LocationOption' is clicked on

2017-11-17 11:33:26 - [TEST_STEP][PASSED] - delay: Delayed 3 second(s)

2017-11-17 11:33:29 - [MESSAGE][PASSED] - Delayed 3 second(s)

2017-11-17 11:33:29 - [TEST_STEP][NOT_RUN] - Statement - If (com.kms.katalon.core.webui.keyword.WebUiBuiltInKeywords.verifyElementVisible(com.kms.katalon.core.testobject.ObjectRepository.findTestObject(Object Repository/Parts/PartsSalesOrder/PartsSaleOrderHeader/PartSaleOrder_PackingSlipClose)) == true): NOT_RUN: Statement - If (com.kms.katalon.core.webui.keyword.WebUiBuiltInKeywords.verifyElementVisible(com.kms.katalon.core.testobject.ObjectRepository.findTestObject(Object Repository/Parts/PartsSalesOrder/PartsSaleOrderHeader/PartSaleOrder_PackingSlipClose)) == true)

2017-11-17 11:33:29 - [MESSAGE][NOT_RUN] - NOT_RUN: Statement - If (com.kms.katalon.core.webui.keyword.WebUiBuiltInKeywords.verifyElementVisible(com.kms.katalon.core.testobject.ObjectRepository.findTestObject(Object Repository/Parts/PartsSalesOrder/PartsSaleOrderHeader/PartSaleOrder_PackingSlipClose)) == true)

2017-11-17 11:33:29 - [TEST_STEP][PASSED] - click: Object: 'Object Repository/Parts/PartsSalesOrder/PartsSaleOrderHeader/PartSalesOrder_ContinueInvoiceOption' is clicked on

2017-11-17 11:33:30 - [MESSAGE][PASSED] - Object: 'Object Repository/Parts/PartsSalesOrder/PartsSaleOrderHeader/PartSalesOrder_ContinueInvoiceOption' is clicked on

2017-11-17 11:33:30 - [TEST_STEP][PASSED] - delay: Delayed 3 second(s)

2017-11-17 11:33:33 - [MESSAGE][PASSED] - Delayed 3 second(s)

2017-11-17 11:33:33 - [TEST_STEP][PASSED] - setText: Text 'PUBL' is set on object 'Object Repository/Parts/PartsSalesOrder/PartSalesOrder_CCInterface/CCInterface_PaymentGateway'

2017-11-17 11:33:34 - [MESSAGE][PASSED] - Text 'PUBL' is set on object 'Object Repository/Parts/PartsSalesOrder/PartSalesOrder_CCInterface/CCInterface_PaymentGateway'

2017-11-17 11:33:34 - [TEST_STEP][PASSED] - doubleClick: Object: 'Object Repository/Parts/PartsSalesOrder/PartSalesOrder_CCInterface/CCInterface_CardType' is double clicked on

2017-11-17 11:33:34 - [MESSAGE][PASSED] - Object: 'Object Repository/Parts/PartsSalesOrder/PartSalesOrder_CCInterface/CCInterface_CardType' is double clicked on

2017-11-17 11:33:34 - [TEST_STEP][PASSED] - setText: Text 'Visa Card' is set on object 'Object Repository/Parts/PartsSalesOrder/PartSalesOrder_CCInterface/CCInterface_CardType'

2017-11-17 11:33:34 - [MESSAGE][PASSED] - Text 'Visa Card' is set on object 'Object Repository/Parts/PartsSalesOrder/PartSalesOrder_CCInterface/CCInterface_CardType'

2017-11-17 11:33:34 - [TEST_STEP][PASSED] - delay: Delayed 3 second(s)

2017-11-17 11:33:37 - [MESSAGE][PASSED] - Delayed 3 second(s)

2017-11-17 11:33:37 - [TEST_STEP][PASSED] - doubleClick: Object: 'Object Repository/Parts/PartsSalesOrder/PartSalesOrder_CCInterface/CCInterface_CardNo' is double clicked on

2017-11-17 11:33:38 - [MESSAGE][PASSED] - Object: 'Object Repository/Parts/PartsSalesOrder/PartSalesOrder_CCInterface/CCInterface_CardNo' is double clicked on

2017-11-17 11:33:38 - [TEST_STEP][PASSED] - delay: Delayed 2 second(s)

2017-11-17 11:33:40 - [MESSAGE][PASSED] - Delayed 2 second(s)

2017-11-17 11:33:40 - [TEST_STEP][PASSED] - setText: Text '4012000033330020' is set on object 'Object Repository/Parts/PartsSalesOrder/PartSalesOrder_CCInterface/CCInterface_CardNo'

2017-11-17 11:33:40 - [MESSAGE][PASSED] - Text '4012000033330020' is set on object 'Object Repository/Parts/PartsSalesOrder/PartSalesOrder_CCInterface/CCInterface_CardNo'

2017-11-17 11:33:40 - [TEST_STEP][PASSED] - doubleClick: Object: 'Object Repository/Parts/PartsSalesOrder/PartSalesOrder_CCInterface/CCInterface_CVV' is double clicked on

2017-11-17 11:33:40 - [MESSAGE][PASSED] - Object: 'Object Repository/Parts/PartsSalesOrder/PartSalesOrder_CCInterface/CCInterface_CVV' is double clicked on

2017-11-17 11:33:40 - [TEST_STEP][PASSED] - delay: Delayed 2 second(s)

2017-11-17 11:33:42 - [MESSAGE][PASSED] - Delayed 2 second(s)

2017-11-17 11:33:42 - [TEST_STEP][PASSED] - setText: Text '555' is set on object 'Object Repository/Parts/PartsSalesOrder/PartSalesOrder_CCInterface/CCInterface_CVV'

2017-11-17 11:33:42 - [MESSAGE][PASSED] - Text '555' is set on object 'Object Repository/Parts/PartsSalesOrder/PartSalesOrder_CCInterface/CCInterface_CVV'

2017-11-17 11:33:42 - [TEST_STEP][PASSED] - doubleClick: Object: 'Object Repository/Parts/PartsSalesOrder/PartSalesOrder_CCInterface/CCInterface_MM' is double clicked on

2017-11-17 11:33:42 - [MESSAGE][PASSED] - Object: 'Object Repository/Parts/PartsSalesOrder/PartSalesOrder_CCInterface/CCInterface_MM' is double clicked on

2017-11-17 11:33:42 - [TEST_STEP][PASSED] - delay: Delayed 2 second(s)

2017-11-17 11:33:44 - [MESSAGE][PASSED] - Delayed 2 second(s)

2017-11-17 11:33:44 - [TEST_STEP][PASSED] - setText: Text '09' is set on object 'Object Repository/Parts/PartsSalesOrder/PartSalesOrder_CCInterface/CCInterface_MM'

2017-11-17 11:33:44 - [MESSAGE][PASSED] - Text '09' is set on object 'Object Repository/Parts/PartsSalesOrder/PartSalesOrder_CCInterface/CCInterface_MM'

2017-11-17 11:33:44 - [TEST_STEP][PASSED] - doubleClick: Object: 'Object Repository/Parts/PartsSalesOrder/PartSalesOrder_CCInterface/CCInterface_YY' is double clicked on

2017-11-17 11:33:45 - [MESSAGE][PASSED] - Object: 'Object Repository/Parts/PartsSalesOrder/PartSalesOrder_CCInterface/CCInterface_YY' is double clicked on

2017-11-17 11:33:45 - [TEST_STEP][PASSED] - delay: Delayed 2 second(s)

2017-11-17 11:33:47 - [MESSAGE][PASSED] - Delayed 2 second(s)

2017-11-17 11:33:47 - [TEST_STEP][PASSED] - setText: Text '99' is set on object 'Object Repository/Parts/PartsSalesOrder/PartSalesOrder_CCInterface/CCInterface_YY'

2017-11-17 11:33:47 - [MESSAGE][PASSED] - Text '99' is set on object 'Object Repository/Parts/PartsSalesOrder/PartSalesOrder_CCInterface/CCInterface_YY'

2017-11-17 11:33:47 - [TEST_STEP][PASSED] - click: Object: 'Object Repository/Parts/PartsSalesOrder/PartSalesOrder_CCInterface/CCInterface_Process' is clicked on

2017-11-17 11:33:47 - [MESSAGE][PASSED] - Object: 'Object Repository/Parts/PartsSalesOrder/PartSalesOrder_CCInterface/CCInterface_Process' is clicked on

2017-11-17 11:33:47 - [TEST_STEP][PASSED] - delay: Delayed 5 second(s)

2017-11-17 11:33:52 - [MESSAGE][PASSED] - Delayed 5 second(s)

2017-11-17 11:33:52 - [TEST_STEP][PASSED] - waitForElementPresent: Object 'Object Repository/Parts/PartsSalesOrder/PartsSaleOrderHeader/PartSaleOrder_InvoiceRptDevice' is present

2017-11-17 11:34:20 - [MESSAGE][PASSED] - Object 'Object Repository/Parts/PartsSalesOrder/PartsSaleOrderHeader/PartSaleOrder_InvoiceRptDevice' is present

2017-11-17 11:34:20 - [TEST_STEP][PASSED] - setText: Text 'D' is set on object 'Object Repository/Parts/PartsSalesOrder/PartsSaleOrderHeader/PartSaleOrder_InvoiceRptDevice'

2017-11-17 11:34:20 - [MESSAGE][PASSED] - Text 'D' is set on object 'Object Repository/Parts/PartsSalesOrder/PartsSaleOrderHeader/PartSaleOrder_InvoiceRptDevice'

2017-11-17 11:34:20 - [TEST_STEP][PASSED] - click: Object: 'Object Repository/Parts/PartsSalesOrder/PartsSaleOrderHeader/PartSaleOrder_InvoiceRptContinue' is clicked on

2017-11-17 11:34:20 - [MESSAGE][PASSED] - Object: 'Object Repository/Parts/PartsSalesOrder/PartsSaleOrderHeader/PartSaleOrder_InvoiceRptContinue' is clicked on

2017-11-17 11:34:20 - [TEST_STEP][PASSED] - delay: Delayed 10 second(s)

2017-11-17 11:34:30 - [MESSAGE][PASSED] - Delayed 10 second(s)

2017-11-17 11:34:30 - [MESSAGE][PASSED] - Call Test Case 'Test Cases/Parts/BaseTestCases/Base_Part_PickPacknInvoiceWithCC' successfully

2017-11-17 11:34:30 - [TEST_STEP][PASSED] - callTestCase: Call Test Case 'Test Cases/Parts/BaseTestCases/Base_Part_GetInvoiceDetails' successfully

2017-11-17 11:34:30 - [TEST_CASE][PASSED] - Test Cases/Parts/BaseTestCases/Base_Part_GetInvoiceDetails: Test Cases/Parts/BaseTestCases/Base_Part_GetInvoiceDetails

2017-11-17 11:34:30 - [TEST_STEP][PASSED] - callTestCase: Call Test Case 'Test Cases/Common/Base_Common_OpenSession' successfully

2017-11-17 11:34:30 - [TEST_CASE][PASSED] - Test Cases/Common/Base_Common_OpenSession: Test Cases/Common/Base_Common_OpenSession

2017-11-17 11:34:30 - [TEST_STEP][PASSED] - openBrowser: Browser is opened with url: 'https://rgajbhiye:Robin$123@proxima-ln4.e-emphasys.com:8441/webui/servlet/login'

2017-11-17 11:34:30 - [MESSAGE][WARNING] - A browser is already opened. Closing browser and opening a new one

2017-11-17 11:34:40 - [MESSAGE][PASSED] - Browser is opened with url: 'https://rgajbhiye:Robin$123@proxima-ln4.e-emphasys.com:8441/webui/servlet/login'

2017-11-17 11:34:40 - [TEST_STEP][PASSED] - waitForPageLoad: Wait for page load successfully

2017-11-17 11:34:40 - [MESSAGE][PASSED] - Wait for page load successfully

2017-11-17 11:34:40 - [TEST_STEP][PASSED] - maximizeWindow: Current window maximized

2017-11-17 11:34:40 - [MESSAGE][PASSED] - Current window maximized

2017-11-17 11:34:40 - [TEST_STEP][PASSED] - click: Object: 'Object Repository/Common/HomePage/HomePage_more' is clicked on

2017-11-17 11:34:44 - [MESSAGE][PASSED] - Object: 'Object Repository/Common/HomePage/HomePage_more' is clicked on

2017-11-17 11:34:44 - [TEST_STEP][PASSED] - click: Object: 'Object Repository/Common/HomePage/HomePage_Option' is clicked on

2017-11-17 11:34:44 - [MESSAGE][PASSED] - Object: 'Object Repository/Common/HomePage/HomePage_Option' is clicked on

2017-11-17 11:34:44 - [TEST_STEP][PASSED] - click: Object: 'Object Repository/Common/HomePage/HomePage_RunProgram_' is clicked on

2017-11-17 11:34:44 - [MESSAGE][PASSED] - Object: 'Object Repository/Common/HomePage/HomePage_RunProgram_' is clicked on

2017-11-17 11:34:44 - [TEST_STEP][PASSED] - sendKeys: Keys 'ttaad4500' sent to object: 'Object Repository/Common/HomePage/HomePage_Session_ID'

2017-11-17 11:34:44 - [MESSAGE][PASSED] - Keys 'ttaad4500' sent to object: 'Object Repository/Common/HomePage/HomePage_Session_ID'

2017-11-17 11:34:44 - [TEST_STEP][PASSED] - click: Object: 'Object Repository/Common/HomePage/HomePage_OkButton' is clicked on

2017-11-17 11:34:44 - [MESSAGE][PASSED] - Object: 'Object Repository/Common/HomePage/HomePage_OkButton' is clicked on

2017-11-17 11:34:44 - [MESSAGE][PASSED] - Call Test Case 'Test Cases/Common/Base_Common_OpenSession' successfully

2017-11-17 11:34:44 - [TEST_STEP][PASSED] - doubleClick: Object: 'Object Repository/Parts/cisli245/cisli245_package' is double clicked on

2017-11-17 11:34:45 - [MESSAGE][PASSED] - Object: 'Object Repository/Parts/cisli245/cisli245_package' is double clicked on

2017-11-17 11:34:45 - [TEST_STEP][PASSED] - setText: Text 'ci' is set on object 'Object Repository/Parts/cisli245/cisli245_package'

2017-11-17 11:34:45 - [MESSAGE][PASSED] - Text 'ci' is set on object 'Object Repository/Parts/cisli245/cisli245_package'

2017-11-17 11:34:45 - [TEST_STEP][PASSED] - doubleClick: Object: 'Object Repository/Parts/cisli245/cisli245_module' is double clicked on

2017-11-17 11:34:46 - [MESSAGE][PASSED] - Object: 'Object Repository/Parts/cisli245/cisli245_module' is double clicked on

2017-11-17 11:34:46 - [TEST_STEP][PASSED] - setText: Text 'sli' is set on object 'Object Repository/Parts/cisli245/cisli245_module'

2017-11-17 11:34:46 - [MESSAGE][PASSED] - Text 'sli' is set on object 'Object Repository/Parts/cisli245/cisli245_module'

2017-11-17 11:34:46 - [TEST_STEP][PASSED] - delay: Delayed 2 second(s)

2017-11-17 11:34:48 - [MESSAGE][PASSED] - Delayed 2 second(s)

2017-11-17 11:34:48 - [TEST_STEP][PASSED] - doubleClick: Object: 'Object Repository/Parts/cisli245/cisli245_table' is double clicked on

2017-11-17 11:34:48 - [MESSAGE][PASSED] - Object: 'Object Repository/Parts/cisli245/cisli245_table' is double clicked on

2017-11-17 11:34:48 - [TEST_STEP][PASSED] - setText: Text '245' is set on object 'Object Repository/Parts/cisli245/cisli245_table'

2017-11-17 11:34:48 - [MESSAGE][PASSED] - Text '245' is set on object 'Object Repository/Parts/cisli245/cisli245_table'

2017-11-17 11:34:48 - [TEST_STEP][PASSED] - click: Object: 'Object Repository/Parts/cisli245/cisli245_ok' is clicked on

2017-11-17 11:34:48 - [MESSAGE][PASSED] - Object: 'Object Repository/Parts/cisli245/cisli245_ok' is clicked on

2017-11-17 11:34:48 - [TEST_STEP][NOT_RUN] - doubleClick: NOT_RUN: doubleClick

2017-11-17 11:34:48 - [MESSAGE][NOT_RUN] - NOT_RUN: doubleClick

2017-11-17 11:34:48 - [TEST_STEP][PASSED] - click: Object: 'Object Repository/Parts/cisli245/cisli245_find' is clicked on

2017-11-17 11:34:50 - [MESSAGE][PASSED] - Object: 'Object Repository/Parts/cisli245/cisli245_find' is clicked on

2017-11-17 11:34:50 - [TEST_STEP][PASSED] - doubleClick: Object: 'Object Repository/Parts/cisli245/cisli245_SaleOrder' is double clicked on

2017-11-17 11:34:51 - [MESSAGE][PASSED] - Object: 'Object Repository/Parts/cisli245/cisli245_SaleOrder' is double clicked on

2017-11-17 11:34:51 - [TEST_STEP][PASSED] - setText: Text 'TP0001020' is set on object 'Object Repository/Parts/cisli245/cisli245_SaleOrder'

2017-11-17 11:34:51 - [MESSAGE][PASSED] - Text 'TP0001020' is set on object 'Object Repository/Parts/cisli245/cisli245_SaleOrder'

2017-11-17 11:34:51 - [TEST_STEP][PASSED] - click: Object: 'Object Repository/Parts/cisli245/cisli245_oksearch' is clicked on

2017-11-17 11:34:51 - [MESSAGE][PASSED] - Object: 'Object Repository/Parts/cisli245/cisli245_oksearch' is clicked on

2017-11-17 11:34:51 - [TEST_STEP][PASSED] - delay: Delayed 3 second(s)

2017-11-17 11:34:54 - [MESSAGE][PASSED] - Delayed 3 second(s)

2017-11-17 11:34:54 - [TEST_STEP][PASSED] - getAttribute: Attribute 'value' of object 'Object Repository/Parts/cisli245/cisli245_OrderNo' is: 'TP0001020'

2017-11-17 11:34:54 - [MESSAGE][PASSED] - Attribute 'value' of object 'Object Repository/Parts/cisli245/cisli245_OrderNo' is: 'TP0001020'

2017-11-17 11:34:54 - [TEST_STEP][PASSED] - Statement - G_InvoiceTnxType = com.kms.katalon.core.webui.keyword.WebUiBuiltInKeywords.getAttribute(com.kms.katalon.core.testobject.ObjectRepository.findTestObject(Parts/cisli245/cisli245_invoice1), "value"): Attribute 'value' of object 'Object Repository/Parts/cisli245/cisli245_invoice1' is: 'ARS'

2017-11-17 11:34:54 - [MESSAGE][PASSED] - Attribute 'value' of object 'Object Repository/Parts/cisli245/cisli245_invoice1' is: 'ARS'

2017-11-17 11:34:54 - [TEST_STEP][PASSED] - Statement - G_InvoiceTnxNo = com.kms.katalon.core.webui.keyword.WebUiBuiltInKeywords.getAttribute(com.kms.katalon.core.testobject.ObjectRepository.findTestObject(Parts/cisli245/cisli245_invoice2), "value"): Attribute 'value' of object 'Object Repository/Parts/cisli245/cisli245_invoice2' is: '16000200'

2017-11-17 11:34:54 - [MESSAGE][PASSED] - Attribute 'value' of object 'Object Repository/Parts/cisli245/cisli245_invoice2' is: '16000200'

2017-11-17 11:34:54 - [TEST_STEP][PASSED] - Statement - G_InvoiceAmt = com.kms.katalon.core.webui.keyword.WebUiBuiltInKeywords.getAttribute(com.kms.katalon.core.testobject.ObjectRepository.findTestObject(Parts/cisli245/cisli245_amount), "value"): Attribute 'value' of object 'Object Repository/Parts/cisli245/cisli245_amount' is: '20.66'

2017-11-17 11:34:54 - [MESSAGE][PASSED] - Attribute 'value' of object 'Object Repository/Parts/cisli245/cisli245_amount' is: '20.66'

2017-11-17 11:34:54 - [MESSAGE][PASSED] - Call Test Case 'Test Cases/Parts/BaseTestCases/Base_Part_GetInvoiceDetails' successfully

2017-11-17 11:34:54 - [TEST_STEP][FAILED] - callTestCase: Unable to call Test Case with id 'Test Cases/Finance/BaseTestCases/Base_Finance_CheckOpenEntriesForCCInvoice1' (Root cause: Call Test Case 'Test Cases/Finance/BaseTestCases/Base_Finance_CheckOpenEntriesForCCInvoice1' failed)

2017-11-17 11:34:55 - [TEST_CASE][FAILED] - Test Cases/Finance/BaseTestCases/Base_Finance_CheckOpenEntriesForCCInvoice1: Test Cases/Finance/BaseTestCases/Base_Finance_CheckOpenEntriesForCCInvoice1 FAILED because (of) Unable to verify equal between actual object '900.00' and expected object '1,200.00' (Root cause: Actual object '900.00' and expected object '1,200.00' are not equal)

2017-11-17 11:34:55 - [TEST_STEP][PASSED] - callTestCase: Call Test Case 'Test Cases/Common/Base_Common_OpenSession' successfully

2017-11-17 11:34:55 - [TEST_CASE][PASSED] - Test Cases/Common/Base_Common_OpenSession: Test Cases/Common/Base_Common_OpenSession

2017-11-17 11:34:55 - [TEST_STEP][PASSED] - openBrowser: Browser is opened with url: 'https://rgajbhiye:Robin$123@proxima-ln4.e-emphasys.com:8441/webui/servlet/login'

2017-11-17 11:34:55 - [MESSAGE][WARNING] - A browser is already opened. Closing browser and opening a new one

2017-11-17 11:35:01 - [MESSAGE][PASSED] - Browser is opened with url: 'https://rgajbhiye:Robin$123@proxima-ln4.e-emphasys.com:8441/webui/servlet/login'

2017-11-17 11:35:01 - [TEST_STEP][PASSED] - waitForPageLoad: Wait for page load successfully

2017-11-17 11:35:01 - [MESSAGE][PASSED] - Wait for page load successfully

2017-11-17 11:35:01 - [TEST_STEP][PASSED] - maximizeWindow: Current window maximized

2017-11-17 11:35:01 - [MESSAGE][PASSED] - Current window maximized

2017-11-17 11:35:01 - [TEST_STEP][PASSED] - click: Object: 'Object Repository/Common/HomePage/HomePage_more' is clicked on

2017-11-17 11:35:05 - [MESSAGE][PASSED] - Object: 'Object Repository/Common/HomePage/HomePage_more' is clicked on

2017-11-17 11:35:05 - [TEST_STEP][PASSED] - click: Object: 'Object Repository/Common/HomePage/HomePage_Option' is clicked on

2017-11-17 11:35:05 - [MESSAGE][PASSED] - Object: 'Object Repository/Common/HomePage/HomePage_Option' is clicked on

2017-11-17 11:35:05 - [TEST_STEP][PASSED] - click: Object: 'Object Repository/Common/HomePage/HomePage_RunProgram_' is clicked on

2017-11-17 11:35:05 - [MESSAGE][PASSED] - Object: 'Object Repository/Common/HomePage/HomePage_RunProgram_' is clicked on

2017-11-17 11:35:05 - [TEST_STEP][PASSED] - sendKeys: Keys 'tfacr2520m000' sent to object: 'Object Repository/Common/HomePage/HomePage_Session_ID'

2017-11-17 11:35:05 - [MESSAGE][PASSED] - Keys 'tfacr2520m000' sent to object: 'Object Repository/Common/HomePage/HomePage_Session_ID'

2017-11-17 11:35:05 - [TEST_STEP][PASSED] - click: Object: 'Object Repository/Common/HomePage/HomePage_OkButton' is clicked on

2017-11-17 11:35:06 - [MESSAGE][PASSED] - Object: 'Object Repository/Common/HomePage/HomePage_OkButton' is clicked on

2017-11-17 11:35:06 - [MESSAGE][PASSED] - Call Test Case 'Test Cases/Common/Base_Common_OpenSession' successfully

2017-11-17 11:35:06 - [TEST_STEP][PASSED] - click: Object: 'Object Repository/Finance/BaseTestCases_OpenEntries_Service/OpenEntries_DocumentType' is clicked on

2017-11-17 11:35:10 - [MESSAGE][PASSED] - Object: 'Object Repository/Finance/BaseTestCases_OpenEntries_Service/OpenEntries_DocumentType' is clicked on

2017-11-17 11:35:10 - [TEST_STEP][PASSED] - click: Object: 'Object Repository/Finance/BaseTestCases_OpenEntries_Service/OpenEntries_DocumentNo' is clicked on

2017-11-17 11:35:11 - [MESSAGE][PASSED] - Object: 'Object Repository/Finance/BaseTestCases_OpenEntries_Service/OpenEntries_DocumentNo' is clicked on

2017-11-17 11:35:11 - [TEST_STEP][PASSED] - setText: Text 'ARS' is set on object 'Object Repository/Finance/BaseTestCases_OpenEntries_Service/OpenEntries_DocumentType'

2017-11-17 11:35:11 - [MESSAGE][PASSED] - Text 'ARS' is set on object 'Object Repository/Finance/BaseTestCases_OpenEntries_Service/OpenEntries_DocumentType'

2017-11-17 11:35:11 - [TEST_STEP][NOT_RUN] - sendKeys: NOT_RUN: sendKeys

2017-11-17 11:35:11 - [MESSAGE][NOT_RUN] - NOT_RUN: sendKeys

2017-11-17 11:35:11 - [TEST_STEP][NOT_RUN] - delay: NOT_RUN: delay

2017-11-17 11:35:11 - [MESSAGE][NOT_RUN] - NOT_RUN: delay

2017-11-17 11:35:11 - [TEST_STEP][PASSED] - setText: Text '16000200' is set on object 'Object Repository/Finance/BaseTestCases_OpenEntries_Service/OpenEntries_DocumentNo'

2017-11-17 11:35:11 - [MESSAGE][PASSED] - Text '16000200' is set on object 'Object Repository/Finance/BaseTestCases_OpenEntries_Service/OpenEntries_DocumentNo'

2017-11-17 11:35:11 - [TEST_STEP][NOT_RUN] - delay: NOT_RUN: delay

2017-11-17 11:35:11 - [MESSAGE][NOT_RUN] - NOT_RUN: delay

2017-11-17 11:35:11 - [TEST_STEP][NOT_RUN] - sendKeys: NOT_RUN: sendKeys

2017-11-17 11:35:11 - [MESSAGE][NOT_RUN] - NOT_RUN: sendKeys

2017-11-17 11:35:11 - [TEST_STEP][PASSED] - click: Object: 'Object Repository/Finance/BaseTestCases_OpenEntries_Service/OpenEntries_Action' is clicked on

2017-11-17 11:35:12 - [MESSAGE][PASSED] - Object: 'Object Repository/Finance/BaseTestCases_OpenEntries_Service/OpenEntries_Action' is clicked on

2017-11-17 11:35:12 - [TEST_STEP][PASSED] - click: Object: 'Object Repository/Finance/BaseTestCases_OpenEntries_Service/OpenEntries.FullyPaid' is clicked on

2017-11-17 11:35:13 - [MESSAGE][PASSED] - Object: 'Object Repository/Finance/BaseTestCases_OpenEntries_Service/OpenEntries.FullyPaid' is clicked on

2017-11-17 11:35:13 - [TEST_STEP][PASSED] - delay: Delayed 5 second(s)

2017-11-17 11:35:18 - [MESSAGE][PASSED] - Delayed 5 second(s)

2017-11-17 11:35:18 - [TEST_STEP][PASSED] - scrollToElement: Scroll to object 'Object Repository/Finance/BaseTestCases_OpenEntries_Service/OpenEntries.InvoiceAmt' successfully

2017-11-17 11:35:18 - [MESSAGE][PASSED] - Scroll to object 'Object Repository/Finance/BaseTestCases_OpenEntries_Service/OpenEntries.InvoiceAmt' successfully

2017-11-17 11:35:18 - [TEST_STEP][PASSED] - delay: Delayed 5 second(s)

2017-11-17 11:35:23 - [MESSAGE][PASSED] - Delayed 5 second(s)

2017-11-17 11:35:23 - [TEST_STEP][PASSED] - Statement - BalanceAmount = com.kms.katalon.core.webui.keyword.WebUiBuiltInKeywords.getText(com.kms.katalon.core.testobject.ObjectRepository.findTestObject(Finance/BaseTestCases_OpenEntries_Service/OpenEntries.BalanceAmt)): Text of object 'Object Repository/Finance/BaseTestCases_OpenEntries_Service/OpenEntries.BalanceAmt' is: '0.00'

2017-11-17 11:35:23 - [MESSAGE][PASSED] - Text of object 'Object Repository/Finance/BaseTestCases_OpenEntries_Service/OpenEntries.BalanceAmt' is: '0.00'

2017-11-17 11:35:23 - [TEST_STEP][PASSED] - verifyEqual: Actual object '0.00' and expected object '0.00' are equal

2017-11-17 11:35:23 - [MESSAGE][PASSED] - Actual object '0.00' and expected object '0.00' are equal

2017-11-17 11:35:23 - [TEST_STEP][PASSED] - click: Object: 'Object Repository/Finance/BaseTestCases_OpenEntries_Service/OpenEntries.Reference' is clicked on

2017-11-17 11:35:23 - [MESSAGE][PASSED] - Object: 'Object Repository/Finance/BaseTestCases_OpenEntries_Service/OpenEntries.Reference' is clicked on

2017-11-17 11:35:23 - [TEST_STEP][PASSED] - setText: Text '' is set on object 'Object Repository/Finance/BaseTestCases_OpenEntries_Service/OpenEntries_DocumentType'

2017-11-17 11:35:23 - [MESSAGE][PASSED] - Text '' is set on object 'Object Repository/Finance/BaseTestCases_OpenEntries_Service/OpenEntries_DocumentType'

2017-11-17 11:35:23 - [TEST_STEP][PASSED] - setText: Text '' is set on object 'Object Repository/Finance/BaseTestCases_OpenEntries_Service/OpenEntries_DocumentNo'

2017-11-17 11:35:24 - [MESSAGE][PASSED] - Text '' is set on object 'Object Repository/Finance/BaseTestCases_OpenEntries_Service/OpenEntries_DocumentNo'

2017-11-17 11:35:24 - [TEST_STEP][PASSED] - sendKeys: Keys 'TAB + ' sent to object: 'Object Repository/Finance/BaseTestCases_OpenEntries_Service/OpenEntries_DocumentType'

2017-11-17 11:35:24 - [MESSAGE][PASSED] - Keys 'TAB + ' sent to object: 'Object Repository/Finance/BaseTestCases_OpenEntries_Service/OpenEntries_DocumentType'

2017-11-17 11:35:24 - [TEST_STEP][PASSED] - sendKeys: Keys 'TAB + ' sent to object: 'Object Repository/Finance/BaseTestCases_OpenEntries_Service/OpenEntries_DocumentNo'

2017-11-17 11:35:24 - [MESSAGE][PASSED] - Keys 'TAB + ' sent to object: 'Object Repository/Finance/BaseTestCases_OpenEntries_Service/OpenEntries_DocumentNo'

2017-11-17 11:35:24 - [TEST_STEP][PASSED] - sendKeys: Keys 'M00000010 (ARS/16000200)' sent to object: 'Object Repository/Finance/BaseTestCases_OpenEntries_Service/OpenEntries.Reference'

2017-11-17 11:35:25 - [MESSAGE][PASSED] - Keys 'M00000010 (ARS/16000200)' sent to object: 'Object Repository/Finance/BaseTestCases_OpenEntries_Service/OpenEntries.Reference'

2017-11-17 11:35:25 - [TEST_STEP][PASSED] - click: Object: 'Object Repository/Finance/BaseTestCases_OpenEntries_Service/OpenEntries_DocumentNo' is clicked on

2017-11-17 11:35:25 - [MESSAGE][PASSED] - Object: 'Object Repository/Finance/BaseTestCases_OpenEntries_Service/OpenEntries_DocumentNo' is clicked on

2017-11-17 11:35:25 - [TEST_STEP][PASSED] - delay: Delayed 3 second(s)

2017-11-17 11:35:28 - [MESSAGE][PASSED] - Delayed 3 second(s)

2017-11-17 11:35:28 - [TEST_STEP][PASSED] - scrollToElement: Scroll to object 'Object Repository/Finance/BaseTestCases_OpenEntries_Service/OpenEntries.BalanceAmt' successfully

2017-11-17 11:35:28 - [MESSAGE][PASSED] - Scroll to object 'Object Repository/Finance/BaseTestCases_OpenEntries_Service/OpenEntries.BalanceAmt' successfully

2017-11-17 11:35:28 - [TEST_STEP][PASSED] - Statement - BalanceAmount = com.kms.katalon.core.webui.keyword.WebUiBuiltInKeywords.getText(com.kms.katalon.core.testobject.ObjectRepository.findTestObject(Finance/BaseTestCases_OpenEntries_Service/OpenEntries.BalanceAmt)): Text of object 'Object Repository/Finance/BaseTestCases_OpenEntries_Service/OpenEntries.BalanceAmt' is: '900.00'

2017-11-17 11:35:28 - [MESSAGE][PASSED] - Text of object 'Object Repository/Finance/BaseTestCases_OpenEntries_Service/OpenEntries.BalanceAmt' is: '900.00'

2017-11-17 11:35:28 - [TEST_STEP][PASSED] - Statement - InvoiceAmount = com.kms.katalon.core.webui.keyword.WebUiBuiltInKeywords.getText(com.kms.katalon.core.testobject.ObjectRepository.findTestObject(Finance/BaseTestCases_OpenEntries_Service/OpenEntries.InvoiceAmt)): Text of object 'Object Repository/Finance/BaseTestCases_OpenEntries_Service/OpenEntries.InvoiceAmt' is: '1,200.00'

2017-11-17 11:35:28 - [MESSAGE][PASSED] - Text of object 'Object Repository/Finance/BaseTestCases_OpenEntries_Service/OpenEntries.InvoiceAmt' is: '1,200.00'

2017-11-17 11:35:28 - [TEST_STEP][FAILED] - verifyEqual: Unable to verify equal between actual object '900.00' and expected object '1,200.00' (Root cause: Actual object '900.00' and expected object '1,200.00' are not equal)

2017-11-17 11:35:28 - [MESSAGE][FAILED] - Unable to verify equal between actual object '900.00' and expected object '1,200.00' (Root cause: Actual object '900.00' and expected object '1,200.00' are not equal)

2017-11-17 11:35:28 - [TEST_STEP][NOT_RUN] - closeBrowser: NOT_RUN: closeBrowser

2017-11-17 11:35:28 - [MESSAGE][NOT_RUN] - NOT_RUN: closeBrowser

2017-11-17 11:35:29 - [MESSAGE][FAILED] - Unable to call Test Case with id 'Test Cases/Finance/BaseTestCases/Base_Finance_CheckOpenEntriesForCCInvoice1' (Root cause: Call Test Case 'Test Cases/Finance/BaseTestCases/Base_Finance_CheckOpenEntriesForCCInvoice1' failed)]]></system-out>
         <system-err><![CDATA[2017-11-17 11:32:12 - [TEST_CASE][FAILED] - Test Cases/Parts/CreditCardRegression/TC001_Parts_CreditCard - Iteration 1: Test Cases/Parts/CreditCardRegression/TC001_Parts_CreditCard FAILED because (of) Unable to verify equal between actual object '900.00' and expected object '1,200.00' (Root cause: Actual object '900.00' and expected object '1,200.00' are not equal)]]></system-err>
      </testcase>
      <testcase name="Test Cases/Parts/CreditCardRegression/TC001_Parts_CreditCard - Iteration 2" classname="Test Cases/Parts/CreditCardRegression/TC001_Parts_CreditCard" status="PASSED">
         <system-out><![CDATA[2017-11-17 11:35:29 - [TEST_CASE][PASSED] - Test Cases/Parts/CreditCardRegression/TC001_Parts_CreditCard - Iteration 2: Test Cases/Parts/CreditCardRegression/TC001_Parts_CreditCard

2017-11-17 11:35:29 - [TEST_STEP][PASSED] - callTestCase: Call Test Case 'Test Cases/Parts/BaseTestCases/Base_Part_CreateHeader_WithCC' successfully

2017-11-17 11:35:29 - [TEST_CASE][PASSED] - Test Cases/Parts/BaseTestCases/Base_Part_CreateHeader_WithCC: Test Cases/Parts/BaseTestCases/Base_Part_CreateHeader_WithCC

2017-11-17 11:35:29 - [TEST_STEP][PASSED] - callTestCase: Call Test Case 'Test Cases/Common/Base_Common_OpenSession' successfully

2017-11-17 11:35:29 - [TEST_CASE][PASSED] - Test Cases/Common/Base_Common_OpenSession: Test Cases/Common/Base_Common_OpenSession

2017-11-17 11:35:29 - [TEST_STEP][PASSED] - openBrowser: Browser is opened with url: 'https://rgajbhiye:Robin$123@proxima-ln4.e-emphasys.com:8441/webui/servlet/login'

2017-11-17 11:35:29 - [MESSAGE][WARNING] - A browser is already opened. Closing browser and opening a new one

2017-11-17 11:35:35 - [MESSAGE][PASSED] - Browser is opened with url: 'https://rgajbhiye:Robin$123@proxima-ln4.e-emphasys.com:8441/webui/servlet/login'

2017-11-17 11:35:35 - [TEST_STEP][PASSED] - waitForPageLoad: Wait for page load successfully

2017-11-17 11:35:35 - [MESSAGE][PASSED] - Wait for page load successfully

2017-11-17 11:35:35 - [TEST_STEP][PASSED] - maximizeWindow: Current window maximized

2017-11-17 11:35:35 - [MESSAGE][PASSED] - Current window maximized

2017-11-17 11:35:35 - [TEST_STEP][PASSED] - click: Object: 'Object Repository/Common/HomePage/HomePage_more' is clicked on

2017-11-17 11:35:39 - [MESSAGE][PASSED] - Object: 'Object Repository/Common/HomePage/HomePage_more' is clicked on

2017-11-17 11:35:39 - [TEST_STEP][PASSED] - click: Object: 'Object Repository/Common/HomePage/HomePage_Option' is clicked on

2017-11-17 11:35:39 - [MESSAGE][PASSED] - Object: 'Object Repository/Common/HomePage/HomePage_Option' is clicked on

2017-11-17 11:35:39 - [TEST_STEP][PASSED] - click: Object: 'Object Repository/Common/HomePage/HomePage_RunProgram_' is clicked on

2017-11-17 11:35:39 - [MESSAGE][PASSED] - Object: 'Object Repository/Common/HomePage/HomePage_RunProgram_' is clicked on

2017-11-17 11:35:39 - [TEST_STEP][PASSED] - sendKeys: Keys 'tdsls4500m002' sent to object: 'Object Repository/Common/HomePage/HomePage_Session_ID'

2017-11-17 11:35:39 - [MESSAGE][PASSED] - Keys 'tdsls4500m002' sent to object: 'Object Repository/Common/HomePage/HomePage_Session_ID'

2017-11-17 11:35:39 - [TEST_STEP][PASSED] - click: Object: 'Object Repository/Common/HomePage/HomePage_OkButton' is clicked on

2017-11-17 11:35:40 - [MESSAGE][PASSED] - Object: 'Object Repository/Common/HomePage/HomePage_OkButton' is clicked on

2017-11-17 11:35:40 - [MESSAGE][PASSED] - Call Test Case 'Test Cases/Common/Base_Common_OpenSession' successfully

2017-11-17 11:35:40 - [TEST_STEP][PASSED] - click: Object: 'Object Repository/Parts/PartsSalesOrder/PartsSaleOrderHeader/PartSaleOrder_NewButton' is clicked on

2017-11-17 11:35:43 - [MESSAGE][PASSED] - Object: 'Object Repository/Parts/PartsSalesOrder/PartsSaleOrderHeader/PartSaleOrder_NewButton' is clicked on

2017-11-17 11:35:43 - [TEST_STEP][PASSED] - waitForElementPresent: Object 'Object Repository/Parts/PartsSalesOrder/PartsSaleOrderHeader/Partsalesorder_customer' is present

2017-11-17 11:35:45 - [MESSAGE][PASSED] - Object 'Object Repository/Parts/PartsSalesOrder/PartsSaleOrderHeader/Partsalesorder_customer' is present

2017-11-17 11:35:45 - [TEST_STEP][PASSED] - setText: Text 'M00000010' is set on object 'Object Repository/Parts/PartsSalesOrder/PartsSaleOrderHeader/Partsalesorder_customer'

2017-11-17 11:35:46 - [MESSAGE][PASSED] - Text 'M00000010' is set on object 'Object Repository/Parts/PartsSalesOrder/PartsSaleOrderHeader/Partsalesorder_customer'

2017-11-17 11:35:46 - [TEST_STEP][NOT_RUN] - sendKeys: NOT_RUN: sendKeys

2017-11-17 11:35:46 - [MESSAGE][NOT_RUN] - NOT_RUN: sendKeys

2017-11-17 11:35:46 - [TEST_STEP][PASSED] - click: Object: 'Object Repository/Parts/PartsSalesOrder/PartsSaleOrderHeader/PartSalesOrder_Tax' is clicked on

2017-11-17 11:35:46 - [MESSAGE][PASSED] - Object: 'Object Repository/Parts/PartsSalesOrder/PartsSaleOrderHeader/PartSalesOrder_Tax' is clicked on

2017-11-17 11:35:46 - [TEST_STEP][PASSED] - click: Object: 'Object Repository/Parts/PartsSalesOrder/PartsSaleOrderHeader/PartSalesorder_Save' is clicked on

2017-11-17 11:35:46 - [MESSAGE][PASSED] - Object: 'Object Repository/Parts/PartsSalesOrder/PartsSaleOrderHeader/PartSalesorder_Save' is clicked on

2017-11-17 11:35:46 - [TEST_STEP][PASSED] - dragAndDropByOffset: Dragged object with id 'Object Repository/Parts/PartsSalesOrder/PartsSaleOrderHeader/PartSalesOrder_scroller' by offset distance x = 0 and y = -100 successfully

2017-11-17 11:35:53 - [MESSAGE][PASSED] - Dragged object with id 'Object Repository/Parts/PartsSalesOrder/PartsSaleOrderHeader/PartSalesOrder_scroller' by offset distance x = 0 and y = -100 successfully

2017-11-17 11:35:53 - [TEST_STEP][PASSED] - delay: Delayed 5 second(s)

2017-11-17 11:35:58 - [MESSAGE][PASSED] - Delayed 5 second(s)

2017-11-17 11:35:58 - [TEST_STEP][PASSED] - Statement - G_Part_PSO = com.kms.katalon.core.webui.keyword.WebUiBuiltInKeywords.getAttribute(com.kms.katalon.core.testobject.ObjectRepository.findTestObject(Parts/PartsSalesOrder/PartsSaleOrderHeader/PartSalesOrder_OrderNo), "value"): Attribute 'value' of object 'Object Repository/Parts/PartsSalesOrder/PartsSaleOrderHeader/PartSalesOrder_OrderNo' is: 'TP0001021'

2017-11-17 11:35:59 - [MESSAGE][PASSED] - Attribute 'value' of object 'Object Repository/Parts/PartsSalesOrder/PartsSaleOrderHeader/PartSalesOrder_OrderNo' is: 'TP0001021'

2017-11-17 11:35:59 - [TEST_STEP][PASSED] - Statement - println("sale order number" + G_Part_PSO): null

2017-11-17 11:35:59 - [TEST_STEP][PASSED] - click: Object: 'Object Repository/Parts/PartsSalesOrder/PartsSaleOrderHeader/PartSaleOrder_OtherDetailsTab' is clicked on

2017-11-17 11:35:59 - [MESSAGE][PASSED] - Object: 'Object Repository/Parts/PartsSalesOrder/PartsSaleOrderHeader/PartSaleOrder_OtherDetailsTab' is clicked on

2017-11-17 11:35:59 - [TEST_STEP][PASSED] - delay: Delayed 2 second(s)

2017-11-17 11:36:01 - [MESSAGE][PASSED] - Delayed 2 second(s)

2017-11-17 11:36:01 - [TEST_STEP][PASSED] - click: Object: 'Object Repository/Parts/PartsSalesOrder/PartsSaleOrderHeader/PartSalesOrder_ModeOfPayment' is clicked on

2017-11-17 11:36:01 - [MESSAGE][PASSED] - Object: 'Object Repository/Parts/PartsSalesOrder/PartsSaleOrderHeader/PartSalesOrder_ModeOfPayment' is clicked on

2017-11-17 11:36:01 - [TEST_STEP][PASSED] - click: Object: 'Object Repository/Parts/PartsSalesOrder/PartsSaleOrderHeader/PartSalesOrder_CreditCardOption' is clicked on

2017-11-17 11:36:01 - [MESSAGE][PASSED] - Object: 'Object Repository/Parts/PartsSalesOrder/PartsSaleOrderHeader/PartSalesOrder_CreditCardOption' is clicked on

2017-11-17 11:36:01 - [TEST_STEP][PASSED] - click: Object: 'Object Repository/Parts/PartsSalesOrder/PartsSaleOrderHeader/PartSalesorder_Save' is clicked on

2017-11-17 11:36:01 - [MESSAGE][PASSED] - Object: 'Object Repository/Parts/PartsSalesOrder/PartsSaleOrderHeader/PartSalesorder_Save' is clicked on

2017-11-17 11:36:01 - [MESSAGE][PASSED] - Call Test Case 'Test Cases/Parts/BaseTestCases/Base_Part_CreateHeader_WithCC' successfully

2017-11-17 11:36:01 - [TEST_STEP][PASSED] - callTestCase: Call Test Case 'Test Cases/Parts/BaseTestCases/Base_Part_AddPartLinePos1' successfully

2017-11-17 11:36:01 - [TEST_CASE][PASSED] - Test Cases/Parts/BaseTestCases/Base_Part_AddPartLinePos1: Test Cases/Parts/BaseTestCases/Base_Part_AddPartLinePos1

2017-11-17 11:36:01 - [TEST_STEP][PASSED] - click: Object: 'Object Repository/Parts/PartsSalesOrder/PartSalesOrderLine1/PartSaleOrderLine1_newpart' is clicked on

2017-11-17 11:36:05 - [MESSAGE][PASSED] - Object: 'Object Repository/Parts/PartsSalesOrder/PartSalesOrderLine1/PartSaleOrderLine1_newpart' is clicked on

2017-11-17 11:36:05 - [TEST_STEP][PASSED] - delay: Delayed 3 second(s)

2017-11-17 11:36:08 - [MESSAGE][PASSED] - Delayed 3 second(s)

2017-11-17 11:36:08 - [TEST_STEP][PASSED] - setText: Text 'KP3' is set on object 'Object Repository/Parts/PartsSalesOrder/PartSalesOrderLine1/PartSaleOrderLine1_PartNumber'

2017-11-17 11:36:09 - [MESSAGE][PASSED] - Text 'KP3' is set on object 'Object Repository/Parts/PartsSalesOrder/PartSalesOrderLine1/PartSaleOrderLine1_PartNumber'

2017-11-17 11:36:09 - [TEST_STEP][PASSED] - scrollToElement: Scroll to object 'Object Repository/Parts/PartsSalesOrder/PartSalesOrderLine1/PartSaleOrderLine1_Quantity' successfully

2017-11-17 11:36:13 - [MESSAGE][PASSED] - Scroll to object 'Object Repository/Parts/PartsSalesOrder/PartSalesOrderLine1/PartSaleOrderLine1_Quantity' successfully

2017-11-17 11:36:13 - [TEST_STEP][PASSED] - click: Object: 'Object Repository/Parts/PartsSalesOrder/PartSalesOrderLine1/PartSaleOrderLine1_Quantity' is clicked on

2017-11-17 11:36:17 - [MESSAGE][PASSED] - Object: 'Object Repository/Parts/PartsSalesOrder/PartSalesOrderLine1/PartSaleOrderLine1_Quantity' is clicked on

2017-11-17 11:36:17 - [TEST_STEP][PASSED] - setText: Text '3' is set on object 'Object Repository/Parts/PartsSalesOrder/PartSalesOrderLine1/PartSaleOrderLine1-Qty1'

2017-11-17 11:36:19 - [MESSAGE][PASSED] - Text '3' is set on object 'Object Repository/Parts/PartsSalesOrder/PartSalesOrderLine1/PartSaleOrderLine1-Qty1'

2017-11-17 11:36:19 - [TEST_STEP][PASSED] - click: Object: 'Object Repository/Parts/PartsSalesOrder/PartsSaleOrderHeader/PartSalesorder_Save' is clicked on

2017-11-17 11:36:19 - [MESSAGE][PASSED] - Object: 'Object Repository/Parts/PartsSalesOrder/PartsSaleOrderHeader/PartSalesorder_Save' is clicked on

2017-11-17 11:36:19 - [TEST_STEP][PASSED] - delay: Delayed 10 second(s)

2017-11-17 11:36:29 - [MESSAGE][PASSED] - Delayed 10 second(s)

2017-11-17 11:36:29 - [TEST_STEP][NOT_RUN] - scrollToElement: NOT_RUN: scrollToElement

2017-11-17 11:36:29 - [MESSAGE][NOT_RUN] - NOT_RUN: scrollToElement

2017-11-17 11:36:29 - [TEST_STEP][NOT_RUN] - Statement - G_InvoiceAmt = com.kms.katalon.core.webui.keyword.WebUiBuiltInKeywords.getText(com.kms.katalon.core.testobject.ObjectRepository.findTestObject(tdtre4101m002/Line1/firmPrice)): NOT_RUN: Statement - G_InvoiceAmt = com.kms.katalon.core.webui.keyword.WebUiBuiltInKeywords.getText(com.kms.katalon.core.testobject.ObjectRepository.findTestObject(tdtre4101m002/Line1/firmPrice))

2017-11-17 11:36:29 - [MESSAGE][NOT_RUN] - NOT_RUN: Statement - G_InvoiceAmt = com.kms.katalon.core.webui.keyword.WebUiBuiltInKeywords.getText(com.kms.katalon.core.testobject.ObjectRepository.findTestObject(tdtre4101m002/Line1/firmPrice))

2017-11-17 11:36:29 - [TEST_STEP][NOT_RUN] - Statement - Qty1 = com.kms.katalon.core.webui.keyword.WebUiBuiltInKeywords.getText(com.kms.katalon.core.testobject.ObjectRepository.findTestObject(tdtre4101m002/Line1/input_tdtre4101s002-Qty)): NOT_RUN: Statement - Qty1 = com.kms.katalon.core.webui.keyword.WebUiBuiltInKeywords.getText(com.kms.katalon.core.testobject.ObjectRepository.findTestObject(tdtre4101m002/Line1/input_tdtre4101s002-Qty))

2017-11-17 11:36:29 - [MESSAGE][NOT_RUN] - NOT_RUN: Statement - Qty1 = com.kms.katalon.core.webui.keyword.WebUiBuiltInKeywords.getText(com.kms.katalon.core.testobject.ObjectRepository.findTestObject(tdtre4101m002/Line1/input_tdtre4101s002-Qty))

2017-11-17 11:36:29 - [TEST_STEP][NOT_RUN] - Statement - G_OrderLineAmt = G_FirmPrice * Qty1: NOT_RUN: Statement - G_OrderLineAmt = G_FirmPrice * Qty1

2017-11-17 11:36:29 - [MESSAGE][NOT_RUN] - NOT_RUN: Statement - G_OrderLineAmt = G_FirmPrice * Qty1

2017-11-17 11:36:29 - [TEST_STEP][NOT_RUN] - Statement - println("GlobalVariable.G_FirmPrice" + G_FirmPrice): NOT_RUN: Statement - println("GlobalVariable.G_FirmPrice" + G_FirmPrice)

2017-11-17 11:36:29 - [MESSAGE][NOT_RUN] - NOT_RUN: Statement - println("GlobalVariable.G_FirmPrice" + G_FirmPrice)

2017-11-17 11:36:29 - [TEST_STEP][NOT_RUN] - Statement - println("GlobalVariable.G_OrderLineAmt" + G_OrderLineAmt): NOT_RUN: Statement - println("GlobalVariable.G_OrderLineAmt" + G_OrderLineAmt)

2017-11-17 11:36:29 - [MESSAGE][NOT_RUN] - NOT_RUN: Statement - println("GlobalVariable.G_OrderLineAmt" + G_OrderLineAmt)

2017-11-17 11:36:29 - [MESSAGE][PASSED] - Call Test Case 'Test Cases/Parts/BaseTestCases/Base_Part_AddPartLinePos1' successfully

2017-11-17 11:36:29 - [TEST_STEP][PASSED] - callTestCase: Call Test Case 'Test Cases/Parts/BaseTestCases/Base_Part_PickPacknInvoiceWithCC' successfully

2017-11-17 11:36:29 - [TEST_CASE][PASSED] - Test Cases/Parts/BaseTestCases/Base_Part_PickPacknInvoiceWithCC: Test Cases/Parts/BaseTestCases/Base_Part_PickPacknInvoiceWithCC

2017-11-17 11:36:29 - [TEST_STEP][PASSED] - click: Object: 'Object Repository/Parts/PartsSalesOrder/PartsSaleOrderHeader/PartSalesOrder_Action' is clicked on

2017-11-17 11:36:29 - [MESSAGE][PASSED] - Object: 'Object Repository/Parts/PartsSalesOrder/PartsSaleOrderHeader/PartSalesOrder_Action' is clicked on

2017-11-17 11:36:29 - [TEST_STEP][PASSED] - delay: Delayed 3 second(s)

2017-11-17 11:36:32 - [MESSAGE][PASSED] - Delayed 3 second(s)

2017-11-17 11:36:32 - [TEST_STEP][PASSED] - waitForElementClickable: Object 'Object Repository/Parts/PartsSalesOrder/PartsSaleOrderHeader/PartSalesOrder_PickPacknInvoice' is clickable

2017-11-17 11:36:32 - [MESSAGE][PASSED] - Object 'Object Repository/Parts/PartsSalesOrder/PartsSaleOrderHeader/PartSalesOrder_PickPacknInvoice' is clickable

2017-11-17 11:36:32 - [TEST_STEP][PASSED] - click: Object: 'Object Repository/Parts/PartsSalesOrder/PartsSaleOrderHeader/PartSalesOrder_PickPacknInvoice' is clicked on

2017-11-17 11:36:32 - [MESSAGE][PASSED] - Object: 'Object Repository/Parts/PartsSalesOrder/PartsSaleOrderHeader/PartSalesOrder_PickPacknInvoice' is clicked on

2017-11-17 11:36:33 - [TEST_STEP][PASSED] - delay: Delayed 5 second(s)

2017-11-17 11:36:38 - [MESSAGE][PASSED] - Delayed 5 second(s)

2017-11-17 11:36:38 - [TEST_STEP][NOT_RUN] - click: NOT_RUN: click

2017-11-17 11:36:38 - [MESSAGE][NOT_RUN] - NOT_RUN: click

2017-11-17 11:36:38 - [TEST_STEP][PASSED] - Statement - If (com.kms.katalon.core.webui.keyword.WebUiBuiltInKeywords.verifyElementVisible(com.kms.katalon.core.testobject.ObjectRepository.findTestObject(Object Repository/Parts/PartsSalesOrder/PartsSaleOrderHeader/PartSalesOrder_LocationOption)) == true): Object: 'Object Repository/Parts/PartsSalesOrder/PartsSaleOrderHeader/PartSalesOrder_LocationOption' is clicked on

2017-11-17 11:36:38 - [MESSAGE][PASSED] - Object 'Object Repository/Parts/PartsSalesOrder/PartsSaleOrderHeader/PartSalesOrder_LocationOption' is visible

2017-11-17 11:36:38 - [TEST_STEP][PASSED] - click: Object: 'Object Repository/Parts/PartsSalesOrder/PartsSaleOrderHeader/PartSalesOrder_LocationOption' is clicked on

2017-11-17 11:36:38 - [MESSAGE][PASSED] - Object: 'Object Repository/Parts/PartsSalesOrder/PartsSaleOrderHeader/PartSalesOrder_LocationOption' is clicked on

2017-11-17 11:36:38 - [TEST_STEP][PASSED] - delay: Delayed 3 second(s)

2017-11-17 11:36:41 - [MESSAGE][PASSED] - Delayed 3 second(s)

2017-11-17 11:36:41 - [TEST_STEP][NOT_RUN] - Statement - If (com.kms.katalon.core.webui.keyword.WebUiBuiltInKeywords.verifyElementVisible(com.kms.katalon.core.testobject.ObjectRepository.findTestObject(Object Repository/Parts/PartsSalesOrder/PartsSaleOrderHeader/PartSaleOrder_PackingSlipClose)) == true): NOT_RUN: Statement - If (com.kms.katalon.core.webui.keyword.WebUiBuiltInKeywords.verifyElementVisible(com.kms.katalon.core.testobject.ObjectRepository.findTestObject(Object Repository/Parts/PartsSalesOrder/PartsSaleOrderHeader/PartSaleOrder_PackingSlipClose)) == true)

2017-11-17 11:36:41 - [MESSAGE][NOT_RUN] - NOT_RUN: Statement - If (com.kms.katalon.core.webui.keyword.WebUiBuiltInKeywords.verifyElementVisible(com.kms.katalon.core.testobject.ObjectRepository.findTestObject(Object Repository/Parts/PartsSalesOrder/PartsSaleOrderHeader/PartSaleOrder_PackingSlipClose)) == true)

2017-11-17 11:36:41 - [TEST_STEP][PASSED] - click: Object: 'Object Repository/Parts/PartsSalesOrder/PartsSaleOrderHeader/PartSalesOrder_ContinueInvoiceOption' is clicked on

2017-11-17 11:36:43 - [MESSAGE][PASSED] - Object: 'Object Repository/Parts/PartsSalesOrder/PartsSaleOrderHeader/PartSalesOrder_ContinueInvoiceOption' is clicked on

2017-11-17 11:36:43 - [TEST_STEP][PASSED] - delay: Delayed 3 second(s)

2017-11-17 11:36:46 - [MESSAGE][PASSED] - Delayed 3 second(s)

2017-11-17 11:36:46 - [TEST_STEP][PASSED] - setText: Text 'GLOBAL' is set on object 'Object Repository/Parts/PartsSalesOrder/PartSalesOrder_CCInterface/CCInterface_PaymentGateway'

2017-11-17 11:36:46 - [MESSAGE][PASSED] - Text 'GLOBAL' is set on object 'Object Repository/Parts/PartsSalesOrder/PartSalesOrder_CCInterface/CCInterface_PaymentGateway'

2017-11-17 11:36:46 - [TEST_STEP][PASSED] - doubleClick: Object: 'Object Repository/Parts/PartsSalesOrder/PartSalesOrder_CCInterface/CCInterface_CardType' is double clicked on

2017-11-17 11:36:47 - [MESSAGE][PASSED] - Object: 'Object Repository/Parts/PartsSalesOrder/PartSalesOrder_CCInterface/CCInterface_CardType' is double clicked on

2017-11-17 11:36:47 - [TEST_STEP][PASSED] - setText: Text 'DEBIT MASTERCARD' is set on object 'Object Repository/Parts/PartsSalesOrder/PartSalesOrder_CCInterface/CCInterface_CardType'

2017-11-17 11:36:47 - [MESSAGE][PASSED] - Text 'DEBIT MASTERCARD' is set on object 'Object Repository/Parts/PartsSalesOrder/PartSalesOrder_CCInterface/CCInterface_CardType'

2017-11-17 11:36:47 - [TEST_STEP][PASSED] - delay: Delayed 3 second(s)

2017-11-17 11:36:50 - [MESSAGE][PASSED] - Delayed 3 second(s)

2017-11-17 11:36:50 - [TEST_STEP][PASSED] - doubleClick: Object: 'Object Repository/Parts/PartsSalesOrder/PartSalesOrder_CCInterface/CCInterface_CardNo' is double clicked on

2017-11-17 11:36:50 - [MESSAGE][PASSED] - Object: 'Object Repository/Parts/PartsSalesOrder/PartSalesOrder_CCInterface/CCInterface_CardNo' is double clicked on

2017-11-17 11:36:50 - [TEST_STEP][PASSED] - delay: Delayed 2 second(s)

2017-11-17 11:36:52 - [MESSAGE][PASSED] - Delayed 2 second(s)

2017-11-17 11:36:52 - [TEST_STEP][PASSED] - setText: Text '5100270000000007' is set on object 'Object Repository/Parts/PartsSalesOrder/PartSalesOrder_CCInterface/CCInterface_CardNo'

2017-11-17 11:36:52 - [MESSAGE][PASSED] - Text '5100270000000007' is set on object 'Object Repository/Parts/PartsSalesOrder/PartSalesOrder_CCInterface/CCInterface_CardNo'

2017-11-17 11:36:52 - [TEST_STEP][PASSED] - doubleClick: Object: 'Object Repository/Parts/PartsSalesOrder/PartSalesOrder_CCInterface/CCInterface_CVV' is double clicked on

2017-11-17 11:36:53 - [MESSAGE][PASSED] - Object: 'Object Repository/Parts/PartsSalesOrder/PartSalesOrder_CCInterface/CCInterface_CVV' is double clicked on

2017-11-17 11:36:53 - [TEST_STEP][PASSED] - delay: Delayed 2 second(s)

2017-11-17 11:36:55 - [MESSAGE][PASSED] - Delayed 2 second(s)

2017-11-17 11:36:55 - [TEST_STEP][PASSED] - setText: Text '555' is set on object 'Object Repository/Parts/PartsSalesOrder/PartSalesOrder_CCInterface/CCInterface_CVV'

2017-11-17 11:36:55 - [MESSAGE][PASSED] - Text '555' is set on object 'Object Repository/Parts/PartsSalesOrder/PartSalesOrder_CCInterface/CCInterface_CVV'

2017-11-17 11:36:55 - [TEST_STEP][PASSED] - doubleClick: Object: 'Object Repository/Parts/PartsSalesOrder/PartSalesOrder_CCInterface/CCInterface_MM' is double clicked on

2017-11-17 11:36:55 - [MESSAGE][PASSED] - Object: 'Object Repository/Parts/PartsSalesOrder/PartSalesOrder_CCInterface/CCInterface_MM' is double clicked on

2017-11-17 11:36:55 - [TEST_STEP][PASSED] - delay: Delayed 2 second(s)

2017-11-17 11:36:57 - [MESSAGE][PASSED] - Delayed 2 second(s)

2017-11-17 11:36:57 - [TEST_STEP][PASSED] - setText: Text '09' is set on object 'Object Repository/Parts/PartsSalesOrder/PartSalesOrder_CCInterface/CCInterface_MM'

2017-11-17 11:36:57 - [MESSAGE][PASSED] - Text '09' is set on object 'Object Repository/Parts/PartsSalesOrder/PartSalesOrder_CCInterface/CCInterface_MM'

2017-11-17 11:36:57 - [TEST_STEP][PASSED] - doubleClick: Object: 'Object Repository/Parts/PartsSalesOrder/PartSalesOrder_CCInterface/CCInterface_YY' is double clicked on

2017-11-17 11:36:57 - [MESSAGE][PASSED] - Object: 'Object Repository/Parts/PartsSalesOrder/PartSalesOrder_CCInterface/CCInterface_YY' is double clicked on

2017-11-17 11:36:57 - [TEST_STEP][PASSED] - delay: Delayed 2 second(s)

2017-11-17 11:36:59 - [MESSAGE][PASSED] - Delayed 2 second(s)

2017-11-17 11:36:59 - [TEST_STEP][PASSED] - setText: Text '99' is set on object 'Object Repository/Parts/PartsSalesOrder/PartSalesOrder_CCInterface/CCInterface_YY'

2017-11-17 11:37:00 - [MESSAGE][PASSED] - Text '99' is set on object 'Object Repository/Parts/PartsSalesOrder/PartSalesOrder_CCInterface/CCInterface_YY'

2017-11-17 11:37:00 - [TEST_STEP][PASSED] - click: Object: 'Object Repository/Parts/PartsSalesOrder/PartSalesOrder_CCInterface/CCInterface_Process' is clicked on

2017-11-17 11:37:00 - [MESSAGE][PASSED] - Object: 'Object Repository/Parts/PartsSalesOrder/PartSalesOrder_CCInterface/CCInterface_Process' is clicked on

2017-11-17 11:37:00 - [TEST_STEP][PASSED] - delay: Delayed 5 second(s)

2017-11-17 11:37:05 - [MESSAGE][PASSED] - Delayed 5 second(s)

2017-11-17 11:37:05 - [TEST_STEP][PASSED] - waitForElementPresent: Object 'Object Repository/Parts/PartsSalesOrder/PartsSaleOrderHeader/PartSaleOrder_InvoiceRptDevice' is present

2017-11-17 11:37:18 - [MESSAGE][PASSED] - Object 'Object Repository/Parts/PartsSalesOrder/PartsSaleOrderHeader/PartSaleOrder_InvoiceRptDevice' is present

2017-11-17 11:37:18 - [TEST_STEP][PASSED] - setText: Text 'D' is set on object 'Object Repository/Parts/PartsSalesOrder/PartsSaleOrderHeader/PartSaleOrder_InvoiceRptDevice'

2017-11-17 11:37:18 - [MESSAGE][PASSED] - Text 'D' is set on object 'Object Repository/Parts/PartsSalesOrder/PartsSaleOrderHeader/PartSaleOrder_InvoiceRptDevice'

2017-11-17 11:37:18 - [TEST_STEP][PASSED] - click: Object: 'Object Repository/Parts/PartsSalesOrder/PartsSaleOrderHeader/PartSaleOrder_InvoiceRptContinue' is clicked on

2017-11-17 11:37:18 - [MESSAGE][PASSED] - Object: 'Object Repository/Parts/PartsSalesOrder/PartsSaleOrderHeader/PartSaleOrder_InvoiceRptContinue' is clicked on

2017-11-17 11:37:18 - [TEST_STEP][PASSED] - delay: Delayed 10 second(s)

2017-11-17 11:37:28 - [MESSAGE][PASSED] - Delayed 10 second(s)

2017-11-17 11:37:28 - [MESSAGE][PASSED] - Call Test Case 'Test Cases/Parts/BaseTestCases/Base_Part_PickPacknInvoiceWithCC' successfully

2017-11-17 11:37:28 - [TEST_STEP][PASSED] - callTestCase: Call Test Case 'Test Cases/Parts/BaseTestCases/Base_Part_GetInvoiceDetails' successfully

2017-11-17 11:37:28 - [TEST_CASE][PASSED] - Test Cases/Parts/BaseTestCases/Base_Part_GetInvoiceDetails: Test Cases/Parts/BaseTestCases/Base_Part_GetInvoiceDetails

2017-11-17 11:37:28 - [TEST_STEP][PASSED] - callTestCase: Call Test Case 'Test Cases/Common/Base_Common_OpenSession' successfully

2017-11-17 11:37:28 - [TEST_CASE][PASSED] - Test Cases/Common/Base_Common_OpenSession: Test Cases/Common/Base_Common_OpenSession

2017-11-17 11:37:28 - [TEST_STEP][PASSED] - openBrowser: Browser is opened with url: 'https://rgajbhiye:Robin$123@proxima-ln4.e-emphasys.com:8441/webui/servlet/login'

2017-11-17 11:37:28 - [MESSAGE][WARNING] - A browser is already opened. Closing browser and opening a new one

2017-11-17 11:37:36 - [MESSAGE][PASSED] - Browser is opened with url: 'https://rgajbhiye:Robin$123@proxima-ln4.e-emphasys.com:8441/webui/servlet/login'

2017-11-17 11:37:36 - [TEST_STEP][PASSED] - waitForPageLoad: Wait for page load successfully

2017-11-17 11:37:36 - [MESSAGE][PASSED] - Wait for page load successfully

2017-11-17 11:37:36 - [TEST_STEP][PASSED] - maximizeWindow: Current window maximized

2017-11-17 11:37:36 - [MESSAGE][PASSED] - Current window maximized

2017-11-17 11:37:36 - [TEST_STEP][PASSED] - click: Object: 'Object Repository/Common/HomePage/HomePage_more' is clicked on

2017-11-17 11:37:42 - [MESSAGE][PASSED] - Object: 'Object Repository/Common/HomePage/HomePage_more' is clicked on

2017-11-17 11:37:42 - [TEST_STEP][PASSED] - click: Object: 'Object Repository/Common/HomePage/HomePage_Option' is clicked on

2017-11-17 11:37:42 - [MESSAGE][PASSED] - Object: 'Object Repository/Common/HomePage/HomePage_Option' is clicked on

2017-11-17 11:37:42 - [TEST_STEP][PASSED] - click: Object: 'Object Repository/Common/HomePage/HomePage_RunProgram_' is clicked on

2017-11-17 11:37:42 - [MESSAGE][PASSED] - Object: 'Object Repository/Common/HomePage/HomePage_RunProgram_' is clicked on

2017-11-17 11:37:42 - [TEST_STEP][PASSED] - sendKeys: Keys 'ttaad4500' sent to object: 'Object Repository/Common/HomePage/HomePage_Session_ID'

2017-11-17 11:37:42 - [MESSAGE][PASSED] - Keys 'ttaad4500' sent to object: 'Object Repository/Common/HomePage/HomePage_Session_ID'

2017-11-17 11:37:42 - [TEST_STEP][PASSED] - click: Object: 'Object Repository/Common/HomePage/HomePage_OkButton' is clicked on

2017-11-17 11:37:43 - [MESSAGE][PASSED] - Object: 'Object Repository/Common/HomePage/HomePage_OkButton' is clicked on

2017-11-17 11:37:43 - [MESSAGE][PASSED] - Call Test Case 'Test Cases/Common/Base_Common_OpenSession' successfully

2017-11-17 11:37:43 - [TEST_STEP][PASSED] - doubleClick: Object: 'Object Repository/Parts/cisli245/cisli245_package' is double clicked on

2017-11-17 11:37:44 - [MESSAGE][PASSED] - Object: 'Object Repository/Parts/cisli245/cisli245_package' is double clicked on

2017-11-17 11:37:44 - [TEST_STEP][PASSED] - setText: Text 'ci' is set on object 'Object Repository/Parts/cisli245/cisli245_package'

2017-11-17 11:37:44 - [MESSAGE][PASSED] - Text 'ci' is set on object 'Object Repository/Parts/cisli245/cisli245_package'

2017-11-17 11:37:44 - [TEST_STEP][PASSED] - doubleClick: Object: 'Object Repository/Parts/cisli245/cisli245_module' is double clicked on

2017-11-17 11:37:44 - [MESSAGE][PASSED] - Object: 'Object Repository/Parts/cisli245/cisli245_module' is double clicked on

2017-11-17 11:37:44 - [TEST_STEP][PASSED] - setText: Text 'sli' is set on object 'Object Repository/Parts/cisli245/cisli245_module'

2017-11-17 11:37:45 - [MESSAGE][PASSED] - Text 'sli' is set on object 'Object Repository/Parts/cisli245/cisli245_module'

2017-11-17 11:37:45 - [TEST_STEP][PASSED] - delay: Delayed 2 second(s)

2017-11-17 11:37:47 - [MESSAGE][PASSED] - Delayed 2 second(s)

2017-11-17 11:37:47 - [TEST_STEP][PASSED] - doubleClick: Object: 'Object Repository/Parts/cisli245/cisli245_table' is double clicked on

2017-11-17 11:37:47 - [MESSAGE][PASSED] - Object: 'Object Repository/Parts/cisli245/cisli245_table' is double clicked on

2017-11-17 11:37:47 - [TEST_STEP][PASSED] - setText: Text '245' is set on object 'Object Repository/Parts/cisli245/cisli245_table'

2017-11-17 11:37:47 - [MESSAGE][PASSED] - Text '245' is set on object 'Object Repository/Parts/cisli245/cisli245_table'

2017-11-17 11:37:47 - [TEST_STEP][PASSED] - click: Object: 'Object Repository/Parts/cisli245/cisli245_ok' is clicked on

2017-11-17 11:37:47 - [MESSAGE][PASSED] - Object: 'Object Repository/Parts/cisli245/cisli245_ok' is clicked on

2017-11-17 11:37:47 - [TEST_STEP][NOT_RUN] - doubleClick: NOT_RUN: doubleClick

2017-11-17 11:37:47 - [MESSAGE][NOT_RUN] - NOT_RUN: doubleClick

2017-11-17 11:37:47 - [TEST_STEP][PASSED] - click: Object: 'Object Repository/Parts/cisli245/cisli245_find' is clicked on

2017-11-17 11:37:49 - [MESSAGE][PASSED] - Object: 'Object Repository/Parts/cisli245/cisli245_find' is clicked on

2017-11-17 11:37:49 - [TEST_STEP][PASSED] - doubleClick: Object: 'Object Repository/Parts/cisli245/cisli245_SaleOrder' is double clicked on

2017-11-17 11:37:49 - [MESSAGE][PASSED] - Object: 'Object Repository/Parts/cisli245/cisli245_SaleOrder' is double clicked on

2017-11-17 11:37:49 - [TEST_STEP][PASSED] - setText: Text 'TP0001021' is set on object 'Object Repository/Parts/cisli245/cisli245_SaleOrder'

2017-11-17 11:37:49 - [MESSAGE][PASSED] - Text 'TP0001021' is set on object 'Object Repository/Parts/cisli245/cisli245_SaleOrder'

2017-11-17 11:37:49 - [TEST_STEP][PASSED] - click: Object: 'Object Repository/Parts/cisli245/cisli245_oksearch' is clicked on

2017-11-17 11:37:50 - [MESSAGE][PASSED] - Object: 'Object Repository/Parts/cisli245/cisli245_oksearch' is clicked on

2017-11-17 11:37:50 - [TEST_STEP][PASSED] - delay: Delayed 3 second(s)

2017-11-17 11:37:53 - [MESSAGE][PASSED] - Delayed 3 second(s)

2017-11-17 11:37:53 - [TEST_STEP][PASSED] - getAttribute: Attribute 'value' of object 'Object Repository/Parts/cisli245/cisli245_OrderNo' is: 'TP0001021'

2017-11-17 11:37:53 - [MESSAGE][PASSED] - Attribute 'value' of object 'Object Repository/Parts/cisli245/cisli245_OrderNo' is: 'TP0001021'

2017-11-17 11:37:53 - [TEST_STEP][PASSED] - Statement - G_InvoiceTnxType = com.kms.katalon.core.webui.keyword.WebUiBuiltInKeywords.getAttribute(com.kms.katalon.core.testobject.ObjectRepository.findTestObject(Parts/cisli245/cisli245_invoice1), "value"): Attribute 'value' of object 'Object Repository/Parts/cisli245/cisli245_invoice1' is: 'ARS'

2017-11-17 11:37:53 - [MESSAGE][PASSED] - Attribute 'value' of object 'Object Repository/Parts/cisli245/cisli245_invoice1' is: 'ARS'

2017-11-17 11:37:53 - [TEST_STEP][PASSED] - Statement - G_InvoiceTnxNo = com.kms.katalon.core.webui.keyword.WebUiBuiltInKeywords.getAttribute(com.kms.katalon.core.testobject.ObjectRepository.findTestObject(Parts/cisli245/cisli245_invoice2), "value"): Attribute 'value' of object 'Object Repository/Parts/cisli245/cisli245_invoice2' is: '16000201'

2017-11-17 11:37:53 - [MESSAGE][PASSED] - Attribute 'value' of object 'Object Repository/Parts/cisli245/cisli245_invoice2' is: '16000201'

2017-11-17 11:37:53 - [TEST_STEP][PASSED] - Statement - G_InvoiceAmt = com.kms.katalon.core.webui.keyword.WebUiBuiltInKeywords.getAttribute(com.kms.katalon.core.testobject.ObjectRepository.findTestObject(Parts/cisli245/cisli245_amount), "value"): Attribute 'value' of object 'Object Repository/Parts/cisli245/cisli245_amount' is: '30.99'

2017-11-17 11:37:53 - [MESSAGE][PASSED] - Attribute 'value' of object 'Object Repository/Parts/cisli245/cisli245_amount' is: '30.99'

2017-11-17 11:37:53 - [MESSAGE][PASSED] - Call Test Case 'Test Cases/Parts/BaseTestCases/Base_Part_GetInvoiceDetails' successfully

2017-11-17 11:37:53 - [TEST_STEP][PASSED] - callTestCase: Call Test Case 'Test Cases/Finance/BaseTestCases/Base_Finance_CheckOpenEntriesForCCInvoice1' successfully

2017-11-17 11:37:53 - [TEST_CASE][PASSED] - Test Cases/Finance/BaseTestCases/Base_Finance_CheckOpenEntriesForCCInvoice1: Test Cases/Finance/BaseTestCases/Base_Finance_CheckOpenEntriesForCCInvoice1

2017-11-17 11:37:53 - [TEST_STEP][PASSED] - callTestCase: Call Test Case 'Test Cases/Common/Base_Common_OpenSession' successfully

2017-11-17 11:37:53 - [TEST_CASE][PASSED] - Test Cases/Common/Base_Common_OpenSession: Test Cases/Common/Base_Common_OpenSession

2017-11-17 11:37:53 - [TEST_STEP][PASSED] - openBrowser: Browser is opened with url: 'https://rgajbhiye:Robin$123@proxima-ln4.e-emphasys.com:8441/webui/servlet/login'

2017-11-17 11:37:53 - [MESSAGE][WARNING] - A browser is already opened. Closing browser and opening a new one

2017-11-17 11:37:59 - [MESSAGE][PASSED] - Browser is opened with url: 'https://rgajbhiye:Robin$123@proxima-ln4.e-emphasys.com:8441/webui/servlet/login'

2017-11-17 11:37:59 - [TEST_STEP][PASSED] - waitForPageLoad: Wait for page load successfully

2017-11-17 11:38:00 - [MESSAGE][PASSED] - Wait for page load successfully

2017-11-17 11:38:00 - [TEST_STEP][PASSED] - maximizeWindow: Current window maximized

2017-11-17 11:38:00 - [MESSAGE][PASSED] - Current window maximized

2017-11-17 11:38:00 - [TEST_STEP][PASSED] - click: Object: 'Object Repository/Common/HomePage/HomePage_more' is clicked on

2017-11-17 11:38:03 - [MESSAGE][PASSED] - Object: 'Object Repository/Common/HomePage/HomePage_more' is clicked on

2017-11-17 11:38:03 - [TEST_STEP][PASSED] - click: Object: 'Object Repository/Common/HomePage/HomePage_Option' is clicked on

2017-11-17 11:38:03 - [MESSAGE][PASSED] - Object: 'Object Repository/Common/HomePage/HomePage_Option' is clicked on

2017-11-17 11:38:03 - [TEST_STEP][PASSED] - click: Object: 'Object Repository/Common/HomePage/HomePage_RunProgram_' is clicked on

2017-11-17 11:38:04 - [MESSAGE][PASSED] - Object: 'Object Repository/Common/HomePage/HomePage_RunProgram_' is clicked on

2017-11-17 11:38:04 - [TEST_STEP][PASSED] - sendKeys: Keys 'tfacr2520m000' sent to object: 'Object Repository/Common/HomePage/HomePage_Session_ID'

2017-11-17 11:38:04 - [MESSAGE][PASSED] - Keys 'tfacr2520m000' sent to object: 'Object Repository/Common/HomePage/HomePage_Session_ID'

2017-11-17 11:38:04 - [TEST_STEP][PASSED] - click: Object: 'Object Repository/Common/HomePage/HomePage_OkButton' is clicked on

2017-11-17 11:38:04 - [MESSAGE][PASSED] - Object: 'Object Repository/Common/HomePage/HomePage_OkButton' is clicked on

2017-11-17 11:38:04 - [MESSAGE][PASSED] - Call Test Case 'Test Cases/Common/Base_Common_OpenSession' successfully

2017-11-17 11:38:04 - [TEST_STEP][PASSED] - click: Object: 'Object Repository/Finance/BaseTestCases_OpenEntries_Service/OpenEntries_DocumentType' is clicked on

2017-11-17 11:38:08 - [MESSAGE][PASSED] - Object: 'Object Repository/Finance/BaseTestCases_OpenEntries_Service/OpenEntries_DocumentType' is clicked on

2017-11-17 11:38:08 - [TEST_STEP][PASSED] - click: Object: 'Object Repository/Finance/BaseTestCases_OpenEntries_Service/OpenEntries_DocumentNo' is clicked on

2017-11-17 11:38:09 - [MESSAGE][PASSED] - Object: 'Object Repository/Finance/BaseTestCases_OpenEntries_Service/OpenEntries_DocumentNo' is clicked on

2017-11-17 11:38:09 - [TEST_STEP][PASSED] - setText: Text 'ARS' is set on object 'Object Repository/Finance/BaseTestCases_OpenEntries_Service/OpenEntries_DocumentType'

2017-11-17 11:38:09 - [MESSAGE][PASSED] - Text 'ARS' is set on object 'Object Repository/Finance/BaseTestCases_OpenEntries_Service/OpenEntries_DocumentType'

2017-11-17 11:38:09 - [TEST_STEP][NOT_RUN] - sendKeys: NOT_RUN: sendKeys

2017-11-17 11:38:09 - [MESSAGE][NOT_RUN] - NOT_RUN: sendKeys

2017-11-17 11:38:09 - [TEST_STEP][NOT_RUN] - delay: NOT_RUN: delay

2017-11-17 11:38:09 - [MESSAGE][NOT_RUN] - NOT_RUN: delay

2017-11-17 11:38:09 - [TEST_STEP][PASSED] - setText: Text '16000201' is set on object 'Object Repository/Finance/BaseTestCases_OpenEntries_Service/OpenEntries_DocumentNo'

2017-11-17 11:38:09 - [MESSAGE][PASSED] - Text '16000201' is set on object 'Object Repository/Finance/BaseTestCases_OpenEntries_Service/OpenEntries_DocumentNo'

2017-11-17 11:38:09 - [TEST_STEP][NOT_RUN] - delay: NOT_RUN: delay

2017-11-17 11:38:09 - [MESSAGE][NOT_RUN] - NOT_RUN: delay

2017-11-17 11:38:09 - [TEST_STEP][NOT_RUN] - sendKeys: NOT_RUN: sendKeys

2017-11-17 11:38:09 - [MESSAGE][NOT_RUN] - NOT_RUN: sendKeys

2017-11-17 11:38:09 - [TEST_STEP][PASSED] - click: Object: 'Object Repository/Finance/BaseTestCases_OpenEntries_Service/OpenEntries_Action' is clicked on

2017-11-17 11:38:10 - [MESSAGE][PASSED] - Object: 'Object Repository/Finance/BaseTestCases_OpenEntries_Service/OpenEntries_Action' is clicked on

2017-11-17 11:38:10 - [TEST_STEP][PASSED] - click: Object: 'Object Repository/Finance/BaseTestCases_OpenEntries_Service/OpenEntries.FullyPaid' is clicked on

2017-11-17 11:38:11 - [MESSAGE][PASSED] - Object: 'Object Repository/Finance/BaseTestCases_OpenEntries_Service/OpenEntries.FullyPaid' is clicked on

2017-11-17 11:38:11 - [TEST_STEP][PASSED] - delay: Delayed 5 second(s)

2017-11-17 11:38:16 - [MESSAGE][PASSED] - Delayed 5 second(s)

2017-11-17 11:38:16 - [TEST_STEP][PASSED] - scrollToElement: Scroll to object 'Object Repository/Finance/BaseTestCases_OpenEntries_Service/OpenEntries.InvoiceAmt' successfully

2017-11-17 11:38:16 - [MESSAGE][PASSED] - Scroll to object 'Object Repository/Finance/BaseTestCases_OpenEntries_Service/OpenEntries.InvoiceAmt' successfully

2017-11-17 11:38:16 - [TEST_STEP][PASSED] - delay: Delayed 5 second(s)

2017-11-17 11:38:21 - [MESSAGE][PASSED] - Delayed 5 second(s)

2017-11-17 11:38:21 - [TEST_STEP][PASSED] - Statement - BalanceAmount = com.kms.katalon.core.webui.keyword.WebUiBuiltInKeywords.getText(com.kms.katalon.core.testobject.ObjectRepository.findTestObject(Finance/BaseTestCases_OpenEntries_Service/OpenEntries.BalanceAmt)): Text of object 'Object Repository/Finance/BaseTestCases_OpenEntries_Service/OpenEntries.BalanceAmt' is: '0.00'

2017-11-17 11:38:21 - [MESSAGE][PASSED] - Text of object 'Object Repository/Finance/BaseTestCases_OpenEntries_Service/OpenEntries.BalanceAmt' is: '0.00'

2017-11-17 11:38:21 - [TEST_STEP][PASSED] - verifyEqual: Actual object '0.00' and expected object '0.00' are equal

2017-11-17 11:38:21 - [MESSAGE][PASSED] - Actual object '0.00' and expected object '0.00' are equal

2017-11-17 11:38:21 - [TEST_STEP][PASSED] - click: Object: 'Object Repository/Finance/BaseTestCases_OpenEntries_Service/OpenEntries.Reference' is clicked on

2017-11-17 11:38:21 - [MESSAGE][PASSED] - Object: 'Object Repository/Finance/BaseTestCases_OpenEntries_Service/OpenEntries.Reference' is clicked on

2017-11-17 11:38:21 - [TEST_STEP][PASSED] - setText: Text '' is set on object 'Object Repository/Finance/BaseTestCases_OpenEntries_Service/OpenEntries_DocumentType'

2017-11-17 11:38:21 - [MESSAGE][PASSED] - Text '' is set on object 'Object Repository/Finance/BaseTestCases_OpenEntries_Service/OpenEntries_DocumentType'

2017-11-17 11:38:21 - [TEST_STEP][PASSED] - setText: Text '' is set on object 'Object Repository/Finance/BaseTestCases_OpenEntries_Service/OpenEntries_DocumentNo'

2017-11-17 11:38:21 - [MESSAGE][PASSED] - Text '' is set on object 'Object Repository/Finance/BaseTestCases_OpenEntries_Service/OpenEntries_DocumentNo'

2017-11-17 11:38:21 - [TEST_STEP][PASSED] - sendKeys: Keys 'TAB + ' sent to object: 'Object Repository/Finance/BaseTestCases_OpenEntries_Service/OpenEntries_DocumentType'

2017-11-17 11:38:22 - [MESSAGE][PASSED] - Keys 'TAB + ' sent to object: 'Object Repository/Finance/BaseTestCases_OpenEntries_Service/OpenEntries_DocumentType'

2017-11-17 11:38:22 - [TEST_STEP][PASSED] - sendKeys: Keys 'TAB + ' sent to object: 'Object Repository/Finance/BaseTestCases_OpenEntries_Service/OpenEntries_DocumentNo'

2017-11-17 11:38:23 - [MESSAGE][PASSED] - Keys 'TAB + ' sent to object: 'Object Repository/Finance/BaseTestCases_OpenEntries_Service/OpenEntries_DocumentNo'

2017-11-17 11:38:23 - [TEST_STEP][PASSED] - sendKeys: Keys 'M00000010 (ARS/16000201)' sent to object: 'Object Repository/Finance/BaseTestCases_OpenEntries_Service/OpenEntries.Reference'

2017-11-17 11:38:23 - [MESSAGE][PASSED] - Keys 'M00000010 (ARS/16000201)' sent to object: 'Object Repository/Finance/BaseTestCases_OpenEntries_Service/OpenEntries.Reference'

2017-11-17 11:38:23 - [TEST_STEP][PASSED] - click: Object: 'Object Repository/Finance/BaseTestCases_OpenEntries_Service/OpenEntries_DocumentNo' is clicked on

2017-11-17 11:38:23 - [MESSAGE][PASSED] - Object: 'Object Repository/Finance/BaseTestCases_OpenEntries_Service/OpenEntries_DocumentNo' is clicked on

2017-11-17 11:38:23 - [TEST_STEP][PASSED] - delay: Delayed 3 second(s)

2017-11-17 11:38:26 - [MESSAGE][PASSED] - Delayed 3 second(s)

2017-11-17 11:38:26 - [TEST_STEP][PASSED] - scrollToElement: Scroll to object 'Object Repository/Finance/BaseTestCases_OpenEntries_Service/OpenEntries.BalanceAmt' successfully

2017-11-17 11:38:26 - [MESSAGE][PASSED] - Scroll to object 'Object Repository/Finance/BaseTestCases_OpenEntries_Service/OpenEntries.BalanceAmt' successfully

2017-11-17 11:38:26 - [TEST_STEP][PASSED] - Statement - BalanceAmount = com.kms.katalon.core.webui.keyword.WebUiBuiltInKeywords.getText(com.kms.katalon.core.testobject.ObjectRepository.findTestObject(Finance/BaseTestCases_OpenEntries_Service/OpenEntries.BalanceAmt)): Text of object 'Object Repository/Finance/BaseTestCases_OpenEntries_Service/OpenEntries.BalanceAmt' is: '30.99'

2017-11-17 11:38:26 - [MESSAGE][PASSED] - Text of object 'Object Repository/Finance/BaseTestCases_OpenEntries_Service/OpenEntries.BalanceAmt' is: '30.99'

2017-11-17 11:38:26 - [TEST_STEP][PASSED] - Statement - InvoiceAmount = com.kms.katalon.core.webui.keyword.WebUiBuiltInKeywords.getText(com.kms.katalon.core.testobject.ObjectRepository.findTestObject(Finance/BaseTestCases_OpenEntries_Service/OpenEntries.InvoiceAmt)): Text of object 'Object Repository/Finance/BaseTestCases_OpenEntries_Service/OpenEntries.InvoiceAmt' is: '30.99'

2017-11-17 11:38:26 - [MESSAGE][PASSED] - Text of object 'Object Repository/Finance/BaseTestCases_OpenEntries_Service/OpenEntries.InvoiceAmt' is: '30.99'

2017-11-17 11:38:26 - [TEST_STEP][PASSED] - verifyEqual: Actual object '30.99' and expected object '30.99' are equal

2017-11-17 11:38:26 - [MESSAGE][PASSED] - Actual object '30.99' and expected object '30.99' are equal

2017-11-17 11:38:26 - [TEST_STEP][NOT_RUN] - closeBrowser: NOT_RUN: closeBrowser

2017-11-17 11:38:26 - [MESSAGE][NOT_RUN] - NOT_RUN: closeBrowser

2017-11-17 11:38:26 - [MESSAGE][PASSED] - Call Test Case 'Test Cases/Finance/BaseTestCases/Base_Finance_CheckOpenEntriesForCCInvoice1' successfully]]></system-out>
         <system-err><![CDATA[]]></system-err>
      </testcase>
      <testcase name="Test Cases/Parts/CreditCardRegression/TC001_Parts_CreditCard - Iteration 3" classname="Test Cases/Parts/CreditCardRegression/TC001_Parts_CreditCard" status="FAILED">
         <failure type="FAILED" message="Test Cases/Parts/CreditCardRegression/TC001_Parts_CreditCard FAILED because (of) Unable to set text 'D' of object 'Object Repository/Parts/PartsSalesOrder/PartsSaleOrderHeader/PartSaleOrder_InvoiceRptDevice' (Root cause: com.kms.katalon.core.webui.exception.WebElementNotFoundException: Web element with id: 'Object Repository/Parts/PartsSalesOrder/PartsSaleOrderHeader/PartSaleOrder_InvoiceRptDevice' located by 'By.xpath: //*[@id = 'ttstpsplopen-6-devc-1-lookup-widget']' not found)"/>
         <system-out><![CDATA[2017-11-17 11:38:26 - [TEST_CASE][FAILED] - Test Cases/Parts/CreditCardRegression/TC001_Parts_CreditCard - Iteration 3: Test Cases/Parts/CreditCardRegression/TC001_Parts_CreditCard FAILED because (of) Unable to set text 'D' of object 'Object Repository/Parts/PartsSalesOrder/PartsSaleOrderHeader/PartSaleOrder_InvoiceRptDevice' (Root cause: com.kms.katalon.core.webui.exception.WebElementNotFoundException: Web element with id: 'Object Repository/Parts/PartsSalesOrder/PartsSaleOrderHeader/PartSaleOrder_InvoiceRptDevice' located by 'By.xpath: //*[@id = 'ttstpsplopen-6-devc-1-lookup-widget']' not found)

2017-11-17 11:38:26 - [TEST_STEP][PASSED] - callTestCase: Call Test Case 'Test Cases/Parts/BaseTestCases/Base_Part_CreateHeader_WithCC' successfully

2017-11-17 11:38:26 - [TEST_CASE][PASSED] - Test Cases/Parts/BaseTestCases/Base_Part_CreateHeader_WithCC: Test Cases/Parts/BaseTestCases/Base_Part_CreateHeader_WithCC

2017-11-17 11:38:26 - [TEST_STEP][PASSED] - callTestCase: Call Test Case 'Test Cases/Common/Base_Common_OpenSession' successfully

2017-11-17 11:38:27 - [TEST_CASE][PASSED] - Test Cases/Common/Base_Common_OpenSession: Test Cases/Common/Base_Common_OpenSession

2017-11-17 11:38:27 - [TEST_STEP][PASSED] - openBrowser: Browser is opened with url: 'https://rgajbhiye:Robin$123@proxima-ln4.e-emphasys.com:8441/webui/servlet/login'

2017-11-17 11:38:27 - [MESSAGE][WARNING] - A browser is already opened. Closing browser and opening a new one

2017-11-17 11:38:33 - [MESSAGE][PASSED] - Browser is opened with url: 'https://rgajbhiye:Robin$123@proxima-ln4.e-emphasys.com:8441/webui/servlet/login'

2017-11-17 11:38:33 - [TEST_STEP][PASSED] - waitForPageLoad: Wait for page load successfully

2017-11-17 11:38:33 - [MESSAGE][PASSED] - Wait for page load successfully

2017-11-17 11:38:33 - [TEST_STEP][PASSED] - maximizeWindow: Current window maximized

2017-11-17 11:38:34 - [MESSAGE][PASSED] - Current window maximized

2017-11-17 11:38:34 - [TEST_STEP][PASSED] - click: Object: 'Object Repository/Common/HomePage/HomePage_more' is clicked on

2017-11-17 11:38:37 - [MESSAGE][PASSED] - Object: 'Object Repository/Common/HomePage/HomePage_more' is clicked on

2017-11-17 11:38:37 - [TEST_STEP][PASSED] - click: Object: 'Object Repository/Common/HomePage/HomePage_Option' is clicked on

2017-11-17 11:38:37 - [MESSAGE][PASSED] - Object: 'Object Repository/Common/HomePage/HomePage_Option' is clicked on

2017-11-17 11:38:37 - [TEST_STEP][PASSED] - click: Object: 'Object Repository/Common/HomePage/HomePage_RunProgram_' is clicked on

2017-11-17 11:38:38 - [MESSAGE][PASSED] - Object: 'Object Repository/Common/HomePage/HomePage_RunProgram_' is clicked on

2017-11-17 11:38:38 - [TEST_STEP][PASSED] - sendKeys: Keys 'tdsls4500m002' sent to object: 'Object Repository/Common/HomePage/HomePage_Session_ID'

2017-11-17 11:38:38 - [MESSAGE][PASSED] - Keys 'tdsls4500m002' sent to object: 'Object Repository/Common/HomePage/HomePage_Session_ID'

2017-11-17 11:38:38 - [TEST_STEP][PASSED] - click: Object: 'Object Repository/Common/HomePage/HomePage_OkButton' is clicked on

2017-11-17 11:38:38 - [MESSAGE][PASSED] - Object: 'Object Repository/Common/HomePage/HomePage_OkButton' is clicked on

2017-11-17 11:38:38 - [MESSAGE][PASSED] - Call Test Case 'Test Cases/Common/Base_Common_OpenSession' successfully

2017-11-17 11:38:38 - [TEST_STEP][PASSED] - click: Object: 'Object Repository/Parts/PartsSalesOrder/PartsSaleOrderHeader/PartSaleOrder_NewButton' is clicked on

2017-11-17 11:38:42 - [MESSAGE][PASSED] - Object: 'Object Repository/Parts/PartsSalesOrder/PartsSaleOrderHeader/PartSaleOrder_NewButton' is clicked on

2017-11-17 11:38:42 - [TEST_STEP][PASSED] - waitForElementPresent: Object 'Object Repository/Parts/PartsSalesOrder/PartsSaleOrderHeader/Partsalesorder_customer' is present

2017-11-17 11:38:45 - [MESSAGE][PASSED] - Object 'Object Repository/Parts/PartsSalesOrder/PartsSaleOrderHeader/Partsalesorder_customer' is present

2017-11-17 11:38:45 - [TEST_STEP][PASSED] - setText: Text 'M00000010' is set on object 'Object Repository/Parts/PartsSalesOrder/PartsSaleOrderHeader/Partsalesorder_customer'

2017-11-17 11:38:46 - [MESSAGE][PASSED] - Text 'M00000010' is set on object 'Object Repository/Parts/PartsSalesOrder/PartsSaleOrderHeader/Partsalesorder_customer'

2017-11-17 11:38:46 - [TEST_STEP][NOT_RUN] - sendKeys: NOT_RUN: sendKeys

2017-11-17 11:38:46 - [MESSAGE][NOT_RUN] - NOT_RUN: sendKeys

2017-11-17 11:38:46 - [TEST_STEP][PASSED] - click: Object: 'Object Repository/Parts/PartsSalesOrder/PartsSaleOrderHeader/PartSalesOrder_Tax' is clicked on

2017-11-17 11:38:46 - [MESSAGE][PASSED] - Object: 'Object Repository/Parts/PartsSalesOrder/PartsSaleOrderHeader/PartSalesOrder_Tax' is clicked on

2017-11-17 11:38:46 - [TEST_STEP][PASSED] - click: Object: 'Object Repository/Parts/PartsSalesOrder/PartsSaleOrderHeader/PartSalesorder_Save' is clicked on

2017-11-17 11:38:46 - [MESSAGE][PASSED] - Object: 'Object Repository/Parts/PartsSalesOrder/PartsSaleOrderHeader/PartSalesorder_Save' is clicked on

2017-11-17 11:38:46 - [TEST_STEP][PASSED] - dragAndDropByOffset: Dragged object with id 'Object Repository/Parts/PartsSalesOrder/PartsSaleOrderHeader/PartSalesOrder_scroller' by offset distance x = 0 and y = -100 successfully

2017-11-17 11:38:53 - [MESSAGE][PASSED] - Dragged object with id 'Object Repository/Parts/PartsSalesOrder/PartsSaleOrderHeader/PartSalesOrder_scroller' by offset distance x = 0 and y = -100 successfully

2017-11-17 11:38:53 - [TEST_STEP][PASSED] - delay: Delayed 5 second(s)

2017-11-17 11:38:58 - [MESSAGE][PASSED] - Delayed 5 second(s)

2017-11-17 11:38:58 - [TEST_STEP][PASSED] - Statement - G_Part_PSO = com.kms.katalon.core.webui.keyword.WebUiBuiltInKeywords.getAttribute(com.kms.katalon.core.testobject.ObjectRepository.findTestObject(Parts/PartsSalesOrder/PartsSaleOrderHeader/PartSalesOrder_OrderNo), "value"): Attribute 'value' of object 'Object Repository/Parts/PartsSalesOrder/PartsSaleOrderHeader/PartSalesOrder_OrderNo' is: 'TP0001022'

2017-11-17 11:38:58 - [MESSAGE][PASSED] - Attribute 'value' of object 'Object Repository/Parts/PartsSalesOrder/PartsSaleOrderHeader/PartSalesOrder_OrderNo' is: 'TP0001022'

2017-11-17 11:38:58 - [TEST_STEP][PASSED] - Statement - println("sale order number" + G_Part_PSO): null

2017-11-17 11:38:58 - [TEST_STEP][PASSED] - click: Object: 'Object Repository/Parts/PartsSalesOrder/PartsSaleOrderHeader/PartSaleOrder_OtherDetailsTab' is clicked on

2017-11-17 11:38:58 - [MESSAGE][PASSED] - Object: 'Object Repository/Parts/PartsSalesOrder/PartsSaleOrderHeader/PartSaleOrder_OtherDetailsTab' is clicked on

2017-11-17 11:38:58 - [TEST_STEP][PASSED] - delay: Delayed 2 second(s)

2017-11-17 11:39:00 - [MESSAGE][PASSED] - Delayed 2 second(s)

2017-11-17 11:39:00 - [TEST_STEP][PASSED] - click: Object: 'Object Repository/Parts/PartsSalesOrder/PartsSaleOrderHeader/PartSalesOrder_ModeOfPayment' is clicked on

2017-11-17 11:39:01 - [MESSAGE][PASSED] - Object: 'Object Repository/Parts/PartsSalesOrder/PartsSaleOrderHeader/PartSalesOrder_ModeOfPayment' is clicked on

2017-11-17 11:39:01 - [TEST_STEP][PASSED] - click: Object: 'Object Repository/Parts/PartsSalesOrder/PartsSaleOrderHeader/PartSalesOrder_CreditCardOption' is clicked on

2017-11-17 11:39:01 - [MESSAGE][PASSED] - Object: 'Object Repository/Parts/PartsSalesOrder/PartsSaleOrderHeader/PartSalesOrder_CreditCardOption' is clicked on

2017-11-17 11:39:01 - [TEST_STEP][PASSED] - click: Object: 'Object Repository/Parts/PartsSalesOrder/PartsSaleOrderHeader/PartSalesorder_Save' is clicked on

2017-11-17 11:39:01 - [MESSAGE][PASSED] - Object: 'Object Repository/Parts/PartsSalesOrder/PartsSaleOrderHeader/PartSalesorder_Save' is clicked on

2017-11-17 11:39:01 - [MESSAGE][PASSED] - Call Test Case 'Test Cases/Parts/BaseTestCases/Base_Part_CreateHeader_WithCC' successfully

2017-11-17 11:39:01 - [TEST_STEP][PASSED] - callTestCase: Call Test Case 'Test Cases/Parts/BaseTestCases/Base_Part_AddPartLinePos1' successfully

2017-11-17 11:39:01 - [TEST_CASE][PASSED] - Test Cases/Parts/BaseTestCases/Base_Part_AddPartLinePos1: Test Cases/Parts/BaseTestCases/Base_Part_AddPartLinePos1

2017-11-17 11:39:01 - [TEST_STEP][PASSED] - click: Object: 'Object Repository/Parts/PartsSalesOrder/PartSalesOrderLine1/PartSaleOrderLine1_newpart' is clicked on

2017-11-17 11:39:05 - [MESSAGE][PASSED] - Object: 'Object Repository/Parts/PartsSalesOrder/PartSalesOrderLine1/PartSaleOrderLine1_newpart' is clicked on

2017-11-17 11:39:05 - [TEST_STEP][PASSED] - delay: Delayed 3 second(s)

2017-11-17 11:39:08 - [MESSAGE][PASSED] - Delayed 3 second(s)

2017-11-17 11:39:08 - [TEST_STEP][PASSED] - setText: Text 'KP3' is set on object 'Object Repository/Parts/PartsSalesOrder/PartSalesOrderLine1/PartSaleOrderLine1_PartNumber'

2017-11-17 11:39:08 - [MESSAGE][PASSED] - Text 'KP3' is set on object 'Object Repository/Parts/PartsSalesOrder/PartSalesOrderLine1/PartSaleOrderLine1_PartNumber'

2017-11-17 11:39:08 - [TEST_STEP][PASSED] - scrollToElement: Scroll to object 'Object Repository/Parts/PartsSalesOrder/PartSalesOrderLine1/PartSaleOrderLine1_Quantity' successfully

2017-11-17 11:39:13 - [MESSAGE][PASSED] - Scroll to object 'Object Repository/Parts/PartsSalesOrder/PartSalesOrderLine1/PartSaleOrderLine1_Quantity' successfully

2017-11-17 11:39:13 - [TEST_STEP][PASSED] - click: Object: 'Object Repository/Parts/PartsSalesOrder/PartSalesOrderLine1/PartSaleOrderLine1_Quantity' is clicked on

2017-11-17 11:39:17 - [MESSAGE][PASSED] - Object: 'Object Repository/Parts/PartsSalesOrder/PartSalesOrderLine1/PartSaleOrderLine1_Quantity' is clicked on

2017-11-17 11:39:17 - [TEST_STEP][PASSED] - setText: Text '4' is set on object 'Object Repository/Parts/PartsSalesOrder/PartSalesOrderLine1/PartSaleOrderLine1-Qty1'

2017-11-17 11:39:19 - [MESSAGE][PASSED] - Text '4' is set on object 'Object Repository/Parts/PartsSalesOrder/PartSalesOrderLine1/PartSaleOrderLine1-Qty1'

2017-11-17 11:39:19 - [TEST_STEP][PASSED] - click: Object: 'Object Repository/Parts/PartsSalesOrder/PartsSaleOrderHeader/PartSalesorder_Save' is clicked on

2017-11-17 11:39:19 - [MESSAGE][PASSED] - Object: 'Object Repository/Parts/PartsSalesOrder/PartsSaleOrderHeader/PartSalesorder_Save' is clicked on

2017-11-17 11:39:19 - [TEST_STEP][PASSED] - delay: Delayed 10 second(s)

2017-11-17 11:39:29 - [MESSAGE][PASSED] - Delayed 10 second(s)

2017-11-17 11:39:29 - [TEST_STEP][NOT_RUN] - scrollToElement: NOT_RUN: scrollToElement

2017-11-17 11:39:29 - [MESSAGE][NOT_RUN] - NOT_RUN: scrollToElement

2017-11-17 11:39:29 - [TEST_STEP][NOT_RUN] - Statement - G_InvoiceAmt = com.kms.katalon.core.webui.keyword.WebUiBuiltInKeywords.getText(com.kms.katalon.core.testobject.ObjectRepository.findTestObject(tdtre4101m002/Line1/firmPrice)): NOT_RUN: Statement - G_InvoiceAmt = com.kms.katalon.core.webui.keyword.WebUiBuiltInKeywords.getText(com.kms.katalon.core.testobject.ObjectRepository.findTestObject(tdtre4101m002/Line1/firmPrice))

2017-11-17 11:39:29 - [MESSAGE][NOT_RUN] - NOT_RUN: Statement - G_InvoiceAmt = com.kms.katalon.core.webui.keyword.WebUiBuiltInKeywords.getText(com.kms.katalon.core.testobject.ObjectRepository.findTestObject(tdtre4101m002/Line1/firmPrice))

2017-11-17 11:39:29 - [TEST_STEP][NOT_RUN] - Statement - Qty1 = com.kms.katalon.core.webui.keyword.WebUiBuiltInKeywords.getText(com.kms.katalon.core.testobject.ObjectRepository.findTestObject(tdtre4101m002/Line1/input_tdtre4101s002-Qty)): NOT_RUN: Statement - Qty1 = com.kms.katalon.core.webui.keyword.WebUiBuiltInKeywords.getText(com.kms.katalon.core.testobject.ObjectRepository.findTestObject(tdtre4101m002/Line1/input_tdtre4101s002-Qty))

2017-11-17 11:39:29 - [MESSAGE][NOT_RUN] - NOT_RUN: Statement - Qty1 = com.kms.katalon.core.webui.keyword.WebUiBuiltInKeywords.getText(com.kms.katalon.core.testobject.ObjectRepository.findTestObject(tdtre4101m002/Line1/input_tdtre4101s002-Qty))

2017-11-17 11:39:29 - [TEST_STEP][NOT_RUN] - Statement - G_OrderLineAmt = G_FirmPrice * Qty1: NOT_RUN: Statement - G_OrderLineAmt = G_FirmPrice * Qty1

2017-11-17 11:39:29 - [MESSAGE][NOT_RUN] - NOT_RUN: Statement - G_OrderLineAmt = G_FirmPrice * Qty1

2017-11-17 11:39:29 - [TEST_STEP][NOT_RUN] - Statement - println("GlobalVariable.G_FirmPrice" + G_FirmPrice): NOT_RUN: Statement - println("GlobalVariable.G_FirmPrice" + G_FirmPrice)

2017-11-17 11:39:29 - [MESSAGE][NOT_RUN] - NOT_RUN: Statement - println("GlobalVariable.G_FirmPrice" + G_FirmPrice)

2017-11-17 11:39:29 - [TEST_STEP][NOT_RUN] - Statement - println("GlobalVariable.G_OrderLineAmt" + G_OrderLineAmt): NOT_RUN: Statement - println("GlobalVariable.G_OrderLineAmt" + G_OrderLineAmt)

2017-11-17 11:39:29 - [MESSAGE][NOT_RUN] - NOT_RUN: Statement - println("GlobalVariable.G_OrderLineAmt" + G_OrderLineAmt)

2017-11-17 11:39:29 - [MESSAGE][PASSED] - Call Test Case 'Test Cases/Parts/BaseTestCases/Base_Part_AddPartLinePos1' successfully

2017-11-17 11:39:29 - [TEST_STEP][FAILED] - callTestCase: Unable to call Test Case with id 'Test Cases/Parts/BaseTestCases/Base_Part_PickPacknInvoiceWithCC' (Root cause: Call Test Case 'Test Cases/Parts/BaseTestCases/Base_Part_PickPacknInvoiceWithCC' failed)

2017-11-17 11:39:29 - [TEST_CASE][FAILED] - Test Cases/Parts/BaseTestCases/Base_Part_PickPacknInvoiceWithCC: Test Cases/Parts/BaseTestCases/Base_Part_PickPacknInvoiceWithCC FAILED because (of) Unable to set text 'D' of object 'Object Repository/Parts/PartsSalesOrder/PartsSaleOrderHeader/PartSaleOrder_InvoiceRptDevice' (Root cause: com.kms.katalon.core.webui.exception.WebElementNotFoundException: Web element with id: 'Object Repository/Parts/PartsSalesOrder/PartsSaleOrderHeader/PartSaleOrder_InvoiceRptDevice' located by 'By.xpath: //*[@id = 'ttstpsplopen-6-devc-1-lookup-widget']' not found)

2017-11-17 11:39:29 - [TEST_STEP][PASSED] - click: Object: 'Object Repository/Parts/PartsSalesOrder/PartsSaleOrderHeader/PartSalesOrder_Action' is clicked on

2017-11-17 11:39:29 - [MESSAGE][PASSED] - Object: 'Object Repository/Parts/PartsSalesOrder/PartsSaleOrderHeader/PartSalesOrder_Action' is clicked on

2017-11-17 11:39:29 - [TEST_STEP][PASSED] - delay: Delayed 3 second(s)

2017-11-17 11:39:32 - [MESSAGE][PASSED] - Delayed 3 second(s)

2017-11-17 11:39:32 - [TEST_STEP][PASSED] - waitForElementClickable: Object 'Object Repository/Parts/PartsSalesOrder/PartsSaleOrderHeader/PartSalesOrder_PickPacknInvoice' is clickable

2017-11-17 11:39:32 - [MESSAGE][PASSED] - Object 'Object Repository/Parts/PartsSalesOrder/PartsSaleOrderHeader/PartSalesOrder_PickPacknInvoice' is clickable

2017-11-17 11:39:32 - [TEST_STEP][PASSED] - click: Object: 'Object Repository/Parts/PartsSalesOrder/PartsSaleOrderHeader/PartSalesOrder_PickPacknInvoice' is clicked on

2017-11-17 11:39:32 - [MESSAGE][PASSED] - Object: 'Object Repository/Parts/PartsSalesOrder/PartsSaleOrderHeader/PartSalesOrder_PickPacknInvoice' is clicked on

2017-11-17 11:39:32 - [TEST_STEP][PASSED] - delay: Delayed 5 second(s)

2017-11-17 11:39:37 - [MESSAGE][PASSED] - Delayed 5 second(s)

2017-11-17 11:39:37 - [TEST_STEP][NOT_RUN] - click: NOT_RUN: click

2017-11-17 11:39:37 - [MESSAGE][NOT_RUN] - NOT_RUN: click

2017-11-17 11:39:37 - [TEST_STEP][PASSED] - Statement - If (com.kms.katalon.core.webui.keyword.WebUiBuiltInKeywords.verifyElementVisible(com.kms.katalon.core.testobject.ObjectRepository.findTestObject(Object Repository/Parts/PartsSalesOrder/PartsSaleOrderHeader/PartSalesOrder_LocationOption)) == true): Object: 'Object Repository/Parts/PartsSalesOrder/PartsSaleOrderHeader/PartSalesOrder_LocationOption' is clicked on

2017-11-17 11:39:38 - [MESSAGE][PASSED] - Object 'Object Repository/Parts/PartsSalesOrder/PartsSaleOrderHeader/PartSalesOrder_LocationOption' is visible

2017-11-17 11:39:38 - [TEST_STEP][PASSED] - click: Object: 'Object Repository/Parts/PartsSalesOrder/PartsSaleOrderHeader/PartSalesOrder_LocationOption' is clicked on

2017-11-17 11:39:38 - [MESSAGE][PASSED] - Object: 'Object Repository/Parts/PartsSalesOrder/PartsSaleOrderHeader/PartSalesOrder_LocationOption' is clicked on

2017-11-17 11:39:38 - [TEST_STEP][PASSED] - delay: Delayed 3 second(s)

2017-11-17 11:39:41 - [MESSAGE][PASSED] - Delayed 3 second(s)

2017-11-17 11:39:41 - [TEST_STEP][NOT_RUN] - Statement - If (com.kms.katalon.core.webui.keyword.WebUiBuiltInKeywords.verifyElementVisible(com.kms.katalon.core.testobject.ObjectRepository.findTestObject(Object Repository/Parts/PartsSalesOrder/PartsSaleOrderHeader/PartSaleOrder_PackingSlipClose)) == true): NOT_RUN: Statement - If (com.kms.katalon.core.webui.keyword.WebUiBuiltInKeywords.verifyElementVisible(com.kms.katalon.core.testobject.ObjectRepository.findTestObject(Object Repository/Parts/PartsSalesOrder/PartsSaleOrderHeader/PartSaleOrder_PackingSlipClose)) == true)

2017-11-17 11:39:41 - [MESSAGE][NOT_RUN] - NOT_RUN: Statement - If (com.kms.katalon.core.webui.keyword.WebUiBuiltInKeywords.verifyElementVisible(com.kms.katalon.core.testobject.ObjectRepository.findTestObject(Object Repository/Parts/PartsSalesOrder/PartsSaleOrderHeader/PartSaleOrder_PackingSlipClose)) == true)

2017-11-17 11:39:41 - [TEST_STEP][PASSED] - click: Object: 'Object Repository/Parts/PartsSalesOrder/PartsSaleOrderHeader/PartSalesOrder_ContinueInvoiceOption' is clicked on

2017-11-17 11:39:44 - [MESSAGE][PASSED] - Object: 'Object Repository/Parts/PartsSalesOrder/PartsSaleOrderHeader/PartSalesOrder_ContinueInvoiceOption' is clicked on

2017-11-17 11:39:44 - [TEST_STEP][PASSED] - delay: Delayed 3 second(s)

2017-11-17 11:39:47 - [MESSAGE][PASSED] - Delayed 3 second(s)

2017-11-17 11:39:47 - [TEST_STEP][PASSED] - setText: Text 'JDFIN' is set on object 'Object Repository/Parts/PartsSalesOrder/PartSalesOrder_CCInterface/CCInterface_PaymentGateway'

2017-11-17 11:39:47 - [MESSAGE][PASSED] - Text 'JDFIN' is set on object 'Object Repository/Parts/PartsSalesOrder/PartSalesOrder_CCInterface/CCInterface_PaymentGateway'

2017-11-17 11:39:47 - [TEST_STEP][PASSED] - doubleClick: Object: 'Object Repository/Parts/PartsSalesOrder/PartSalesOrder_CCInterface/CCInterface_CardType' is double clicked on

2017-11-17 11:39:48 - [MESSAGE][PASSED] - Object: 'Object Repository/Parts/PartsSalesOrder/PartSalesOrder_CCInterface/CCInterface_CardType' is double clicked on

2017-11-17 11:39:48 - [TEST_STEP][PASSED] - setText: Text 'Farm Plan' is set on object 'Object Repository/Parts/PartsSalesOrder/PartSalesOrder_CCInterface/CCInterface_CardType'

2017-11-17 11:39:48 - [MESSAGE][PASSED] - Text 'Farm Plan' is set on object 'Object Repository/Parts/PartsSalesOrder/PartSalesOrder_CCInterface/CCInterface_CardType'

2017-11-17 11:39:48 - [TEST_STEP][PASSED] - delay: Delayed 3 second(s)

2017-11-17 11:39:51 - [MESSAGE][PASSED] - Delayed 3 second(s)

2017-11-17 11:39:51 - [TEST_STEP][PASSED] - doubleClick: Object: 'Object Repository/Parts/PartsSalesOrder/PartSalesOrder_CCInterface/CCInterface_CardNo' is double clicked on

2017-11-17 11:39:51 - [MESSAGE][PASSED] - Object: 'Object Repository/Parts/PartsSalesOrder/PartSalesOrder_CCInterface/CCInterface_CardNo' is double clicked on

2017-11-17 11:39:51 - [TEST_STEP][PASSED] - delay: Delayed 2 second(s)

2017-11-17 11:39:53 - [MESSAGE][PASSED] - Delayed 2 second(s)

2017-11-17 11:39:53 - [TEST_STEP][PASSED] - setText: Text '5599900094' is set on object 'Object Repository/Parts/PartsSalesOrder/PartSalesOrder_CCInterface/CCInterface_CardNo'

2017-11-17 11:39:53 - [MESSAGE][PASSED] - Text '5599900094' is set on object 'Object Repository/Parts/PartsSalesOrder/PartSalesOrder_CCInterface/CCInterface_CardNo'

2017-11-17 11:39:53 - [TEST_STEP][PASSED] - doubleClick: Object: 'Object Repository/Parts/PartsSalesOrder/PartSalesOrder_CCInterface/CCInterface_CVV' is double clicked on

2017-11-17 11:39:54 - [MESSAGE][PASSED] - Object: 'Object Repository/Parts/PartsSalesOrder/PartSalesOrder_CCInterface/CCInterface_CVV' is double clicked on

2017-11-17 11:39:54 - [TEST_STEP][PASSED] - delay: Delayed 2 second(s)

2017-11-17 11:39:56 - [MESSAGE][PASSED] - Delayed 2 second(s)

2017-11-17 11:39:56 - [TEST_STEP][PASSED] - setText: Text '555' is set on object 'Object Repository/Parts/PartsSalesOrder/PartSalesOrder_CCInterface/CCInterface_CVV'

2017-11-17 11:39:56 - [MESSAGE][PASSED] - Text '555' is set on object 'Object Repository/Parts/PartsSalesOrder/PartSalesOrder_CCInterface/CCInterface_CVV'

2017-11-17 11:39:56 - [TEST_STEP][PASSED] - doubleClick: Object: 'Object Repository/Parts/PartsSalesOrder/PartSalesOrder_CCInterface/CCInterface_MM' is double clicked on

2017-11-17 11:39:56 - [MESSAGE][PASSED] - Object: 'Object Repository/Parts/PartsSalesOrder/PartSalesOrder_CCInterface/CCInterface_MM' is double clicked on

2017-11-17 11:39:56 - [TEST_STEP][PASSED] - delay: Delayed 2 second(s)

2017-11-17 11:39:58 - [MESSAGE][PASSED] - Delayed 2 second(s)

2017-11-17 11:39:58 - [TEST_STEP][PASSED] - setText: Text '09' is set on object 'Object Repository/Parts/PartsSalesOrder/PartSalesOrder_CCInterface/CCInterface_MM'

2017-11-17 11:39:58 - [MESSAGE][PASSED] - Text '09' is set on object 'Object Repository/Parts/PartsSalesOrder/PartSalesOrder_CCInterface/CCInterface_MM'

2017-11-17 11:39:58 - [TEST_STEP][PASSED] - doubleClick: Object: 'Object Repository/Parts/PartsSalesOrder/PartSalesOrder_CCInterface/CCInterface_YY' is double clicked on

2017-11-17 11:39:58 - [MESSAGE][PASSED] - Object: 'Object Repository/Parts/PartsSalesOrder/PartSalesOrder_CCInterface/CCInterface_YY' is double clicked on

2017-11-17 11:39:58 - [TEST_STEP][PASSED] - delay: Delayed 2 second(s)

2017-11-17 11:40:00 - [MESSAGE][PASSED] - Delayed 2 second(s)

2017-11-17 11:40:00 - [TEST_STEP][PASSED] - setText: Text '99' is set on object 'Object Repository/Parts/PartsSalesOrder/PartSalesOrder_CCInterface/CCInterface_YY'

2017-11-17 11:40:01 - [MESSAGE][PASSED] - Text '99' is set on object 'Object Repository/Parts/PartsSalesOrder/PartSalesOrder_CCInterface/CCInterface_YY'

2017-11-17 11:40:01 - [TEST_STEP][PASSED] - click: Object: 'Object Repository/Parts/PartsSalesOrder/PartSalesOrder_CCInterface/CCInterface_Process' is clicked on

2017-11-17 11:40:01 - [MESSAGE][PASSED] - Object: 'Object Repository/Parts/PartsSalesOrder/PartSalesOrder_CCInterface/CCInterface_Process' is clicked on

2017-11-17 11:40:01 - [TEST_STEP][PASSED] - delay: Delayed 5 second(s)

2017-11-17 11:40:06 - [MESSAGE][PASSED] - Delayed 5 second(s)

2017-11-17 11:40:06 - [TEST_STEP][PASSED] - waitForElementPresent: Object 'Object Repository/Parts/PartsSalesOrder/PartsSaleOrderHeader/PartSaleOrder_InvoiceRptDevice' is not present after 40 second(s)

2017-11-17 11:40:50 - [MESSAGE][WARNING] - Object 'Object Repository/Parts/PartsSalesOrder/PartsSaleOrderHeader/PartSaleOrder_InvoiceRptDevice' is not present after 40 second(s)

2017-11-17 11:40:50 - [TEST_STEP][FAILED] - setText: Unable to set text 'D' of object 'Object Repository/Parts/PartsSalesOrder/PartsSaleOrderHeader/PartSaleOrder_InvoiceRptDevice' (Root cause: com.kms.katalon.core.webui.exception.WebElementNotFoundException: Web element with id: 'Object Repository/Parts/PartsSalesOrder/PartsSaleOrderHeader/PartSaleOrder_InvoiceRptDevice' located by 'By.xpath: //*[@id = 'ttstpsplopen-6-devc-1-lookup-widget']' not found)

2017-11-17 11:41:24 - [MESSAGE][FAILED] - Unable to set text 'D' of object 'Object Repository/Parts/PartsSalesOrder/PartsSaleOrderHeader/PartSaleOrder_InvoiceRptDevice' (Root cause: com.kms.katalon.core.webui.exception.WebElementNotFoundException: Web element with id: 'Object Repository/Parts/PartsSalesOrder/PartsSaleOrderHeader/PartSaleOrder_InvoiceRptDevice' located by 'By.xpath: //*[@id = 'ttstpsplopen-6-devc-1-lookup-widget']' not found)
[[ATTACHMENT|C:\\Users\\rgajbhiye\\git\\CreditCard\\Reports\\CC_PartsTestSuite\\20171117_113204\\1510899084042.png]]

2017-11-17 11:41:24 - [TEST_STEP][FAILED] - click: Unable to click on object 'Object Repository/Parts/PartsSalesOrder/PartsSaleOrderHeader/PartSaleOrder_InvoiceRptContinue' (Root cause: com.kms.katalon.core.webui.exception.WebElementNotFoundException: Web element with id: 'Object Repository/Parts/PartsSalesOrder/PartsSaleOrderHeader/PartSaleOrder_InvoiceRptContinue' located by 'By.xpath: //*[@id = 'ttstpsplopen-6-button-form-exec.cont.process']' not found)

2017-11-17 11:41:58 - [MESSAGE][FAILED] - Unable to click on object 'Object Repository/Parts/PartsSalesOrder/PartsSaleOrderHeader/PartSaleOrder_InvoiceRptContinue' (Root cause: com.kms.katalon.core.webui.exception.WebElementNotFoundException: Web element with id: 'Object Repository/Parts/PartsSalesOrder/PartsSaleOrderHeader/PartSaleOrder_InvoiceRptContinue' located by 'By.xpath: //*[@id = 'ttstpsplopen-6-button-form-exec.cont.process']' not found)
[[ATTACHMENT|C:\\Users\\rgajbhiye\\git\\CreditCard\\Reports\\CC_PartsTestSuite\\20171117_113204\\1510899117878.png]]

2017-11-17 11:41:58 - [TEST_STEP][PASSED] - delay: Delayed 10 second(s)

2017-11-17 11:42:08 - [MESSAGE][PASSED] - Delayed 10 second(s)

2017-11-17 11:42:08 - [MESSAGE][FAILED] - Unable to call Test Case with id 'Test Cases/Parts/BaseTestCases/Base_Part_PickPacknInvoiceWithCC' (Root cause: Call Test Case 'Test Cases/Parts/BaseTestCases/Base_Part_PickPacknInvoiceWithCC' failed)]]></system-out>
         <system-err><![CDATA[2017-11-17 11:38:26 - [TEST_CASE][FAILED] - Test Cases/Parts/CreditCardRegression/TC001_Parts_CreditCard - Iteration 3: Test Cases/Parts/CreditCardRegression/TC001_Parts_CreditCard FAILED because (of) Unable to set text 'D' of object 'Object Repository/Parts/PartsSalesOrder/PartsSaleOrderHeader/PartSaleOrder_InvoiceRptDevice' (Root cause: com.kms.katalon.core.webui.exception.WebElementNotFoundException: Web element with id: 'Object Repository/Parts/PartsSalesOrder/PartsSaleOrderHeader/PartSaleOrder_InvoiceRptDevice' located by 'By.xpath: //*[@id = 'ttstpsplopen-6-devc-1-lookup-widget']' not found)]]></system-err>
      </testcase>
      <testcase name="Test Cases/Parts/CreditCardRegression/TC002_Parts_CreditCard - Iteration 1" classname="Test Cases/Parts/CreditCardRegression/TC002_Parts_CreditCard" status="PASSED">
         <system-out><![CDATA[2017-11-17 11:42:08 - [TEST_CASE][PASSED] - Test Cases/Parts/CreditCardRegression/TC002_Parts_CreditCard - Iteration 1: Test Cases/Parts/CreditCardRegression/TC002_Parts_CreditCard

2017-11-17 11:42:08 - [TEST_STEP][PASSED] - callTestCase: Call Test Case 'Test Cases/Parts/BaseTestCases/Base_Part_CreateHeader_WithCC' successfully

2017-11-17 11:42:08 - [TEST_CASE][PASSED] - Test Cases/Parts/BaseTestCases/Base_Part_CreateHeader_WithCC: Test Cases/Parts/BaseTestCases/Base_Part_CreateHeader_WithCC

2017-11-17 11:42:08 - [TEST_STEP][PASSED] - callTestCase: Call Test Case 'Test Cases/Common/Base_Common_OpenSession' successfully

2017-11-17 11:42:08 - [TEST_CASE][PASSED] - Test Cases/Common/Base_Common_OpenSession: Test Cases/Common/Base_Common_OpenSession

2017-11-17 11:42:08 - [TEST_STEP][PASSED] - openBrowser: Browser is opened with url: 'https://rgajbhiye:Robin$123@proxima-ln4.e-emphasys.com:8441/webui/servlet/login'

2017-11-17 11:42:08 - [MESSAGE][WARNING] - A browser is already opened. Closing browser and opening a new one

2017-11-17 11:42:17 - [MESSAGE][PASSED] - Browser is opened with url: 'https://rgajbhiye:Robin$123@proxima-ln4.e-emphasys.com:8441/webui/servlet/login'

2017-11-17 11:42:17 - [TEST_STEP][PASSED] - waitForPageLoad: Wait for page load successfully

2017-11-17 11:42:17 - [MESSAGE][PASSED] - Wait for page load successfully

2017-11-17 11:42:17 - [TEST_STEP][PASSED] - maximizeWindow: Current window maximized

2017-11-17 11:42:17 - [MESSAGE][PASSED] - Current window maximized

2017-11-17 11:42:17 - [TEST_STEP][PASSED] - click: Object: 'Object Repository/Common/HomePage/HomePage_more' is clicked on

2017-11-17 11:42:21 - [MESSAGE][PASSED] - Object: 'Object Repository/Common/HomePage/HomePage_more' is clicked on

2017-11-17 11:42:21 - [TEST_STEP][PASSED] - click: Object: 'Object Repository/Common/HomePage/HomePage_Option' is clicked on

2017-11-17 11:42:21 - [MESSAGE][PASSED] - Object: 'Object Repository/Common/HomePage/HomePage_Option' is clicked on

2017-11-17 11:42:21 - [TEST_STEP][PASSED] - click: Object: 'Object Repository/Common/HomePage/HomePage_RunProgram_' is clicked on

2017-11-17 11:42:21 - [MESSAGE][PASSED] - Object: 'Object Repository/Common/HomePage/HomePage_RunProgram_' is clicked on

2017-11-17 11:42:21 - [TEST_STEP][PASSED] - sendKeys: Keys 'tdsls4500m002' sent to object: 'Object Repository/Common/HomePage/HomePage_Session_ID'

2017-11-17 11:42:22 - [MESSAGE][PASSED] - Keys 'tdsls4500m002' sent to object: 'Object Repository/Common/HomePage/HomePage_Session_ID'

2017-11-17 11:42:22 - [TEST_STEP][PASSED] - click: Object: 'Object Repository/Common/HomePage/HomePage_OkButton' is clicked on

2017-11-17 11:42:22 - [MESSAGE][PASSED] - Object: 'Object Repository/Common/HomePage/HomePage_OkButton' is clicked on

2017-11-17 11:42:22 - [MESSAGE][PASSED] - Call Test Case 'Test Cases/Common/Base_Common_OpenSession' successfully

2017-11-17 11:42:22 - [TEST_STEP][PASSED] - click: Object: 'Object Repository/Parts/PartsSalesOrder/PartsSaleOrderHeader/PartSaleOrder_NewButton' is clicked on

2017-11-17 11:42:25 - [MESSAGE][PASSED] - Object: 'Object Repository/Parts/PartsSalesOrder/PartsSaleOrderHeader/PartSaleOrder_NewButton' is clicked on

2017-11-17 11:42:25 - [TEST_STEP][PASSED] - waitForElementPresent: Object 'Object Repository/Parts/PartsSalesOrder/PartsSaleOrderHeader/Partsalesorder_customer' is present

2017-11-17 11:42:28 - [MESSAGE][PASSED] - Object 'Object Repository/Parts/PartsSalesOrder/PartsSaleOrderHeader/Partsalesorder_customer' is present

2017-11-17 11:42:28 - [TEST_STEP][PASSED] - setText: Text 'M00000182' is set on object 'Object Repository/Parts/PartsSalesOrder/PartsSaleOrderHeader/Partsalesorder_customer'

2017-11-17 11:42:28 - [MESSAGE][PASSED] - Text 'M00000182' is set on object 'Object Repository/Parts/PartsSalesOrder/PartsSaleOrderHeader/Partsalesorder_customer'

2017-11-17 11:42:28 - [TEST_STEP][NOT_RUN] - sendKeys: NOT_RUN: sendKeys

2017-11-17 11:42:28 - [MESSAGE][NOT_RUN] - NOT_RUN: sendKeys

2017-11-17 11:42:28 - [TEST_STEP][PASSED] - click: Object: 'Object Repository/Parts/PartsSalesOrder/PartsSaleOrderHeader/PartSalesOrder_Tax' is clicked on

2017-11-17 11:42:28 - [MESSAGE][PASSED] - Object: 'Object Repository/Parts/PartsSalesOrder/PartsSaleOrderHeader/PartSalesOrder_Tax' is clicked on

2017-11-17 11:42:28 - [TEST_STEP][PASSED] - click: Object: 'Object Repository/Parts/PartsSalesOrder/PartsSaleOrderHeader/PartSalesorder_Save' is clicked on

2017-11-17 11:42:28 - [MESSAGE][PASSED] - Object: 'Object Repository/Parts/PartsSalesOrder/PartsSaleOrderHeader/PartSalesorder_Save' is clicked on

2017-11-17 11:42:28 - [TEST_STEP][PASSED] - dragAndDropByOffset: Dragged object with id 'Object Repository/Parts/PartsSalesOrder/PartsSaleOrderHeader/PartSalesOrder_scroller' by offset distance x = 0 and y = -100 successfully

2017-11-17 11:42:36 - [MESSAGE][PASSED] - Dragged object with id 'Object Repository/Parts/PartsSalesOrder/PartsSaleOrderHeader/PartSalesOrder_scroller' by offset distance x = 0 and y = -100 successfully

2017-11-17 11:42:36 - [TEST_STEP][PASSED] - delay: Delayed 5 second(s)

2017-11-17 11:42:41 - [MESSAGE][PASSED] - Delayed 5 second(s)

2017-11-17 11:42:41 - [TEST_STEP][PASSED] - Statement - G_Part_PSO = com.kms.katalon.core.webui.keyword.WebUiBuiltInKeywords.getAttribute(com.kms.katalon.core.testobject.ObjectRepository.findTestObject(Parts/PartsSalesOrder/PartsSaleOrderHeader/PartSalesOrder_OrderNo), "value"): Attribute 'value' of object 'Object Repository/Parts/PartsSalesOrder/PartsSaleOrderHeader/PartSalesOrder_OrderNo' is: 'TP0001023'

2017-11-17 11:42:41 - [MESSAGE][PASSED] - Attribute 'value' of object 'Object Repository/Parts/PartsSalesOrder/PartsSaleOrderHeader/PartSalesOrder_OrderNo' is: 'TP0001023'

2017-11-17 11:42:41 - [TEST_STEP][PASSED] - Statement - println("sale order number" + G_Part_PSO): null

2017-11-17 11:42:41 - [TEST_STEP][PASSED] - click: Object: 'Object Repository/Parts/PartsSalesOrder/PartsSaleOrderHeader/PartSaleOrder_OtherDetailsTab' is clicked on

2017-11-17 11:42:41 - [MESSAGE][PASSED] - Object: 'Object Repository/Parts/PartsSalesOrder/PartsSaleOrderHeader/PartSaleOrder_OtherDetailsTab' is clicked on

2017-11-17 11:42:41 - [TEST_STEP][PASSED] - delay: Delayed 2 second(s)

2017-11-17 11:42:43 - [MESSAGE][PASSED] - Delayed 2 second(s)

2017-11-17 11:42:43 - [TEST_STEP][PASSED] - click: Object: 'Object Repository/Parts/PartsSalesOrder/PartsSaleOrderHeader/PartSalesOrder_ModeOfPayment' is clicked on

2017-11-17 11:42:43 - [MESSAGE][PASSED] - Object: 'Object Repository/Parts/PartsSalesOrder/PartsSaleOrderHeader/PartSalesOrder_ModeOfPayment' is clicked on

2017-11-17 11:42:43 - [TEST_STEP][PASSED] - click: Object: 'Object Repository/Parts/PartsSalesOrder/PartsSaleOrderHeader/PartSalesOrder_CreditCardOption' is clicked on

2017-11-17 11:42:43 - [MESSAGE][PASSED] - Object: 'Object Repository/Parts/PartsSalesOrder/PartsSaleOrderHeader/PartSalesOrder_CreditCardOption' is clicked on

2017-11-17 11:42:43 - [TEST_STEP][PASSED] - click: Object: 'Object Repository/Parts/PartsSalesOrder/PartsSaleOrderHeader/PartSalesorder_Save' is clicked on

2017-11-17 11:42:43 - [MESSAGE][PASSED] - Object: 'Object Repository/Parts/PartsSalesOrder/PartsSaleOrderHeader/PartSalesorder_Save' is clicked on

2017-11-17 11:42:43 - [MESSAGE][PASSED] - Call Test Case 'Test Cases/Parts/BaseTestCases/Base_Part_CreateHeader_WithCC' successfully

2017-11-17 11:42:43 - [TEST_STEP][PASSED] - callTestCase: Call Test Case 'Test Cases/Parts/BaseTestCases/Base_Part_AddPartLinePos1' successfully

2017-11-17 11:42:43 - [TEST_CASE][PASSED] - Test Cases/Parts/BaseTestCases/Base_Part_AddPartLinePos1: Test Cases/Parts/BaseTestCases/Base_Part_AddPartLinePos1

2017-11-17 11:42:43 - [TEST_STEP][PASSED] - click: Object: 'Object Repository/Parts/PartsSalesOrder/PartSalesOrderLine1/PartSaleOrderLine1_newpart' is clicked on

2017-11-17 11:42:47 - [MESSAGE][PASSED] - Object: 'Object Repository/Parts/PartsSalesOrder/PartSalesOrderLine1/PartSaleOrderLine1_newpart' is clicked on

2017-11-17 11:42:47 - [TEST_STEP][PASSED] - delay: Delayed 3 second(s)

2017-11-17 11:42:50 - [MESSAGE][PASSED] - Delayed 3 second(s)

2017-11-17 11:42:50 - [TEST_STEP][PASSED] - setText: Text 'KP3' is set on object 'Object Repository/Parts/PartsSalesOrder/PartSalesOrderLine1/PartSaleOrderLine1_PartNumber'

2017-11-17 11:42:51 - [MESSAGE][PASSED] - Text 'KP3' is set on object 'Object Repository/Parts/PartsSalesOrder/PartSalesOrderLine1/PartSaleOrderLine1_PartNumber'

2017-11-17 11:42:51 - [TEST_STEP][PASSED] - scrollToElement: Scroll to object 'Object Repository/Parts/PartsSalesOrder/PartSalesOrderLine1/PartSaleOrderLine1_Quantity' successfully

2017-11-17 11:42:55 - [MESSAGE][PASSED] - Scroll to object 'Object Repository/Parts/PartsSalesOrder/PartSalesOrderLine1/PartSaleOrderLine1_Quantity' successfully

2017-11-17 11:42:55 - [TEST_STEP][PASSED] - click: Object: 'Object Repository/Parts/PartsSalesOrder/PartSalesOrderLine1/PartSaleOrderLine1_Quantity' is clicked on

2017-11-17 11:42:59 - [MESSAGE][PASSED] - Object: 'Object Repository/Parts/PartsSalesOrder/PartSalesOrderLine1/PartSaleOrderLine1_Quantity' is clicked on

2017-11-17 11:42:59 - [TEST_STEP][PASSED] - setText: Text '2' is set on object 'Object Repository/Parts/PartsSalesOrder/PartSalesOrderLine1/PartSaleOrderLine1-Qty1'

2017-11-17 11:43:01 - [MESSAGE][PASSED] - Text '2' is set on object 'Object Repository/Parts/PartsSalesOrder/PartSalesOrderLine1/PartSaleOrderLine1-Qty1'

2017-11-17 11:43:01 - [TEST_STEP][PASSED] - click: Object: 'Object Repository/Parts/PartsSalesOrder/PartsSaleOrderHeader/PartSalesorder_Save' is clicked on

2017-11-17 11:43:01 - [MESSAGE][PASSED] - Object: 'Object Repository/Parts/PartsSalesOrder/PartsSaleOrderHeader/PartSalesorder_Save' is clicked on

2017-11-17 11:43:01 - [TEST_STEP][PASSED] - delay: Delayed 10 second(s)

2017-11-17 11:43:11 - [MESSAGE][PASSED] - Delayed 10 second(s)

2017-11-17 11:43:11 - [TEST_STEP][NOT_RUN] - scrollToElement: NOT_RUN: scrollToElement

2017-11-17 11:43:11 - [MESSAGE][NOT_RUN] - NOT_RUN: scrollToElement

2017-11-17 11:43:11 - [TEST_STEP][NOT_RUN] - Statement - G_InvoiceAmt = com.kms.katalon.core.webui.keyword.WebUiBuiltInKeywords.getText(com.kms.katalon.core.testobject.ObjectRepository.findTestObject(tdtre4101m002/Line1/firmPrice)): NOT_RUN: Statement - G_InvoiceAmt = com.kms.katalon.core.webui.keyword.WebUiBuiltInKeywords.getText(com.kms.katalon.core.testobject.ObjectRepository.findTestObject(tdtre4101m002/Line1/firmPrice))

2017-11-17 11:43:11 - [MESSAGE][NOT_RUN] - NOT_RUN: Statement - G_InvoiceAmt = com.kms.katalon.core.webui.keyword.WebUiBuiltInKeywords.getText(com.kms.katalon.core.testobject.ObjectRepository.findTestObject(tdtre4101m002/Line1/firmPrice))

2017-11-17 11:43:11 - [TEST_STEP][NOT_RUN] - Statement - Qty1 = com.kms.katalon.core.webui.keyword.WebUiBuiltInKeywords.getText(com.kms.katalon.core.testobject.ObjectRepository.findTestObject(tdtre4101m002/Line1/input_tdtre4101s002-Qty)): NOT_RUN: Statement - Qty1 = com.kms.katalon.core.webui.keyword.WebUiBuiltInKeywords.getText(com.kms.katalon.core.testobject.ObjectRepository.findTestObject(tdtre4101m002/Line1/input_tdtre4101s002-Qty))

2017-11-17 11:43:11 - [MESSAGE][NOT_RUN] - NOT_RUN: Statement - Qty1 = com.kms.katalon.core.webui.keyword.WebUiBuiltInKeywords.getText(com.kms.katalon.core.testobject.ObjectRepository.findTestObject(tdtre4101m002/Line1/input_tdtre4101s002-Qty))

2017-11-17 11:43:11 - [TEST_STEP][NOT_RUN] - Statement - G_OrderLineAmt = G_FirmPrice * Qty1: NOT_RUN: Statement - G_OrderLineAmt = G_FirmPrice * Qty1

2017-11-17 11:43:11 - [MESSAGE][NOT_RUN] - NOT_RUN: Statement - G_OrderLineAmt = G_FirmPrice * Qty1

2017-11-17 11:43:11 - [TEST_STEP][NOT_RUN] - Statement - println("GlobalVariable.G_FirmPrice" + G_FirmPrice): NOT_RUN: Statement - println("GlobalVariable.G_FirmPrice" + G_FirmPrice)

2017-11-17 11:43:11 - [MESSAGE][NOT_RUN] - NOT_RUN: Statement - println("GlobalVariable.G_FirmPrice" + G_FirmPrice)

2017-11-17 11:43:11 - [TEST_STEP][NOT_RUN] - Statement - println("GlobalVariable.G_OrderLineAmt" + G_OrderLineAmt): NOT_RUN: Statement - println("GlobalVariable.G_OrderLineAmt" + G_OrderLineAmt)

2017-11-17 11:43:11 - [MESSAGE][NOT_RUN] - NOT_RUN: Statement - println("GlobalVariable.G_OrderLineAmt" + G_OrderLineAmt)

2017-11-17 11:43:11 - [MESSAGE][PASSED] - Call Test Case 'Test Cases/Parts/BaseTestCases/Base_Part_AddPartLinePos1' successfully

2017-11-17 11:43:11 - [TEST_STEP][PASSED] - callTestCase: Call Test Case 'Test Cases/Parts/BaseTestCases/Base_Part_PickPacknInvoiceWithCCSplitPayment' successfully

2017-11-17 11:43:11 - [TEST_CASE][PASSED] - Test Cases/Parts/BaseTestCases/Base_Part_PickPacknInvoiceWithCCSplitPayment: Test Cases/Parts/BaseTestCases/Base_Part_PickPacknInvoiceWithCCSplitPayment

2017-11-17 11:43:11 - [TEST_STEP][PASSED] - click: Object: 'Object Repository/Parts/PartsSalesOrder/PartsSaleOrderHeader/PartSalesOrder_Action' is clicked on

2017-11-17 11:43:12 - [MESSAGE][PASSED] - Object: 'Object Repository/Parts/PartsSalesOrder/PartsSaleOrderHeader/PartSalesOrder_Action' is clicked on

2017-11-17 11:43:12 - [TEST_STEP][PASSED] - delay: Delayed 3 second(s)

2017-11-17 11:43:15 - [MESSAGE][PASSED] - Delayed 3 second(s)

2017-11-17 11:43:15 - [TEST_STEP][PASSED] - waitForElementClickable: Object 'Object Repository/Parts/PartsSalesOrder/PartsSaleOrderHeader/PartSalesOrder_PickPacknInvoice' is clickable

2017-11-17 11:43:15 - [MESSAGE][PASSED] - Object 'Object Repository/Parts/PartsSalesOrder/PartsSaleOrderHeader/PartSalesOrder_PickPacknInvoice' is clickable

2017-11-17 11:43:15 - [TEST_STEP][PASSED] - click: Object: 'Object Repository/Parts/PartsSalesOrder/PartsSaleOrderHeader/PartSalesOrder_PickPacknInvoice' is clicked on

2017-11-17 11:43:15 - [MESSAGE][PASSED] - Object: 'Object Repository/Parts/PartsSalesOrder/PartsSaleOrderHeader/PartSalesOrder_PickPacknInvoice' is clicked on

2017-11-17 11:43:15 - [TEST_STEP][PASSED] - delay: Delayed 5 second(s)

2017-11-17 11:43:20 - [MESSAGE][PASSED] - Delayed 5 second(s)

2017-11-17 11:43:20 - [TEST_STEP][NOT_RUN] - click: NOT_RUN: click

2017-11-17 11:43:20 - [MESSAGE][NOT_RUN] - NOT_RUN: click

2017-11-17 11:43:20 - [TEST_STEP][PASSED] - Statement - If (com.kms.katalon.core.webui.keyword.WebUiBuiltInKeywords.verifyElementVisible(com.kms.katalon.core.testobject.ObjectRepository.findTestObject(Object Repository/Parts/PartsSalesOrder/PartsSaleOrderHeader/PartSalesOrder_LocationOption)) == true): Object: 'Object Repository/Parts/PartsSalesOrder/PartsSaleOrderHeader/PartSalesOrder_LocationOption' is clicked on

2017-11-17 11:43:20 - [MESSAGE][PASSED] - Object 'Object Repository/Parts/PartsSalesOrder/PartsSaleOrderHeader/PartSalesOrder_LocationOption' is visible

2017-11-17 11:43:20 - [TEST_STEP][PASSED] - click: Object: 'Object Repository/Parts/PartsSalesOrder/PartsSaleOrderHeader/PartSalesOrder_LocationOption' is clicked on

2017-11-17 11:43:20 - [MESSAGE][PASSED] - Object: 'Object Repository/Parts/PartsSalesOrder/PartsSaleOrderHeader/PartSalesOrder_LocationOption' is clicked on

2017-11-17 11:43:20 - [TEST_STEP][PASSED] - delay: Delayed 3 second(s)

2017-11-17 11:43:23 - [MESSAGE][PASSED] - Delayed 3 second(s)

2017-11-17 11:43:23 - [TEST_STEP][NOT_RUN] - Statement - If (com.kms.katalon.core.webui.keyword.WebUiBuiltInKeywords.verifyElementVisible(com.kms.katalon.core.testobject.ObjectRepository.findTestObject(Object Repository/Parts/PartsSalesOrder/PartsSaleOrderHeader/PartSaleOrder_PackingSlipClose)) == true): NOT_RUN: Statement - If (com.kms.katalon.core.webui.keyword.WebUiBuiltInKeywords.verifyElementVisible(com.kms.katalon.core.testobject.ObjectRepository.findTestObject(Object Repository/Parts/PartsSalesOrder/PartsSaleOrderHeader/PartSaleOrder_PackingSlipClose)) == true)

2017-11-17 11:43:23 - [MESSAGE][NOT_RUN] - NOT_RUN: Statement - If (com.kms.katalon.core.webui.keyword.WebUiBuiltInKeywords.verifyElementVisible(com.kms.katalon.core.testobject.ObjectRepository.findTestObject(Object Repository/Parts/PartsSalesOrder/PartsSaleOrderHeader/PartSaleOrder_PackingSlipClose)) == true)

2017-11-17 11:43:23 - [TEST_STEP][PASSED] - click: Object: 'Object Repository/Parts/PartsSalesOrder/PartsSaleOrderHeader/PartSalesOrder_ContinueInvoiceOption' is clicked on

2017-11-17 11:43:25 - [MESSAGE][PASSED] - Object: 'Object Repository/Parts/PartsSalesOrder/PartsSaleOrderHeader/PartSalesOrder_ContinueInvoiceOption' is clicked on

2017-11-17 11:43:25 - [TEST_STEP][PASSED] - delay: Delayed 3 second(s)

2017-11-17 11:43:28 - [MESSAGE][PASSED] - Delayed 3 second(s)

2017-11-17 11:43:28 - [TEST_STEP][PASSED] - setText: Text 'PUBL' is set on object 'Object Repository/Parts/PartsSalesOrder/PartSalesOrder_CCInterface/CCInterface_PaymentGateway'

2017-11-17 11:43:28 - [MESSAGE][PASSED] - Text 'PUBL' is set on object 'Object Repository/Parts/PartsSalesOrder/PartSalesOrder_CCInterface/CCInterface_PaymentGateway'

2017-11-17 11:43:28 - [TEST_STEP][PASSED] - doubleClick: Object: 'Object Repository/Parts/PartsSalesOrder/PartSalesOrder_CCInterface/CCInterface_CardType' is double clicked on

2017-11-17 11:43:28 - [MESSAGE][PASSED] - Object: 'Object Repository/Parts/PartsSalesOrder/PartSalesOrder_CCInterface/CCInterface_CardType' is double clicked on

2017-11-17 11:43:28 - [TEST_STEP][PASSED] - setText: Text 'Visa Card' is set on object 'Object Repository/Parts/PartsSalesOrder/PartSalesOrder_CCInterface/CCInterface_CardType'

2017-11-17 11:43:28 - [MESSAGE][PASSED] - Text 'Visa Card' is set on object 'Object Repository/Parts/PartsSalesOrder/PartSalesOrder_CCInterface/CCInterface_CardType'

2017-11-17 11:43:28 - [TEST_STEP][PASSED] - delay: Delayed 3 second(s)

2017-11-17 11:43:31 - [MESSAGE][PASSED] - Delayed 3 second(s)

2017-11-17 11:43:31 - [TEST_STEP][PASSED] - doubleClick: Object: 'Object Repository/Parts/PartsSalesOrder/PartSalesOrder_CCInterface/CCInterface_CardNo' is double clicked on

2017-11-17 11:43:32 - [MESSAGE][PASSED] - Object: 'Object Repository/Parts/PartsSalesOrder/PartSalesOrder_CCInterface/CCInterface_CardNo' is double clicked on

2017-11-17 11:43:32 - [TEST_STEP][PASSED] - setText: Text '4012000033330026' is set on object 'Object Repository/Parts/PartsSalesOrder/PartSalesOrder_CCInterface/CCInterface_CardNo'

2017-11-17 11:43:32 - [MESSAGE][PASSED] - Text '4012000033330026' is set on object 'Object Repository/Parts/PartsSalesOrder/PartSalesOrder_CCInterface/CCInterface_CardNo'

2017-11-17 11:43:32 - [TEST_STEP][PASSED] - setText: Text '456' is set on object 'Object Repository/Parts/PartsSalesOrder/PartSalesOrder_CCInterface/CCInterface_CVV'

2017-11-17 11:43:32 - [MESSAGE][PASSED] - Text '456' is set on object 'Object Repository/Parts/PartsSalesOrder/PartSalesOrder_CCInterface/CCInterface_CVV'

2017-11-17 11:43:32 - [TEST_STEP][PASSED] - setText: Text '09' is set on object 'Object Repository/Parts/PartsSalesOrder/PartSalesOrder_CCInterface/CCInterface_MM'

2017-11-17 11:43:32 - [MESSAGE][PASSED] - Text '09' is set on object 'Object Repository/Parts/PartsSalesOrder/PartSalesOrder_CCInterface/CCInterface_MM'

2017-11-17 11:43:32 - [TEST_STEP][PASSED] - setText: Text '99' is set on object 'Object Repository/Parts/PartsSalesOrder/PartSalesOrder_CCInterface/CCInterface_YY'

2017-11-17 11:43:32 - [MESSAGE][PASSED] - Text '99' is set on object 'Object Repository/Parts/PartsSalesOrder/PartSalesOrder_CCInterface/CCInterface_YY'

2017-11-17 11:43:32 - [TEST_STEP][PASSED] - click: Object: 'Object Repository/Parts/PartsSalesOrder/PartSalesOrder_CCInterface/CCInterface_SplitPayment' is clicked on

2017-11-17 11:43:33 - [MESSAGE][PASSED] - Object: 'Object Repository/Parts/PartsSalesOrder/PartSalesOrder_CCInterface/CCInterface_SplitPayment' is clicked on

2017-11-17 11:43:33 - [TEST_STEP][PASSED] - click: Object: 'Object Repository/Parts/PartsSalesOrder/PartSalesOrder_CCInterface/CCInterface_SplitTenderYes' is clicked on

2017-11-17 11:43:33 - [MESSAGE][PASSED] - Object: 'Object Repository/Parts/PartsSalesOrder/PartSalesOrder_CCInterface/CCInterface_SplitTenderYes' is clicked on

2017-11-17 11:43:33 - [TEST_STEP][PASSED] - click: Object: 'Object Repository/Parts/PartsSalesOrder/PartSalesOrder_CCInterface/CCInterface_SplitPaymentPlus' is clicked on

2017-11-17 11:43:33 - [MESSAGE][PASSED] - Object: 'Object Repository/Parts/PartsSalesOrder/PartSalesOrder_CCInterface/CCInterface_SplitPaymentPlus' is clicked on

2017-11-17 11:43:33 - [TEST_STEP][PASSED] - delay: Delayed 5 second(s)

2017-11-17 11:43:38 - [MESSAGE][PASSED] - Delayed 5 second(s)

2017-11-17 11:43:38 - [TEST_STEP][PASSED] - Statement - G_OrderAmt = com.kms.katalon.core.webui.keyword.WebUiBuiltInKeywords.getText(com.kms.katalon.core.testobject.ObjectRepository.findTestObject(Parts/PartsSalesOrder/PartSalesOrder_CCInterface/CCInterface_OrderTotal)): Text of object 'Object Repository/Parts/PartsSalesOrder/PartSalesOrder_CCInterface/CCInterface_OrderTotal' is: '20.66'

2017-11-17 11:43:38 - [MESSAGE][PASSED] - Text of object 'Object Repository/Parts/PartsSalesOrder/PartSalesOrder_CCInterface/CCInterface_OrderTotal' is: '20.66'

2017-11-17 11:43:38 - [TEST_STEP][PASSED] - Statement - G_SplitOrderAmt2 = G_OrderAmt - 2: null

2017-11-17 11:43:38 - [TEST_STEP][PASSED] - Statement - println(G_SplitOrderAmt1): null

2017-11-17 11:43:38 - [TEST_STEP][PASSED] - Statement - println(G_SplitOrderAmt2): null

2017-11-17 11:43:38 - [TEST_STEP][PASSED] - delay: Delayed 2 second(s)

2017-11-17 11:43:40 - [MESSAGE][PASSED] - Delayed 2 second(s)

2017-11-17 11:43:40 - [TEST_STEP][PASSED] - comment: *********Line 1: Credit Card Started***********************

2017-11-17 11:43:40 - [TEST_STEP][PASSED] - click: Object: 'Object Repository/Parts/PartsSalesOrder/PartSalesOrder_CCInterface/SplitPayment/Page_Infor LN UI (1)/CCInterface_Split_New' is clicked on

2017-11-17 11:43:41 - [MESSAGE][PASSED] - Object: 'Object Repository/Parts/PartsSalesOrder/PartSalesOrder_CCInterface/SplitPayment/Page_Infor LN UI (1)/CCInterface_Split_New' is clicked on

2017-11-17 11:43:41 - [TEST_STEP][PASSED] - delay: Delayed 2 second(s)

2017-11-17 11:43:43 - [MESSAGE][PASSED] - Delayed 2 second(s)

2017-11-17 11:43:43 - [TEST_STEP][PASSED] - click: Object: 'Object Repository/Parts/PartsSalesOrder/PartSalesOrder_CCInterface/SplitPayment/Page_Infor LN UI (1)/CC_Interface_Split_CC1_add' is clicked on

2017-11-17 11:43:43 - [MESSAGE][PASSED] - Object: 'Object Repository/Parts/PartsSalesOrder/PartSalesOrder_CCInterface/SplitPayment/Page_Infor LN UI (1)/CC_Interface_Split_CC1_add' is clicked on

2017-11-17 11:43:43 - [TEST_STEP][PASSED] - delay: Delayed 2 second(s)

2017-11-17 11:43:45 - [MESSAGE][PASSED] - Delayed 2 second(s)

2017-11-17 11:43:45 - [TEST_STEP][PASSED] - sendKeys: Keys '4012000033330026' sent to object: 'Object Repository/Parts/PartsSalesOrder/PartSalesOrder_CCInterface/SplitPayment/Page_Infor LN UI (1)/CC_Interface_Split_CC1_add'

2017-11-17 11:43:45 - [MESSAGE][PASSED] - Keys '4012000033330026' sent to object: 'Object Repository/Parts/PartsSalesOrder/PartSalesOrder_CCInterface/SplitPayment/Page_Infor LN UI (1)/CC_Interface_Split_CC1_add'

2017-11-17 11:43:45 - [TEST_STEP][PASSED] - click: Object: 'Object Repository/Parts/PartsSalesOrder/PartSalesOrder_CCInterface/SplitPayment/Page_Infor LN UI (1)/CCInterface_Split_CVV1_add' is clicked on

2017-11-17 11:43:46 - [MESSAGE][PASSED] - Object: 'Object Repository/Parts/PartsSalesOrder/PartSalesOrder_CCInterface/SplitPayment/Page_Infor LN UI (1)/CCInterface_Split_CVV1_add' is clicked on

2017-11-17 11:43:46 - [TEST_STEP][PASSED] - delay: Delayed 2 second(s)

2017-11-17 11:43:48 - [MESSAGE][PASSED] - Delayed 2 second(s)

2017-11-17 11:43:48 - [TEST_STEP][PASSED] - sendKeys: Keys '456' sent to object: 'Object Repository/Parts/PartsSalesOrder/PartSalesOrder_CCInterface/SplitPayment/Page_Infor LN UI (1)/CCInterface_Split_CVV1_add'

2017-11-17 11:43:48 - [MESSAGE][PASSED] - Keys '456' sent to object: 'Object Repository/Parts/PartsSalesOrder/PartSalesOrder_CCInterface/SplitPayment/Page_Infor LN UI (1)/CCInterface_Split_CVV1_add'

2017-11-17 11:43:48 - [TEST_STEP][PASSED] - click: Object: 'Object Repository/Parts/PartsSalesOrder/PartSalesOrder_CCInterface/SplitPayment/Page_Infor LN UI (1)/CCInterface_Split_Order1_add' is clicked on

2017-11-17 11:43:48 - [MESSAGE][PASSED] - Object: 'Object Repository/Parts/PartsSalesOrder/PartSalesOrder_CCInterface/SplitPayment/Page_Infor LN UI (1)/CCInterface_Split_Order1_add' is clicked on

2017-11-17 11:43:48 - [TEST_STEP][PASSED] - delay: Delayed 2 second(s)

2017-11-17 11:43:50 - [MESSAGE][PASSED] - Delayed 2 second(s)

2017-11-17 11:43:50 - [TEST_STEP][PASSED] - sendKeys: Keys '1.00' sent to object: 'Object Repository/Parts/PartsSalesOrder/PartSalesOrder_CCInterface/SplitPayment/Page_Infor LN UI (1)/CCInterface_Split_Order1_add'

2017-11-17 11:43:50 - [MESSAGE][PASSED] - Keys '1.00' sent to object: 'Object Repository/Parts/PartsSalesOrder/PartSalesOrder_CCInterface/SplitPayment/Page_Infor LN UI (1)/CCInterface_Split_Order1_add'

2017-11-17 11:43:50 - [TEST_STEP][PASSED] - click: Object: 'Object Repository/Parts/PartsSalesOrder/PartSalesOrder_CCInterface/SplitPayment/Page_Infor LN UI (1)/CCInterface_Split_Save' is clicked on

2017-11-17 11:43:50 - [MESSAGE][PASSED] - Object: 'Object Repository/Parts/PartsSalesOrder/PartSalesOrder_CCInterface/SplitPayment/Page_Infor LN UI (1)/CCInterface_Split_Save' is clicked on

2017-11-17 11:43:50 - [TEST_STEP][PASSED] - comment: *********Line 2: Credit Card Started***********************

2017-11-17 11:43:50 - [TEST_STEP][PASSED] - click: Object: 'Object Repository/Parts/PartsSalesOrder/PartSalesOrder_CCInterface/SplitPayment/Page_Infor LN UI (1)/CCInterface_Split_New' is clicked on

2017-11-17 11:43:51 - [MESSAGE][PASSED] - Object: 'Object Repository/Parts/PartsSalesOrder/PartSalesOrder_CCInterface/SplitPayment/Page_Infor LN UI (1)/CCInterface_Split_New' is clicked on

2017-11-17 11:43:51 - [TEST_STEP][PASSED] - delay: Delayed 2 second(s)

2017-11-17 11:43:53 - [MESSAGE][PASSED] - Delayed 2 second(s)

2017-11-17 11:43:53 - [TEST_STEP][PASSED] - click: Object: 'Object Repository/Parts/PartsSalesOrder/PartSalesOrder_CCInterface/SplitPayment/Page_Infor LN UI (1)/CCInterface_Split_CC2add' is clicked on

2017-11-17 11:43:53 - [MESSAGE][PASSED] - Object: 'Object Repository/Parts/PartsSalesOrder/PartSalesOrder_CCInterface/SplitPayment/Page_Infor LN UI (1)/CCInterface_Split_CC2add' is clicked on

2017-11-17 11:43:53 - [TEST_STEP][PASSED] - delay: Delayed 2 second(s)

2017-11-17 11:43:55 - [MESSAGE][PASSED] - Delayed 2 second(s)

2017-11-17 11:43:55 - [TEST_STEP][PASSED] - setText: Text '4111123400062020' is set on object 'Object Repository/Parts/PartsSalesOrder/PartSalesOrder_CCInterface/SplitPayment/Page_Infor LN UI (1)/CCInterface_Split_CC2add'

2017-11-17 11:43:55 - [MESSAGE][PASSED] - Text '4111123400062020' is set on object 'Object Repository/Parts/PartsSalesOrder/PartSalesOrder_CCInterface/SplitPayment/Page_Infor LN UI (1)/CCInterface_Split_CC2add'

2017-11-17 11:43:55 - [TEST_STEP][PASSED] - delay: Delayed 2 second(s)

2017-11-17 11:43:57 - [MESSAGE][PASSED] - Delayed 2 second(s)

2017-11-17 11:43:57 - [TEST_STEP][PASSED] - click: Object: 'Object Repository/Parts/PartsSalesOrder/PartSalesOrder_CCInterface/SplitPayment/Page_Infor LN UI (1)/CCInterface_Split_CVV2add' is clicked on

2017-11-17 11:43:57 - [MESSAGE][PASSED] - Object: 'Object Repository/Parts/PartsSalesOrder/PartSalesOrder_CCInterface/SplitPayment/Page_Infor LN UI (1)/CCInterface_Split_CVV2add' is clicked on

2017-11-17 11:43:57 - [TEST_STEP][PASSED] - delay: Delayed 2 second(s)

2017-11-17 11:43:59 - [MESSAGE][PASSED] - Delayed 2 second(s)

2017-11-17 11:43:59 - [TEST_STEP][PASSED] - setText: Text '456' is set on object 'Object Repository/Parts/PartsSalesOrder/PartSalesOrder_CCInterface/SplitPayment/Page_Infor LN UI (1)/CCInterface_Split_CVV2add'

2017-11-17 11:44:00 - [MESSAGE][PASSED] - Text '456' is set on object 'Object Repository/Parts/PartsSalesOrder/PartSalesOrder_CCInterface/SplitPayment/Page_Infor LN UI (1)/CCInterface_Split_CVV2add'

2017-11-17 11:44:00 - [TEST_STEP][PASSED] - click: Object: 'Object Repository/Parts/PartsSalesOrder/PartSalesOrder_CCInterface/SplitPayment/Page_Infor LN UI (1)/CCInterface_Split_CardType2' is clicked on

2017-11-17 11:44:00 - [MESSAGE][PASSED] - Object: 'Object Repository/Parts/PartsSalesOrder/PartSalesOrder_CCInterface/SplitPayment/Page_Infor LN UI (1)/CCInterface_Split_CardType2' is clicked on

2017-11-17 11:44:00 - [TEST_STEP][PASSED] - click: Object: 'Object Repository/Parts/PartsSalesOrder/PartSalesOrder_CCInterface/SplitPayment/Page_Infor LN UI (1)/CCInterface_Split_Name2' is clicked on

2017-11-17 11:44:00 - [MESSAGE][PASSED] - Object: 'Object Repository/Parts/PartsSalesOrder/PartSalesOrder_CCInterface/SplitPayment/Page_Infor LN UI (1)/CCInterface_Split_Name2' is clicked on

2017-11-17 11:44:00 - [TEST_STEP][PASSED] - delay: Delayed 2 second(s)

2017-11-17 11:44:02 - [MESSAGE][PASSED] - Delayed 2 second(s)

2017-11-17 11:44:02 - [TEST_STEP][PASSED] - setText: Text 'Test' is set on object 'Object Repository/Parts/PartsSalesOrder/PartSalesOrder_CCInterface/SplitPayment/Page_Infor LN UI (1)/CCInterface_Split_Name2'

2017-11-17 11:44:02 - [MESSAGE][PASSED] - Text 'Test' is set on object 'Object Repository/Parts/PartsSalesOrder/PartSalesOrder_CCInterface/SplitPayment/Page_Infor LN UI (1)/CCInterface_Split_Name2'

2017-11-17 11:44:02 - [TEST_STEP][PASSED] - click: Object: 'Object Repository/Parts/PartsSalesOrder/PartSalesOrder_CCInterface/SplitPayment/Page_Infor LN UI (1)/CCInterface_Split_Month2' is clicked on

2017-11-17 11:44:02 - [MESSAGE][PASSED] - Object: 'Object Repository/Parts/PartsSalesOrder/PartSalesOrder_CCInterface/SplitPayment/Page_Infor LN UI (1)/CCInterface_Split_Month2' is clicked on

2017-11-17 11:44:02 - [TEST_STEP][PASSED] - delay: Delayed 2 second(s)

2017-11-17 11:44:04 - [MESSAGE][PASSED] - Delayed 2 second(s)

2017-11-17 11:44:04 - [TEST_STEP][PASSED] - setText: Text '09' is set on object 'Object Repository/Parts/PartsSalesOrder/PartSalesOrder_CCInterface/SplitPayment/Page_Infor LN UI (1)/CCInterface_Split_Month2'

2017-11-17 11:44:05 - [MESSAGE][PASSED] - Text '09' is set on object 'Object Repository/Parts/PartsSalesOrder/PartSalesOrder_CCInterface/SplitPayment/Page_Infor LN UI (1)/CCInterface_Split_Month2'

2017-11-17 11:44:05 - [TEST_STEP][PASSED] - click: Object: 'Object Repository/Parts/PartsSalesOrder/PartSalesOrder_CCInterface/SplitPayment/Page_Infor LN UI (1)/CCInterface_Split_Year2' is clicked on

2017-11-17 11:44:05 - [MESSAGE][PASSED] - Object: 'Object Repository/Parts/PartsSalesOrder/PartSalesOrder_CCInterface/SplitPayment/Page_Infor LN UI (1)/CCInterface_Split_Year2' is clicked on

2017-11-17 11:44:05 - [TEST_STEP][PASSED] - delay: Delayed 2 second(s)

2017-11-17 11:44:07 - [MESSAGE][PASSED] - Delayed 2 second(s)

2017-11-17 11:44:07 - [TEST_STEP][PASSED] - setText: Text '99' is set on object 'Object Repository/Parts/PartsSalesOrder/PartSalesOrder_CCInterface/SplitPayment/Page_Infor LN UI (1)/CCInterface_Split_Year2'

2017-11-17 11:44:07 - [MESSAGE][PASSED] - Text '99' is set on object 'Object Repository/Parts/PartsSalesOrder/PartSalesOrder_CCInterface/SplitPayment/Page_Infor LN UI (1)/CCInterface_Split_Year2'

2017-11-17 11:44:07 - [TEST_STEP][PASSED] - click: Object: 'Object Repository/Parts/PartsSalesOrder/PartSalesOrder_CCInterface/SplitPayment/Page_Infor LN UI (1)/CCInterface_Split_Order2add' is clicked on

2017-11-17 11:44:07 - [MESSAGE][PASSED] - Object: 'Object Repository/Parts/PartsSalesOrder/PartSalesOrder_CCInterface/SplitPayment/Page_Infor LN UI (1)/CCInterface_Split_Order2add' is clicked on

2017-11-17 11:44:07 - [TEST_STEP][PASSED] - delay: Delayed 2 second(s)

2017-11-17 11:44:09 - [MESSAGE][PASSED] - Delayed 2 second(s)

2017-11-17 11:44:09 - [TEST_STEP][PASSED] - setText: Text '1.00' is set on object 'Object Repository/Parts/PartsSalesOrder/PartSalesOrder_CCInterface/SplitPayment/Page_Infor LN UI (1)/CCInterface_Split_Order2add'

2017-11-17 11:44:09 - [MESSAGE][PASSED] - Text '1.00' is set on object 'Object Repository/Parts/PartsSalesOrder/PartSalesOrder_CCInterface/SplitPayment/Page_Infor LN UI (1)/CCInterface_Split_Order2add'

2017-11-17 11:44:09 - [TEST_STEP][PASSED] - click: Object: 'Object Repository/Parts/PartsSalesOrder/PartSalesOrder_CCInterface/SplitPayment/Page_Infor LN UI (1)/CCInterface_Split_Save' is clicked on

2017-11-17 11:44:10 - [MESSAGE][PASSED] - Object: 'Object Repository/Parts/PartsSalesOrder/PartSalesOrder_CCInterface/SplitPayment/Page_Infor LN UI (1)/CCInterface_Split_Save' is clicked on

2017-11-17 11:44:10 - [TEST_STEP][PASSED] - comment: *********Line 3: Cash Started***********************

2017-11-17 11:44:10 - [TEST_STEP][PASSED] - click: Object: 'Object Repository/Parts/PartsSalesOrder/PartSalesOrder_CCInterface/SplitPayment/Page_Infor LN UI (1)/CCInterface_Split_New' is clicked on

2017-11-17 11:44:10 - [MESSAGE][PASSED] - Object: 'Object Repository/Parts/PartsSalesOrder/PartSalesOrder_CCInterface/SplitPayment/Page_Infor LN UI (1)/CCInterface_Split_New' is clicked on

2017-11-17 11:44:10 - [TEST_STEP][PASSED] - delay: Delayed 2 second(s)

2017-11-17 11:44:12 - [MESSAGE][PASSED] - Delayed 2 second(s)

2017-11-17 11:44:12 - [TEST_STEP][PASSED] - click: Object: 'Object Repository/Parts/PartsSalesOrder/PartSalesOrder_CCInterface/SplitPayment/Line3_Cash/Split_3_ModeOfPayment' is clicked on

2017-11-17 11:44:12 - [MESSAGE][PASSED] - Object: 'Object Repository/Parts/PartsSalesOrder/PartSalesOrder_CCInterface/SplitPayment/Line3_Cash/Split_3_ModeOfPayment' is clicked on

2017-11-17 11:44:12 - [TEST_STEP][PASSED] - click: Object: 'Object Repository/Parts/PartsSalesOrder/PartSalesOrder_CCInterface/SplitPayment/Line3_Cash/Split_3_Cashoption' is clicked on

2017-11-17 11:44:12 - [MESSAGE][PASSED] - Object: 'Object Repository/Parts/PartsSalesOrder/PartSalesOrder_CCInterface/SplitPayment/Line3_Cash/Split_3_Cashoption' is clicked on

2017-11-17 11:44:12 - [TEST_STEP][PASSED] - click: Object: 'Object Repository/Parts/PartsSalesOrder/PartSalesOrder_CCInterface/SplitPayment/Line3_Cash/Split_3_OrderAmt' is clicked on

2017-11-17 11:44:13 - [MESSAGE][PASSED] - Object: 'Object Repository/Parts/PartsSalesOrder/PartSalesOrder_CCInterface/SplitPayment/Line3_Cash/Split_3_OrderAmt' is clicked on

2017-11-17 11:44:13 - [TEST_STEP][PASSED] - delay: Delayed 2 second(s)

2017-11-17 11:44:15 - [MESSAGE][PASSED] - Delayed 2 second(s)

2017-11-17 11:44:15 - [TEST_STEP][PASSED] - setText: Text '18.66' is set on object 'Object Repository/Parts/PartsSalesOrder/PartSalesOrder_CCInterface/SplitPayment/Line3_Cash/Split_3_OrderAmt'

2017-11-17 11:44:15 - [MESSAGE][PASSED] - Text '18.66' is set on object 'Object Repository/Parts/PartsSalesOrder/PartSalesOrder_CCInterface/SplitPayment/Line3_Cash/Split_3_OrderAmt'

2017-11-17 11:44:15 - [TEST_STEP][PASSED] - click: Object: 'Object Repository/Parts/PartsSalesOrder/PartSalesOrder_CCInterface/SplitPayment/Page_Infor LN UI (1)/CCInterface_Split_Save' is clicked on

2017-11-17 11:44:15 - [MESSAGE][PASSED] - Object: 'Object Repository/Parts/PartsSalesOrder/PartSalesOrder_CCInterface/SplitPayment/Page_Infor LN UI (1)/CCInterface_Split_Save' is clicked on

2017-11-17 11:44:15 - [TEST_STEP][PASSED] - click: Object: 'Object Repository/Parts/PartsSalesOrder/PartSalesOrder_CCInterface/SplitPayment/Spilt_Action' is clicked on

2017-11-17 11:44:15 - [MESSAGE][PASSED] - Object: 'Object Repository/Parts/PartsSalesOrder/PartSalesOrder_CCInterface/SplitPayment/Spilt_Action' is clicked on

2017-11-17 11:44:15 - [TEST_STEP][PASSED] - click: Object: 'Object Repository/Parts/PartsSalesOrder/PartSalesOrder_CCInterface/SplitPayment/Split_ApplyTax' is clicked on

2017-11-17 11:44:16 - [MESSAGE][PASSED] - Object: 'Object Repository/Parts/PartsSalesOrder/PartSalesOrder_CCInterface/SplitPayment/Split_ApplyTax' is clicked on

2017-11-17 11:44:16 - [TEST_STEP][PASSED] - delay: Delayed 5 second(s)

2017-11-17 11:44:21 - [MESSAGE][PASSED] - Delayed 5 second(s)

2017-11-17 11:44:21 - [TEST_STEP][PASSED] - click: Object: 'Object Repository/Parts/PartsSalesOrder/PartSalesOrder_CCInterface/SplitPayment/Page_Infor LN UI (1)/Split_Scrollup' is clicked on

2017-11-17 11:44:21 - [MESSAGE][PASSED] - Object: 'Object Repository/Parts/PartsSalesOrder/PartSalesOrder_CCInterface/SplitPayment/Page_Infor LN UI (1)/Split_Scrollup' is clicked on

2017-11-17 11:44:21 - [TEST_STEP][PASSED] - scrollToElement: Scroll to object 'Object Repository/Parts/PartsSalesOrder/PartSalesOrder_CCInterface/SplitPayment/Page_Infor LN UI (1)/Split_InvoiceAmt1' successfully

2017-11-17 11:44:21 - [MESSAGE][PASSED] - Scroll to object 'Object Repository/Parts/PartsSalesOrder/PartSalesOrder_CCInterface/SplitPayment/Page_Infor LN UI (1)/Split_InvoiceAmt1' successfully

2017-11-17 11:44:21 - [TEST_STEP][PASSED] - Statement - G_SplitInvoiceAmt1 = com.kms.katalon.core.webui.keyword.WebUiBuiltInKeywords.getText(com.kms.katalon.core.testobject.ObjectRepository.findTestObject(Parts/PartsSalesOrder/PartSalesOrder_CCInterface/SplitPayment/Page_Infor LN UI (1)/Split_InvoiceAmt1)): Text of object 'Object Repository/Parts/PartsSalesOrder/PartSalesOrder_CCInterface/SplitPayment/Page_Infor LN UI (1)/Split_InvoiceAmt1' is: '1.00'

2017-11-17 11:44:21 - [MESSAGE][PASSED] - Text of object 'Object Repository/Parts/PartsSalesOrder/PartSalesOrder_CCInterface/SplitPayment/Page_Infor LN UI (1)/Split_InvoiceAmt1' is: '1.00'

2017-11-17 11:44:21 - [TEST_STEP][PASSED] - scrollToElement: Scroll to object 'Object Repository/Parts/PartsSalesOrder/PartSalesOrder_CCInterface/SplitPayment/Page_Infor LN UI (1)/Split_InvoiceAmt2' successfully

2017-11-17 11:44:21 - [MESSAGE][PASSED] - Scroll to object 'Object Repository/Parts/PartsSalesOrder/PartSalesOrder_CCInterface/SplitPayment/Page_Infor LN UI (1)/Split_InvoiceAmt2' successfully

2017-11-17 11:44:21 - [TEST_STEP][PASSED] - Statement - G_SplitInvoiceAmt2 = com.kms.katalon.core.webui.keyword.WebUiBuiltInKeywords.getText(com.kms.katalon.core.testobject.ObjectRepository.findTestObject(Parts/PartsSalesOrder/PartSalesOrder_CCInterface/SplitPayment/Page_Infor LN UI (1)/Split_InvoiceAmt2)): Text of object 'Object Repository/Parts/PartsSalesOrder/PartSalesOrder_CCInterface/SplitPayment/Page_Infor LN UI (1)/Split_InvoiceAmt2' is: '18.66'

2017-11-17 11:44:21 - [MESSAGE][PASSED] - Text of object 'Object Repository/Parts/PartsSalesOrder/PartSalesOrder_CCInterface/SplitPayment/Page_Infor LN UI (1)/Split_InvoiceAmt2' is: '18.66'

2017-11-17 11:44:21 - [TEST_STEP][PASSED] - delay: Delayed 5 second(s)

2017-11-17 11:44:26 - [MESSAGE][PASSED] - Delayed 5 second(s)

2017-11-17 11:44:26 - [TEST_STEP][PASSED] - click: Object: 'Object Repository/Parts/PartsSalesOrder/PartSalesOrder_CCInterface/SplitPayment/Split_SaveNclose' is clicked on

2017-11-17 11:44:27 - [MESSAGE][PASSED] - Object: 'Object Repository/Parts/PartsSalesOrder/PartSalesOrder_CCInterface/SplitPayment/Split_SaveNclose' is clicked on

2017-11-17 11:44:27 - [TEST_STEP][PASSED] - click: Object: 'Object Repository/Parts/PartsSalesOrder/PartSalesOrder_CCInterface/CCInterface_Process' is clicked on

2017-11-17 11:44:27 - [MESSAGE][PASSED] - Object: 'Object Repository/Parts/PartsSalesOrder/PartSalesOrder_CCInterface/CCInterface_Process' is clicked on

2017-11-17 11:44:27 - [TEST_STEP][PASSED] - waitForElementPresent: Object 'Object Repository/Parts/PartsSalesOrder/PartsSaleOrderHeader/PartSaleOrder_InvoiceRptDeviceSplit' is not present after 20 second(s)

2017-11-17 11:44:49 - [MESSAGE][WARNING] - Object 'Object Repository/Parts/PartsSalesOrder/PartsSaleOrderHeader/PartSaleOrder_InvoiceRptDeviceSplit' is not present after 20 second(s)

2017-11-17 11:44:49 - [TEST_STEP][PASSED] - setText: Text 'D' is set on object 'Object Repository/Parts/PartsSalesOrder/PartsSaleOrderHeader/PartSaleOrder_InvoiceRptDeviceSplit'

2017-11-17 11:44:50 - [MESSAGE][PASSED] - Text 'D' is set on object 'Object Repository/Parts/PartsSalesOrder/PartsSaleOrderHeader/PartSaleOrder_InvoiceRptDeviceSplit'

2017-11-17 11:44:50 - [TEST_STEP][PASSED] - click: Object: 'Object Repository/Parts/PartsSalesOrder/PartsSaleOrderHeader/PartSaleOrder_InvoiceRptContinueSplit' is clicked on

2017-11-17 11:44:51 - [MESSAGE][PASSED] - Object: 'Object Repository/Parts/PartsSalesOrder/PartsSaleOrderHeader/PartSaleOrder_InvoiceRptContinueSplit' is clicked on

2017-11-17 11:44:51 - [TEST_STEP][PASSED] - delay: Delayed 10 second(s)

2017-11-17 11:45:01 - [MESSAGE][PASSED] - Delayed 10 second(s)

2017-11-17 11:45:01 - [MESSAGE][PASSED] - Call Test Case 'Test Cases/Parts/BaseTestCases/Base_Part_PickPacknInvoiceWithCCSplitPayment' successfully

2017-11-17 11:45:01 - [TEST_STEP][PASSED] - callTestCase: Call Test Case 'Test Cases/Parts/BaseTestCases/Base_Part_GetInvoiceDetails' successfully

2017-11-17 11:45:01 - [TEST_CASE][PASSED] - Test Cases/Parts/BaseTestCases/Base_Part_GetInvoiceDetails: Test Cases/Parts/BaseTestCases/Base_Part_GetInvoiceDetails

2017-11-17 11:45:01 - [TEST_STEP][PASSED] - callTestCase: Call Test Case 'Test Cases/Common/Base_Common_OpenSession' successfully

2017-11-17 11:45:01 - [TEST_CASE][PASSED] - Test Cases/Common/Base_Common_OpenSession: Test Cases/Common/Base_Common_OpenSession

2017-11-17 11:45:01 - [TEST_STEP][PASSED] - openBrowser: Browser is opened with url: 'https://rgajbhiye:Robin$123@proxima-ln4.e-emphasys.com:8441/webui/servlet/login'

2017-11-17 11:45:01 - [MESSAGE][WARNING] - A browser is already opened. Closing browser and opening a new one

2017-11-17 11:45:08 - [MESSAGE][PASSED] - Browser is opened with url: 'https://rgajbhiye:Robin$123@proxima-ln4.e-emphasys.com:8441/webui/servlet/login'

2017-11-17 11:45:08 - [TEST_STEP][PASSED] - waitForPageLoad: Wait for page load successfully

2017-11-17 11:45:08 - [MESSAGE][PASSED] - Wait for page load successfully

2017-11-17 11:45:08 - [TEST_STEP][PASSED] - maximizeWindow: Current window maximized

2017-11-17 11:45:08 - [MESSAGE][PASSED] - Current window maximized

2017-11-17 11:45:08 - [TEST_STEP][PASSED] - click: Object: 'Object Repository/Common/HomePage/HomePage_more' is clicked on

2017-11-17 11:45:11 - [MESSAGE][PASSED] - Object: 'Object Repository/Common/HomePage/HomePage_more' is clicked on

2017-11-17 11:45:11 - [TEST_STEP][PASSED] - click: Object: 'Object Repository/Common/HomePage/HomePage_Option' is clicked on

2017-11-17 11:45:11 - [MESSAGE][PASSED] - Object: 'Object Repository/Common/HomePage/HomePage_Option' is clicked on

2017-11-17 11:45:11 - [TEST_STEP][PASSED] - click: Object: 'Object Repository/Common/HomePage/HomePage_RunProgram_' is clicked on

2017-11-17 11:45:12 - [MESSAGE][PASSED] - Object: 'Object Repository/Common/HomePage/HomePage_RunProgram_' is clicked on

2017-11-17 11:45:12 - [TEST_STEP][PASSED] - sendKeys: Keys 'ttaad4500' sent to object: 'Object Repository/Common/HomePage/HomePage_Session_ID'

2017-11-17 11:45:12 - [MESSAGE][PASSED] - Keys 'ttaad4500' sent to object: 'Object Repository/Common/HomePage/HomePage_Session_ID'

2017-11-17 11:45:12 - [TEST_STEP][PASSED] - click: Object: 'Object Repository/Common/HomePage/HomePage_OkButton' is clicked on

2017-11-17 11:45:12 - [MESSAGE][PASSED] - Object: 'Object Repository/Common/HomePage/HomePage_OkButton' is clicked on

2017-11-17 11:45:12 - [MESSAGE][PASSED] - Call Test Case 'Test Cases/Common/Base_Common_OpenSession' successfully

2017-11-17 11:45:12 - [TEST_STEP][PASSED] - doubleClick: Object: 'Object Repository/Parts/cisli245/cisli245_package' is double clicked on

2017-11-17 11:45:13 - [MESSAGE][PASSED] - Object: 'Object Repository/Parts/cisli245/cisli245_package' is double clicked on

2017-11-17 11:45:13 - [TEST_STEP][PASSED] - setText: Text 'ci' is set on object 'Object Repository/Parts/cisli245/cisli245_package'

2017-11-17 11:45:13 - [MESSAGE][PASSED] - Text 'ci' is set on object 'Object Repository/Parts/cisli245/cisli245_package'

2017-11-17 11:45:13 - [TEST_STEP][PASSED] - doubleClick: Object: 'Object Repository/Parts/cisli245/cisli245_module' is double clicked on

2017-11-17 11:45:13 - [MESSAGE][PASSED] - Object: 'Object Repository/Parts/cisli245/cisli245_module' is double clicked on

2017-11-17 11:45:13 - [TEST_STEP][PASSED] - setText: Text 'sli' is set on object 'Object Repository/Parts/cisli245/cisli245_module'

2017-11-17 11:45:13 - [MESSAGE][PASSED] - Text 'sli' is set on object 'Object Repository/Parts/cisli245/cisli245_module'

2017-11-17 11:45:13 - [TEST_STEP][PASSED] - delay: Delayed 2 second(s)

2017-11-17 11:45:15 - [MESSAGE][PASSED] - Delayed 2 second(s)

2017-11-17 11:45:15 - [TEST_STEP][PASSED] - doubleClick: Object: 'Object Repository/Parts/cisli245/cisli245_table' is double clicked on

2017-11-17 11:45:15 - [MESSAGE][PASSED] - Object: 'Object Repository/Parts/cisli245/cisli245_table' is double clicked on

2017-11-17 11:45:15 - [TEST_STEP][PASSED] - setText: Text '245' is set on object 'Object Repository/Parts/cisli245/cisli245_table'

2017-11-17 11:45:15 - [MESSAGE][PASSED] - Text '245' is set on object 'Object Repository/Parts/cisli245/cisli245_table'

2017-11-17 11:45:15 - [TEST_STEP][PASSED] - click: Object: 'Object Repository/Parts/cisli245/cisli245_ok' is clicked on

2017-11-17 11:45:16 - [MESSAGE][PASSED] - Object: 'Object Repository/Parts/cisli245/cisli245_ok' is clicked on

2017-11-17 11:45:16 - [TEST_STEP][NOT_RUN] - doubleClick: NOT_RUN: doubleClick

2017-11-17 11:45:16 - [MESSAGE][NOT_RUN] - NOT_RUN: doubleClick

2017-11-17 11:45:16 - [TEST_STEP][PASSED] - click: Object: 'Object Repository/Parts/cisli245/cisli245_find' is clicked on

2017-11-17 11:45:17 - [MESSAGE][PASSED] - Object: 'Object Repository/Parts/cisli245/cisli245_find' is clicked on

2017-11-17 11:45:17 - [TEST_STEP][PASSED] - doubleClick: Object: 'Object Repository/Parts/cisli245/cisli245_SaleOrder' is double clicked on

2017-11-17 11:45:18 - [MESSAGE][PASSED] - Object: 'Object Repository/Parts/cisli245/cisli245_SaleOrder' is double clicked on

2017-11-17 11:45:18 - [TEST_STEP][PASSED] - setText: Text 'TP0001023' is set on object 'Object Repository/Parts/cisli245/cisli245_SaleOrder'

2017-11-17 11:45:18 - [MESSAGE][PASSED] - Text 'TP0001023' is set on object 'Object Repository/Parts/cisli245/cisli245_SaleOrder'

2017-11-17 11:45:18 - [TEST_STEP][PASSED] - click: Object: 'Object Repository/Parts/cisli245/cisli245_oksearch' is clicked on

2017-11-17 11:45:18 - [MESSAGE][PASSED] - Object: 'Object Repository/Parts/cisli245/cisli245_oksearch' is clicked on

2017-11-17 11:45:18 - [TEST_STEP][PASSED] - delay: Delayed 3 second(s)

2017-11-17 11:45:21 - [MESSAGE][PASSED] - Delayed 3 second(s)

2017-11-17 11:45:21 - [TEST_STEP][PASSED] - getAttribute: Attribute 'value' of object 'Object Repository/Parts/cisli245/cisli245_OrderNo' is: 'TP0001023'

2017-11-17 11:45:21 - [MESSAGE][PASSED] - Attribute 'value' of object 'Object Repository/Parts/cisli245/cisli245_OrderNo' is: 'TP0001023'

2017-11-17 11:45:21 - [TEST_STEP][PASSED] - Statement - G_InvoiceTnxType = com.kms.katalon.core.webui.keyword.WebUiBuiltInKeywords.getAttribute(com.kms.katalon.core.testobject.ObjectRepository.findTestObject(Parts/cisli245/cisli245_invoice1), "value"): Attribute 'value' of object 'Object Repository/Parts/cisli245/cisli245_invoice1' is: 'ARS'

2017-11-17 11:45:21 - [MESSAGE][PASSED] - Attribute 'value' of object 'Object Repository/Parts/cisli245/cisli245_invoice1' is: 'ARS'

2017-11-17 11:45:21 - [TEST_STEP][PASSED] - Statement - G_InvoiceTnxNo = com.kms.katalon.core.webui.keyword.WebUiBuiltInKeywords.getAttribute(com.kms.katalon.core.testobject.ObjectRepository.findTestObject(Parts/cisli245/cisli245_invoice2), "value"): Attribute 'value' of object 'Object Repository/Parts/cisli245/cisli245_invoice2' is: '16000203'

2017-11-17 11:45:21 - [MESSAGE][PASSED] - Attribute 'value' of object 'Object Repository/Parts/cisli245/cisli245_invoice2' is: '16000203'

2017-11-17 11:45:21 - [TEST_STEP][PASSED] - Statement - G_InvoiceAmt = com.kms.katalon.core.webui.keyword.WebUiBuiltInKeywords.getAttribute(com.kms.katalon.core.testobject.ObjectRepository.findTestObject(Parts/cisli245/cisli245_amount), "value"): Attribute 'value' of object 'Object Repository/Parts/cisli245/cisli245_amount' is: '20.66'

2017-11-17 11:45:21 - [MESSAGE][PASSED] - Attribute 'value' of object 'Object Repository/Parts/cisli245/cisli245_amount' is: '20.66'

2017-11-17 11:45:21 - [MESSAGE][PASSED] - Call Test Case 'Test Cases/Parts/BaseTestCases/Base_Part_GetInvoiceDetails' successfully

2017-11-17 11:45:21 - [TEST_STEP][PASSED] - callTestCase: Call Test Case 'Test Cases/Finance/BaseTestCases/Base_Finance_CheckOpenEntriesForCCSplitPayments' successfully

2017-11-17 11:45:21 - [TEST_CASE][PASSED] - Test Cases/Finance/BaseTestCases/Base_Finance_CheckOpenEntriesForCCSplitPayments: Test Cases/Finance/BaseTestCases/Base_Finance_CheckOpenEntriesForCCSplitPayments

2017-11-17 11:45:22 - [TEST_STEP][PASSED] - callTestCase: Call Test Case 'Test Cases/Common/Base_Common_OpenSession' successfully

2017-11-17 11:45:22 - [TEST_CASE][PASSED] - Test Cases/Common/Base_Common_OpenSession: Test Cases/Common/Base_Common_OpenSession

2017-11-17 11:45:22 - [TEST_STEP][PASSED] - openBrowser: Browser is opened with url: 'https://rgajbhiye:Robin$123@proxima-ln4.e-emphasys.com:8441/webui/servlet/login'

2017-11-17 11:45:22 - [MESSAGE][WARNING] - A browser is already opened. Closing browser and opening a new one

2017-11-17 11:45:28 - [MESSAGE][PASSED] - Browser is opened with url: 'https://rgajbhiye:Robin$123@proxima-ln4.e-emphasys.com:8441/webui/servlet/login'

2017-11-17 11:45:28 - [TEST_STEP][PASSED] - waitForPageLoad: Wait for page load successfully

2017-11-17 11:45:28 - [MESSAGE][PASSED] - Wait for page load successfully

2017-11-17 11:45:28 - [TEST_STEP][PASSED] - maximizeWindow: Current window maximized

2017-11-17 11:45:28 - [MESSAGE][PASSED] - Current window maximized

2017-11-17 11:45:28 - [TEST_STEP][PASSED] - click: Object: 'Object Repository/Common/HomePage/HomePage_more' is clicked on

2017-11-17 11:45:31 - [MESSAGE][PASSED] - Object: 'Object Repository/Common/HomePage/HomePage_more' is clicked on

2017-11-17 11:45:31 - [TEST_STEP][PASSED] - click: Object: 'Object Repository/Common/HomePage/HomePage_Option' is clicked on

2017-11-17 11:45:31 - [MESSAGE][PASSED] - Object: 'Object Repository/Common/HomePage/HomePage_Option' is clicked on

2017-11-17 11:45:31 - [TEST_STEP][PASSED] - click: Object: 'Object Repository/Common/HomePage/HomePage_RunProgram_' is clicked on

2017-11-17 11:45:32 - [MESSAGE][PASSED] - Object: 'Object Repository/Common/HomePage/HomePage_RunProgram_' is clicked on

2017-11-17 11:45:32 - [TEST_STEP][PASSED] - sendKeys: Keys 'tfacr2520m000' sent to object: 'Object Repository/Common/HomePage/HomePage_Session_ID'

2017-11-17 11:45:32 - [MESSAGE][PASSED] - Keys 'tfacr2520m000' sent to object: 'Object Repository/Common/HomePage/HomePage_Session_ID'

2017-11-17 11:45:32 - [TEST_STEP][PASSED] - click: Object: 'Object Repository/Common/HomePage/HomePage_OkButton' is clicked on

2017-11-17 11:45:32 - [MESSAGE][PASSED] - Object: 'Object Repository/Common/HomePage/HomePage_OkButton' is clicked on

2017-11-17 11:45:32 - [MESSAGE][PASSED] - Call Test Case 'Test Cases/Common/Base_Common_OpenSession' successfully

2017-11-17 11:45:32 - [TEST_STEP][PASSED] - click: Object: 'Object Repository/Finance/BaseTestCases_OpenEntries_Service/OpenEntries_DocumentType' is clicked on

2017-11-17 11:45:35 - [MESSAGE][PASSED] - Object: 'Object Repository/Finance/BaseTestCases_OpenEntries_Service/OpenEntries_DocumentType' is clicked on

2017-11-17 11:45:35 - [TEST_STEP][PASSED] - click: Object: 'Object Repository/Finance/BaseTestCases_OpenEntries_Service/OpenEntries_DocumentNo' is clicked on

2017-11-17 11:45:36 - [MESSAGE][PASSED] - Object: 'Object Repository/Finance/BaseTestCases_OpenEntries_Service/OpenEntries_DocumentNo' is clicked on

2017-11-17 11:45:36 - [TEST_STEP][PASSED] - setText: Text 'ARS' is set on object 'Object Repository/Finance/BaseTestCases_OpenEntries_Service/OpenEntries_DocumentType'

2017-11-17 11:45:36 - [MESSAGE][PASSED] - Text 'ARS' is set on object 'Object Repository/Finance/BaseTestCases_OpenEntries_Service/OpenEntries_DocumentType'

2017-11-17 11:45:36 - [TEST_STEP][NOT_RUN] - sendKeys: NOT_RUN: sendKeys

2017-11-17 11:45:36 - [MESSAGE][NOT_RUN] - NOT_RUN: sendKeys

2017-11-17 11:45:36 - [TEST_STEP][NOT_RUN] - delay: NOT_RUN: delay

2017-11-17 11:45:36 - [MESSAGE][NOT_RUN] - NOT_RUN: delay

2017-11-17 11:45:36 - [TEST_STEP][PASSED] - setText: Text '16000203' is set on object 'Object Repository/Finance/BaseTestCases_OpenEntries_Service/OpenEntries_DocumentNo'

2017-11-17 11:45:37 - [MESSAGE][PASSED] - Text '16000203' is set on object 'Object Repository/Finance/BaseTestCases_OpenEntries_Service/OpenEntries_DocumentNo'

2017-11-17 11:45:37 - [TEST_STEP][NOT_RUN] - delay: NOT_RUN: delay

2017-11-17 11:45:37 - [MESSAGE][NOT_RUN] - NOT_RUN: delay

2017-11-17 11:45:37 - [TEST_STEP][NOT_RUN] - sendKeys: NOT_RUN: sendKeys

2017-11-17 11:45:37 - [MESSAGE][NOT_RUN] - NOT_RUN: sendKeys

2017-11-17 11:45:37 - [TEST_STEP][PASSED] - click: Object: 'Object Repository/Finance/BaseTestCases_OpenEntries_Service/OpenEntries_Action' is clicked on

2017-11-17 11:45:37 - [MESSAGE][PASSED] - Object: 'Object Repository/Finance/BaseTestCases_OpenEntries_Service/OpenEntries_Action' is clicked on

2017-11-17 11:45:37 - [TEST_STEP][PASSED] - click: Object: 'Object Repository/Finance/BaseTestCases_OpenEntries_Service/OpenEntries.FullyPaid' is clicked on

2017-11-17 11:45:38 - [MESSAGE][PASSED] - Object: 'Object Repository/Finance/BaseTestCases_OpenEntries_Service/OpenEntries.FullyPaid' is clicked on

2017-11-17 11:45:38 - [TEST_STEP][PASSED] - delay: Delayed 2 second(s)

2017-11-17 11:45:40 - [MESSAGE][PASSED] - Delayed 2 second(s)

2017-11-17 11:45:40 - [TEST_STEP][PASSED] - scrollToElement: Scroll to object 'Object Repository/Finance/BaseTestCases_OpenEntries_Service/OpenEntries.BalanceAmt' successfully

2017-11-17 11:45:40 - [MESSAGE][PASSED] - Scroll to object 'Object Repository/Finance/BaseTestCases_OpenEntries_Service/OpenEntries.BalanceAmt' successfully

2017-11-17 11:45:40 - [TEST_STEP][PASSED] - delay: Delayed 3 second(s)

2017-11-17 11:45:43 - [MESSAGE][PASSED] - Delayed 3 second(s)

2017-11-17 11:45:43 - [TEST_STEP][PASSED] - Statement - BalanceAmount = com.kms.katalon.core.webui.keyword.WebUiBuiltInKeywords.getText(com.kms.katalon.core.testobject.ObjectRepository.findTestObject(Finance/BaseTestCases_OpenEntries_Service/OpenEntries.BalanceAmt)): Text of object 'Object Repository/Finance/BaseTestCases_OpenEntries_Service/OpenEntries.BalanceAmt' is: '18.66'

2017-11-17 11:45:43 - [MESSAGE][PASSED] - Text of object 'Object Repository/Finance/BaseTestCases_OpenEntries_Service/OpenEntries.BalanceAmt' is: '18.66'

2017-11-17 11:45:43 - [TEST_STEP][PASSED] - verifyEqual: Actual object '18.66' and expected object '18.66' are equal

2017-11-17 11:45:43 - [MESSAGE][PASSED] - Actual object '18.66' and expected object '18.66' are equal

2017-11-17 11:45:43 - [TEST_STEP][PASSED] - click: Object: 'Object Repository/Finance/BaseTestCases_OpenEntries_Service/OpenEntries.Reference' is clicked on

2017-11-17 11:45:43 - [MESSAGE][PASSED] - Object: 'Object Repository/Finance/BaseTestCases_OpenEntries_Service/OpenEntries.Reference' is clicked on

2017-11-17 11:45:43 - [TEST_STEP][PASSED] - setText: Text '' is set on object 'Object Repository/Finance/BaseTestCases_OpenEntries_Service/OpenEntries_DocumentType'

2017-11-17 11:45:43 - [MESSAGE][PASSED] - Text '' is set on object 'Object Repository/Finance/BaseTestCases_OpenEntries_Service/OpenEntries_DocumentType'

2017-11-17 11:45:43 - [TEST_STEP][PASSED] - setText: Text '' is set on object 'Object Repository/Finance/BaseTestCases_OpenEntries_Service/OpenEntries_DocumentNo'

2017-11-17 11:45:44 - [MESSAGE][PASSED] - Text '' is set on object 'Object Repository/Finance/BaseTestCases_OpenEntries_Service/OpenEntries_DocumentNo'

2017-11-17 11:45:44 - [TEST_STEP][PASSED] - sendKeys: Keys 'TAB + ' sent to object: 'Object Repository/Finance/BaseTestCases_OpenEntries_Service/OpenEntries_DocumentType'

2017-11-17 11:45:44 - [MESSAGE][PASSED] - Keys 'TAB + ' sent to object: 'Object Repository/Finance/BaseTestCases_OpenEntries_Service/OpenEntries_DocumentType'

2017-11-17 11:45:44 - [TEST_STEP][PASSED] - sendKeys: Keys 'TAB + ' sent to object: 'Object Repository/Finance/BaseTestCases_OpenEntries_Service/OpenEntries_DocumentNo'

2017-11-17 11:45:45 - [MESSAGE][PASSED] - Keys 'TAB + ' sent to object: 'Object Repository/Finance/BaseTestCases_OpenEntries_Service/OpenEntries_DocumentNo'

2017-11-17 11:45:45 - [TEST_STEP][PASSED] - sendKeys: Keys 'M00000182 (ARS/16000203)' sent to object: 'Object Repository/Finance/BaseTestCases_OpenEntries_Service/OpenEntries.Reference'

2017-11-17 11:45:45 - [MESSAGE][PASSED] - Keys 'M00000182 (ARS/16000203)' sent to object: 'Object Repository/Finance/BaseTestCases_OpenEntries_Service/OpenEntries.Reference'

2017-11-17 11:45:45 - [TEST_STEP][PASSED] - click: Object: 'Object Repository/Finance/BaseTestCases_OpenEntries_Service/OpenEntries_DocumentNo' is clicked on

2017-11-17 11:45:45 - [MESSAGE][PASSED] - Object: 'Object Repository/Finance/BaseTestCases_OpenEntries_Service/OpenEntries_DocumentNo' is clicked on

2017-11-17 11:45:45 - [TEST_STEP][PASSED] - delay: Delayed 3 second(s)

2017-11-17 11:45:48 - [MESSAGE][PASSED] - Delayed 3 second(s)

2017-11-17 11:45:48 - [TEST_STEP][PASSED] - scrollToElement: Scroll to object 'Object Repository/Finance/BaseTestCases_OpenEntries_Service/OpenEntries.BalanceAmt' successfully

2017-11-17 11:45:48 - [MESSAGE][PASSED] - Scroll to object 'Object Repository/Finance/BaseTestCases_OpenEntries_Service/OpenEntries.BalanceAmt' successfully

2017-11-17 11:45:48 - [TEST_STEP][PASSED] - Statement - BalanceAmount = com.kms.katalon.core.webui.keyword.WebUiBuiltInKeywords.getText(com.kms.katalon.core.testobject.ObjectRepository.findTestObject(Finance/BaseTestCases_OpenEntries_Service/OpenEntries.BalanceAmt)): Text of object 'Object Repository/Finance/BaseTestCases_OpenEntries_Service/OpenEntries.BalanceAmt' is: '1.00'

2017-11-17 11:45:48 - [MESSAGE][PASSED] - Text of object 'Object Repository/Finance/BaseTestCases_OpenEntries_Service/OpenEntries.BalanceAmt' is: '1.00'

2017-11-17 11:45:48 - [TEST_STEP][PASSED] - verifyEqual: Actual object '1.00' and expected object '1.00' are equal

2017-11-17 11:45:48 - [MESSAGE][PASSED] - Actual object '1.00' and expected object '1.00' are equal

2017-11-17 11:45:48 - [TEST_STEP][PASSED] - Statement - BalanceAmount = com.kms.katalon.core.webui.keyword.WebUiBuiltInKeywords.getText(com.kms.katalon.core.testobject.ObjectRepository.findTestObject(Finance/BaseTestCases_OpenEntries_Service/OpenEntries_BalanceAmtLine2)): Text of object 'Object Repository/Finance/BaseTestCases_OpenEntries_Service/OpenEntries_BalanceAmtLine2' is: '1.00'

2017-11-17 11:45:48 - [MESSAGE][PASSED] - Text of object 'Object Repository/Finance/BaseTestCases_OpenEntries_Service/OpenEntries_BalanceAmtLine2' is: '1.00'

2017-11-17 11:45:48 - [TEST_STEP][PASSED] - verifyEqual: Actual object '1.00' and expected object '1.00' are equal

2017-11-17 11:45:48 - [MESSAGE][PASSED] - Actual object '1.00' and expected object '1.00' are equal

2017-11-17 11:45:48 - [TEST_STEP][PASSED] - delay: Delayed 3 second(s)

2017-11-17 11:45:51 - [MESSAGE][PASSED] - Delayed 3 second(s)

2017-11-17 11:45:51 - [TEST_STEP][PASSED] - closeBrowser: Browser is closed

2017-11-17 11:45:52 - [MESSAGE][PASSED] - Browser is closed

2017-11-17 11:45:52 - [MESSAGE][PASSED] - Call Test Case 'Test Cases/Finance/BaseTestCases/Base_Finance_CheckOpenEntriesForCCSplitPayments' successfully]]></system-out>
         <system-err><![CDATA[]]></system-err>
      </testcase>
      <testcase name="Test Cases/Parts/CreditCardRegression/TC002_Parts_CreditCard - Iteration 2" classname="Test Cases/Parts/CreditCardRegression/TC002_Parts_CreditCard" status="FAILED">
         <failure type="FAILED" message="Test Cases/Parts/CreditCardRegression/TC002_Parts_CreditCard FAILED because (of) Unable to click on object 'Object Repository/Parts/PartsSalesOrder/PartSalesOrder_CCInterface/CCInterface_SplitPayment' (Root cause: org.openqa.selenium.WebDriverException: Element is not clickable at point (925.7999877929688, 360). Other element would receive the click: &lt;div style=&quot;z-index: 1;&quot; class=&quot;WindowManagerGlass&quot;>&lt;/div>
Command duration or timeout: 69 milliseconds
Build info: version: '2.53.0', revision: '35ae25b', time: '2016-03-15 17:00:58'
System info: host: 'EET-RG', ip: '192.168.25.107', os.name: 'Windows 7', os.arch: 'amd64', os.version: '6.1', java.version: '1.8.0_102'
Driver info: com.kms.katalon.selenium.driver.CFirefoxDriver
Capabilities [{applicationCacheEnabled=true, rotatable=false, handlesAlerts=true, databaseEnabled=true, version=43.0.1, platform=WINDOWS, nativeEvents=false, acceptSslCerts=true, webStorageEnabled=true, locationContextEnabled=true, browserName=firefox, takesScreenshot=true, javascriptEnabled=true, cssSelectorsEnabled=true}]
Session ID: 9d9eacff-5e90-4921-b0a7-17353f57b61b)"/>
         <system-out><![CDATA[2017-11-17 11:45:52 - [TEST_CASE][FAILED] - Test Cases/Parts/CreditCardRegression/TC002_Parts_CreditCard - Iteration 2: Test Cases/Parts/CreditCardRegression/TC002_Parts_CreditCard FAILED because (of) Unable to click on object 'Object Repository/Parts/PartsSalesOrder/PartSalesOrder_CCInterface/CCInterface_SplitPayment' (Root cause: org.openqa.selenium.WebDriverException: Element is not clickable at point (925.7999877929688, 360). Other element would receive the click: <div style="z-index: 1;" class="WindowManagerGlass"></div>
Command duration or timeout: 69 milliseconds
Build info: version: '2.53.0', revision: '35ae25b', time: '2016-03-15 17:00:58'
System info: host: 'EET-RG', ip: '192.168.25.107', os.name: 'Windows 7', os.arch: 'amd64', os.version: '6.1', java.version: '1.8.0_102'
Driver info: com.kms.katalon.selenium.driver.CFirefoxDriver
Capabilities [{applicationCacheEnabled=true, rotatable=false, handlesAlerts=true, databaseEnabled=true, version=43.0.1, platform=WINDOWS, nativeEvents=false, acceptSslCerts=true, webStorageEnabled=true, locationContextEnabled=true, browserName=firefox, takesScreenshot=true, javascriptEnabled=true, cssSelectorsEnabled=true}]
Session ID: 9d9eacff-5e90-4921-b0a7-17353f57b61b)

2017-11-17 11:45:52 - [TEST_STEP][PASSED] - callTestCase: Call Test Case 'Test Cases/Parts/BaseTestCases/Base_Part_CreateHeader_WithCC' successfully

2017-11-17 11:45:52 - [TEST_CASE][PASSED] - Test Cases/Parts/BaseTestCases/Base_Part_CreateHeader_WithCC: Test Cases/Parts/BaseTestCases/Base_Part_CreateHeader_WithCC

2017-11-17 11:45:52 - [TEST_STEP][PASSED] - callTestCase: Call Test Case 'Test Cases/Common/Base_Common_OpenSession' successfully

2017-11-17 11:45:52 - [TEST_CASE][PASSED] - Test Cases/Common/Base_Common_OpenSession: Test Cases/Common/Base_Common_OpenSession

2017-11-17 11:45:52 - [TEST_STEP][PASSED] - openBrowser: Browser is opened with url: 'https://rgajbhiye:Robin$123@proxima-ln4.e-emphasys.com:8441/webui/servlet/login'

2017-11-17 11:45:58 - [MESSAGE][PASSED] - Browser is opened with url: 'https://rgajbhiye:Robin$123@proxima-ln4.e-emphasys.com:8441/webui/servlet/login'

2017-11-17 11:45:58 - [TEST_STEP][PASSED] - waitForPageLoad: Wait for page load successfully

2017-11-17 11:45:58 - [MESSAGE][PASSED] - Wait for page load successfully

2017-11-17 11:45:58 - [TEST_STEP][PASSED] - maximizeWindow: Current window maximized

2017-11-17 11:45:58 - [MESSAGE][PASSED] - Current window maximized

2017-11-17 11:45:58 - [TEST_STEP][PASSED] - click: Object: 'Object Repository/Common/HomePage/HomePage_more' is clicked on

2017-11-17 11:46:02 - [MESSAGE][PASSED] - Object: 'Object Repository/Common/HomePage/HomePage_more' is clicked on

2017-11-17 11:46:02 - [TEST_STEP][PASSED] - click: Object: 'Object Repository/Common/HomePage/HomePage_Option' is clicked on

2017-11-17 11:46:02 - [MESSAGE][PASSED] - Object: 'Object Repository/Common/HomePage/HomePage_Option' is clicked on

2017-11-17 11:46:02 - [TEST_STEP][PASSED] - click: Object: 'Object Repository/Common/HomePage/HomePage_RunProgram_' is clicked on

2017-11-17 11:46:02 - [MESSAGE][PASSED] - Object: 'Object Repository/Common/HomePage/HomePage_RunProgram_' is clicked on

2017-11-17 11:46:02 - [TEST_STEP][PASSED] - sendKeys: Keys 'tdsls4500m002' sent to object: 'Object Repository/Common/HomePage/HomePage_Session_ID'

2017-11-17 11:46:02 - [MESSAGE][PASSED] - Keys 'tdsls4500m002' sent to object: 'Object Repository/Common/HomePage/HomePage_Session_ID'

2017-11-17 11:46:02 - [TEST_STEP][PASSED] - click: Object: 'Object Repository/Common/HomePage/HomePage_OkButton' is clicked on

2017-11-17 11:46:02 - [MESSAGE][PASSED] - Object: 'Object Repository/Common/HomePage/HomePage_OkButton' is clicked on

2017-11-17 11:46:02 - [MESSAGE][PASSED] - Call Test Case 'Test Cases/Common/Base_Common_OpenSession' successfully

2017-11-17 11:46:02 - [TEST_STEP][PASSED] - click: Object: 'Object Repository/Parts/PartsSalesOrder/PartsSaleOrderHeader/PartSaleOrder_NewButton' is clicked on

2017-11-17 11:46:05 - [MESSAGE][PASSED] - Object: 'Object Repository/Parts/PartsSalesOrder/PartsSaleOrderHeader/PartSaleOrder_NewButton' is clicked on

2017-11-17 11:46:05 - [TEST_STEP][PASSED] - waitForElementPresent: Object 'Object Repository/Parts/PartsSalesOrder/PartsSaleOrderHeader/Partsalesorder_customer' is present

2017-11-17 11:46:08 - [MESSAGE][PASSED] - Object 'Object Repository/Parts/PartsSalesOrder/PartsSaleOrderHeader/Partsalesorder_customer' is present

2017-11-17 11:46:08 - [TEST_STEP][PASSED] - setText: Text 'M00000182' is set on object 'Object Repository/Parts/PartsSalesOrder/PartsSaleOrderHeader/Partsalesorder_customer'

2017-11-17 11:46:09 - [MESSAGE][PASSED] - Text 'M00000182' is set on object 'Object Repository/Parts/PartsSalesOrder/PartsSaleOrderHeader/Partsalesorder_customer'

2017-11-17 11:46:09 - [TEST_STEP][NOT_RUN] - sendKeys: NOT_RUN: sendKeys

2017-11-17 11:46:09 - [MESSAGE][NOT_RUN] - NOT_RUN: sendKeys

2017-11-17 11:46:09 - [TEST_STEP][PASSED] - click: Object: 'Object Repository/Parts/PartsSalesOrder/PartsSaleOrderHeader/PartSalesOrder_Tax' is clicked on

2017-11-17 11:46:09 - [MESSAGE][PASSED] - Object: 'Object Repository/Parts/PartsSalesOrder/PartsSaleOrderHeader/PartSalesOrder_Tax' is clicked on

2017-11-17 11:46:09 - [TEST_STEP][PASSED] - click: Object: 'Object Repository/Parts/PartsSalesOrder/PartsSaleOrderHeader/PartSalesorder_Save' is clicked on

2017-11-17 11:46:09 - [MESSAGE][PASSED] - Object: 'Object Repository/Parts/PartsSalesOrder/PartsSaleOrderHeader/PartSalesorder_Save' is clicked on

2017-11-17 11:46:09 - [TEST_STEP][PASSED] - dragAndDropByOffset: Dragged object with id 'Object Repository/Parts/PartsSalesOrder/PartsSaleOrderHeader/PartSalesOrder_scroller' by offset distance x = 0 and y = -100 successfully

2017-11-17 11:46:16 - [MESSAGE][PASSED] - Dragged object with id 'Object Repository/Parts/PartsSalesOrder/PartsSaleOrderHeader/PartSalesOrder_scroller' by offset distance x = 0 and y = -100 successfully

2017-11-17 11:46:16 - [TEST_STEP][PASSED] - delay: Delayed 5 second(s)

2017-11-17 11:46:21 - [MESSAGE][PASSED] - Delayed 5 second(s)

2017-11-17 11:46:21 - [TEST_STEP][PASSED] - Statement - G_Part_PSO = com.kms.katalon.core.webui.keyword.WebUiBuiltInKeywords.getAttribute(com.kms.katalon.core.testobject.ObjectRepository.findTestObject(Parts/PartsSalesOrder/PartsSaleOrderHeader/PartSalesOrder_OrderNo), "value"): Attribute 'value' of object 'Object Repository/Parts/PartsSalesOrder/PartsSaleOrderHeader/PartSalesOrder_OrderNo' is: 'TP0001024'

2017-11-17 11:46:21 - [MESSAGE][PASSED] - Attribute 'value' of object 'Object Repository/Parts/PartsSalesOrder/PartsSaleOrderHeader/PartSalesOrder_OrderNo' is: 'TP0001024'

2017-11-17 11:46:21 - [TEST_STEP][PASSED] - Statement - println("sale order number" + G_Part_PSO): null

2017-11-17 11:46:21 - [TEST_STEP][PASSED] - click: Object: 'Object Repository/Parts/PartsSalesOrder/PartsSaleOrderHeader/PartSaleOrder_OtherDetailsTab' is clicked on

2017-11-17 11:46:21 - [MESSAGE][PASSED] - Object: 'Object Repository/Parts/PartsSalesOrder/PartsSaleOrderHeader/PartSaleOrder_OtherDetailsTab' is clicked on

2017-11-17 11:46:21 - [TEST_STEP][PASSED] - delay: Delayed 2 second(s)

2017-11-17 11:46:23 - [MESSAGE][PASSED] - Delayed 2 second(s)

2017-11-17 11:46:23 - [TEST_STEP][PASSED] - click: Object: 'Object Repository/Parts/PartsSalesOrder/PartsSaleOrderHeader/PartSalesOrder_ModeOfPayment' is clicked on

2017-11-17 11:46:24 - [MESSAGE][PASSED] - Object: 'Object Repository/Parts/PartsSalesOrder/PartsSaleOrderHeader/PartSalesOrder_ModeOfPayment' is clicked on

2017-11-17 11:46:24 - [TEST_STEP][PASSED] - click: Object: 'Object Repository/Parts/PartsSalesOrder/PartsSaleOrderHeader/PartSalesOrder_CreditCardOption' is clicked on

2017-11-17 11:46:24 - [MESSAGE][PASSED] - Object: 'Object Repository/Parts/PartsSalesOrder/PartsSaleOrderHeader/PartSalesOrder_CreditCardOption' is clicked on

2017-11-17 11:46:24 - [TEST_STEP][PASSED] - click: Object: 'Object Repository/Parts/PartsSalesOrder/PartsSaleOrderHeader/PartSalesorder_Save' is clicked on

2017-11-17 11:46:24 - [MESSAGE][PASSED] - Object: 'Object Repository/Parts/PartsSalesOrder/PartsSaleOrderHeader/PartSalesorder_Save' is clicked on

2017-11-17 11:46:24 - [MESSAGE][PASSED] - Call Test Case 'Test Cases/Parts/BaseTestCases/Base_Part_CreateHeader_WithCC' successfully

2017-11-17 11:46:24 - [TEST_STEP][PASSED] - callTestCase: Call Test Case 'Test Cases/Parts/BaseTestCases/Base_Part_AddPartLinePos1' successfully

2017-11-17 11:46:24 - [TEST_CASE][PASSED] - Test Cases/Parts/BaseTestCases/Base_Part_AddPartLinePos1: Test Cases/Parts/BaseTestCases/Base_Part_AddPartLinePos1

2017-11-17 11:46:24 - [TEST_STEP][PASSED] - click: Object: 'Object Repository/Parts/PartsSalesOrder/PartSalesOrderLine1/PartSaleOrderLine1_newpart' is clicked on

2017-11-17 11:46:28 - [MESSAGE][PASSED] - Object: 'Object Repository/Parts/PartsSalesOrder/PartSalesOrderLine1/PartSaleOrderLine1_newpart' is clicked on

2017-11-17 11:46:28 - [TEST_STEP][PASSED] - delay: Delayed 3 second(s)

2017-11-17 11:46:31 - [MESSAGE][PASSED] - Delayed 3 second(s)

2017-11-17 11:46:31 - [TEST_STEP][PASSED] - setText: Text 'KP3' is set on object 'Object Repository/Parts/PartsSalesOrder/PartSalesOrderLine1/PartSaleOrderLine1_PartNumber'

2017-11-17 11:46:31 - [MESSAGE][PASSED] - Text 'KP3' is set on object 'Object Repository/Parts/PartsSalesOrder/PartSalesOrderLine1/PartSaleOrderLine1_PartNumber'

2017-11-17 11:46:31 - [TEST_STEP][PASSED] - scrollToElement: Scroll to object 'Object Repository/Parts/PartsSalesOrder/PartSalesOrderLine1/PartSaleOrderLine1_Quantity' successfully

2017-11-17 11:46:35 - [MESSAGE][PASSED] - Scroll to object 'Object Repository/Parts/PartsSalesOrder/PartSalesOrderLine1/PartSaleOrderLine1_Quantity' successfully

2017-11-17 11:46:35 - [TEST_STEP][PASSED] - click: Object: 'Object Repository/Parts/PartsSalesOrder/PartSalesOrderLine1/PartSaleOrderLine1_Quantity' is clicked on

2017-11-17 11:46:40 - [MESSAGE][PASSED] - Object: 'Object Repository/Parts/PartsSalesOrder/PartSalesOrderLine1/PartSaleOrderLine1_Quantity' is clicked on

2017-11-17 11:46:40 - [TEST_STEP][PASSED] - setText: Text '2' is set on object 'Object Repository/Parts/PartsSalesOrder/PartSalesOrderLine1/PartSaleOrderLine1-Qty1'

2017-11-17 11:46:41 - [MESSAGE][PASSED] - Text '2' is set on object 'Object Repository/Parts/PartsSalesOrder/PartSalesOrderLine1/PartSaleOrderLine1-Qty1'

2017-11-17 11:46:41 - [TEST_STEP][PASSED] - click: Object: 'Object Repository/Parts/PartsSalesOrder/PartsSaleOrderHeader/PartSalesorder_Save' is clicked on

2017-11-17 11:46:41 - [MESSAGE][PASSED] - Object: 'Object Repository/Parts/PartsSalesOrder/PartsSaleOrderHeader/PartSalesorder_Save' is clicked on

2017-11-17 11:46:41 - [TEST_STEP][PASSED] - delay: Delayed 10 second(s)

2017-11-17 11:46:51 - [MESSAGE][PASSED] - Delayed 10 second(s)

2017-11-17 11:46:51 - [TEST_STEP][NOT_RUN] - scrollToElement: NOT_RUN: scrollToElement

2017-11-17 11:46:51 - [MESSAGE][NOT_RUN] - NOT_RUN: scrollToElement

2017-11-17 11:46:51 - [TEST_STEP][NOT_RUN] - Statement - G_InvoiceAmt = com.kms.katalon.core.webui.keyword.WebUiBuiltInKeywords.getText(com.kms.katalon.core.testobject.ObjectRepository.findTestObject(tdtre4101m002/Line1/firmPrice)): NOT_RUN: Statement - G_InvoiceAmt = com.kms.katalon.core.webui.keyword.WebUiBuiltInKeywords.getText(com.kms.katalon.core.testobject.ObjectRepository.findTestObject(tdtre4101m002/Line1/firmPrice))

2017-11-17 11:46:51 - [MESSAGE][NOT_RUN] - NOT_RUN: Statement - G_InvoiceAmt = com.kms.katalon.core.webui.keyword.WebUiBuiltInKeywords.getText(com.kms.katalon.core.testobject.ObjectRepository.findTestObject(tdtre4101m002/Line1/firmPrice))

2017-11-17 11:46:51 - [TEST_STEP][NOT_RUN] - Statement - Qty1 = com.kms.katalon.core.webui.keyword.WebUiBuiltInKeywords.getText(com.kms.katalon.core.testobject.ObjectRepository.findTestObject(tdtre4101m002/Line1/input_tdtre4101s002-Qty)): NOT_RUN: Statement - Qty1 = com.kms.katalon.core.webui.keyword.WebUiBuiltInKeywords.getText(com.kms.katalon.core.testobject.ObjectRepository.findTestObject(tdtre4101m002/Line1/input_tdtre4101s002-Qty))

2017-11-17 11:46:51 - [MESSAGE][NOT_RUN] - NOT_RUN: Statement - Qty1 = com.kms.katalon.core.webui.keyword.WebUiBuiltInKeywords.getText(com.kms.katalon.core.testobject.ObjectRepository.findTestObject(tdtre4101m002/Line1/input_tdtre4101s002-Qty))

2017-11-17 11:46:51 - [TEST_STEP][NOT_RUN] - Statement - G_OrderLineAmt = G_FirmPrice * Qty1: NOT_RUN: Statement - G_OrderLineAmt = G_FirmPrice * Qty1

2017-11-17 11:46:51 - [MESSAGE][NOT_RUN] - NOT_RUN: Statement - G_OrderLineAmt = G_FirmPrice * Qty1

2017-11-17 11:46:51 - [TEST_STEP][NOT_RUN] - Statement - println("GlobalVariable.G_FirmPrice" + G_FirmPrice): NOT_RUN: Statement - println("GlobalVariable.G_FirmPrice" + G_FirmPrice)

2017-11-17 11:46:51 - [MESSAGE][NOT_RUN] - NOT_RUN: Statement - println("GlobalVariable.G_FirmPrice" + G_FirmPrice)

2017-11-17 11:46:51 - [TEST_STEP][NOT_RUN] - Statement - println("GlobalVariable.G_OrderLineAmt" + G_OrderLineAmt): NOT_RUN: Statement - println("GlobalVariable.G_OrderLineAmt" + G_OrderLineAmt)

2017-11-17 11:46:51 - [MESSAGE][NOT_RUN] - NOT_RUN: Statement - println("GlobalVariable.G_OrderLineAmt" + G_OrderLineAmt)

2017-11-17 11:46:51 - [MESSAGE][PASSED] - Call Test Case 'Test Cases/Parts/BaseTestCases/Base_Part_AddPartLinePos1' successfully

2017-11-17 11:46:51 - [TEST_STEP][FAILED] - callTestCase: Unable to call Test Case with id 'Test Cases/Parts/BaseTestCases/Base_Part_PickPacknInvoiceWithCCSplitPayment' (Root cause: Call Test Case 'Test Cases/Parts/BaseTestCases/Base_Part_PickPacknInvoiceWithCCSplitPayment' failed)

2017-11-17 11:46:51 - [TEST_CASE][FAILED] - Test Cases/Parts/BaseTestCases/Base_Part_PickPacknInvoiceWithCCSplitPayment: Test Cases/Parts/BaseTestCases/Base_Part_PickPacknInvoiceWithCCSplitPayment FAILED because (of) Unable to click on object 'Object Repository/Parts/PartsSalesOrder/PartSalesOrder_CCInterface/CCInterface_SplitPayment' (Root cause: org.openqa.selenium.WebDriverException: Element is not clickable at point (925.7999877929688, 360). Other element would receive the click: <div style="z-index: 1;" class="WindowManagerGlass"></div>
Command duration or timeout: 69 milliseconds
Build info: version: '2.53.0', revision: '35ae25b', time: '2016-03-15 17:00:58'
System info: host: 'EET-RG', ip: '192.168.25.107', os.name: 'Windows 7', os.arch: 'amd64', os.version: '6.1', java.version: '1.8.0_102'
Driver info: com.kms.katalon.selenium.driver.CFirefoxDriver
Capabilities [{applicationCacheEnabled=true, rotatable=false, handlesAlerts=true, databaseEnabled=true, version=43.0.1, platform=WINDOWS, nativeEvents=false, acceptSslCerts=true, webStorageEnabled=true, locationContextEnabled=true, browserName=firefox, takesScreenshot=true, javascriptEnabled=true, cssSelectorsEnabled=true}]
Session ID: 9d9eacff-5e90-4921-b0a7-17353f57b61b)

2017-11-17 11:46:51 - [TEST_STEP][PASSED] - click: Object: 'Object Repository/Parts/PartsSalesOrder/PartsSaleOrderHeader/PartSalesOrder_Action' is clicked on

2017-11-17 11:46:52 - [MESSAGE][PASSED] - Object: 'Object Repository/Parts/PartsSalesOrder/PartsSaleOrderHeader/PartSalesOrder_Action' is clicked on

2017-11-17 11:46:52 - [TEST_STEP][PASSED] - delay: Delayed 3 second(s)

2017-11-17 11:46:55 - [MESSAGE][PASSED] - Delayed 3 second(s)

2017-11-17 11:46:55 - [TEST_STEP][PASSED] - waitForElementClickable: Object 'Object Repository/Parts/PartsSalesOrder/PartsSaleOrderHeader/PartSalesOrder_PickPacknInvoice' is clickable

2017-11-17 11:46:55 - [MESSAGE][PASSED] - Object 'Object Repository/Parts/PartsSalesOrder/PartsSaleOrderHeader/PartSalesOrder_PickPacknInvoice' is clickable

2017-11-17 11:46:55 - [TEST_STEP][PASSED] - click: Object: 'Object Repository/Parts/PartsSalesOrder/PartsSaleOrderHeader/PartSalesOrder_PickPacknInvoice' is clicked on

2017-11-17 11:46:55 - [MESSAGE][PASSED] - Object: 'Object Repository/Parts/PartsSalesOrder/PartsSaleOrderHeader/PartSalesOrder_PickPacknInvoice' is clicked on

2017-11-17 11:46:55 - [TEST_STEP][PASSED] - delay: Delayed 5 second(s)

2017-11-17 11:47:00 - [MESSAGE][PASSED] - Delayed 5 second(s)

2017-11-17 11:47:00 - [TEST_STEP][NOT_RUN] - click: NOT_RUN: click

2017-11-17 11:47:00 - [MESSAGE][NOT_RUN] - NOT_RUN: click

2017-11-17 11:47:00 - [TEST_STEP][PASSED] - Statement - If (com.kms.katalon.core.webui.keyword.WebUiBuiltInKeywords.verifyElementVisible(com.kms.katalon.core.testobject.ObjectRepository.findTestObject(Object Repository/Parts/PartsSalesOrder/PartsSaleOrderHeader/PartSalesOrder_LocationOption)) == true): Object: 'Object Repository/Parts/PartsSalesOrder/PartsSaleOrderHeader/PartSalesOrder_LocationOption' is clicked on

2017-11-17 11:47:00 - [MESSAGE][PASSED] - Object 'Object Repository/Parts/PartsSalesOrder/PartsSaleOrderHeader/PartSalesOrder_LocationOption' is visible

2017-11-17 11:47:00 - [TEST_STEP][PASSED] - click: Object: 'Object Repository/Parts/PartsSalesOrder/PartsSaleOrderHeader/PartSalesOrder_LocationOption' is clicked on

2017-11-17 11:47:00 - [MESSAGE][PASSED] - Object: 'Object Repository/Parts/PartsSalesOrder/PartsSaleOrderHeader/PartSalesOrder_LocationOption' is clicked on

2017-11-17 11:47:00 - [TEST_STEP][PASSED] - delay: Delayed 3 second(s)

2017-11-17 11:47:03 - [MESSAGE][PASSED] - Delayed 3 second(s)

2017-11-17 11:47:03 - [TEST_STEP][NOT_RUN] - Statement - If (com.kms.katalon.core.webui.keyword.WebUiBuiltInKeywords.verifyElementVisible(com.kms.katalon.core.testobject.ObjectRepository.findTestObject(Object Repository/Parts/PartsSalesOrder/PartsSaleOrderHeader/PartSaleOrder_PackingSlipClose)) == true): NOT_RUN: Statement - If (com.kms.katalon.core.webui.keyword.WebUiBuiltInKeywords.verifyElementVisible(com.kms.katalon.core.testobject.ObjectRepository.findTestObject(Object Repository/Parts/PartsSalesOrder/PartsSaleOrderHeader/PartSaleOrder_PackingSlipClose)) == true)

2017-11-17 11:47:03 - [MESSAGE][NOT_RUN] - NOT_RUN: Statement - If (com.kms.katalon.core.webui.keyword.WebUiBuiltInKeywords.verifyElementVisible(com.kms.katalon.core.testobject.ObjectRepository.findTestObject(Object Repository/Parts/PartsSalesOrder/PartsSaleOrderHeader/PartSaleOrder_PackingSlipClose)) == true)

2017-11-17 11:47:03 - [TEST_STEP][PASSED] - click: Object: 'Object Repository/Parts/PartsSalesOrder/PartsSaleOrderHeader/PartSalesOrder_ContinueInvoiceOption' is clicked on

2017-11-17 11:47:05 - [MESSAGE][PASSED] - Object: 'Object Repository/Parts/PartsSalesOrder/PartsSaleOrderHeader/PartSalesOrder_ContinueInvoiceOption' is clicked on

2017-11-17 11:47:05 - [TEST_STEP][PASSED] - delay: Delayed 3 second(s)

2017-11-17 11:47:08 - [MESSAGE][PASSED] - Delayed 3 second(s)

2017-11-17 11:47:08 - [TEST_STEP][PASSED] - setText: Text 'GLOBAL' is set on object 'Object Repository/Parts/PartsSalesOrder/PartSalesOrder_CCInterface/CCInterface_PaymentGateway'

2017-11-17 11:47:08 - [MESSAGE][PASSED] - Text 'GLOBAL' is set on object 'Object Repository/Parts/PartsSalesOrder/PartSalesOrder_CCInterface/CCInterface_PaymentGateway'

2017-11-17 11:47:08 - [TEST_STEP][PASSED] - doubleClick: Object: 'Object Repository/Parts/PartsSalesOrder/PartSalesOrder_CCInterface/CCInterface_CardType' is double clicked on

2017-11-17 11:47:09 - [MESSAGE][PASSED] - Object: 'Object Repository/Parts/PartsSalesOrder/PartSalesOrder_CCInterface/CCInterface_CardType' is double clicked on

2017-11-17 11:47:09 - [TEST_STEP][PASSED] - setText: Text 'Debit MasterCard' is set on object 'Object Repository/Parts/PartsSalesOrder/PartSalesOrder_CCInterface/CCInterface_CardType'

2017-11-17 11:47:09 - [MESSAGE][PASSED] - Text 'Debit MasterCard' is set on object 'Object Repository/Parts/PartsSalesOrder/PartSalesOrder_CCInterface/CCInterface_CardType'

2017-11-17 11:47:09 - [TEST_STEP][PASSED] - delay: Delayed 3 second(s)

2017-11-17 11:47:12 - [MESSAGE][PASSED] - Delayed 3 second(s)

2017-11-17 11:47:12 - [TEST_STEP][PASSED] - doubleClick: Object: 'Object Repository/Parts/PartsSalesOrder/PartSalesOrder_CCInterface/CCInterface_CardNo' is double clicked on

2017-11-17 11:47:12 - [MESSAGE][PASSED] - Object: 'Object Repository/Parts/PartsSalesOrder/PartSalesOrder_CCInterface/CCInterface_CardNo' is double clicked on

2017-11-17 11:47:12 - [TEST_STEP][PASSED] - setText: Text '5100270000000007' is set on object 'Object Repository/Parts/PartsSalesOrder/PartSalesOrder_CCInterface/CCInterface_CardNo'

2017-11-17 11:47:13 - [MESSAGE][PASSED] - Text '5100270000000007' is set on object 'Object Repository/Parts/PartsSalesOrder/PartSalesOrder_CCInterface/CCInterface_CardNo'

2017-11-17 11:47:13 - [TEST_STEP][PASSED] - setText: Text '456' is set on object 'Object Repository/Parts/PartsSalesOrder/PartSalesOrder_CCInterface/CCInterface_CVV'

2017-11-17 11:47:13 - [MESSAGE][PASSED] - Text '456' is set on object 'Object Repository/Parts/PartsSalesOrder/PartSalesOrder_CCInterface/CCInterface_CVV'

2017-11-17 11:47:13 - [TEST_STEP][PASSED] - setText: Text '09' is set on object 'Object Repository/Parts/PartsSalesOrder/PartSalesOrder_CCInterface/CCInterface_MM'

2017-11-17 11:47:13 - [MESSAGE][PASSED] - Text '09' is set on object 'Object Repository/Parts/PartsSalesOrder/PartSalesOrder_CCInterface/CCInterface_MM'

2017-11-17 11:47:13 - [TEST_STEP][PASSED] - setText: Text '99' is set on object 'Object Repository/Parts/PartsSalesOrder/PartSalesOrder_CCInterface/CCInterface_YY'

2017-11-17 11:47:13 - [MESSAGE][PASSED] - Text '99' is set on object 'Object Repository/Parts/PartsSalesOrder/PartSalesOrder_CCInterface/CCInterface_YY'

2017-11-17 11:47:13 - [TEST_STEP][FAILED] - click: Unable to click on object 'Object Repository/Parts/PartsSalesOrder/PartSalesOrder_CCInterface/CCInterface_SplitPayment' (Root cause: org.openqa.selenium.WebDriverException: Element is not clickable at point (925.7999877929688, 360). Other element would receive the click: <div style="z-index: 1;" class="WindowManagerGlass"></div>
Command duration or timeout: 69 milliseconds
Build info: version: '2.53.0', revision: '35ae25b', time: '2016-03-15 17:00:58'
System info: host: 'EET-RG', ip: '192.168.25.107', os.name: 'Windows 7', os.arch: 'amd64', os.version: '6.1', java.version: '1.8.0_102'
Driver info: com.kms.katalon.selenium.driver.CFirefoxDriver
Capabilities [{applicationCacheEnabled=true, rotatable=false, handlesAlerts=true, databaseEnabled=true, version=43.0.1, platform=WINDOWS, nativeEvents=false, acceptSslCerts=true, webStorageEnabled=true, locationContextEnabled=true, browserName=firefox, takesScreenshot=true, javascriptEnabled=true, cssSelectorsEnabled=true}]
Session ID: 9d9eacff-5e90-4921-b0a7-17353f57b61b)

2017-11-17 11:47:14 - [MESSAGE][FAILED] - Unable to click on object 'Object Repository/Parts/PartsSalesOrder/PartSalesOrder_CCInterface/CCInterface_SplitPayment' (Root cause: org.openqa.selenium.WebDriverException: Element is not clickable at point (925.7999877929688, 360). Other element would receive the click: <div style="z-index: 1;" class="WindowManagerGlass"></div>
Command duration or timeout: 69 milliseconds
Build info: version: '2.53.0', revision: '35ae25b', time: '2016-03-15 17:00:58'
System info: host: 'EET-RG', ip: '192.168.25.107', os.name: 'Windows 7', os.arch: 'amd64', os.version: '6.1', java.version: '1.8.0_102'
Driver info: com.kms.katalon.selenium.driver.CFirefoxDriver
Capabilities [{applicationCacheEnabled=true, rotatable=false, handlesAlerts=true, databaseEnabled=true, version=43.0.1, platform=WINDOWS, nativeEvents=false, acceptSslCerts=true, webStorageEnabled=true, locationContextEnabled=true, browserName=firefox, takesScreenshot=true, javascriptEnabled=true, cssSelectorsEnabled=true}]
Session ID: 9d9eacff-5e90-4921-b0a7-17353f57b61b)
[[ATTACHMENT|C:\\Users\\rgajbhiye\\git\\CreditCard\\Reports\\CC_PartsTestSuite\\20171117_113204\\1510899433796.png]]

2017-11-17 11:47:14 - [TEST_STEP][FAILED] - click: Unable to click on object 'Object Repository/Parts/PartsSalesOrder/PartSalesOrder_CCInterface/CCInterface_SplitTenderYes' (Root cause: com.kms.katalon.core.webui.exception.WebElementNotFoundException: Web element with id: 'Object Repository/Parts/PartsSalesOrder/PartSalesOrder_CCInterface/CCInterface_SplitTenderYes' located by 'By.xpath: //*[@id = 'item_0-label']' not found)

2017-11-17 11:47:47 - [MESSAGE][FAILED] - Unable to click on object 'Object Repository/Parts/PartsSalesOrder/PartSalesOrder_CCInterface/CCInterface_SplitTenderYes' (Root cause: com.kms.katalon.core.webui.exception.WebElementNotFoundException: Web element with id: 'Object Repository/Parts/PartsSalesOrder/PartSalesOrder_CCInterface/CCInterface_SplitTenderYes' located by 'By.xpath: //*[@id = 'item_0-label']' not found)
[[ATTACHMENT|C:\\Users\\rgajbhiye\\git\\CreditCard\\Reports\\CC_PartsTestSuite\\20171117_113204\\1510899467414.png]]

2017-11-17 11:47:47 - [TEST_STEP][FAILED] - click: Unable to click on object 'Object Repository/Parts/PartsSalesOrder/PartSalesOrder_CCInterface/CCInterface_SplitPaymentPlus' (Root cause: org.openqa.selenium.WebDriverException: Element is not clickable at point (970, 360). Other element would receive the click: <div style="z-index: 1;" class="WindowManagerGlass"></div>
Command duration or timeout: 78 milliseconds
Build info: version: '2.53.0', revision: '35ae25b', time: '2016-03-15 17:00:58'
System info: host: 'EET-RG', ip: '192.168.25.107', os.name: 'Windows 7', os.arch: 'amd64', os.version: '6.1', java.version: '1.8.0_102'
Driver info: com.kms.katalon.selenium.driver.CFirefoxDriver
Capabilities [{applicationCacheEnabled=true, rotatable=false, handlesAlerts=true, databaseEnabled=true, version=43.0.1, platform=WINDOWS, nativeEvents=false, acceptSslCerts=true, webStorageEnabled=true, locationContextEnabled=true, browserName=firefox, takesScreenshot=true, javascriptEnabled=true, cssSelectorsEnabled=true}]
Session ID: 9d9eacff-5e90-4921-b0a7-17353f57b61b)

2017-11-17 11:47:48 - [MESSAGE][FAILED] - Unable to click on object 'Object Repository/Parts/PartsSalesOrder/PartSalesOrder_CCInterface/CCInterface_SplitPaymentPlus' (Root cause: org.openqa.selenium.WebDriverException: Element is not clickable at point (970, 360). Other element would receive the click: <div style="z-index: 1;" class="WindowManagerGlass"></div>
Command duration or timeout: 78 milliseconds
Build info: version: '2.53.0', revision: '35ae25b', time: '2016-03-15 17:00:58'
System info: host: 'EET-RG', ip: '192.168.25.107', os.name: 'Windows 7', os.arch: 'amd64', os.version: '6.1', java.version: '1.8.0_102'
Driver info: com.kms.katalon.selenium.driver.CFirefoxDriver
Capabilities [{applicationCacheEnabled=true, rotatable=false, handlesAlerts=true, databaseEnabled=true, version=43.0.1, platform=WINDOWS, nativeEvents=false, acceptSslCerts=true, webStorageEnabled=true, locationContextEnabled=true, browserName=firefox, takesScreenshot=true, javascriptEnabled=true, cssSelectorsEnabled=true}]
Session ID: 9d9eacff-5e90-4921-b0a7-17353f57b61b)
[[ATTACHMENT|C:\\Users\\rgajbhiye\\git\\CreditCard\\Reports\\CC_PartsTestSuite\\20171117_113204\\1510899467841.png]]

2017-11-17 11:47:48 - [TEST_STEP][PASSED] - delay: Delayed 5 second(s)

2017-11-17 11:47:53 - [MESSAGE][PASSED] - Delayed 5 second(s)

2017-11-17 11:47:53 - [TEST_STEP][FAILED] - Statement - G_OrderAmt = com.kms.katalon.core.webui.keyword.WebUiBuiltInKeywords.getText(com.kms.katalon.core.testobject.ObjectRepository.findTestObject(Parts/PartsSalesOrder/PartSalesOrder_CCInterface/CCInterface_OrderTotal)): Unable to get text of object 'Object Repository/Parts/PartsSalesOrder/PartSalesOrder_CCInterface/CCInterface_OrderTotal' (Root cause: com.kms.katalon.core.webui.exception.WebElementNotFoundException: Web element with id: 'Object Repository/Parts/PartsSalesOrder/PartSalesOrder_CCInterface/CCInterface_OrderTotal' located by 'By.xpath: //*[@id = 'xiext8105m000-6-c.amount-4']' not found)

2017-11-17 11:48:26 - [MESSAGE][FAILED] - Unable to get text of object 'Object Repository/Parts/PartsSalesOrder/PartSalesOrder_CCInterface/CCInterface_OrderTotal' (Root cause: com.kms.katalon.core.webui.exception.WebElementNotFoundException: Web element with id: 'Object Repository/Parts/PartsSalesOrder/PartSalesOrder_CCInterface/CCInterface_OrderTotal' located by 'By.xpath: //*[@id = 'xiext8105m000-6-c.amount-4']' not found)
[[ATTACHMENT|C:\\Users\\rgajbhiye\\git\\CreditCard\\Reports\\CC_PartsTestSuite\\20171117_113204\\1510899506393.png]]

2017-11-17 11:48:26 - [MESSAGE][FAILED] - Unable to call Test Case with id 'Test Cases/Parts/BaseTestCases/Base_Part_PickPacknInvoiceWithCCSplitPayment' (Root cause: Call Test Case 'Test Cases/Parts/BaseTestCases/Base_Part_PickPacknInvoiceWithCCSplitPayment' failed)]]></system-out>
         <system-err><![CDATA[2017-11-17 11:45:52 - [TEST_CASE][FAILED] - Test Cases/Parts/CreditCardRegression/TC002_Parts_CreditCard - Iteration 2: Test Cases/Parts/CreditCardRegression/TC002_Parts_CreditCard FAILED because (of) Unable to click on object 'Object Repository/Parts/PartsSalesOrder/PartSalesOrder_CCInterface/CCInterface_SplitPayment' (Root cause: org.openqa.selenium.WebDriverException: Element is not clickable at point (925.7999877929688, 360). Other element would receive the click: <div style="z-index: 1;" class="WindowManagerGlass"></div>
Command duration or timeout: 69 milliseconds
Build info: version: '2.53.0', revision: '35ae25b', time: '2016-03-15 17:00:58'
System info: host: 'EET-RG', ip: '192.168.25.107', os.name: 'Windows 7', os.arch: 'amd64', os.version: '6.1', java.version: '1.8.0_102'
Driver info: com.kms.katalon.selenium.driver.CFirefoxDriver
Capabilities [{applicationCacheEnabled=true, rotatable=false, handlesAlerts=true, databaseEnabled=true, version=43.0.1, platform=WINDOWS, nativeEvents=false, acceptSslCerts=true, webStorageEnabled=true, locationContextEnabled=true, browserName=firefox, takesScreenshot=true, javascriptEnabled=true, cssSelectorsEnabled=true}]
Session ID: 9d9eacff-5e90-4921-b0a7-17353f57b61b)]]></system-err>
      </testcase>
      <system-out><![CDATA[2017-11-17 11:32:11 - [TEST_SUITE][FAILED] - CC_PartsTestSuite: Test Cases/Parts/CreditCardRegression/TC001_Parts_CreditCard FAILED because (of) Unable to verify equal between actual object '900.00' and expected object '1,200.00' (Root cause: Actual object '900.00' and expected object '1,200.00' are not equal)]]></system-out>
      <system-err><![CDATA[2017-11-17 11:32:11 - [TEST_SUITE][FAILED] - CC_PartsTestSuite: Test Cases/Parts/CreditCardRegression/TC001_Parts_CreditCard FAILED because (of) Unable to verify equal between actual object '900.00' and expected object '1,200.00' (Root cause: Actual object '900.00' and expected object '1,200.00' are not equal)]]></system-err>
   </testsuite>
</testsuites>
