<?xml version="1.0" encoding="UTF-8"?>
<testsuites name="CC_ServiceSplitTendetTestSuite" time="1101" tests="1" failures="1" errors="0">
   <testsuite name="CC_ServiceSplitTendetTestSuite" tests="1" failures="1" errors="0" time="1101" timestamp="2017-11-26 00:00:27" hostname="agawhande - ANIL110.e-emphasys.com" id="Test Suites/CC_ServiceSplitTendetTestSuite">
      <properties>
         <property name="deviceName" value=""/>
         <property name="devicePlatform" value=""/>
         <property name="logFolder" value="C:\\Users\\agawhande\\git\\CreditCard\\Reports\\CC_ServiceSplitTendetTestSuite\\20171126_000019"/>
         <property name="logFiles" value="C:\\Users\\agawhande\\git\\CreditCard\\Reports\\CC_ServiceSplitTendetTestSuite\\20171126_000019\\execution0.log"/>
         <property name="attachments" value="C:\\Users\\agawhande\\git\\CreditCard\\Reports\\CC_ServiceSplitTendetTestSuite\\20171126_000019\\1511635199919.png, C:\\Users\\agawhande\\git\\CreditCard\\Reports\\CC_ServiceSplitTendetTestSuite\\20171126_000019\\1511635202225.png, C:\\Users\\agawhande\\git\\CreditCard\\Reports\\CC_ServiceSplitTendetTestSuite\\20171126_000019\\1511635204449.png, C:\\Users\\agawhande\\git\\CreditCard\\Reports\\CC_ServiceSplitTendetTestSuite\\20171126_000019\\1511635209840.png, C:\\Users\\agawhande\\git\\CreditCard\\Reports\\CC_ServiceSplitTendetTestSuite\\20171126_000019\\1511635212042.png, C:\\Users\\agawhande\\git\\CreditCard\\Reports\\CC_ServiceSplitTendetTestSuite\\20171126_000019\\1511635214280.png, C:\\Users\\agawhande\\git\\CreditCard\\Reports\\CC_ServiceSplitTendetTestSuite\\20171126_000019\\1511635249443.png, C:\\Users\\agawhande\\git\\CreditCard\\Reports\\CC_ServiceSplitTendetTestSuite\\20171126_000019\\1511635283629.png, C:\\Users\\agawhande\\git\\CreditCard\\Reports\\CC_ServiceSplitTendetTestSuite\\20171126_000019\\1511635325782.png, C:\\Users\\agawhande\\git\\CreditCard\\Reports\\CC_ServiceSplitTendetTestSuite\\20171126_000019\\1511635360036.png, C:\\Users\\agawhande\\git\\CreditCard\\Reports\\CC_ServiceSplitTendetTestSuite\\20171126_000019\\1511635362335.png, C:\\Users\\agawhande\\git\\CreditCard\\Reports\\CC_ServiceSplitTendetTestSuite\\20171126_000019\\1511635365581.png, C:\\Users\\agawhande\\git\\CreditCard\\Reports\\CC_ServiceSplitTendetTestSuite\\20171126_000019\\1511635399639.png, C:\\Users\\agawhande\\git\\CreditCard\\Reports\\CC_ServiceSplitTendetTestSuite\\20171126_000019\\1511635401982.png, C:\\Users\\agawhande\\git\\CreditCard\\Reports\\CC_ServiceSplitTendetTestSuite\\20171126_000019\\1511635404211.png, C:\\Users\\agawhande\\git\\CreditCard\\Reports\\CC_ServiceSplitTendetTestSuite\\20171126_000019\\1511635449375.png, C:\\Users\\agawhande\\git\\CreditCard\\Reports\\CC_ServiceSplitTendetTestSuite\\20171126_000019\\1511635491642.png, C:\\Users\\agawhande\\git\\CreditCard\\Reports\\CC_ServiceSplitTendetTestSuite\\20171126_000019\\1511635500122.png, C:\\Users\\agawhande\\git\\CreditCard\\Reports\\CC_ServiceSplitTendetTestSuite\\20171126_000019\\1511635535216.png, C:\\Users\\agawhande\\git\\CreditCard\\Reports\\CC_ServiceSplitTendetTestSuite\\20171126_000019\\1511635570441.png, C:\\Users\\agawhande\\git\\CreditCard\\Reports\\CC_ServiceSplitTendetTestSuite\\20171126_000019\\1511635602498.png, C:\\Users\\agawhande\\git\\CreditCard\\Reports\\CC_ServiceSplitTendetTestSuite\\20171126_000019\\1511635619195.png, C:\\Users\\agawhande\\git\\CreditCard\\Reports\\CC_ServiceSplitTendetTestSuite\\20171126_000019\\1511635619400.png, C:\\Users\\agawhande\\git\\CreditCard\\Reports\\CC_ServiceSplitTendetTestSuite\\20171126_000019\\1511635661346.png, C:\\Users\\agawhande\\git\\CreditCard\\Reports\\CC_ServiceSplitTendetTestSuite\\20171126_000019\\1511635693275.png, C:\\Users\\agawhande\\git\\CreditCard\\Reports\\CC_ServiceSplitTendetTestSuite\\20171126_000019\\1511635725066.png"/>
         <property name="hostName" value="agawhande - ANIL110.e-emphasys.com"/>
         <property name="os" value="Windows 7 64bit"/>
         <property name="katalonVersion" value="5.0.1.1"/>
         <property name="browser" value="Firefox 56.0"/>
         <property name="hostAddress" value="192.168.25.228"/>
         <property name="sessionId" value="342b25b4-1a58-4248-ba77-3ea0c880daff"/>
         <property name="seleniumVersion" value="2.53.0"/>
         <property name="proxyInformation" value="ProxyInformation{proxyOption=NO_PROXY, proxyServerType=HTTP, password=, proxyServerAddress=, proxyServerPort=0}"/>
         <property name="platform" value="Windows 7"/>
      </properties>
      <testcase name="Test Cases/Service/CreditCardRegression/TC002_Service_CreditCardSplitTender - Iteration 1" classname="Test Cases/Service/CreditCardRegression/TC002_Service_CreditCardSplitTender" status="PASSED">
         <system-out><![CDATA[2017-11-26 00:00:28 - [TEST_CASE][PASSED] - Test Cases/Service/CreditCardRegression/TC002_Service_CreditCardSplitTender - Iteration 1: Test Cases/Service/CreditCardRegression/TC002_Service_CreditCardSplitTender

2017-11-26 00:00:31 - [TEST_STEP][PASSED] - callTestCase: Call Test Case 'Test Cases/Service/BaseTestCases/Base_Service_CreateHeader' successfully

2017-11-26 00:00:32 - [TEST_CASE][PASSED] - Test Cases/Service/BaseTestCases/Base_Service_CreateHeader: Test Cases/Service/BaseTestCases/Base_Service_CreateHeader

2017-11-26 00:00:32 - [TEST_STEP][PASSED] - callTestCase: Call Test Case 'Test Cases/Common/Base_Common_OpenSession' successfully

2017-11-26 00:00:32 - [TEST_CASE][PASSED] - Test Cases/Common/Base_Common_OpenSession: Test Cases/Common/Base_Common_OpenSession

2017-11-26 00:00:32 - [TEST_STEP][PASSED] - openBrowser: Browser is opened with url: 'https://rgajbhiye:Robin$123@proxima-ln4.e-emphasys.com:8441/webui/servlet/login'

2017-11-26 00:00:45 - [MESSAGE][PASSED] - Browser is opened with url: 'https://rgajbhiye:Robin$123@proxima-ln4.e-emphasys.com:8441/webui/servlet/login'

2017-11-26 00:00:45 - [TEST_STEP][PASSED] - waitForPageLoad: Wait for page load successfully

2017-11-26 00:00:46 - [MESSAGE][PASSED] - Wait for page load successfully

2017-11-26 00:00:46 - [TEST_STEP][PASSED] - maximizeWindow: Current window maximized

2017-11-26 00:00:46 - [MESSAGE][PASSED] - Current window maximized

2017-11-26 00:00:46 - [TEST_STEP][PASSED] - click: Object: 'Object Repository/Common/HomePage/HomePage_more' is clicked on

2017-11-26 00:00:50 - [MESSAGE][PASSED] - Object: 'Object Repository/Common/HomePage/HomePage_more' is clicked on

2017-11-26 00:00:50 - [TEST_STEP][PASSED] - click: Object: 'Object Repository/Common/HomePage/HomePage_Option' is clicked on

2017-11-26 00:00:50 - [MESSAGE][PASSED] - Object: 'Object Repository/Common/HomePage/HomePage_Option' is clicked on

2017-11-26 00:00:50 - [TEST_STEP][PASSED] - click: Object: 'Object Repository/Common/HomePage/HomePage_RunProgram_' is clicked on

2017-11-26 00:00:50 - [MESSAGE][PASSED] - Object: 'Object Repository/Common/HomePage/HomePage_RunProgram_' is clicked on

2017-11-26 00:00:50 - [TEST_STEP][PASSED] - sendKeys: Keys 'tssoc2100m001' sent to object: 'Object Repository/Common/HomePage/HomePage_Session_ID'

2017-11-26 00:00:50 - [MESSAGE][PASSED] - Keys 'tssoc2100m001' sent to object: 'Object Repository/Common/HomePage/HomePage_Session_ID'

2017-11-26 00:00:50 - [TEST_STEP][PASSED] - click: Object: 'Object Repository/Common/HomePage/HomePage_OkButton' is clicked on

2017-11-26 00:00:51 - [MESSAGE][PASSED] - Object: 'Object Repository/Common/HomePage/HomePage_OkButton' is clicked on

2017-11-26 00:00:51 - [MESSAGE][PASSED] - Call Test Case 'Test Cases/Common/Base_Common_OpenSession' successfully

2017-11-26 00:00:51 - [TEST_STEP][PASSED] - click: Object: 'Object Repository/Service/ServiceOrder/ServiceOrderHeader/ServiceOrderHeader.Newbutton' is clicked on

2017-11-26 00:00:53 - [MESSAGE][PASSED] - Object: 'Object Repository/Service/ServiceOrder/ServiceOrderHeader/ServiceOrderHeader.Newbutton' is clicked on

2017-11-26 00:00:53 - [TEST_STEP][PASSED] - delay: Delayed 3 second(s)

2017-11-26 00:00:56 - [MESSAGE][PASSED] - Delayed 3 second(s)

2017-11-26 00:00:56 - [TEST_STEP][PASSED] - setText: Text 'M00000182' is set on object 'Object Repository/Service/ServiceOrder/ServiceOrderHeader/ServiceOrderHeader.Customer'

2017-11-26 00:00:57 - [MESSAGE][PASSED] - Text 'M00000182' is set on object 'Object Repository/Service/ServiceOrder/ServiceOrderHeader/ServiceOrderHeader.Customer'

2017-11-26 00:00:57 - [TEST_STEP][PASSED] - sendKeys: Keys 'TAB + ' sent to object: 'Object Repository/Service/ServiceOrder/ServiceOrderHeader/ServiceOrderHeader.Customer'

2017-11-26 00:00:57 - [MESSAGE][PASSED] - Keys 'TAB + ' sent to object: 'Object Repository/Service/ServiceOrder/ServiceOrderHeader/ServiceOrderHeader.Customer'

2017-11-26 00:00:57 - [TEST_STEP][PASSED] - delay: Delayed 3 second(s)

2017-11-26 00:01:00 - [MESSAGE][PASSED] - Delayed 3 second(s)

2017-11-26 00:01:00 - [TEST_STEP][PASSED] - setText: Text 'MD0007993' is set on object 'Object Repository/Service/ServiceOrder/ServiceOrderHeader/ServiceOrderHeader.Unit'

2017-11-26 00:01:00 - [MESSAGE][PASSED] - Text 'MD0007993' is set on object 'Object Repository/Service/ServiceOrder/ServiceOrderHeader/ServiceOrderHeader.Unit'

2017-11-26 00:01:00 - [TEST_STEP][PASSED] - click: Object: 'Object Repository/Service/ServiceOrder/ServiceOrderHeader/ServiceOrderHeader.Save' is clicked on

2017-11-26 00:01:00 - [MESSAGE][PASSED] - Object: 'Object Repository/Service/ServiceOrder/ServiceOrderHeader/ServiceOrderHeader.Save' is clicked on

2017-11-26 00:01:00 - [TEST_STEP][PASSED] - click: Object: 'Object Repository/Service/ServiceOrder/ServiceOrderHeader/ServiceOrderHeader.Warning' is clicked on

2017-11-26 00:01:08 - [MESSAGE][PASSED] - Object: 'Object Repository/Service/ServiceOrder/ServiceOrderHeader/ServiceOrderHeader.Warning' is clicked on

2017-11-26 00:01:08 - [TEST_STEP][PASSED] - delay: Delayed 3 second(s)

2017-11-26 00:01:11 - [MESSAGE][PASSED] - Delayed 3 second(s)

2017-11-26 00:01:11 - [TEST_STEP][PASSED] - click: Object: 'Object Repository/Service/ServiceOrder/ServiceOrderHeader/ServiceOrderHeader.PaymentMode' is clicked on

2017-11-26 00:01:11 - [MESSAGE][PASSED] - Object: 'Object Repository/Service/ServiceOrder/ServiceOrderHeader/ServiceOrderHeader.PaymentMode' is clicked on

2017-11-26 00:01:11 - [TEST_STEP][PASSED] - click: Object: 'Object Repository/Service/ServiceOrder/ServiceOrderHeader/ServiceOrderHeader.CreditCardoption' is clicked on

2017-11-26 00:01:11 - [MESSAGE][PASSED] - Object: 'Object Repository/Service/ServiceOrder/ServiceOrderHeader/ServiceOrderHeader.CreditCardoption' is clicked on

2017-11-26 00:01:11 - [TEST_STEP][PASSED] - delay: Delayed 5 second(s)

2017-11-26 00:01:16 - [MESSAGE][PASSED] - Delayed 5 second(s)

2017-11-26 00:01:16 - [TEST_STEP][NOT_RUN] - setText: NOT_RUN: setText

2017-11-26 00:01:16 - [MESSAGE][NOT_RUN] - NOT_RUN: setText

2017-11-26 00:01:16 - [TEST_STEP][PASSED] - click: Object: 'Object Repository/Service/ServiceOrder/ServiceOrderHeader/ServiceOrderHeader.Save' is clicked on

2017-11-26 00:01:17 - [MESSAGE][PASSED] - Object: 'Object Repository/Service/ServiceOrder/ServiceOrderHeader/ServiceOrderHeader.Save' is clicked on

2017-11-26 00:01:17 - [TEST_STEP][PASSED] - delay: Delayed 5 second(s)

2017-11-26 00:01:22 - [MESSAGE][PASSED] - Delayed 5 second(s)

2017-11-26 00:01:22 - [TEST_STEP][PASSED] - Statement - SWOOrderNo = com.kms.katalon.core.webui.keyword.WebUiBuiltInKeywords.getAttribute(com.kms.katalon.core.testobject.ObjectRepository.findTestObject(Service/ServiceOrder/ServiceOrderHeader/ServiceOrderHeader.OrderNo), "value"): Attribute 'value' of object 'Object Repository/Service/ServiceOrder/ServiceOrderHeader/ServiceOrderHeader.OrderNo' is: 'SWO119875'

2017-11-26 00:01:23 - [MESSAGE][PASSED] - Attribute 'value' of object 'Object Repository/Service/ServiceOrder/ServiceOrderHeader/ServiceOrderHeader.OrderNo' is: 'SWO119875'

2017-11-26 00:01:23 - [TEST_STEP][PASSED] - verifyNotEqual: Actual object 'SWO119875' and expected object '' are not equal

2017-11-26 00:01:23 - [MESSAGE][PASSED] - Actual object 'SWO119875' and expected object '' are not equal

2017-11-26 00:01:23 - [TEST_STEP][PASSED] - delay: Delayed 5 second(s)

2017-11-26 00:01:28 - [MESSAGE][PASSED] - Delayed 5 second(s)

2017-11-26 00:01:28 - [TEST_STEP][PASSED] - click: Object: 'Object Repository/Service/ServiceOrder/ServiceOrderHeader/ServiceOrderHeader.Actions' is clicked on

2017-11-26 00:01:29 - [MESSAGE][PASSED] - Object: 'Object Repository/Service/ServiceOrder/ServiceOrderHeader/ServiceOrderHeader.Actions' is clicked on

2017-11-26 00:01:29 - [TEST_STEP][PASSED] - delay: Delayed 3 second(s)

2017-11-26 00:01:32 - [MESSAGE][PASSED] - Delayed 3 second(s)

2017-11-26 00:01:32 - [TEST_STEP][PASSED] - click: Object: 'Object Repository/Service/ServiceOrder/ServiceOrderHeader/ServiceOrderHeader.Segments' is clicked on

2017-11-26 00:01:32 - [MESSAGE][PASSED] - Object: 'Object Repository/Service/ServiceOrder/ServiceOrderHeader/ServiceOrderHeader.Segments' is clicked on

2017-11-26 00:01:32 - [TEST_STEP][PASSED] - delay: Delayed 3 second(s)

2017-11-26 00:01:35 - [MESSAGE][PASSED] - Delayed 3 second(s)

2017-11-26 00:01:35 - [MESSAGE][PASSED] - Call Test Case 'Test Cases/Service/BaseTestCases/Base_Service_CreateHeader' successfully

2017-11-26 00:01:35 - [TEST_STEP][PASSED] - callTestCase: Call Test Case 'Test Cases/Service/BaseTestCases/Base_Service_AddSegment' successfully

2017-11-26 00:01:35 - [TEST_CASE][PASSED] - Test Cases/Service/BaseTestCases/Base_Service_AddSegment: Test Cases/Service/BaseTestCases/Base_Service_AddSegment

2017-11-26 00:01:35 - [TEST_STEP][PASSED] - click: Object: 'Object Repository/Service/ServiceOrder/ServiceOrderSegment/ServiceOrderSegment.ServiceType' is clicked on

2017-11-26 00:01:36 - [MESSAGE][PASSED] - Object: 'Object Repository/Service/ServiceOrder/ServiceOrderSegment/ServiceOrderSegment.ServiceType' is clicked on

2017-11-26 00:01:36 - [TEST_STEP][PASSED] - setText: Text 'ABC' is set on object 'Object Repository/Service/ServiceOrder/ServiceOrderSegment/ServiceOrderSegment.ServiceType'

2017-11-26 00:01:36 - [MESSAGE][PASSED] - Text 'ABC' is set on object 'Object Repository/Service/ServiceOrder/ServiceOrderSegment/ServiceOrderSegment.ServiceType'

2017-11-26 00:01:36 - [TEST_STEP][NOT_RUN] - sendKeys: NOT_RUN: sendKeys

2017-11-26 00:01:36 - [MESSAGE][NOT_RUN] - NOT_RUN: sendKeys

2017-11-26 00:01:36 - [TEST_STEP][PASSED] - delay: Delayed 3 second(s)

2017-11-26 00:01:39 - [MESSAGE][PASSED] - Delayed 3 second(s)

2017-11-26 00:01:39 - [TEST_STEP][PASSED] - click: Object: 'Object Repository/Service/ServiceOrder/ServiceOrderSegment/ServiceOrderSegment.Save' is clicked on

2017-11-26 00:01:39 - [MESSAGE][PASSED] - Object: 'Object Repository/Service/ServiceOrder/ServiceOrderSegment/ServiceOrderSegment.Save' is clicked on

2017-11-26 00:01:39 - [TEST_STEP][PASSED] - delay: Delayed 10 second(s)

2017-11-26 00:01:49 - [MESSAGE][PASSED] - Delayed 10 second(s)

2017-11-26 00:01:49 - [TEST_STEP][PASSED] - click: Object: 'Object Repository/Service/ServiceOrder/ServiceOrderSegment/ServiceOrderSegment.Action' is clicked on

2017-11-26 00:01:49 - [MESSAGE][PASSED] - Object: 'Object Repository/Service/ServiceOrder/ServiceOrderSegment/ServiceOrderSegment.Action' is clicked on

2017-11-26 00:01:49 - [TEST_STEP][PASSED] - delay: Delayed 2 second(s)

2017-11-26 00:01:51 - [MESSAGE][PASSED] - Delayed 2 second(s)

2017-11-26 00:01:51 - [TEST_STEP][PASSED] - click: Object: 'Object Repository/Service/ServiceOrder/ServiceOrderSegment/ServiceOrderSegment.Release' is clicked on

2017-11-26 00:01:52 - [MESSAGE][PASSED] - Object: 'Object Repository/Service/ServiceOrder/ServiceOrderSegment/ServiceOrderSegment.Release' is clicked on

2017-11-26 00:01:52 - [TEST_STEP][PASSED] - delay: Delayed 5 second(s)

2017-11-26 00:01:57 - [MESSAGE][PASSED] - Delayed 5 second(s)

2017-11-26 00:01:57 - [TEST_STEP][NOT_RUN] - click: NOT_RUN: click

2017-11-26 00:01:57 - [MESSAGE][NOT_RUN] - NOT_RUN: click

2017-11-26 00:01:57 - [TEST_STEP][NOT_RUN] - click: NOT_RUN: click

2017-11-26 00:01:57 - [MESSAGE][NOT_RUN] - NOT_RUN: click

2017-11-26 00:01:57 - [TEST_STEP][NOT_RUN] - delay: NOT_RUN: delay

2017-11-26 00:01:57 - [MESSAGE][NOT_RUN] - NOT_RUN: delay

2017-11-26 00:01:57 - [TEST_STEP][NOT_RUN] - setText: NOT_RUN: setText

2017-11-26 00:01:57 - [MESSAGE][NOT_RUN] - NOT_RUN: setText

2017-11-26 00:01:57 - [TEST_STEP][NOT_RUN] - sendKeys: NOT_RUN: sendKeys

2017-11-26 00:01:57 - [MESSAGE][NOT_RUN] - NOT_RUN: sendKeys

2017-11-26 00:01:57 - [TEST_STEP][NOT_RUN] - delay: NOT_RUN: delay

2017-11-26 00:01:57 - [MESSAGE][NOT_RUN] - NOT_RUN: delay

2017-11-26 00:01:57 - [TEST_STEP][NOT_RUN] - click: NOT_RUN: click

2017-11-26 00:01:57 - [MESSAGE][NOT_RUN] - NOT_RUN: click

2017-11-26 00:01:57 - [TEST_STEP][NOT_RUN] - delay: NOT_RUN: delay

2017-11-26 00:01:57 - [MESSAGE][NOT_RUN] - NOT_RUN: delay

2017-11-26 00:01:57 - [TEST_STEP][PASSED] - click: Object: 'Object Repository/Service/ServiceOrder/ServiceOrderSegment/ServiceOrderSegment.Action' is clicked on

2017-11-26 00:01:57 - [MESSAGE][PASSED] - Object: 'Object Repository/Service/ServiceOrder/ServiceOrderSegment/ServiceOrderSegment.Action' is clicked on

2017-11-26 00:01:57 - [TEST_STEP][PASSED] - delay: Delayed 3 second(s)

2017-11-26 00:02:00 - [MESSAGE][PASSED] - Delayed 3 second(s)

2017-11-26 00:02:00 - [MESSAGE][PASSED] - Call Test Case 'Test Cases/Service/BaseTestCases/Base_Service_AddSegment' successfully

2017-11-26 00:02:00 - [TEST_STEP][PASSED] - callTestCase: Call Test Case 'Test Cases/Service/BaseTestCases/Base_Service_Add Others' successfully

2017-11-26 00:02:00 - [TEST_CASE][PASSED] - Test Cases/Service/BaseTestCases/Base_Service_Add Others: Test Cases/Service/BaseTestCases/Base_Service_Add Others

2017-11-26 00:02:00 - [TEST_STEP][PASSED] - click: Object: 'Object Repository/Service/ServiceOrder/ServiceOrderSegment/ServiceOrderSegment.Others' is clicked on

2017-11-26 00:02:00 - [MESSAGE][PASSED] - Object: 'Object Repository/Service/ServiceOrder/ServiceOrderSegment/ServiceOrderSegment.Others' is clicked on

2017-11-26 00:02:00 - [TEST_STEP][PASSED] - delay: Delayed 10 second(s)

2017-11-26 00:02:10 - [MESSAGE][PASSED] - Delayed 10 second(s)

2017-11-26 00:02:10 - [TEST_STEP][PASSED] - click: Object: 'Object Repository/Service/ServiceOrder/ServiceOrderSegment/ServiceOrderSegment.OthersNew' is clicked on

2017-11-26 00:02:11 - [MESSAGE][PASSED] - Object: 'Object Repository/Service/ServiceOrder/ServiceOrderSegment/ServiceOrderSegment.OthersNew' is clicked on

2017-11-26 00:02:11 - [TEST_STEP][PASSED] - delay: Delayed 5 second(s)

2017-11-26 00:02:16 - [MESSAGE][PASSED] - Delayed 5 second(s)

2017-11-26 00:02:16 - [TEST_STEP][PASSED] - click: Object: 'Object Repository/Service/ServiceOrder/ServiceOrderSegment/ServiceOrderSegment.OthersCostComp' is clicked on

2017-11-26 00:02:16 - [MESSAGE][PASSED] - Object: 'Object Repository/Service/ServiceOrder/ServiceOrderSegment/ServiceOrderSegment.OthersCostComp' is clicked on

2017-11-26 00:02:16 - [TEST_STEP][PASSED] - delay: Delayed 2 second(s)

2017-11-26 00:02:18 - [MESSAGE][PASSED] - Delayed 2 second(s)

2017-11-26 00:02:18 - [TEST_STEP][PASSED] - setText: Text 'APP' is set on object 'Object Repository/Service/ServiceOrder/ServiceOrderSegment/ServiceOrderSegment.OthersCostComp'

2017-11-26 00:02:18 - [MESSAGE][PASSED] - Text 'APP' is set on object 'Object Repository/Service/ServiceOrder/ServiceOrderSegment/ServiceOrderSegment.OthersCostComp'

2017-11-26 00:02:18 - [TEST_STEP][PASSED] - delay: Delayed 5 second(s)

2017-11-26 00:02:23 - [MESSAGE][PASSED] - Delayed 5 second(s)

2017-11-26 00:02:23 - [TEST_STEP][PASSED] - scrollToElement: Scroll to object 'Object Repository/Service/ServiceOrder/ServiceOrderSegment/ServiceOrderSegment.Actual Qty' successfully

2017-11-26 00:02:23 - [MESSAGE][PASSED] - Scroll to object 'Object Repository/Service/ServiceOrder/ServiceOrderSegment/ServiceOrderSegment.Actual Qty' successfully

2017-11-26 00:02:23 - [TEST_STEP][PASSED] - click: Object: 'Object Repository/Service/ServiceOrder/ServiceOrderSegment/ServiceOrderSegment.Actual Qty' is clicked on

2017-11-26 00:02:23 - [MESSAGE][PASSED] - Object: 'Object Repository/Service/ServiceOrder/ServiceOrderSegment/ServiceOrderSegment.Actual Qty' is clicked on

2017-11-26 00:02:23 - [TEST_STEP][PASSED] - delay: Delayed 2 second(s)

2017-11-26 00:02:25 - [MESSAGE][PASSED] - Delayed 2 second(s)

2017-11-26 00:02:25 - [TEST_STEP][PASSED] - sendKeys: Keys '2' sent to object: 'Object Repository/Service/ServiceOrder/ServiceOrderSegment/ServiceOrderSegment.Actual Qty'

2017-11-26 00:02:25 - [MESSAGE][PASSED] - Keys '2' sent to object: 'Object Repository/Service/ServiceOrder/ServiceOrderSegment/ServiceOrderSegment.Actual Qty'

2017-11-26 00:02:25 - [TEST_STEP][PASSED] - delay: Delayed 5 second(s)

2017-11-26 00:02:30 - [MESSAGE][PASSED] - Delayed 5 second(s)

2017-11-26 00:02:30 - [TEST_STEP][NOT_RUN] - click: NOT_RUN: click

2017-11-26 00:02:30 - [MESSAGE][NOT_RUN] - NOT_RUN: click

2017-11-26 00:02:30 - [TEST_STEP][PASSED] - click: Object: 'Object Repository/Service/ServiceOrder/ServiceOrderSegment/ServiceOrderSegmentOthers.SaveClose' is clicked on

2017-11-26 00:02:30 - [MESSAGE][PASSED] - Object: 'Object Repository/Service/ServiceOrder/ServiceOrderSegment/ServiceOrderSegmentOthers.SaveClose' is clicked on

2017-11-26 00:02:30 - [TEST_STEP][PASSED] - delay: Delayed 5 second(s)

2017-11-26 00:02:35 - [MESSAGE][PASSED] - Delayed 5 second(s)

2017-11-26 00:02:35 - [TEST_STEP][PASSED] - click: Object: 'Object Repository/Service/ServiceOrder/ServiceOrderSegment/ServiceOrderSegment.SaveClose' is clicked on

2017-11-26 00:02:36 - [MESSAGE][PASSED] - Object: 'Object Repository/Service/ServiceOrder/ServiceOrderSegment/ServiceOrderSegment.SaveClose' is clicked on

2017-11-26 00:02:36 - [MESSAGE][PASSED] - Call Test Case 'Test Cases/Service/BaseTestCases/Base_Service_Add Others' successfully

2017-11-26 00:02:36 - [TEST_STEP][PASSED] - callTestCase: Call Test Case 'Test Cases/Service/BaseTestCases/Base_Service_HeaderInvoice_SplitTender' successfully

2017-11-26 00:02:36 - [TEST_CASE][PASSED] - Test Cases/Service/BaseTestCases/Base_Service_HeaderInvoice_SplitTender: Test Cases/Service/BaseTestCases/Base_Service_HeaderInvoice_SplitTender

2017-11-26 00:02:36 - [TEST_STEP][PASSED] - delay: Delayed 5 second(s)

2017-11-26 00:02:41 - [MESSAGE][PASSED] - Delayed 5 second(s)

2017-11-26 00:02:41 - [TEST_STEP][PASSED] - click: Object: 'Object Repository/Service/ServiceOrder/ServiceOrderHeader/ServiceOrderHeader.Actions' is clicked on

2017-11-26 00:02:42 - [MESSAGE][PASSED] - Object: 'Object Repository/Service/ServiceOrder/ServiceOrderHeader/ServiceOrderHeader.Actions' is clicked on

2017-11-26 00:02:42 - [TEST_STEP][PASSED] - delay: Delayed 3 second(s)

2017-11-26 00:02:45 - [MESSAGE][PASSED] - Delayed 3 second(s)

2017-11-26 00:02:45 - [TEST_STEP][PASSED] - click: Object: 'Object Repository/Service/ServiceOrder/ServiceOrderHeader/ServiceOrderHeader.Costing' is clicked on

2017-11-26 00:02:45 - [MESSAGE][PASSED] - Object: 'Object Repository/Service/ServiceOrder/ServiceOrderHeader/ServiceOrderHeader.Costing' is clicked on

2017-11-26 00:02:45 - [TEST_STEP][PASSED] - delay: Delayed 5 second(s)

2017-11-26 00:02:50 - [MESSAGE][PASSED] - Delayed 5 second(s)

2017-11-26 00:02:50 - [TEST_STEP][PASSED] - click: Object: 'Object Repository/Service/ServiceOrder/ServiceOrderHeader/ServiceOrderHeader.RepriceWarning' is clicked on

2017-11-26 00:02:50 - [MESSAGE][PASSED] - Object: 'Object Repository/Service/ServiceOrder/ServiceOrderHeader/ServiceOrderHeader.RepriceWarning' is clicked on

2017-11-26 00:02:50 - [TEST_STEP][PASSED] - delay: Delayed 3 second(s)

2017-11-26 00:02:53 - [MESSAGE][PASSED] - Delayed 3 second(s)

2017-11-26 00:02:53 - [TEST_STEP][PASSED] - click: Object: 'Object Repository/Service/ServiceOrder/ServiceOrderHeader/ServiceOrderHeader.CostingProcessCont' is clicked on

2017-11-26 00:02:53 - [MESSAGE][PASSED] - Object: 'Object Repository/Service/ServiceOrder/ServiceOrderHeader/ServiceOrderHeader.CostingProcessCont' is clicked on

2017-11-26 00:02:53 - [TEST_STEP][PASSED] - delay: Delayed 3 second(s)

2017-11-26 00:02:56 - [MESSAGE][PASSED] - Delayed 3 second(s)

2017-11-26 00:02:56 - [TEST_STEP][PASSED] - click: Object: 'Object Repository/Service/ServiceOrder/ServiceOrderHeader/ServiceOrderHeader.InvoiceCont' is clicked on

2017-11-26 00:02:56 - [MESSAGE][PASSED] - Object: 'Object Repository/Service/ServiceOrder/ServiceOrderHeader/ServiceOrderHeader.InvoiceCont' is clicked on

2017-11-26 00:02:56 - [TEST_STEP][PASSED] - delay: Delayed 5 second(s)

2017-11-26 00:03:01 - [MESSAGE][PASSED] - Delayed 5 second(s)

2017-11-26 00:03:01 - [TEST_STEP][NOT_RUN] - waitForElementPresent: NOT_RUN: waitForElementPresent

2017-11-26 00:03:01 - [MESSAGE][NOT_RUN] - NOT_RUN: waitForElementPresent

2017-11-26 00:03:01 - [TEST_STEP][NOT_RUN] - doubleClick: NOT_RUN: doubleClick

2017-11-26 00:03:01 - [MESSAGE][NOT_RUN] - NOT_RUN: doubleClick

2017-11-26 00:03:01 - [TEST_STEP][NOT_RUN] - delay: NOT_RUN: delay

2017-11-26 00:03:01 - [MESSAGE][NOT_RUN] - NOT_RUN: delay

2017-11-26 00:03:01 - [TEST_STEP][NOT_RUN] - click: NOT_RUN: click

2017-11-26 00:03:01 - [MESSAGE][NOT_RUN] - NOT_RUN: click

2017-11-26 00:03:01 - [TEST_STEP][PASSED] - delay: Delayed 2 second(s)

2017-11-26 00:03:03 - [MESSAGE][PASSED] - Delayed 2 second(s)

2017-11-26 00:03:03 - [TEST_STEP][PASSED] - setText: Text 'PUBL' is set on object 'Object Repository/Service/ServiceOrder/ServiceCreditCard/ServiceCreditCard.PaymentGateway'

2017-11-26 00:03:04 - [MESSAGE][PASSED] - Text 'PUBL' is set on object 'Object Repository/Service/ServiceOrder/ServiceCreditCard/ServiceCreditCard.PaymentGateway'

2017-11-26 00:03:04 - [TEST_STEP][NOT_RUN] - sendKeys: NOT_RUN: sendKeys

2017-11-26 00:03:04 - [MESSAGE][NOT_RUN] - NOT_RUN: sendKeys

2017-11-26 00:03:04 - [TEST_STEP][PASSED] - doubleClick: Object: 'Object Repository/Service/ServiceOrder/ServiceCreditCard/ServiceCreditCard.CardType' is double clicked on

2017-11-26 00:03:04 - [MESSAGE][PASSED] - Object: 'Object Repository/Service/ServiceOrder/ServiceCreditCard/ServiceCreditCard.CardType' is double clicked on

2017-11-26 00:03:04 - [TEST_STEP][PASSED] - sendKeys: Keys 'Visa Card' sent to object: 'Object Repository/Service/ServiceOrder/ServiceCreditCard/ServiceCreditCard.CardType'

2017-11-26 00:03:04 - [MESSAGE][PASSED] - Keys 'Visa Card' sent to object: 'Object Repository/Service/ServiceOrder/ServiceCreditCard/ServiceCreditCard.CardType'

2017-11-26 00:03:04 - [TEST_STEP][PASSED] - delay: Delayed 2 second(s)

2017-11-26 00:03:06 - [MESSAGE][PASSED] - Delayed 2 second(s)

2017-11-26 00:03:06 - [TEST_STEP][PASSED] - doubleClick: Object: 'Object Repository/Service/ServiceOrder/ServiceCreditCard/ServiceCreditCard.Enter CC No' is double clicked on

2017-11-26 00:03:06 - [MESSAGE][PASSED] - Object: 'Object Repository/Service/ServiceOrder/ServiceCreditCard/ServiceCreditCard.Enter CC No' is double clicked on

2017-11-26 00:03:06 - [TEST_STEP][PASSED] - sendKeys: Keys '4012000033330026' sent to object: 'Object Repository/Service/ServiceOrder/ServiceCreditCard/ServiceCreditCard.Enter CC No'

2017-11-26 00:03:06 - [MESSAGE][PASSED] - Keys '4012000033330026' sent to object: 'Object Repository/Service/ServiceOrder/ServiceCreditCard/ServiceCreditCard.Enter CC No'

2017-11-26 00:03:06 - [TEST_STEP][PASSED] - delay: Delayed 2 second(s)

2017-11-26 00:03:08 - [MESSAGE][PASSED] - Delayed 2 second(s)

2017-11-26 00:03:08 - [TEST_STEP][PASSED] - click: Object: 'Object Repository/Service/ServiceOrder/ServiceCreditCard/ServiceCreditCard.CVV2' is clicked on

2017-11-26 00:03:08 - [MESSAGE][PASSED] - Object: 'Object Repository/Service/ServiceOrder/ServiceCreditCard/ServiceCreditCard.CVV2' is clicked on

2017-11-26 00:03:08 - [TEST_STEP][PASSED] - sendKeys: Keys '865' sent to object: 'Object Repository/Service/ServiceOrder/ServiceCreditCard/ServiceCreditCard.CVV2'

2017-11-26 00:03:09 - [MESSAGE][PASSED] - Keys '865' sent to object: 'Object Repository/Service/ServiceOrder/ServiceCreditCard/ServiceCreditCard.CVV2'

2017-11-26 00:03:09 - [TEST_STEP][NOT_RUN] - sendKeys: NOT_RUN: sendKeys

2017-11-26 00:03:09 - [MESSAGE][NOT_RUN] - NOT_RUN: sendKeys

2017-11-26 00:03:09 - [TEST_STEP][NOT_RUN] - delay: NOT_RUN: delay

2017-11-26 00:03:09 - [MESSAGE][NOT_RUN] - NOT_RUN: delay

2017-11-26 00:03:09 - [TEST_STEP][PASSED] - delay: Delayed 3 second(s)

2017-11-26 00:03:12 - [MESSAGE][PASSED] - Delayed 3 second(s)

2017-11-26 00:03:12 - [TEST_STEP][PASSED] - setText: Text '09' is set on object 'Object Repository/Service/ServiceOrder/ServiceCreditCard/ServiceCreditCard.ExpiryMonth'

2017-11-26 00:03:12 - [MESSAGE][PASSED] - Text '09' is set on object 'Object Repository/Service/ServiceOrder/ServiceCreditCard/ServiceCreditCard.ExpiryMonth'

2017-11-26 00:03:12 - [TEST_STEP][PASSED] - setText: Text '99' is set on object 'Object Repository/Service/ServiceOrder/ServiceCreditCard/ServiceCreditCard.ExpiryYear'

2017-11-26 00:03:12 - [MESSAGE][PASSED] - Text '99' is set on object 'Object Repository/Service/ServiceOrder/ServiceCreditCard/ServiceCreditCard.ExpiryYear'

2017-11-26 00:03:12 - [TEST_STEP][PASSED] - delay: Delayed 2 second(s)

2017-11-26 00:03:14 - [MESSAGE][PASSED] - Delayed 2 second(s)

2017-11-26 00:03:14 - [TEST_STEP][PASSED] - click: Object: 'Object Repository/Service/ServiceOrder/CreditCardSplitTender/SplitTenderDetails' is clicked on

2017-11-26 00:03:14 - [MESSAGE][PASSED] - Object: 'Object Repository/Service/ServiceOrder/CreditCardSplitTender/SplitTenderDetails' is clicked on

2017-11-26 00:03:14 - [TEST_STEP][PASSED] - click: Object: 'Object Repository/Service/ServiceOrder/CreditCardSplitTender/SplitTenderDetails.Yes' is clicked on

2017-11-26 00:03:14 - [MESSAGE][PASSED] - Object: 'Object Repository/Service/ServiceOrder/CreditCardSplitTender/SplitTenderDetails.Yes' is clicked on

2017-11-26 00:03:14 - [TEST_STEP][PASSED] - delay: Delayed 3 second(s)

2017-11-26 00:03:17 - [MESSAGE][PASSED] - Delayed 3 second(s)

2017-11-26 00:03:17 - [TEST_STEP][PASSED] - click: Object: 'Object Repository/Service/ServiceOrder/CreditCardSplitTender/SplitTender.LineSession' is clicked on

2017-11-26 00:03:17 - [MESSAGE][PASSED] - Object: 'Object Repository/Service/ServiceOrder/CreditCardSplitTender/SplitTender.LineSession' is clicked on

2017-11-26 00:03:17 - [TEST_STEP][PASSED] - delay: Delayed 2 second(s)

2017-11-26 00:03:19 - [MESSAGE][PASSED] - Delayed 2 second(s)

2017-11-26 00:03:19 - [TEST_STEP][PASSED] - Statement - G_OrderAmt = com.kms.katalon.core.webui.keyword.WebUiBuiltInKeywords.getText(com.kms.katalon.core.testobject.ObjectRepository.findTestObject(Service/ServiceOrder/CreditCardSplitTender/SplitTender.OrderAmtHeader)): Text of object 'Object Repository/Service/ServiceOrder/CreditCardSplitTender/SplitTender.OrderAmtHeader' is: '14.00'

2017-11-26 00:03:20 - [MESSAGE][PASSED] - Text of object 'Object Repository/Service/ServiceOrder/CreditCardSplitTender/SplitTender.OrderAmtHeader' is: '14.00'

2017-11-26 00:03:20 - [TEST_STEP][PASSED] - Statement - G_SplitOrderAmt2 = G_OrderAmt - 2: null

2017-11-26 00:03:20 - [TEST_STEP][PASSED] - comment: ***********************Line1 started***********************

2017-11-26 00:03:20 - [TEST_STEP][PASSED] - click: Object: 'Object Repository/Service/ServiceOrder/CreditCardSplitTender/SplitTender.NewButton' is clicked on

2017-11-26 00:03:20 - [MESSAGE][PASSED] - Object: 'Object Repository/Service/ServiceOrder/CreditCardSplitTender/SplitTender.NewButton' is clicked on

2017-11-26 00:03:20 - [TEST_STEP][PASSED] - delay: Delayed 2 second(s)

2017-11-26 00:03:22 - [MESSAGE][PASSED] - Delayed 2 second(s)

2017-11-26 00:03:22 - [TEST_STEP][PASSED] - doubleClick: Object: 'Object Repository/Service/ServiceOrder/CreditCardSplitTender/SplitTender.ModeofPayment' is double clicked on

2017-11-26 00:03:22 - [MESSAGE][PASSED] - Object: 'Object Repository/Service/ServiceOrder/CreditCardSplitTender/SplitTender.ModeofPayment' is double clicked on

2017-11-26 00:03:22 - [TEST_STEP][PASSED] - click: Object: 'Object Repository/Service/ServiceOrder/CreditCardSplitTender/SplitTender.ModeOfPaymentCreditCard1' is clicked on

2017-11-26 00:03:22 - [MESSAGE][PASSED] - Object: 'Object Repository/Service/ServiceOrder/CreditCardSplitTender/SplitTender.ModeOfPaymentCreditCard1' is clicked on

2017-11-26 00:03:22 - [TEST_STEP][PASSED] - click: Object: 'Object Repository/Service/ServiceOrder/CreditCardSplitTender/SplitTender.LineCCNo' is clicked on

2017-11-26 00:03:22 - [MESSAGE][PASSED] - Object: 'Object Repository/Service/ServiceOrder/CreditCardSplitTender/SplitTender.LineCCNo' is clicked on

2017-11-26 00:03:22 - [TEST_STEP][PASSED] - delay: Delayed 2 second(s)

2017-11-26 00:03:24 - [MESSAGE][PASSED] - Delayed 2 second(s)

2017-11-26 00:03:24 - [TEST_STEP][PASSED] - setText: Text '4012000033330026' is set on object 'Object Repository/Service/ServiceOrder/CreditCardSplitTender/SplitTender.LineCCNo'

2017-11-26 00:03:25 - [MESSAGE][PASSED] - Text '4012000033330026' is set on object 'Object Repository/Service/ServiceOrder/CreditCardSplitTender/SplitTender.LineCCNo'

2017-11-26 00:03:25 - [TEST_STEP][PASSED] - delay: Delayed 5 second(s)

2017-11-26 00:03:30 - [MESSAGE][PASSED] - Delayed 5 second(s)

2017-11-26 00:03:30 - [TEST_STEP][NOT_RUN] - click: NOT_RUN: click

2017-11-26 00:03:30 - [MESSAGE][NOT_RUN] - NOT_RUN: click

2017-11-26 00:03:30 - [TEST_STEP][NOT_RUN] - setText: NOT_RUN: setText

2017-11-26 00:03:30 - [MESSAGE][NOT_RUN] - NOT_RUN: setText

2017-11-26 00:03:30 - [TEST_STEP][PASSED] - scrollToElement: Scroll to object 'Object Repository/Service/ServiceOrder/CreditCardSplitTender/SplitTender.LineOrderAmount1' successfully

2017-11-26 00:03:30 - [MESSAGE][PASSED] - Scroll to object 'Object Repository/Service/ServiceOrder/CreditCardSplitTender/SplitTender.LineOrderAmount1' successfully

2017-11-26 00:03:30 - [TEST_STEP][PASSED] - delay: Delayed 5 second(s)

2017-11-26 00:03:35 - [MESSAGE][PASSED] - Delayed 5 second(s)

2017-11-26 00:03:35 - [TEST_STEP][PASSED] - click: Object: 'Object Repository/Service/ServiceOrder/CreditCardSplitTender/SplitTender.LineOrderAmount1' is clicked on

2017-11-26 00:03:35 - [MESSAGE][PASSED] - Object: 'Object Repository/Service/ServiceOrder/CreditCardSplitTender/SplitTender.LineOrderAmount1' is clicked on

2017-11-26 00:03:35 - [TEST_STEP][PASSED] - delay: Delayed 3 second(s)

2017-11-26 00:03:38 - [MESSAGE][PASSED] - Delayed 3 second(s)

2017-11-26 00:03:38 - [TEST_STEP][PASSED] - setText: Text '1.00' is set on object 'Object Repository/Service/ServiceOrder/CreditCardSplitTender/SplitTender.LineOrderAmount1'

2017-11-26 00:03:38 - [MESSAGE][PASSED] - Text '1.00' is set on object 'Object Repository/Service/ServiceOrder/CreditCardSplitTender/SplitTender.LineOrderAmount1'

2017-11-26 00:03:38 - [TEST_STEP][PASSED] - delay: Delayed 2 second(s)

2017-11-26 00:03:40 - [MESSAGE][PASSED] - Delayed 2 second(s)

2017-11-26 00:03:40 - [TEST_STEP][PASSED] - comment: ***********************Line2 started***********************

2017-11-26 00:03:40 - [TEST_STEP][PASSED] - click: Object: 'Object Repository/Service/ServiceOrder/CreditCardSplitTender/SplitTender.NewButton' is clicked on

2017-11-26 00:03:41 - [MESSAGE][PASSED] - Object: 'Object Repository/Service/ServiceOrder/CreditCardSplitTender/SplitTender.NewButton' is clicked on

2017-11-26 00:03:41 - [TEST_STEP][PASSED] - delay: Delayed 2 second(s)

2017-11-26 00:03:43 - [MESSAGE][PASSED] - Delayed 2 second(s)

2017-11-26 00:03:43 - [TEST_STEP][PASSED] - doubleClick: Object: 'Object Repository/Service/ServiceOrder/CreditCardSplitTender/SplitTender.ModeofPayment1' is double clicked on

2017-11-26 00:03:43 - [MESSAGE][PASSED] - Object: 'Object Repository/Service/ServiceOrder/CreditCardSplitTender/SplitTender.ModeofPayment1' is double clicked on

2017-11-26 00:03:43 - [TEST_STEP][PASSED] - click: Object: 'Object Repository/Service/ServiceOrder/CreditCardSplitTender/SplitTender.ModeOfPaymentCreditCard2' is clicked on

2017-11-26 00:03:43 - [MESSAGE][PASSED] - Object: 'Object Repository/Service/ServiceOrder/CreditCardSplitTender/SplitTender.ModeOfPaymentCreditCard2' is clicked on

2017-11-26 00:03:43 - [TEST_STEP][PASSED] - delay: Delayed 3 second(s)

2017-11-26 00:03:46 - [MESSAGE][PASSED] - Delayed 3 second(s)

2017-11-26 00:03:46 - [TEST_STEP][PASSED] - click: Object: 'Object Repository/Service/ServiceOrder/CreditCardSplitTender/SplitTender.Line2CCNo' is clicked on

2017-11-26 00:03:46 - [MESSAGE][PASSED] - Object: 'Object Repository/Service/ServiceOrder/CreditCardSplitTender/SplitTender.Line2CCNo' is clicked on

2017-11-26 00:03:46 - [TEST_STEP][PASSED] - delay: Delayed 2 second(s)

2017-11-26 00:03:48 - [MESSAGE][PASSED] - Delayed 2 second(s)

2017-11-26 00:03:48 - [TEST_STEP][PASSED] - setText: Text '4111123400062020' is set on object 'Object Repository/Service/ServiceOrder/CreditCardSplitTender/SplitTender.Line2CCNo'

2017-11-26 00:03:49 - [MESSAGE][PASSED] - Text '4111123400062020' is set on object 'Object Repository/Service/ServiceOrder/CreditCardSplitTender/SplitTender.Line2CCNo'

2017-11-26 00:03:49 - [TEST_STEP][PASSED] - delay: Delayed 2 second(s)

2017-11-26 00:03:51 - [MESSAGE][PASSED] - Delayed 2 second(s)

2017-11-26 00:03:51 - [TEST_STEP][PASSED] - click: Object: 'Object Repository/Service/ServiceOrder/CreditCardSplitTender/SplitTender.Line2CVV' is clicked on

2017-11-26 00:03:51 - [MESSAGE][PASSED] - Object: 'Object Repository/Service/ServiceOrder/CreditCardSplitTender/SplitTender.Line2CVV' is clicked on

2017-11-26 00:03:51 - [TEST_STEP][PASSED] - delay: Delayed 3 second(s)

2017-11-26 00:03:54 - [MESSAGE][PASSED] - Delayed 3 second(s)

2017-11-26 00:03:54 - [TEST_STEP][PASSED] - setText: Text '865' is set on object 'Object Repository/Service/ServiceOrder/CreditCardSplitTender/SplitTender.Line2CVV'

2017-11-26 00:03:54 - [MESSAGE][PASSED] - Text '865' is set on object 'Object Repository/Service/ServiceOrder/CreditCardSplitTender/SplitTender.Line2CVV'

2017-11-26 00:03:54 - [TEST_STEP][PASSED] - delay: Delayed 3 second(s)

2017-11-26 00:03:57 - [MESSAGE][PASSED] - Delayed 3 second(s)

2017-11-26 00:03:57 - [TEST_STEP][PASSED] - click: Object: 'Object Repository/Service/ServiceOrder/CreditCardSplitTender/SplitTender.CardTypeLine2' is clicked on

2017-11-26 00:03:57 - [MESSAGE][PASSED] - Object: 'Object Repository/Service/ServiceOrder/CreditCardSplitTender/SplitTender.CardTypeLine2' is clicked on

2017-11-26 00:03:57 - [TEST_STEP][PASSED] - delay: Delayed 5 second(s)

2017-11-26 00:04:02 - [MESSAGE][PASSED] - Delayed 5 second(s)

2017-11-26 00:04:02 - [TEST_STEP][PASSED] - sendKeys: Keys 'Visa Card' sent to object: 'Object Repository/Service/ServiceOrder/CreditCardSplitTender/SplitTender.CardTypeLine2'

2017-11-26 00:04:02 - [MESSAGE][PASSED] - Keys 'Visa Card' sent to object: 'Object Repository/Service/ServiceOrder/CreditCardSplitTender/SplitTender.CardTypeLine2'

2017-11-26 00:04:02 - [TEST_STEP][PASSED] - delay: Delayed 5 second(s)

2017-11-26 00:04:07 - [MESSAGE][PASSED] - Delayed 5 second(s)

2017-11-26 00:04:07 - [TEST_STEP][PASSED] - click: Object: 'Object Repository/Service/ServiceOrder/CreditCardSplitTender/SplitTender.ExpiryMonthLine2' is clicked on

2017-11-26 00:04:08 - [MESSAGE][PASSED] - Object: 'Object Repository/Service/ServiceOrder/CreditCardSplitTender/SplitTender.ExpiryMonthLine2' is clicked on

2017-11-26 00:04:08 - [TEST_STEP][PASSED] - delay: Delayed 3 second(s)

2017-11-26 00:04:11 - [MESSAGE][PASSED] - Delayed 3 second(s)

2017-11-26 00:04:11 - [TEST_STEP][PASSED] - setText: Text '09' is set on object 'Object Repository/Service/ServiceOrder/CreditCardSplitTender/SplitTender.ExpiryMonthLine2'

2017-11-26 00:04:11 - [MESSAGE][PASSED] - Text '09' is set on object 'Object Repository/Service/ServiceOrder/CreditCardSplitTender/SplitTender.ExpiryMonthLine2'

2017-11-26 00:04:11 - [TEST_STEP][PASSED] - delay: Delayed 2 second(s)

2017-11-26 00:04:13 - [MESSAGE][PASSED] - Delayed 2 second(s)

2017-11-26 00:04:13 - [TEST_STEP][PASSED] - click: Object: 'Object Repository/Service/ServiceOrder/CreditCardSplitTender/SplitTender.ExpiryYearLine2' is clicked on

2017-11-26 00:04:13 - [MESSAGE][PASSED] - Object: 'Object Repository/Service/ServiceOrder/CreditCardSplitTender/SplitTender.ExpiryYearLine2' is clicked on

2017-11-26 00:04:13 - [TEST_STEP][PASSED] - delay: Delayed 2 second(s)

2017-11-26 00:04:15 - [MESSAGE][PASSED] - Delayed 2 second(s)

2017-11-26 00:04:15 - [TEST_STEP][PASSED] - setText: Text '99' is set on object 'Object Repository/Service/ServiceOrder/CreditCardSplitTender/SplitTender.ExpiryYearLine2'

2017-11-26 00:04:15 - [MESSAGE][PASSED] - Text '99' is set on object 'Object Repository/Service/ServiceOrder/CreditCardSplitTender/SplitTender.ExpiryYearLine2'

2017-11-26 00:04:15 - [TEST_STEP][PASSED] - delay: Delayed 3 second(s)

2017-11-26 00:04:18 - [MESSAGE][PASSED] - Delayed 3 second(s)

2017-11-26 00:04:18 - [TEST_STEP][PASSED] - scrollToElement: Scroll to object 'Object Repository/Service/ServiceOrder/CreditCardSplitTender/SplitTender.LineOrderAmount2' successfully

2017-11-26 00:04:18 - [MESSAGE][PASSED] - Scroll to object 'Object Repository/Service/ServiceOrder/CreditCardSplitTender/SplitTender.LineOrderAmount2' successfully

2017-11-26 00:04:18 - [TEST_STEP][PASSED] - delay: Delayed 2 second(s)

2017-11-26 00:04:20 - [MESSAGE][PASSED] - Delayed 2 second(s)

2017-11-26 00:04:20 - [TEST_STEP][PASSED] - click: Object: 'Object Repository/Service/ServiceOrder/CreditCardSplitTender/SplitTender.LineOrderAmount2' is clicked on

2017-11-26 00:04:21 - [MESSAGE][PASSED] - Object: 'Object Repository/Service/ServiceOrder/CreditCardSplitTender/SplitTender.LineOrderAmount2' is clicked on

2017-11-26 00:04:21 - [TEST_STEP][PASSED] - delay: Delayed 2 second(s)

2017-11-26 00:04:23 - [MESSAGE][PASSED] - Delayed 2 second(s)

2017-11-26 00:04:23 - [TEST_STEP][PASSED] - setText: Text '1.00' is set on object 'Object Repository/Service/ServiceOrder/CreditCardSplitTender/SplitTender.LineOrderAmount2'

2017-11-26 00:04:23 - [MESSAGE][PASSED] - Text '1.00' is set on object 'Object Repository/Service/ServiceOrder/CreditCardSplitTender/SplitTender.LineOrderAmount2'

2017-11-26 00:04:23 - [TEST_STEP][PASSED] - delay: Delayed 2 second(s)

2017-11-26 00:04:25 - [MESSAGE][PASSED] - Delayed 2 second(s)

2017-11-26 00:04:25 - [TEST_STEP][PASSED] - comment: ***********************Line3 started***********************

2017-11-26 00:04:25 - [TEST_STEP][PASSED] - click: Object: 'Object Repository/Service/ServiceOrder/CreditCardSplitTender/SplitTender.NewButton' is clicked on

2017-11-26 00:04:25 - [MESSAGE][PASSED] - Object: 'Object Repository/Service/ServiceOrder/CreditCardSplitTender/SplitTender.NewButton' is clicked on

2017-11-26 00:04:25 - [TEST_STEP][PASSED] - delay: Delayed 3 second(s)

2017-11-26 00:04:28 - [MESSAGE][PASSED] - Delayed 3 second(s)

2017-11-26 00:04:28 - [TEST_STEP][PASSED] - doubleClick: Object: 'Object Repository/Service/ServiceOrder/CreditCardSplitTender/SplitTender.ModeofPayment2' is double clicked on

2017-11-26 00:04:28 - [MESSAGE][PASSED] - Object: 'Object Repository/Service/ServiceOrder/CreditCardSplitTender/SplitTender.ModeofPayment2' is double clicked on

2017-11-26 00:04:28 - [TEST_STEP][PASSED] - delay: Delayed 2 second(s)

2017-11-26 00:04:30 - [MESSAGE][PASSED] - Delayed 2 second(s)

2017-11-26 00:04:30 - [TEST_STEP][PASSED] - click: Object: 'Object Repository/Service/ServiceOrder/CreditCardSplitTender/SplitTender.ModeOfPaymentCash' is clicked on

2017-11-26 00:04:31 - [MESSAGE][PASSED] - Object: 'Object Repository/Service/ServiceOrder/CreditCardSplitTender/SplitTender.ModeOfPaymentCash' is clicked on

2017-11-26 00:04:31 - [TEST_STEP][PASSED] - delay: Delayed 10 second(s)

2017-11-26 00:04:41 - [MESSAGE][PASSED] - Delayed 10 second(s)

2017-11-26 00:04:41 - [TEST_STEP][NOT_RUN] - scrollToElement: NOT_RUN: scrollToElement

2017-11-26 00:04:41 - [MESSAGE][NOT_RUN] - NOT_RUN: scrollToElement

2017-11-26 00:04:41 - [TEST_STEP][PASSED] - click: Object: 'Object Repository/Service/ServiceOrder/CreditCardSplitTender/SplitTender.LineOrderAmount3' is clicked on

2017-11-26 00:04:41 - [MESSAGE][PASSED] - Object: 'Object Repository/Service/ServiceOrder/CreditCardSplitTender/SplitTender.LineOrderAmount3' is clicked on

2017-11-26 00:04:41 - [TEST_STEP][PASSED] - delay: Delayed 2 second(s)

2017-11-26 00:04:43 - [MESSAGE][PASSED] - Delayed 2 second(s)

2017-11-26 00:04:43 - [TEST_STEP][PASSED] - setText: Text '12.0' is set on object 'Object Repository/Service/ServiceOrder/CreditCardSplitTender/SplitTender.LineOrderAmount3'

2017-11-26 00:04:43 - [MESSAGE][PASSED] - Text '12.0' is set on object 'Object Repository/Service/ServiceOrder/CreditCardSplitTender/SplitTender.LineOrderAmount3'

2017-11-26 00:04:43 - [TEST_STEP][PASSED] - delay: Delayed 2 second(s)

2017-11-26 00:04:45 - [MESSAGE][PASSED] - Delayed 2 second(s)

2017-11-26 00:04:45 - [TEST_STEP][PASSED] - click: Object: 'Object Repository/Service/ServiceOrder/CreditCardSplitTender/SplitTender.Save' is clicked on

2017-11-26 00:04:45 - [MESSAGE][PASSED] - Object: 'Object Repository/Service/ServiceOrder/CreditCardSplitTender/SplitTender.Save' is clicked on

2017-11-26 00:04:45 - [TEST_STEP][PASSED] - delay: Delayed 3 second(s)

2017-11-26 00:04:48 - [MESSAGE][PASSED] - Delayed 3 second(s)

2017-11-26 00:04:48 - [TEST_STEP][PASSED] - click: Object: 'Object Repository/Service/ServiceOrder/CreditCardSplitTender/SplitTender.Action' is clicked on

2017-11-26 00:04:49 - [MESSAGE][PASSED] - Object: 'Object Repository/Service/ServiceOrder/CreditCardSplitTender/SplitTender.Action' is clicked on

2017-11-26 00:04:49 - [TEST_STEP][PASSED] - delay: Delayed 2 second(s)

2017-11-26 00:04:51 - [MESSAGE][PASSED] - Delayed 2 second(s)

2017-11-26 00:04:51 - [TEST_STEP][PASSED] - click: Object: 'Object Repository/Service/ServiceOrder/CreditCardSplitTender/SplitTender.ApplyTax' is clicked on

2017-11-26 00:04:51 - [MESSAGE][PASSED] - Object: 'Object Repository/Service/ServiceOrder/CreditCardSplitTender/SplitTender.ApplyTax' is clicked on

2017-11-26 00:04:51 - [TEST_STEP][PASSED] - delay: Delayed 2 second(s)

2017-11-26 00:04:53 - [MESSAGE][PASSED] - Delayed 2 second(s)

2017-11-26 00:04:53 - [TEST_STEP][PASSED] - Statement - G_SplitInvoiceAmt1 = com.kms.katalon.core.webui.keyword.WebUiBuiltInKeywords.getText(com.kms.katalon.core.testobject.ObjectRepository.findTestObject(Service/ServiceOrder/CreditCardSplitTender/SplitTender.InvoiceAmt1)): Text of object 'Object Repository/Service/ServiceOrder/CreditCardSplitTender/SplitTender.InvoiceAmt1' is: '1.00'

2017-11-26 00:04:53 - [MESSAGE][PASSED] - Text of object 'Object Repository/Service/ServiceOrder/CreditCardSplitTender/SplitTender.InvoiceAmt1' is: '1.00'

2017-11-26 00:04:53 - [TEST_STEP][PASSED] - Statement - G_SplitInvoiceAmt2 = com.kms.katalon.core.webui.keyword.WebUiBuiltInKeywords.getText(com.kms.katalon.core.testobject.ObjectRepository.findTestObject(Service/ServiceOrder/CreditCardSplitTender/SplitTender.InvoiceAmt2)): Text of object 'Object Repository/Service/ServiceOrder/CreditCardSplitTender/SplitTender.InvoiceAmt2' is: '12.00'

2017-11-26 00:04:53 - [MESSAGE][PASSED] - Text of object 'Object Repository/Service/ServiceOrder/CreditCardSplitTender/SplitTender.InvoiceAmt2' is: '12.00'

2017-11-26 00:04:53 - [TEST_STEP][PASSED] - click: Object: 'Object Repository/Service/ServiceOrder/CreditCardSplitTender/SplitTender.SaveClose' is clicked on

2017-11-26 00:04:53 - [MESSAGE][PASSED] - Object: 'Object Repository/Service/ServiceOrder/CreditCardSplitTender/SplitTender.SaveClose' is clicked on

2017-11-26 00:04:53 - [TEST_STEP][PASSED] - delay: Delayed 2 second(s)

2017-11-26 00:04:55 - [MESSAGE][PASSED] - Delayed 2 second(s)

2017-11-26 00:04:55 - [TEST_STEP][PASSED] - click: Object: 'Object Repository/Service/ServiceOrder/ServiceCreditCard/ServiceCreditCard.Process' is clicked on

2017-11-26 00:04:55 - [MESSAGE][PASSED] - Object: 'Object Repository/Service/ServiceOrder/ServiceCreditCard/ServiceCreditCard.Process' is clicked on

2017-11-26 00:04:55 - [TEST_STEP][PASSED] - delay: Delayed 13 second(s)

2017-11-26 00:05:08 - [MESSAGE][PASSED] - Delayed 13 second(s)

2017-11-26 00:05:08 - [TEST_STEP][PASSED] - click: Object: 'Object Repository/Service/ServiceOrder/CreditCardSplitTender/SplitTender.PrintOK' is clicked on

2017-11-26 00:05:29 - [MESSAGE][PASSED] - Object: 'Object Repository/Service/ServiceOrder/CreditCardSplitTender/SplitTender.PrintOK' is clicked on

2017-11-26 00:05:29 - [TEST_STEP][PASSED] - delay: Delayed 10 second(s)

2017-11-26 00:05:39 - [MESSAGE][PASSED] - Delayed 10 second(s)

2017-11-26 00:05:39 - [TEST_STEP][PASSED] - click: Object: 'Object Repository/Service/ServiceOrder/CreditCardSplitTender/SplitTender.PrintDevice' is clicked on

2017-11-26 00:05:47 - [MESSAGE][PASSED] - Object: 'Object Repository/Service/ServiceOrder/CreditCardSplitTender/SplitTender.PrintDevice' is clicked on

2017-11-26 00:05:47 - [TEST_STEP][PASSED] - delay: Delayed 5 second(s)

2017-11-26 00:05:52 - [MESSAGE][PASSED] - Delayed 5 second(s)

2017-11-26 00:05:52 - [MESSAGE][PASSED] - Call Test Case 'Test Cases/Service/BaseTestCases/Base_Service_HeaderInvoice_SplitTender' successfully

2017-11-26 00:05:52 - [TEST_STEP][PASSED] - callTestCase: Call Test Case 'Test Cases/Service/BaseTestCases/Base_Service_GetInvoice_SplitTender' successfully

2017-11-26 00:05:52 - [TEST_CASE][PASSED] - Test Cases/Service/BaseTestCases/Base_Service_GetInvoice_SplitTender: Test Cases/Service/BaseTestCases/Base_Service_GetInvoice_SplitTender

2017-11-26 00:05:52 - [TEST_STEP][PASSED] - delay: Delayed 3 second(s)

2017-11-26 00:05:55 - [MESSAGE][PASSED] - Delayed 3 second(s)

2017-11-26 00:05:55 - [TEST_STEP][PASSED] - click: Object: 'Object Repository/Service/ServiceOrder/VerifyServiceOrderInvoice_SplitTender/ServiceorderHeader.HeaderSession' is clicked on

2017-11-26 00:05:55 - [MESSAGE][PASSED] - Object: 'Object Repository/Service/ServiceOrder/VerifyServiceOrderInvoice_SplitTender/ServiceorderHeader.HeaderSession' is clicked on

2017-11-26 00:05:55 - [TEST_STEP][PASSED] - click: Object: 'Object Repository/Service/ServiceOrder/VerifyServiceOrderInvoice_SplitTender/ServiceOrderHeader.InvoiceButton' is clicked on

2017-11-26 00:05:56 - [MESSAGE][PASSED] - Object: 'Object Repository/Service/ServiceOrder/VerifyServiceOrderInvoice_SplitTender/ServiceOrderHeader.InvoiceButton' is clicked on

2017-11-26 00:05:56 - [TEST_STEP][PASSED] - delay: Delayed 3 second(s)

2017-11-26 00:05:59 - [MESSAGE][PASSED] - Delayed 3 second(s)

2017-11-26 00:05:59 - [TEST_STEP][PASSED] - Statement - G_InvoiceTnxType = com.kms.katalon.core.webui.keyword.WebUiBuiltInKeywords.getText(com.kms.katalon.core.testobject.ObjectRepository.findTestObject(Service/ServiceOrder/VerifyServiceOrderInvoice_SplitTender/ServiceOrderHeader.Invoice1)): Text of object 'Object Repository/Service/ServiceOrder/VerifyServiceOrderInvoice_SplitTender/ServiceOrderHeader.Invoice1' is: 'SIS'

2017-11-26 00:05:59 - [MESSAGE][PASSED] - Text of object 'Object Repository/Service/ServiceOrder/VerifyServiceOrderInvoice_SplitTender/ServiceOrderHeader.Invoice1' is: 'SIS'

2017-11-26 00:05:59 - [TEST_STEP][PASSED] - delay: Delayed 3 second(s)

2017-11-26 00:06:02 - [MESSAGE][PASSED] - Delayed 3 second(s)

2017-11-26 00:06:02 - [TEST_STEP][PASSED] - Statement - G_InvoiceTnxNo = com.kms.katalon.core.webui.keyword.WebUiBuiltInKeywords.getText(com.kms.katalon.core.testobject.ObjectRepository.findTestObject(Service/ServiceOrder/VerifyServiceOrderInvoice_SplitTender/ServiceOrderHeader.Invoice2)): Text of object 'Object Repository/Service/ServiceOrder/VerifyServiceOrderInvoice_SplitTender/ServiceOrderHeader.Invoice2' is: '10006802'

2017-11-26 00:06:02 - [MESSAGE][PASSED] - Text of object 'Object Repository/Service/ServiceOrder/VerifyServiceOrderInvoice_SplitTender/ServiceOrderHeader.Invoice2' is: '10006802'

2017-11-26 00:06:02 - [TEST_STEP][PASSED] - Statement - G_InvoiceAmt = com.kms.katalon.core.webui.keyword.WebUiBuiltInKeywords.getText(com.kms.katalon.core.testobject.ObjectRepository.findTestObject(Service/ServiceOrder/VerifyServiceOrderInvoice_SplitTender/ServiceOrderHeader.InvoiceAmountHD)): Text of object 'Object Repository/Service/ServiceOrder/VerifyServiceOrderInvoice_SplitTender/ServiceOrderHeader.InvoiceAmountHD' is: '14.00'

2017-11-26 00:06:02 - [MESSAGE][PASSED] - Text of object 'Object Repository/Service/ServiceOrder/VerifyServiceOrderInvoice_SplitTender/ServiceOrderHeader.InvoiceAmountHD' is: '14.00'

2017-11-26 00:06:02 - [MESSAGE][PASSED] - Call Test Case 'Test Cases/Service/BaseTestCases/Base_Service_GetInvoice_SplitTender' successfully

2017-11-26 00:06:02 - [TEST_STEP][PASSED] - callTestCase: Call Test Case 'Test Cases/Finance/BaseTestCases/Base_Finance_CheckOpenEntriesForCCSplitPayments' successfully

2017-11-26 00:06:02 - [TEST_CASE][PASSED] - Test Cases/Finance/BaseTestCases/Base_Finance_CheckOpenEntriesForCCSplitPayments: Test Cases/Finance/BaseTestCases/Base_Finance_CheckOpenEntriesForCCSplitPayments

2017-11-26 00:06:02 - [TEST_STEP][PASSED] - callTestCase: Call Test Case 'Test Cases/Common/Base_Common_OpenSession' successfully

2017-11-26 00:06:02 - [TEST_CASE][PASSED] - Test Cases/Common/Base_Common_OpenSession: Test Cases/Common/Base_Common_OpenSession

2017-11-26 00:06:02 - [TEST_STEP][PASSED] - openBrowser: Browser is opened with url: 'https://rgajbhiye:Robin$123@proxima-ln4.e-emphasys.com:8441/webui/servlet/login'

2017-11-26 00:06:02 - [MESSAGE][WARNING] - A browser is already opened. Closing browser and opening a new one

2017-11-26 00:06:10 - [MESSAGE][PASSED] - Browser is opened with url: 'https://rgajbhiye:Robin$123@proxima-ln4.e-emphasys.com:8441/webui/servlet/login'

2017-11-26 00:06:10 - [TEST_STEP][PASSED] - waitForPageLoad: Wait for page load successfully

2017-11-26 00:06:10 - [MESSAGE][PASSED] - Wait for page load successfully

2017-11-26 00:06:10 - [TEST_STEP][PASSED] - maximizeWindow: Current window maximized

2017-11-26 00:06:10 - [MESSAGE][PASSED] - Current window maximized

2017-11-26 00:06:10 - [TEST_STEP][PASSED] - click: Object: 'Object Repository/Common/HomePage/HomePage_more' is clicked on

2017-11-26 00:06:14 - [MESSAGE][PASSED] - Object: 'Object Repository/Common/HomePage/HomePage_more' is clicked on

2017-11-26 00:06:14 - [TEST_STEP][PASSED] - click: Object: 'Object Repository/Common/HomePage/HomePage_Option' is clicked on

2017-11-26 00:06:14 - [MESSAGE][PASSED] - Object: 'Object Repository/Common/HomePage/HomePage_Option' is clicked on

2017-11-26 00:06:14 - [TEST_STEP][PASSED] - click: Object: 'Object Repository/Common/HomePage/HomePage_RunProgram_' is clicked on

2017-11-26 00:06:15 - [MESSAGE][PASSED] - Object: 'Object Repository/Common/HomePage/HomePage_RunProgram_' is clicked on

2017-11-26 00:06:15 - [TEST_STEP][PASSED] - sendKeys: Keys 'tfacr2520m000' sent to object: 'Object Repository/Common/HomePage/HomePage_Session_ID'

2017-11-26 00:06:15 - [MESSAGE][PASSED] - Keys 'tfacr2520m000' sent to object: 'Object Repository/Common/HomePage/HomePage_Session_ID'

2017-11-26 00:06:15 - [TEST_STEP][PASSED] - click: Object: 'Object Repository/Common/HomePage/HomePage_OkButton' is clicked on

2017-11-26 00:06:15 - [MESSAGE][PASSED] - Object: 'Object Repository/Common/HomePage/HomePage_OkButton' is clicked on

2017-11-26 00:06:15 - [MESSAGE][PASSED] - Call Test Case 'Test Cases/Common/Base_Common_OpenSession' successfully

2017-11-26 00:06:15 - [TEST_STEP][PASSED] - click: Object: 'Object Repository/Finance/BaseTestCases_OpenEntries_Service/OpenEntries_DocumentType' is clicked on

2017-11-26 00:06:19 - [MESSAGE][PASSED] - Object: 'Object Repository/Finance/BaseTestCases_OpenEntries_Service/OpenEntries_DocumentType' is clicked on

2017-11-26 00:06:19 - [TEST_STEP][PASSED] - click: Object: 'Object Repository/Finance/BaseTestCases_OpenEntries_Service/OpenEntries_DocumentNo' is clicked on

2017-11-26 00:06:19 - [MESSAGE][PASSED] - Object: 'Object Repository/Finance/BaseTestCases_OpenEntries_Service/OpenEntries_DocumentNo' is clicked on

2017-11-26 00:06:19 - [TEST_STEP][PASSED] - setText: Text 'SIS' is set on object 'Object Repository/Finance/BaseTestCases_OpenEntries_Service/OpenEntries_DocumentType'

2017-11-26 00:06:19 - [MESSAGE][PASSED] - Text 'SIS' is set on object 'Object Repository/Finance/BaseTestCases_OpenEntries_Service/OpenEntries_DocumentType'

2017-11-26 00:06:19 - [TEST_STEP][NOT_RUN] - sendKeys: NOT_RUN: sendKeys

2017-11-26 00:06:19 - [MESSAGE][NOT_RUN] - NOT_RUN: sendKeys

2017-11-26 00:06:19 - [TEST_STEP][NOT_RUN] - delay: NOT_RUN: delay

2017-11-26 00:06:19 - [MESSAGE][NOT_RUN] - NOT_RUN: delay

2017-11-26 00:06:19 - [TEST_STEP][PASSED] - setText: Text '10006802' is set on object 'Object Repository/Finance/BaseTestCases_OpenEntries_Service/OpenEntries_DocumentNo'

2017-11-26 00:06:19 - [MESSAGE][PASSED] - Text '10006802' is set on object 'Object Repository/Finance/BaseTestCases_OpenEntries_Service/OpenEntries_DocumentNo'

2017-11-26 00:06:19 - [TEST_STEP][NOT_RUN] - delay: NOT_RUN: delay

2017-11-26 00:06:19 - [MESSAGE][NOT_RUN] - NOT_RUN: delay

2017-11-26 00:06:19 - [TEST_STEP][NOT_RUN] - sendKeys: NOT_RUN: sendKeys

2017-11-26 00:06:19 - [MESSAGE][NOT_RUN] - NOT_RUN: sendKeys

2017-11-26 00:06:19 - [TEST_STEP][PASSED] - click: Object: 'Object Repository/Finance/BaseTestCases_OpenEntries_Service/OpenEntries_Action' is clicked on

2017-11-26 00:06:20 - [MESSAGE][PASSED] - Object: 'Object Repository/Finance/BaseTestCases_OpenEntries_Service/OpenEntries_Action' is clicked on

2017-11-26 00:06:20 - [TEST_STEP][PASSED] - click: Object: 'Object Repository/Finance/BaseTestCases_OpenEntries_Service/OpenEntries.FullyPaid' is clicked on

2017-11-26 00:06:20 - [MESSAGE][PASSED] - Object: 'Object Repository/Finance/BaseTestCases_OpenEntries_Service/OpenEntries.FullyPaid' is clicked on

2017-11-26 00:06:20 - [TEST_STEP][PASSED] - delay: Delayed 2 second(s)

2017-11-26 00:06:22 - [MESSAGE][PASSED] - Delayed 2 second(s)

2017-11-26 00:06:22 - [TEST_STEP][PASSED] - scrollToElement: Scroll to object 'Object Repository/Finance/BaseTestCases_OpenEntries_Service/OpenEntries.BalanceAmt' successfully

2017-11-26 00:06:22 - [MESSAGE][PASSED] - Scroll to object 'Object Repository/Finance/BaseTestCases_OpenEntries_Service/OpenEntries.BalanceAmt' successfully

2017-11-26 00:06:22 - [TEST_STEP][PASSED] - delay: Delayed 3 second(s)

2017-11-26 00:06:25 - [MESSAGE][PASSED] - Delayed 3 second(s)

2017-11-26 00:06:25 - [TEST_STEP][PASSED] - Statement - BalanceAmount = com.kms.katalon.core.webui.keyword.WebUiBuiltInKeywords.getText(com.kms.katalon.core.testobject.ObjectRepository.findTestObject(Finance/BaseTestCases_OpenEntries_Service/OpenEntries.BalanceAmt)): Text of object 'Object Repository/Finance/BaseTestCases_OpenEntries_Service/OpenEntries.BalanceAmt' is: '12.00'

2017-11-26 00:06:25 - [MESSAGE][PASSED] - Text of object 'Object Repository/Finance/BaseTestCases_OpenEntries_Service/OpenEntries.BalanceAmt' is: '12.00'

2017-11-26 00:06:25 - [TEST_STEP][PASSED] - verifyEqual: Actual object '12.00' and expected object '12.00' are equal

2017-11-26 00:06:25 - [MESSAGE][PASSED] - Actual object '12.00' and expected object '12.00' are equal

2017-11-26 00:06:25 - [TEST_STEP][PASSED] - click: Object: 'Object Repository/Finance/BaseTestCases_OpenEntries_Service/OpenEntries.Reference' is clicked on

2017-11-26 00:06:26 - [MESSAGE][PASSED] - Object: 'Object Repository/Finance/BaseTestCases_OpenEntries_Service/OpenEntries.Reference' is clicked on

2017-11-26 00:06:26 - [TEST_STEP][PASSED] - setText: Text '' is set on object 'Object Repository/Finance/BaseTestCases_OpenEntries_Service/OpenEntries_DocumentType'

2017-11-26 00:06:26 - [MESSAGE][PASSED] - Text '' is set on object 'Object Repository/Finance/BaseTestCases_OpenEntries_Service/OpenEntries_DocumentType'

2017-11-26 00:06:26 - [TEST_STEP][PASSED] - setText: Text '' is set on object 'Object Repository/Finance/BaseTestCases_OpenEntries_Service/OpenEntries_DocumentNo'

2017-11-26 00:06:26 - [MESSAGE][PASSED] - Text '' is set on object 'Object Repository/Finance/BaseTestCases_OpenEntries_Service/OpenEntries_DocumentNo'

2017-11-26 00:06:26 - [TEST_STEP][PASSED] - sendKeys: Keys 'TAB + ' sent to object: 'Object Repository/Finance/BaseTestCases_OpenEntries_Service/OpenEntries_DocumentType'

2017-11-26 00:06:27 - [MESSAGE][PASSED] - Keys 'TAB + ' sent to object: 'Object Repository/Finance/BaseTestCases_OpenEntries_Service/OpenEntries_DocumentType'

2017-11-26 00:06:27 - [TEST_STEP][PASSED] - sendKeys: Keys 'TAB + ' sent to object: 'Object Repository/Finance/BaseTestCases_OpenEntries_Service/OpenEntries_DocumentNo'

2017-11-26 00:06:27 - [MESSAGE][PASSED] - Keys 'TAB + ' sent to object: 'Object Repository/Finance/BaseTestCases_OpenEntries_Service/OpenEntries_DocumentNo'

2017-11-26 00:06:27 - [TEST_STEP][PASSED] - sendKeys: Keys 'M00000182 (SIS/10006802)' sent to object: 'Object Repository/Finance/BaseTestCases_OpenEntries_Service/OpenEntries.Reference'

2017-11-26 00:06:27 - [MESSAGE][PASSED] - Keys 'M00000182 (SIS/10006802)' sent to object: 'Object Repository/Finance/BaseTestCases_OpenEntries_Service/OpenEntries.Reference'

2017-11-26 00:06:27 - [TEST_STEP][PASSED] - click: Object: 'Object Repository/Finance/BaseTestCases_OpenEntries_Service/OpenEntries_DocumentNo' is clicked on

2017-11-26 00:06:27 - [MESSAGE][PASSED] - Object: 'Object Repository/Finance/BaseTestCases_OpenEntries_Service/OpenEntries_DocumentNo' is clicked on

2017-11-26 00:06:27 - [TEST_STEP][PASSED] - delay: Delayed 3 second(s)

2017-11-26 00:06:30 - [MESSAGE][PASSED] - Delayed 3 second(s)

2017-11-26 00:06:30 - [TEST_STEP][PASSED] - scrollToElement: Scroll to object 'Object Repository/Finance/BaseTestCases_OpenEntries_Service/OpenEntries.BalanceAmt' successfully

2017-11-26 00:06:31 - [MESSAGE][PASSED] - Scroll to object 'Object Repository/Finance/BaseTestCases_OpenEntries_Service/OpenEntries.BalanceAmt' successfully

2017-11-26 00:06:31 - [TEST_STEP][PASSED] - Statement - BalanceAmount = com.kms.katalon.core.webui.keyword.WebUiBuiltInKeywords.getText(com.kms.katalon.core.testobject.ObjectRepository.findTestObject(Finance/BaseTestCases_OpenEntries_Service/OpenEntries.BalanceAmt)): Text of object 'Object Repository/Finance/BaseTestCases_OpenEntries_Service/OpenEntries.BalanceAmt' is: '1.00'

2017-11-26 00:06:31 - [MESSAGE][PASSED] - Text of object 'Object Repository/Finance/BaseTestCases_OpenEntries_Service/OpenEntries.BalanceAmt' is: '1.00'

2017-11-26 00:06:31 - [TEST_STEP][PASSED] - verifyEqual: Actual object '1.00' and expected object '1.00' are equal

2017-11-26 00:06:31 - [MESSAGE][PASSED] - Actual object '1.00' and expected object '1.00' are equal

2017-11-26 00:06:31 - [TEST_STEP][PASSED] - Statement - BalanceAmount = com.kms.katalon.core.webui.keyword.WebUiBuiltInKeywords.getText(com.kms.katalon.core.testobject.ObjectRepository.findTestObject(Finance/BaseTestCases_OpenEntries_Service/OpenEntries_BalanceAmtLine2)): Text of object 'Object Repository/Finance/BaseTestCases_OpenEntries_Service/OpenEntries_BalanceAmtLine2' is: '1.00'

2017-11-26 00:06:31 - [MESSAGE][PASSED] - Text of object 'Object Repository/Finance/BaseTestCases_OpenEntries_Service/OpenEntries_BalanceAmtLine2' is: '1.00'

2017-11-26 00:06:31 - [TEST_STEP][PASSED] - verifyEqual: Actual object '1.00' and expected object '1.00' are equal

2017-11-26 00:06:31 - [MESSAGE][PASSED] - Actual object '1.00' and expected object '1.00' are equal

2017-11-26 00:06:31 - [TEST_STEP][PASSED] - delay: Delayed 3 second(s)

2017-11-26 00:06:34 - [MESSAGE][PASSED] - Delayed 3 second(s)

2017-11-26 00:06:34 - [TEST_STEP][PASSED] - closeBrowser: Browser is closed

2017-11-26 00:06:34 - [MESSAGE][PASSED] - Browser is closed

2017-11-26 00:06:34 - [MESSAGE][PASSED] - Call Test Case 'Test Cases/Finance/BaseTestCases/Base_Finance_CheckOpenEntriesForCCSplitPayments' successfully]]></system-out>
         <system-err><![CDATA[]]></system-err>
      </testcase>
      <testcase name="Test Cases/Service/CreditCardRegression/TC002_Service_CreditCardSplitTender - Iteration 2" classname="Test Cases/Service/CreditCardRegression/TC002_Service_CreditCardSplitTender" status="FAILED">
         <failure type="FAILED" message="Test Cases/Service/CreditCardRegression/TC002_Service_CreditCardSplitTender FAILED because (of) Unable to set text '09' of object 'Object Repository/Service/ServiceOrder/CreditCardSplitTender/SplitTender.ExpiryMonthLine2' (Root cause: org.openqa.selenium.InvalidElementStateException: Element must be user-editable in order to clear it.
Command duration or timeout: 32 milliseconds
Build info: version: '2.53.0', revision: '35ae25b', time: '2016-03-15 17:00:58'
System info: host: 'ANIL110', ip: '192.168.25.228', os.name: 'Windows 7', os.arch: 'amd64', os.version: '6.1', java.version: '1.8.0_102'
Driver info: com.kms.katalon.core.webui.driver.firefox.CFirefoxDriver47
Capabilities [{applicationCacheEnabled=true, rotatable=false, handlesAlerts=true, databaseEnabled=true, version=56.0, platform=WINDOWS, nativeEvents=false, acceptSslCerts=true, webStorageEnabled=true, locationContextEnabled=true, browserName=firefox, takesScreenshot=true, javascriptEnabled=true, cssSelectorsEnabled=true}]
Session ID: a4ad7bb9-79db-4f1c-b6dd-000af93c01af)"/>
         <system-out><![CDATA[2017-11-26 00:06:34 - [TEST_CASE][FAILED] - Test Cases/Service/CreditCardRegression/TC002_Service_CreditCardSplitTender - Iteration 2: Test Cases/Service/CreditCardRegression/TC002_Service_CreditCardSplitTender FAILED because (of) Unable to set text '09' of object 'Object Repository/Service/ServiceOrder/CreditCardSplitTender/SplitTender.ExpiryMonthLine2' (Root cause: org.openqa.selenium.InvalidElementStateException: Element must be user-editable in order to clear it.
Command duration or timeout: 32 milliseconds
Build info: version: '2.53.0', revision: '35ae25b', time: '2016-03-15 17:00:58'
System info: host: 'ANIL110', ip: '192.168.25.228', os.name: 'Windows 7', os.arch: 'amd64', os.version: '6.1', java.version: '1.8.0_102'
Driver info: com.kms.katalon.core.webui.driver.firefox.CFirefoxDriver47
Capabilities [{applicationCacheEnabled=true, rotatable=false, handlesAlerts=true, databaseEnabled=true, version=56.0, platform=WINDOWS, nativeEvents=false, acceptSslCerts=true, webStorageEnabled=true, locationContextEnabled=true, browserName=firefox, takesScreenshot=true, javascriptEnabled=true, cssSelectorsEnabled=true}]
Session ID: a4ad7bb9-79db-4f1c-b6dd-000af93c01af)

2017-11-26 00:06:34 - [TEST_STEP][PASSED] - callTestCase: Call Test Case 'Test Cases/Service/BaseTestCases/Base_Service_CreateHeader' successfully

2017-11-26 00:06:34 - [TEST_CASE][PASSED] - Test Cases/Service/BaseTestCases/Base_Service_CreateHeader: Test Cases/Service/BaseTestCases/Base_Service_CreateHeader

2017-11-26 00:06:34 - [TEST_STEP][PASSED] - callTestCase: Call Test Case 'Test Cases/Common/Base_Common_OpenSession' successfully

2017-11-26 00:06:34 - [TEST_CASE][PASSED] - Test Cases/Common/Base_Common_OpenSession: Test Cases/Common/Base_Common_OpenSession

2017-11-26 00:06:34 - [TEST_STEP][PASSED] - openBrowser: Browser is opened with url: 'https://rgajbhiye:Robin$123@proxima-ln4.e-emphasys.com:8441/webui/servlet/login'

2017-11-26 00:06:40 - [MESSAGE][PASSED] - Browser is opened with url: 'https://rgajbhiye:Robin$123@proxima-ln4.e-emphasys.com:8441/webui/servlet/login'

2017-11-26 00:06:40 - [TEST_STEP][PASSED] - waitForPageLoad: Wait for page load successfully

2017-11-26 00:06:40 - [MESSAGE][PASSED] - Wait for page load successfully

2017-11-26 00:06:40 - [TEST_STEP][PASSED] - maximizeWindow: Current window maximized

2017-11-26 00:06:40 - [MESSAGE][PASSED] - Current window maximized

2017-11-26 00:06:40 - [TEST_STEP][PASSED] - click: Object: 'Object Repository/Common/HomePage/HomePage_more' is clicked on

2017-11-26 00:06:44 - [MESSAGE][PASSED] - Object: 'Object Repository/Common/HomePage/HomePage_more' is clicked on

2017-11-26 00:06:44 - [TEST_STEP][PASSED] - click: Object: 'Object Repository/Common/HomePage/HomePage_Option' is clicked on

2017-11-26 00:06:44 - [MESSAGE][PASSED] - Object: 'Object Repository/Common/HomePage/HomePage_Option' is clicked on

2017-11-26 00:06:44 - [TEST_STEP][PASSED] - click: Object: 'Object Repository/Common/HomePage/HomePage_RunProgram_' is clicked on

2017-11-26 00:06:44 - [MESSAGE][PASSED] - Object: 'Object Repository/Common/HomePage/HomePage_RunProgram_' is clicked on

2017-11-26 00:06:44 - [TEST_STEP][PASSED] - sendKeys: Keys 'tssoc2100m001' sent to object: 'Object Repository/Common/HomePage/HomePage_Session_ID'

2017-11-26 00:06:44 - [MESSAGE][PASSED] - Keys 'tssoc2100m001' sent to object: 'Object Repository/Common/HomePage/HomePage_Session_ID'

2017-11-26 00:06:44 - [TEST_STEP][PASSED] - click: Object: 'Object Repository/Common/HomePage/HomePage_OkButton' is clicked on

2017-11-26 00:06:45 - [MESSAGE][PASSED] - Object: 'Object Repository/Common/HomePage/HomePage_OkButton' is clicked on

2017-11-26 00:06:45 - [MESSAGE][PASSED] - Call Test Case 'Test Cases/Common/Base_Common_OpenSession' successfully

2017-11-26 00:06:45 - [TEST_STEP][PASSED] - click: Object: 'Object Repository/Service/ServiceOrder/ServiceOrderHeader/ServiceOrderHeader.Newbutton' is clicked on

2017-11-26 00:06:47 - [MESSAGE][PASSED] - Object: 'Object Repository/Service/ServiceOrder/ServiceOrderHeader/ServiceOrderHeader.Newbutton' is clicked on

2017-11-26 00:06:47 - [TEST_STEP][PASSED] - delay: Delayed 3 second(s)

2017-11-26 00:06:50 - [MESSAGE][PASSED] - Delayed 3 second(s)

2017-11-26 00:06:50 - [TEST_STEP][PASSED] - setText: Text 'M00000182' is set on object 'Object Repository/Service/ServiceOrder/ServiceOrderHeader/ServiceOrderHeader.Customer'

2017-11-26 00:06:51 - [MESSAGE][PASSED] - Text 'M00000182' is set on object 'Object Repository/Service/ServiceOrder/ServiceOrderHeader/ServiceOrderHeader.Customer'

2017-11-26 00:06:51 - [TEST_STEP][PASSED] - sendKeys: Keys 'TAB + ' sent to object: 'Object Repository/Service/ServiceOrder/ServiceOrderHeader/ServiceOrderHeader.Customer'

2017-11-26 00:06:51 - [MESSAGE][PASSED] - Keys 'TAB + ' sent to object: 'Object Repository/Service/ServiceOrder/ServiceOrderHeader/ServiceOrderHeader.Customer'

2017-11-26 00:06:51 - [TEST_STEP][PASSED] - delay: Delayed 3 second(s)

2017-11-26 00:06:54 - [MESSAGE][PASSED] - Delayed 3 second(s)

2017-11-26 00:06:54 - [TEST_STEP][PASSED] - setText: Text 'MD0007993' is set on object 'Object Repository/Service/ServiceOrder/ServiceOrderHeader/ServiceOrderHeader.Unit'

2017-11-26 00:06:54 - [MESSAGE][PASSED] - Text 'MD0007993' is set on object 'Object Repository/Service/ServiceOrder/ServiceOrderHeader/ServiceOrderHeader.Unit'

2017-11-26 00:06:54 - [TEST_STEP][PASSED] - click: Object: 'Object Repository/Service/ServiceOrder/ServiceOrderHeader/ServiceOrderHeader.Save' is clicked on

2017-11-26 00:06:54 - [MESSAGE][PASSED] - Object: 'Object Repository/Service/ServiceOrder/ServiceOrderHeader/ServiceOrderHeader.Save' is clicked on

2017-11-26 00:06:54 - [TEST_STEP][PASSED] - click: Object: 'Object Repository/Service/ServiceOrder/ServiceOrderHeader/ServiceOrderHeader.Warning' is clicked on

2017-11-26 00:07:00 - [MESSAGE][PASSED] - Object: 'Object Repository/Service/ServiceOrder/ServiceOrderHeader/ServiceOrderHeader.Warning' is clicked on

2017-11-26 00:07:00 - [TEST_STEP][PASSED] - delay: Delayed 3 second(s)

2017-11-26 00:07:03 - [MESSAGE][PASSED] - Delayed 3 second(s)

2017-11-26 00:07:03 - [TEST_STEP][PASSED] - click: Object: 'Object Repository/Service/ServiceOrder/ServiceOrderHeader/ServiceOrderHeader.PaymentMode' is clicked on

2017-11-26 00:07:03 - [MESSAGE][PASSED] - Object: 'Object Repository/Service/ServiceOrder/ServiceOrderHeader/ServiceOrderHeader.PaymentMode' is clicked on

2017-11-26 00:07:04 - [TEST_STEP][PASSED] - click: Object: 'Object Repository/Service/ServiceOrder/ServiceOrderHeader/ServiceOrderHeader.CreditCardoption' is clicked on

2017-11-26 00:07:04 - [MESSAGE][PASSED] - Object: 'Object Repository/Service/ServiceOrder/ServiceOrderHeader/ServiceOrderHeader.CreditCardoption' is clicked on

2017-11-26 00:07:04 - [TEST_STEP][PASSED] - delay: Delayed 5 second(s)

2017-11-26 00:07:09 - [MESSAGE][PASSED] - Delayed 5 second(s)

2017-11-26 00:07:09 - [TEST_STEP][NOT_RUN] - setText: NOT_RUN: setText

2017-11-26 00:07:09 - [MESSAGE][NOT_RUN] - NOT_RUN: setText

2017-11-26 00:07:09 - [TEST_STEP][PASSED] - click: Object: 'Object Repository/Service/ServiceOrder/ServiceOrderHeader/ServiceOrderHeader.Save' is clicked on

2017-11-26 00:07:09 - [MESSAGE][PASSED] - Object: 'Object Repository/Service/ServiceOrder/ServiceOrderHeader/ServiceOrderHeader.Save' is clicked on

2017-11-26 00:07:09 - [TEST_STEP][PASSED] - delay: Delayed 5 second(s)

2017-11-26 00:07:14 - [MESSAGE][PASSED] - Delayed 5 second(s)

2017-11-26 00:07:14 - [TEST_STEP][PASSED] - Statement - SWOOrderNo = com.kms.katalon.core.webui.keyword.WebUiBuiltInKeywords.getAttribute(com.kms.katalon.core.testobject.ObjectRepository.findTestObject(Service/ServiceOrder/ServiceOrderHeader/ServiceOrderHeader.OrderNo), "value"): Attribute 'value' of object 'Object Repository/Service/ServiceOrder/ServiceOrderHeader/ServiceOrderHeader.OrderNo' is: 'SWO119876'

2017-11-26 00:07:14 - [MESSAGE][PASSED] - Attribute 'value' of object 'Object Repository/Service/ServiceOrder/ServiceOrderHeader/ServiceOrderHeader.OrderNo' is: 'SWO119876'

2017-11-26 00:07:14 - [TEST_STEP][PASSED] - verifyNotEqual: Actual object 'SWO119876' and expected object '' are not equal

2017-11-26 00:07:14 - [MESSAGE][PASSED] - Actual object 'SWO119876' and expected object '' are not equal

2017-11-26 00:07:14 - [TEST_STEP][PASSED] - delay: Delayed 5 second(s)

2017-11-26 00:07:19 - [MESSAGE][PASSED] - Delayed 5 second(s)

2017-11-26 00:07:19 - [TEST_STEP][PASSED] - click: Object: 'Object Repository/Service/ServiceOrder/ServiceOrderHeader/ServiceOrderHeader.Actions' is clicked on

2017-11-26 00:07:19 - [MESSAGE][PASSED] - Object: 'Object Repository/Service/ServiceOrder/ServiceOrderHeader/ServiceOrderHeader.Actions' is clicked on

2017-11-26 00:07:19 - [TEST_STEP][PASSED] - delay: Delayed 3 second(s)

2017-11-26 00:07:22 - [MESSAGE][PASSED] - Delayed 3 second(s)

2017-11-26 00:07:22 - [TEST_STEP][PASSED] - click: Object: 'Object Repository/Service/ServiceOrder/ServiceOrderHeader/ServiceOrderHeader.Segments' is clicked on

2017-11-26 00:07:22 - [MESSAGE][PASSED] - Object: 'Object Repository/Service/ServiceOrder/ServiceOrderHeader/ServiceOrderHeader.Segments' is clicked on

2017-11-26 00:07:22 - [TEST_STEP][PASSED] - delay: Delayed 3 second(s)

2017-11-26 00:07:25 - [MESSAGE][PASSED] - Delayed 3 second(s)

2017-11-26 00:07:25 - [MESSAGE][PASSED] - Call Test Case 'Test Cases/Service/BaseTestCases/Base_Service_CreateHeader' successfully

2017-11-26 00:07:25 - [TEST_STEP][PASSED] - callTestCase: Call Test Case 'Test Cases/Service/BaseTestCases/Base_Service_AddSegment' successfully

2017-11-26 00:07:25 - [TEST_CASE][PASSED] - Test Cases/Service/BaseTestCases/Base_Service_AddSegment: Test Cases/Service/BaseTestCases/Base_Service_AddSegment

2017-11-26 00:07:25 - [TEST_STEP][PASSED] - click: Object: 'Object Repository/Service/ServiceOrder/ServiceOrderSegment/ServiceOrderSegment.ServiceType' is clicked on

2017-11-26 00:07:26 - [MESSAGE][PASSED] - Object: 'Object Repository/Service/ServiceOrder/ServiceOrderSegment/ServiceOrderSegment.ServiceType' is clicked on

2017-11-26 00:07:26 - [TEST_STEP][PASSED] - setText: Text 'ABC' is set on object 'Object Repository/Service/ServiceOrder/ServiceOrderSegment/ServiceOrderSegment.ServiceType'

2017-11-26 00:07:26 - [MESSAGE][PASSED] - Text 'ABC' is set on object 'Object Repository/Service/ServiceOrder/ServiceOrderSegment/ServiceOrderSegment.ServiceType'

2017-11-26 00:07:26 - [TEST_STEP][NOT_RUN] - sendKeys: NOT_RUN: sendKeys

2017-11-26 00:07:26 - [MESSAGE][NOT_RUN] - NOT_RUN: sendKeys

2017-11-26 00:07:26 - [TEST_STEP][PASSED] - delay: Delayed 3 second(s)

2017-11-26 00:07:29 - [MESSAGE][PASSED] - Delayed 3 second(s)

2017-11-26 00:07:29 - [TEST_STEP][PASSED] - click: Object: 'Object Repository/Service/ServiceOrder/ServiceOrderSegment/ServiceOrderSegment.Save' is clicked on

2017-11-26 00:07:29 - [MESSAGE][PASSED] - Object: 'Object Repository/Service/ServiceOrder/ServiceOrderSegment/ServiceOrderSegment.Save' is clicked on

2017-11-26 00:07:29 - [TEST_STEP][PASSED] - delay: Delayed 10 second(s)

2017-11-26 00:07:39 - [MESSAGE][PASSED] - Delayed 10 second(s)

2017-11-26 00:07:39 - [TEST_STEP][PASSED] - click: Object: 'Object Repository/Service/ServiceOrder/ServiceOrderSegment/ServiceOrderSegment.Action' is clicked on

2017-11-26 00:07:39 - [MESSAGE][PASSED] - Object: 'Object Repository/Service/ServiceOrder/ServiceOrderSegment/ServiceOrderSegment.Action' is clicked on

2017-11-26 00:07:39 - [TEST_STEP][PASSED] - delay: Delayed 2 second(s)

2017-11-26 00:07:41 - [MESSAGE][PASSED] - Delayed 2 second(s)

2017-11-26 00:07:41 - [TEST_STEP][PASSED] - click: Object: 'Object Repository/Service/ServiceOrder/ServiceOrderSegment/ServiceOrderSegment.Release' is clicked on

2017-11-26 00:07:42 - [MESSAGE][PASSED] - Object: 'Object Repository/Service/ServiceOrder/ServiceOrderSegment/ServiceOrderSegment.Release' is clicked on

2017-11-26 00:07:42 - [TEST_STEP][PASSED] - delay: Delayed 5 second(s)

2017-11-26 00:07:47 - [MESSAGE][PASSED] - Delayed 5 second(s)

2017-11-26 00:07:47 - [TEST_STEP][NOT_RUN] - click: NOT_RUN: click

2017-11-26 00:07:47 - [MESSAGE][NOT_RUN] - NOT_RUN: click

2017-11-26 00:07:47 - [TEST_STEP][NOT_RUN] - click: NOT_RUN: click

2017-11-26 00:07:47 - [MESSAGE][NOT_RUN] - NOT_RUN: click

2017-11-26 00:07:47 - [TEST_STEP][NOT_RUN] - delay: NOT_RUN: delay

2017-11-26 00:07:47 - [MESSAGE][NOT_RUN] - NOT_RUN: delay

2017-11-26 00:07:47 - [TEST_STEP][NOT_RUN] - setText: NOT_RUN: setText

2017-11-26 00:07:47 - [MESSAGE][NOT_RUN] - NOT_RUN: setText

2017-11-26 00:07:47 - [TEST_STEP][NOT_RUN] - sendKeys: NOT_RUN: sendKeys

2017-11-26 00:07:47 - [MESSAGE][NOT_RUN] - NOT_RUN: sendKeys

2017-11-26 00:07:47 - [TEST_STEP][NOT_RUN] - delay: NOT_RUN: delay

2017-11-26 00:07:47 - [MESSAGE][NOT_RUN] - NOT_RUN: delay

2017-11-26 00:07:47 - [TEST_STEP][NOT_RUN] - click: NOT_RUN: click

2017-11-26 00:07:47 - [MESSAGE][NOT_RUN] - NOT_RUN: click

2017-11-26 00:07:47 - [TEST_STEP][NOT_RUN] - delay: NOT_RUN: delay

2017-11-26 00:07:47 - [MESSAGE][NOT_RUN] - NOT_RUN: delay

2017-11-26 00:07:47 - [TEST_STEP][PASSED] - click: Object: 'Object Repository/Service/ServiceOrder/ServiceOrderSegment/ServiceOrderSegment.Action' is clicked on

2017-11-26 00:07:47 - [MESSAGE][PASSED] - Object: 'Object Repository/Service/ServiceOrder/ServiceOrderSegment/ServiceOrderSegment.Action' is clicked on

2017-11-26 00:07:47 - [TEST_STEP][PASSED] - delay: Delayed 3 second(s)

2017-11-26 00:07:50 - [MESSAGE][PASSED] - Delayed 3 second(s)

2017-11-26 00:07:50 - [MESSAGE][PASSED] - Call Test Case 'Test Cases/Service/BaseTestCases/Base_Service_AddSegment' successfully

2017-11-26 00:07:50 - [TEST_STEP][PASSED] - callTestCase: Call Test Case 'Test Cases/Service/BaseTestCases/Base_Service_Add Others' successfully

2017-11-26 00:07:50 - [TEST_CASE][PASSED] - Test Cases/Service/BaseTestCases/Base_Service_Add Others: Test Cases/Service/BaseTestCases/Base_Service_Add Others

2017-11-26 00:07:50 - [TEST_STEP][PASSED] - click: Object: 'Object Repository/Service/ServiceOrder/ServiceOrderSegment/ServiceOrderSegment.Others' is clicked on

2017-11-26 00:07:50 - [MESSAGE][PASSED] - Object: 'Object Repository/Service/ServiceOrder/ServiceOrderSegment/ServiceOrderSegment.Others' is clicked on

2017-11-26 00:07:50 - [TEST_STEP][PASSED] - delay: Delayed 10 second(s)

2017-11-26 00:08:00 - [MESSAGE][PASSED] - Delayed 10 second(s)

2017-11-26 00:08:00 - [TEST_STEP][PASSED] - click: Object: 'Object Repository/Service/ServiceOrder/ServiceOrderSegment/ServiceOrderSegment.OthersNew' is clicked on

2017-11-26 00:08:00 - [MESSAGE][PASSED] - Object: 'Object Repository/Service/ServiceOrder/ServiceOrderSegment/ServiceOrderSegment.OthersNew' is clicked on

2017-11-26 00:08:00 - [TEST_STEP][PASSED] - delay: Delayed 5 second(s)

2017-11-26 00:08:05 - [MESSAGE][PASSED] - Delayed 5 second(s)

2017-11-26 00:08:05 - [TEST_STEP][PASSED] - click: Object: 'Object Repository/Service/ServiceOrder/ServiceOrderSegment/ServiceOrderSegment.OthersCostComp' is clicked on

2017-11-26 00:08:05 - [MESSAGE][PASSED] - Object: 'Object Repository/Service/ServiceOrder/ServiceOrderSegment/ServiceOrderSegment.OthersCostComp' is clicked on

2017-11-26 00:08:05 - [TEST_STEP][PASSED] - delay: Delayed 2 second(s)

2017-11-26 00:08:07 - [MESSAGE][PASSED] - Delayed 2 second(s)

2017-11-26 00:08:07 - [TEST_STEP][PASSED] - setText: Text 'APP' is set on object 'Object Repository/Service/ServiceOrder/ServiceOrderSegment/ServiceOrderSegment.OthersCostComp'

2017-11-26 00:08:08 - [MESSAGE][PASSED] - Text 'APP' is set on object 'Object Repository/Service/ServiceOrder/ServiceOrderSegment/ServiceOrderSegment.OthersCostComp'

2017-11-26 00:08:08 - [TEST_STEP][PASSED] - delay: Delayed 5 second(s)

2017-11-26 00:08:13 - [MESSAGE][PASSED] - Delayed 5 second(s)

2017-11-26 00:08:13 - [TEST_STEP][PASSED] - scrollToElement: Scroll to object 'Object Repository/Service/ServiceOrder/ServiceOrderSegment/ServiceOrderSegment.Actual Qty' successfully

2017-11-26 00:08:13 - [MESSAGE][PASSED] - Scroll to object 'Object Repository/Service/ServiceOrder/ServiceOrderSegment/ServiceOrderSegment.Actual Qty' successfully

2017-11-26 00:08:13 - [TEST_STEP][PASSED] - click: Object: 'Object Repository/Service/ServiceOrder/ServiceOrderSegment/ServiceOrderSegment.Actual Qty' is clicked on

2017-11-26 00:08:13 - [MESSAGE][PASSED] - Object: 'Object Repository/Service/ServiceOrder/ServiceOrderSegment/ServiceOrderSegment.Actual Qty' is clicked on

2017-11-26 00:08:13 - [TEST_STEP][PASSED] - delay: Delayed 2 second(s)

2017-11-26 00:08:15 - [MESSAGE][PASSED] - Delayed 2 second(s)

2017-11-26 00:08:15 - [TEST_STEP][PASSED] - sendKeys: Keys '2' sent to object: 'Object Repository/Service/ServiceOrder/ServiceOrderSegment/ServiceOrderSegment.Actual Qty'

2017-11-26 00:08:15 - [MESSAGE][PASSED] - Keys '2' sent to object: 'Object Repository/Service/ServiceOrder/ServiceOrderSegment/ServiceOrderSegment.Actual Qty'

2017-11-26 00:08:15 - [TEST_STEP][PASSED] - delay: Delayed 5 second(s)

2017-11-26 00:08:20 - [MESSAGE][PASSED] - Delayed 5 second(s)

2017-11-26 00:08:20 - [TEST_STEP][NOT_RUN] - click: NOT_RUN: click

2017-11-26 00:08:20 - [MESSAGE][NOT_RUN] - NOT_RUN: click

2017-11-26 00:08:20 - [TEST_STEP][PASSED] - click: Object: 'Object Repository/Service/ServiceOrder/ServiceOrderSegment/ServiceOrderSegmentOthers.SaveClose' is clicked on

2017-11-26 00:08:20 - [MESSAGE][PASSED] - Object: 'Object Repository/Service/ServiceOrder/ServiceOrderSegment/ServiceOrderSegmentOthers.SaveClose' is clicked on

2017-11-26 00:08:20 - [TEST_STEP][PASSED] - delay: Delayed 5 second(s)

2017-11-26 00:08:25 - [MESSAGE][PASSED] - Delayed 5 second(s)

2017-11-26 00:08:25 - [TEST_STEP][PASSED] - click: Object: 'Object Repository/Service/ServiceOrder/ServiceOrderSegment/ServiceOrderSegment.SaveClose' is clicked on

2017-11-26 00:08:25 - [MESSAGE][PASSED] - Object: 'Object Repository/Service/ServiceOrder/ServiceOrderSegment/ServiceOrderSegment.SaveClose' is clicked on

2017-11-26 00:08:25 - [MESSAGE][PASSED] - Call Test Case 'Test Cases/Service/BaseTestCases/Base_Service_Add Others' successfully

2017-11-26 00:08:25 - [TEST_STEP][FAILED] - callTestCase: Unable to call Test Case with id 'Test Cases/Service/BaseTestCases/Base_Service_HeaderInvoice_SplitTender' (Root cause: Call Test Case 'Test Cases/Service/BaseTestCases/Base_Service_HeaderInvoice_SplitTender' failed)

2017-11-26 00:08:25 - [TEST_CASE][FAILED] - Test Cases/Service/BaseTestCases/Base_Service_HeaderInvoice_SplitTender: Test Cases/Service/BaseTestCases/Base_Service_HeaderInvoice_SplitTender FAILED because (of) Unable to set text '09' of object 'Object Repository/Service/ServiceOrder/CreditCardSplitTender/SplitTender.ExpiryMonthLine2' (Root cause: org.openqa.selenium.InvalidElementStateException: Element must be user-editable in order to clear it.
Command duration or timeout: 32 milliseconds
Build info: version: '2.53.0', revision: '35ae25b', time: '2016-03-15 17:00:58'
System info: host: 'ANIL110', ip: '192.168.25.228', os.name: 'Windows 7', os.arch: 'amd64', os.version: '6.1', java.version: '1.8.0_102'
Driver info: com.kms.katalon.core.webui.driver.firefox.CFirefoxDriver47
Capabilities [{applicationCacheEnabled=true, rotatable=false, handlesAlerts=true, databaseEnabled=true, version=56.0, platform=WINDOWS, nativeEvents=false, acceptSslCerts=true, webStorageEnabled=true, locationContextEnabled=true, browserName=firefox, takesScreenshot=true, javascriptEnabled=true, cssSelectorsEnabled=true}]
Session ID: a4ad7bb9-79db-4f1c-b6dd-000af93c01af)

2017-11-26 00:08:25 - [TEST_STEP][PASSED] - delay: Delayed 5 second(s)

2017-11-26 00:08:30 - [MESSAGE][PASSED] - Delayed 5 second(s)

2017-11-26 00:08:30 - [TEST_STEP][PASSED] - click: Object: 'Object Repository/Service/ServiceOrder/ServiceOrderHeader/ServiceOrderHeader.Actions' is clicked on

2017-11-26 00:08:31 - [MESSAGE][PASSED] - Object: 'Object Repository/Service/ServiceOrder/ServiceOrderHeader/ServiceOrderHeader.Actions' is clicked on

2017-11-26 00:08:31 - [TEST_STEP][PASSED] - delay: Delayed 3 second(s)

2017-11-26 00:08:34 - [MESSAGE][PASSED] - Delayed 3 second(s)

2017-11-26 00:08:34 - [TEST_STEP][PASSED] - click: Object: 'Object Repository/Service/ServiceOrder/ServiceOrderHeader/ServiceOrderHeader.Costing' is clicked on

2017-11-26 00:08:34 - [MESSAGE][PASSED] - Object: 'Object Repository/Service/ServiceOrder/ServiceOrderHeader/ServiceOrderHeader.Costing' is clicked on

2017-11-26 00:08:34 - [TEST_STEP][PASSED] - delay: Delayed 5 second(s)

2017-11-26 00:08:39 - [MESSAGE][PASSED] - Delayed 5 second(s)

2017-11-26 00:08:39 - [TEST_STEP][PASSED] - click: Object: 'Object Repository/Service/ServiceOrder/ServiceOrderHeader/ServiceOrderHeader.RepriceWarning' is clicked on

2017-11-26 00:08:39 - [MESSAGE][PASSED] - Object: 'Object Repository/Service/ServiceOrder/ServiceOrderHeader/ServiceOrderHeader.RepriceWarning' is clicked on

2017-11-26 00:08:39 - [TEST_STEP][PASSED] - delay: Delayed 3 second(s)

2017-11-26 00:08:42 - [MESSAGE][PASSED] - Delayed 3 second(s)

2017-11-26 00:08:42 - [TEST_STEP][PASSED] - click: Object: 'Object Repository/Service/ServiceOrder/ServiceOrderHeader/ServiceOrderHeader.CostingProcessCont' is clicked on

2017-11-26 00:08:42 - [MESSAGE][PASSED] - Object: 'Object Repository/Service/ServiceOrder/ServiceOrderHeader/ServiceOrderHeader.CostingProcessCont' is clicked on

2017-11-26 00:08:42 - [TEST_STEP][PASSED] - delay: Delayed 3 second(s)

2017-11-26 00:08:45 - [MESSAGE][PASSED] - Delayed 3 second(s)

2017-11-26 00:08:45 - [TEST_STEP][PASSED] - click: Object: 'Object Repository/Service/ServiceOrder/ServiceOrderHeader/ServiceOrderHeader.InvoiceCont' is clicked on

2017-11-26 00:08:46 - [MESSAGE][PASSED] - Object: 'Object Repository/Service/ServiceOrder/ServiceOrderHeader/ServiceOrderHeader.InvoiceCont' is clicked on

2017-11-26 00:08:46 - [TEST_STEP][PASSED] - delay: Delayed 5 second(s)

2017-11-26 00:08:51 - [MESSAGE][PASSED] - Delayed 5 second(s)

2017-11-26 00:08:51 - [TEST_STEP][NOT_RUN] - waitForElementPresent: NOT_RUN: waitForElementPresent

2017-11-26 00:08:51 - [MESSAGE][NOT_RUN] - NOT_RUN: waitForElementPresent

2017-11-26 00:08:51 - [TEST_STEP][NOT_RUN] - doubleClick: NOT_RUN: doubleClick

2017-11-26 00:08:51 - [MESSAGE][NOT_RUN] - NOT_RUN: doubleClick

2017-11-26 00:08:51 - [TEST_STEP][NOT_RUN] - delay: NOT_RUN: delay

2017-11-26 00:08:51 - [MESSAGE][NOT_RUN] - NOT_RUN: delay

2017-11-26 00:08:51 - [TEST_STEP][NOT_RUN] - click: NOT_RUN: click

2017-11-26 00:08:51 - [MESSAGE][NOT_RUN] - NOT_RUN: click

2017-11-26 00:08:51 - [TEST_STEP][PASSED] - delay: Delayed 2 second(s)

2017-11-26 00:08:53 - [MESSAGE][PASSED] - Delayed 2 second(s)

2017-11-26 00:08:53 - [TEST_STEP][PASSED] - setText: Text 'GLOBAL' is set on object 'Object Repository/Service/ServiceOrder/ServiceCreditCard/ServiceCreditCard.PaymentGateway'

2017-11-26 00:08:53 - [MESSAGE][PASSED] - Text 'GLOBAL' is set on object 'Object Repository/Service/ServiceOrder/ServiceCreditCard/ServiceCreditCard.PaymentGateway'

2017-11-26 00:08:53 - [TEST_STEP][NOT_RUN] - sendKeys: NOT_RUN: sendKeys

2017-11-26 00:08:53 - [MESSAGE][NOT_RUN] - NOT_RUN: sendKeys

2017-11-26 00:08:53 - [TEST_STEP][PASSED] - doubleClick: Object: 'Object Repository/Service/ServiceOrder/ServiceCreditCard/ServiceCreditCard.CardType' is double clicked on

2017-11-26 00:08:53 - [MESSAGE][PASSED] - Object: 'Object Repository/Service/ServiceOrder/ServiceCreditCard/ServiceCreditCard.CardType' is double clicked on

2017-11-26 00:08:53 - [TEST_STEP][PASSED] - sendKeys: Keys 'DEBIT MASTERCARD' sent to object: 'Object Repository/Service/ServiceOrder/ServiceCreditCard/ServiceCreditCard.CardType'

2017-11-26 00:08:53 - [MESSAGE][PASSED] - Keys 'DEBIT MASTERCARD' sent to object: 'Object Repository/Service/ServiceOrder/ServiceCreditCard/ServiceCreditCard.CardType'

2017-11-26 00:08:53 - [TEST_STEP][PASSED] - delay: Delayed 2 second(s)

2017-11-26 00:08:55 - [MESSAGE][PASSED] - Delayed 2 second(s)

2017-11-26 00:08:55 - [TEST_STEP][PASSED] - doubleClick: Object: 'Object Repository/Service/ServiceOrder/ServiceCreditCard/ServiceCreditCard.Enter CC No' is double clicked on

2017-11-26 00:08:55 - [MESSAGE][PASSED] - Object: 'Object Repository/Service/ServiceOrder/ServiceCreditCard/ServiceCreditCard.Enter CC No' is double clicked on

2017-11-26 00:08:55 - [TEST_STEP][PASSED] - sendKeys: Keys '5100270000000007' sent to object: 'Object Repository/Service/ServiceOrder/ServiceCreditCard/ServiceCreditCard.Enter CC No'

2017-11-26 00:08:55 - [MESSAGE][PASSED] - Keys '5100270000000007' sent to object: 'Object Repository/Service/ServiceOrder/ServiceCreditCard/ServiceCreditCard.Enter CC No'

2017-11-26 00:08:55 - [TEST_STEP][PASSED] - delay: Delayed 2 second(s)

2017-11-26 00:08:57 - [MESSAGE][PASSED] - Delayed 2 second(s)

2017-11-26 00:08:57 - [TEST_STEP][PASSED] - click: Object: 'Object Repository/Service/ServiceOrder/ServiceCreditCard/ServiceCreditCard.CVV2' is clicked on

2017-11-26 00:08:58 - [MESSAGE][PASSED] - Object: 'Object Repository/Service/ServiceOrder/ServiceCreditCard/ServiceCreditCard.CVV2' is clicked on

2017-11-26 00:08:58 - [TEST_STEP][PASSED] - sendKeys: Keys '865' sent to object: 'Object Repository/Service/ServiceOrder/ServiceCreditCard/ServiceCreditCard.CVV2'

2017-11-26 00:08:58 - [MESSAGE][PASSED] - Keys '865' sent to object: 'Object Repository/Service/ServiceOrder/ServiceCreditCard/ServiceCreditCard.CVV2'

2017-11-26 00:08:58 - [TEST_STEP][NOT_RUN] - sendKeys: NOT_RUN: sendKeys

2017-11-26 00:08:58 - [MESSAGE][NOT_RUN] - NOT_RUN: sendKeys

2017-11-26 00:08:58 - [TEST_STEP][NOT_RUN] - delay: NOT_RUN: delay

2017-11-26 00:08:58 - [MESSAGE][NOT_RUN] - NOT_RUN: delay

2017-11-26 00:08:58 - [TEST_STEP][PASSED] - delay: Delayed 3 second(s)

2017-11-26 00:09:01 - [MESSAGE][PASSED] - Delayed 3 second(s)

2017-11-26 00:09:01 - [TEST_STEP][PASSED] - setText: Text '09' is set on object 'Object Repository/Service/ServiceOrder/ServiceCreditCard/ServiceCreditCard.ExpiryMonth'

2017-11-26 00:09:01 - [MESSAGE][PASSED] - Text '09' is set on object 'Object Repository/Service/ServiceOrder/ServiceCreditCard/ServiceCreditCard.ExpiryMonth'

2017-11-26 00:09:01 - [TEST_STEP][PASSED] - setText: Text '99' is set on object 'Object Repository/Service/ServiceOrder/ServiceCreditCard/ServiceCreditCard.ExpiryYear'

2017-11-26 00:09:01 - [MESSAGE][PASSED] - Text '99' is set on object 'Object Repository/Service/ServiceOrder/ServiceCreditCard/ServiceCreditCard.ExpiryYear'

2017-11-26 00:09:01 - [TEST_STEP][PASSED] - delay: Delayed 2 second(s)

2017-11-26 00:09:03 - [MESSAGE][PASSED] - Delayed 2 second(s)

2017-11-26 00:09:03 - [TEST_STEP][PASSED] - click: Object: 'Object Repository/Service/ServiceOrder/CreditCardSplitTender/SplitTenderDetails' is clicked on

2017-11-26 00:09:03 - [MESSAGE][PASSED] - Object: 'Object Repository/Service/ServiceOrder/CreditCardSplitTender/SplitTenderDetails' is clicked on

2017-11-26 00:09:03 - [TEST_STEP][PASSED] - click: Object: 'Object Repository/Service/ServiceOrder/CreditCardSplitTender/SplitTenderDetails.Yes' is clicked on

2017-11-26 00:09:03 - [MESSAGE][PASSED] - Object: 'Object Repository/Service/ServiceOrder/CreditCardSplitTender/SplitTenderDetails.Yes' is clicked on

2017-11-26 00:09:03 - [TEST_STEP][PASSED] - delay: Delayed 3 second(s)

2017-11-26 00:09:06 - [MESSAGE][PASSED] - Delayed 3 second(s)

2017-11-26 00:09:06 - [TEST_STEP][PASSED] - click: Object: 'Object Repository/Service/ServiceOrder/CreditCardSplitTender/SplitTender.LineSession' is clicked on

2017-11-26 00:09:07 - [MESSAGE][PASSED] - Object: 'Object Repository/Service/ServiceOrder/CreditCardSplitTender/SplitTender.LineSession' is clicked on

2017-11-26 00:09:07 - [TEST_STEP][PASSED] - delay: Delayed 2 second(s)

2017-11-26 00:09:09 - [MESSAGE][PASSED] - Delayed 2 second(s)

2017-11-26 00:09:09 - [TEST_STEP][PASSED] - Statement - G_OrderAmt = com.kms.katalon.core.webui.keyword.WebUiBuiltInKeywords.getText(com.kms.katalon.core.testobject.ObjectRepository.findTestObject(Service/ServiceOrder/CreditCardSplitTender/SplitTender.OrderAmtHeader)): Text of object 'Object Repository/Service/ServiceOrder/CreditCardSplitTender/SplitTender.OrderAmtHeader' is: '14.00'

2017-11-26 00:09:09 - [MESSAGE][PASSED] - Text of object 'Object Repository/Service/ServiceOrder/CreditCardSplitTender/SplitTender.OrderAmtHeader' is: '14.00'

2017-11-26 00:09:09 - [TEST_STEP][PASSED] - Statement - G_SplitOrderAmt2 = G_OrderAmt - 2: null

2017-11-26 00:09:09 - [TEST_STEP][PASSED] - comment: ***********************Line1 started***********************

2017-11-26 00:09:09 - [TEST_STEP][PASSED] - click: Object: 'Object Repository/Service/ServiceOrder/CreditCardSplitTender/SplitTender.NewButton' is clicked on

2017-11-26 00:09:09 - [MESSAGE][PASSED] - Object: 'Object Repository/Service/ServiceOrder/CreditCardSplitTender/SplitTender.NewButton' is clicked on

2017-11-26 00:09:09 - [TEST_STEP][PASSED] - delay: Delayed 2 second(s)

2017-11-26 00:09:11 - [MESSAGE][PASSED] - Delayed 2 second(s)

2017-11-26 00:09:11 - [TEST_STEP][PASSED] - doubleClick: Object: 'Object Repository/Service/ServiceOrder/CreditCardSplitTender/SplitTender.ModeofPayment' is double clicked on

2017-11-26 00:09:11 - [MESSAGE][PASSED] - Object: 'Object Repository/Service/ServiceOrder/CreditCardSplitTender/SplitTender.ModeofPayment' is double clicked on

2017-11-26 00:09:11 - [TEST_STEP][PASSED] - click: Object: 'Object Repository/Service/ServiceOrder/CreditCardSplitTender/SplitTender.ModeOfPaymentCreditCard1' is clicked on

2017-11-26 00:09:11 - [MESSAGE][PASSED] - Object: 'Object Repository/Service/ServiceOrder/CreditCardSplitTender/SplitTender.ModeOfPaymentCreditCard1' is clicked on

2017-11-26 00:09:11 - [TEST_STEP][PASSED] - click: Object: 'Object Repository/Service/ServiceOrder/CreditCardSplitTender/SplitTender.LineCCNo' is clicked on

2017-11-26 00:09:11 - [MESSAGE][PASSED] - Object: 'Object Repository/Service/ServiceOrder/CreditCardSplitTender/SplitTender.LineCCNo' is clicked on

2017-11-26 00:09:11 - [TEST_STEP][PASSED] - delay: Delayed 2 second(s)

2017-11-26 00:09:13 - [MESSAGE][PASSED] - Delayed 2 second(s)

2017-11-26 00:09:13 - [TEST_STEP][PASSED] - setText: Text '4012000033330026' is set on object 'Object Repository/Service/ServiceOrder/CreditCardSplitTender/SplitTender.LineCCNo'

2017-11-26 00:09:14 - [MESSAGE][PASSED] - Text '4012000033330026' is set on object 'Object Repository/Service/ServiceOrder/CreditCardSplitTender/SplitTender.LineCCNo'

2017-11-26 00:09:14 - [TEST_STEP][PASSED] - delay: Delayed 5 second(s)

2017-11-26 00:09:19 - [MESSAGE][PASSED] - Delayed 5 second(s)

2017-11-26 00:09:19 - [TEST_STEP][NOT_RUN] - click: NOT_RUN: click

2017-11-26 00:09:19 - [MESSAGE][NOT_RUN] - NOT_RUN: click

2017-11-26 00:09:19 - [TEST_STEP][NOT_RUN] - setText: NOT_RUN: setText

2017-11-26 00:09:19 - [MESSAGE][NOT_RUN] - NOT_RUN: setText

2017-11-26 00:09:19 - [TEST_STEP][PASSED] - scrollToElement: Scroll to object 'Object Repository/Service/ServiceOrder/CreditCardSplitTender/SplitTender.LineOrderAmount1' successfully

2017-11-26 00:09:19 - [MESSAGE][PASSED] - Scroll to object 'Object Repository/Service/ServiceOrder/CreditCardSplitTender/SplitTender.LineOrderAmount1' successfully

2017-11-26 00:09:19 - [TEST_STEP][PASSED] - delay: Delayed 5 second(s)

2017-11-26 00:09:24 - [MESSAGE][PASSED] - Delayed 5 second(s)

2017-11-26 00:09:24 - [TEST_STEP][PASSED] - click: Object: 'Object Repository/Service/ServiceOrder/CreditCardSplitTender/SplitTender.LineOrderAmount1' is clicked on

2017-11-26 00:09:24 - [MESSAGE][PASSED] - Object: 'Object Repository/Service/ServiceOrder/CreditCardSplitTender/SplitTender.LineOrderAmount1' is clicked on

2017-11-26 00:09:24 - [TEST_STEP][PASSED] - delay: Delayed 3 second(s)

2017-11-26 00:09:27 - [MESSAGE][PASSED] - Delayed 3 second(s)

2017-11-26 00:09:27 - [TEST_STEP][PASSED] - setText: Text '1.00' is set on object 'Object Repository/Service/ServiceOrder/CreditCardSplitTender/SplitTender.LineOrderAmount1'

2017-11-26 00:09:27 - [MESSAGE][PASSED] - Text '1.00' is set on object 'Object Repository/Service/ServiceOrder/CreditCardSplitTender/SplitTender.LineOrderAmount1'

2017-11-26 00:09:27 - [TEST_STEP][PASSED] - delay: Delayed 2 second(s)

2017-11-26 00:09:29 - [MESSAGE][PASSED] - Delayed 2 second(s)

2017-11-26 00:09:29 - [TEST_STEP][PASSED] - comment: ***********************Line2 started***********************

2017-11-26 00:09:29 - [TEST_STEP][PASSED] - click: Object: 'Object Repository/Service/ServiceOrder/CreditCardSplitTender/SplitTender.NewButton' is clicked on

2017-11-26 00:09:29 - [MESSAGE][PASSED] - Object: 'Object Repository/Service/ServiceOrder/CreditCardSplitTender/SplitTender.NewButton' is clicked on

2017-11-26 00:09:29 - [TEST_STEP][PASSED] - delay: Delayed 2 second(s)

2017-11-26 00:09:31 - [MESSAGE][PASSED] - Delayed 2 second(s)

2017-11-26 00:09:31 - [TEST_STEP][PASSED] - doubleClick: Object: 'Object Repository/Service/ServiceOrder/CreditCardSplitTender/SplitTender.ModeofPayment1' is double clicked on

2017-11-26 00:09:32 - [MESSAGE][PASSED] - Object: 'Object Repository/Service/ServiceOrder/CreditCardSplitTender/SplitTender.ModeofPayment1' is double clicked on

2017-11-26 00:09:32 - [TEST_STEP][PASSED] - click: Object: 'Object Repository/Service/ServiceOrder/CreditCardSplitTender/SplitTender.ModeOfPaymentCreditCard2' is clicked on

2017-11-26 00:09:32 - [MESSAGE][PASSED] - Object: 'Object Repository/Service/ServiceOrder/CreditCardSplitTender/SplitTender.ModeOfPaymentCreditCard2' is clicked on

2017-11-26 00:09:32 - [TEST_STEP][PASSED] - delay: Delayed 3 second(s)

2017-11-26 00:09:35 - [MESSAGE][PASSED] - Delayed 3 second(s)

2017-11-26 00:09:35 - [TEST_STEP][PASSED] - click: Object: 'Object Repository/Service/ServiceOrder/CreditCardSplitTender/SplitTender.Line2CCNo' is clicked on

2017-11-26 00:09:35 - [MESSAGE][PASSED] - Object: 'Object Repository/Service/ServiceOrder/CreditCardSplitTender/SplitTender.Line2CCNo' is clicked on

2017-11-26 00:09:35 - [TEST_STEP][PASSED] - delay: Delayed 2 second(s)

2017-11-26 00:09:37 - [MESSAGE][PASSED] - Delayed 2 second(s)

2017-11-26 00:09:37 - [TEST_STEP][PASSED] - setText: Text '4111123400062020' is set on object 'Object Repository/Service/ServiceOrder/CreditCardSplitTender/SplitTender.Line2CCNo'

2017-11-26 00:09:37 - [MESSAGE][PASSED] - Text '4111123400062020' is set on object 'Object Repository/Service/ServiceOrder/CreditCardSplitTender/SplitTender.Line2CCNo'

2017-11-26 00:09:37 - [TEST_STEP][PASSED] - delay: Delayed 2 second(s)

2017-11-26 00:09:39 - [MESSAGE][PASSED] - Delayed 2 second(s)

2017-11-26 00:09:39 - [TEST_STEP][PASSED] - click: Object: 'Object Repository/Service/ServiceOrder/CreditCardSplitTender/SplitTender.Line2CVV' is clicked on

2017-11-26 00:09:39 - [MESSAGE][PASSED] - Object: 'Object Repository/Service/ServiceOrder/CreditCardSplitTender/SplitTender.Line2CVV' is clicked on

2017-11-26 00:09:39 - [TEST_STEP][PASSED] - delay: Delayed 3 second(s)

2017-11-26 00:09:42 - [MESSAGE][PASSED] - Delayed 3 second(s)

2017-11-26 00:09:42 - [TEST_STEP][PASSED] - setText: Text '865' is set on object 'Object Repository/Service/ServiceOrder/CreditCardSplitTender/SplitTender.Line2CVV'

2017-11-26 00:09:43 - [MESSAGE][PASSED] - Text '865' is set on object 'Object Repository/Service/ServiceOrder/CreditCardSplitTender/SplitTender.Line2CVV'

2017-11-26 00:09:43 - [TEST_STEP][PASSED] - delay: Delayed 3 second(s)

2017-11-26 00:09:46 - [MESSAGE][PASSED] - Delayed 3 second(s)

2017-11-26 00:09:46 - [TEST_STEP][PASSED] - click: Object: 'Object Repository/Service/ServiceOrder/CreditCardSplitTender/SplitTender.CardTypeLine2' is clicked on

2017-11-26 00:09:46 - [MESSAGE][PASSED] - Object: 'Object Repository/Service/ServiceOrder/CreditCardSplitTender/SplitTender.CardTypeLine2' is clicked on

2017-11-26 00:09:46 - [TEST_STEP][PASSED] - delay: Delayed 5 second(s)

2017-11-26 00:09:51 - [MESSAGE][PASSED] - Delayed 5 second(s)

2017-11-26 00:09:51 - [TEST_STEP][PASSED] - sendKeys: Keys 'Visa Card' sent to object: 'Object Repository/Service/ServiceOrder/CreditCardSplitTender/SplitTender.CardTypeLine2'

2017-11-26 00:09:51 - [MESSAGE][PASSED] - Keys 'Visa Card' sent to object: 'Object Repository/Service/ServiceOrder/CreditCardSplitTender/SplitTender.CardTypeLine2'

2017-11-26 00:09:51 - [TEST_STEP][PASSED] - delay: Delayed 5 second(s)

2017-11-26 00:09:56 - [MESSAGE][PASSED] - Delayed 5 second(s)

2017-11-26 00:09:56 - [TEST_STEP][PASSED] - click: Object: 'Object Repository/Service/ServiceOrder/CreditCardSplitTender/SplitTender.ExpiryMonthLine2' is clicked on

2017-11-26 00:09:56 - [MESSAGE][PASSED] - Object: 'Object Repository/Service/ServiceOrder/CreditCardSplitTender/SplitTender.ExpiryMonthLine2' is clicked on

2017-11-26 00:09:56 - [TEST_STEP][PASSED] - delay: Delayed 3 second(s)

2017-11-26 00:09:59 - [MESSAGE][PASSED] - Delayed 3 second(s)

2017-11-26 00:09:59 - [TEST_STEP][FAILED] - setText: Unable to set text '09' of object 'Object Repository/Service/ServiceOrder/CreditCardSplitTender/SplitTender.ExpiryMonthLine2' (Root cause: org.openqa.selenium.InvalidElementStateException: Element must be user-editable in order to clear it.
Command duration or timeout: 32 milliseconds
Build info: version: '2.53.0', revision: '35ae25b', time: '2016-03-15 17:00:58'
System info: host: 'ANIL110', ip: '192.168.25.228', os.name: 'Windows 7', os.arch: 'amd64', os.version: '6.1', java.version: '1.8.0_102'
Driver info: com.kms.katalon.core.webui.driver.firefox.CFirefoxDriver47
Capabilities [{applicationCacheEnabled=true, rotatable=false, handlesAlerts=true, databaseEnabled=true, version=56.0, platform=WINDOWS, nativeEvents=false, acceptSslCerts=true, webStorageEnabled=true, locationContextEnabled=true, browserName=firefox, takesScreenshot=true, javascriptEnabled=true, cssSelectorsEnabled=true}]
Session ID: a4ad7bb9-79db-4f1c-b6dd-000af93c01af)

2017-11-26 00:10:00 - [MESSAGE][FAILED] - Unable to set text '09' of object 'Object Repository/Service/ServiceOrder/CreditCardSplitTender/SplitTender.ExpiryMonthLine2' (Root cause: org.openqa.selenium.InvalidElementStateException: Element must be user-editable in order to clear it.
Command duration or timeout: 32 milliseconds
Build info: version: '2.53.0', revision: '35ae25b', time: '2016-03-15 17:00:58'
System info: host: 'ANIL110', ip: '192.168.25.228', os.name: 'Windows 7', os.arch: 'amd64', os.version: '6.1', java.version: '1.8.0_102'
Driver info: com.kms.katalon.core.webui.driver.firefox.CFirefoxDriver47
Capabilities [{applicationCacheEnabled=true, rotatable=false, handlesAlerts=true, databaseEnabled=true, version=56.0, platform=WINDOWS, nativeEvents=false, acceptSslCerts=true, webStorageEnabled=true, locationContextEnabled=true, browserName=firefox, takesScreenshot=true, javascriptEnabled=true, cssSelectorsEnabled=true}]
Session ID: a4ad7bb9-79db-4f1c-b6dd-000af93c01af)
[[ATTACHMENT|C:\\Users\\agawhande\\git\\CreditCard\\Reports\\CC_ServiceSplitTendetTestSuite\\20171126_000019\\1511635199919.png]]

2017-11-26 00:10:00 - [TEST_STEP][PASSED] - delay: Delayed 2 second(s)

2017-11-26 00:10:02 - [MESSAGE][PASSED] - Delayed 2 second(s)

2017-11-26 00:10:02 - [TEST_STEP][FAILED] - click: Unable to click on object 'Object Repository/Service/ServiceOrder/CreditCardSplitTender/SplitTender.ExpiryYearLine2' (Root cause: org.openqa.selenium.WebDriverException: Element <label class="Label TextOutputField" id="xiext815m000-4-grid-1-xiext805.exyr.rq-20-1-widget">0</label> is not clickable at point (939.5, 426.5333251953125). Other element would receive the click: <div class="WindowManagerGlass" style="z-index: 1;"></div>
Command duration or timeout: 81 milliseconds
Build info: version: '2.53.0', revision: '35ae25b', time: '2016-03-15 17:00:58'
System info: host: 'ANIL110', ip: '192.168.25.228', os.name: 'Windows 7', os.arch: 'amd64', os.version: '6.1', java.version: '1.8.0_102'
Driver info: com.kms.katalon.core.webui.driver.firefox.CFirefoxDriver47
Capabilities [{applicationCacheEnabled=true, rotatable=false, handlesAlerts=true, databaseEnabled=true, version=56.0, platform=WINDOWS, nativeEvents=false, acceptSslCerts=true, webStorageEnabled=true, locationContextEnabled=true, browserName=firefox, takesScreenshot=true, javascriptEnabled=true, cssSelectorsEnabled=true}]
Session ID: a4ad7bb9-79db-4f1c-b6dd-000af93c01af)

2017-11-26 00:10:02 - [MESSAGE][FAILED] - Unable to click on object 'Object Repository/Service/ServiceOrder/CreditCardSplitTender/SplitTender.ExpiryYearLine2' (Root cause: org.openqa.selenium.WebDriverException: Element <label class="Label TextOutputField" id="xiext815m000-4-grid-1-xiext805.exyr.rq-20-1-widget">0</label> is not clickable at point (939.5, 426.5333251953125). Other element would receive the click: <div class="WindowManagerGlass" style="z-index: 1;"></div>
Command duration or timeout: 81 milliseconds
Build info: version: '2.53.0', revision: '35ae25b', time: '2016-03-15 17:00:58'
System info: host: 'ANIL110', ip: '192.168.25.228', os.name: 'Windows 7', os.arch: 'amd64', os.version: '6.1', java.version: '1.8.0_102'
Driver info: com.kms.katalon.core.webui.driver.firefox.CFirefoxDriver47
Capabilities [{applicationCacheEnabled=true, rotatable=false, handlesAlerts=true, databaseEnabled=true, version=56.0, platform=WINDOWS, nativeEvents=false, acceptSslCerts=true, webStorageEnabled=true, locationContextEnabled=true, browserName=firefox, takesScreenshot=true, javascriptEnabled=true, cssSelectorsEnabled=true}]
Session ID: a4ad7bb9-79db-4f1c-b6dd-000af93c01af)
[[ATTACHMENT|C:\\Users\\agawhande\\git\\CreditCard\\Reports\\CC_ServiceSplitTendetTestSuite\\20171126_000019\\1511635202225.png]]

2017-11-26 00:10:02 - [TEST_STEP][PASSED] - delay: Delayed 2 second(s)

2017-11-26 00:10:04 - [MESSAGE][PASSED] - Delayed 2 second(s)

2017-11-26 00:10:04 - [TEST_STEP][FAILED] - setText: Unable to set text '99' of object 'Object Repository/Service/ServiceOrder/CreditCardSplitTender/SplitTender.ExpiryYearLine2' (Root cause: org.openqa.selenium.InvalidElementStateException: Element must be user-editable in order to clear it.
Command duration or timeout: 40 milliseconds
Build info: version: '2.53.0', revision: '35ae25b', time: '2016-03-15 17:00:58'
System info: host: 'ANIL110', ip: '192.168.25.228', os.name: 'Windows 7', os.arch: 'amd64', os.version: '6.1', java.version: '1.8.0_102'
Driver info: com.kms.katalon.core.webui.driver.firefox.CFirefoxDriver47
Capabilities [{applicationCacheEnabled=true, rotatable=false, handlesAlerts=true, databaseEnabled=true, version=56.0, platform=WINDOWS, nativeEvents=false, acceptSslCerts=true, webStorageEnabled=true, locationContextEnabled=true, browserName=firefox, takesScreenshot=true, javascriptEnabled=true, cssSelectorsEnabled=true}]
Session ID: a4ad7bb9-79db-4f1c-b6dd-000af93c01af)

2017-11-26 00:10:04 - [MESSAGE][FAILED] - Unable to set text '99' of object 'Object Repository/Service/ServiceOrder/CreditCardSplitTender/SplitTender.ExpiryYearLine2' (Root cause: org.openqa.selenium.InvalidElementStateException: Element must be user-editable in order to clear it.
Command duration or timeout: 40 milliseconds
Build info: version: '2.53.0', revision: '35ae25b', time: '2016-03-15 17:00:58'
System info: host: 'ANIL110', ip: '192.168.25.228', os.name: 'Windows 7', os.arch: 'amd64', os.version: '6.1', java.version: '1.8.0_102'
Driver info: com.kms.katalon.core.webui.driver.firefox.CFirefoxDriver47
Capabilities [{applicationCacheEnabled=true, rotatable=false, handlesAlerts=true, databaseEnabled=true, version=56.0, platform=WINDOWS, nativeEvents=false, acceptSslCerts=true, webStorageEnabled=true, locationContextEnabled=true, browserName=firefox, takesScreenshot=true, javascriptEnabled=true, cssSelectorsEnabled=true}]
Session ID: a4ad7bb9-79db-4f1c-b6dd-000af93c01af)
[[ATTACHMENT|C:\\Users\\agawhande\\git\\CreditCard\\Reports\\CC_ServiceSplitTendetTestSuite\\20171126_000019\\1511635204449.png]]

2017-11-26 00:10:04 - [TEST_STEP][PASSED] - delay: Delayed 3 second(s)

2017-11-26 00:10:07 - [MESSAGE][PASSED] - Delayed 3 second(s)

2017-11-26 00:10:07 - [TEST_STEP][PASSED] - scrollToElement: Scroll to object 'Object Repository/Service/ServiceOrder/CreditCardSplitTender/SplitTender.LineOrderAmount2' successfully

2017-11-26 00:10:07 - [MESSAGE][PASSED] - Scroll to object 'Object Repository/Service/ServiceOrder/CreditCardSplitTender/SplitTender.LineOrderAmount2' successfully

2017-11-26 00:10:07 - [TEST_STEP][PASSED] - delay: Delayed 2 second(s)

2017-11-26 00:10:09 - [MESSAGE][PASSED] - Delayed 2 second(s)

2017-11-26 00:10:09 - [TEST_STEP][FAILED] - click: Unable to click on object 'Object Repository/Service/ServiceOrder/CreditCardSplitTender/SplitTender.LineOrderAmount2' (Root cause: org.openqa.selenium.WebDriverException: Element <label class="Label TextOutputField" id="xiext8105m000-4-grid-1-xiext805.oamt.rq-28-1-widget"></label> is not clickable at point (1281.5, 426.5333251953125). Other element would receive the click: <div class="WindowManagerGlass" style="z-index: 1;"></div>
Command duration or timeout: 88 milliseconds
Build info: version: '2.53.0', revision: '35ae25b', time: '2016-03-15 17:00:58'
System info: host: 'ANIL110', ip: '192.168.25.228', os.name: 'Windows 7', os.arch: 'amd64', os.version: '6.1', java.version: '1.8.0_102'
Driver info: com.kms.katalon.core.webui.driver.firefox.CFirefoxDriver47
Capabilities [{applicationCacheEnabled=true, rotatable=false, handlesAlerts=true, databaseEnabled=true, version=56.0, platform=WINDOWS, nativeEvents=false, acceptSslCerts=true, webStorageEnabled=true, locationContextEnabled=true, browserName=firefox, takesScreenshot=true, javascriptEnabled=true, cssSelectorsEnabled=true}]
Session ID: a4ad7bb9-79db-4f1c-b6dd-000af93c01af)

2017-11-26 00:10:09 - [MESSAGE][FAILED] - Unable to click on object 'Object Repository/Service/ServiceOrder/CreditCardSplitTender/SplitTender.LineOrderAmount2' (Root cause: org.openqa.selenium.WebDriverException: Element <label class="Label TextOutputField" id="xiext8105m000-4-grid-1-xiext805.oamt.rq-28-1-widget"></label> is not clickable at point (1281.5, 426.5333251953125). Other element would receive the click: <div class="WindowManagerGlass" style="z-index: 1;"></div>
Command duration or timeout: 88 milliseconds
Build info: version: '2.53.0', revision: '35ae25b', time: '2016-03-15 17:00:58'
System info: host: 'ANIL110', ip: '192.168.25.228', os.name: 'Windows 7', os.arch: 'amd64', os.version: '6.1', java.version: '1.8.0_102'
Driver info: com.kms.katalon.core.webui.driver.firefox.CFirefoxDriver47
Capabilities [{applicationCacheEnabled=true, rotatable=false, handlesAlerts=true, databaseEnabled=true, version=56.0, platform=WINDOWS, nativeEvents=false, acceptSslCerts=true, webStorageEnabled=true, locationContextEnabled=true, browserName=firefox, takesScreenshot=true, javascriptEnabled=true, cssSelectorsEnabled=true}]
Session ID: a4ad7bb9-79db-4f1c-b6dd-000af93c01af)
[[ATTACHMENT|C:\\Users\\agawhande\\git\\CreditCard\\Reports\\CC_ServiceSplitTendetTestSuite\\20171126_000019\\1511635209840.png]]

2017-11-26 00:10:09 - [TEST_STEP][PASSED] - delay: Delayed 2 second(s)

2017-11-26 00:10:11 - [MESSAGE][PASSED] - Delayed 2 second(s)

2017-11-26 00:10:11 - [TEST_STEP][FAILED] - setText: Unable to set text '1.00' of object 'Object Repository/Service/ServiceOrder/CreditCardSplitTender/SplitTender.LineOrderAmount2' (Root cause: org.openqa.selenium.InvalidElementStateException: Element must be user-editable in order to clear it.
Command duration or timeout: 28 milliseconds
Build info: version: '2.53.0', revision: '35ae25b', time: '2016-03-15 17:00:58'
System info: host: 'ANIL110', ip: '192.168.25.228', os.name: 'Windows 7', os.arch: 'amd64', os.version: '6.1', java.version: '1.8.0_102'
Driver info: com.kms.katalon.core.webui.driver.firefox.CFirefoxDriver47
Capabilities [{applicationCacheEnabled=true, rotatable=false, handlesAlerts=true, databaseEnabled=true, version=56.0, platform=WINDOWS, nativeEvents=false, acceptSslCerts=true, webStorageEnabled=true, locationContextEnabled=true, browserName=firefox, takesScreenshot=true, javascriptEnabled=true, cssSelectorsEnabled=true}]
Session ID: a4ad7bb9-79db-4f1c-b6dd-000af93c01af)

2017-11-26 00:10:12 - [MESSAGE][FAILED] - Unable to set text '1.00' of object 'Object Repository/Service/ServiceOrder/CreditCardSplitTender/SplitTender.LineOrderAmount2' (Root cause: org.openqa.selenium.InvalidElementStateException: Element must be user-editable in order to clear it.
Command duration or timeout: 28 milliseconds
Build info: version: '2.53.0', revision: '35ae25b', time: '2016-03-15 17:00:58'
System info: host: 'ANIL110', ip: '192.168.25.228', os.name: 'Windows 7', os.arch: 'amd64', os.version: '6.1', java.version: '1.8.0_102'
Driver info: com.kms.katalon.core.webui.driver.firefox.CFirefoxDriver47
Capabilities [{applicationCacheEnabled=true, rotatable=false, handlesAlerts=true, databaseEnabled=true, version=56.0, platform=WINDOWS, nativeEvents=false, acceptSslCerts=true, webStorageEnabled=true, locationContextEnabled=true, browserName=firefox, takesScreenshot=true, javascriptEnabled=true, cssSelectorsEnabled=true}]
Session ID: a4ad7bb9-79db-4f1c-b6dd-000af93c01af)
[[ATTACHMENT|C:\\Users\\agawhande\\git\\CreditCard\\Reports\\CC_ServiceSplitTendetTestSuite\\20171126_000019\\1511635212042.png]]

2017-11-26 00:10:12 - [TEST_STEP][PASSED] - delay: Delayed 2 second(s)

2017-11-26 00:10:14 - [MESSAGE][PASSED] - Delayed 2 second(s)

2017-11-26 00:10:14 - [TEST_STEP][PASSED] - comment: ***********************Line3 started***********************

2017-11-26 00:10:14 - [TEST_STEP][FAILED] - click: Unable to click on object 'Object Repository/Service/ServiceOrder/CreditCardSplitTender/SplitTender.NewButton' (Root cause: org.openqa.selenium.WebDriverException: Element <div tabindex="0" class="Button" id="xiext8105m000-4-button-std-file.new" draggable="true"></div> is not clickable at point (158.5, 128). Other element would receive the click: <div class="WindowManagerGlass" style="z-index: 1;"></div>
Command duration or timeout: 72 milliseconds
Build info: version: '2.53.0', revision: '35ae25b', time: '2016-03-15 17:00:58'
System info: host: 'ANIL110', ip: '192.168.25.228', os.name: 'Windows 7', os.arch: 'amd64', os.version: '6.1', java.version: '1.8.0_102'
Driver info: com.kms.katalon.core.webui.driver.firefox.CFirefoxDriver47
Capabilities [{applicationCacheEnabled=true, rotatable=false, handlesAlerts=true, databaseEnabled=true, version=56.0, platform=WINDOWS, nativeEvents=false, acceptSslCerts=true, webStorageEnabled=true, locationContextEnabled=true, browserName=firefox, takesScreenshot=true, javascriptEnabled=true, cssSelectorsEnabled=true}]
Session ID: a4ad7bb9-79db-4f1c-b6dd-000af93c01af)

2017-11-26 00:10:14 - [MESSAGE][FAILED] - Unable to click on object 'Object Repository/Service/ServiceOrder/CreditCardSplitTender/SplitTender.NewButton' (Root cause: org.openqa.selenium.WebDriverException: Element <div tabindex="0" class="Button" id="xiext8105m000-4-button-std-file.new" draggable="true"></div> is not clickable at point (158.5, 128). Other element would receive the click: <div class="WindowManagerGlass" style="z-index: 1;"></div>
Command duration or timeout: 72 milliseconds
Build info: version: '2.53.0', revision: '35ae25b', time: '2016-03-15 17:00:58'
System info: host: 'ANIL110', ip: '192.168.25.228', os.name: 'Windows 7', os.arch: 'amd64', os.version: '6.1', java.version: '1.8.0_102'
Driver info: com.kms.katalon.core.webui.driver.firefox.CFirefoxDriver47
Capabilities [{applicationCacheEnabled=true, rotatable=false, handlesAlerts=true, databaseEnabled=true, version=56.0, platform=WINDOWS, nativeEvents=false, acceptSslCerts=true, webStorageEnabled=true, locationContextEnabled=true, browserName=firefox, takesScreenshot=true, javascriptEnabled=true, cssSelectorsEnabled=true}]
Session ID: a4ad7bb9-79db-4f1c-b6dd-000af93c01af)
[[ATTACHMENT|C:\\Users\\agawhande\\git\\CreditCard\\Reports\\CC_ServiceSplitTendetTestSuite\\20171126_000019\\1511635214280.png]]

2017-11-26 00:10:14 - [TEST_STEP][PASSED] - delay: Delayed 3 second(s)

2017-11-26 00:10:17 - [MESSAGE][PASSED] - Delayed 3 second(s)

2017-11-26 00:10:17 - [TEST_STEP][FAILED] - doubleClick: Unable to double click on object 'Object Repository/Service/ServiceOrder/CreditCardSplitTender/SplitTender.ModeofPayment2' (Root cause: com.kms.katalon.core.webui.exception.WebElementNotFoundException: Web element with id: 'Object Repository/Service/ServiceOrder/CreditCardSplitTender/SplitTender.ModeofPayment2' located by 'By.xpath: //*[@id = 'xiext8105m000-4-grid-1-xiext805.modp.rq-13-2-widget']' not found)

2017-11-26 00:10:49 - [MESSAGE][FAILED] - Unable to double click on object 'Object Repository/Service/ServiceOrder/CreditCardSplitTender/SplitTender.ModeofPayment2' (Root cause: com.kms.katalon.core.webui.exception.WebElementNotFoundException: Web element with id: 'Object Repository/Service/ServiceOrder/CreditCardSplitTender/SplitTender.ModeofPayment2' located by 'By.xpath: //*[@id = 'xiext8105m000-4-grid-1-xiext805.modp.rq-13-2-widget']' not found)
[[ATTACHMENT|C:\\Users\\agawhande\\git\\CreditCard\\Reports\\CC_ServiceSplitTendetTestSuite\\20171126_000019\\1511635249443.png]]

2017-11-26 00:10:49 - [TEST_STEP][PASSED] - delay: Delayed 2 second(s)

2017-11-26 00:10:51 - [MESSAGE][PASSED] - Delayed 2 second(s)

2017-11-26 00:10:51 - [TEST_STEP][FAILED] - click: Unable to click on object 'Object Repository/Service/ServiceOrder/CreditCardSplitTender/SplitTender.ModeOfPaymentCash' (Root cause: com.kms.katalon.core.webui.exception.WebElementNotFoundException: Web element with id: 'Object Repository/Service/ServiceOrder/CreditCardSplitTender/SplitTender.ModeOfPaymentCash' located by 'By.xpath: //*[@id = 'item_1-label']' not found)

2017-11-26 00:11:23 - [MESSAGE][FAILED] - Unable to click on object 'Object Repository/Service/ServiceOrder/CreditCardSplitTender/SplitTender.ModeOfPaymentCash' (Root cause: com.kms.katalon.core.webui.exception.WebElementNotFoundException: Web element with id: 'Object Repository/Service/ServiceOrder/CreditCardSplitTender/SplitTender.ModeOfPaymentCash' located by 'By.xpath: //*[@id = 'item_1-label']' not found)
[[ATTACHMENT|C:\\Users\\agawhande\\git\\CreditCard\\Reports\\CC_ServiceSplitTendetTestSuite\\20171126_000019\\1511635283629.png]]

2017-11-26 00:11:23 - [TEST_STEP][PASSED] - delay: Delayed 10 second(s)

2017-11-26 00:11:33 - [MESSAGE][PASSED] - Delayed 10 second(s)

2017-11-26 00:11:33 - [TEST_STEP][NOT_RUN] - scrollToElement: NOT_RUN: scrollToElement

2017-11-26 00:11:33 - [MESSAGE][NOT_RUN] - NOT_RUN: scrollToElement

2017-11-26 00:11:33 - [TEST_STEP][FAILED] - click: Unable to click on object 'Object Repository/Service/ServiceOrder/CreditCardSplitTender/SplitTender.LineOrderAmount3' (Root cause: com.kms.katalon.core.webui.exception.WebElementNotFoundException: Web element with id: 'Object Repository/Service/ServiceOrder/CreditCardSplitTender/SplitTender.LineOrderAmount3' located by 'By.xpath: //*[@id = 'xiext8105m000-4-grid-1-xiext805.oamt.rq-28-2-widget']' not found)

2017-11-26 00:12:05 - [MESSAGE][FAILED] - Unable to click on object 'Object Repository/Service/ServiceOrder/CreditCardSplitTender/SplitTender.LineOrderAmount3' (Root cause: com.kms.katalon.core.webui.exception.WebElementNotFoundException: Web element with id: 'Object Repository/Service/ServiceOrder/CreditCardSplitTender/SplitTender.LineOrderAmount3' located by 'By.xpath: //*[@id = 'xiext8105m000-4-grid-1-xiext805.oamt.rq-28-2-widget']' not found)
[[ATTACHMENT|C:\\Users\\agawhande\\git\\CreditCard\\Reports\\CC_ServiceSplitTendetTestSuite\\20171126_000019\\1511635325782.png]]

2017-11-26 00:12:05 - [TEST_STEP][PASSED] - delay: Delayed 2 second(s)

2017-11-26 00:12:07 - [MESSAGE][PASSED] - Delayed 2 second(s)

2017-11-26 00:12:07 - [TEST_STEP][FAILED] - setText: Unable to set text '12.0' of object 'Object Repository/Service/ServiceOrder/CreditCardSplitTender/SplitTender.LineOrderAmount3' (Root cause: com.kms.katalon.core.webui.exception.WebElementNotFoundException: Web element with id: 'Object Repository/Service/ServiceOrder/CreditCardSplitTender/SplitTender.LineOrderAmount3' located by 'By.xpath: //*[@id = 'xiext8105m000-4-grid-1-xiext805.oamt.rq-28-2-widget']' not found)

2017-11-26 00:12:40 - [MESSAGE][FAILED] - Unable to set text '12.0' of object 'Object Repository/Service/ServiceOrder/CreditCardSplitTender/SplitTender.LineOrderAmount3' (Root cause: com.kms.katalon.core.webui.exception.WebElementNotFoundException: Web element with id: 'Object Repository/Service/ServiceOrder/CreditCardSplitTender/SplitTender.LineOrderAmount3' located by 'By.xpath: //*[@id = 'xiext8105m000-4-grid-1-xiext805.oamt.rq-28-2-widget']' not found)
[[ATTACHMENT|C:\\Users\\agawhande\\git\\CreditCard\\Reports\\CC_ServiceSplitTendetTestSuite\\20171126_000019\\1511635360036.png]]

2017-11-26 00:12:40 - [TEST_STEP][PASSED] - delay: Delayed 2 second(s)

2017-11-26 00:12:42 - [MESSAGE][PASSED] - Delayed 2 second(s)

2017-11-26 00:12:42 - [TEST_STEP][FAILED] - click: Unable to click on object 'Object Repository/Service/ServiceOrder/CreditCardSplitTender/SplitTender.Save' (Root cause: org.openqa.selenium.WebDriverException: Element <div tabindex="0" class="Button" id="xiext8105m000-4-button-std-file.save" draggable="true"></div> is not clickable at point (100.5, 128). Other element would receive the click: <div class="WindowManagerGlass" style="z-index: 1;"></div>
Command duration or timeout: 86 milliseconds
Build info: version: '2.53.0', revision: '35ae25b', time: '2016-03-15 17:00:58'
System info: host: 'ANIL110', ip: '192.168.25.228', os.name: 'Windows 7', os.arch: 'amd64', os.version: '6.1', java.version: '1.8.0_102'
Driver info: com.kms.katalon.core.webui.driver.firefox.CFirefoxDriver47
Capabilities [{applicationCacheEnabled=true, rotatable=false, handlesAlerts=true, databaseEnabled=true, version=56.0, platform=WINDOWS, nativeEvents=false, acceptSslCerts=true, webStorageEnabled=true, locationContextEnabled=true, browserName=firefox, takesScreenshot=true, javascriptEnabled=true, cssSelectorsEnabled=true}]
Session ID: a4ad7bb9-79db-4f1c-b6dd-000af93c01af)

2017-11-26 00:12:42 - [MESSAGE][FAILED] - Unable to click on object 'Object Repository/Service/ServiceOrder/CreditCardSplitTender/SplitTender.Save' (Root cause: org.openqa.selenium.WebDriverException: Element <div tabindex="0" class="Button" id="xiext8105m000-4-button-std-file.save" draggable="true"></div> is not clickable at point (100.5, 128). Other element would receive the click: <div class="WindowManagerGlass" style="z-index: 1;"></div>
Command duration or timeout: 86 milliseconds
Build info: version: '2.53.0', revision: '35ae25b', time: '2016-03-15 17:00:58'
System info: host: 'ANIL110', ip: '192.168.25.228', os.name: 'Windows 7', os.arch: 'amd64', os.version: '6.1', java.version: '1.8.0_102'
Driver info: com.kms.katalon.core.webui.driver.firefox.CFirefoxDriver47
Capabilities [{applicationCacheEnabled=true, rotatable=false, handlesAlerts=true, databaseEnabled=true, version=56.0, platform=WINDOWS, nativeEvents=false, acceptSslCerts=true, webStorageEnabled=true, locationContextEnabled=true, browserName=firefox, takesScreenshot=true, javascriptEnabled=true, cssSelectorsEnabled=true}]
Session ID: a4ad7bb9-79db-4f1c-b6dd-000af93c01af)
[[ATTACHMENT|C:\\Users\\agawhande\\git\\CreditCard\\Reports\\CC_ServiceSplitTendetTestSuite\\20171126_000019\\1511635362335.png]]

2017-11-26 00:12:42 - [TEST_STEP][PASSED] - delay: Delayed 3 second(s)

2017-11-26 00:12:45 - [MESSAGE][PASSED] - Delayed 3 second(s)

2017-11-26 00:12:45 - [TEST_STEP][FAILED] - click: Unable to click on object 'Object Repository/Service/ServiceOrder/CreditCardSplitTender/SplitTender.Action' (Root cause: org.openqa.selenium.WebDriverException: Element <div tabindex="0" class="Button MenuButton TextButton" id="xiext8105m000-4-button-std:action" draggable="true"></div> is not clickable at point (793.5, 128.01666259765625). Other element would receive the click: <div class="WindowManagerGlass" style="z-index: 1;"></div>
Command duration or timeout: 73 milliseconds
Build info: version: '2.53.0', revision: '35ae25b', time: '2016-03-15 17:00:58'
System info: host: 'ANIL110', ip: '192.168.25.228', os.name: 'Windows 7', os.arch: 'amd64', os.version: '6.1', java.version: '1.8.0_102'
Driver info: com.kms.katalon.core.webui.driver.firefox.CFirefoxDriver47
Capabilities [{applicationCacheEnabled=true, rotatable=false, handlesAlerts=true, databaseEnabled=true, version=56.0, platform=WINDOWS, nativeEvents=false, acceptSslCerts=true, webStorageEnabled=true, locationContextEnabled=true, browserName=firefox, takesScreenshot=true, javascriptEnabled=true, cssSelectorsEnabled=true}]
Session ID: a4ad7bb9-79db-4f1c-b6dd-000af93c01af)

2017-11-26 00:12:45 - [MESSAGE][FAILED] - Unable to click on object 'Object Repository/Service/ServiceOrder/CreditCardSplitTender/SplitTender.Action' (Root cause: org.openqa.selenium.WebDriverException: Element <div tabindex="0" class="Button MenuButton TextButton" id="xiext8105m000-4-button-std:action" draggable="true"></div> is not clickable at point (793.5, 128.01666259765625). Other element would receive the click: <div class="WindowManagerGlass" style="z-index: 1;"></div>
Command duration or timeout: 73 milliseconds
Build info: version: '2.53.0', revision: '35ae25b', time: '2016-03-15 17:00:58'
System info: host: 'ANIL110', ip: '192.168.25.228', os.name: 'Windows 7', os.arch: 'amd64', os.version: '6.1', java.version: '1.8.0_102'
Driver info: com.kms.katalon.core.webui.driver.firefox.CFirefoxDriver47
Capabilities [{applicationCacheEnabled=true, rotatable=false, handlesAlerts=true, databaseEnabled=true, version=56.0, platform=WINDOWS, nativeEvents=false, acceptSslCerts=true, webStorageEnabled=true, locationContextEnabled=true, browserName=firefox, takesScreenshot=true, javascriptEnabled=true, cssSelectorsEnabled=true}]
Session ID: a4ad7bb9-79db-4f1c-b6dd-000af93c01af)
[[ATTACHMENT|C:\\Users\\agawhande\\git\\CreditCard\\Reports\\CC_ServiceSplitTendetTestSuite\\20171126_000019\\1511635365581.png]]

2017-11-26 00:12:45 - [TEST_STEP][PASSED] - delay: Delayed 2 second(s)

2017-11-26 00:12:47 - [MESSAGE][PASSED] - Delayed 2 second(s)

2017-11-26 00:12:47 - [TEST_STEP][FAILED] - click: Unable to click on object 'Object Repository/Service/ServiceOrder/CreditCardSplitTender/SplitTender.ApplyTax' (Root cause: com.kms.katalon.core.webui.exception.WebElementNotFoundException: Web element with id: 'Object Repository/Service/ServiceOrder/CreditCardSplitTender/SplitTender.ApplyTax' located by 'By.xpath: //*[@id = 'xiext8105m000-4-menu-std:action-form-apply.tax']' not found)

2017-11-26 00:13:19 - [MESSAGE][FAILED] - Unable to click on object 'Object Repository/Service/ServiceOrder/CreditCardSplitTender/SplitTender.ApplyTax' (Root cause: com.kms.katalon.core.webui.exception.WebElementNotFoundException: Web element with id: 'Object Repository/Service/ServiceOrder/CreditCardSplitTender/SplitTender.ApplyTax' located by 'By.xpath: //*[@id = 'xiext8105m000-4-menu-std:action-form-apply.tax']' not found)
[[ATTACHMENT|C:\\Users\\agawhande\\git\\CreditCard\\Reports\\CC_ServiceSplitTendetTestSuite\\20171126_000019\\1511635399639.png]]

2017-11-26 00:13:19 - [TEST_STEP][PASSED] - delay: Delayed 2 second(s)

2017-11-26 00:13:21 - [MESSAGE][PASSED] - Delayed 2 second(s)

2017-11-26 00:13:21 - [TEST_STEP][PASSED] - Statement - G_SplitInvoiceAmt1 = com.kms.katalon.core.webui.keyword.WebUiBuiltInKeywords.getText(com.kms.katalon.core.testobject.ObjectRepository.findTestObject(Service/ServiceOrder/CreditCardSplitTender/SplitTender.InvoiceAmt1)): Text of object 'Object Repository/Service/ServiceOrder/CreditCardSplitTender/SplitTender.InvoiceAmt1' is: '1.00'

2017-11-26 00:13:21 - [MESSAGE][PASSED] - Text of object 'Object Repository/Service/ServiceOrder/CreditCardSplitTender/SplitTender.InvoiceAmt1' is: '1.00'

2017-11-26 00:13:21 - [TEST_STEP][PASSED] - Statement - G_SplitInvoiceAmt2 = com.kms.katalon.core.webui.keyword.WebUiBuiltInKeywords.getText(com.kms.katalon.core.testobject.ObjectRepository.findTestObject(Service/ServiceOrder/CreditCardSplitTender/SplitTender.InvoiceAmt2)): Text of object 'Object Repository/Service/ServiceOrder/CreditCardSplitTender/SplitTender.InvoiceAmt2' is: '0.00'

2017-11-26 00:13:21 - [MESSAGE][PASSED] - Text of object 'Object Repository/Service/ServiceOrder/CreditCardSplitTender/SplitTender.InvoiceAmt2' is: '0.00'

2017-11-26 00:13:21 - [TEST_STEP][FAILED] - click: Unable to click on object 'Object Repository/Service/ServiceOrder/CreditCardSplitTender/SplitTender.SaveClose' (Root cause: org.openqa.selenium.WebDriverException: Element <div tabindex="0" class="Button" id="xiext8105m000-4-button-std-file.save_and_close" draggable="true"></div> is not clickable at point (71.5, 128). Other element would receive the click: <div class="WindowManagerGlass" style="z-index: 1;"></div>
Command duration or timeout: 71 milliseconds
Build info: version: '2.53.0', revision: '35ae25b', time: '2016-03-15 17:00:58'
System info: host: 'ANIL110', ip: '192.168.25.228', os.name: 'Windows 7', os.arch: 'amd64', os.version: '6.1', java.version: '1.8.0_102'
Driver info: com.kms.katalon.core.webui.driver.firefox.CFirefoxDriver47
Capabilities [{applicationCacheEnabled=true, rotatable=false, handlesAlerts=true, databaseEnabled=true, version=56.0, platform=WINDOWS, nativeEvents=false, acceptSslCerts=true, webStorageEnabled=true, locationContextEnabled=true, browserName=firefox, takesScreenshot=true, javascriptEnabled=true, cssSelectorsEnabled=true}]
Session ID: a4ad7bb9-79db-4f1c-b6dd-000af93c01af)

2017-11-26 00:13:22 - [MESSAGE][FAILED] - Unable to click on object 'Object Repository/Service/ServiceOrder/CreditCardSplitTender/SplitTender.SaveClose' (Root cause: org.openqa.selenium.WebDriverException: Element <div tabindex="0" class="Button" id="xiext8105m000-4-button-std-file.save_and_close" draggable="true"></div> is not clickable at point (71.5, 128). Other element would receive the click: <div class="WindowManagerGlass" style="z-index: 1;"></div>
Command duration or timeout: 71 milliseconds
Build info: version: '2.53.0', revision: '35ae25b', time: '2016-03-15 17:00:58'
System info: host: 'ANIL110', ip: '192.168.25.228', os.name: 'Windows 7', os.arch: 'amd64', os.version: '6.1', java.version: '1.8.0_102'
Driver info: com.kms.katalon.core.webui.driver.firefox.CFirefoxDriver47
Capabilities [{applicationCacheEnabled=true, rotatable=false, handlesAlerts=true, databaseEnabled=true, version=56.0, platform=WINDOWS, nativeEvents=false, acceptSslCerts=true, webStorageEnabled=true, locationContextEnabled=true, browserName=firefox, takesScreenshot=true, javascriptEnabled=true, cssSelectorsEnabled=true}]
Session ID: a4ad7bb9-79db-4f1c-b6dd-000af93c01af)
[[ATTACHMENT|C:\\Users\\agawhande\\git\\CreditCard\\Reports\\CC_ServiceSplitTendetTestSuite\\20171126_000019\\1511635401982.png]]

2017-11-26 00:13:22 - [TEST_STEP][PASSED] - delay: Delayed 2 second(s)

2017-11-26 00:13:24 - [MESSAGE][PASSED] - Delayed 2 second(s)

2017-11-26 00:13:24 - [TEST_STEP][FAILED] - click: Unable to click on object 'Object Repository/Service/ServiceOrder/ServiceCreditCard/ServiceCreditCard.Process' (Root cause: org.openqa.selenium.WebDriverException: Element <div tabindex="0" class="Button TextButton" id="xiext6102m000-3-button-form-process.cc.payment" draggable="true"></div> is not clickable at point (212, 123). Other element would receive the click: <div class="WindowManagerGlass" style="z-index: 1;"></div>
Command duration or timeout: 75 milliseconds
Build info: version: '2.53.0', revision: '35ae25b', time: '2016-03-15 17:00:58'
System info: host: 'ANIL110', ip: '192.168.25.228', os.name: 'Windows 7', os.arch: 'amd64', os.version: '6.1', java.version: '1.8.0_102'
Driver info: com.kms.katalon.core.webui.driver.firefox.CFirefoxDriver47
Capabilities [{applicationCacheEnabled=true, rotatable=false, handlesAlerts=true, databaseEnabled=true, version=56.0, platform=WINDOWS, nativeEvents=false, acceptSslCerts=true, webStorageEnabled=true, locationContextEnabled=true, browserName=firefox, takesScreenshot=true, javascriptEnabled=true, cssSelectorsEnabled=true}]
Session ID: a4ad7bb9-79db-4f1c-b6dd-000af93c01af)

2017-11-26 00:13:24 - [MESSAGE][FAILED] - Unable to click on object 'Object Repository/Service/ServiceOrder/ServiceCreditCard/ServiceCreditCard.Process' (Root cause: org.openqa.selenium.WebDriverException: Element <div tabindex="0" class="Button TextButton" id="xiext6102m000-3-button-form-process.cc.payment" draggable="true"></div> is not clickable at point (212, 123). Other element would receive the click: <div class="WindowManagerGlass" style="z-index: 1;"></div>
Command duration or timeout: 75 milliseconds
Build info: version: '2.53.0', revision: '35ae25b', time: '2016-03-15 17:00:58'
System info: host: 'ANIL110', ip: '192.168.25.228', os.name: 'Windows 7', os.arch: 'amd64', os.version: '6.1', java.version: '1.8.0_102'
Driver info: com.kms.katalon.core.webui.driver.firefox.CFirefoxDriver47
Capabilities [{applicationCacheEnabled=true, rotatable=false, handlesAlerts=true, databaseEnabled=true, version=56.0, platform=WINDOWS, nativeEvents=false, acceptSslCerts=true, webStorageEnabled=true, locationContextEnabled=true, browserName=firefox, takesScreenshot=true, javascriptEnabled=true, cssSelectorsEnabled=true}]
Session ID: a4ad7bb9-79db-4f1c-b6dd-000af93c01af)
[[ATTACHMENT|C:\\Users\\agawhande\\git\\CreditCard\\Reports\\CC_ServiceSplitTendetTestSuite\\20171126_000019\\1511635404211.png]]

2017-11-26 00:13:24 - [TEST_STEP][PASSED] - delay: Delayed 13 second(s)

2017-11-26 00:13:37 - [MESSAGE][PASSED] - Delayed 13 second(s)

2017-11-26 00:13:37 - [TEST_STEP][FAILED] - click: Unable to click on object 'Object Repository/Service/ServiceOrder/CreditCardSplitTender/SplitTender.PrintOK' (Root cause: com.kms.katalon.core.webui.exception.WebElementNotFoundException: Web element with id: 'Object Repository/Service/ServiceOrder/CreditCardSplitTender/SplitTender.PrintOK' located by 'By.xpath: //*[@id = 'tsext4100m300-5-button-std-file.save_and_close']' not found)

2017-11-26 00:14:09 - [MESSAGE][FAILED] - Unable to click on object 'Object Repository/Service/ServiceOrder/CreditCardSplitTender/SplitTender.PrintOK' (Root cause: com.kms.katalon.core.webui.exception.WebElementNotFoundException: Web element with id: 'Object Repository/Service/ServiceOrder/CreditCardSplitTender/SplitTender.PrintOK' located by 'By.xpath: //*[@id = 'tsext4100m300-5-button-std-file.save_and_close']' not found)
[[ATTACHMENT|C:\\Users\\agawhande\\git\\CreditCard\\Reports\\CC_ServiceSplitTendetTestSuite\\20171126_000019\\1511635449375.png]]

2017-11-26 00:14:09 - [TEST_STEP][PASSED] - delay: Delayed 10 second(s)

2017-11-26 00:14:19 - [MESSAGE][PASSED] - Delayed 10 second(s)

2017-11-26 00:14:19 - [TEST_STEP][FAILED] - click: Unable to click on object 'Object Repository/Service/ServiceOrder/CreditCardSplitTender/SplitTender.PrintDevice' (Root cause: com.kms.katalon.core.webui.exception.WebElementNotFoundException: Web element with id: 'Object Repository/Service/ServiceOrder/CreditCardSplitTender/SplitTender.PrintDevice' located by 'By.xpath: //*[@id = 'ttstpsplopen-6-button-form-exec.cont.process']' not found)

2017-11-26 00:14:51 - [MESSAGE][FAILED] - Unable to click on object 'Object Repository/Service/ServiceOrder/CreditCardSplitTender/SplitTender.PrintDevice' (Root cause: com.kms.katalon.core.webui.exception.WebElementNotFoundException: Web element with id: 'Object Repository/Service/ServiceOrder/CreditCardSplitTender/SplitTender.PrintDevice' located by 'By.xpath: //*[@id = 'ttstpsplopen-6-button-form-exec.cont.process']' not found)
[[ATTACHMENT|C:\\Users\\agawhande\\git\\CreditCard\\Reports\\CC_ServiceSplitTendetTestSuite\\20171126_000019\\1511635491642.png]]

2017-11-26 00:14:51 - [TEST_STEP][PASSED] - delay: Delayed 5 second(s)

2017-11-26 00:14:56 - [MESSAGE][PASSED] - Delayed 5 second(s)

2017-11-26 00:14:56 - [MESSAGE][FAILED] - Unable to call Test Case with id 'Test Cases/Service/BaseTestCases/Base_Service_HeaderInvoice_SplitTender' (Root cause: Call Test Case 'Test Cases/Service/BaseTestCases/Base_Service_HeaderInvoice_SplitTender' failed)

2017-11-26 00:14:56 - [TEST_STEP][FAILED] - callTestCase: Unable to call Test Case with id 'Test Cases/Service/BaseTestCases/Base_Service_GetInvoice_SplitTender' (Root cause: Call Test Case 'Test Cases/Service/BaseTestCases/Base_Service_GetInvoice_SplitTender' failed)

2017-11-26 00:14:56 - [TEST_CASE][FAILED] - Test Cases/Service/BaseTestCases/Base_Service_GetInvoice_SplitTender: Test Cases/Service/BaseTestCases/Base_Service_GetInvoice_SplitTender FAILED because (of) Unable to click on object 'Object Repository/Service/ServiceOrder/VerifyServiceOrderInvoice_SplitTender/ServiceOrderHeader.InvoiceButton' (Root cause: org.openqa.selenium.WebDriverException: Element <div tabindex="0" class="Button FormButton Transparent" id="tssoc2100m001-0-show.invoices" style="position: absolute; left: 1287px; top: 48px; overflow: hidden; width: 28px;"></div> is not clickable at point (1223, 191). Other element would receive the click: <div class="WindowManagerGlass" style="z-index: 1;"></div>
Command duration or timeout: 77 milliseconds
Build info: version: '2.53.0', revision: '35ae25b', time: '2016-03-15 17:00:58'
System info: host: 'ANIL110', ip: '192.168.25.228', os.name: 'Windows 7', os.arch: 'amd64', os.version: '6.1', java.version: '1.8.0_102'
Driver info: com.kms.katalon.core.webui.driver.firefox.CFirefoxDriver47
Capabilities [{applicationCacheEnabled=true, rotatable=false, handlesAlerts=true, databaseEnabled=true, version=56.0, platform=WINDOWS, nativeEvents=false, acceptSslCerts=true, webStorageEnabled=true, locationContextEnabled=true, browserName=firefox, takesScreenshot=true, javascriptEnabled=true, cssSelectorsEnabled=true}]
Session ID: a4ad7bb9-79db-4f1c-b6dd-000af93c01af)

2017-11-26 00:14:56 - [TEST_STEP][PASSED] - delay: Delayed 3 second(s)

2017-11-26 00:14:59 - [MESSAGE][PASSED] - Delayed 3 second(s)

2017-11-26 00:14:59 - [TEST_STEP][PASSED] - click: Object: 'Object Repository/Service/ServiceOrder/VerifyServiceOrderInvoice_SplitTender/ServiceorderHeader.HeaderSession' is clicked on

2017-11-26 00:15:00 - [MESSAGE][PASSED] - Object: 'Object Repository/Service/ServiceOrder/VerifyServiceOrderInvoice_SplitTender/ServiceorderHeader.HeaderSession' is clicked on

2017-11-26 00:15:00 - [TEST_STEP][FAILED] - click: Unable to click on object 'Object Repository/Service/ServiceOrder/VerifyServiceOrderInvoice_SplitTender/ServiceOrderHeader.InvoiceButton' (Root cause: org.openqa.selenium.WebDriverException: Element <div tabindex="0" class="Button FormButton Transparent" id="tssoc2100m001-0-show.invoices" style="position: absolute; left: 1287px; top: 48px; overflow: hidden; width: 28px;"></div> is not clickable at point (1223, 191). Other element would receive the click: <div class="WindowManagerGlass" style="z-index: 1;"></div>
Command duration or timeout: 77 milliseconds
Build info: version: '2.53.0', revision: '35ae25b', time: '2016-03-15 17:00:58'
System info: host: 'ANIL110', ip: '192.168.25.228', os.name: 'Windows 7', os.arch: 'amd64', os.version: '6.1', java.version: '1.8.0_102'
Driver info: com.kms.katalon.core.webui.driver.firefox.CFirefoxDriver47
Capabilities [{applicationCacheEnabled=true, rotatable=false, handlesAlerts=true, databaseEnabled=true, version=56.0, platform=WINDOWS, nativeEvents=false, acceptSslCerts=true, webStorageEnabled=true, locationContextEnabled=true, browserName=firefox, takesScreenshot=true, javascriptEnabled=true, cssSelectorsEnabled=true}]
Session ID: a4ad7bb9-79db-4f1c-b6dd-000af93c01af)

2017-11-26 00:15:00 - [MESSAGE][FAILED] - Unable to click on object 'Object Repository/Service/ServiceOrder/VerifyServiceOrderInvoice_SplitTender/ServiceOrderHeader.InvoiceButton' (Root cause: org.openqa.selenium.WebDriverException: Element <div tabindex="0" class="Button FormButton Transparent" id="tssoc2100m001-0-show.invoices" style="position: absolute; left: 1287px; top: 48px; overflow: hidden; width: 28px;"></div> is not clickable at point (1223, 191). Other element would receive the click: <div class="WindowManagerGlass" style="z-index: 1;"></div>
Command duration or timeout: 77 milliseconds
Build info: version: '2.53.0', revision: '35ae25b', time: '2016-03-15 17:00:58'
System info: host: 'ANIL110', ip: '192.168.25.228', os.name: 'Windows 7', os.arch: 'amd64', os.version: '6.1', java.version: '1.8.0_102'
Driver info: com.kms.katalon.core.webui.driver.firefox.CFirefoxDriver47
Capabilities [{applicationCacheEnabled=true, rotatable=false, handlesAlerts=true, databaseEnabled=true, version=56.0, platform=WINDOWS, nativeEvents=false, acceptSslCerts=true, webStorageEnabled=true, locationContextEnabled=true, browserName=firefox, takesScreenshot=true, javascriptEnabled=true, cssSelectorsEnabled=true}]
Session ID: a4ad7bb9-79db-4f1c-b6dd-000af93c01af)
[[ATTACHMENT|C:\\Users\\agawhande\\git\\CreditCard\\Reports\\CC_ServiceSplitTendetTestSuite\\20171126_000019\\1511635500122.png]]

2017-11-26 00:15:00 - [TEST_STEP][PASSED] - delay: Delayed 3 second(s)

2017-11-26 00:15:03 - [MESSAGE][PASSED] - Delayed 3 second(s)

2017-11-26 00:15:03 - [TEST_STEP][FAILED] - Statement - G_InvoiceTnxType = com.kms.katalon.core.webui.keyword.WebUiBuiltInKeywords.getText(com.kms.katalon.core.testobject.ObjectRepository.findTestObject(Service/ServiceOrder/VerifyServiceOrderInvoice_SplitTender/ServiceOrderHeader.Invoice1)): Unable to get text of object 'Object Repository/Service/ServiceOrder/VerifyServiceOrderInvoice_SplitTender/ServiceOrderHeader.Invoice1' (Root cause: com.kms.katalon.core.webui.exception.WebElementNotFoundException: Web element with id: 'Object Repository/Service/ServiceOrder/VerifyServiceOrderInvoice_SplitTender/ServiceOrderHeader.Invoice1' located by 'By.xpath: //*[@id = 'cisli2555m001-8-grid-1-cisli255.ityp-2-0-widget']' not found)

2017-11-26 00:15:35 - [MESSAGE][FAILED] - Unable to get text of object 'Object Repository/Service/ServiceOrder/VerifyServiceOrderInvoice_SplitTender/ServiceOrderHeader.Invoice1' (Root cause: com.kms.katalon.core.webui.exception.WebElementNotFoundException: Web element with id: 'Object Repository/Service/ServiceOrder/VerifyServiceOrderInvoice_SplitTender/ServiceOrderHeader.Invoice1' located by 'By.xpath: //*[@id = 'cisli2555m001-8-grid-1-cisli255.ityp-2-0-widget']' not found)
[[ATTACHMENT|C:\\Users\\agawhande\\git\\CreditCard\\Reports\\CC_ServiceSplitTendetTestSuite\\20171126_000019\\1511635535216.png]]

2017-11-26 00:15:35 - [TEST_STEP][PASSED] - delay: Delayed 3 second(s)

2017-11-26 00:15:38 - [MESSAGE][PASSED] - Delayed 3 second(s)

2017-11-26 00:15:38 - [TEST_STEP][FAILED] - Statement - G_InvoiceTnxNo = com.kms.katalon.core.webui.keyword.WebUiBuiltInKeywords.getText(com.kms.katalon.core.testobject.ObjectRepository.findTestObject(Service/ServiceOrder/VerifyServiceOrderInvoice_SplitTender/ServiceOrderHeader.Invoice2)): Unable to get text of object 'Object Repository/Service/ServiceOrder/VerifyServiceOrderInvoice_SplitTender/ServiceOrderHeader.Invoice2' (Root cause: com.kms.katalon.core.webui.exception.WebElementNotFoundException: Web element with id: 'Object Repository/Service/ServiceOrder/VerifyServiceOrderInvoice_SplitTender/ServiceOrderHeader.Invoice2' located by 'By.xpath: //*[@id = 'cisli2555m001-8-grid-1-cisli255.idoc-3-0-widget']' not found)

2017-11-26 00:16:10 - [MESSAGE][FAILED] - Unable to get text of object 'Object Repository/Service/ServiceOrder/VerifyServiceOrderInvoice_SplitTender/ServiceOrderHeader.Invoice2' (Root cause: com.kms.katalon.core.webui.exception.WebElementNotFoundException: Web element with id: 'Object Repository/Service/ServiceOrder/VerifyServiceOrderInvoice_SplitTender/ServiceOrderHeader.Invoice2' located by 'By.xpath: //*[@id = 'cisli2555m001-8-grid-1-cisli255.idoc-3-0-widget']' not found)
[[ATTACHMENT|C:\\Users\\agawhande\\git\\CreditCard\\Reports\\CC_ServiceSplitTendetTestSuite\\20171126_000019\\1511635570441.png]]

2017-11-26 00:16:10 - [TEST_STEP][FAILED] - Statement - G_InvoiceAmt = com.kms.katalon.core.webui.keyword.WebUiBuiltInKeywords.getText(com.kms.katalon.core.testobject.ObjectRepository.findTestObject(Service/ServiceOrder/VerifyServiceOrderInvoice_SplitTender/ServiceOrderHeader.InvoiceAmountHD)): Unable to get text of object 'Object Repository/Service/ServiceOrder/VerifyServiceOrderInvoice_SplitTender/ServiceOrderHeader.InvoiceAmountHD' (Root cause: com.kms.katalon.core.webui.exception.WebElementNotFoundException: Web element with id: 'Object Repository/Service/ServiceOrder/VerifyServiceOrderInvoice_SplitTender/ServiceOrderHeader.InvoiceAmountHD' located by 'By.xpath: //*[@id = 'cisli2555m001-8-grid-1-form.amnt-10-0']' not found)

2017-11-26 00:16:42 - [MESSAGE][FAILED] - Unable to get text of object 'Object Repository/Service/ServiceOrder/VerifyServiceOrderInvoice_SplitTender/ServiceOrderHeader.InvoiceAmountHD' (Root cause: com.kms.katalon.core.webui.exception.WebElementNotFoundException: Web element with id: 'Object Repository/Service/ServiceOrder/VerifyServiceOrderInvoice_SplitTender/ServiceOrderHeader.InvoiceAmountHD' located by 'By.xpath: //*[@id = 'cisli2555m001-8-grid-1-form.amnt-10-0']' not found)
[[ATTACHMENT|C:\\Users\\agawhande\\git\\CreditCard\\Reports\\CC_ServiceSplitTendetTestSuite\\20171126_000019\\1511635602498.png]]

2017-11-26 00:16:42 - [MESSAGE][FAILED] - Unable to call Test Case with id 'Test Cases/Service/BaseTestCases/Base_Service_GetInvoice_SplitTender' (Root cause: Call Test Case 'Test Cases/Service/BaseTestCases/Base_Service_GetInvoice_SplitTender' failed)

2017-11-26 00:16:42 - [TEST_STEP][FAILED] - callTestCase: Unable to call Test Case with id 'Test Cases/Finance/BaseTestCases/Base_Finance_CheckOpenEntriesForCCSplitPayments' (Root cause: Call Test Case 'Test Cases/Finance/BaseTestCases/Base_Finance_CheckOpenEntriesForCCSplitPayments' failed)

2017-11-26 00:16:42 - [TEST_CASE][FAILED] - Test Cases/Finance/BaseTestCases/Base_Finance_CheckOpenEntriesForCCSplitPayments: Test Cases/Finance/BaseTestCases/Base_Finance_CheckOpenEntriesForCCSplitPayments FAILED because (of) Unable to set text 'null' of object 'Object Repository/Finance/BaseTestCases_OpenEntries_Service/OpenEntries_DocumentType' (Root cause: java.lang.IllegalArgumentException: Text is null)

2017-11-26 00:16:42 - [TEST_STEP][PASSED] - callTestCase: Call Test Case 'Test Cases/Common/Base_Common_OpenSession' successfully

2017-11-26 00:16:42 - [TEST_CASE][PASSED] - Test Cases/Common/Base_Common_OpenSession: Test Cases/Common/Base_Common_OpenSession

2017-11-26 00:16:42 - [TEST_STEP][PASSED] - openBrowser: Browser is opened with url: 'https://rgajbhiye:Robin$123@proxima-ln4.e-emphasys.com:8441/webui/servlet/login'

2017-11-26 00:16:42 - [MESSAGE][WARNING] - A browser is already opened. Closing browser and opening a new one

2017-11-26 00:16:50 - [MESSAGE][PASSED] - Browser is opened with url: 'https://rgajbhiye:Robin$123@proxima-ln4.e-emphasys.com:8441/webui/servlet/login'

2017-11-26 00:16:50 - [TEST_STEP][PASSED] - waitForPageLoad: Wait for page load successfully

2017-11-26 00:16:50 - [MESSAGE][PASSED] - Wait for page load successfully

2017-11-26 00:16:50 - [TEST_STEP][PASSED] - maximizeWindow: Current window maximized

2017-11-26 00:16:50 - [MESSAGE][PASSED] - Current window maximized

2017-11-26 00:16:50 - [TEST_STEP][PASSED] - click: Object: 'Object Repository/Common/HomePage/HomePage_more' is clicked on

2017-11-26 00:16:54 - [MESSAGE][PASSED] - Object: 'Object Repository/Common/HomePage/HomePage_more' is clicked on

2017-11-26 00:16:54 - [TEST_STEP][PASSED] - click: Object: 'Object Repository/Common/HomePage/HomePage_Option' is clicked on

2017-11-26 00:16:54 - [MESSAGE][PASSED] - Object: 'Object Repository/Common/HomePage/HomePage_Option' is clicked on

2017-11-26 00:16:54 - [TEST_STEP][PASSED] - click: Object: 'Object Repository/Common/HomePage/HomePage_RunProgram_' is clicked on

2017-11-26 00:16:54 - [MESSAGE][PASSED] - Object: 'Object Repository/Common/HomePage/HomePage_RunProgram_' is clicked on

2017-11-26 00:16:54 - [TEST_STEP][PASSED] - sendKeys: Keys 'tfacr2520m000' sent to object: 'Object Repository/Common/HomePage/HomePage_Session_ID'

2017-11-26 00:16:54 - [MESSAGE][PASSED] - Keys 'tfacr2520m000' sent to object: 'Object Repository/Common/HomePage/HomePage_Session_ID'

2017-11-26 00:16:54 - [TEST_STEP][PASSED] - click: Object: 'Object Repository/Common/HomePage/HomePage_OkButton' is clicked on

2017-11-26 00:16:55 - [MESSAGE][PASSED] - Object: 'Object Repository/Common/HomePage/HomePage_OkButton' is clicked on

2017-11-26 00:16:55 - [MESSAGE][PASSED] - Call Test Case 'Test Cases/Common/Base_Common_OpenSession' successfully

2017-11-26 00:16:55 - [TEST_STEP][PASSED] - click: Object: 'Object Repository/Finance/BaseTestCases_OpenEntries_Service/OpenEntries_DocumentType' is clicked on

2017-11-26 00:16:59 - [MESSAGE][PASSED] - Object: 'Object Repository/Finance/BaseTestCases_OpenEntries_Service/OpenEntries_DocumentType' is clicked on

2017-11-26 00:16:59 - [TEST_STEP][PASSED] - click: Object: 'Object Repository/Finance/BaseTestCases_OpenEntries_Service/OpenEntries_DocumentNo' is clicked on

2017-11-26 00:16:59 - [MESSAGE][PASSED] - Object: 'Object Repository/Finance/BaseTestCases_OpenEntries_Service/OpenEntries_DocumentNo' is clicked on

2017-11-26 00:16:59 - [TEST_STEP][FAILED] - setText: Unable to set text 'null' of object 'Object Repository/Finance/BaseTestCases_OpenEntries_Service/OpenEntries_DocumentType' (Root cause: java.lang.IllegalArgumentException: Text is null)

2017-11-26 00:16:59 - [MESSAGE][FAILED] - Unable to set text 'null' of object 'Object Repository/Finance/BaseTestCases_OpenEntries_Service/OpenEntries_DocumentType' (Root cause: java.lang.IllegalArgumentException: Text is null)
[[ATTACHMENT|C:\\Users\\agawhande\\git\\CreditCard\\Reports\\CC_ServiceSplitTendetTestSuite\\20171126_000019\\1511635619195.png]]

2017-11-26 00:16:59 - [TEST_STEP][NOT_RUN] - sendKeys: NOT_RUN: sendKeys

2017-11-26 00:16:59 - [MESSAGE][NOT_RUN] - NOT_RUN: sendKeys

2017-11-26 00:16:59 - [TEST_STEP][NOT_RUN] - delay: NOT_RUN: delay

2017-11-26 00:16:59 - [MESSAGE][NOT_RUN] - NOT_RUN: delay

2017-11-26 00:16:59 - [TEST_STEP][FAILED] - setText: Unable to set text 'null' of object 'Object Repository/Finance/BaseTestCases_OpenEntries_Service/OpenEntries_DocumentNo' (Root cause: java.lang.IllegalArgumentException: Text is null)

2017-11-26 00:16:59 - [MESSAGE][FAILED] - Unable to set text 'null' of object 'Object Repository/Finance/BaseTestCases_OpenEntries_Service/OpenEntries_DocumentNo' (Root cause: java.lang.IllegalArgumentException: Text is null)
[[ATTACHMENT|C:\\Users\\agawhande\\git\\CreditCard\\Reports\\CC_ServiceSplitTendetTestSuite\\20171126_000019\\1511635619400.png]]

2017-11-26 00:16:59 - [TEST_STEP][NOT_RUN] - delay: NOT_RUN: delay

2017-11-26 00:16:59 - [MESSAGE][NOT_RUN] - NOT_RUN: delay

2017-11-26 00:16:59 - [TEST_STEP][NOT_RUN] - sendKeys: NOT_RUN: sendKeys

2017-11-26 00:16:59 - [MESSAGE][NOT_RUN] - NOT_RUN: sendKeys

2017-11-26 00:16:59 - [TEST_STEP][PASSED] - click: Object: 'Object Repository/Finance/BaseTestCases_OpenEntries_Service/OpenEntries_Action' is clicked on

2017-11-26 00:16:59 - [MESSAGE][PASSED] - Object: 'Object Repository/Finance/BaseTestCases_OpenEntries_Service/OpenEntries_Action' is clicked on

2017-11-26 00:16:59 - [TEST_STEP][PASSED] - click: Object: 'Object Repository/Finance/BaseTestCases_OpenEntries_Service/OpenEntries.FullyPaid' is clicked on

2017-11-26 00:16:59 - [MESSAGE][PASSED] - Object: 'Object Repository/Finance/BaseTestCases_OpenEntries_Service/OpenEntries.FullyPaid' is clicked on

2017-11-26 00:16:59 - [TEST_STEP][PASSED] - delay: Delayed 2 second(s)

2017-11-26 00:17:01 - [MESSAGE][PASSED] - Delayed 2 second(s)

2017-11-26 00:17:01 - [TEST_STEP][PASSED] - scrollToElement: Scroll to object 'Object Repository/Finance/BaseTestCases_OpenEntries_Service/OpenEntries.BalanceAmt' successfully

2017-11-26 00:17:01 - [MESSAGE][PASSED] - Scroll to object 'Object Repository/Finance/BaseTestCases_OpenEntries_Service/OpenEntries.BalanceAmt' successfully

2017-11-26 00:17:01 - [TEST_STEP][PASSED] - delay: Delayed 3 second(s)

2017-11-26 00:17:04 - [MESSAGE][PASSED] - Delayed 3 second(s)

2017-11-26 00:17:04 - [TEST_STEP][PASSED] - Statement - BalanceAmount = com.kms.katalon.core.webui.keyword.WebUiBuiltInKeywords.getText(com.kms.katalon.core.testobject.ObjectRepository.findTestObject(Finance/BaseTestCases_OpenEntries_Service/OpenEntries.BalanceAmt)): Text of object 'Object Repository/Finance/BaseTestCases_OpenEntries_Service/OpenEntries.BalanceAmt' is: '7.35'

2017-11-26 00:17:05 - [MESSAGE][PASSED] - Text of object 'Object Repository/Finance/BaseTestCases_OpenEntries_Service/OpenEntries.BalanceAmt' is: '7.35'

2017-11-26 00:17:05 - [TEST_STEP][FAILED] - verifyEqual: Unable to verify equal between actual object '7.35' and expected object '0.00' (Root cause: Actual object '7.35' and expected object '0.00' are not equal)

2017-11-26 00:17:05 - [MESSAGE][FAILED] - Unable to verify equal between actual object '7.35' and expected object '0.00' (Root cause: Actual object '7.35' and expected object '0.00' are not equal)

2017-11-26 00:17:05 - [TEST_STEP][PASSED] - click: Object: 'Object Repository/Finance/BaseTestCases_OpenEntries_Service/OpenEntries.Reference' is clicked on

2017-11-26 00:17:05 - [MESSAGE][PASSED] - Object: 'Object Repository/Finance/BaseTestCases_OpenEntries_Service/OpenEntries.Reference' is clicked on

2017-11-26 00:17:05 - [TEST_STEP][PASSED] - setText: Text '' is set on object 'Object Repository/Finance/BaseTestCases_OpenEntries_Service/OpenEntries_DocumentType'

2017-11-26 00:17:05 - [MESSAGE][PASSED] - Text '' is set on object 'Object Repository/Finance/BaseTestCases_OpenEntries_Service/OpenEntries_DocumentType'

2017-11-26 00:17:05 - [TEST_STEP][PASSED] - setText: Text '' is set on object 'Object Repository/Finance/BaseTestCases_OpenEntries_Service/OpenEntries_DocumentNo'

2017-11-26 00:17:05 - [MESSAGE][PASSED] - Text '' is set on object 'Object Repository/Finance/BaseTestCases_OpenEntries_Service/OpenEntries_DocumentNo'

2017-11-26 00:17:05 - [TEST_STEP][PASSED] - sendKeys: Keys 'TAB + ' sent to object: 'Object Repository/Finance/BaseTestCases_OpenEntries_Service/OpenEntries_DocumentType'

2017-11-26 00:17:05 - [MESSAGE][PASSED] - Keys 'TAB + ' sent to object: 'Object Repository/Finance/BaseTestCases_OpenEntries_Service/OpenEntries_DocumentType'

2017-11-26 00:17:05 - [TEST_STEP][PASSED] - sendKeys: Keys 'TAB + ' sent to object: 'Object Repository/Finance/BaseTestCases_OpenEntries_Service/OpenEntries_DocumentNo'

2017-11-26 00:17:05 - [MESSAGE][PASSED] - Keys 'TAB + ' sent to object: 'Object Repository/Finance/BaseTestCases_OpenEntries_Service/OpenEntries_DocumentNo'

2017-11-26 00:17:05 - [TEST_STEP][PASSED] - sendKeys: Keys 'M00000182 (null/null)' sent to object: 'Object Repository/Finance/BaseTestCases_OpenEntries_Service/OpenEntries.Reference'

2017-11-26 00:17:05 - [MESSAGE][PASSED] - Keys 'M00000182 (null/null)' sent to object: 'Object Repository/Finance/BaseTestCases_OpenEntries_Service/OpenEntries.Reference'

2017-11-26 00:17:05 - [TEST_STEP][PASSED] - click: Object: 'Object Repository/Finance/BaseTestCases_OpenEntries_Service/OpenEntries_DocumentNo' is clicked on

2017-11-26 00:17:06 - [MESSAGE][PASSED] - Object: 'Object Repository/Finance/BaseTestCases_OpenEntries_Service/OpenEntries_DocumentNo' is clicked on

2017-11-26 00:17:06 - [TEST_STEP][PASSED] - delay: Delayed 3 second(s)

2017-11-26 00:17:09 - [MESSAGE][PASSED] - Delayed 3 second(s)

2017-11-26 00:17:09 - [TEST_STEP][FAILED] - scrollToElement: Unable to scroll to object 'Object Repository/Finance/BaseTestCases_OpenEntries_Service/OpenEntries.BalanceAmt' (Root cause: com.kms.katalon.core.webui.exception.WebElementNotFoundException: Web element with id: 'Object Repository/Finance/BaseTestCases_OpenEntries_Service/OpenEntries.BalanceAmt' located by 'By.xpath: //*[@id = 'tfacr2520m000-0-grid-1-balc.ninv-20-0']' not found)

2017-11-26 00:17:41 - [MESSAGE][FAILED] - Unable to scroll to object 'Object Repository/Finance/BaseTestCases_OpenEntries_Service/OpenEntries.BalanceAmt' (Root cause: com.kms.katalon.core.webui.exception.WebElementNotFoundException: Web element with id: 'Object Repository/Finance/BaseTestCases_OpenEntries_Service/OpenEntries.BalanceAmt' located by 'By.xpath: //*[@id = 'tfacr2520m000-0-grid-1-balc.ninv-20-0']' not found)
[[ATTACHMENT|C:\\Users\\agawhande\\git\\CreditCard\\Reports\\CC_ServiceSplitTendetTestSuite\\20171126_000019\\1511635661346.png]]

2017-11-26 00:17:41 - [TEST_STEP][FAILED] - Statement - BalanceAmount = com.kms.katalon.core.webui.keyword.WebUiBuiltInKeywords.getText(com.kms.katalon.core.testobject.ObjectRepository.findTestObject(Finance/BaseTestCases_OpenEntries_Service/OpenEntries.BalanceAmt)): Unable to get text of object 'Object Repository/Finance/BaseTestCases_OpenEntries_Service/OpenEntries.BalanceAmt' (Root cause: com.kms.katalon.core.webui.exception.WebElementNotFoundException: Web element with id: 'Object Repository/Finance/BaseTestCases_OpenEntries_Service/OpenEntries.BalanceAmt' located by 'By.xpath: //*[@id = 'tfacr2520m000-0-grid-1-balc.ninv-20-0']' not found)

2017-11-26 00:18:13 - [MESSAGE][FAILED] - Unable to get text of object 'Object Repository/Finance/BaseTestCases_OpenEntries_Service/OpenEntries.BalanceAmt' (Root cause: com.kms.katalon.core.webui.exception.WebElementNotFoundException: Web element with id: 'Object Repository/Finance/BaseTestCases_OpenEntries_Service/OpenEntries.BalanceAmt' located by 'By.xpath: //*[@id = 'tfacr2520m000-0-grid-1-balc.ninv-20-0']' not found)
[[ATTACHMENT|C:\\Users\\agawhande\\git\\CreditCard\\Reports\\CC_ServiceSplitTendetTestSuite\\20171126_000019\\1511635693275.png]]

2017-11-26 00:18:13 - [TEST_STEP][FAILED] - verifyEqual: Unable to verify equal between actual object 'null' and expected object '1.00' (Root cause: Actual object 'null' and expected object '1.00' are not equal)

2017-11-26 00:18:13 - [MESSAGE][FAILED] - Unable to verify equal between actual object 'null' and expected object '1.00' (Root cause: Actual object 'null' and expected object '1.00' are not equal)

2017-11-26 00:18:13 - [TEST_STEP][FAILED] - Statement - BalanceAmount = com.kms.katalon.core.webui.keyword.WebUiBuiltInKeywords.getText(com.kms.katalon.core.testobject.ObjectRepository.findTestObject(Finance/BaseTestCases_OpenEntries_Service/OpenEntries_BalanceAmtLine2)): Unable to get text of object 'Object Repository/Finance/BaseTestCases_OpenEntries_Service/OpenEntries_BalanceAmtLine2' (Root cause: com.kms.katalon.core.webui.exception.WebElementNotFoundException: Web element with id: 'Object Repository/Finance/BaseTestCases_OpenEntries_Service/OpenEntries_BalanceAmtLine2' located by 'By.xpath: //*[@id = 'tfacr2520m000-0-grid-1-balc.ninv-20-1']' not found)

2017-11-26 00:18:45 - [MESSAGE][FAILED] - Unable to get text of object 'Object Repository/Finance/BaseTestCases_OpenEntries_Service/OpenEntries_BalanceAmtLine2' (Root cause: com.kms.katalon.core.webui.exception.WebElementNotFoundException: Web element with id: 'Object Repository/Finance/BaseTestCases_OpenEntries_Service/OpenEntries_BalanceAmtLine2' located by 'By.xpath: //*[@id = 'tfacr2520m000-0-grid-1-balc.ninv-20-1']' not found)
[[ATTACHMENT|C:\\Users\\agawhande\\git\\CreditCard\\Reports\\CC_ServiceSplitTendetTestSuite\\20171126_000019\\1511635725066.png]]

2017-11-26 00:18:45 - [TEST_STEP][FAILED] - verifyEqual: Unable to verify equal between actual object 'null' and expected object '1.00' (Root cause: Actual object 'null' and expected object '1.00' are not equal)

2017-11-26 00:18:45 - [MESSAGE][FAILED] - Unable to verify equal between actual object 'null' and expected object '1.00' (Root cause: Actual object 'null' and expected object '1.00' are not equal)

2017-11-26 00:18:45 - [TEST_STEP][PASSED] - delay: Delayed 3 second(s)

2017-11-26 00:18:48 - [MESSAGE][PASSED] - Delayed 3 second(s)

2017-11-26 00:18:48 - [TEST_STEP][PASSED] - closeBrowser: Browser is closed

2017-11-26 00:18:48 - [MESSAGE][PASSED] - Browser is closed

2017-11-26 00:18:48 - [MESSAGE][FAILED] - Unable to call Test Case with id 'Test Cases/Finance/BaseTestCases/Base_Finance_CheckOpenEntriesForCCSplitPayments' (Root cause: Call Test Case 'Test Cases/Finance/BaseTestCases/Base_Finance_CheckOpenEntriesForCCSplitPayments' failed)]]></system-out>
         <system-err><![CDATA[2017-11-26 00:06:34 - [TEST_CASE][FAILED] - Test Cases/Service/CreditCardRegression/TC002_Service_CreditCardSplitTender - Iteration 2: Test Cases/Service/CreditCardRegression/TC002_Service_CreditCardSplitTender FAILED because (of) Unable to set text '09' of object 'Object Repository/Service/ServiceOrder/CreditCardSplitTender/SplitTender.ExpiryMonthLine2' (Root cause: org.openqa.selenium.InvalidElementStateException: Element must be user-editable in order to clear it.
Command duration or timeout: 32 milliseconds
Build info: version: '2.53.0', revision: '35ae25b', time: '2016-03-15 17:00:58'
System info: host: 'ANIL110', ip: '192.168.25.228', os.name: 'Windows 7', os.arch: 'amd64', os.version: '6.1', java.version: '1.8.0_102'
Driver info: com.kms.katalon.core.webui.driver.firefox.CFirefoxDriver47
Capabilities [{applicationCacheEnabled=true, rotatable=false, handlesAlerts=true, databaseEnabled=true, version=56.0, platform=WINDOWS, nativeEvents=false, acceptSslCerts=true, webStorageEnabled=true, locationContextEnabled=true, browserName=firefox, takesScreenshot=true, javascriptEnabled=true, cssSelectorsEnabled=true}]
Session ID: a4ad7bb9-79db-4f1c-b6dd-000af93c01af)]]></system-err>
      </testcase>
      <system-out><![CDATA[2017-11-26 00:00:27 - [TEST_SUITE][FAILED] - CC_ServiceSplitTendetTestSuite: Test Cases/Service/CreditCardRegression/TC002_Service_CreditCardSplitTender FAILED because (of) Unable to set text '09' of object 'Object Repository/Service/ServiceOrder/CreditCardSplitTender/SplitTender.ExpiryMonthLine2' (Root cause: org.openqa.selenium.InvalidElementStateException: Element must be user-editable in order to clear it.
Command duration or timeout: 32 milliseconds
Build info: version: '2.53.0', revision: '35ae25b', time: '2016-03-15 17:00:58'
System info: host: 'ANIL110', ip: '192.168.25.228', os.name: 'Windows 7', os.arch: 'amd64', os.version: '6.1', java.version: '1.8.0_102'
Driver info: com.kms.katalon.core.webui.driver.firefox.CFirefoxDriver47
Capabilities [{applicationCacheEnabled=true, rotatable=false, handlesAlerts=true, databaseEnabled=true, version=56.0, platform=WINDOWS, nativeEvents=false, acceptSslCerts=true, webStorageEnabled=true, locationContextEnabled=true, browserName=firefox, takesScreenshot=true, javascriptEnabled=true, cssSelectorsEnabled=true}]
Session ID: a4ad7bb9-79db-4f1c-b6dd-000af93c01af)]]></system-out>
      <system-err><![CDATA[2017-11-26 00:00:27 - [TEST_SUITE][FAILED] - CC_ServiceSplitTendetTestSuite: Test Cases/Service/CreditCardRegression/TC002_Service_CreditCardSplitTender FAILED because (of) Unable to set text '09' of object 'Object Repository/Service/ServiceOrder/CreditCardSplitTender/SplitTender.ExpiryMonthLine2' (Root cause: org.openqa.selenium.InvalidElementStateException: Element must be user-editable in order to clear it.
Command duration or timeout: 32 milliseconds
Build info: version: '2.53.0', revision: '35ae25b', time: '2016-03-15 17:00:58'
System info: host: 'ANIL110', ip: '192.168.25.228', os.name: 'Windows 7', os.arch: 'amd64', os.version: '6.1', java.version: '1.8.0_102'
Driver info: com.kms.katalon.core.webui.driver.firefox.CFirefoxDriver47
Capabilities [{applicationCacheEnabled=true, rotatable=false, handlesAlerts=true, databaseEnabled=true, version=56.0, platform=WINDOWS, nativeEvents=false, acceptSslCerts=true, webStorageEnabled=true, locationContextEnabled=true, browserName=firefox, takesScreenshot=true, javascriptEnabled=true, cssSelectorsEnabled=true}]
Session ID: a4ad7bb9-79db-4f1c-b6dd-000af93c01af)]]></system-err>
   </testsuite>
</testsuites>
