<?xml version="1.0" encoding="UTF-8"?>
<testsuites name="CC_RentalInvoicewithDiffGatewayTestSuite" time="3137" tests="0" failures="2" errors="0">
   <testsuite name="CC_RentalInvoicewithDiffGatewayTestSuite" tests="0" failures="2" errors="0" time="3137" timestamp="2017-11-26 00:27:03" hostname="agawhande - ANIL110.e-emphasys.com" id="Test Suites/CC_RentalInvoicewithDiffGatewayTestSuite">
      <properties>
         <property name="deviceName" value=""/>
         <property name="devicePlatform" value=""/>
         <property name="logFolder" value="C:\\Users\\agawhande\\git\\CreditCard\\Reports\\CC_RentalInvoicewithDiffGatewayTestSuite\\20171126_000020"/>
         <property name="logFiles" value="C:\\Users\\agawhande\\git\\CreditCard\\Reports\\CC_RentalInvoicewithDiffGatewayTestSuite\\20171126_000020\\execution0.log"/>
         <property name="attachments" value="C:\\Users\\agawhande\\git\\CreditCard\\Reports\\CC_RentalInvoicewithDiffGatewayTestSuite\\20171126_000020\\1511636245632.png, C:\\Users\\agawhande\\git\\CreditCard\\Reports\\CC_RentalInvoicewithDiffGatewayTestSuite\\20171126_000020\\1511636277169.png, C:\\Users\\agawhande\\git\\CreditCard\\Reports\\CC_RentalInvoicewithDiffGatewayTestSuite\\20171126_000020\\1511636329546.png, C:\\Users\\agawhande\\git\\CreditCard\\Reports\\CC_RentalInvoicewithDiffGatewayTestSuite\\20171126_000020\\1511636381715.png, C:\\Users\\agawhande\\git\\CreditCard\\Reports\\CC_RentalInvoicewithDiffGatewayTestSuite\\20171126_000020\\1511636415000.png, C:\\Users\\agawhande\\git\\CreditCard\\Reports\\CC_RentalInvoicewithDiffGatewayTestSuite\\20171126_000020\\1511636446386.png, C:\\Users\\agawhande\\git\\CreditCard\\Reports\\CC_RentalInvoicewithDiffGatewayTestSuite\\20171126_000020\\1511636477662.png, C:\\Users\\agawhande\\git\\CreditCard\\Reports\\CC_RentalInvoicewithDiffGatewayTestSuite\\20171126_000020\\1511636508966.png, C:\\Users\\agawhande\\git\\CreditCard\\Reports\\CC_RentalInvoicewithDiffGatewayTestSuite\\20171126_000020\\1511636542274.png, C:\\Users\\agawhande\\git\\CreditCard\\Reports\\CC_RentalInvoicewithDiffGatewayTestSuite\\20171126_000020\\1511636573711.png, C:\\Users\\agawhande\\git\\CreditCard\\Reports\\CC_RentalInvoicewithDiffGatewayTestSuite\\20171126_000020\\1511636607119.png, C:\\Users\\agawhande\\git\\CreditCard\\Reports\\CC_RentalInvoicewithDiffGatewayTestSuite\\20171126_000020\\1511636638414.png, C:\\Users\\agawhande\\git\\CreditCard\\Reports\\CC_RentalInvoicewithDiffGatewayTestSuite\\20171126_000020\\1511636669686.png, C:\\Users\\agawhande\\git\\CreditCard\\Reports\\CC_RentalInvoicewithDiffGatewayTestSuite\\20171126_000020\\1511636700892.png, C:\\Users\\agawhande\\git\\CreditCard\\Reports\\CC_RentalInvoicewithDiffGatewayTestSuite\\20171126_000020\\1511636734247.png, C:\\Users\\agawhande\\git\\CreditCard\\Reports\\CC_RentalInvoicewithDiffGatewayTestSuite\\20171126_000020\\1511636805736.png, C:\\Users\\agawhande\\git\\CreditCard\\Reports\\CC_RentalInvoicewithDiffGatewayTestSuite\\20171126_000020\\1511636843092.png, C:\\Users\\agawhande\\git\\CreditCard\\Reports\\CC_RentalInvoicewithDiffGatewayTestSuite\\20171126_000020\\1511636848469.png, C:\\Users\\agawhande\\git\\CreditCard\\Reports\\CC_RentalInvoicewithDiffGatewayTestSuite\\20171126_000020\\1511636850716.png, C:\\Users\\agawhande\\git\\CreditCard\\Reports\\CC_RentalInvoicewithDiffGatewayTestSuite\\20171126_000020\\1511636852916.png, C:\\Users\\agawhande\\git\\CreditCard\\Reports\\CC_RentalInvoicewithDiffGatewayTestSuite\\20171126_000020\\1511636857143.png, C:\\Users\\agawhande\\git\\CreditCard\\Reports\\CC_RentalInvoicewithDiffGatewayTestSuite\\20171126_000020\\1511636862382.png, C:\\Users\\agawhande\\git\\CreditCard\\Reports\\CC_RentalInvoicewithDiffGatewayTestSuite\\20171126_000020\\1511636902674.png, C:\\Users\\agawhande\\git\\CreditCard\\Reports\\CC_RentalInvoicewithDiffGatewayTestSuite\\20171126_000020\\1511636946871.png, C:\\Users\\agawhande\\git\\CreditCard\\Reports\\CC_RentalInvoicewithDiffGatewayTestSuite\\20171126_000020\\1511636984988.png, C:\\Users\\agawhande\\git\\CreditCard\\Reports\\CC_RentalInvoicewithDiffGatewayTestSuite\\20171126_000020\\1511637025249.png, C:\\Users\\agawhande\\git\\CreditCard\\Reports\\CC_RentalInvoicewithDiffGatewayTestSuite\\20171126_000020\\1511637077469.png, C:\\Users\\agawhande\\git\\CreditCard\\Reports\\CC_RentalInvoicewithDiffGatewayTestSuite\\20171126_000020\\1511637114661.png, C:\\Users\\agawhande\\git\\CreditCard\\Reports\\CC_RentalInvoicewithDiffGatewayTestSuite\\20171126_000020\\1511637151763.png, C:\\Users\\agawhande\\git\\CreditCard\\Reports\\CC_RentalInvoicewithDiffGatewayTestSuite\\20171126_000020\\1511637189127.png, C:\\Users\\agawhande\\git\\CreditCard\\Reports\\CC_RentalInvoicewithDiffGatewayTestSuite\\20171126_000020\\1511637193843.png, C:\\Users\\agawhande\\git\\CreditCard\\Reports\\CC_RentalInvoicewithDiffGatewayTestSuite\\20171126_000020\\1511637230113.png, C:\\Users\\agawhande\\git\\CreditCard\\Reports\\CC_RentalInvoicewithDiffGatewayTestSuite\\20171126_000020\\1511637266290.png, C:\\Users\\agawhande\\git\\CreditCard\\Reports\\CC_RentalInvoicewithDiffGatewayTestSuite\\20171126_000020\\1511637302516.png, C:\\Users\\agawhande\\git\\CreditCard\\Reports\\CC_RentalInvoicewithDiffGatewayTestSuite\\20171126_000020\\1511637334738.png, C:\\Users\\agawhande\\git\\CreditCard\\Reports\\CC_RentalInvoicewithDiffGatewayTestSuite\\20171126_000020\\1511637366854.png, C:\\Users\\agawhande\\git\\CreditCard\\Reports\\CC_RentalInvoicewithDiffGatewayTestSuite\\20171126_000020\\1511637399121.png, C:\\Users\\agawhande\\git\\CreditCard\\Reports\\CC_RentalInvoicewithDiffGatewayTestSuite\\20171126_000020\\1511637431207.png, C:\\Users\\agawhande\\git\\CreditCard\\Reports\\CC_RentalInvoicewithDiffGatewayTestSuite\\20171126_000020\\1511637465594.png, C:\\Users\\agawhande\\git\\CreditCard\\Reports\\CC_RentalInvoicewithDiffGatewayTestSuite\\20171126_000020\\1511637497636.png, C:\\Users\\agawhande\\git\\CreditCard\\Reports\\CC_RentalInvoicewithDiffGatewayTestSuite\\20171126_000020\\1511637531856.png, C:\\Users\\agawhande\\git\\CreditCard\\Reports\\CC_RentalInvoicewithDiffGatewayTestSuite\\20171126_000020\\1511637563902.png, C:\\Users\\agawhande\\git\\CreditCard\\Reports\\CC_RentalInvoicewithDiffGatewayTestSuite\\20171126_000020\\1511637599203.png, C:\\Users\\agawhande\\git\\CreditCard\\Reports\\CC_RentalInvoicewithDiffGatewayTestSuite\\20171126_000020\\1511637631282.png, C:\\Users\\agawhande\\git\\CreditCard\\Reports\\CC_RentalInvoicewithDiffGatewayTestSuite\\20171126_000020\\1511637663533.png, C:\\Users\\agawhande\\git\\CreditCard\\Reports\\CC_RentalInvoicewithDiffGatewayTestSuite\\20171126_000020\\1511637708726.png, C:\\Users\\agawhande\\git\\CreditCard\\Reports\\CC_RentalInvoicewithDiffGatewayTestSuite\\20171126_000020\\1511637751041.png, C:\\Users\\agawhande\\git\\CreditCard\\Reports\\CC_RentalInvoicewithDiffGatewayTestSuite\\20171126_000020\\1511637788192.png, C:\\Users\\agawhande\\git\\CreditCard\\Reports\\CC_RentalInvoicewithDiffGatewayTestSuite\\20171126_000020\\1511637810682.png, C:\\Users\\agawhande\\git\\CreditCard\\Reports\\CC_RentalInvoicewithDiffGatewayTestSuite\\20171126_000020\\1511637842095.png, C:\\Users\\agawhande\\git\\CreditCard\\Reports\\CC_RentalInvoicewithDiffGatewayTestSuite\\20171126_000020\\1511637894270.png, C:\\Users\\agawhande\\git\\CreditCard\\Reports\\CC_RentalInvoicewithDiffGatewayTestSuite\\20171126_000020\\1511637946381.png, C:\\Users\\agawhande\\git\\CreditCard\\Reports\\CC_RentalInvoicewithDiffGatewayTestSuite\\20171126_000020\\1511637979633.png, C:\\Users\\agawhande\\git\\CreditCard\\Reports\\CC_RentalInvoicewithDiffGatewayTestSuite\\20171126_000020\\1511638010876.png, C:\\Users\\agawhande\\git\\CreditCard\\Reports\\CC_RentalInvoicewithDiffGatewayTestSuite\\20171126_000020\\1511638042157.png, C:\\Users\\agawhande\\git\\CreditCard\\Reports\\CC_RentalInvoicewithDiffGatewayTestSuite\\20171126_000020\\1511638073445.png, C:\\Users\\agawhande\\git\\CreditCard\\Reports\\CC_RentalInvoicewithDiffGatewayTestSuite\\20171126_000020\\1511638106728.png, C:\\Users\\agawhande\\git\\CreditCard\\Reports\\CC_RentalInvoicewithDiffGatewayTestSuite\\20171126_000020\\1511638138092.png, C:\\Users\\agawhande\\git\\CreditCard\\Reports\\CC_RentalInvoicewithDiffGatewayTestSuite\\20171126_000020\\1511638171467.png, C:\\Users\\agawhande\\git\\CreditCard\\Reports\\CC_RentalInvoicewithDiffGatewayTestSuite\\20171126_000020\\1511638202675.png, C:\\Users\\agawhande\\git\\CreditCard\\Reports\\CC_RentalInvoicewithDiffGatewayTestSuite\\20171126_000020\\1511638233946.png, C:\\Users\\agawhande\\git\\CreditCard\\Reports\\CC_RentalInvoicewithDiffGatewayTestSuite\\20171126_000020\\1511638265148.png, C:\\Users\\agawhande\\git\\CreditCard\\Reports\\CC_RentalInvoicewithDiffGatewayTestSuite\\20171126_000020\\1511638298498.png, C:\\Users\\agawhande\\git\\CreditCard\\Reports\\CC_RentalInvoicewithDiffGatewayTestSuite\\20171126_000020\\1511638367402.png, C:\\Users\\agawhande\\git\\CreditCard\\Reports\\CC_RentalInvoicewithDiffGatewayTestSuite\\20171126_000020\\1511638405882.png, C:\\Users\\agawhande\\git\\CreditCard\\Reports\\CC_RentalInvoicewithDiffGatewayTestSuite\\20171126_000020\\1511638411262.png, C:\\Users\\agawhande\\git\\CreditCard\\Reports\\CC_RentalInvoicewithDiffGatewayTestSuite\\20171126_000020\\1511638413521.png, C:\\Users\\agawhande\\git\\CreditCard\\Reports\\CC_RentalInvoicewithDiffGatewayTestSuite\\20171126_000020\\1511638415755.png, C:\\Users\\agawhande\\git\\CreditCard\\Reports\\CC_RentalInvoicewithDiffGatewayTestSuite\\20171126_000020\\1511638419982.png, C:\\Users\\agawhande\\git\\CreditCard\\Reports\\CC_RentalInvoicewithDiffGatewayTestSuite\\20171126_000020\\1511638425215.png, C:\\Users\\agawhande\\git\\CreditCard\\Reports\\CC_RentalInvoicewithDiffGatewayTestSuite\\20171126_000020\\1511638466237.png, C:\\Users\\agawhande\\git\\CreditCard\\Reports\\CC_RentalInvoicewithDiffGatewayTestSuite\\20171126_000020\\1511638510831.png, C:\\Users\\agawhande\\git\\CreditCard\\Reports\\CC_RentalInvoicewithDiffGatewayTestSuite\\20171126_000020\\1511638549044.png, C:\\Users\\agawhande\\git\\CreditCard\\Reports\\CC_RentalInvoicewithDiffGatewayTestSuite\\20171126_000020\\1511638589145.png, C:\\Users\\agawhande\\git\\CreditCard\\Reports\\CC_RentalInvoicewithDiffGatewayTestSuite\\20171126_000020\\1511638641291.png, C:\\Users\\agawhande\\git\\CreditCard\\Reports\\CC_RentalInvoicewithDiffGatewayTestSuite\\20171126_000020\\1511638678506.png, C:\\Users\\agawhande\\git\\CreditCard\\Reports\\CC_RentalInvoicewithDiffGatewayTestSuite\\20171126_000020\\1511638716414.png, C:\\Users\\agawhande\\git\\CreditCard\\Reports\\CC_RentalInvoicewithDiffGatewayTestSuite\\20171126_000020\\1511638753671.png, C:\\Users\\agawhande\\git\\CreditCard\\Reports\\CC_RentalInvoicewithDiffGatewayTestSuite\\20171126_000020\\1511638758214.png, C:\\Users\\agawhande\\git\\CreditCard\\Reports\\CC_RentalInvoicewithDiffGatewayTestSuite\\20171126_000020\\1511638794352.png, C:\\Users\\agawhande\\git\\CreditCard\\Reports\\CC_RentalInvoicewithDiffGatewayTestSuite\\20171126_000020\\1511638830594.png, C:\\Users\\agawhande\\git\\CreditCard\\Reports\\CC_RentalInvoicewithDiffGatewayTestSuite\\20171126_000020\\1511638866693.png, C:\\Users\\agawhande\\git\\CreditCard\\Reports\\CC_RentalInvoicewithDiffGatewayTestSuite\\20171126_000020\\1511638898785.png, C:\\Users\\agawhande\\git\\CreditCard\\Reports\\CC_RentalInvoicewithDiffGatewayTestSuite\\20171126_000020\\1511638930803.png, C:\\Users\\agawhande\\git\\CreditCard\\Reports\\CC_RentalInvoicewithDiffGatewayTestSuite\\20171126_000020\\1511638963158.png, C:\\Users\\agawhande\\git\\CreditCard\\Reports\\CC_RentalInvoicewithDiffGatewayTestSuite\\20171126_000020\\1511638995263.png, C:\\Users\\agawhande\\git\\CreditCard\\Reports\\CC_RentalInvoicewithDiffGatewayTestSuite\\20171126_000020\\1511639029571.png, C:\\Users\\agawhande\\git\\CreditCard\\Reports\\CC_RentalInvoicewithDiffGatewayTestSuite\\20171126_000020\\1511639062209.png, C:\\Users\\agawhande\\git\\CreditCard\\Reports\\CC_RentalInvoicewithDiffGatewayTestSuite\\20171126_000020\\1511639097003.png, C:\\Users\\agawhande\\git\\CreditCard\\Reports\\CC_RentalInvoicewithDiffGatewayTestSuite\\20171126_000020\\1511639130009.png, C:\\Users\\agawhande\\git\\CreditCard\\Reports\\CC_RentalInvoicewithDiffGatewayTestSuite\\20171126_000020\\1511639165327.png, C:\\Users\\agawhande\\git\\CreditCard\\Reports\\CC_RentalInvoicewithDiffGatewayTestSuite\\20171126_000020\\1511639197399.png, C:\\Users\\agawhande\\git\\CreditCard\\Reports\\CC_RentalInvoicewithDiffGatewayTestSuite\\20171126_000020\\1511639229653.png, C:\\Users\\agawhande\\git\\CreditCard\\Reports\\CC_RentalInvoicewithDiffGatewayTestSuite\\20171126_000020\\1511639274803.png, C:\\Users\\agawhande\\git\\CreditCard\\Reports\\CC_RentalInvoicewithDiffGatewayTestSuite\\20171126_000020\\1511639317403.png, C:\\Users\\agawhande\\git\\CreditCard\\Reports\\CC_RentalInvoicewithDiffGatewayTestSuite\\20171126_000020\\1511639355596.png"/>
         <property name="hostName" value="agawhande - ANIL110.e-emphasys.com"/>
         <property name="os" value="Windows 7 64bit"/>
         <property name="katalonVersion" value="5.0.1.1"/>
         <property name="browser" value="Firefox 56.0"/>
         <property name="hostAddress" value="192.168.25.228"/>
         <property name="sessionId" value="e1238a34-14b7-48a7-8d0f-1f81d33f0be3"/>
         <property name="seleniumVersion" value="2.53.0"/>
         <property name="proxyInformation" value="ProxyInformation{proxyOption=NO_PROXY, proxyServerType=HTTP, password=, proxyServerAddress=, proxyServerPort=0}"/>
         <property name="platform" value="Windows 7"/>
      </properties>
      <testcase name="Test Cases/Rental/Base_RentalContract/CreditCardRegression/TC003_RentalContractInvoice_CC - Iteration 1" classname="Test Cases/Rental/Base_RentalContract/CreditCardRegression/TC003_RentalContractInvoice_CC" status="FAILED">
         <failure type="FAILED" message="Test Cases/Rental/Base_RentalContract/CreditCardRegression/TC003_RentalContractInvoice_CC FAILED because (of) Unable to click on object 'Object Repository/Equipment/EquipmentPurchase/EPO_Header/EPO_Header_Action' (Root cause: org.openqa.selenium.WebDriverException: Element &lt;div tabindex=&quot;0&quot; class=&quot;Button MenuButton TextButton&quot; id=&quot;tdext8150s000-0-button-std:action&quot; draggable=&quot;true&quot;>&lt;/div> is not clickable at point (795, 79.01666259765625). Other element would receive the click: &lt;div class=&quot;WindowManagerGlass&quot; style=&quot;z-index: 1;&quot;>&lt;/div>
Command duration or timeout: 81 milliseconds
Build info: version: '2.53.0', revision: '35ae25b', time: '2016-03-15 17:00:58'
System info: host: 'ANIL110', ip: '192.168.25.228', os.name: 'Windows 7', os.arch: 'amd64', os.version: '6.1', java.version: '1.8.0_102'
Driver info: com.kms.katalon.core.webui.driver.firefox.CFirefoxDriver47
Capabilities [{applicationCacheEnabled=true, rotatable=false, handlesAlerts=true, databaseEnabled=true, version=56.0, platform=WINDOWS, nativeEvents=false, acceptSslCerts=true, webStorageEnabled=true, locationContextEnabled=true, browserName=firefox, takesScreenshot=true, javascriptEnabled=true, cssSelectorsEnabled=true}]
Session ID: b0eda621-7e72-4086-83cc-6bd92b0431a4)"/>
         <system-out><![CDATA[2017-11-26 00:27:03 - [TEST_CASE][FAILED] - Test Cases/Rental/Base_RentalContract/CreditCardRegression/TC003_RentalContractInvoice_CC - Iteration 1: Test Cases/Rental/Base_RentalContract/CreditCardRegression/TC003_RentalContractInvoice_CC FAILED because (of) Unable to click on object 'Object Repository/Equipment/EquipmentPurchase/EPO_Header/EPO_Header_Action' (Root cause: org.openqa.selenium.WebDriverException: Element <div tabindex="0" class="Button MenuButton TextButton" id="tdext8150s000-0-button-std:action" draggable="true"></div> is not clickable at point (795, 79.01666259765625). Other element would receive the click: <div class="WindowManagerGlass" style="z-index: 1;"></div>
Command duration or timeout: 81 milliseconds
Build info: version: '2.53.0', revision: '35ae25b', time: '2016-03-15 17:00:58'
System info: host: 'ANIL110', ip: '192.168.25.228', os.name: 'Windows 7', os.arch: 'amd64', os.version: '6.1', java.version: '1.8.0_102'
Driver info: com.kms.katalon.core.webui.driver.firefox.CFirefoxDriver47
Capabilities [{applicationCacheEnabled=true, rotatable=false, handlesAlerts=true, databaseEnabled=true, version=56.0, platform=WINDOWS, nativeEvents=false, acceptSslCerts=true, webStorageEnabled=true, locationContextEnabled=true, browserName=firefox, takesScreenshot=true, javascriptEnabled=true, cssSelectorsEnabled=true}]
Session ID: b0eda621-7e72-4086-83cc-6bd92b0431a4)

2017-11-26 00:27:04 - [TEST_STEP][FAILED] - callTestCase: Unable to call Test Case with id 'Test Cases/Equipment/Base_EquipmentPurchase/EPO_CreateNrecieve' (Root cause: Call Test Case 'Test Cases/Equipment/Base_EquipmentPurchase/EPO_CreateNrecieve' failed)

2017-11-26 00:27:04 - [TEST_CASE][FAILED] - Test Cases/Equipment/Base_EquipmentPurchase/EPO_CreateNrecieve: Test Cases/Equipment/Base_EquipmentPurchase/EPO_CreateNrecieve FAILED because (of) Unable to click on object 'Object Repository/Equipment/EquipmentPurchase/EPO_Header/EPO_Header_Action' (Root cause: org.openqa.selenium.WebDriverException: Element <div tabindex="0" class="Button MenuButton TextButton" id="tdext8150s000-0-button-std:action" draggable="true"></div> is not clickable at point (795, 79.01666259765625). Other element would receive the click: <div class="WindowManagerGlass" style="z-index: 1;"></div>
Command duration or timeout: 81 milliseconds
Build info: version: '2.53.0', revision: '35ae25b', time: '2016-03-15 17:00:58'
System info: host: 'ANIL110', ip: '192.168.25.228', os.name: 'Windows 7', os.arch: 'amd64', os.version: '6.1', java.version: '1.8.0_102'
Driver info: com.kms.katalon.core.webui.driver.firefox.CFirefoxDriver47
Capabilities [{applicationCacheEnabled=true, rotatable=false, handlesAlerts=true, databaseEnabled=true, version=56.0, platform=WINDOWS, nativeEvents=false, acceptSslCerts=true, webStorageEnabled=true, locationContextEnabled=true, browserName=firefox, takesScreenshot=true, javascriptEnabled=true, cssSelectorsEnabled=true}]
Session ID: b0eda621-7e72-4086-83cc-6bd92b0431a4)

2017-11-26 00:27:05 - [TEST_STEP][FAILED] - callTestCase: Unable to call Test Case with id 'Test Cases/Equipment/Base_EquipmentPurchase/Base_EPO_CreateHeaderNline' (Root cause: Call Test Case 'Test Cases/Equipment/Base_EquipmentPurchase/Base_EPO_CreateHeaderNline' failed)

2017-11-26 00:27:05 - [TEST_CASE][FAILED] - Test Cases/Equipment/Base_EquipmentPurchase/Base_EPO_CreateHeaderNline: Test Cases/Equipment/Base_EquipmentPurchase/Base_EPO_CreateHeaderNline FAILED because (of) Unable to click on object 'Object Repository/Equipment/EquipmentPurchase/EPO_Header/EPO_Header_Action' (Root cause: org.openqa.selenium.WebDriverException: Element <div tabindex="0" class="Button MenuButton TextButton" id="tdext8150s000-0-button-std:action" draggable="true"></div> is not clickable at point (795, 79.01666259765625). Other element would receive the click: <div class="WindowManagerGlass" style="z-index: 1;"></div>
Command duration or timeout: 81 milliseconds
Build info: version: '2.53.0', revision: '35ae25b', time: '2016-03-15 17:00:58'
System info: host: 'ANIL110', ip: '192.168.25.228', os.name: 'Windows 7', os.arch: 'amd64', os.version: '6.1', java.version: '1.8.0_102'
Driver info: com.kms.katalon.core.webui.driver.firefox.CFirefoxDriver47
Capabilities [{applicationCacheEnabled=true, rotatable=false, handlesAlerts=true, databaseEnabled=true, version=56.0, platform=WINDOWS, nativeEvents=false, acceptSslCerts=true, webStorageEnabled=true, locationContextEnabled=true, browserName=firefox, takesScreenshot=true, javascriptEnabled=true, cssSelectorsEnabled=true}]
Session ID: b0eda621-7e72-4086-83cc-6bd92b0431a4)

2017-11-26 00:27:05 - [TEST_STEP][PASSED] - callTestCase: Call Test Case 'Test Cases/Common/Base_Common_OpenSession' successfully

2017-11-26 00:27:05 - [TEST_CASE][PASSED] - Test Cases/Common/Base_Common_OpenSession: Test Cases/Common/Base_Common_OpenSession

2017-11-26 00:27:05 - [TEST_STEP][PASSED] - openBrowser: Browser is opened with url: 'https://rgajbhiye:Robin$123@proxima-ln4.e-emphasys.com:8441/webui/servlet/login'

2017-11-26 00:27:12 - [MESSAGE][PASSED] - Browser is opened with url: 'https://rgajbhiye:Robin$123@proxima-ln4.e-emphasys.com:8441/webui/servlet/login'

2017-11-26 00:27:12 - [TEST_STEP][PASSED] - waitForPageLoad: Wait for page load successfully

2017-11-26 00:27:12 - [MESSAGE][PASSED] - Wait for page load successfully

2017-11-26 00:27:12 - [TEST_STEP][PASSED] - maximizeWindow: Current window maximized

2017-11-26 00:27:12 - [MESSAGE][PASSED] - Current window maximized

2017-11-26 00:27:12 - [TEST_STEP][PASSED] - click: Object: 'Object Repository/Common/HomePage/HomePage_more' is clicked on

2017-11-26 00:27:16 - [MESSAGE][PASSED] - Object: 'Object Repository/Common/HomePage/HomePage_more' is clicked on

2017-11-26 00:27:16 - [TEST_STEP][PASSED] - click: Object: 'Object Repository/Common/HomePage/HomePage_Option' is clicked on

2017-11-26 00:27:16 - [MESSAGE][PASSED] - Object: 'Object Repository/Common/HomePage/HomePage_Option' is clicked on

2017-11-26 00:27:16 - [TEST_STEP][PASSED] - click: Object: 'Object Repository/Common/HomePage/HomePage_RunProgram_' is clicked on

2017-11-26 00:27:16 - [MESSAGE][PASSED] - Object: 'Object Repository/Common/HomePage/HomePage_RunProgram_' is clicked on

2017-11-26 00:27:16 - [TEST_STEP][PASSED] - sendKeys: Keys 'tdext8150s000' sent to object: 'Object Repository/Common/HomePage/HomePage_Session_ID'

2017-11-26 00:27:16 - [MESSAGE][PASSED] - Keys 'tdext8150s000' sent to object: 'Object Repository/Common/HomePage/HomePage_Session_ID'

2017-11-26 00:27:16 - [TEST_STEP][PASSED] - click: Object: 'Object Repository/Common/HomePage/HomePage_OkButton' is clicked on

2017-11-26 00:27:16 - [MESSAGE][PASSED] - Object: 'Object Repository/Common/HomePage/HomePage_OkButton' is clicked on

2017-11-26 00:27:16 - [MESSAGE][PASSED] - Call Test Case 'Test Cases/Common/Base_Common_OpenSession' successfully

2017-11-26 00:27:16 - [TEST_STEP][PASSED] - waitForElementPresent: Object 'Object Repository/Equipment/EquipmentPurchase/EPO_Header/EPO_Header_New' is present

2017-11-26 00:27:19 - [MESSAGE][PASSED] - Object 'Object Repository/Equipment/EquipmentPurchase/EPO_Header/EPO_Header_New' is present

2017-11-26 00:27:19 - [TEST_STEP][PASSED] - click: Object: 'Object Repository/Equipment/EquipmentPurchase/EPO_Header/EPO_Header_New' is clicked on

2017-11-26 00:27:19 - [MESSAGE][PASSED] - Object: 'Object Repository/Equipment/EquipmentPurchase/EPO_Header/EPO_Header_New' is clicked on

2017-11-26 00:27:19 - [TEST_STEP][PASSED] - click: Object: 'Object Repository/Equipment/EquipmentPurchase/EPO_Header/EPO_Header_Customer' is clicked on

2017-11-26 00:27:20 - [MESSAGE][PASSED] - Object: 'Object Repository/Equipment/EquipmentPurchase/EPO_Header/EPO_Header_Customer' is clicked on

2017-11-26 00:27:20 - [TEST_STEP][PASSED] - setText: Text '' is set on object 'Object Repository/Equipment/EquipmentPurchase/EPO_Header/EPO_Header_Customer'

2017-11-26 00:27:20 - [MESSAGE][PASSED] - Text '' is set on object 'Object Repository/Equipment/EquipmentPurchase/EPO_Header/EPO_Header_Customer'

2017-11-26 00:27:20 - [TEST_STEP][PASSED] - click: Object: 'Object Repository/Equipment/EquipmentPurchase/EPO_Header/EPO_Header_Save' is clicked on

2017-11-26 00:27:20 - [MESSAGE][PASSED] - Object: 'Object Repository/Equipment/EquipmentPurchase/EPO_Header/EPO_Header_Save' is clicked on

2017-11-26 00:27:20 - [TEST_STEP][PASSED] - delay: Delayed 5 second(s)

2017-11-26 00:27:25 - [MESSAGE][PASSED] - Delayed 5 second(s)

2017-11-26 00:27:25 - [TEST_STEP][FAILED] - click: Unable to click on object 'Object Repository/Equipment/EquipmentPurchase/EPO_Header/EPO_Header_Action' (Root cause: org.openqa.selenium.WebDriverException: Element <div tabindex="0" class="Button MenuButton TextButton" id="tdext8150s000-0-button-std:action" draggable="true"></div> is not clickable at point (795, 79.01666259765625). Other element would receive the click: <div class="WindowManagerGlass" style="z-index: 1;"></div>
Command duration or timeout: 81 milliseconds
Build info: version: '2.53.0', revision: '35ae25b', time: '2016-03-15 17:00:58'
System info: host: 'ANIL110', ip: '192.168.25.228', os.name: 'Windows 7', os.arch: 'amd64', os.version: '6.1', java.version: '1.8.0_102'
Driver info: com.kms.katalon.core.webui.driver.firefox.CFirefoxDriver47
Capabilities [{applicationCacheEnabled=true, rotatable=false, handlesAlerts=true, databaseEnabled=true, version=56.0, platform=WINDOWS, nativeEvents=false, acceptSslCerts=true, webStorageEnabled=true, locationContextEnabled=true, browserName=firefox, takesScreenshot=true, javascriptEnabled=true, cssSelectorsEnabled=true}]
Session ID: b0eda621-7e72-4086-83cc-6bd92b0431a4)

2017-11-26 00:27:25 - [MESSAGE][FAILED] - Unable to click on object 'Object Repository/Equipment/EquipmentPurchase/EPO_Header/EPO_Header_Action' (Root cause: org.openqa.selenium.WebDriverException: Element <div tabindex="0" class="Button MenuButton TextButton" id="tdext8150s000-0-button-std:action" draggable="true"></div> is not clickable at point (795, 79.01666259765625). Other element would receive the click: <div class="WindowManagerGlass" style="z-index: 1;"></div>
Command duration or timeout: 81 milliseconds
Build info: version: '2.53.0', revision: '35ae25b', time: '2016-03-15 17:00:58'
System info: host: 'ANIL110', ip: '192.168.25.228', os.name: 'Windows 7', os.arch: 'amd64', os.version: '6.1', java.version: '1.8.0_102'
Driver info: com.kms.katalon.core.webui.driver.firefox.CFirefoxDriver47
Capabilities [{applicationCacheEnabled=true, rotatable=false, handlesAlerts=true, databaseEnabled=true, version=56.0, platform=WINDOWS, nativeEvents=false, acceptSslCerts=true, webStorageEnabled=true, locationContextEnabled=true, browserName=firefox, takesScreenshot=true, javascriptEnabled=true, cssSelectorsEnabled=true}]
Session ID: b0eda621-7e72-4086-83cc-6bd92b0431a4)
[[ATTACHMENT|C:\\Users\\agawhande\\git\\CreditCard\\Reports\\CC_RentalInvoicewithDiffGatewayTestSuite\\20171126_000020\\1511636245632.png]]

2017-11-26 00:27:25 - [TEST_STEP][FAILED] - click: Unable to click on object 'Object Repository/Equipment/EquipmentPurchase/EPO_Header/EPO_Header_Action_OrderLines' (Root cause: com.kms.katalon.core.webui.exception.WebElementNotFoundException: Web element with id: 'Object Repository/Equipment/EquipmentPurchase/EPO_Header/EPO_Header_Action_OrderLines' located by 'By.xpath: //*[@id = 'tdext8150s000-0-menu-std:action-form-display.lines']' not found)

2017-11-26 00:27:57 - [MESSAGE][FAILED] - Unable to click on object 'Object Repository/Equipment/EquipmentPurchase/EPO_Header/EPO_Header_Action_OrderLines' (Root cause: com.kms.katalon.core.webui.exception.WebElementNotFoundException: Web element with id: 'Object Repository/Equipment/EquipmentPurchase/EPO_Header/EPO_Header_Action_OrderLines' located by 'By.xpath: //*[@id = 'tdext8150s000-0-menu-std:action-form-display.lines']' not found)
[[ATTACHMENT|C:\\Users\\agawhande\\git\\CreditCard\\Reports\\CC_RentalInvoicewithDiffGatewayTestSuite\\20171126_000020\\1511636277169.png]]

2017-11-26 00:27:57 - [TEST_STEP][PASSED] - waitForElementPresent: Object 'Object Repository/Equipment/EquipmentPurchase/EPO_Line/EPO_MultiLine_New' is not present after 20 second(s)

2017-11-26 00:28:18 - [MESSAGE][WARNING] - Object 'Object Repository/Equipment/EquipmentPurchase/EPO_Line/EPO_MultiLine_New' is not present after 20 second(s)

2017-11-26 00:28:18 - [TEST_STEP][FAILED] - click: Unable to click on object 'Object Repository/Equipment/EquipmentPurchase/EPO_Line/EPO_MultiLine_New' (Root cause: com.kms.katalon.core.webui.exception.WebElementNotFoundException: Web element with id: 'Object Repository/Equipment/EquipmentPurchase/EPO_Line/EPO_MultiLine_New' located by 'By.xpath: //*[@id = 'tdext8551m000-1-button-std-file.new']' not found)

2017-11-26 00:28:49 - [MESSAGE][FAILED] - Unable to click on object 'Object Repository/Equipment/EquipmentPurchase/EPO_Line/EPO_MultiLine_New' (Root cause: com.kms.katalon.core.webui.exception.WebElementNotFoundException: Web element with id: 'Object Repository/Equipment/EquipmentPurchase/EPO_Line/EPO_MultiLine_New' located by 'By.xpath: //*[@id = 'tdext8551m000-1-button-std-file.new']' not found)
[[ATTACHMENT|C:\\Users\\agawhande\\git\\CreditCard\\Reports\\CC_RentalInvoicewithDiffGatewayTestSuite\\20171126_000020\\1511636329546.png]]

2017-11-26 00:28:49 - [TEST_STEP][PASSED] - waitForElementPresent: Object 'Object Repository/Equipment/EquipmentPurchase/EPO_Line/EPO_Line_Model' is not present after 20 second(s)

2017-11-26 00:29:10 - [MESSAGE][WARNING] - Object 'Object Repository/Equipment/EquipmentPurchase/EPO_Line/EPO_Line_Model' is not present after 20 second(s)

2017-11-26 00:29:10 - [TEST_STEP][FAILED] - click: Unable to click on object 'Object Repository/Equipment/EquipmentPurchase/EPO_Line/EPO_Line_Model' (Root cause: com.kms.katalon.core.webui.exception.WebElementNotFoundException: Web element with id: 'Object Repository/Equipment/EquipmentPurchase/EPO_Line/EPO_Line_Model' located by 'By.xpath: //*[@id = 'tdext8151s000-2-tdext851.mcod-11-lookup-widget']' not found)

2017-11-26 00:29:41 - [MESSAGE][FAILED] - Unable to click on object 'Object Repository/Equipment/EquipmentPurchase/EPO_Line/EPO_Line_Model' (Root cause: com.kms.katalon.core.webui.exception.WebElementNotFoundException: Web element with id: 'Object Repository/Equipment/EquipmentPurchase/EPO_Line/EPO_Line_Model' located by 'By.xpath: //*[@id = 'tdext8151s000-2-tdext851.mcod-11-lookup-widget']' not found)
[[ATTACHMENT|C:\\Users\\agawhande\\git\\CreditCard\\Reports\\CC_RentalInvoicewithDiffGatewayTestSuite\\20171126_000020\\1511636381715.png]]

2017-11-26 00:29:41 - [TEST_STEP][PASSED] - delay: Delayed 2 second(s)

2017-11-26 00:29:43 - [MESSAGE][PASSED] - Delayed 2 second(s)

2017-11-26 00:29:43 - [TEST_STEP][FAILED] - setText: Unable to set text '' of object 'Object Repository/Equipment/EquipmentPurchase/EPO_Line/EPO_Line_Model' (Root cause: com.kms.katalon.core.webui.exception.WebElementNotFoundException: Web element with id: 'Object Repository/Equipment/EquipmentPurchase/EPO_Line/EPO_Line_Model' located by 'By.xpath: //*[@id = 'tdext8151s000-2-tdext851.mcod-11-lookup-widget']' not found)

2017-11-26 00:30:15 - [MESSAGE][FAILED] - Unable to set text '' of object 'Object Repository/Equipment/EquipmentPurchase/EPO_Line/EPO_Line_Model' (Root cause: com.kms.katalon.core.webui.exception.WebElementNotFoundException: Web element with id: 'Object Repository/Equipment/EquipmentPurchase/EPO_Line/EPO_Line_Model' located by 'By.xpath: //*[@id = 'tdext8151s000-2-tdext851.mcod-11-lookup-widget']' not found)
[[ATTACHMENT|C:\\Users\\agawhande\\git\\CreditCard\\Reports\\CC_RentalInvoicewithDiffGatewayTestSuite\\20171126_000020\\1511636415000.png]]

2017-11-26 00:30:15 - [TEST_STEP][FAILED] - click: Unable to click on object 'Object Repository/Equipment/EquipmentPurchase/EPO_Line/EPO_Line_NeworUsed' (Root cause: com.kms.katalon.core.webui.exception.WebElementNotFoundException: Web element with id: 'Object Repository/Equipment/EquipmentPurchase/EPO_Line/EPO_Line_NeworUsed' located by 'By.xpath: //*[@id = 'tdext8151s000-2-used.equipment-18-control-trigger-button']' not found)

2017-11-26 00:30:46 - [MESSAGE][FAILED] - Unable to click on object 'Object Repository/Equipment/EquipmentPurchase/EPO_Line/EPO_Line_NeworUsed' (Root cause: com.kms.katalon.core.webui.exception.WebElementNotFoundException: Web element with id: 'Object Repository/Equipment/EquipmentPurchase/EPO_Line/EPO_Line_NeworUsed' located by 'By.xpath: //*[@id = 'tdext8151s000-2-used.equipment-18-control-trigger-button']' not found)
[[ATTACHMENT|C:\\Users\\agawhande\\git\\CreditCard\\Reports\\CC_RentalInvoicewithDiffGatewayTestSuite\\20171126_000020\\1511636446386.png]]

2017-11-26 00:30:46 - [TEST_STEP][FAILED] - click: Unable to click on object 'Object Repository/Equipment/EquipmentPurchase/EPO_Line/EPO_Line_NewEquipOption' (Root cause: com.kms.katalon.core.webui.exception.WebElementNotFoundException: Web element with id: 'Object Repository/Equipment/EquipmentPurchase/EPO_Line/EPO_Line_NewEquipOption' located by 'By.xpath: //*[@id = 'item_1-label']' not found)

2017-11-26 00:31:17 - [MESSAGE][FAILED] - Unable to click on object 'Object Repository/Equipment/EquipmentPurchase/EPO_Line/EPO_Line_NewEquipOption' (Root cause: com.kms.katalon.core.webui.exception.WebElementNotFoundException: Web element with id: 'Object Repository/Equipment/EquipmentPurchase/EPO_Line/EPO_Line_NewEquipOption' located by 'By.xpath: //*[@id = 'item_1-label']' not found)
[[ATTACHMENT|C:\\Users\\agawhande\\git\\CreditCard\\Reports\\CC_RentalInvoicewithDiffGatewayTestSuite\\20171126_000020\\1511636477662.png]]

2017-11-26 00:31:17 - [TEST_STEP][FAILED] - click: Unable to click on object 'Object Repository/Equipment/EquipmentPurchase/EPO_Line/EPO_Line_PlannedDate' (Root cause: com.kms.katalon.core.webui.exception.WebElementNotFoundException: Web element with id: 'Object Repository/Equipment/EquipmentPurchase/EPO_Line/EPO_Line_PlannedDate' located by 'By.xpath: //*[@id = 'tdext8151s000-2-tdext851.pdat-28-widget']' not found)

2017-11-26 00:31:49 - [MESSAGE][FAILED] - Unable to click on object 'Object Repository/Equipment/EquipmentPurchase/EPO_Line/EPO_Line_PlannedDate' (Root cause: com.kms.katalon.core.webui.exception.WebElementNotFoundException: Web element with id: 'Object Repository/Equipment/EquipmentPurchase/EPO_Line/EPO_Line_PlannedDate' located by 'By.xpath: //*[@id = 'tdext8151s000-2-tdext851.pdat-28-widget']' not found)
[[ATTACHMENT|C:\\Users\\agawhande\\git\\CreditCard\\Reports\\CC_RentalInvoicewithDiffGatewayTestSuite\\20171126_000020\\1511636508966.png]]

2017-11-26 00:31:49 - [TEST_STEP][PASSED] - delay: Delayed 2 second(s)

2017-11-26 00:31:51 - [MESSAGE][PASSED] - Delayed 2 second(s)

2017-11-26 00:31:51 - [TEST_STEP][FAILED] - setText: Unable to set text '+10' of object 'Object Repository/Equipment/EquipmentPurchase/EPO_Line/EPO_Line_PlannedDate' (Root cause: com.kms.katalon.core.webui.exception.WebElementNotFoundException: Web element with id: 'Object Repository/Equipment/EquipmentPurchase/EPO_Line/EPO_Line_PlannedDate' located by 'By.xpath: //*[@id = 'tdext8151s000-2-tdext851.pdat-28-widget']' not found)

2017-11-26 00:32:22 - [MESSAGE][FAILED] - Unable to set text '+10' of object 'Object Repository/Equipment/EquipmentPurchase/EPO_Line/EPO_Line_PlannedDate' (Root cause: com.kms.katalon.core.webui.exception.WebElementNotFoundException: Web element with id: 'Object Repository/Equipment/EquipmentPurchase/EPO_Line/EPO_Line_PlannedDate' located by 'By.xpath: //*[@id = 'tdext8151s000-2-tdext851.pdat-28-widget']' not found)
[[ATTACHMENT|C:\\Users\\agawhande\\git\\CreditCard\\Reports\\CC_RentalInvoicewithDiffGatewayTestSuite\\20171126_000020\\1511636542274.png]]

2017-11-26 00:32:22 - [TEST_STEP][FAILED] - click: Unable to click on object 'Object Repository/Equipment/EquipmentPurchase/EPO_Line/EPO_Line_Price' (Root cause: com.kms.katalon.core.webui.exception.WebElementNotFoundException: Web element with id: 'Object Repository/Equipment/EquipmentPurchase/EPO_Line/EPO_Line_Price' located by 'By.xpath: //*[@id = 'tdext8151s000-2-tdext851.pric-42-lookup-widget']' not found)

2017-11-26 00:32:53 - [MESSAGE][FAILED] - Unable to click on object 'Object Repository/Equipment/EquipmentPurchase/EPO_Line/EPO_Line_Price' (Root cause: com.kms.katalon.core.webui.exception.WebElementNotFoundException: Web element with id: 'Object Repository/Equipment/EquipmentPurchase/EPO_Line/EPO_Line_Price' located by 'By.xpath: //*[@id = 'tdext8151s000-2-tdext851.pric-42-lookup-widget']' not found)
[[ATTACHMENT|C:\\Users\\agawhande\\git\\CreditCard\\Reports\\CC_RentalInvoicewithDiffGatewayTestSuite\\20171126_000020\\1511636573711.png]]

2017-11-26 00:32:53 - [TEST_STEP][PASSED] - delay: Delayed 2 second(s)

2017-11-26 00:32:55 - [MESSAGE][PASSED] - Delayed 2 second(s)

2017-11-26 00:32:55 - [TEST_STEP][FAILED] - setText: Unable to set text '100' of object 'Object Repository/Equipment/EquipmentPurchase/EPO_Line/EPO_Line_Price' (Root cause: com.kms.katalon.core.webui.exception.WebElementNotFoundException: Web element with id: 'Object Repository/Equipment/EquipmentPurchase/EPO_Line/EPO_Line_Price' located by 'By.xpath: //*[@id = 'tdext8151s000-2-tdext851.pric-42-lookup-widget']' not found)

2017-11-26 00:33:27 - [MESSAGE][FAILED] - Unable to set text '100' of object 'Object Repository/Equipment/EquipmentPurchase/EPO_Line/EPO_Line_Price' (Root cause: com.kms.katalon.core.webui.exception.WebElementNotFoundException: Web element with id: 'Object Repository/Equipment/EquipmentPurchase/EPO_Line/EPO_Line_Price' located by 'By.xpath: //*[@id = 'tdext8151s000-2-tdext851.pric-42-lookup-widget']' not found)
[[ATTACHMENT|C:\\Users\\agawhande\\git\\CreditCard\\Reports\\CC_RentalInvoicewithDiffGatewayTestSuite\\20171126_000020\\1511636607119.png]]

2017-11-26 00:33:27 - [TEST_STEP][FAILED] - click: Unable to click on object 'Object Repository/Equipment/EquipmentPurchase/EPO_Line/EPO_Line_Save' (Root cause: com.kms.katalon.core.webui.exception.WebElementNotFoundException: Web element with id: 'Object Repository/Equipment/EquipmentPurchase/EPO_Line/EPO_Line_Save' located by 'By.xpath: //*[@id = 'tdext8151s000-2-button-std-file.save']' not found)

2017-11-26 00:33:58 - [MESSAGE][FAILED] - Unable to click on object 'Object Repository/Equipment/EquipmentPurchase/EPO_Line/EPO_Line_Save' (Root cause: com.kms.katalon.core.webui.exception.WebElementNotFoundException: Web element with id: 'Object Repository/Equipment/EquipmentPurchase/EPO_Line/EPO_Line_Save' located by 'By.xpath: //*[@id = 'tdext8151s000-2-button-std-file.save']' not found)
[[ATTACHMENT|C:\\Users\\agawhande\\git\\CreditCard\\Reports\\CC_RentalInvoicewithDiffGatewayTestSuite\\20171126_000020\\1511636638414.png]]

2017-11-26 00:33:58 - [TEST_STEP][FAILED] - click: Unable to click on object 'Object Repository/Equipment/EquipmentPurchase/EPO_Line/EPO_Line_importNO' (Root cause: com.kms.katalon.core.webui.exception.WebElementNotFoundException: Web element with id: 'Object Repository/Equipment/EquipmentPurchase/EPO_Line/EPO_Line_importNO' located by 'By.xpath: //*[@id = 'dlg-tdext8151s000-2-input-button-1']' not found)

2017-11-26 00:34:29 - [MESSAGE][FAILED] - Unable to click on object 'Object Repository/Equipment/EquipmentPurchase/EPO_Line/EPO_Line_importNO' (Root cause: com.kms.katalon.core.webui.exception.WebElementNotFoundException: Web element with id: 'Object Repository/Equipment/EquipmentPurchase/EPO_Line/EPO_Line_importNO' located by 'By.xpath: //*[@id = 'dlg-tdext8151s000-2-input-button-1']' not found)
[[ATTACHMENT|C:\\Users\\agawhande\\git\\CreditCard\\Reports\\CC_RentalInvoicewithDiffGatewayTestSuite\\20171126_000020\\1511636669686.png]]

2017-11-26 00:34:29 - [TEST_STEP][FAILED] - click: Unable to click on object 'Object Repository/Equipment/EquipmentPurchase/EPO_Line/EPO_Line_SaveNclose' (Root cause: com.kms.katalon.core.webui.exception.WebElementNotFoundException: Web element with id: 'Object Repository/Equipment/EquipmentPurchase/EPO_Line/EPO_Line_SaveNclose' located by 'By.xpath: //*[@id = 'tdext8151s000-2-button-std-file.save_and_close']' not found)

2017-11-26 00:35:01 - [MESSAGE][FAILED] - Unable to click on object 'Object Repository/Equipment/EquipmentPurchase/EPO_Line/EPO_Line_SaveNclose' (Root cause: com.kms.katalon.core.webui.exception.WebElementNotFoundException: Web element with id: 'Object Repository/Equipment/EquipmentPurchase/EPO_Line/EPO_Line_SaveNclose' located by 'By.xpath: //*[@id = 'tdext8151s000-2-button-std-file.save_and_close']' not found)
[[ATTACHMENT|C:\\Users\\agawhande\\git\\CreditCard\\Reports\\CC_RentalInvoicewithDiffGatewayTestSuite\\20171126_000020\\1511636700892.png]]

2017-11-26 00:35:01 - [TEST_STEP][PASSED] - delay: Delayed 2 second(s)

2017-11-26 00:35:03 - [MESSAGE][PASSED] - Delayed 2 second(s)

2017-11-26 00:35:03 - [TEST_STEP][FAILED] - click: Unable to click on object 'Object Repository/Equipment/EquipmentPurchase/EPO_Line/EPO_MultiLine_SavenClose' (Root cause: com.kms.katalon.core.webui.exception.WebElementNotFoundException: Web element with id: 'Object Repository/Equipment/EquipmentPurchase/EPO_Line/EPO_MultiLine_SavenClose' located by 'By.xpath: //*[@id = 'tdext8551m000-1-button-std-file.save_and_close']' not found)

2017-11-26 00:35:34 - [MESSAGE][FAILED] - Unable to click on object 'Object Repository/Equipment/EquipmentPurchase/EPO_Line/EPO_MultiLine_SavenClose' (Root cause: com.kms.katalon.core.webui.exception.WebElementNotFoundException: Web element with id: 'Object Repository/Equipment/EquipmentPurchase/EPO_Line/EPO_MultiLine_SavenClose' located by 'By.xpath: //*[@id = 'tdext8551m000-1-button-std-file.save_and_close']' not found)
[[ATTACHMENT|C:\\Users\\agawhande\\git\\CreditCard\\Reports\\CC_RentalInvoicewithDiffGatewayTestSuite\\20171126_000020\\1511636734247.png]]

2017-11-26 00:35:34 - [MESSAGE][FAILED] - Unable to call Test Case with id 'Test Cases/Equipment/Base_EquipmentPurchase/Base_EPO_CreateHeaderNline' (Root cause: Call Test Case 'Test Cases/Equipment/Base_EquipmentPurchase/Base_EPO_CreateHeaderNline' failed)

2017-11-26 00:35:34 - [MESSAGE][FAILED] - Unable to call Test Case with id 'Test Cases/Equipment/Base_EquipmentPurchase/EPO_CreateNrecieve' (Root cause: Call Test Case 'Test Cases/Equipment/Base_EquipmentPurchase/EPO_CreateNrecieve' failed)

2017-11-26 00:35:34 - [TEST_STEP][FAILED] - callTestCase: Unable to call Test Case with id 'Test Cases/Rental/Base_RentalContract/Base_CreateRentalHeader' (Root cause: Call Test Case 'Test Cases/Rental/Base_RentalContract/Base_CreateRentalHeader' failed)

2017-11-26 00:35:34 - [TEST_CASE][FAILED] - Test Cases/Rental/Base_RentalContract/Base_CreateRentalHeader: Test Cases/Rental/Base_RentalContract/Base_CreateRentalHeader FAILED because (of) Unable to click on object 'Object Repository/Rental/RentalHeader/RentalContract.MultipleInsurence' (Root cause: org.openqa.selenium.WebDriverException: Element <div class="ListOutputField" style="width: 100%;" id="erext4501m001-1-grid-1-erext401.muin-29-0-widget"></div> is not clickable at point (1275, 565.0499877929688). Other element would receive the click: <div class="WindowManagerGlass" style="z-index: 1;"></div>
Command duration or timeout: 94 milliseconds
Build info: version: '2.53.0', revision: '35ae25b', time: '2016-03-15 17:00:58'
System info: host: 'ANIL110', ip: '192.168.25.228', os.name: 'Windows 7', os.arch: 'amd64', os.version: '6.1', java.version: '1.8.0_102'
Driver info: com.kms.katalon.core.webui.driver.firefox.CFirefoxDriver47
Capabilities [{applicationCacheEnabled=true, rotatable=false, handlesAlerts=true, databaseEnabled=true, version=56.0, platform=WINDOWS, nativeEvents=false, acceptSslCerts=true, webStorageEnabled=true, locationContextEnabled=true, browserName=firefox, takesScreenshot=true, javascriptEnabled=true, cssSelectorsEnabled=true}]
Session ID: a98d7df7-0544-4e4c-93a2-ba14c4874988)

2017-11-26 00:35:34 - [TEST_STEP][PASSED] - callTestCase: Call Test Case 'Test Cases/Common/Base_Common_OpenSession' successfully

2017-11-26 00:35:34 - [TEST_CASE][PASSED] - Test Cases/Common/Base_Common_OpenSession: Test Cases/Common/Base_Common_OpenSession

2017-11-26 00:35:34 - [TEST_STEP][PASSED] - openBrowser: Browser is opened with url: 'https://rgajbhiye:Robin$123@proxima-ln4.e-emphasys.com:8441/webui/servlet/login'

2017-11-26 00:35:34 - [MESSAGE][WARNING] - A browser is already opened. Closing browser and opening a new one

2017-11-26 00:35:40 - [MESSAGE][PASSED] - Browser is opened with url: 'https://rgajbhiye:Robin$123@proxima-ln4.e-emphasys.com:8441/webui/servlet/login'

2017-11-26 00:35:40 - [TEST_STEP][PASSED] - waitForPageLoad: Wait for page load successfully

2017-11-26 00:35:40 - [MESSAGE][PASSED] - Wait for page load successfully

2017-11-26 00:35:40 - [TEST_STEP][PASSED] - maximizeWindow: Current window maximized

2017-11-26 00:35:40 - [MESSAGE][PASSED] - Current window maximized

2017-11-26 00:35:40 - [TEST_STEP][PASSED] - click: Object: 'Object Repository/Common/HomePage/HomePage_more' is clicked on

2017-11-26 00:35:44 - [MESSAGE][PASSED] - Object: 'Object Repository/Common/HomePage/HomePage_more' is clicked on

2017-11-26 00:35:44 - [TEST_STEP][PASSED] - click: Object: 'Object Repository/Common/HomePage/HomePage_Option' is clicked on

2017-11-26 00:35:44 - [MESSAGE][PASSED] - Object: 'Object Repository/Common/HomePage/HomePage_Option' is clicked on

2017-11-26 00:35:44 - [TEST_STEP][PASSED] - click: Object: 'Object Repository/Common/HomePage/HomePage_RunProgram_' is clicked on

2017-11-26 00:35:44 - [MESSAGE][PASSED] - Object: 'Object Repository/Common/HomePage/HomePage_RunProgram_' is clicked on

2017-11-26 00:35:44 - [TEST_STEP][PASSED] - sendKeys: Keys 'erext4100s004' sent to object: 'Object Repository/Common/HomePage/HomePage_Session_ID'

2017-11-26 00:35:45 - [MESSAGE][PASSED] - Keys 'erext4100s004' sent to object: 'Object Repository/Common/HomePage/HomePage_Session_ID'

2017-11-26 00:35:45 - [TEST_STEP][PASSED] - click: Object: 'Object Repository/Common/HomePage/HomePage_OkButton' is clicked on

2017-11-26 00:35:45 - [MESSAGE][PASSED] - Object: 'Object Repository/Common/HomePage/HomePage_OkButton' is clicked on

2017-11-26 00:35:45 - [MESSAGE][PASSED] - Call Test Case 'Test Cases/Common/Base_Common_OpenSession' successfully

2017-11-26 00:35:45 - [TEST_STEP][PASSED] - click: Object: 'Object Repository/Rental/RentalHeader/RentalContract.Customer' is clicked on

2017-11-26 00:35:50 - [MESSAGE][PASSED] - Object: 'Object Repository/Rental/RentalHeader/RentalContract.Customer' is clicked on

2017-11-26 00:35:50 - [TEST_STEP][PASSED] - setText: Text 'M00000010' is set on object 'Object Repository/Rental/RentalHeader/RentalContract.Customer'

2017-11-26 00:35:50 - [MESSAGE][PASSED] - Text 'M00000010' is set on object 'Object Repository/Rental/RentalHeader/RentalContract.Customer'

2017-11-26 00:35:50 - [TEST_STEP][PASSED] - delay: Delayed 2 second(s)

2017-11-26 00:35:52 - [MESSAGE][PASSED] - Delayed 2 second(s)

2017-11-26 00:35:52 - [TEST_STEP][PASSED] - click: Object: 'Object Repository/Rental/RentalHeader/RentalContract.CustPO' is clicked on

2017-11-26 00:35:52 - [MESSAGE][PASSED] - Object: 'Object Repository/Rental/RentalHeader/RentalContract.CustPO' is clicked on

2017-11-26 00:35:52 - [TEST_STEP][PASSED] - delay: Delayed 3 second(s)

2017-11-26 00:35:55 - [MESSAGE][PASSED] - Delayed 3 second(s)

2017-11-26 00:35:55 - [TEST_STEP][PASSED] - click: Object: 'Object Repository/Rental/RentalHeader/RentalContract.OtherDetailsTab' is clicked on

2017-11-26 00:35:55 - [MESSAGE][PASSED] - Object: 'Object Repository/Rental/RentalHeader/RentalContract.OtherDetailsTab' is clicked on

2017-11-26 00:35:55 - [TEST_STEP][PASSED] - delay: Delayed 5 second(s)

2017-11-26 00:36:00 - [MESSAGE][PASSED] - Delayed 5 second(s)

2017-11-26 00:36:00 - [TEST_STEP][PASSED] - click: Object: 'Object Repository/Rental/RentalHeader/Rental Contract.ModeOfPayment' is clicked on

2017-11-26 00:36:00 - [MESSAGE][PASSED] - Object: 'Object Repository/Rental/RentalHeader/Rental Contract.ModeOfPayment' is clicked on

2017-11-26 00:36:00 - [TEST_STEP][PASSED] - delay: Delayed 2 second(s)

2017-11-26 00:36:02 - [MESSAGE][PASSED] - Delayed 2 second(s)

2017-11-26 00:36:02 - [TEST_STEP][PASSED] - click: Object: 'Object Repository/Rental/RentalHeader/RentalContract.CreditCardoption' is clicked on

2017-11-26 00:36:03 - [MESSAGE][PASSED] - Object: 'Object Repository/Rental/RentalHeader/RentalContract.CreditCardoption' is clicked on

2017-11-26 00:36:03 - [TEST_STEP][PASSED] - delay: Delayed 3 second(s)

2017-11-26 00:36:06 - [MESSAGE][PASSED] - Delayed 3 second(s)

2017-11-26 00:36:06 - [TEST_STEP][PASSED] - click: Object: 'Object Repository/Rental/RentalHeader/RentalContract.GeneralTab' is clicked on

2017-11-26 00:36:06 - [MESSAGE][PASSED] - Object: 'Object Repository/Rental/RentalHeader/RentalContract.GeneralTab' is clicked on

2017-11-26 00:36:06 - [TEST_STEP][PASSED] - delay: Delayed 5 second(s)

2017-11-26 00:36:11 - [MESSAGE][PASSED] - Delayed 5 second(s)

2017-11-26 00:36:11 - [TEST_STEP][PASSED] - click: Object: 'Object Repository/Rental/RentalHeader/RentalContract.Newbuttonline' is clicked on

2017-11-26 00:36:11 - [MESSAGE][PASSED] - Object: 'Object Repository/Rental/RentalHeader/RentalContract.Newbuttonline' is clicked on

2017-11-26 00:36:11 - [TEST_STEP][PASSED] - delay: Delayed 5 second(s)

2017-11-26 00:36:16 - [MESSAGE][PASSED] - Delayed 5 second(s)

2017-11-26 00:36:16 - [TEST_STEP][PASSED] - click: Object: 'Object Repository/Rental/RentalHeader/RentalContract.SetLine' is clicked on

2017-11-26 00:36:16 - [MESSAGE][PASSED] - Object: 'Object Repository/Rental/RentalHeader/RentalContract.SetLine' is clicked on

2017-11-26 00:36:16 - [TEST_STEP][PASSED] - delay: Delayed 5 second(s)

2017-11-26 00:36:21 - [MESSAGE][PASSED] - Delayed 5 second(s)

2017-11-26 00:36:21 - [TEST_STEP][PASSED] - scrollToElement: Scroll to object 'Object Repository/Rental/RentalHeader/RentalContract.Unit' successfully

2017-11-26 00:36:21 - [MESSAGE][PASSED] - Scroll to object 'Object Repository/Rental/RentalHeader/RentalContract.Unit' successfully

2017-11-26 00:36:21 - [TEST_STEP][PASSED] - delay: Delayed 3 second(s)

2017-11-26 00:36:24 - [MESSAGE][PASSED] - Delayed 3 second(s)

2017-11-26 00:36:24 - [TEST_STEP][NOT_RUN] - getText: NOT_RUN: getText

2017-11-26 00:36:24 - [MESSAGE][NOT_RUN] - NOT_RUN: getText

2017-11-26 00:36:24 - [TEST_STEP][PASSED] - click: Object: 'Object Repository/Rental/RentalHeader/RentalContract.Unit' is clicked on

2017-11-26 00:36:25 - [MESSAGE][PASSED] - Object: 'Object Repository/Rental/RentalHeader/RentalContract.Unit' is clicked on

2017-11-26 00:36:25 - [TEST_STEP][PASSED] - delay: Delayed 5 second(s)

2017-11-26 00:36:30 - [MESSAGE][PASSED] - Delayed 5 second(s)

2017-11-26 00:36:30 - [TEST_STEP][PASSED] - setText: Text '' is set on object 'Object Repository/Rental/RentalHeader/RentalContract.Unit'

2017-11-26 00:36:30 - [MESSAGE][PASSED] - Text '' is set on object 'Object Repository/Rental/RentalHeader/RentalContract.Unit'

2017-11-26 00:36:30 - [TEST_STEP][PASSED] - delay: Delayed 5 second(s)

2017-11-26 00:36:35 - [MESSAGE][PASSED] - Delayed 5 second(s)

2017-11-26 00:36:35 - [TEST_STEP][PASSED] - scrollToElement: Scroll to object 'Object Repository/Rental/RentalHeader/RentalContract.MultipleInsurence' successfully

2017-11-26 00:36:35 - [MESSAGE][PASSED] - Scroll to object 'Object Repository/Rental/RentalHeader/RentalContract.MultipleInsurence' successfully

2017-11-26 00:36:35 - [TEST_STEP][PASSED] - delay: Delayed 5 second(s)

2017-11-26 00:36:40 - [MESSAGE][PASSED] - Delayed 5 second(s)

2017-11-26 00:36:40 - [TEST_STEP][PASSED] - doubleClick: Object: 'Object Repository/Rental/RentalHeader/RentalContract.MultipleInsurence' is double clicked on

2017-11-26 00:36:40 - [MESSAGE][PASSED] - Object: 'Object Repository/Rental/RentalHeader/RentalContract.MultipleInsurence' is double clicked on

2017-11-26 00:36:40 - [TEST_STEP][PASSED] - delay: Delayed 5 second(s)

2017-11-26 00:36:45 - [MESSAGE][PASSED] - Delayed 5 second(s)

2017-11-26 00:36:45 - [TEST_STEP][FAILED] - click: Unable to click on object 'Object Repository/Rental/RentalHeader/RentalContract.MultipleInsurence' (Root cause: org.openqa.selenium.WebDriverException: Element <div class="ListOutputField" style="width: 100%;" id="erext4501m001-1-grid-1-erext401.muin-29-0-widget"></div> is not clickable at point (1275, 565.0499877929688). Other element would receive the click: <div class="WindowManagerGlass" style="z-index: 1;"></div>
Command duration or timeout: 94 milliseconds
Build info: version: '2.53.0', revision: '35ae25b', time: '2016-03-15 17:00:58'
System info: host: 'ANIL110', ip: '192.168.25.228', os.name: 'Windows 7', os.arch: 'amd64', os.version: '6.1', java.version: '1.8.0_102'
Driver info: com.kms.katalon.core.webui.driver.firefox.CFirefoxDriver47
Capabilities [{applicationCacheEnabled=true, rotatable=false, handlesAlerts=true, databaseEnabled=true, version=56.0, platform=WINDOWS, nativeEvents=false, acceptSslCerts=true, webStorageEnabled=true, locationContextEnabled=true, browserName=firefox, takesScreenshot=true, javascriptEnabled=true, cssSelectorsEnabled=true}]
Session ID: a98d7df7-0544-4e4c-93a2-ba14c4874988)

2017-11-26 00:36:45 - [MESSAGE][FAILED] - Unable to click on object 'Object Repository/Rental/RentalHeader/RentalContract.MultipleInsurence' (Root cause: org.openqa.selenium.WebDriverException: Element <div class="ListOutputField" style="width: 100%;" id="erext4501m001-1-grid-1-erext401.muin-29-0-widget"></div> is not clickable at point (1275, 565.0499877929688). Other element would receive the click: <div class="WindowManagerGlass" style="z-index: 1;"></div>
Command duration or timeout: 94 milliseconds
Build info: version: '2.53.0', revision: '35ae25b', time: '2016-03-15 17:00:58'
System info: host: 'ANIL110', ip: '192.168.25.228', os.name: 'Windows 7', os.arch: 'amd64', os.version: '6.1', java.version: '1.8.0_102'
Driver info: com.kms.katalon.core.webui.driver.firefox.CFirefoxDriver47
Capabilities [{applicationCacheEnabled=true, rotatable=false, handlesAlerts=true, databaseEnabled=true, version=56.0, platform=WINDOWS, nativeEvents=false, acceptSslCerts=true, webStorageEnabled=true, locationContextEnabled=true, browserName=firefox, takesScreenshot=true, javascriptEnabled=true, cssSelectorsEnabled=true}]
Session ID: a98d7df7-0544-4e4c-93a2-ba14c4874988)
[[ATTACHMENT|C:\\Users\\agawhande\\git\\CreditCard\\Reports\\CC_RentalInvoicewithDiffGatewayTestSuite\\20171126_000020\\1511636805736.png]]

2017-11-26 00:36:45 - [TEST_STEP][NOT_RUN] - doubleClick: NOT_RUN: doubleClick

2017-11-26 00:36:45 - [MESSAGE][NOT_RUN] - NOT_RUN: doubleClick

2017-11-26 00:36:45 - [TEST_STEP][PASSED] - delay: Delayed 5 second(s)

2017-11-26 00:36:50 - [MESSAGE][PASSED] - Delayed 5 second(s)

2017-11-26 00:36:50 - [TEST_STEP][FAILED] - click: Unable to click on object 'Object Repository/Rental/RentalHeader/RentalContract.MultiInsNO' (Root cause: com.kms.katalon.core.webui.exception.WebElementNotFoundException: Web element with id: 'Object Repository/Rental/RentalHeader/RentalContract.MultiInsNO' located by 'By.xpath: //*[@id = 'item_1-label']' not found)

2017-11-26 00:37:23 - [MESSAGE][FAILED] - Unable to click on object 'Object Repository/Rental/RentalHeader/RentalContract.MultiInsNO' (Root cause: com.kms.katalon.core.webui.exception.WebElementNotFoundException: Web element with id: 'Object Repository/Rental/RentalHeader/RentalContract.MultiInsNO' located by 'By.xpath: //*[@id = 'item_1-label']' not found)
[[ATTACHMENT|C:\\Users\\agawhande\\git\\CreditCard\\Reports\\CC_RentalInvoicewithDiffGatewayTestSuite\\20171126_000020\\1511636843092.png]]

2017-11-26 00:37:23 - [TEST_STEP][PASSED] - delay: Delayed 5 second(s)

2017-11-26 00:37:28 - [MESSAGE][PASSED] - Delayed 5 second(s)

2017-11-26 00:37:28 - [TEST_STEP][PASSED] - scrollToElement: Scroll to object 'Object Repository/Rental/RentalHeader/RentalContract.GrossRateline' successfully

2017-11-26 00:37:28 - [MESSAGE][PASSED] - Scroll to object 'Object Repository/Rental/RentalHeader/RentalContract.GrossRateline' successfully

2017-11-26 00:37:28 - [TEST_STEP][NOT_RUN] - delay: NOT_RUN: delay

2017-11-26 00:37:28 - [MESSAGE][NOT_RUN] - NOT_RUN: delay

2017-11-26 00:37:28 - [TEST_STEP][FAILED] - doubleClick: Unable to double click on object 'Object Repository/Rental/RentalHeader/RentalContract.GrossRateline' (Root cause: org.openqa.selenium.WebDriverException: Element <label class="Label TextOutputField" id="erext4501m001-1-grid-1-erext401.prwd-36-0-widget"></label> is not clickable at point (1331, 565.5333251953125). Other element would receive the click: <div class="WindowManagerGlass" style="z-index: 1;"></div> (WARNING: The server did not provide any stacktrace information)
Command duration or timeout: 19 milliseconds
Build info: version: '2.53.0', revision: '35ae25b', time: '2016-03-15 17:00:58'
System info: host: 'ANIL110', ip: '192.168.25.228', os.name: 'Windows 7', os.arch: 'amd64', os.version: '6.1', java.version: '1.8.0_102'
Driver info: com.kms.katalon.core.webui.driver.firefox.CFirefoxDriver47
Capabilities [{applicationCacheEnabled=true, rotatable=false, handlesAlerts=true, databaseEnabled=true, version=56.0, platform=WINDOWS, nativeEvents=false, acceptSslCerts=true, webStorageEnabled=true, locationContextEnabled=true, browserName=firefox, takesScreenshot=true, javascriptEnabled=true, cssSelectorsEnabled=true}]
Session ID: a98d7df7-0544-4e4c-93a2-ba14c4874988)

2017-11-26 00:37:28 - [MESSAGE][FAILED] - Unable to double click on object 'Object Repository/Rental/RentalHeader/RentalContract.GrossRateline' (Root cause: org.openqa.selenium.WebDriverException: Element <label class="Label TextOutputField" id="erext4501m001-1-grid-1-erext401.prwd-36-0-widget"></label> is not clickable at point (1331, 565.5333251953125). Other element would receive the click: <div class="WindowManagerGlass" style="z-index: 1;"></div> (WARNING: The server did not provide any stacktrace information)
Command duration or timeout: 19 milliseconds
Build info: version: '2.53.0', revision: '35ae25b', time: '2016-03-15 17:00:58'
System info: host: 'ANIL110', ip: '192.168.25.228', os.name: 'Windows 7', os.arch: 'amd64', os.version: '6.1', java.version: '1.8.0_102'
Driver info: com.kms.katalon.core.webui.driver.firefox.CFirefoxDriver47
Capabilities [{applicationCacheEnabled=true, rotatable=false, handlesAlerts=true, databaseEnabled=true, version=56.0, platform=WINDOWS, nativeEvents=false, acceptSslCerts=true, webStorageEnabled=true, locationContextEnabled=true, browserName=firefox, takesScreenshot=true, javascriptEnabled=true, cssSelectorsEnabled=true}]
Session ID: a98d7df7-0544-4e4c-93a2-ba14c4874988)
[[ATTACHMENT|C:\\Users\\agawhande\\git\\CreditCard\\Reports\\CC_RentalInvoicewithDiffGatewayTestSuite\\20171126_000020\\1511636848469.png]]

2017-11-26 00:37:28 - [TEST_STEP][PASSED] - delay: Delayed 2 second(s)

2017-11-26 00:37:30 - [MESSAGE][PASSED] - Delayed 2 second(s)

2017-11-26 00:37:30 - [TEST_STEP][FAILED] - click: Unable to click on object 'Object Repository/Rental/RentalHeader/RentalContract.GrossRateline' (Root cause: org.openqa.selenium.WebDriverException: Element <label class="Label TextOutputField" id="erext4501m001-1-grid-1-erext401.prwd-36-0-widget"></label> is not clickable at point (1331, 564.5333251953125). Other element would receive the click: <div class="WindowManagerGlass" style="z-index: 1;"></div>
Command duration or timeout: 94 milliseconds
Build info: version: '2.53.0', revision: '35ae25b', time: '2016-03-15 17:00:58'
System info: host: 'ANIL110', ip: '192.168.25.228', os.name: 'Windows 7', os.arch: 'amd64', os.version: '6.1', java.version: '1.8.0_102'
Driver info: com.kms.katalon.core.webui.driver.firefox.CFirefoxDriver47
Capabilities [{applicationCacheEnabled=true, rotatable=false, handlesAlerts=true, databaseEnabled=true, version=56.0, platform=WINDOWS, nativeEvents=false, acceptSslCerts=true, webStorageEnabled=true, locationContextEnabled=true, browserName=firefox, takesScreenshot=true, javascriptEnabled=true, cssSelectorsEnabled=true}]
Session ID: a98d7df7-0544-4e4c-93a2-ba14c4874988)

2017-11-26 00:37:30 - [MESSAGE][FAILED] - Unable to click on object 'Object Repository/Rental/RentalHeader/RentalContract.GrossRateline' (Root cause: org.openqa.selenium.WebDriverException: Element <label class="Label TextOutputField" id="erext4501m001-1-grid-1-erext401.prwd-36-0-widget"></label> is not clickable at point (1331, 564.5333251953125). Other element would receive the click: <div class="WindowManagerGlass" style="z-index: 1;"></div>
Command duration or timeout: 94 milliseconds
Build info: version: '2.53.0', revision: '35ae25b', time: '2016-03-15 17:00:58'
System info: host: 'ANIL110', ip: '192.168.25.228', os.name: 'Windows 7', os.arch: 'amd64', os.version: '6.1', java.version: '1.8.0_102'
Driver info: com.kms.katalon.core.webui.driver.firefox.CFirefoxDriver47
Capabilities [{applicationCacheEnabled=true, rotatable=false, handlesAlerts=true, databaseEnabled=true, version=56.0, platform=WINDOWS, nativeEvents=false, acceptSslCerts=true, webStorageEnabled=true, locationContextEnabled=true, browserName=firefox, takesScreenshot=true, javascriptEnabled=true, cssSelectorsEnabled=true}]
Session ID: a98d7df7-0544-4e4c-93a2-ba14c4874988)
[[ATTACHMENT|C:\\Users\\agawhande\\git\\CreditCard\\Reports\\CC_RentalInvoicewithDiffGatewayTestSuite\\20171126_000020\\1511636850716.png]]

2017-11-26 00:37:30 - [TEST_STEP][PASSED] - delay: Delayed 2 second(s)

2017-11-26 00:37:32 - [MESSAGE][PASSED] - Delayed 2 second(s)

2017-11-26 00:37:32 - [TEST_STEP][FAILED] - setText: Unable to set text '100' of object 'Object Repository/Rental/RentalHeader/RentalContract.GrossRateline' (Root cause: org.openqa.selenium.InvalidElementStateException: Element must be user-editable in order to clear it.
Command duration or timeout: 28 milliseconds
Build info: version: '2.53.0', revision: '35ae25b', time: '2016-03-15 17:00:58'
System info: host: 'ANIL110', ip: '192.168.25.228', os.name: 'Windows 7', os.arch: 'amd64', os.version: '6.1', java.version: '1.8.0_102'
Driver info: com.kms.katalon.core.webui.driver.firefox.CFirefoxDriver47
Capabilities [{applicationCacheEnabled=true, rotatable=false, handlesAlerts=true, databaseEnabled=true, version=56.0, platform=WINDOWS, nativeEvents=false, acceptSslCerts=true, webStorageEnabled=true, locationContextEnabled=true, browserName=firefox, takesScreenshot=true, javascriptEnabled=true, cssSelectorsEnabled=true}]
Session ID: a98d7df7-0544-4e4c-93a2-ba14c4874988)

2017-11-26 00:37:33 - [MESSAGE][FAILED] - Unable to set text '100' of object 'Object Repository/Rental/RentalHeader/RentalContract.GrossRateline' (Root cause: org.openqa.selenium.InvalidElementStateException: Element must be user-editable in order to clear it.
Command duration or timeout: 28 milliseconds
Build info: version: '2.53.0', revision: '35ae25b', time: '2016-03-15 17:00:58'
System info: host: 'ANIL110', ip: '192.168.25.228', os.name: 'Windows 7', os.arch: 'amd64', os.version: '6.1', java.version: '1.8.0_102'
Driver info: com.kms.katalon.core.webui.driver.firefox.CFirefoxDriver47
Capabilities [{applicationCacheEnabled=true, rotatable=false, handlesAlerts=true, databaseEnabled=true, version=56.0, platform=WINDOWS, nativeEvents=false, acceptSslCerts=true, webStorageEnabled=true, locationContextEnabled=true, browserName=firefox, takesScreenshot=true, javascriptEnabled=true, cssSelectorsEnabled=true}]
Session ID: a98d7df7-0544-4e4c-93a2-ba14c4874988)
[[ATTACHMENT|C:\\Users\\agawhande\\git\\CreditCard\\Reports\\CC_RentalInvoicewithDiffGatewayTestSuite\\20171126_000020\\1511636852916.png]]

2017-11-26 00:37:33 - [TEST_STEP][PASSED] - delay: Delayed 4 second(s)

2017-11-26 00:37:37 - [MESSAGE][PASSED] - Delayed 4 second(s)

2017-11-26 00:37:37 - [TEST_STEP][FAILED] - click: Unable to click on object 'Object Repository/Rental/RentalHeader/RentalContract.SaveHeader' (Root cause: org.openqa.selenium.WebDriverException: Element <div tabindex="0" class="Button" id="erext4100s004-0-button-std-file.save" draggable="true"></div> is not clickable at point (51, 79). Other element would receive the click: <div class="WindowManagerGlass" style="z-index: 1;"></div>
Command duration or timeout: 73 milliseconds
Build info: version: '2.53.0', revision: '35ae25b', time: '2016-03-15 17:00:58'
System info: host: 'ANIL110', ip: '192.168.25.228', os.name: 'Windows 7', os.arch: 'amd64', os.version: '6.1', java.version: '1.8.0_102'
Driver info: com.kms.katalon.core.webui.driver.firefox.CFirefoxDriver47
Capabilities [{applicationCacheEnabled=true, rotatable=false, handlesAlerts=true, databaseEnabled=true, version=56.0, platform=WINDOWS, nativeEvents=false, acceptSslCerts=true, webStorageEnabled=true, locationContextEnabled=true, browserName=firefox, takesScreenshot=true, javascriptEnabled=true, cssSelectorsEnabled=true}]
Session ID: a98d7df7-0544-4e4c-93a2-ba14c4874988)

2017-11-26 00:37:37 - [MESSAGE][FAILED] - Unable to click on object 'Object Repository/Rental/RentalHeader/RentalContract.SaveHeader' (Root cause: org.openqa.selenium.WebDriverException: Element <div tabindex="0" class="Button" id="erext4100s004-0-button-std-file.save" draggable="true"></div> is not clickable at point (51, 79). Other element would receive the click: <div class="WindowManagerGlass" style="z-index: 1;"></div>
Command duration or timeout: 73 milliseconds
Build info: version: '2.53.0', revision: '35ae25b', time: '2016-03-15 17:00:58'
System info: host: 'ANIL110', ip: '192.168.25.228', os.name: 'Windows 7', os.arch: 'amd64', os.version: '6.1', java.version: '1.8.0_102'
Driver info: com.kms.katalon.core.webui.driver.firefox.CFirefoxDriver47
Capabilities [{applicationCacheEnabled=true, rotatable=false, handlesAlerts=true, databaseEnabled=true, version=56.0, platform=WINDOWS, nativeEvents=false, acceptSslCerts=true, webStorageEnabled=true, locationContextEnabled=true, browserName=firefox, takesScreenshot=true, javascriptEnabled=true, cssSelectorsEnabled=true}]
Session ID: a98d7df7-0544-4e4c-93a2-ba14c4874988)
[[ATTACHMENT|C:\\Users\\agawhande\\git\\CreditCard\\Reports\\CC_RentalInvoicewithDiffGatewayTestSuite\\20171126_000020\\1511636857143.png]]

2017-11-26 00:37:37 - [TEST_STEP][PASSED] - delay: Delayed 5 second(s)

2017-11-26 00:37:42 - [MESSAGE][PASSED] - Delayed 5 second(s)

2017-11-26 00:37:42 - [TEST_STEP][FAILED] - click: Unable to click on object 'Object Repository/Rental/RentalHeader/RentalContract.Action' (Root cause: org.openqa.selenium.WebDriverException: Element <div tabindex="0" class="Button MenuButton TextButton" id="erext4501m001-1-button-std:action"></div> is not clickable at point (708, 446.01666259765625). Other element would receive the click: <div class="WindowManagerGlass" style="z-index: 1;"></div>
Command duration or timeout: 78 milliseconds
Build info: version: '2.53.0', revision: '35ae25b', time: '2016-03-15 17:00:58'
System info: host: 'ANIL110', ip: '192.168.25.228', os.name: 'Windows 7', os.arch: 'amd64', os.version: '6.1', java.version: '1.8.0_102'
Driver info: com.kms.katalon.core.webui.driver.firefox.CFirefoxDriver47
Capabilities [{applicationCacheEnabled=true, rotatable=false, handlesAlerts=true, databaseEnabled=true, version=56.0, platform=WINDOWS, nativeEvents=false, acceptSslCerts=true, webStorageEnabled=true, locationContextEnabled=true, browserName=firefox, takesScreenshot=true, javascriptEnabled=true, cssSelectorsEnabled=true}]
Session ID: a98d7df7-0544-4e4c-93a2-ba14c4874988)

2017-11-26 00:37:42 - [MESSAGE][FAILED] - Unable to click on object 'Object Repository/Rental/RentalHeader/RentalContract.Action' (Root cause: org.openqa.selenium.WebDriverException: Element <div tabindex="0" class="Button MenuButton TextButton" id="erext4501m001-1-button-std:action"></div> is not clickable at point (708, 446.01666259765625). Other element would receive the click: <div class="WindowManagerGlass" style="z-index: 1;"></div>
Command duration or timeout: 78 milliseconds
Build info: version: '2.53.0', revision: '35ae25b', time: '2016-03-15 17:00:58'
System info: host: 'ANIL110', ip: '192.168.25.228', os.name: 'Windows 7', os.arch: 'amd64', os.version: '6.1', java.version: '1.8.0_102'
Driver info: com.kms.katalon.core.webui.driver.firefox.CFirefoxDriver47
Capabilities [{applicationCacheEnabled=true, rotatable=false, handlesAlerts=true, databaseEnabled=true, version=56.0, platform=WINDOWS, nativeEvents=false, acceptSslCerts=true, webStorageEnabled=true, locationContextEnabled=true, browserName=firefox, takesScreenshot=true, javascriptEnabled=true, cssSelectorsEnabled=true}]
Session ID: a98d7df7-0544-4e4c-93a2-ba14c4874988)
[[ATTACHMENT|C:\\Users\\agawhande\\git\\CreditCard\\Reports\\CC_RentalInvoicewithDiffGatewayTestSuite\\20171126_000020\\1511636862382.png]]

2017-11-26 00:37:42 - [TEST_STEP][PASSED] - delay: Delayed 8 second(s)

2017-11-26 00:37:50 - [MESSAGE][PASSED] - Delayed 8 second(s)

2017-11-26 00:37:50 - [TEST_STEP][FAILED] - click: Unable to click on object 'Object Repository/Rental/RentalHeader/RentalContract.Release' (Root cause: com.kms.katalon.core.webui.exception.WebElementNotFoundException: Web element with id: 'Object Repository/Rental/RentalHeader/RentalContract.Release' located by 'By.xpath: //*[@id = 'erext4501m001-1-menu-std:action-form-to.erext4201m001']' not found)

2017-11-26 00:38:22 - [MESSAGE][FAILED] - Unable to click on object 'Object Repository/Rental/RentalHeader/RentalContract.Release' (Root cause: com.kms.katalon.core.webui.exception.WebElementNotFoundException: Web element with id: 'Object Repository/Rental/RentalHeader/RentalContract.Release' located by 'By.xpath: //*[@id = 'erext4501m001-1-menu-std:action-form-to.erext4201m001']' not found)
[[ATTACHMENT|C:\\Users\\agawhande\\git\\CreditCard\\Reports\\CC_RentalInvoicewithDiffGatewayTestSuite\\20171126_000020\\1511636902674.png]]

2017-11-26 00:38:22 - [TEST_STEP][PASSED] - delay: Delayed 12 second(s)

2017-11-26 00:38:34 - [MESSAGE][PASSED] - Delayed 12 second(s)

2017-11-26 00:38:34 - [TEST_STEP][FAILED] - click: Unable to click on object 'Object Repository/Rental/RentalHeader/RentalContract.ActionDelivery' (Root cause: com.kms.katalon.core.webui.exception.WebElementNotFoundException: Web element with id: 'Object Repository/Rental/RentalHeader/RentalContract.ActionDelivery' located by 'By.xpath: //*[@id = 'erext9502m001-2-button-std:action']' not found)

2017-11-26 00:39:07 - [MESSAGE][FAILED] - Unable to click on object 'Object Repository/Rental/RentalHeader/RentalContract.ActionDelivery' (Root cause: com.kms.katalon.core.webui.exception.WebElementNotFoundException: Web element with id: 'Object Repository/Rental/RentalHeader/RentalContract.ActionDelivery' located by 'By.xpath: //*[@id = 'erext9502m001-2-button-std:action']' not found)
[[ATTACHMENT|C:\\Users\\agawhande\\git\\CreditCard\\Reports\\CC_RentalInvoicewithDiffGatewayTestSuite\\20171126_000020\\1511636946871.png]]

2017-11-26 00:39:07 - [TEST_STEP][PASSED] - delay: Delayed 6 second(s)

2017-11-26 00:39:13 - [MESSAGE][PASSED] - Delayed 6 second(s)

2017-11-26 00:39:13 - [TEST_STEP][FAILED] - click: Unable to click on object 'Object Repository/Rental/RentalHeader/RentalContract.ConfirmDelivery' (Root cause: com.kms.katalon.core.webui.exception.WebElementNotFoundException: Web element with id: 'Object Repository/Rental/RentalHeader/RentalContract.ConfirmDelivery' located by 'By.xpath: //*[@id = 'erext9502m001-2-menu-std:action-form-confirm.delv']' not found)

2017-11-26 00:39:45 - [MESSAGE][FAILED] - Unable to click on object 'Object Repository/Rental/RentalHeader/RentalContract.ConfirmDelivery' (Root cause: com.kms.katalon.core.webui.exception.WebElementNotFoundException: Web element with id: 'Object Repository/Rental/RentalHeader/RentalContract.ConfirmDelivery' located by 'By.xpath: //*[@id = 'erext9502m001-2-menu-std:action-form-confirm.delv']' not found)
[[ATTACHMENT|C:\\Users\\agawhande\\git\\CreditCard\\Reports\\CC_RentalInvoicewithDiffGatewayTestSuite\\20171126_000020\\1511636984988.png]]

2017-11-26 00:39:45 - [TEST_STEP][PASSED] - delay: Delayed 8 second(s)

2017-11-26 00:39:53 - [MESSAGE][PASSED] - Delayed 8 second(s)

2017-11-26 00:39:53 - [TEST_STEP][NOT_RUN] - waitForElementPresent: NOT_RUN: waitForElementPresent

2017-11-26 00:39:53 - [MESSAGE][NOT_RUN] - NOT_RUN: waitForElementPresent

2017-11-26 00:39:53 - [TEST_STEP][NOT_RUN] - delay: NOT_RUN: delay

2017-11-26 00:39:53 - [MESSAGE][NOT_RUN] - NOT_RUN: delay

2017-11-26 00:39:53 - [TEST_STEP][FAILED] - click: Unable to click on object 'Object Repository/Rental/RentalHeader/RentalContract.DeliveryProceed' (Root cause: com.kms.katalon.core.webui.exception.WebElementNotFoundException: Web element with id: 'Object Repository/Rental/RentalHeader/RentalContract.DeliveryProceed' located by 'By.xpath: //*[@id = 'dlg-erext9502m001-2-input-button-0']' not found)

2017-11-26 00:40:25 - [MESSAGE][FAILED] - Unable to click on object 'Object Repository/Rental/RentalHeader/RentalContract.DeliveryProceed' (Root cause: com.kms.katalon.core.webui.exception.WebElementNotFoundException: Web element with id: 'Object Repository/Rental/RentalHeader/RentalContract.DeliveryProceed' located by 'By.xpath: //*[@id = 'dlg-erext9502m001-2-input-button-0']' not found)
[[ATTACHMENT|C:\\Users\\agawhande\\git\\CreditCard\\Reports\\CC_RentalInvoicewithDiffGatewayTestSuite\\20171126_000020\\1511637025249.png]]

2017-11-26 00:40:25 - [TEST_STEP][PASSED] - delay: Delayed 12 second(s)

2017-11-26 00:40:37 - [MESSAGE][PASSED] - Delayed 12 second(s)

2017-11-26 00:40:37 - [TEST_STEP][NOT_RUN] - waitForElementPresent: NOT_RUN: waitForElementPresent

2017-11-26 00:40:37 - [MESSAGE][NOT_RUN] - NOT_RUN: waitForElementPresent

2017-11-26 00:40:37 - [TEST_STEP][NOT_RUN] - delay: NOT_RUN: delay

2017-11-26 00:40:37 - [MESSAGE][NOT_RUN] - NOT_RUN: delay

2017-11-26 00:40:37 - [TEST_STEP][NOT_RUN] - click: NOT_RUN: click

2017-11-26 00:40:37 - [MESSAGE][NOT_RUN] - NOT_RUN: click

2017-11-26 00:40:37 - [TEST_STEP][PASSED] - delay: Delayed 8 second(s)

2017-11-26 00:40:45 - [MESSAGE][PASSED] - Delayed 8 second(s)

2017-11-26 00:40:45 - [TEST_STEP][FAILED] - click: Unable to click on object 'Object Repository/Rental/RentalHeader/RentalContract.InspetionReportClose' (Root cause: com.kms.katalon.core.webui.exception.WebElementNotFoundException: Web element with id: 'Object Repository/Rental/RentalHeader/RentalContract.InspetionReportClose' located by 'By.xpath: //*[@id = 'ttstpsplopen-5-button-std-file.close-label']' not found)

2017-11-26 00:41:17 - [MESSAGE][FAILED] - Unable to click on object 'Object Repository/Rental/RentalHeader/RentalContract.InspetionReportClose' (Root cause: com.kms.katalon.core.webui.exception.WebElementNotFoundException: Web element with id: 'Object Repository/Rental/RentalHeader/RentalContract.InspetionReportClose' located by 'By.xpath: //*[@id = 'ttstpsplopen-5-button-std-file.close-label']' not found)
[[ATTACHMENT|C:\\Users\\agawhande\\git\\CreditCard\\Reports\\CC_RentalInvoicewithDiffGatewayTestSuite\\20171126_000020\\1511637077469.png]]

2017-11-26 00:41:17 - [TEST_STEP][PASSED] - delay: Delayed 5 second(s)

2017-11-26 00:41:22 - [MESSAGE][PASSED] - Delayed 5 second(s)

2017-11-26 00:41:22 - [TEST_STEP][FAILED] - click: Unable to click on object 'Object Repository/Rental/RentalHeader/RentalContract.BillofLaddingClosed' (Root cause: com.kms.katalon.core.webui.exception.WebElementNotFoundException: Web element with id: 'Object Repository/Rental/RentalHeader/RentalContract.BillofLaddingClosed' located by 'By.xpath: //*[@id = 'ttstpsplopen-6-button-std-file.close-label']' not found)

2017-11-26 00:41:54 - [MESSAGE][FAILED] - Unable to click on object 'Object Repository/Rental/RentalHeader/RentalContract.BillofLaddingClosed' (Root cause: com.kms.katalon.core.webui.exception.WebElementNotFoundException: Web element with id: 'Object Repository/Rental/RentalHeader/RentalContract.BillofLaddingClosed' located by 'By.xpath: //*[@id = 'ttstpsplopen-6-button-std-file.close-label']' not found)
[[ATTACHMENT|C:\\Users\\agawhande\\git\\CreditCard\\Reports\\CC_RentalInvoicewithDiffGatewayTestSuite\\20171126_000020\\1511637114661.png]]

2017-11-26 00:41:54 - [TEST_STEP][PASSED] - delay: Delayed 5 second(s)

2017-11-26 00:41:59 - [MESSAGE][PASSED] - Delayed 5 second(s)

2017-11-26 00:41:59 - [TEST_STEP][FAILED] - click: Unable to click on object 'Object Repository/Rental/RentalHeader/RentalContract.EqipRentalMemoclosed' (Root cause: com.kms.katalon.core.webui.exception.WebElementNotFoundException: Web element with id: 'Object Repository/Rental/RentalHeader/RentalContract.EqipRentalMemoclosed' located by 'By.xpath: //*[@id = 'ttstpsplopen-8-button-std-file.close-label']' not found)

2017-11-26 00:42:31 - [MESSAGE][FAILED] - Unable to click on object 'Object Repository/Rental/RentalHeader/RentalContract.EqipRentalMemoclosed' (Root cause: com.kms.katalon.core.webui.exception.WebElementNotFoundException: Web element with id: 'Object Repository/Rental/RentalHeader/RentalContract.EqipRentalMemoclosed' located by 'By.xpath: //*[@id = 'ttstpsplopen-8-button-std-file.close-label']' not found)
[[ATTACHMENT|C:\\Users\\agawhande\\git\\CreditCard\\Reports\\CC_RentalInvoicewithDiffGatewayTestSuite\\20171126_000020\\1511637151763.png]]

2017-11-26 00:42:31 - [TEST_STEP][PASSED] - delay: Delayed 5 second(s)

2017-11-26 00:42:36 - [MESSAGE][PASSED] - Delayed 5 second(s)

2017-11-26 00:42:36 - [TEST_STEP][FAILED] - click: Unable to click on object 'Object Repository/Rental/RentalHeader/RentalContract.InspectionOrdergnerated' (Root cause: com.kms.katalon.core.webui.exception.WebElementNotFoundException: Web element with id: 'Object Repository/Rental/RentalHeader/RentalContract.InspectionOrdergnerated' located by 'By.xpath: //*[@id = 'dlg-erext4205m000-3-input-button-0-label']' not found)

2017-11-26 00:43:09 - [MESSAGE][FAILED] - Unable to click on object 'Object Repository/Rental/RentalHeader/RentalContract.InspectionOrdergnerated' (Root cause: com.kms.katalon.core.webui.exception.WebElementNotFoundException: Web element with id: 'Object Repository/Rental/RentalHeader/RentalContract.InspectionOrdergnerated' located by 'By.xpath: //*[@id = 'dlg-erext4205m000-3-input-button-0-label']' not found)
[[ATTACHMENT|C:\\Users\\agawhande\\git\\CreditCard\\Reports\\CC_RentalInvoicewithDiffGatewayTestSuite\\20171126_000020\\1511637189127.png]]

2017-11-26 00:43:09 - [MESSAGE][FAILED] - Unable to call Test Case with id 'Test Cases/Rental/Base_RentalContract/Base_CreateRentalHeader' (Root cause: Call Test Case 'Test Cases/Rental/Base_RentalContract/Base_CreateRentalHeader' failed)

2017-11-26 00:43:09 - [TEST_STEP][FAILED] - callTestCase: Unable to call Test Case with id 'Test Cases/Rental/Base_RentalContract/Base_CreateRentalInvoice_CC' (Root cause: Call Test Case 'Test Cases/Rental/Base_RentalContract/Base_CreateRentalInvoice_CC' failed)

2017-11-26 00:43:09 - [TEST_CASE][FAILED] - Test Cases/Rental/Base_RentalContract/Base_CreateRentalInvoice_CC: Test Cases/Rental/Base_RentalContract/Base_CreateRentalInvoice_CC FAILED because (of) Unable to click on object 'Object Repository/Rental/RentalHeader/RentalInvoice/RentalInvoice.InvoicingscheduleTab' (Root cause: org.openqa.selenium.WebDriverException: Element <label class="Label" id="erext4100s004-0-satellites-bar-page-3-label"></label> is not clickable at point (350, 418). Other element would receive the click: <div class="WindowManagerGlass" style="z-index: 1;"></div>
Command duration or timeout: 81 milliseconds
Build info: version: '2.53.0', revision: '35ae25b', time: '2016-03-15 17:00:58'
System info: host: 'ANIL110', ip: '192.168.25.228', os.name: 'Windows 7', os.arch: 'amd64', os.version: '6.1', java.version: '1.8.0_102'
Driver info: com.kms.katalon.core.webui.driver.firefox.CFirefoxDriver47
Capabilities [{applicationCacheEnabled=true, rotatable=false, handlesAlerts=true, databaseEnabled=true, version=56.0, platform=WINDOWS, nativeEvents=false, acceptSslCerts=true, webStorageEnabled=true, locationContextEnabled=true, browserName=firefox, takesScreenshot=true, javascriptEnabled=true, cssSelectorsEnabled=true}]
Session ID: a98d7df7-0544-4e4c-93a2-ba14c4874988)

2017-11-26 00:43:09 - [TEST_STEP][NOT_RUN] - callTestCase: NOT_RUN: callTestCase

2017-11-26 00:43:09 - [MESSAGE][NOT_RUN] - NOT_RUN: callTestCase

2017-11-26 00:43:09 - [TEST_STEP][PASSED] - delay: Delayed 4 second(s)

2017-11-26 00:43:13 - [MESSAGE][PASSED] - Delayed 4 second(s)

2017-11-26 00:43:13 - [TEST_STEP][FAILED] - click: Unable to click on object 'Object Repository/Rental/RentalHeader/RentalInvoice/RentalInvoice.InvoicingscheduleTab' (Root cause: org.openqa.selenium.WebDriverException: Element <label class="Label" id="erext4100s004-0-satellites-bar-page-3-label"></label> is not clickable at point (350, 418). Other element would receive the click: <div class="WindowManagerGlass" style="z-index: 1;"></div>
Command duration or timeout: 81 milliseconds
Build info: version: '2.53.0', revision: '35ae25b', time: '2016-03-15 17:00:58'
System info: host: 'ANIL110', ip: '192.168.25.228', os.name: 'Windows 7', os.arch: 'amd64', os.version: '6.1', java.version: '1.8.0_102'
Driver info: com.kms.katalon.core.webui.driver.firefox.CFirefoxDriver47
Capabilities [{applicationCacheEnabled=true, rotatable=false, handlesAlerts=true, databaseEnabled=true, version=56.0, platform=WINDOWS, nativeEvents=false, acceptSslCerts=true, webStorageEnabled=true, locationContextEnabled=true, browserName=firefox, takesScreenshot=true, javascriptEnabled=true, cssSelectorsEnabled=true}]
Session ID: a98d7df7-0544-4e4c-93a2-ba14c4874988)

2017-11-26 00:43:13 - [MESSAGE][FAILED] - Unable to click on object 'Object Repository/Rental/RentalHeader/RentalInvoice/RentalInvoice.InvoicingscheduleTab' (Root cause: org.openqa.selenium.WebDriverException: Element <label class="Label" id="erext4100s004-0-satellites-bar-page-3-label"></label> is not clickable at point (350, 418). Other element would receive the click: <div class="WindowManagerGlass" style="z-index: 1;"></div>
Command duration or timeout: 81 milliseconds
Build info: version: '2.53.0', revision: '35ae25b', time: '2016-03-15 17:00:58'
System info: host: 'ANIL110', ip: '192.168.25.228', os.name: 'Windows 7', os.arch: 'amd64', os.version: '6.1', java.version: '1.8.0_102'
Driver info: com.kms.katalon.core.webui.driver.firefox.CFirefoxDriver47
Capabilities [{applicationCacheEnabled=true, rotatable=false, handlesAlerts=true, databaseEnabled=true, version=56.0, platform=WINDOWS, nativeEvents=false, acceptSslCerts=true, webStorageEnabled=true, locationContextEnabled=true, browserName=firefox, takesScreenshot=true, javascriptEnabled=true, cssSelectorsEnabled=true}]
Session ID: a98d7df7-0544-4e4c-93a2-ba14c4874988)
[[ATTACHMENT|C:\\Users\\agawhande\\git\\CreditCard\\Reports\\CC_RentalInvoicewithDiffGatewayTestSuite\\20171126_000020\\1511637193843.png]]

2017-11-26 00:43:13 - [TEST_STEP][PASSED] - delay: Delayed 4 second(s)

2017-11-26 00:43:17 - [MESSAGE][PASSED] - Delayed 4 second(s)

2017-11-26 00:43:17 - [TEST_STEP][FAILED] - click: Unable to click on object 'Object Repository/Rental/RentalHeader/RentalInvoice/RentalInvoice.Action' (Root cause: com.kms.katalon.core.webui.exception.WebElementNotFoundException: Web element with id: 'Object Repository/Rental/RentalHeader/RentalInvoice/RentalInvoice.Action' located by 'By.xpath: //*[@id = 'erext4505m002-9-button-std:action']' not found)

2017-11-26 00:43:50 - [MESSAGE][FAILED] - Unable to click on object 'Object Repository/Rental/RentalHeader/RentalInvoice/RentalInvoice.Action' (Root cause: com.kms.katalon.core.webui.exception.WebElementNotFoundException: Web element with id: 'Object Repository/Rental/RentalHeader/RentalInvoice/RentalInvoice.Action' located by 'By.xpath: //*[@id = 'erext4505m002-9-button-std:action']' not found)
[[ATTACHMENT|C:\\Users\\agawhande\\git\\CreditCard\\Reports\\CC_RentalInvoicewithDiffGatewayTestSuite\\20171126_000020\\1511637230113.png]]

2017-11-26 00:43:50 - [TEST_STEP][PASSED] - delay: Delayed 4 second(s)

2017-11-26 00:43:54 - [MESSAGE][PASSED] - Delayed 4 second(s)

2017-11-26 00:43:54 - [TEST_STEP][FAILED] - click: Unable to click on object 'Object Repository/Rental/RentalHeader/RentalInvoice/RentalInvoice.ProcessInvoice' (Root cause: com.kms.katalon.core.webui.exception.WebElementNotFoundException: Web element with id: 'Object Repository/Rental/RentalHeader/RentalInvoice/RentalInvoice.ProcessInvoice' located by 'By.xpath: //*[@id = 'erext4505m002-9-menu-std:action-form-exec.user.0-label']' not found)

2017-11-26 00:44:26 - [MESSAGE][FAILED] - Unable to click on object 'Object Repository/Rental/RentalHeader/RentalInvoice/RentalInvoice.ProcessInvoice' (Root cause: com.kms.katalon.core.webui.exception.WebElementNotFoundException: Web element with id: 'Object Repository/Rental/RentalHeader/RentalInvoice/RentalInvoice.ProcessInvoice' located by 'By.xpath: //*[@id = 'erext4505m002-9-menu-std:action-form-exec.user.0-label']' not found)
[[ATTACHMENT|C:\\Users\\agawhande\\git\\CreditCard\\Reports\\CC_RentalInvoicewithDiffGatewayTestSuite\\20171126_000020\\1511637266290.png]]

2017-11-26 00:44:26 - [TEST_STEP][PASSED] - delay: Delayed 4 second(s)

2017-11-26 00:44:30 - [MESSAGE][PASSED] - Delayed 4 second(s)

2017-11-26 00:44:30 - [TEST_STEP][FAILED] - click: Unable to click on object 'Object Repository/Rental/RentalHeader/RentalInvoice/RentalInvoice.ProcessInvoice2' (Root cause: com.kms.katalon.core.webui.exception.WebElementNotFoundException: Web element with id: 'Object Repository/Rental/RentalHeader/RentalInvoice/RentalInvoice.ProcessInvoice2' located by 'By.xpath: //*[@id = 'erext4203m001-10-button-form-exec.cont.process-label']' not found)

2017-11-26 00:45:02 - [MESSAGE][FAILED] - Unable to click on object 'Object Repository/Rental/RentalHeader/RentalInvoice/RentalInvoice.ProcessInvoice2' (Root cause: com.kms.katalon.core.webui.exception.WebElementNotFoundException: Web element with id: 'Object Repository/Rental/RentalHeader/RentalInvoice/RentalInvoice.ProcessInvoice2' located by 'By.xpath: //*[@id = 'erext4203m001-10-button-form-exec.cont.process-label']' not found)
[[ATTACHMENT|C:\\Users\\agawhande\\git\\CreditCard\\Reports\\CC_RentalInvoicewithDiffGatewayTestSuite\\20171126_000020\\1511637302516.png]]

2017-11-26 00:45:02 - [TEST_STEP][PASSED] - delay: Delayed 0 second(s)

2017-11-26 00:45:02 - [MESSAGE][PASSED] - Delayed 0 second(s)

2017-11-26 00:45:02 - [TEST_STEP][FAILED] - click: Unable to click on object 'Object Repository/Rental/RentalHeader/RentalInvoice/RentalInvoice.InvoiceProcessYES' (Root cause: com.kms.katalon.core.webui.exception.WebElementNotFoundException: Web element with id: 'Object Repository/Rental/RentalHeader/RentalInvoice/RentalInvoice.InvoiceProcessYES' located by 'By.xpath: //*[@id = 'dlg-erext4203m001-10-input-button-0-label']' not found)

2017-11-26 00:45:34 - [MESSAGE][FAILED] - Unable to click on object 'Object Repository/Rental/RentalHeader/RentalInvoice/RentalInvoice.InvoiceProcessYES' (Root cause: com.kms.katalon.core.webui.exception.WebElementNotFoundException: Web element with id: 'Object Repository/Rental/RentalHeader/RentalInvoice/RentalInvoice.InvoiceProcessYES' located by 'By.xpath: //*[@id = 'dlg-erext4203m001-10-input-button-0-label']' not found)
[[ATTACHMENT|C:\\Users\\agawhande\\git\\CreditCard\\Reports\\CC_RentalInvoicewithDiffGatewayTestSuite\\20171126_000020\\1511637334738.png]]

2017-11-26 00:45:34 - [TEST_STEP][PASSED] - delay: Delayed 0 second(s)

2017-11-26 00:45:34 - [MESSAGE][PASSED] - Delayed 0 second(s)

2017-11-26 00:45:34 - [TEST_STEP][FAILED] - setText: Unable to set text 'PUBL' of object 'Object Repository/Rental/RentalHeader/RentalInvoice/ServiceCreditCard.PaymentGateway' (Root cause: com.kms.katalon.core.webui.exception.WebElementNotFoundException: Web element with id: 'Object Repository/Rental/RentalHeader/RentalInvoice/ServiceCreditCard.PaymentGateway' located by 'By.xpath: //*[@id = 'xiext6102m000-11-pay.gateway-1-lookup-widget']' not found)

2017-11-26 00:46:06 - [MESSAGE][FAILED] - Unable to set text 'PUBL' of object 'Object Repository/Rental/RentalHeader/RentalInvoice/ServiceCreditCard.PaymentGateway' (Root cause: com.kms.katalon.core.webui.exception.WebElementNotFoundException: Web element with id: 'Object Repository/Rental/RentalHeader/RentalInvoice/ServiceCreditCard.PaymentGateway' located by 'By.xpath: //*[@id = 'xiext6102m000-11-pay.gateway-1-lookup-widget']' not found)
[[ATTACHMENT|C:\\Users\\agawhande\\git\\CreditCard\\Reports\\CC_RentalInvoicewithDiffGatewayTestSuite\\20171126_000020\\1511637366854.png]]

2017-11-26 00:46:06 - [TEST_STEP][NOT_RUN] - sendKeys: NOT_RUN: sendKeys

2017-11-26 00:46:06 - [MESSAGE][NOT_RUN] - NOT_RUN: sendKeys

2017-11-26 00:46:06 - [TEST_STEP][FAILED] - doubleClick: Unable to double click on object 'Object Repository/Rental/RentalHeader/RentalInvoice/ServiceCreditCard.CardType' (Root cause: com.kms.katalon.core.webui.exception.WebElementNotFoundException: Web element with id: 'Object Repository/Rental/RentalHeader/RentalInvoice/ServiceCreditCard.CardType' located by 'By.xpath: //*[@id = 'xiext6102m000-11-card.type-3-lookup-widget']' not found)

2017-11-26 00:46:39 - [MESSAGE][FAILED] - Unable to double click on object 'Object Repository/Rental/RentalHeader/RentalInvoice/ServiceCreditCard.CardType' (Root cause: com.kms.katalon.core.webui.exception.WebElementNotFoundException: Web element with id: 'Object Repository/Rental/RentalHeader/RentalInvoice/ServiceCreditCard.CardType' located by 'By.xpath: //*[@id = 'xiext6102m000-11-card.type-3-lookup-widget']' not found)
[[ATTACHMENT|C:\\Users\\agawhande\\git\\CreditCard\\Reports\\CC_RentalInvoicewithDiffGatewayTestSuite\\20171126_000020\\1511637399121.png]]

2017-11-26 00:46:39 - [TEST_STEP][FAILED] - setText: Unable to set text 'Visa Card' of object 'Object Repository/Rental/RentalHeader/RentalInvoice/ServiceCreditCard.CardType' (Root cause: com.kms.katalon.core.webui.exception.WebElementNotFoundException: Web element with id: 'Object Repository/Rental/RentalHeader/RentalInvoice/ServiceCreditCard.CardType' located by 'By.xpath: //*[@id = 'xiext6102m000-11-card.type-3-lookup-widget']' not found)

2017-11-26 00:47:11 - [MESSAGE][FAILED] - Unable to set text 'Visa Card' of object 'Object Repository/Rental/RentalHeader/RentalInvoice/ServiceCreditCard.CardType' (Root cause: com.kms.katalon.core.webui.exception.WebElementNotFoundException: Web element with id: 'Object Repository/Rental/RentalHeader/RentalInvoice/ServiceCreditCard.CardType' located by 'By.xpath: //*[@id = 'xiext6102m000-11-card.type-3-lookup-widget']' not found)
[[ATTACHMENT|C:\\Users\\agawhande\\git\\CreditCard\\Reports\\CC_RentalInvoicewithDiffGatewayTestSuite\\20171126_000020\\1511637431207.png]]

2017-11-26 00:47:11 - [TEST_STEP][PASSED] - delay: Delayed 2 second(s)

2017-11-26 00:47:13 - [MESSAGE][PASSED] - Delayed 2 second(s)

2017-11-26 00:47:13 - [TEST_STEP][FAILED] - doubleClick: Unable to double click on object 'Object Repository/Rental/RentalHeader/RentalInvoice/ServiceCreditCard.Enter CC No' (Root cause: com.kms.katalon.core.webui.exception.WebElementNotFoundException: Web element with id: 'Object Repository/Rental/RentalHeader/RentalInvoice/ServiceCreditCard.Enter CC No' located by 'By.xpath: //*[@id = 'xiext6102m000-11-cardno-7-lookup-widget']' not found)

2017-11-26 00:47:45 - [MESSAGE][FAILED] - Unable to double click on object 'Object Repository/Rental/RentalHeader/RentalInvoice/ServiceCreditCard.Enter CC No' (Root cause: com.kms.katalon.core.webui.exception.WebElementNotFoundException: Web element with id: 'Object Repository/Rental/RentalHeader/RentalInvoice/ServiceCreditCard.Enter CC No' located by 'By.xpath: //*[@id = 'xiext6102m000-11-cardno-7-lookup-widget']' not found)
[[ATTACHMENT|C:\\Users\\agawhande\\git\\CreditCard\\Reports\\CC_RentalInvoicewithDiffGatewayTestSuite\\20171126_000020\\1511637465594.png]]

2017-11-26 00:47:45 - [TEST_STEP][FAILED] - sendKeys: Unable to send keys '4012000033330026' to object 'Object Repository/Rental/RentalHeader/RentalInvoice/ServiceCreditCard.Enter CC No' (Root cause: com.kms.katalon.core.webui.exception.WebElementNotFoundException: Web element with id: 'Object Repository/Rental/RentalHeader/RentalInvoice/ServiceCreditCard.Enter CC No' located by 'By.xpath: //*[@id = 'xiext6102m000-11-cardno-7-lookup-widget']' not found)

2017-11-26 00:48:17 - [MESSAGE][FAILED] - Unable to send keys '4012000033330026' to object 'Object Repository/Rental/RentalHeader/RentalInvoice/ServiceCreditCard.Enter CC No' (Root cause: com.kms.katalon.core.webui.exception.WebElementNotFoundException: Web element with id: 'Object Repository/Rental/RentalHeader/RentalInvoice/ServiceCreditCard.Enter CC No' located by 'By.xpath: //*[@id = 'xiext6102m000-11-cardno-7-lookup-widget']' not found)
[[ATTACHMENT|C:\\Users\\agawhande\\git\\CreditCard\\Reports\\CC_RentalInvoicewithDiffGatewayTestSuite\\20171126_000020\\1511637497636.png]]

2017-11-26 00:48:17 - [TEST_STEP][PASSED] - delay: Delayed 2 second(s)

2017-11-26 00:48:19 - [MESSAGE][PASSED] - Delayed 2 second(s)

2017-11-26 00:48:19 - [TEST_STEP][FAILED] - click: Unable to click on object 'Object Repository/Rental/RentalHeader/RentalInvoice/ServiceCreditCard.CVV2' (Root cause: com.kms.katalon.core.webui.exception.WebElementNotFoundException: Web element with id: 'Object Repository/Rental/RentalHeader/RentalInvoice/ServiceCreditCard.CVV2' located by 'By.xpath: //*[@id = 'xiext6102m000-11-cvv.no-8-decorator']' not found)

2017-11-26 00:48:51 - [MESSAGE][FAILED] - Unable to click on object 'Object Repository/Rental/RentalHeader/RentalInvoice/ServiceCreditCard.CVV2' (Root cause: com.kms.katalon.core.webui.exception.WebElementNotFoundException: Web element with id: 'Object Repository/Rental/RentalHeader/RentalInvoice/ServiceCreditCard.CVV2' located by 'By.xpath: //*[@id = 'xiext6102m000-11-cvv.no-8-decorator']' not found)
[[ATTACHMENT|C:\\Users\\agawhande\\git\\CreditCard\\Reports\\CC_RentalInvoicewithDiffGatewayTestSuite\\20171126_000020\\1511637531856.png]]

2017-11-26 00:48:51 - [TEST_STEP][FAILED] - sendKeys: Unable to send keys '865' to object 'Object Repository/Rental/RentalHeader/RentalInvoice/ServiceCreditCard.CVV2' (Root cause: com.kms.katalon.core.webui.exception.WebElementNotFoundException: Web element with id: 'Object Repository/Rental/RentalHeader/RentalInvoice/ServiceCreditCard.CVV2' located by 'By.xpath: //*[@id = 'xiext6102m000-11-cvv.no-8-decorator']' not found)

2017-11-26 00:49:24 - [MESSAGE][FAILED] - Unable to send keys '865' to object 'Object Repository/Rental/RentalHeader/RentalInvoice/ServiceCreditCard.CVV2' (Root cause: com.kms.katalon.core.webui.exception.WebElementNotFoundException: Web element with id: 'Object Repository/Rental/RentalHeader/RentalInvoice/ServiceCreditCard.CVV2' located by 'By.xpath: //*[@id = 'xiext6102m000-11-cvv.no-8-decorator']' not found)
[[ATTACHMENT|C:\\Users\\agawhande\\git\\CreditCard\\Reports\\CC_RentalInvoicewithDiffGatewayTestSuite\\20171126_000020\\1511637563902.png]]

2017-11-26 00:49:24 - [TEST_STEP][NOT_RUN] - sendKeys: NOT_RUN: sendKeys

2017-11-26 00:49:24 - [MESSAGE][NOT_RUN] - NOT_RUN: sendKeys

2017-11-26 00:49:24 - [TEST_STEP][NOT_RUN] - delay: NOT_RUN: delay

2017-11-26 00:49:24 - [MESSAGE][NOT_RUN] - NOT_RUN: delay

2017-11-26 00:49:24 - [TEST_STEP][PASSED] - delay: Delayed 3 second(s)

2017-11-26 00:49:27 - [MESSAGE][PASSED] - Delayed 3 second(s)

2017-11-26 00:49:27 - [TEST_STEP][FAILED] - setText: Unable to set text '09' of object 'Object Repository/Rental/RentalHeader/RentalInvoice/ServiceCreditCard.ExpiryMonth' (Root cause: com.kms.katalon.core.webui.exception.WebElementNotFoundException: Web element with id: 'Object Repository/Rental/RentalHeader/RentalInvoice/ServiceCreditCard.ExpiryMonth' located by 'By.xpath: //*[@id = 'xiext6102m000-11-exp.month-10-decorator']' not found)

2017-11-26 00:49:59 - [MESSAGE][FAILED] - Unable to set text '09' of object 'Object Repository/Rental/RentalHeader/RentalInvoice/ServiceCreditCard.ExpiryMonth' (Root cause: com.kms.katalon.core.webui.exception.WebElementNotFoundException: Web element with id: 'Object Repository/Rental/RentalHeader/RentalInvoice/ServiceCreditCard.ExpiryMonth' located by 'By.xpath: //*[@id = 'xiext6102m000-11-exp.month-10-decorator']' not found)
[[ATTACHMENT|C:\\Users\\agawhande\\git\\CreditCard\\Reports\\CC_RentalInvoicewithDiffGatewayTestSuite\\20171126_000020\\1511637599203.png]]

2017-11-26 00:49:59 - [TEST_STEP][FAILED] - setText: Unable to set text '99' of object 'Object Repository/Rental/RentalHeader/RentalInvoice/ServiceCreditCard.ExpiryYear' (Root cause: com.kms.katalon.core.webui.exception.WebElementNotFoundException: Web element with id: 'Object Repository/Rental/RentalHeader/RentalInvoice/ServiceCreditCard.ExpiryYear' located by 'By.xpath: //*[@id = 'xiext6102m000-11-exp.year-11-decorator']' not found)

2017-11-26 00:50:31 - [MESSAGE][FAILED] - Unable to set text '99' of object 'Object Repository/Rental/RentalHeader/RentalInvoice/ServiceCreditCard.ExpiryYear' (Root cause: com.kms.katalon.core.webui.exception.WebElementNotFoundException: Web element with id: 'Object Repository/Rental/RentalHeader/RentalInvoice/ServiceCreditCard.ExpiryYear' located by 'By.xpath: //*[@id = 'xiext6102m000-11-exp.year-11-decorator']' not found)
[[ATTACHMENT|C:\\Users\\agawhande\\git\\CreditCard\\Reports\\CC_RentalInvoicewithDiffGatewayTestSuite\\20171126_000020\\1511637631282.png]]

2017-11-26 00:50:31 - [TEST_STEP][FAILED] - click: Unable to click on object 'Object Repository/Rental/RentalHeader/RentalInvoice/ServiceCreditCard.Process' (Root cause: com.kms.katalon.core.webui.exception.WebElementNotFoundException: Web element with id: 'Object Repository/Rental/RentalHeader/RentalInvoice/ServiceCreditCard.Process' located by 'By.xpath: //*[@id = 'xiext6102m000-11-button-form-process.cc.payment']' not found)

2017-11-26 00:51:03 - [MESSAGE][FAILED] - Unable to click on object 'Object Repository/Rental/RentalHeader/RentalInvoice/ServiceCreditCard.Process' (Root cause: com.kms.katalon.core.webui.exception.WebElementNotFoundException: Web element with id: 'Object Repository/Rental/RentalHeader/RentalInvoice/ServiceCreditCard.Process' located by 'By.xpath: //*[@id = 'xiext6102m000-11-button-form-process.cc.payment']' not found)
[[ATTACHMENT|C:\\Users\\agawhande\\git\\CreditCard\\Reports\\CC_RentalInvoicewithDiffGatewayTestSuite\\20171126_000020\\1511637663533.png]]

2017-11-26 00:51:03 - [TEST_STEP][PASSED] - delay: Delayed 13 second(s)

2017-11-26 00:51:16 - [MESSAGE][PASSED] - Delayed 13 second(s)

2017-11-26 00:51:16 - [TEST_STEP][FAILED] - click: Unable to click on object 'Object Repository/Rental/RentalHeader/RentalInvoice/ServiceCreditCard.PrintDevice' (Root cause: com.kms.katalon.core.webui.exception.WebElementNotFoundException: Web element with id: 'Object Repository/Rental/RentalHeader/RentalInvoice/ServiceCreditCard.PrintDevice' located by 'By.xpath: //*[@id = 'ttstpsplopen-13-button-form-exec.cont.process']' not found)

2017-11-26 00:51:48 - [MESSAGE][FAILED] - Unable to click on object 'Object Repository/Rental/RentalHeader/RentalInvoice/ServiceCreditCard.PrintDevice' (Root cause: com.kms.katalon.core.webui.exception.WebElementNotFoundException: Web element with id: 'Object Repository/Rental/RentalHeader/RentalInvoice/ServiceCreditCard.PrintDevice' located by 'By.xpath: //*[@id = 'ttstpsplopen-13-button-form-exec.cont.process']' not found)
[[ATTACHMENT|C:\\Users\\agawhande\\git\\CreditCard\\Reports\\CC_RentalInvoicewithDiffGatewayTestSuite\\20171126_000020\\1511637708726.png]]

2017-11-26 00:51:48 - [TEST_STEP][PASSED] - delay: Delayed 10 second(s)

2017-11-26 00:51:58 - [MESSAGE][PASSED] - Delayed 10 second(s)

2017-11-26 00:51:58 - [TEST_STEP][FAILED] - click: Unable to click on object 'Object Repository/Rental/RentalHeader/RentalInvoice/ServiceCreditCard.PrintOK' (Root cause: com.kms.katalon.core.webui.exception.WebElementNotFoundException: Web element with id: 'Object Repository/Rental/RentalHeader/RentalInvoice/ServiceCreditCard.PrintOK' located by 'By.xpath: //*[@id = 'dlg-erext4203m001-10-input-button-0']' not found)

2017-11-26 00:52:31 - [MESSAGE][FAILED] - Unable to click on object 'Object Repository/Rental/RentalHeader/RentalInvoice/ServiceCreditCard.PrintOK' (Root cause: com.kms.katalon.core.webui.exception.WebElementNotFoundException: Web element with id: 'Object Repository/Rental/RentalHeader/RentalInvoice/ServiceCreditCard.PrintOK' located by 'By.xpath: //*[@id = 'dlg-erext4203m001-10-input-button-0']' not found)
[[ATTACHMENT|C:\\Users\\agawhande\\git\\CreditCard\\Reports\\CC_RentalInvoicewithDiffGatewayTestSuite\\20171126_000020\\1511637751041.png]]

2017-11-26 00:52:31 - [TEST_STEP][PASSED] - delay: Delayed 5 second(s)

2017-11-26 00:52:36 - [MESSAGE][PASSED] - Delayed 5 second(s)

2017-11-26 00:52:36 - [TEST_STEP][FAILED] - click: Unable to click on object 'Object Repository/Rental/RentalHeader/RentalInvoice/RentalInvoice.CloseRentalInvoicesession' (Root cause: com.kms.katalon.core.webui.exception.WebElementNotFoundException: Web element with id: 'Object Repository/Rental/RentalHeader/RentalInvoice/RentalInvoice.CloseRentalInvoicesession' located by 'By.xpath: //*[@id = 'erext4203m001-10-button-std-file.close-label']' not found)

2017-11-26 00:53:08 - [MESSAGE][FAILED] - Unable to click on object 'Object Repository/Rental/RentalHeader/RentalInvoice/RentalInvoice.CloseRentalInvoicesession' (Root cause: com.kms.katalon.core.webui.exception.WebElementNotFoundException: Web element with id: 'Object Repository/Rental/RentalHeader/RentalInvoice/RentalInvoice.CloseRentalInvoicesession' located by 'By.xpath: //*[@id = 'erext4203m001-10-button-std-file.close-label']' not found)
[[ATTACHMENT|C:\\Users\\agawhande\\git\\CreditCard\\Reports\\CC_RentalInvoicewithDiffGatewayTestSuite\\20171126_000020\\1511637788192.png]]

2017-11-26 00:53:08 - [TEST_STEP][PASSED] - delay: Delayed 3 second(s)

2017-11-26 00:53:11 - [MESSAGE][PASSED] - Delayed 3 second(s)

2017-11-26 00:53:11 - [TEST_STEP][PASSED] - closeBrowser: Browser is closed

2017-11-26 00:53:11 - [MESSAGE][PASSED] - Browser is closed

2017-11-26 00:53:11 - [MESSAGE][FAILED] - Unable to call Test Case with id 'Test Cases/Rental/Base_RentalContract/Base_CreateRentalInvoice_CC' (Root cause: Call Test Case 'Test Cases/Rental/Base_RentalContract/Base_CreateRentalInvoice_CC' failed)]]></system-out>
         <system-err><![CDATA[2017-11-26 00:27:03 - [TEST_CASE][FAILED] - Test Cases/Rental/Base_RentalContract/CreditCardRegression/TC003_RentalContractInvoice_CC - Iteration 1: Test Cases/Rental/Base_RentalContract/CreditCardRegression/TC003_RentalContractInvoice_CC FAILED because (of) Unable to click on object 'Object Repository/Equipment/EquipmentPurchase/EPO_Header/EPO_Header_Action' (Root cause: org.openqa.selenium.WebDriverException: Element <div tabindex="0" class="Button MenuButton TextButton" id="tdext8150s000-0-button-std:action" draggable="true"></div> is not clickable at point (795, 79.01666259765625). Other element would receive the click: <div class="WindowManagerGlass" style="z-index: 1;"></div>
Command duration or timeout: 81 milliseconds
Build info: version: '2.53.0', revision: '35ae25b', time: '2016-03-15 17:00:58'
System info: host: 'ANIL110', ip: '192.168.25.228', os.name: 'Windows 7', os.arch: 'amd64', os.version: '6.1', java.version: '1.8.0_102'
Driver info: com.kms.katalon.core.webui.driver.firefox.CFirefoxDriver47
Capabilities [{applicationCacheEnabled=true, rotatable=false, handlesAlerts=true, databaseEnabled=true, version=56.0, platform=WINDOWS, nativeEvents=false, acceptSslCerts=true, webStorageEnabled=true, locationContextEnabled=true, browserName=firefox, takesScreenshot=true, javascriptEnabled=true, cssSelectorsEnabled=true}]
Session ID: b0eda621-7e72-4086-83cc-6bd92b0431a4)]]></system-err>
      </testcase>
      <testcase name="Test Cases/Rental/Base_RentalContract/CreditCardRegression/TC003_RentalContractInvoice_CC - Iteration 2" classname="Test Cases/Rental/Base_RentalContract/CreditCardRegression/TC003_RentalContractInvoice_CC" status="FAILED">
         <failure type="FAILED" message="Test Cases/Rental/Base_RentalContract/CreditCardRegression/TC003_RentalContractInvoice_CC FAILED because (of) Unable to click on object 'Object Repository/Equipment/EquipmentPurchase/EPO_Header/EPO_Header_Action' (Root cause: org.openqa.selenium.WebDriverException: Element &lt;div tabindex=&quot;0&quot; class=&quot;Button MenuButton TextButton&quot; id=&quot;tdext8150s000-0-button-std:action&quot; draggable=&quot;true&quot;>&lt;/div> is not clickable at point (795, 79.01666259765625). Other element would receive the click: &lt;div class=&quot;WindowManagerGlass&quot; style=&quot;z-index: 1;&quot;>&lt;/div>
Command duration or timeout: 76 milliseconds
Build info: version: '2.53.0', revision: '35ae25b', time: '2016-03-15 17:00:58'
System info: host: 'ANIL110', ip: '192.168.25.228', os.name: 'Windows 7', os.arch: 'amd64', os.version: '6.1', java.version: '1.8.0_102'
Driver info: com.kms.katalon.core.webui.driver.firefox.CFirefoxDriver47
Capabilities [{applicationCacheEnabled=true, rotatable=false, handlesAlerts=true, databaseEnabled=true, version=56.0, platform=WINDOWS, nativeEvents=false, acceptSslCerts=true, webStorageEnabled=true, locationContextEnabled=true, browserName=firefox, takesScreenshot=true, javascriptEnabled=true, cssSelectorsEnabled=true}]
Session ID: 75d3bb4b-bd65-4d5d-9376-25a4cd14dbab)"/>
         <system-out><![CDATA[2017-11-26 00:53:11 - [TEST_CASE][FAILED] - Test Cases/Rental/Base_RentalContract/CreditCardRegression/TC003_RentalContractInvoice_CC - Iteration 2: Test Cases/Rental/Base_RentalContract/CreditCardRegression/TC003_RentalContractInvoice_CC FAILED because (of) Unable to click on object 'Object Repository/Equipment/EquipmentPurchase/EPO_Header/EPO_Header_Action' (Root cause: org.openqa.selenium.WebDriverException: Element <div tabindex="0" class="Button MenuButton TextButton" id="tdext8150s000-0-button-std:action" draggable="true"></div> is not clickable at point (795, 79.01666259765625). Other element would receive the click: <div class="WindowManagerGlass" style="z-index: 1;"></div>
Command duration or timeout: 76 milliseconds
Build info: version: '2.53.0', revision: '35ae25b', time: '2016-03-15 17:00:58'
System info: host: 'ANIL110', ip: '192.168.25.228', os.name: 'Windows 7', os.arch: 'amd64', os.version: '6.1', java.version: '1.8.0_102'
Driver info: com.kms.katalon.core.webui.driver.firefox.CFirefoxDriver47
Capabilities [{applicationCacheEnabled=true, rotatable=false, handlesAlerts=true, databaseEnabled=true, version=56.0, platform=WINDOWS, nativeEvents=false, acceptSslCerts=true, webStorageEnabled=true, locationContextEnabled=true, browserName=firefox, takesScreenshot=true, javascriptEnabled=true, cssSelectorsEnabled=true}]
Session ID: 75d3bb4b-bd65-4d5d-9376-25a4cd14dbab)

2017-11-26 00:53:11 - [TEST_STEP][FAILED] - callTestCase: Unable to call Test Case with id 'Test Cases/Equipment/Base_EquipmentPurchase/EPO_CreateNrecieve' (Root cause: Call Test Case 'Test Cases/Equipment/Base_EquipmentPurchase/EPO_CreateNrecieve' failed)

2017-11-26 00:53:11 - [TEST_CASE][FAILED] - Test Cases/Equipment/Base_EquipmentPurchase/EPO_CreateNrecieve: Test Cases/Equipment/Base_EquipmentPurchase/EPO_CreateNrecieve FAILED because (of) Unable to click on object 'Object Repository/Equipment/EquipmentPurchase/EPO_Header/EPO_Header_Action' (Root cause: org.openqa.selenium.WebDriverException: Element <div tabindex="0" class="Button MenuButton TextButton" id="tdext8150s000-0-button-std:action" draggable="true"></div> is not clickable at point (795, 79.01666259765625). Other element would receive the click: <div class="WindowManagerGlass" style="z-index: 1;"></div>
Command duration or timeout: 76 milliseconds
Build info: version: '2.53.0', revision: '35ae25b', time: '2016-03-15 17:00:58'
System info: host: 'ANIL110', ip: '192.168.25.228', os.name: 'Windows 7', os.arch: 'amd64', os.version: '6.1', java.version: '1.8.0_102'
Driver info: com.kms.katalon.core.webui.driver.firefox.CFirefoxDriver47
Capabilities [{applicationCacheEnabled=true, rotatable=false, handlesAlerts=true, databaseEnabled=true, version=56.0, platform=WINDOWS, nativeEvents=false, acceptSslCerts=true, webStorageEnabled=true, locationContextEnabled=true, browserName=firefox, takesScreenshot=true, javascriptEnabled=true, cssSelectorsEnabled=true}]
Session ID: 75d3bb4b-bd65-4d5d-9376-25a4cd14dbab)

2017-11-26 00:53:11 - [TEST_STEP][FAILED] - callTestCase: Unable to call Test Case with id 'Test Cases/Equipment/Base_EquipmentPurchase/Base_EPO_CreateHeaderNline' (Root cause: Call Test Case 'Test Cases/Equipment/Base_EquipmentPurchase/Base_EPO_CreateHeaderNline' failed)

2017-11-26 00:53:12 - [TEST_CASE][FAILED] - Test Cases/Equipment/Base_EquipmentPurchase/Base_EPO_CreateHeaderNline: Test Cases/Equipment/Base_EquipmentPurchase/Base_EPO_CreateHeaderNline FAILED because (of) Unable to click on object 'Object Repository/Equipment/EquipmentPurchase/EPO_Header/EPO_Header_Action' (Root cause: org.openqa.selenium.WebDriverException: Element <div tabindex="0" class="Button MenuButton TextButton" id="tdext8150s000-0-button-std:action" draggable="true"></div> is not clickable at point (795, 79.01666259765625). Other element would receive the click: <div class="WindowManagerGlass" style="z-index: 1;"></div>
Command duration or timeout: 76 milliseconds
Build info: version: '2.53.0', revision: '35ae25b', time: '2016-03-15 17:00:58'
System info: host: 'ANIL110', ip: '192.168.25.228', os.name: 'Windows 7', os.arch: 'amd64', os.version: '6.1', java.version: '1.8.0_102'
Driver info: com.kms.katalon.core.webui.driver.firefox.CFirefoxDriver47
Capabilities [{applicationCacheEnabled=true, rotatable=false, handlesAlerts=true, databaseEnabled=true, version=56.0, platform=WINDOWS, nativeEvents=false, acceptSslCerts=true, webStorageEnabled=true, locationContextEnabled=true, browserName=firefox, takesScreenshot=true, javascriptEnabled=true, cssSelectorsEnabled=true}]
Session ID: 75d3bb4b-bd65-4d5d-9376-25a4cd14dbab)

2017-11-26 00:53:12 - [TEST_STEP][PASSED] - callTestCase: Call Test Case 'Test Cases/Common/Base_Common_OpenSession' successfully

2017-11-26 00:53:12 - [TEST_CASE][PASSED] - Test Cases/Common/Base_Common_OpenSession: Test Cases/Common/Base_Common_OpenSession

2017-11-26 00:53:12 - [TEST_STEP][PASSED] - openBrowser: Browser is opened with url: 'https://rgajbhiye:Robin$123@proxima-ln4.e-emphasys.com:8441/webui/servlet/login'

2017-11-26 00:53:18 - [MESSAGE][PASSED] - Browser is opened with url: 'https://rgajbhiye:Robin$123@proxima-ln4.e-emphasys.com:8441/webui/servlet/login'

2017-11-26 00:53:18 - [TEST_STEP][PASSED] - waitForPageLoad: Wait for page load successfully

2017-11-26 00:53:18 - [MESSAGE][PASSED] - Wait for page load successfully

2017-11-26 00:53:18 - [TEST_STEP][PASSED] - maximizeWindow: Current window maximized

2017-11-26 00:53:18 - [MESSAGE][PASSED] - Current window maximized

2017-11-26 00:53:18 - [TEST_STEP][PASSED] - click: Object: 'Object Repository/Common/HomePage/HomePage_more' is clicked on

2017-11-26 00:53:21 - [MESSAGE][PASSED] - Object: 'Object Repository/Common/HomePage/HomePage_more' is clicked on

2017-11-26 00:53:21 - [TEST_STEP][PASSED] - click: Object: 'Object Repository/Common/HomePage/HomePage_Option' is clicked on

2017-11-26 00:53:22 - [MESSAGE][PASSED] - Object: 'Object Repository/Common/HomePage/HomePage_Option' is clicked on

2017-11-26 00:53:22 - [TEST_STEP][PASSED] - click: Object: 'Object Repository/Common/HomePage/HomePage_RunProgram_' is clicked on

2017-11-26 00:53:22 - [MESSAGE][PASSED] - Object: 'Object Repository/Common/HomePage/HomePage_RunProgram_' is clicked on

2017-11-26 00:53:22 - [TEST_STEP][PASSED] - sendKeys: Keys 'tdext8150s000' sent to object: 'Object Repository/Common/HomePage/HomePage_Session_ID'

2017-11-26 00:53:22 - [MESSAGE][PASSED] - Keys 'tdext8150s000' sent to object: 'Object Repository/Common/HomePage/HomePage_Session_ID'

2017-11-26 00:53:22 - [TEST_STEP][PASSED] - click: Object: 'Object Repository/Common/HomePage/HomePage_OkButton' is clicked on

2017-11-26 00:53:22 - [MESSAGE][PASSED] - Object: 'Object Repository/Common/HomePage/HomePage_OkButton' is clicked on

2017-11-26 00:53:22 - [MESSAGE][PASSED] - Call Test Case 'Test Cases/Common/Base_Common_OpenSession' successfully

2017-11-26 00:53:22 - [TEST_STEP][PASSED] - waitForElementPresent: Object 'Object Repository/Equipment/EquipmentPurchase/EPO_Header/EPO_Header_New' is present

2017-11-26 00:53:24 - [MESSAGE][PASSED] - Object 'Object Repository/Equipment/EquipmentPurchase/EPO_Header/EPO_Header_New' is present

2017-11-26 00:53:24 - [TEST_STEP][PASSED] - click: Object: 'Object Repository/Equipment/EquipmentPurchase/EPO_Header/EPO_Header_New' is clicked on

2017-11-26 00:53:24 - [MESSAGE][PASSED] - Object: 'Object Repository/Equipment/EquipmentPurchase/EPO_Header/EPO_Header_New' is clicked on

2017-11-26 00:53:24 - [TEST_STEP][PASSED] - click: Object: 'Object Repository/Equipment/EquipmentPurchase/EPO_Header/EPO_Header_Customer' is clicked on

2017-11-26 00:53:25 - [MESSAGE][PASSED] - Object: 'Object Repository/Equipment/EquipmentPurchase/EPO_Header/EPO_Header_Customer' is clicked on

2017-11-26 00:53:25 - [TEST_STEP][PASSED] - setText: Text '' is set on object 'Object Repository/Equipment/EquipmentPurchase/EPO_Header/EPO_Header_Customer'

2017-11-26 00:53:25 - [MESSAGE][PASSED] - Text '' is set on object 'Object Repository/Equipment/EquipmentPurchase/EPO_Header/EPO_Header_Customer'

2017-11-26 00:53:25 - [TEST_STEP][PASSED] - click: Object: 'Object Repository/Equipment/EquipmentPurchase/EPO_Header/EPO_Header_Save' is clicked on

2017-11-26 00:53:25 - [MESSAGE][PASSED] - Object: 'Object Repository/Equipment/EquipmentPurchase/EPO_Header/EPO_Header_Save' is clicked on

2017-11-26 00:53:25 - [TEST_STEP][PASSED] - delay: Delayed 5 second(s)

2017-11-26 00:53:30 - [MESSAGE][PASSED] - Delayed 5 second(s)

2017-11-26 00:53:30 - [TEST_STEP][FAILED] - click: Unable to click on object 'Object Repository/Equipment/EquipmentPurchase/EPO_Header/EPO_Header_Action' (Root cause: org.openqa.selenium.WebDriverException: Element <div tabindex="0" class="Button MenuButton TextButton" id="tdext8150s000-0-button-std:action" draggable="true"></div> is not clickable at point (795, 79.01666259765625). Other element would receive the click: <div class="WindowManagerGlass" style="z-index: 1;"></div>
Command duration or timeout: 76 milliseconds
Build info: version: '2.53.0', revision: '35ae25b', time: '2016-03-15 17:00:58'
System info: host: 'ANIL110', ip: '192.168.25.228', os.name: 'Windows 7', os.arch: 'amd64', os.version: '6.1', java.version: '1.8.0_102'
Driver info: com.kms.katalon.core.webui.driver.firefox.CFirefoxDriver47
Capabilities [{applicationCacheEnabled=true, rotatable=false, handlesAlerts=true, databaseEnabled=true, version=56.0, platform=WINDOWS, nativeEvents=false, acceptSslCerts=true, webStorageEnabled=true, locationContextEnabled=true, browserName=firefox, takesScreenshot=true, javascriptEnabled=true, cssSelectorsEnabled=true}]
Session ID: 75d3bb4b-bd65-4d5d-9376-25a4cd14dbab)

2017-11-26 00:53:30 - [MESSAGE][FAILED] - Unable to click on object 'Object Repository/Equipment/EquipmentPurchase/EPO_Header/EPO_Header_Action' (Root cause: org.openqa.selenium.WebDriverException: Element <div tabindex="0" class="Button MenuButton TextButton" id="tdext8150s000-0-button-std:action" draggable="true"></div> is not clickable at point (795, 79.01666259765625). Other element would receive the click: <div class="WindowManagerGlass" style="z-index: 1;"></div>
Command duration or timeout: 76 milliseconds
Build info: version: '2.53.0', revision: '35ae25b', time: '2016-03-15 17:00:58'
System info: host: 'ANIL110', ip: '192.168.25.228', os.name: 'Windows 7', os.arch: 'amd64', os.version: '6.1', java.version: '1.8.0_102'
Driver info: com.kms.katalon.core.webui.driver.firefox.CFirefoxDriver47
Capabilities [{applicationCacheEnabled=true, rotatable=false, handlesAlerts=true, databaseEnabled=true, version=56.0, platform=WINDOWS, nativeEvents=false, acceptSslCerts=true, webStorageEnabled=true, locationContextEnabled=true, browserName=firefox, takesScreenshot=true, javascriptEnabled=true, cssSelectorsEnabled=true}]
Session ID: 75d3bb4b-bd65-4d5d-9376-25a4cd14dbab)
[[ATTACHMENT|C:\\Users\\agawhande\\git\\CreditCard\\Reports\\CC_RentalInvoicewithDiffGatewayTestSuite\\20171126_000020\\1511637810682.png]]

2017-11-26 00:53:30 - [TEST_STEP][FAILED] - click: Unable to click on object 'Object Repository/Equipment/EquipmentPurchase/EPO_Header/EPO_Header_Action_OrderLines' (Root cause: com.kms.katalon.core.webui.exception.WebElementNotFoundException: Web element with id: 'Object Repository/Equipment/EquipmentPurchase/EPO_Header/EPO_Header_Action_OrderLines' located by 'By.xpath: //*[@id = 'tdext8150s000-0-menu-std:action-form-display.lines']' not found)

2017-11-26 00:54:02 - [MESSAGE][FAILED] - Unable to click on object 'Object Repository/Equipment/EquipmentPurchase/EPO_Header/EPO_Header_Action_OrderLines' (Root cause: com.kms.katalon.core.webui.exception.WebElementNotFoundException: Web element with id: 'Object Repository/Equipment/EquipmentPurchase/EPO_Header/EPO_Header_Action_OrderLines' located by 'By.xpath: //*[@id = 'tdext8150s000-0-menu-std:action-form-display.lines']' not found)
[[ATTACHMENT|C:\\Users\\agawhande\\git\\CreditCard\\Reports\\CC_RentalInvoicewithDiffGatewayTestSuite\\20171126_000020\\1511637842095.png]]

2017-11-26 00:54:02 - [TEST_STEP][PASSED] - waitForElementPresent: Object 'Object Repository/Equipment/EquipmentPurchase/EPO_Line/EPO_MultiLine_New' is not present after 20 second(s)

2017-11-26 00:54:22 - [MESSAGE][WARNING] - Object 'Object Repository/Equipment/EquipmentPurchase/EPO_Line/EPO_MultiLine_New' is not present after 20 second(s)

2017-11-26 00:54:22 - [TEST_STEP][FAILED] - click: Unable to click on object 'Object Repository/Equipment/EquipmentPurchase/EPO_Line/EPO_MultiLine_New' (Root cause: com.kms.katalon.core.webui.exception.WebElementNotFoundException: Web element with id: 'Object Repository/Equipment/EquipmentPurchase/EPO_Line/EPO_MultiLine_New' located by 'By.xpath: //*[@id = 'tdext8551m000-1-button-std-file.new']' not found)

2017-11-26 00:54:54 - [MESSAGE][FAILED] - Unable to click on object 'Object Repository/Equipment/EquipmentPurchase/EPO_Line/EPO_MultiLine_New' (Root cause: com.kms.katalon.core.webui.exception.WebElementNotFoundException: Web element with id: 'Object Repository/Equipment/EquipmentPurchase/EPO_Line/EPO_MultiLine_New' located by 'By.xpath: //*[@id = 'tdext8551m000-1-button-std-file.new']' not found)
[[ATTACHMENT|C:\\Users\\agawhande\\git\\CreditCard\\Reports\\CC_RentalInvoicewithDiffGatewayTestSuite\\20171126_000020\\1511637894270.png]]

2017-11-26 00:54:54 - [TEST_STEP][PASSED] - waitForElementPresent: Object 'Object Repository/Equipment/EquipmentPurchase/EPO_Line/EPO_Line_Model' is not present after 20 second(s)

2017-11-26 00:55:15 - [MESSAGE][WARNING] - Object 'Object Repository/Equipment/EquipmentPurchase/EPO_Line/EPO_Line_Model' is not present after 20 second(s)

2017-11-26 00:55:15 - [TEST_STEP][FAILED] - click: Unable to click on object 'Object Repository/Equipment/EquipmentPurchase/EPO_Line/EPO_Line_Model' (Root cause: com.kms.katalon.core.webui.exception.WebElementNotFoundException: Web element with id: 'Object Repository/Equipment/EquipmentPurchase/EPO_Line/EPO_Line_Model' located by 'By.xpath: //*[@id = 'tdext8151s000-2-tdext851.mcod-11-lookup-widget']' not found)

2017-11-26 00:55:46 - [MESSAGE][FAILED] - Unable to click on object 'Object Repository/Equipment/EquipmentPurchase/EPO_Line/EPO_Line_Model' (Root cause: com.kms.katalon.core.webui.exception.WebElementNotFoundException: Web element with id: 'Object Repository/Equipment/EquipmentPurchase/EPO_Line/EPO_Line_Model' located by 'By.xpath: //*[@id = 'tdext8151s000-2-tdext851.mcod-11-lookup-widget']' not found)
[[ATTACHMENT|C:\\Users\\agawhande\\git\\CreditCard\\Reports\\CC_RentalInvoicewithDiffGatewayTestSuite\\20171126_000020\\1511637946381.png]]

2017-11-26 00:55:46 - [TEST_STEP][PASSED] - delay: Delayed 2 second(s)

2017-11-26 00:55:48 - [MESSAGE][PASSED] - Delayed 2 second(s)

2017-11-26 00:55:48 - [TEST_STEP][FAILED] - setText: Unable to set text '' of object 'Object Repository/Equipment/EquipmentPurchase/EPO_Line/EPO_Line_Model' (Root cause: com.kms.katalon.core.webui.exception.WebElementNotFoundException: Web element with id: 'Object Repository/Equipment/EquipmentPurchase/EPO_Line/EPO_Line_Model' located by 'By.xpath: //*[@id = 'tdext8151s000-2-tdext851.mcod-11-lookup-widget']' not found)

2017-11-26 00:56:19 - [MESSAGE][FAILED] - Unable to set text '' of object 'Object Repository/Equipment/EquipmentPurchase/EPO_Line/EPO_Line_Model' (Root cause: com.kms.katalon.core.webui.exception.WebElementNotFoundException: Web element with id: 'Object Repository/Equipment/EquipmentPurchase/EPO_Line/EPO_Line_Model' located by 'By.xpath: //*[@id = 'tdext8151s000-2-tdext851.mcod-11-lookup-widget']' not found)
[[ATTACHMENT|C:\\Users\\agawhande\\git\\CreditCard\\Reports\\CC_RentalInvoicewithDiffGatewayTestSuite\\20171126_000020\\1511637979633.png]]

2017-11-26 00:56:19 - [TEST_STEP][FAILED] - click: Unable to click on object 'Object Repository/Equipment/EquipmentPurchase/EPO_Line/EPO_Line_NeworUsed' (Root cause: com.kms.katalon.core.webui.exception.WebElementNotFoundException: Web element with id: 'Object Repository/Equipment/EquipmentPurchase/EPO_Line/EPO_Line_NeworUsed' located by 'By.xpath: //*[@id = 'tdext8151s000-2-used.equipment-18-control-trigger-button']' not found)

2017-11-26 00:56:50 - [MESSAGE][FAILED] - Unable to click on object 'Object Repository/Equipment/EquipmentPurchase/EPO_Line/EPO_Line_NeworUsed' (Root cause: com.kms.katalon.core.webui.exception.WebElementNotFoundException: Web element with id: 'Object Repository/Equipment/EquipmentPurchase/EPO_Line/EPO_Line_NeworUsed' located by 'By.xpath: //*[@id = 'tdext8151s000-2-used.equipment-18-control-trigger-button']' not found)
[[ATTACHMENT|C:\\Users\\agawhande\\git\\CreditCard\\Reports\\CC_RentalInvoicewithDiffGatewayTestSuite\\20171126_000020\\1511638010876.png]]

2017-11-26 00:56:50 - [TEST_STEP][FAILED] - click: Unable to click on object 'Object Repository/Equipment/EquipmentPurchase/EPO_Line/EPO_Line_NewEquipOption' (Root cause: com.kms.katalon.core.webui.exception.WebElementNotFoundException: Web element with id: 'Object Repository/Equipment/EquipmentPurchase/EPO_Line/EPO_Line_NewEquipOption' located by 'By.xpath: //*[@id = 'item_1-label']' not found)

2017-11-26 00:57:22 - [MESSAGE][FAILED] - Unable to click on object 'Object Repository/Equipment/EquipmentPurchase/EPO_Line/EPO_Line_NewEquipOption' (Root cause: com.kms.katalon.core.webui.exception.WebElementNotFoundException: Web element with id: 'Object Repository/Equipment/EquipmentPurchase/EPO_Line/EPO_Line_NewEquipOption' located by 'By.xpath: //*[@id = 'item_1-label']' not found)
[[ATTACHMENT|C:\\Users\\agawhande\\git\\CreditCard\\Reports\\CC_RentalInvoicewithDiffGatewayTestSuite\\20171126_000020\\1511638042157.png]]

2017-11-26 00:57:22 - [TEST_STEP][FAILED] - click: Unable to click on object 'Object Repository/Equipment/EquipmentPurchase/EPO_Line/EPO_Line_PlannedDate' (Root cause: com.kms.katalon.core.webui.exception.WebElementNotFoundException: Web element with id: 'Object Repository/Equipment/EquipmentPurchase/EPO_Line/EPO_Line_PlannedDate' located by 'By.xpath: //*[@id = 'tdext8151s000-2-tdext851.pdat-28-widget']' not found)

2017-11-26 00:57:53 - [MESSAGE][FAILED] - Unable to click on object 'Object Repository/Equipment/EquipmentPurchase/EPO_Line/EPO_Line_PlannedDate' (Root cause: com.kms.katalon.core.webui.exception.WebElementNotFoundException: Web element with id: 'Object Repository/Equipment/EquipmentPurchase/EPO_Line/EPO_Line_PlannedDate' located by 'By.xpath: //*[@id = 'tdext8151s000-2-tdext851.pdat-28-widget']' not found)
[[ATTACHMENT|C:\\Users\\agawhande\\git\\CreditCard\\Reports\\CC_RentalInvoicewithDiffGatewayTestSuite\\20171126_000020\\1511638073445.png]]

2017-11-26 00:57:53 - [TEST_STEP][PASSED] - delay: Delayed 2 second(s)

2017-11-26 00:57:55 - [MESSAGE][PASSED] - Delayed 2 second(s)

2017-11-26 00:57:55 - [TEST_STEP][FAILED] - setText: Unable to set text '+10' of object 'Object Repository/Equipment/EquipmentPurchase/EPO_Line/EPO_Line_PlannedDate' (Root cause: com.kms.katalon.core.webui.exception.WebElementNotFoundException: Web element with id: 'Object Repository/Equipment/EquipmentPurchase/EPO_Line/EPO_Line_PlannedDate' located by 'By.xpath: //*[@id = 'tdext8151s000-2-tdext851.pdat-28-widget']' not found)

2017-11-26 00:58:26 - [MESSAGE][FAILED] - Unable to set text '+10' of object 'Object Repository/Equipment/EquipmentPurchase/EPO_Line/EPO_Line_PlannedDate' (Root cause: com.kms.katalon.core.webui.exception.WebElementNotFoundException: Web element with id: 'Object Repository/Equipment/EquipmentPurchase/EPO_Line/EPO_Line_PlannedDate' located by 'By.xpath: //*[@id = 'tdext8151s000-2-tdext851.pdat-28-widget']' not found)
[[ATTACHMENT|C:\\Users\\agawhande\\git\\CreditCard\\Reports\\CC_RentalInvoicewithDiffGatewayTestSuite\\20171126_000020\\1511638106728.png]]

2017-11-26 00:58:26 - [TEST_STEP][FAILED] - click: Unable to click on object 'Object Repository/Equipment/EquipmentPurchase/EPO_Line/EPO_Line_Price' (Root cause: com.kms.katalon.core.webui.exception.WebElementNotFoundException: Web element with id: 'Object Repository/Equipment/EquipmentPurchase/EPO_Line/EPO_Line_Price' located by 'By.xpath: //*[@id = 'tdext8151s000-2-tdext851.pric-42-lookup-widget']' not found)

2017-11-26 00:58:58 - [MESSAGE][FAILED] - Unable to click on object 'Object Repository/Equipment/EquipmentPurchase/EPO_Line/EPO_Line_Price' (Root cause: com.kms.katalon.core.webui.exception.WebElementNotFoundException: Web element with id: 'Object Repository/Equipment/EquipmentPurchase/EPO_Line/EPO_Line_Price' located by 'By.xpath: //*[@id = 'tdext8151s000-2-tdext851.pric-42-lookup-widget']' not found)
[[ATTACHMENT|C:\\Users\\agawhande\\git\\CreditCard\\Reports\\CC_RentalInvoicewithDiffGatewayTestSuite\\20171126_000020\\1511638138092.png]]

2017-11-26 00:58:58 - [TEST_STEP][PASSED] - delay: Delayed 2 second(s)

2017-11-26 00:59:00 - [MESSAGE][PASSED] - Delayed 2 second(s)

2017-11-26 00:59:00 - [TEST_STEP][FAILED] - setText: Unable to set text '100' of object 'Object Repository/Equipment/EquipmentPurchase/EPO_Line/EPO_Line_Price' (Root cause: com.kms.katalon.core.webui.exception.WebElementNotFoundException: Web element with id: 'Object Repository/Equipment/EquipmentPurchase/EPO_Line/EPO_Line_Price' located by 'By.xpath: //*[@id = 'tdext8151s000-2-tdext851.pric-42-lookup-widget']' not found)

2017-11-26 00:59:31 - [MESSAGE][FAILED] - Unable to set text '100' of object 'Object Repository/Equipment/EquipmentPurchase/EPO_Line/EPO_Line_Price' (Root cause: com.kms.katalon.core.webui.exception.WebElementNotFoundException: Web element with id: 'Object Repository/Equipment/EquipmentPurchase/EPO_Line/EPO_Line_Price' located by 'By.xpath: //*[@id = 'tdext8151s000-2-tdext851.pric-42-lookup-widget']' not found)
[[ATTACHMENT|C:\\Users\\agawhande\\git\\CreditCard\\Reports\\CC_RentalInvoicewithDiffGatewayTestSuite\\20171126_000020\\1511638171467.png]]

2017-11-26 00:59:31 - [TEST_STEP][FAILED] - click: Unable to click on object 'Object Repository/Equipment/EquipmentPurchase/EPO_Line/EPO_Line_Save' (Root cause: com.kms.katalon.core.webui.exception.WebElementNotFoundException: Web element with id: 'Object Repository/Equipment/EquipmentPurchase/EPO_Line/EPO_Line_Save' located by 'By.xpath: //*[@id = 'tdext8151s000-2-button-std-file.save']' not found)

2017-11-26 01:00:02 - [MESSAGE][FAILED] - Unable to click on object 'Object Repository/Equipment/EquipmentPurchase/EPO_Line/EPO_Line_Save' (Root cause: com.kms.katalon.core.webui.exception.WebElementNotFoundException: Web element with id: 'Object Repository/Equipment/EquipmentPurchase/EPO_Line/EPO_Line_Save' located by 'By.xpath: //*[@id = 'tdext8151s000-2-button-std-file.save']' not found)
[[ATTACHMENT|C:\\Users\\agawhande\\git\\CreditCard\\Reports\\CC_RentalInvoicewithDiffGatewayTestSuite\\20171126_000020\\1511638202675.png]]

2017-11-26 01:00:02 - [TEST_STEP][FAILED] - click: Unable to click on object 'Object Repository/Equipment/EquipmentPurchase/EPO_Line/EPO_Line_importNO' (Root cause: com.kms.katalon.core.webui.exception.WebElementNotFoundException: Web element with id: 'Object Repository/Equipment/EquipmentPurchase/EPO_Line/EPO_Line_importNO' located by 'By.xpath: //*[@id = 'dlg-tdext8151s000-2-input-button-1']' not found)

2017-11-26 01:00:34 - [MESSAGE][FAILED] - Unable to click on object 'Object Repository/Equipment/EquipmentPurchase/EPO_Line/EPO_Line_importNO' (Root cause: com.kms.katalon.core.webui.exception.WebElementNotFoundException: Web element with id: 'Object Repository/Equipment/EquipmentPurchase/EPO_Line/EPO_Line_importNO' located by 'By.xpath: //*[@id = 'dlg-tdext8151s000-2-input-button-1']' not found)
[[ATTACHMENT|C:\\Users\\agawhande\\git\\CreditCard\\Reports\\CC_RentalInvoicewithDiffGatewayTestSuite\\20171126_000020\\1511638233946.png]]

2017-11-26 01:00:34 - [TEST_STEP][FAILED] - click: Unable to click on object 'Object Repository/Equipment/EquipmentPurchase/EPO_Line/EPO_Line_SaveNclose' (Root cause: com.kms.katalon.core.webui.exception.WebElementNotFoundException: Web element with id: 'Object Repository/Equipment/EquipmentPurchase/EPO_Line/EPO_Line_SaveNclose' located by 'By.xpath: //*[@id = 'tdext8151s000-2-button-std-file.save_and_close']' not found)

2017-11-26 01:01:05 - [MESSAGE][FAILED] - Unable to click on object 'Object Repository/Equipment/EquipmentPurchase/EPO_Line/EPO_Line_SaveNclose' (Root cause: com.kms.katalon.core.webui.exception.WebElementNotFoundException: Web element with id: 'Object Repository/Equipment/EquipmentPurchase/EPO_Line/EPO_Line_SaveNclose' located by 'By.xpath: //*[@id = 'tdext8151s000-2-button-std-file.save_and_close']' not found)
[[ATTACHMENT|C:\\Users\\agawhande\\git\\CreditCard\\Reports\\CC_RentalInvoicewithDiffGatewayTestSuite\\20171126_000020\\1511638265148.png]]

2017-11-26 01:01:05 - [TEST_STEP][PASSED] - delay: Delayed 2 second(s)

2017-11-26 01:01:07 - [MESSAGE][PASSED] - Delayed 2 second(s)

2017-11-26 01:01:07 - [TEST_STEP][FAILED] - click: Unable to click on object 'Object Repository/Equipment/EquipmentPurchase/EPO_Line/EPO_MultiLine_SavenClose' (Root cause: com.kms.katalon.core.webui.exception.WebElementNotFoundException: Web element with id: 'Object Repository/Equipment/EquipmentPurchase/EPO_Line/EPO_MultiLine_SavenClose' located by 'By.xpath: //*[@id = 'tdext8551m000-1-button-std-file.save_and_close']' not found)

2017-11-26 01:01:38 - [MESSAGE][FAILED] - Unable to click on object 'Object Repository/Equipment/EquipmentPurchase/EPO_Line/EPO_MultiLine_SavenClose' (Root cause: com.kms.katalon.core.webui.exception.WebElementNotFoundException: Web element with id: 'Object Repository/Equipment/EquipmentPurchase/EPO_Line/EPO_MultiLine_SavenClose' located by 'By.xpath: //*[@id = 'tdext8551m000-1-button-std-file.save_and_close']' not found)
[[ATTACHMENT|C:\\Users\\agawhande\\git\\CreditCard\\Reports\\CC_RentalInvoicewithDiffGatewayTestSuite\\20171126_000020\\1511638298498.png]]

2017-11-26 01:01:38 - [MESSAGE][FAILED] - Unable to call Test Case with id 'Test Cases/Equipment/Base_EquipmentPurchase/Base_EPO_CreateHeaderNline' (Root cause: Call Test Case 'Test Cases/Equipment/Base_EquipmentPurchase/Base_EPO_CreateHeaderNline' failed)

2017-11-26 01:01:38 - [MESSAGE][FAILED] - Unable to call Test Case with id 'Test Cases/Equipment/Base_EquipmentPurchase/EPO_CreateNrecieve' (Root cause: Call Test Case 'Test Cases/Equipment/Base_EquipmentPurchase/EPO_CreateNrecieve' failed)

2017-11-26 01:01:38 - [TEST_STEP][FAILED] - callTestCase: Unable to call Test Case with id 'Test Cases/Rental/Base_RentalContract/Base_CreateRentalHeader' (Root cause: Call Test Case 'Test Cases/Rental/Base_RentalContract/Base_CreateRentalHeader' failed)

2017-11-26 01:01:38 - [TEST_CASE][FAILED] - Test Cases/Rental/Base_RentalContract/Base_CreateRentalHeader: Test Cases/Rental/Base_RentalContract/Base_CreateRentalHeader FAILED because (of) Unable to click on object 'Object Repository/Rental/RentalHeader/RentalContract.MultipleInsurence' (Root cause: org.openqa.selenium.WebDriverException: Element <div class="ListOutputField" style="width: 100%;" id="erext4501m001-1-grid-1-erext401.muin-29-0-widget"></div> is not clickable at point (1275, 565.0499877929688). Other element would receive the click: <div class="WindowManagerGlass" style="z-index: 1;"></div>
Command duration or timeout: 84 milliseconds
Build info: version: '2.53.0', revision: '35ae25b', time: '2016-03-15 17:00:58'
System info: host: 'ANIL110', ip: '192.168.25.228', os.name: 'Windows 7', os.arch: 'amd64', os.version: '6.1', java.version: '1.8.0_102'
Driver info: com.kms.katalon.core.webui.driver.firefox.CFirefoxDriver47
Capabilities [{applicationCacheEnabled=true, rotatable=false, handlesAlerts=true, databaseEnabled=true, version=56.0, platform=WINDOWS, nativeEvents=false, acceptSslCerts=true, webStorageEnabled=true, locationContextEnabled=true, browserName=firefox, takesScreenshot=true, javascriptEnabled=true, cssSelectorsEnabled=true}]
Session ID: e1238a34-14b7-48a7-8d0f-1f81d33f0be3)

2017-11-26 01:01:38 - [TEST_STEP][PASSED] - callTestCase: Call Test Case 'Test Cases/Common/Base_Common_OpenSession' successfully

2017-11-26 01:01:38 - [TEST_CASE][PASSED] - Test Cases/Common/Base_Common_OpenSession: Test Cases/Common/Base_Common_OpenSession

2017-11-26 01:01:38 - [TEST_STEP][PASSED] - openBrowser: Browser is opened with url: 'https://rgajbhiye:Robin$123@proxima-ln4.e-emphasys.com:8441/webui/servlet/login'

2017-11-26 01:01:38 - [MESSAGE][WARNING] - A browser is already opened. Closing browser and opening a new one

2017-11-26 01:01:44 - [MESSAGE][PASSED] - Browser is opened with url: 'https://rgajbhiye:Robin$123@proxima-ln4.e-emphasys.com:8441/webui/servlet/login'

2017-11-26 01:01:44 - [TEST_STEP][PASSED] - waitForPageLoad: Wait for page load successfully

2017-11-26 01:01:44 - [MESSAGE][PASSED] - Wait for page load successfully

2017-11-26 01:01:44 - [TEST_STEP][PASSED] - maximizeWindow: Current window maximized

2017-11-26 01:01:44 - [MESSAGE][PASSED] - Current window maximized

2017-11-26 01:01:44 - [TEST_STEP][PASSED] - click: Object: 'Object Repository/Common/HomePage/HomePage_more' is clicked on

2017-11-26 01:01:47 - [MESSAGE][PASSED] - Object: 'Object Repository/Common/HomePage/HomePage_more' is clicked on

2017-11-26 01:01:47 - [TEST_STEP][PASSED] - click: Object: 'Object Repository/Common/HomePage/HomePage_Option' is clicked on

2017-11-26 01:01:47 - [MESSAGE][PASSED] - Object: 'Object Repository/Common/HomePage/HomePage_Option' is clicked on

2017-11-26 01:01:47 - [TEST_STEP][PASSED] - click: Object: 'Object Repository/Common/HomePage/HomePage_RunProgram_' is clicked on

2017-11-26 01:01:47 - [MESSAGE][PASSED] - Object: 'Object Repository/Common/HomePage/HomePage_RunProgram_' is clicked on

2017-11-26 01:01:47 - [TEST_STEP][PASSED] - sendKeys: Keys 'erext4100s004' sent to object: 'Object Repository/Common/HomePage/HomePage_Session_ID'

2017-11-26 01:01:47 - [MESSAGE][PASSED] - Keys 'erext4100s004' sent to object: 'Object Repository/Common/HomePage/HomePage_Session_ID'

2017-11-26 01:01:47 - [TEST_STEP][PASSED] - click: Object: 'Object Repository/Common/HomePage/HomePage_OkButton' is clicked on

2017-11-26 01:01:48 - [MESSAGE][PASSED] - Object: 'Object Repository/Common/HomePage/HomePage_OkButton' is clicked on

2017-11-26 01:01:48 - [MESSAGE][PASSED] - Call Test Case 'Test Cases/Common/Base_Common_OpenSession' successfully

2017-11-26 01:01:48 - [TEST_STEP][PASSED] - click: Object: 'Object Repository/Rental/RentalHeader/RentalContract.Customer' is clicked on

2017-11-26 01:01:51 - [MESSAGE][PASSED] - Object: 'Object Repository/Rental/RentalHeader/RentalContract.Customer' is clicked on

2017-11-26 01:01:51 - [TEST_STEP][PASSED] - setText: Text 'M00000010' is set on object 'Object Repository/Rental/RentalHeader/RentalContract.Customer'

2017-11-26 01:01:51 - [MESSAGE][PASSED] - Text 'M00000010' is set on object 'Object Repository/Rental/RentalHeader/RentalContract.Customer'

2017-11-26 01:01:51 - [TEST_STEP][PASSED] - delay: Delayed 2 second(s)

2017-11-26 01:01:53 - [MESSAGE][PASSED] - Delayed 2 second(s)

2017-11-26 01:01:53 - [TEST_STEP][PASSED] - click: Object: 'Object Repository/Rental/RentalHeader/RentalContract.CustPO' is clicked on

2017-11-26 01:01:53 - [MESSAGE][PASSED] - Object: 'Object Repository/Rental/RentalHeader/RentalContract.CustPO' is clicked on

2017-11-26 01:01:53 - [TEST_STEP][PASSED] - delay: Delayed 3 second(s)

2017-11-26 01:01:56 - [MESSAGE][PASSED] - Delayed 3 second(s)

2017-11-26 01:01:56 - [TEST_STEP][PASSED] - click: Object: 'Object Repository/Rental/RentalHeader/RentalContract.OtherDetailsTab' is clicked on

2017-11-26 01:01:57 - [MESSAGE][PASSED] - Object: 'Object Repository/Rental/RentalHeader/RentalContract.OtherDetailsTab' is clicked on

2017-11-26 01:01:57 - [TEST_STEP][PASSED] - delay: Delayed 5 second(s)

2017-11-26 01:02:02 - [MESSAGE][PASSED] - Delayed 5 second(s)

2017-11-26 01:02:02 - [TEST_STEP][PASSED] - click: Object: 'Object Repository/Rental/RentalHeader/Rental Contract.ModeOfPayment' is clicked on

2017-11-26 01:02:02 - [MESSAGE][PASSED] - Object: 'Object Repository/Rental/RentalHeader/Rental Contract.ModeOfPayment' is clicked on

2017-11-26 01:02:02 - [TEST_STEP][PASSED] - delay: Delayed 2 second(s)

2017-11-26 01:02:04 - [MESSAGE][PASSED] - Delayed 2 second(s)

2017-11-26 01:02:04 - [TEST_STEP][PASSED] - click: Object: 'Object Repository/Rental/RentalHeader/RentalContract.CreditCardoption' is clicked on

2017-11-26 01:02:04 - [MESSAGE][PASSED] - Object: 'Object Repository/Rental/RentalHeader/RentalContract.CreditCardoption' is clicked on

2017-11-26 01:02:04 - [TEST_STEP][PASSED] - delay: Delayed 3 second(s)

2017-11-26 01:02:07 - [MESSAGE][PASSED] - Delayed 3 second(s)

2017-11-26 01:02:07 - [TEST_STEP][PASSED] - click: Object: 'Object Repository/Rental/RentalHeader/RentalContract.GeneralTab' is clicked on

2017-11-26 01:02:07 - [MESSAGE][PASSED] - Object: 'Object Repository/Rental/RentalHeader/RentalContract.GeneralTab' is clicked on

2017-11-26 01:02:07 - [TEST_STEP][PASSED] - delay: Delayed 5 second(s)

2017-11-26 01:02:12 - [MESSAGE][PASSED] - Delayed 5 second(s)

2017-11-26 01:02:12 - [TEST_STEP][PASSED] - click: Object: 'Object Repository/Rental/RentalHeader/RentalContract.Newbuttonline' is clicked on

2017-11-26 01:02:13 - [MESSAGE][PASSED] - Object: 'Object Repository/Rental/RentalHeader/RentalContract.Newbuttonline' is clicked on

2017-11-26 01:02:13 - [TEST_STEP][PASSED] - delay: Delayed 5 second(s)

2017-11-26 01:02:18 - [MESSAGE][PASSED] - Delayed 5 second(s)

2017-11-26 01:02:18 - [TEST_STEP][PASSED] - click: Object: 'Object Repository/Rental/RentalHeader/RentalContract.SetLine' is clicked on

2017-11-26 01:02:18 - [MESSAGE][PASSED] - Object: 'Object Repository/Rental/RentalHeader/RentalContract.SetLine' is clicked on

2017-11-26 01:02:18 - [TEST_STEP][PASSED] - delay: Delayed 5 second(s)

2017-11-26 01:02:23 - [MESSAGE][PASSED] - Delayed 5 second(s)

2017-11-26 01:02:23 - [TEST_STEP][PASSED] - scrollToElement: Scroll to object 'Object Repository/Rental/RentalHeader/RentalContract.Unit' successfully

2017-11-26 01:02:23 - [MESSAGE][PASSED] - Scroll to object 'Object Repository/Rental/RentalHeader/RentalContract.Unit' successfully

2017-11-26 01:02:23 - [TEST_STEP][PASSED] - delay: Delayed 3 second(s)

2017-11-26 01:02:26 - [MESSAGE][PASSED] - Delayed 3 second(s)

2017-11-26 01:02:26 - [TEST_STEP][NOT_RUN] - getText: NOT_RUN: getText

2017-11-26 01:02:26 - [MESSAGE][NOT_RUN] - NOT_RUN: getText

2017-11-26 01:02:26 - [TEST_STEP][PASSED] - click: Object: 'Object Repository/Rental/RentalHeader/RentalContract.Unit' is clicked on

2017-11-26 01:02:26 - [MESSAGE][PASSED] - Object: 'Object Repository/Rental/RentalHeader/RentalContract.Unit' is clicked on

2017-11-26 01:02:26 - [TEST_STEP][PASSED] - delay: Delayed 5 second(s)

2017-11-26 01:02:31 - [MESSAGE][PASSED] - Delayed 5 second(s)

2017-11-26 01:02:31 - [TEST_STEP][PASSED] - setText: Text '' is set on object 'Object Repository/Rental/RentalHeader/RentalContract.Unit'

2017-11-26 01:02:31 - [MESSAGE][PASSED] - Text '' is set on object 'Object Repository/Rental/RentalHeader/RentalContract.Unit'

2017-11-26 01:02:31 - [TEST_STEP][PASSED] - delay: Delayed 5 second(s)

2017-11-26 01:02:36 - [MESSAGE][PASSED] - Delayed 5 second(s)

2017-11-26 01:02:36 - [TEST_STEP][PASSED] - scrollToElement: Scroll to object 'Object Repository/Rental/RentalHeader/RentalContract.MultipleInsurence' successfully

2017-11-26 01:02:37 - [MESSAGE][PASSED] - Scroll to object 'Object Repository/Rental/RentalHeader/RentalContract.MultipleInsurence' successfully

2017-11-26 01:02:37 - [TEST_STEP][PASSED] - delay: Delayed 5 second(s)

2017-11-26 01:02:42 - [MESSAGE][PASSED] - Delayed 5 second(s)

2017-11-26 01:02:42 - [TEST_STEP][PASSED] - doubleClick: Object: 'Object Repository/Rental/RentalHeader/RentalContract.MultipleInsurence' is double clicked on

2017-11-26 01:02:42 - [MESSAGE][PASSED] - Object: 'Object Repository/Rental/RentalHeader/RentalContract.MultipleInsurence' is double clicked on

2017-11-26 01:02:42 - [TEST_STEP][PASSED] - delay: Delayed 5 second(s)

2017-11-26 01:02:47 - [MESSAGE][PASSED] - Delayed 5 second(s)

2017-11-26 01:02:47 - [TEST_STEP][FAILED] - click: Unable to click on object 'Object Repository/Rental/RentalHeader/RentalContract.MultipleInsurence' (Root cause: org.openqa.selenium.WebDriverException: Element <div class="ListOutputField" style="width: 100%;" id="erext4501m001-1-grid-1-erext401.muin-29-0-widget"></div> is not clickable at point (1275, 565.0499877929688). Other element would receive the click: <div class="WindowManagerGlass" style="z-index: 1;"></div>
Command duration or timeout: 84 milliseconds
Build info: version: '2.53.0', revision: '35ae25b', time: '2016-03-15 17:00:58'
System info: host: 'ANIL110', ip: '192.168.25.228', os.name: 'Windows 7', os.arch: 'amd64', os.version: '6.1', java.version: '1.8.0_102'
Driver info: com.kms.katalon.core.webui.driver.firefox.CFirefoxDriver47
Capabilities [{applicationCacheEnabled=true, rotatable=false, handlesAlerts=true, databaseEnabled=true, version=56.0, platform=WINDOWS, nativeEvents=false, acceptSslCerts=true, webStorageEnabled=true, locationContextEnabled=true, browserName=firefox, takesScreenshot=true, javascriptEnabled=true, cssSelectorsEnabled=true}]
Session ID: e1238a34-14b7-48a7-8d0f-1f81d33f0be3)

2017-11-26 01:02:47 - [MESSAGE][FAILED] - Unable to click on object 'Object Repository/Rental/RentalHeader/RentalContract.MultipleInsurence' (Root cause: org.openqa.selenium.WebDriverException: Element <div class="ListOutputField" style="width: 100%;" id="erext4501m001-1-grid-1-erext401.muin-29-0-widget"></div> is not clickable at point (1275, 565.0499877929688). Other element would receive the click: <div class="WindowManagerGlass" style="z-index: 1;"></div>
Command duration or timeout: 84 milliseconds
Build info: version: '2.53.0', revision: '35ae25b', time: '2016-03-15 17:00:58'
System info: host: 'ANIL110', ip: '192.168.25.228', os.name: 'Windows 7', os.arch: 'amd64', os.version: '6.1', java.version: '1.8.0_102'
Driver info: com.kms.katalon.core.webui.driver.firefox.CFirefoxDriver47
Capabilities [{applicationCacheEnabled=true, rotatable=false, handlesAlerts=true, databaseEnabled=true, version=56.0, platform=WINDOWS, nativeEvents=false, acceptSslCerts=true, webStorageEnabled=true, locationContextEnabled=true, browserName=firefox, takesScreenshot=true, javascriptEnabled=true, cssSelectorsEnabled=true}]
Session ID: e1238a34-14b7-48a7-8d0f-1f81d33f0be3)
[[ATTACHMENT|C:\\Users\\agawhande\\git\\CreditCard\\Reports\\CC_RentalInvoicewithDiffGatewayTestSuite\\20171126_000020\\1511638367402.png]]

2017-11-26 01:02:47 - [TEST_STEP][NOT_RUN] - doubleClick: NOT_RUN: doubleClick

2017-11-26 01:02:47 - [MESSAGE][NOT_RUN] - NOT_RUN: doubleClick

2017-11-26 01:02:47 - [TEST_STEP][PASSED] - delay: Delayed 5 second(s)

2017-11-26 01:02:52 - [MESSAGE][PASSED] - Delayed 5 second(s)

2017-11-26 01:02:52 - [TEST_STEP][FAILED] - click: Unable to click on object 'Object Repository/Rental/RentalHeader/RentalContract.MultiInsNO' (Root cause: com.kms.katalon.core.webui.exception.WebElementNotFoundException: Web element with id: 'Object Repository/Rental/RentalHeader/RentalContract.MultiInsNO' located by 'By.xpath: //*[@id = 'item_1-label']' not found)

2017-11-26 01:03:26 - [MESSAGE][FAILED] - Unable to click on object 'Object Repository/Rental/RentalHeader/RentalContract.MultiInsNO' (Root cause: com.kms.katalon.core.webui.exception.WebElementNotFoundException: Web element with id: 'Object Repository/Rental/RentalHeader/RentalContract.MultiInsNO' located by 'By.xpath: //*[@id = 'item_1-label']' not found)
[[ATTACHMENT|C:\\Users\\agawhande\\git\\CreditCard\\Reports\\CC_RentalInvoicewithDiffGatewayTestSuite\\20171126_000020\\1511638405882.png]]

2017-11-26 01:03:26 - [TEST_STEP][PASSED] - delay: Delayed 5 second(s)

2017-11-26 01:03:31 - [MESSAGE][PASSED] - Delayed 5 second(s)

2017-11-26 01:03:31 - [TEST_STEP][PASSED] - scrollToElement: Scroll to object 'Object Repository/Rental/RentalHeader/RentalContract.GrossRateline' successfully

2017-11-26 01:03:31 - [MESSAGE][PASSED] - Scroll to object 'Object Repository/Rental/RentalHeader/RentalContract.GrossRateline' successfully

2017-11-26 01:03:31 - [TEST_STEP][NOT_RUN] - delay: NOT_RUN: delay

2017-11-26 01:03:31 - [MESSAGE][NOT_RUN] - NOT_RUN: delay

2017-11-26 01:03:31 - [TEST_STEP][FAILED] - doubleClick: Unable to double click on object 'Object Repository/Rental/RentalHeader/RentalContract.GrossRateline' (Root cause: org.openqa.selenium.WebDriverException: Element <label class="Label TextOutputField" id="erext4501m001-1-grid-1-erext401.prwd-36-0-widget"></label> is not clickable at point (1331, 565.5333251953125). Other element would receive the click: <div class="WindowManagerGlass" style="z-index: 1;"></div> (WARNING: The server did not provide any stacktrace information)
Command duration or timeout: 18 milliseconds
Build info: version: '2.53.0', revision: '35ae25b', time: '2016-03-15 17:00:58'
System info: host: 'ANIL110', ip: '192.168.25.228', os.name: 'Windows 7', os.arch: 'amd64', os.version: '6.1', java.version: '1.8.0_102'
Driver info: com.kms.katalon.core.webui.driver.firefox.CFirefoxDriver47
Capabilities [{applicationCacheEnabled=true, rotatable=false, handlesAlerts=true, databaseEnabled=true, version=56.0, platform=WINDOWS, nativeEvents=false, acceptSslCerts=true, webStorageEnabled=true, locationContextEnabled=true, browserName=firefox, takesScreenshot=true, javascriptEnabled=true, cssSelectorsEnabled=true}]
Session ID: e1238a34-14b7-48a7-8d0f-1f81d33f0be3)

2017-11-26 01:03:31 - [MESSAGE][FAILED] - Unable to double click on object 'Object Repository/Rental/RentalHeader/RentalContract.GrossRateline' (Root cause: org.openqa.selenium.WebDriverException: Element <label class="Label TextOutputField" id="erext4501m001-1-grid-1-erext401.prwd-36-0-widget"></label> is not clickable at point (1331, 565.5333251953125). Other element would receive the click: <div class="WindowManagerGlass" style="z-index: 1;"></div> (WARNING: The server did not provide any stacktrace information)
Command duration or timeout: 18 milliseconds
Build info: version: '2.53.0', revision: '35ae25b', time: '2016-03-15 17:00:58'
System info: host: 'ANIL110', ip: '192.168.25.228', os.name: 'Windows 7', os.arch: 'amd64', os.version: '6.1', java.version: '1.8.0_102'
Driver info: com.kms.katalon.core.webui.driver.firefox.CFirefoxDriver47
Capabilities [{applicationCacheEnabled=true, rotatable=false, handlesAlerts=true, databaseEnabled=true, version=56.0, platform=WINDOWS, nativeEvents=false, acceptSslCerts=true, webStorageEnabled=true, locationContextEnabled=true, browserName=firefox, takesScreenshot=true, javascriptEnabled=true, cssSelectorsEnabled=true}]
Session ID: e1238a34-14b7-48a7-8d0f-1f81d33f0be3)
[[ATTACHMENT|C:\\Users\\agawhande\\git\\CreditCard\\Reports\\CC_RentalInvoicewithDiffGatewayTestSuite\\20171126_000020\\1511638411262.png]]

2017-11-26 01:03:31 - [TEST_STEP][PASSED] - delay: Delayed 2 second(s)

2017-11-26 01:03:33 - [MESSAGE][PASSED] - Delayed 2 second(s)

2017-11-26 01:03:33 - [TEST_STEP][FAILED] - click: Unable to click on object 'Object Repository/Rental/RentalHeader/RentalContract.GrossRateline' (Root cause: org.openqa.selenium.WebDriverException: Element <label class="Label TextOutputField" id="erext4501m001-1-grid-1-erext401.prwd-36-0-widget"></label> is not clickable at point (1331, 564.5333251953125). Other element would receive the click: <div class="WindowManagerGlass" style="z-index: 1;"></div>
Command duration or timeout: 96 milliseconds
Build info: version: '2.53.0', revision: '35ae25b', time: '2016-03-15 17:00:58'
System info: host: 'ANIL110', ip: '192.168.25.228', os.name: 'Windows 7', os.arch: 'amd64', os.version: '6.1', java.version: '1.8.0_102'
Driver info: com.kms.katalon.core.webui.driver.firefox.CFirefoxDriver47
Capabilities [{applicationCacheEnabled=true, rotatable=false, handlesAlerts=true, databaseEnabled=true, version=56.0, platform=WINDOWS, nativeEvents=false, acceptSslCerts=true, webStorageEnabled=true, locationContextEnabled=true, browserName=firefox, takesScreenshot=true, javascriptEnabled=true, cssSelectorsEnabled=true}]
Session ID: e1238a34-14b7-48a7-8d0f-1f81d33f0be3)

2017-11-26 01:03:33 - [MESSAGE][FAILED] - Unable to click on object 'Object Repository/Rental/RentalHeader/RentalContract.GrossRateline' (Root cause: org.openqa.selenium.WebDriverException: Element <label class="Label TextOutputField" id="erext4501m001-1-grid-1-erext401.prwd-36-0-widget"></label> is not clickable at point (1331, 564.5333251953125). Other element would receive the click: <div class="WindowManagerGlass" style="z-index: 1;"></div>
Command duration or timeout: 96 milliseconds
Build info: version: '2.53.0', revision: '35ae25b', time: '2016-03-15 17:00:58'
System info: host: 'ANIL110', ip: '192.168.25.228', os.name: 'Windows 7', os.arch: 'amd64', os.version: '6.1', java.version: '1.8.0_102'
Driver info: com.kms.katalon.core.webui.driver.firefox.CFirefoxDriver47
Capabilities [{applicationCacheEnabled=true, rotatable=false, handlesAlerts=true, databaseEnabled=true, version=56.0, platform=WINDOWS, nativeEvents=false, acceptSslCerts=true, webStorageEnabled=true, locationContextEnabled=true, browserName=firefox, takesScreenshot=true, javascriptEnabled=true, cssSelectorsEnabled=true}]
Session ID: e1238a34-14b7-48a7-8d0f-1f81d33f0be3)
[[ATTACHMENT|C:\\Users\\agawhande\\git\\CreditCard\\Reports\\CC_RentalInvoicewithDiffGatewayTestSuite\\20171126_000020\\1511638413521.png]]

2017-11-26 01:03:33 - [TEST_STEP][PASSED] - delay: Delayed 2 second(s)

2017-11-26 01:03:35 - [MESSAGE][PASSED] - Delayed 2 second(s)

2017-11-26 01:03:35 - [TEST_STEP][FAILED] - setText: Unable to set text '100' of object 'Object Repository/Rental/RentalHeader/RentalContract.GrossRateline' (Root cause: org.openqa.selenium.InvalidElementStateException: Element must be user-editable in order to clear it.
Command duration or timeout: 29 milliseconds
Build info: version: '2.53.0', revision: '35ae25b', time: '2016-03-15 17:00:58'
System info: host: 'ANIL110', ip: '192.168.25.228', os.name: 'Windows 7', os.arch: 'amd64', os.version: '6.1', java.version: '1.8.0_102'
Driver info: com.kms.katalon.core.webui.driver.firefox.CFirefoxDriver47
Capabilities [{applicationCacheEnabled=true, rotatable=false, handlesAlerts=true, databaseEnabled=true, version=56.0, platform=WINDOWS, nativeEvents=false, acceptSslCerts=true, webStorageEnabled=true, locationContextEnabled=true, browserName=firefox, takesScreenshot=true, javascriptEnabled=true, cssSelectorsEnabled=true}]
Session ID: e1238a34-14b7-48a7-8d0f-1f81d33f0be3)

2017-11-26 01:03:35 - [MESSAGE][FAILED] - Unable to set text '100' of object 'Object Repository/Rental/RentalHeader/RentalContract.GrossRateline' (Root cause: org.openqa.selenium.InvalidElementStateException: Element must be user-editable in order to clear it.
Command duration or timeout: 29 milliseconds
Build info: version: '2.53.0', revision: '35ae25b', time: '2016-03-15 17:00:58'
System info: host: 'ANIL110', ip: '192.168.25.228', os.name: 'Windows 7', os.arch: 'amd64', os.version: '6.1', java.version: '1.8.0_102'
Driver info: com.kms.katalon.core.webui.driver.firefox.CFirefoxDriver47
Capabilities [{applicationCacheEnabled=true, rotatable=false, handlesAlerts=true, databaseEnabled=true, version=56.0, platform=WINDOWS, nativeEvents=false, acceptSslCerts=true, webStorageEnabled=true, locationContextEnabled=true, browserName=firefox, takesScreenshot=true, javascriptEnabled=true, cssSelectorsEnabled=true}]
Session ID: e1238a34-14b7-48a7-8d0f-1f81d33f0be3)
[[ATTACHMENT|C:\\Users\\agawhande\\git\\CreditCard\\Reports\\CC_RentalInvoicewithDiffGatewayTestSuite\\20171126_000020\\1511638415755.png]]

2017-11-26 01:03:35 - [TEST_STEP][PASSED] - delay: Delayed 4 second(s)

2017-11-26 01:03:39 - [MESSAGE][PASSED] - Delayed 4 second(s)

2017-11-26 01:03:39 - [TEST_STEP][FAILED] - click: Unable to click on object 'Object Repository/Rental/RentalHeader/RentalContract.SaveHeader' (Root cause: org.openqa.selenium.WebDriverException: Element <div tabindex="0" class="Button" id="erext4100s004-0-button-std-file.save" draggable="true"></div> is not clickable at point (51, 79). Other element would receive the click: <div class="WindowManagerGlass" style="z-index: 1;"></div>
Command duration or timeout: 72 milliseconds
Build info: version: '2.53.0', revision: '35ae25b', time: '2016-03-15 17:00:58'
System info: host: 'ANIL110', ip: '192.168.25.228', os.name: 'Windows 7', os.arch: 'amd64', os.version: '6.1', java.version: '1.8.0_102'
Driver info: com.kms.katalon.core.webui.driver.firefox.CFirefoxDriver47
Capabilities [{applicationCacheEnabled=true, rotatable=false, handlesAlerts=true, databaseEnabled=true, version=56.0, platform=WINDOWS, nativeEvents=false, acceptSslCerts=true, webStorageEnabled=true, locationContextEnabled=true, browserName=firefox, takesScreenshot=true, javascriptEnabled=true, cssSelectorsEnabled=true}]
Session ID: e1238a34-14b7-48a7-8d0f-1f81d33f0be3)

2017-11-26 01:03:40 - [MESSAGE][FAILED] - Unable to click on object 'Object Repository/Rental/RentalHeader/RentalContract.SaveHeader' (Root cause: org.openqa.selenium.WebDriverException: Element <div tabindex="0" class="Button" id="erext4100s004-0-button-std-file.save" draggable="true"></div> is not clickable at point (51, 79). Other element would receive the click: <div class="WindowManagerGlass" style="z-index: 1;"></div>
Command duration or timeout: 72 milliseconds
Build info: version: '2.53.0', revision: '35ae25b', time: '2016-03-15 17:00:58'
System info: host: 'ANIL110', ip: '192.168.25.228', os.name: 'Windows 7', os.arch: 'amd64', os.version: '6.1', java.version: '1.8.0_102'
Driver info: com.kms.katalon.core.webui.driver.firefox.CFirefoxDriver47
Capabilities [{applicationCacheEnabled=true, rotatable=false, handlesAlerts=true, databaseEnabled=true, version=56.0, platform=WINDOWS, nativeEvents=false, acceptSslCerts=true, webStorageEnabled=true, locationContextEnabled=true, browserName=firefox, takesScreenshot=true, javascriptEnabled=true, cssSelectorsEnabled=true}]
Session ID: e1238a34-14b7-48a7-8d0f-1f81d33f0be3)
[[ATTACHMENT|C:\\Users\\agawhande\\git\\CreditCard\\Reports\\CC_RentalInvoicewithDiffGatewayTestSuite\\20171126_000020\\1511638419982.png]]

2017-11-26 01:03:40 - [TEST_STEP][PASSED] - delay: Delayed 5 second(s)

2017-11-26 01:03:45 - [MESSAGE][PASSED] - Delayed 5 second(s)

2017-11-26 01:03:45 - [TEST_STEP][FAILED] - click: Unable to click on object 'Object Repository/Rental/RentalHeader/RentalContract.Action' (Root cause: org.openqa.selenium.WebDriverException: Element <div tabindex="0" class="Button MenuButton TextButton" id="erext4501m001-1-button-std:action"></div> is not clickable at point (708, 446.01666259765625). Other element would receive the click: <div class="WindowManagerGlass" style="z-index: 1;"></div>
Command duration or timeout: 81 milliseconds
Build info: version: '2.53.0', revision: '35ae25b', time: '2016-03-15 17:00:58'
System info: host: 'ANIL110', ip: '192.168.25.228', os.name: 'Windows 7', os.arch: 'amd64', os.version: '6.1', java.version: '1.8.0_102'
Driver info: com.kms.katalon.core.webui.driver.firefox.CFirefoxDriver47
Capabilities [{applicationCacheEnabled=true, rotatable=false, handlesAlerts=true, databaseEnabled=true, version=56.0, platform=WINDOWS, nativeEvents=false, acceptSslCerts=true, webStorageEnabled=true, locationContextEnabled=true, browserName=firefox, takesScreenshot=true, javascriptEnabled=true, cssSelectorsEnabled=true}]
Session ID: e1238a34-14b7-48a7-8d0f-1f81d33f0be3)

2017-11-26 01:03:45 - [MESSAGE][FAILED] - Unable to click on object 'Object Repository/Rental/RentalHeader/RentalContract.Action' (Root cause: org.openqa.selenium.WebDriverException: Element <div tabindex="0" class="Button MenuButton TextButton" id="erext4501m001-1-button-std:action"></div> is not clickable at point (708, 446.01666259765625). Other element would receive the click: <div class="WindowManagerGlass" style="z-index: 1;"></div>
Command duration or timeout: 81 milliseconds
Build info: version: '2.53.0', revision: '35ae25b', time: '2016-03-15 17:00:58'
System info: host: 'ANIL110', ip: '192.168.25.228', os.name: 'Windows 7', os.arch: 'amd64', os.version: '6.1', java.version: '1.8.0_102'
Driver info: com.kms.katalon.core.webui.driver.firefox.CFirefoxDriver47
Capabilities [{applicationCacheEnabled=true, rotatable=false, handlesAlerts=true, databaseEnabled=true, version=56.0, platform=WINDOWS, nativeEvents=false, acceptSslCerts=true, webStorageEnabled=true, locationContextEnabled=true, browserName=firefox, takesScreenshot=true, javascriptEnabled=true, cssSelectorsEnabled=true}]
Session ID: e1238a34-14b7-48a7-8d0f-1f81d33f0be3)
[[ATTACHMENT|C:\\Users\\agawhande\\git\\CreditCard\\Reports\\CC_RentalInvoicewithDiffGatewayTestSuite\\20171126_000020\\1511638425215.png]]

2017-11-26 01:03:45 - [TEST_STEP][PASSED] - delay: Delayed 8 second(s)

2017-11-26 01:03:53 - [MESSAGE][PASSED] - Delayed 8 second(s)

2017-11-26 01:03:53 - [TEST_STEP][FAILED] - click: Unable to click on object 'Object Repository/Rental/RentalHeader/RentalContract.Release' (Root cause: com.kms.katalon.core.webui.exception.WebElementNotFoundException: Web element with id: 'Object Repository/Rental/RentalHeader/RentalContract.Release' located by 'By.xpath: //*[@id = 'erext4501m001-1-menu-std:action-form-to.erext4201m001']' not found)

2017-11-26 01:04:26 - [MESSAGE][FAILED] - Unable to click on object 'Object Repository/Rental/RentalHeader/RentalContract.Release' (Root cause: com.kms.katalon.core.webui.exception.WebElementNotFoundException: Web element with id: 'Object Repository/Rental/RentalHeader/RentalContract.Release' located by 'By.xpath: //*[@id = 'erext4501m001-1-menu-std:action-form-to.erext4201m001']' not found)
[[ATTACHMENT|C:\\Users\\agawhande\\git\\CreditCard\\Reports\\CC_RentalInvoicewithDiffGatewayTestSuite\\20171126_000020\\1511638466237.png]]

2017-11-26 01:04:26 - [TEST_STEP][PASSED] - delay: Delayed 12 second(s)

2017-11-26 01:04:38 - [MESSAGE][PASSED] - Delayed 12 second(s)

2017-11-26 01:04:38 - [TEST_STEP][FAILED] - click: Unable to click on object 'Object Repository/Rental/RentalHeader/RentalContract.ActionDelivery' (Root cause: com.kms.katalon.core.webui.exception.WebElementNotFoundException: Web element with id: 'Object Repository/Rental/RentalHeader/RentalContract.ActionDelivery' located by 'By.xpath: //*[@id = 'erext9502m001-2-button-std:action']' not found)

2017-11-26 01:05:10 - [MESSAGE][FAILED] - Unable to click on object 'Object Repository/Rental/RentalHeader/RentalContract.ActionDelivery' (Root cause: com.kms.katalon.core.webui.exception.WebElementNotFoundException: Web element with id: 'Object Repository/Rental/RentalHeader/RentalContract.ActionDelivery' located by 'By.xpath: //*[@id = 'erext9502m001-2-button-std:action']' not found)
[[ATTACHMENT|C:\\Users\\agawhande\\git\\CreditCard\\Reports\\CC_RentalInvoicewithDiffGatewayTestSuite\\20171126_000020\\1511638510831.png]]

2017-11-26 01:05:10 - [TEST_STEP][PASSED] - delay: Delayed 6 second(s)

2017-11-26 01:05:16 - [MESSAGE][PASSED] - Delayed 6 second(s)

2017-11-26 01:05:16 - [TEST_STEP][FAILED] - click: Unable to click on object 'Object Repository/Rental/RentalHeader/RentalContract.ConfirmDelivery' (Root cause: com.kms.katalon.core.webui.exception.WebElementNotFoundException: Web element with id: 'Object Repository/Rental/RentalHeader/RentalContract.ConfirmDelivery' located by 'By.xpath: //*[@id = 'erext9502m001-2-menu-std:action-form-confirm.delv']' not found)

2017-11-26 01:05:49 - [MESSAGE][FAILED] - Unable to click on object 'Object Repository/Rental/RentalHeader/RentalContract.ConfirmDelivery' (Root cause: com.kms.katalon.core.webui.exception.WebElementNotFoundException: Web element with id: 'Object Repository/Rental/RentalHeader/RentalContract.ConfirmDelivery' located by 'By.xpath: //*[@id = 'erext9502m001-2-menu-std:action-form-confirm.delv']' not found)
[[ATTACHMENT|C:\\Users\\agawhande\\git\\CreditCard\\Reports\\CC_RentalInvoicewithDiffGatewayTestSuite\\20171126_000020\\1511638549044.png]]

2017-11-26 01:05:49 - [TEST_STEP][PASSED] - delay: Delayed 8 second(s)

2017-11-26 01:05:57 - [MESSAGE][PASSED] - Delayed 8 second(s)

2017-11-26 01:05:57 - [TEST_STEP][NOT_RUN] - waitForElementPresent: NOT_RUN: waitForElementPresent

2017-11-26 01:05:57 - [MESSAGE][NOT_RUN] - NOT_RUN: waitForElementPresent

2017-11-26 01:05:57 - [TEST_STEP][NOT_RUN] - delay: NOT_RUN: delay

2017-11-26 01:05:57 - [MESSAGE][NOT_RUN] - NOT_RUN: delay

2017-11-26 01:05:57 - [TEST_STEP][FAILED] - click: Unable to click on object 'Object Repository/Rental/RentalHeader/RentalContract.DeliveryProceed' (Root cause: com.kms.katalon.core.webui.exception.WebElementNotFoundException: Web element with id: 'Object Repository/Rental/RentalHeader/RentalContract.DeliveryProceed' located by 'By.xpath: //*[@id = 'dlg-erext9502m001-2-input-button-0']' not found)

2017-11-26 01:06:29 - [MESSAGE][FAILED] - Unable to click on object 'Object Repository/Rental/RentalHeader/RentalContract.DeliveryProceed' (Root cause: com.kms.katalon.core.webui.exception.WebElementNotFoundException: Web element with id: 'Object Repository/Rental/RentalHeader/RentalContract.DeliveryProceed' located by 'By.xpath: //*[@id = 'dlg-erext9502m001-2-input-button-0']' not found)
[[ATTACHMENT|C:\\Users\\agawhande\\git\\CreditCard\\Reports\\CC_RentalInvoicewithDiffGatewayTestSuite\\20171126_000020\\1511638589145.png]]

2017-11-26 01:06:29 - [TEST_STEP][PASSED] - delay: Delayed 12 second(s)

2017-11-26 01:06:41 - [MESSAGE][PASSED] - Delayed 12 second(s)

2017-11-26 01:06:41 - [TEST_STEP][NOT_RUN] - waitForElementPresent: NOT_RUN: waitForElementPresent

2017-11-26 01:06:41 - [MESSAGE][NOT_RUN] - NOT_RUN: waitForElementPresent

2017-11-26 01:06:41 - [TEST_STEP][NOT_RUN] - delay: NOT_RUN: delay

2017-11-26 01:06:41 - [MESSAGE][NOT_RUN] - NOT_RUN: delay

2017-11-26 01:06:41 - [TEST_STEP][NOT_RUN] - click: NOT_RUN: click

2017-11-26 01:06:41 - [MESSAGE][NOT_RUN] - NOT_RUN: click

2017-11-26 01:06:41 - [TEST_STEP][PASSED] - delay: Delayed 8 second(s)

2017-11-26 01:06:49 - [MESSAGE][PASSED] - Delayed 8 second(s)

2017-11-26 01:06:49 - [TEST_STEP][FAILED] - click: Unable to click on object 'Object Repository/Rental/RentalHeader/RentalContract.InspetionReportClose' (Root cause: com.kms.katalon.core.webui.exception.WebElementNotFoundException: Web element with id: 'Object Repository/Rental/RentalHeader/RentalContract.InspetionReportClose' located by 'By.xpath: //*[@id = 'ttstpsplopen-5-button-std-file.close-label']' not found)

2017-11-26 01:07:21 - [MESSAGE][FAILED] - Unable to click on object 'Object Repository/Rental/RentalHeader/RentalContract.InspetionReportClose' (Root cause: com.kms.katalon.core.webui.exception.WebElementNotFoundException: Web element with id: 'Object Repository/Rental/RentalHeader/RentalContract.InspetionReportClose' located by 'By.xpath: //*[@id = 'ttstpsplopen-5-button-std-file.close-label']' not found)
[[ATTACHMENT|C:\\Users\\agawhande\\git\\CreditCard\\Reports\\CC_RentalInvoicewithDiffGatewayTestSuite\\20171126_000020\\1511638641291.png]]

2017-11-26 01:07:21 - [TEST_STEP][PASSED] - delay: Delayed 5 second(s)

2017-11-26 01:07:26 - [MESSAGE][PASSED] - Delayed 5 second(s)

2017-11-26 01:07:26 - [TEST_STEP][FAILED] - click: Unable to click on object 'Object Repository/Rental/RentalHeader/RentalContract.BillofLaddingClosed' (Root cause: com.kms.katalon.core.webui.exception.WebElementNotFoundException: Web element with id: 'Object Repository/Rental/RentalHeader/RentalContract.BillofLaddingClosed' located by 'By.xpath: //*[@id = 'ttstpsplopen-6-button-std-file.close-label']' not found)

2017-11-26 01:07:58 - [MESSAGE][FAILED] - Unable to click on object 'Object Repository/Rental/RentalHeader/RentalContract.BillofLaddingClosed' (Root cause: com.kms.katalon.core.webui.exception.WebElementNotFoundException: Web element with id: 'Object Repository/Rental/RentalHeader/RentalContract.BillofLaddingClosed' located by 'By.xpath: //*[@id = 'ttstpsplopen-6-button-std-file.close-label']' not found)
[[ATTACHMENT|C:\\Users\\agawhande\\git\\CreditCard\\Reports\\CC_RentalInvoicewithDiffGatewayTestSuite\\20171126_000020\\1511638678506.png]]

2017-11-26 01:07:58 - [TEST_STEP][PASSED] - delay: Delayed 5 second(s)

2017-11-26 01:08:03 - [MESSAGE][PASSED] - Delayed 5 second(s)

2017-11-26 01:08:03 - [TEST_STEP][FAILED] - click: Unable to click on object 'Object Repository/Rental/RentalHeader/RentalContract.EqipRentalMemoclosed' (Root cause: com.kms.katalon.core.webui.exception.WebElementNotFoundException: Web element with id: 'Object Repository/Rental/RentalHeader/RentalContract.EqipRentalMemoclosed' located by 'By.xpath: //*[@id = 'ttstpsplopen-8-button-std-file.close-label']' not found)

2017-11-26 01:08:36 - [MESSAGE][FAILED] - Unable to click on object 'Object Repository/Rental/RentalHeader/RentalContract.EqipRentalMemoclosed' (Root cause: com.kms.katalon.core.webui.exception.WebElementNotFoundException: Web element with id: 'Object Repository/Rental/RentalHeader/RentalContract.EqipRentalMemoclosed' located by 'By.xpath: //*[@id = 'ttstpsplopen-8-button-std-file.close-label']' not found)
[[ATTACHMENT|C:\\Users\\agawhande\\git\\CreditCard\\Reports\\CC_RentalInvoicewithDiffGatewayTestSuite\\20171126_000020\\1511638716414.png]]

2017-11-26 01:08:36 - [TEST_STEP][PASSED] - delay: Delayed 5 second(s)

2017-11-26 01:08:41 - [MESSAGE][PASSED] - Delayed 5 second(s)

2017-11-26 01:08:41 - [TEST_STEP][FAILED] - click: Unable to click on object 'Object Repository/Rental/RentalHeader/RentalContract.InspectionOrdergnerated' (Root cause: com.kms.katalon.core.webui.exception.WebElementNotFoundException: Web element with id: 'Object Repository/Rental/RentalHeader/RentalContract.InspectionOrdergnerated' located by 'By.xpath: //*[@id = 'dlg-erext4205m000-3-input-button-0-label']' not found)

2017-11-26 01:09:13 - [MESSAGE][FAILED] - Unable to click on object 'Object Repository/Rental/RentalHeader/RentalContract.InspectionOrdergnerated' (Root cause: com.kms.katalon.core.webui.exception.WebElementNotFoundException: Web element with id: 'Object Repository/Rental/RentalHeader/RentalContract.InspectionOrdergnerated' located by 'By.xpath: //*[@id = 'dlg-erext4205m000-3-input-button-0-label']' not found)
[[ATTACHMENT|C:\\Users\\agawhande\\git\\CreditCard\\Reports\\CC_RentalInvoicewithDiffGatewayTestSuite\\20171126_000020\\1511638753671.png]]

2017-11-26 01:09:13 - [MESSAGE][FAILED] - Unable to call Test Case with id 'Test Cases/Rental/Base_RentalContract/Base_CreateRentalHeader' (Root cause: Call Test Case 'Test Cases/Rental/Base_RentalContract/Base_CreateRentalHeader' failed)

2017-11-26 01:09:13 - [TEST_STEP][FAILED] - callTestCase: Unable to call Test Case with id 'Test Cases/Rental/Base_RentalContract/Base_CreateRentalInvoice_CC' (Root cause: Call Test Case 'Test Cases/Rental/Base_RentalContract/Base_CreateRentalInvoice_CC' failed)

2017-11-26 01:09:14 - [TEST_CASE][FAILED] - Test Cases/Rental/Base_RentalContract/Base_CreateRentalInvoice_CC: Test Cases/Rental/Base_RentalContract/Base_CreateRentalInvoice_CC FAILED because (of) Unable to click on object 'Object Repository/Rental/RentalHeader/RentalInvoice/RentalInvoice.InvoicingscheduleTab' (Root cause: org.openqa.selenium.WebDriverException: Element <label class="Label" id="erext4100s004-0-satellites-bar-page-3-label"></label> is not clickable at point (350, 418). Other element would receive the click: <div class="WindowManagerGlass" style="z-index: 1;"></div>
Command duration or timeout: 89 milliseconds
Build info: version: '2.53.0', revision: '35ae25b', time: '2016-03-15 17:00:58'
System info: host: 'ANIL110', ip: '192.168.25.228', os.name: 'Windows 7', os.arch: 'amd64', os.version: '6.1', java.version: '1.8.0_102'
Driver info: com.kms.katalon.core.webui.driver.firefox.CFirefoxDriver47
Capabilities [{applicationCacheEnabled=true, rotatable=false, handlesAlerts=true, databaseEnabled=true, version=56.0, platform=WINDOWS, nativeEvents=false, acceptSslCerts=true, webStorageEnabled=true, locationContextEnabled=true, browserName=firefox, takesScreenshot=true, javascriptEnabled=true, cssSelectorsEnabled=true}]
Session ID: e1238a34-14b7-48a7-8d0f-1f81d33f0be3)

2017-11-26 01:09:14 - [TEST_STEP][NOT_RUN] - callTestCase: NOT_RUN: callTestCase

2017-11-26 01:09:14 - [MESSAGE][NOT_RUN] - NOT_RUN: callTestCase

2017-11-26 01:09:14 - [TEST_STEP][PASSED] - delay: Delayed 4 second(s)

2017-11-26 01:09:18 - [MESSAGE][PASSED] - Delayed 4 second(s)

2017-11-26 01:09:18 - [TEST_STEP][FAILED] - click: Unable to click on object 'Object Repository/Rental/RentalHeader/RentalInvoice/RentalInvoice.InvoicingscheduleTab' (Root cause: org.openqa.selenium.WebDriverException: Element <label class="Label" id="erext4100s004-0-satellites-bar-page-3-label"></label> is not clickable at point (350, 418). Other element would receive the click: <div class="WindowManagerGlass" style="z-index: 1;"></div>
Command duration or timeout: 89 milliseconds
Build info: version: '2.53.0', revision: '35ae25b', time: '2016-03-15 17:00:58'
System info: host: 'ANIL110', ip: '192.168.25.228', os.name: 'Windows 7', os.arch: 'amd64', os.version: '6.1', java.version: '1.8.0_102'
Driver info: com.kms.katalon.core.webui.driver.firefox.CFirefoxDriver47
Capabilities [{applicationCacheEnabled=true, rotatable=false, handlesAlerts=true, databaseEnabled=true, version=56.0, platform=WINDOWS, nativeEvents=false, acceptSslCerts=true, webStorageEnabled=true, locationContextEnabled=true, browserName=firefox, takesScreenshot=true, javascriptEnabled=true, cssSelectorsEnabled=true}]
Session ID: e1238a34-14b7-48a7-8d0f-1f81d33f0be3)

2017-11-26 01:09:18 - [MESSAGE][FAILED] - Unable to click on object 'Object Repository/Rental/RentalHeader/RentalInvoice/RentalInvoice.InvoicingscheduleTab' (Root cause: org.openqa.selenium.WebDriverException: Element <label class="Label" id="erext4100s004-0-satellites-bar-page-3-label"></label> is not clickable at point (350, 418). Other element would receive the click: <div class="WindowManagerGlass" style="z-index: 1;"></div>
Command duration or timeout: 89 milliseconds
Build info: version: '2.53.0', revision: '35ae25b', time: '2016-03-15 17:00:58'
System info: host: 'ANIL110', ip: '192.168.25.228', os.name: 'Windows 7', os.arch: 'amd64', os.version: '6.1', java.version: '1.8.0_102'
Driver info: com.kms.katalon.core.webui.driver.firefox.CFirefoxDriver47
Capabilities [{applicationCacheEnabled=true, rotatable=false, handlesAlerts=true, databaseEnabled=true, version=56.0, platform=WINDOWS, nativeEvents=false, acceptSslCerts=true, webStorageEnabled=true, locationContextEnabled=true, browserName=firefox, takesScreenshot=true, javascriptEnabled=true, cssSelectorsEnabled=true}]
Session ID: e1238a34-14b7-48a7-8d0f-1f81d33f0be3)
[[ATTACHMENT|C:\\Users\\agawhande\\git\\CreditCard\\Reports\\CC_RentalInvoicewithDiffGatewayTestSuite\\20171126_000020\\1511638758214.png]]

2017-11-26 01:09:18 - [TEST_STEP][PASSED] - delay: Delayed 4 second(s)

2017-11-26 01:09:22 - [MESSAGE][PASSED] - Delayed 4 second(s)

2017-11-26 01:09:22 - [TEST_STEP][FAILED] - click: Unable to click on object 'Object Repository/Rental/RentalHeader/RentalInvoice/RentalInvoice.Action' (Root cause: com.kms.katalon.core.webui.exception.WebElementNotFoundException: Web element with id: 'Object Repository/Rental/RentalHeader/RentalInvoice/RentalInvoice.Action' located by 'By.xpath: //*[@id = 'erext4505m002-9-button-std:action']' not found)

2017-11-26 01:09:54 - [MESSAGE][FAILED] - Unable to click on object 'Object Repository/Rental/RentalHeader/RentalInvoice/RentalInvoice.Action' (Root cause: com.kms.katalon.core.webui.exception.WebElementNotFoundException: Web element with id: 'Object Repository/Rental/RentalHeader/RentalInvoice/RentalInvoice.Action' located by 'By.xpath: //*[@id = 'erext4505m002-9-button-std:action']' not found)
[[ATTACHMENT|C:\\Users\\agawhande\\git\\CreditCard\\Reports\\CC_RentalInvoicewithDiffGatewayTestSuite\\20171126_000020\\1511638794352.png]]

2017-11-26 01:09:54 - [TEST_STEP][PASSED] - delay: Delayed 4 second(s)

2017-11-26 01:09:58 - [MESSAGE][PASSED] - Delayed 4 second(s)

2017-11-26 01:09:58 - [TEST_STEP][FAILED] - click: Unable to click on object 'Object Repository/Rental/RentalHeader/RentalInvoice/RentalInvoice.ProcessInvoice' (Root cause: com.kms.katalon.core.webui.exception.WebElementNotFoundException: Web element with id: 'Object Repository/Rental/RentalHeader/RentalInvoice/RentalInvoice.ProcessInvoice' located by 'By.xpath: //*[@id = 'erext4505m002-9-menu-std:action-form-exec.user.0-label']' not found)

2017-11-26 01:10:30 - [MESSAGE][FAILED] - Unable to click on object 'Object Repository/Rental/RentalHeader/RentalInvoice/RentalInvoice.ProcessInvoice' (Root cause: com.kms.katalon.core.webui.exception.WebElementNotFoundException: Web element with id: 'Object Repository/Rental/RentalHeader/RentalInvoice/RentalInvoice.ProcessInvoice' located by 'By.xpath: //*[@id = 'erext4505m002-9-menu-std:action-form-exec.user.0-label']' not found)
[[ATTACHMENT|C:\\Users\\agawhande\\git\\CreditCard\\Reports\\CC_RentalInvoicewithDiffGatewayTestSuite\\20171126_000020\\1511638830594.png]]

2017-11-26 01:10:30 - [TEST_STEP][PASSED] - delay: Delayed 4 second(s)

2017-11-26 01:10:34 - [MESSAGE][PASSED] - Delayed 4 second(s)

2017-11-26 01:10:34 - [TEST_STEP][FAILED] - click: Unable to click on object 'Object Repository/Rental/RentalHeader/RentalInvoice/RentalInvoice.ProcessInvoice2' (Root cause: com.kms.katalon.core.webui.exception.WebElementNotFoundException: Web element with id: 'Object Repository/Rental/RentalHeader/RentalInvoice/RentalInvoice.ProcessInvoice2' located by 'By.xpath: //*[@id = 'erext4203m001-10-button-form-exec.cont.process-label']' not found)

2017-11-26 01:11:06 - [MESSAGE][FAILED] - Unable to click on object 'Object Repository/Rental/RentalHeader/RentalInvoice/RentalInvoice.ProcessInvoice2' (Root cause: com.kms.katalon.core.webui.exception.WebElementNotFoundException: Web element with id: 'Object Repository/Rental/RentalHeader/RentalInvoice/RentalInvoice.ProcessInvoice2' located by 'By.xpath: //*[@id = 'erext4203m001-10-button-form-exec.cont.process-label']' not found)
[[ATTACHMENT|C:\\Users\\agawhande\\git\\CreditCard\\Reports\\CC_RentalInvoicewithDiffGatewayTestSuite\\20171126_000020\\1511638866693.png]]

2017-11-26 01:11:06 - [TEST_STEP][PASSED] - delay: Delayed 0 second(s)

2017-11-26 01:11:06 - [MESSAGE][PASSED] - Delayed 0 second(s)

2017-11-26 01:11:06 - [TEST_STEP][FAILED] - click: Unable to click on object 'Object Repository/Rental/RentalHeader/RentalInvoice/RentalInvoice.InvoiceProcessYES' (Root cause: com.kms.katalon.core.webui.exception.WebElementNotFoundException: Web element with id: 'Object Repository/Rental/RentalHeader/RentalInvoice/RentalInvoice.InvoiceProcessYES' located by 'By.xpath: //*[@id = 'dlg-erext4203m001-10-input-button-0-label']' not found)

2017-11-26 01:11:38 - [MESSAGE][FAILED] - Unable to click on object 'Object Repository/Rental/RentalHeader/RentalInvoice/RentalInvoice.InvoiceProcessYES' (Root cause: com.kms.katalon.core.webui.exception.WebElementNotFoundException: Web element with id: 'Object Repository/Rental/RentalHeader/RentalInvoice/RentalInvoice.InvoiceProcessYES' located by 'By.xpath: //*[@id = 'dlg-erext4203m001-10-input-button-0-label']' not found)
[[ATTACHMENT|C:\\Users\\agawhande\\git\\CreditCard\\Reports\\CC_RentalInvoicewithDiffGatewayTestSuite\\20171126_000020\\1511638898785.png]]

2017-11-26 01:11:38 - [TEST_STEP][PASSED] - delay: Delayed 0 second(s)

2017-11-26 01:11:38 - [MESSAGE][PASSED] - Delayed 0 second(s)

2017-11-26 01:11:38 - [TEST_STEP][FAILED] - setText: Unable to set text 'GLOBAL' of object 'Object Repository/Rental/RentalHeader/RentalInvoice/ServiceCreditCard.PaymentGateway' (Root cause: com.kms.katalon.core.webui.exception.WebElementNotFoundException: Web element with id: 'Object Repository/Rental/RentalHeader/RentalInvoice/ServiceCreditCard.PaymentGateway' located by 'By.xpath: //*[@id = 'xiext6102m000-11-pay.gateway-1-lookup-widget']' not found)

2017-11-26 01:12:10 - [MESSAGE][FAILED] - Unable to set text 'GLOBAL' of object 'Object Repository/Rental/RentalHeader/RentalInvoice/ServiceCreditCard.PaymentGateway' (Root cause: com.kms.katalon.core.webui.exception.WebElementNotFoundException: Web element with id: 'Object Repository/Rental/RentalHeader/RentalInvoice/ServiceCreditCard.PaymentGateway' located by 'By.xpath: //*[@id = 'xiext6102m000-11-pay.gateway-1-lookup-widget']' not found)
[[ATTACHMENT|C:\\Users\\agawhande\\git\\CreditCard\\Reports\\CC_RentalInvoicewithDiffGatewayTestSuite\\20171126_000020\\1511638930803.png]]

2017-11-26 01:12:10 - [TEST_STEP][NOT_RUN] - sendKeys: NOT_RUN: sendKeys

2017-11-26 01:12:10 - [MESSAGE][NOT_RUN] - NOT_RUN: sendKeys

2017-11-26 01:12:10 - [TEST_STEP][FAILED] - doubleClick: Unable to double click on object 'Object Repository/Rental/RentalHeader/RentalInvoice/ServiceCreditCard.CardType' (Root cause: com.kms.katalon.core.webui.exception.WebElementNotFoundException: Web element with id: 'Object Repository/Rental/RentalHeader/RentalInvoice/ServiceCreditCard.CardType' located by 'By.xpath: //*[@id = 'xiext6102m000-11-card.type-3-lookup-widget']' not found)

2017-11-26 01:12:43 - [MESSAGE][FAILED] - Unable to double click on object 'Object Repository/Rental/RentalHeader/RentalInvoice/ServiceCreditCard.CardType' (Root cause: com.kms.katalon.core.webui.exception.WebElementNotFoundException: Web element with id: 'Object Repository/Rental/RentalHeader/RentalInvoice/ServiceCreditCard.CardType' located by 'By.xpath: //*[@id = 'xiext6102m000-11-card.type-3-lookup-widget']' not found)
[[ATTACHMENT|C:\\Users\\agawhande\\git\\CreditCard\\Reports\\CC_RentalInvoicewithDiffGatewayTestSuite\\20171126_000020\\1511638963158.png]]

2017-11-26 01:12:43 - [TEST_STEP][FAILED] - setText: Unable to set text 'DEBIT MASTERCARD' of object 'Object Repository/Rental/RentalHeader/RentalInvoice/ServiceCreditCard.CardType' (Root cause: com.kms.katalon.core.webui.exception.WebElementNotFoundException: Web element with id: 'Object Repository/Rental/RentalHeader/RentalInvoice/ServiceCreditCard.CardType' located by 'By.xpath: //*[@id = 'xiext6102m000-11-card.type-3-lookup-widget']' not found)

2017-11-26 01:13:15 - [MESSAGE][FAILED] - Unable to set text 'DEBIT MASTERCARD' of object 'Object Repository/Rental/RentalHeader/RentalInvoice/ServiceCreditCard.CardType' (Root cause: com.kms.katalon.core.webui.exception.WebElementNotFoundException: Web element with id: 'Object Repository/Rental/RentalHeader/RentalInvoice/ServiceCreditCard.CardType' located by 'By.xpath: //*[@id = 'xiext6102m000-11-card.type-3-lookup-widget']' not found)
[[ATTACHMENT|C:\\Users\\agawhande\\git\\CreditCard\\Reports\\CC_RentalInvoicewithDiffGatewayTestSuite\\20171126_000020\\1511638995263.png]]

2017-11-26 01:13:15 - [TEST_STEP][PASSED] - delay: Delayed 2 second(s)

2017-11-26 01:13:17 - [MESSAGE][PASSED] - Delayed 2 second(s)

2017-11-26 01:13:17 - [TEST_STEP][FAILED] - doubleClick: Unable to double click on object 'Object Repository/Rental/RentalHeader/RentalInvoice/ServiceCreditCard.Enter CC No' (Root cause: com.kms.katalon.core.webui.exception.WebElementNotFoundException: Web element with id: 'Object Repository/Rental/RentalHeader/RentalInvoice/ServiceCreditCard.Enter CC No' located by 'By.xpath: //*[@id = 'xiext6102m000-11-cardno-7-lookup-widget']' not found)

2017-11-26 01:13:49 - [MESSAGE][FAILED] - Unable to double click on object 'Object Repository/Rental/RentalHeader/RentalInvoice/ServiceCreditCard.Enter CC No' (Root cause: com.kms.katalon.core.webui.exception.WebElementNotFoundException: Web element with id: 'Object Repository/Rental/RentalHeader/RentalInvoice/ServiceCreditCard.Enter CC No' located by 'By.xpath: //*[@id = 'xiext6102m000-11-cardno-7-lookup-widget']' not found)
[[ATTACHMENT|C:\\Users\\agawhande\\git\\CreditCard\\Reports\\CC_RentalInvoicewithDiffGatewayTestSuite\\20171126_000020\\1511639029571.png]]

2017-11-26 01:13:49 - [TEST_STEP][FAILED] - sendKeys: Unable to send keys '5100270000000007' to object 'Object Repository/Rental/RentalHeader/RentalInvoice/ServiceCreditCard.Enter CC No' (Root cause: com.kms.katalon.core.webui.exception.WebElementNotFoundException: Web element with id: 'Object Repository/Rental/RentalHeader/RentalInvoice/ServiceCreditCard.Enter CC No' located by 'By.xpath: //*[@id = 'xiext6102m000-11-cardno-7-lookup-widget']' not found)

2017-11-26 01:14:22 - [MESSAGE][FAILED] - Unable to send keys '5100270000000007' to object 'Object Repository/Rental/RentalHeader/RentalInvoice/ServiceCreditCard.Enter CC No' (Root cause: com.kms.katalon.core.webui.exception.WebElementNotFoundException: Web element with id: 'Object Repository/Rental/RentalHeader/RentalInvoice/ServiceCreditCard.Enter CC No' located by 'By.xpath: //*[@id = 'xiext6102m000-11-cardno-7-lookup-widget']' not found)
[[ATTACHMENT|C:\\Users\\agawhande\\git\\CreditCard\\Reports\\CC_RentalInvoicewithDiffGatewayTestSuite\\20171126_000020\\1511639062209.png]]

2017-11-26 01:14:22 - [TEST_STEP][PASSED] - delay: Delayed 2 second(s)

2017-11-26 01:14:24 - [MESSAGE][PASSED] - Delayed 2 second(s)

2017-11-26 01:14:24 - [TEST_STEP][FAILED] - click: Unable to click on object 'Object Repository/Rental/RentalHeader/RentalInvoice/ServiceCreditCard.CVV2' (Root cause: com.kms.katalon.core.webui.exception.WebElementNotFoundException: Web element with id: 'Object Repository/Rental/RentalHeader/RentalInvoice/ServiceCreditCard.CVV2' located by 'By.xpath: //*[@id = 'xiext6102m000-11-cvv.no-8-decorator']' not found)

2017-11-26 01:14:57 - [MESSAGE][FAILED] - Unable to click on object 'Object Repository/Rental/RentalHeader/RentalInvoice/ServiceCreditCard.CVV2' (Root cause: com.kms.katalon.core.webui.exception.WebElementNotFoundException: Web element with id: 'Object Repository/Rental/RentalHeader/RentalInvoice/ServiceCreditCard.CVV2' located by 'By.xpath: //*[@id = 'xiext6102m000-11-cvv.no-8-decorator']' not found)
[[ATTACHMENT|C:\\Users\\agawhande\\git\\CreditCard\\Reports\\CC_RentalInvoicewithDiffGatewayTestSuite\\20171126_000020\\1511639097003.png]]

2017-11-26 01:14:57 - [TEST_STEP][FAILED] - sendKeys: Unable to send keys '865' to object 'Object Repository/Rental/RentalHeader/RentalInvoice/ServiceCreditCard.CVV2' (Root cause: com.kms.katalon.core.webui.exception.WebElementNotFoundException: Web element with id: 'Object Repository/Rental/RentalHeader/RentalInvoice/ServiceCreditCard.CVV2' located by 'By.xpath: //*[@id = 'xiext6102m000-11-cvv.no-8-decorator']' not found)

2017-11-26 01:15:30 - [MESSAGE][FAILED] - Unable to send keys '865' to object 'Object Repository/Rental/RentalHeader/RentalInvoice/ServiceCreditCard.CVV2' (Root cause: com.kms.katalon.core.webui.exception.WebElementNotFoundException: Web element with id: 'Object Repository/Rental/RentalHeader/RentalInvoice/ServiceCreditCard.CVV2' located by 'By.xpath: //*[@id = 'xiext6102m000-11-cvv.no-8-decorator']' not found)
[[ATTACHMENT|C:\\Users\\agawhande\\git\\CreditCard\\Reports\\CC_RentalInvoicewithDiffGatewayTestSuite\\20171126_000020\\1511639130009.png]]

2017-11-26 01:15:30 - [TEST_STEP][NOT_RUN] - sendKeys: NOT_RUN: sendKeys

2017-11-26 01:15:30 - [MESSAGE][NOT_RUN] - NOT_RUN: sendKeys

2017-11-26 01:15:30 - [TEST_STEP][NOT_RUN] - delay: NOT_RUN: delay

2017-11-26 01:15:30 - [MESSAGE][NOT_RUN] - NOT_RUN: delay

2017-11-26 01:15:30 - [TEST_STEP][PASSED] - delay: Delayed 3 second(s)

2017-11-26 01:15:33 - [MESSAGE][PASSED] - Delayed 3 second(s)

2017-11-26 01:15:33 - [TEST_STEP][FAILED] - setText: Unable to set text '09' of object 'Object Repository/Rental/RentalHeader/RentalInvoice/ServiceCreditCard.ExpiryMonth' (Root cause: com.kms.katalon.core.webui.exception.WebElementNotFoundException: Web element with id: 'Object Repository/Rental/RentalHeader/RentalInvoice/ServiceCreditCard.ExpiryMonth' located by 'By.xpath: //*[@id = 'xiext6102m000-11-exp.month-10-decorator']' not found)

2017-11-26 01:16:05 - [MESSAGE][FAILED] - Unable to set text '09' of object 'Object Repository/Rental/RentalHeader/RentalInvoice/ServiceCreditCard.ExpiryMonth' (Root cause: com.kms.katalon.core.webui.exception.WebElementNotFoundException: Web element with id: 'Object Repository/Rental/RentalHeader/RentalInvoice/ServiceCreditCard.ExpiryMonth' located by 'By.xpath: //*[@id = 'xiext6102m000-11-exp.month-10-decorator']' not found)
[[ATTACHMENT|C:\\Users\\agawhande\\git\\CreditCard\\Reports\\CC_RentalInvoicewithDiffGatewayTestSuite\\20171126_000020\\1511639165327.png]]

2017-11-26 01:16:05 - [TEST_STEP][FAILED] - setText: Unable to set text '99' of object 'Object Repository/Rental/RentalHeader/RentalInvoice/ServiceCreditCard.ExpiryYear' (Root cause: com.kms.katalon.core.webui.exception.WebElementNotFoundException: Web element with id: 'Object Repository/Rental/RentalHeader/RentalInvoice/ServiceCreditCard.ExpiryYear' located by 'By.xpath: //*[@id = 'xiext6102m000-11-exp.year-11-decorator']' not found)

2017-11-26 01:16:37 - [MESSAGE][FAILED] - Unable to set text '99' of object 'Object Repository/Rental/RentalHeader/RentalInvoice/ServiceCreditCard.ExpiryYear' (Root cause: com.kms.katalon.core.webui.exception.WebElementNotFoundException: Web element with id: 'Object Repository/Rental/RentalHeader/RentalInvoice/ServiceCreditCard.ExpiryYear' located by 'By.xpath: //*[@id = 'xiext6102m000-11-exp.year-11-decorator']' not found)
[[ATTACHMENT|C:\\Users\\agawhande\\git\\CreditCard\\Reports\\CC_RentalInvoicewithDiffGatewayTestSuite\\20171126_000020\\1511639197399.png]]

2017-11-26 01:16:37 - [TEST_STEP][FAILED] - click: Unable to click on object 'Object Repository/Rental/RentalHeader/RentalInvoice/ServiceCreditCard.Process' (Root cause: com.kms.katalon.core.webui.exception.WebElementNotFoundException: Web element with id: 'Object Repository/Rental/RentalHeader/RentalInvoice/ServiceCreditCard.Process' located by 'By.xpath: //*[@id = 'xiext6102m000-11-button-form-process.cc.payment']' not found)

2017-11-26 01:17:09 - [MESSAGE][FAILED] - Unable to click on object 'Object Repository/Rental/RentalHeader/RentalInvoice/ServiceCreditCard.Process' (Root cause: com.kms.katalon.core.webui.exception.WebElementNotFoundException: Web element with id: 'Object Repository/Rental/RentalHeader/RentalInvoice/ServiceCreditCard.Process' located by 'By.xpath: //*[@id = 'xiext6102m000-11-button-form-process.cc.payment']' not found)
[[ATTACHMENT|C:\\Users\\agawhande\\git\\CreditCard\\Reports\\CC_RentalInvoicewithDiffGatewayTestSuite\\20171126_000020\\1511639229653.png]]

2017-11-26 01:17:09 - [TEST_STEP][PASSED] - delay: Delayed 13 second(s)

2017-11-26 01:17:22 - [MESSAGE][PASSED] - Delayed 13 second(s)

2017-11-26 01:17:22 - [TEST_STEP][FAILED] - click: Unable to click on object 'Object Repository/Rental/RentalHeader/RentalInvoice/ServiceCreditCard.PrintDevice' (Root cause: com.kms.katalon.core.webui.exception.WebElementNotFoundException: Web element with id: 'Object Repository/Rental/RentalHeader/RentalInvoice/ServiceCreditCard.PrintDevice' located by 'By.xpath: //*[@id = 'ttstpsplopen-13-button-form-exec.cont.process']' not found)

2017-11-26 01:17:54 - [MESSAGE][FAILED] - Unable to click on object 'Object Repository/Rental/RentalHeader/RentalInvoice/ServiceCreditCard.PrintDevice' (Root cause: com.kms.katalon.core.webui.exception.WebElementNotFoundException: Web element with id: 'Object Repository/Rental/RentalHeader/RentalInvoice/ServiceCreditCard.PrintDevice' located by 'By.xpath: //*[@id = 'ttstpsplopen-13-button-form-exec.cont.process']' not found)
[[ATTACHMENT|C:\\Users\\agawhande\\git\\CreditCard\\Reports\\CC_RentalInvoicewithDiffGatewayTestSuite\\20171126_000020\\1511639274803.png]]

2017-11-26 01:17:54 - [TEST_STEP][PASSED] - delay: Delayed 10 second(s)

2017-11-26 01:18:04 - [MESSAGE][PASSED] - Delayed 10 second(s)

2017-11-26 01:18:04 - [TEST_STEP][FAILED] - click: Unable to click on object 'Object Repository/Rental/RentalHeader/RentalInvoice/ServiceCreditCard.PrintOK' (Root cause: com.kms.katalon.core.webui.exception.WebElementNotFoundException: Web element with id: 'Object Repository/Rental/RentalHeader/RentalInvoice/ServiceCreditCard.PrintOK' located by 'By.xpath: //*[@id = 'dlg-erext4203m001-10-input-button-0']' not found)

2017-11-26 01:18:37 - [MESSAGE][FAILED] - Unable to click on object 'Object Repository/Rental/RentalHeader/RentalInvoice/ServiceCreditCard.PrintOK' (Root cause: com.kms.katalon.core.webui.exception.WebElementNotFoundException: Web element with id: 'Object Repository/Rental/RentalHeader/RentalInvoice/ServiceCreditCard.PrintOK' located by 'By.xpath: //*[@id = 'dlg-erext4203m001-10-input-button-0']' not found)
[[ATTACHMENT|C:\\Users\\agawhande\\git\\CreditCard\\Reports\\CC_RentalInvoicewithDiffGatewayTestSuite\\20171126_000020\\1511639317403.png]]

2017-11-26 01:18:37 - [TEST_STEP][PASSED] - delay: Delayed 5 second(s)

2017-11-26 01:18:42 - [MESSAGE][PASSED] - Delayed 5 second(s)

2017-11-26 01:18:42 - [TEST_STEP][FAILED] - click: Unable to click on object 'Object Repository/Rental/RentalHeader/RentalInvoice/RentalInvoice.CloseRentalInvoicesession' (Root cause: com.kms.katalon.core.webui.exception.WebElementNotFoundException: Web element with id: 'Object Repository/Rental/RentalHeader/RentalInvoice/RentalInvoice.CloseRentalInvoicesession' located by 'By.xpath: //*[@id = 'erext4203m001-10-button-std-file.close-label']' not found)

2017-11-26 01:19:15 - [MESSAGE][FAILED] - Unable to click on object 'Object Repository/Rental/RentalHeader/RentalInvoice/RentalInvoice.CloseRentalInvoicesession' (Root cause: com.kms.katalon.core.webui.exception.WebElementNotFoundException: Web element with id: 'Object Repository/Rental/RentalHeader/RentalInvoice/RentalInvoice.CloseRentalInvoicesession' located by 'By.xpath: //*[@id = 'erext4203m001-10-button-std-file.close-label']' not found)
[[ATTACHMENT|C:\\Users\\agawhande\\git\\CreditCard\\Reports\\CC_RentalInvoicewithDiffGatewayTestSuite\\20171126_000020\\1511639355596.png]]

2017-11-26 01:19:15 - [TEST_STEP][PASSED] - delay: Delayed 3 second(s)

2017-11-26 01:19:18 - [MESSAGE][PASSED] - Delayed 3 second(s)

2017-11-26 01:19:18 - [TEST_STEP][PASSED] - closeBrowser: Browser is closed

2017-11-26 01:19:19 - [MESSAGE][PASSED] - Browser is closed

2017-11-26 01:19:19 - [MESSAGE][FAILED] - Unable to call Test Case with id 'Test Cases/Rental/Base_RentalContract/Base_CreateRentalInvoice_CC' (Root cause: Call Test Case 'Test Cases/Rental/Base_RentalContract/Base_CreateRentalInvoice_CC' failed)]]></system-out>
         <system-err><![CDATA[2017-11-26 00:53:11 - [TEST_CASE][FAILED] - Test Cases/Rental/Base_RentalContract/CreditCardRegression/TC003_RentalContractInvoice_CC - Iteration 2: Test Cases/Rental/Base_RentalContract/CreditCardRegression/TC003_RentalContractInvoice_CC FAILED because (of) Unable to click on object 'Object Repository/Equipment/EquipmentPurchase/EPO_Header/EPO_Header_Action' (Root cause: org.openqa.selenium.WebDriverException: Element <div tabindex="0" class="Button MenuButton TextButton" id="tdext8150s000-0-button-std:action" draggable="true"></div> is not clickable at point (795, 79.01666259765625). Other element would receive the click: <div class="WindowManagerGlass" style="z-index: 1;"></div>
Command duration or timeout: 76 milliseconds
Build info: version: '2.53.0', revision: '35ae25b', time: '2016-03-15 17:00:58'
System info: host: 'ANIL110', ip: '192.168.25.228', os.name: 'Windows 7', os.arch: 'amd64', os.version: '6.1', java.version: '1.8.0_102'
Driver info: com.kms.katalon.core.webui.driver.firefox.CFirefoxDriver47
Capabilities [{applicationCacheEnabled=true, rotatable=false, handlesAlerts=true, databaseEnabled=true, version=56.0, platform=WINDOWS, nativeEvents=false, acceptSslCerts=true, webStorageEnabled=true, locationContextEnabled=true, browserName=firefox, takesScreenshot=true, javascriptEnabled=true, cssSelectorsEnabled=true}]
Session ID: 75d3bb4b-bd65-4d5d-9376-25a4cd14dbab)]]></system-err>
      </testcase>
      <system-out><![CDATA[2017-11-26 00:27:03 - [TEST_SUITE][FAILED] - CC_RentalInvoicewithDiffGatewayTestSuite: Test Cases/Rental/Base_RentalContract/CreditCardRegression/TC003_RentalContractInvoice_CC FAILED because (of) Unable to click on object 'Object Repository/Equipment/EquipmentPurchase/EPO_Header/EPO_Header_Action' (Root cause: org.openqa.selenium.WebDriverException: Element <div tabindex="0" class="Button MenuButton TextButton" id="tdext8150s000-0-button-std:action" draggable="true"></div> is not clickable at point (795, 79.01666259765625). Other element would receive the click: <div class="WindowManagerGlass" style="z-index: 1;"></div>
Command duration or timeout: 81 milliseconds
Build info: version: '2.53.0', revision: '35ae25b', time: '2016-03-15 17:00:58'
System info: host: 'ANIL110', ip: '192.168.25.228', os.name: 'Windows 7', os.arch: 'amd64', os.version: '6.1', java.version: '1.8.0_102'
Driver info: com.kms.katalon.core.webui.driver.firefox.CFirefoxDriver47
Capabilities [{applicationCacheEnabled=true, rotatable=false, handlesAlerts=true, databaseEnabled=true, version=56.0, platform=WINDOWS, nativeEvents=false, acceptSslCerts=true, webStorageEnabled=true, locationContextEnabled=true, browserName=firefox, takesScreenshot=true, javascriptEnabled=true, cssSelectorsEnabled=true}]
Session ID: b0eda621-7e72-4086-83cc-6bd92b0431a4)]]></system-out>
      <system-err><![CDATA[2017-11-26 00:27:03 - [TEST_SUITE][FAILED] - CC_RentalInvoicewithDiffGatewayTestSuite: Test Cases/Rental/Base_RentalContract/CreditCardRegression/TC003_RentalContractInvoice_CC FAILED because (of) Unable to click on object 'Object Repository/Equipment/EquipmentPurchase/EPO_Header/EPO_Header_Action' (Root cause: org.openqa.selenium.WebDriverException: Element <div tabindex="0" class="Button MenuButton TextButton" id="tdext8150s000-0-button-std:action" draggable="true"></div> is not clickable at point (795, 79.01666259765625). Other element would receive the click: <div class="WindowManagerGlass" style="z-index: 1;"></div>
Command duration or timeout: 81 milliseconds
Build info: version: '2.53.0', revision: '35ae25b', time: '2016-03-15 17:00:58'
System info: host: 'ANIL110', ip: '192.168.25.228', os.name: 'Windows 7', os.arch: 'amd64', os.version: '6.1', java.version: '1.8.0_102'
Driver info: com.kms.katalon.core.webui.driver.firefox.CFirefoxDriver47
Capabilities [{applicationCacheEnabled=true, rotatable=false, handlesAlerts=true, databaseEnabled=true, version=56.0, platform=WINDOWS, nativeEvents=false, acceptSslCerts=true, webStorageEnabled=true, locationContextEnabled=true, browserName=firefox, takesScreenshot=true, javascriptEnabled=true, cssSelectorsEnabled=true}]
Session ID: b0eda621-7e72-4086-83cc-6bd92b0431a4)]]></system-err>
   </testsuite>
</testsuites>
