<?xml version="1.0" encoding="UTF-8"?>
<testsuites name="CC_ServiceSplitTendetTestSuite" time="1343" tests="0" failures="2" errors="0">
   <testsuite name="CC_ServiceSplitTendetTestSuite" tests="0" failures="2" errors="0" time="1343" timestamp="2017-11-25 00:00:26" hostname="agawhande - ANIL110.e-emphasys.com" id="Test Suites/CC_ServiceSplitTendetTestSuite">
      <properties>
         <property name="deviceName" value=""/>
         <property name="devicePlatform" value=""/>
         <property name="logFolder" value="C:\\Users\\agawhande\\git\\CreditCard\\Reports\\CC_ServiceSplitTendetTestSuite\\20171125_000019"/>
         <property name="logFiles" value="C:\\Users\\agawhande\\git\\CreditCard\\Reports\\CC_ServiceSplitTendetTestSuite\\20171125_000019\\execution0.log"/>
         <property name="attachments" value="C:\\Users\\agawhande\\git\\CreditCard\\Reports\\CC_ServiceSplitTendetTestSuite\\20171125_000019\\1511548558325.png, C:\\Users\\agawhande\\git\\CreditCard\\Reports\\CC_ServiceSplitTendetTestSuite\\20171125_000019\\1511548600612.png, C:\\Users\\agawhande\\git\\CreditCard\\Reports\\CC_ServiceSplitTendetTestSuite\\20171125_000019\\1511548609291.png, C:\\Users\\agawhande\\git\\CreditCard\\Reports\\CC_ServiceSplitTendetTestSuite\\20171125_000019\\1511548644034.png, C:\\Users\\agawhande\\git\\CreditCard\\Reports\\CC_ServiceSplitTendetTestSuite\\20171125_000019\\1511548678747.png, C:\\Users\\agawhande\\git\\CreditCard\\Reports\\CC_ServiceSplitTendetTestSuite\\20171125_000019\\1511548710481.png, C:\\Users\\agawhande\\git\\CreditCard\\Reports\\CC_ServiceSplitTendetTestSuite\\20171125_000019\\1511548732398.png, C:\\Users\\agawhande\\git\\CreditCard\\Reports\\CC_ServiceSplitTendetTestSuite\\20171125_000019\\1511548732608.png, C:\\Users\\agawhande\\git\\CreditCard\\Reports\\CC_ServiceSplitTendetTestSuite\\20171125_000019\\1511548774063.png, C:\\Users\\agawhande\\git\\CreditCard\\Reports\\CC_ServiceSplitTendetTestSuite\\20171125_000019\\1511548805866.png, C:\\Users\\agawhande\\git\\CreditCard\\Reports\\CC_ServiceSplitTendetTestSuite\\20171125_000019\\1511548837695.png, C:\\Users\\agawhande\\git\\CreditCard\\Reports\\CC_ServiceSplitTendetTestSuite\\20171125_000019\\1511549045948.png, C:\\Users\\agawhande\\git\\CreditCard\\Reports\\CC_ServiceSplitTendetTestSuite\\20171125_000019\\1511549048234.png, C:\\Users\\agawhande\\git\\CreditCard\\Reports\\CC_ServiceSplitTendetTestSuite\\20171125_000019\\1511549050421.png, C:\\Users\\agawhande\\git\\CreditCard\\Reports\\CC_ServiceSplitTendetTestSuite\\20171125_000019\\1511549055772.png, C:\\Users\\agawhande\\git\\CreditCard\\Reports\\CC_ServiceSplitTendetTestSuite\\20171125_000019\\1511549057970.png, C:\\Users\\agawhande\\git\\CreditCard\\Reports\\CC_ServiceSplitTendetTestSuite\\20171125_000019\\1511549060213.png, C:\\Users\\agawhande\\git\\CreditCard\\Reports\\CC_ServiceSplitTendetTestSuite\\20171125_000019\\1511549095487.png, C:\\Users\\agawhande\\git\\CreditCard\\Reports\\CC_ServiceSplitTendetTestSuite\\20171125_000019\\1511549129731.png, C:\\Users\\agawhande\\git\\CreditCard\\Reports\\CC_ServiceSplitTendetTestSuite\\20171125_000019\\1511549171868.png, C:\\Users\\agawhande\\git\\CreditCard\\Reports\\CC_ServiceSplitTendetTestSuite\\20171125_000019\\1511549206137.png, C:\\Users\\agawhande\\git\\CreditCard\\Reports\\CC_ServiceSplitTendetTestSuite\\20171125_000019\\1511549208404.png, C:\\Users\\agawhande\\git\\CreditCard\\Reports\\CC_ServiceSplitTendetTestSuite\\20171125_000019\\1511549211657.png, C:\\Users\\agawhande\\git\\CreditCard\\Reports\\CC_ServiceSplitTendetTestSuite\\20171125_000019\\1511549245732.png, C:\\Users\\agawhande\\git\\CreditCard\\Reports\\CC_ServiceSplitTendetTestSuite\\20171125_000019\\1511549248071.png, C:\\Users\\agawhande\\git\\CreditCard\\Reports\\CC_ServiceSplitTendetTestSuite\\20171125_000019\\1511549250304.png, C:\\Users\\agawhande\\git\\CreditCard\\Reports\\CC_ServiceSplitTendetTestSuite\\20171125_000019\\1511549295416.png, C:\\Users\\agawhande\\git\\CreditCard\\Reports\\CC_ServiceSplitTendetTestSuite\\20171125_000019\\1511549337678.png, C:\\Users\\agawhande\\git\\CreditCard\\Reports\\CC_ServiceSplitTendetTestSuite\\20171125_000019\\1511549346160.png, C:\\Users\\agawhande\\git\\CreditCard\\Reports\\CC_ServiceSplitTendetTestSuite\\20171125_000019\\1511549381257.png, C:\\Users\\agawhande\\git\\CreditCard\\Reports\\CC_ServiceSplitTendetTestSuite\\20171125_000019\\1511549416452.png, C:\\Users\\agawhande\\git\\CreditCard\\Reports\\CC_ServiceSplitTendetTestSuite\\20171125_000019\\1511549448518.png, C:\\Users\\agawhande\\git\\CreditCard\\Reports\\CC_ServiceSplitTendetTestSuite\\20171125_000019\\1511549461251.png, C:\\Users\\agawhande\\git\\CreditCard\\Reports\\CC_ServiceSplitTendetTestSuite\\20171125_000019\\1511549461477.png, C:\\Users\\agawhande\\git\\CreditCard\\Reports\\CC_ServiceSplitTendetTestSuite\\20171125_000019\\1511549503461.png, C:\\Users\\agawhande\\git\\CreditCard\\Reports\\CC_ServiceSplitTendetTestSuite\\20171125_000019\\1511549535255.png, C:\\Users\\agawhande\\git\\CreditCard\\Reports\\CC_ServiceSplitTendetTestSuite\\20171125_000019\\1511549567062.png"/>
         <property name="hostName" value="agawhande - ANIL110.e-emphasys.com"/>
         <property name="os" value="Windows 7 64bit"/>
         <property name="katalonVersion" value="5.0.1.1"/>
         <property name="browser" value="Firefox 56.0"/>
         <property name="hostAddress" value="192.168.25.228"/>
         <property name="sessionId" value="feceec24-b20a-46e8-acb7-78f9482bc974"/>
         <property name="seleniumVersion" value="2.53.0"/>
         <property name="proxyInformation" value="ProxyInformation{proxyOption=NO_PROXY, proxyServerType=HTTP, password=, proxyServerAddress=, proxyServerPort=0}"/>
         <property name="platform" value="Windows 7"/>
      </properties>
      <testcase name="Test Cases/Service/CreditCardRegression/TC002_Service_CreditCardSplitTender - Iteration 1" classname="Test Cases/Service/CreditCardRegression/TC002_Service_CreditCardSplitTender" status="FAILED">
         <failure type="FAILED" message="Test Cases/Service/CreditCardRegression/TC002_Service_CreditCardSplitTender FAILED because (of) Unable to click on object 'Object Repository/Service/ServiceOrder/CreditCardSplitTender/SplitTender.PrintOK' (Root cause: com.kms.katalon.core.webui.exception.WebElementNotFoundException: Web element with id: 'Object Repository/Service/ServiceOrder/CreditCardSplitTender/SplitTender.PrintOK' located by 'By.xpath: //*[@id = 'tsext4100m300-5-button-std-file.save_and_close']' not found)"/>
         <system-out><![CDATA[2017-11-25 00:00:27 - [TEST_CASE][FAILED] - Test Cases/Service/CreditCardRegression/TC002_Service_CreditCardSplitTender - Iteration 1: Test Cases/Service/CreditCardRegression/TC002_Service_CreditCardSplitTender FAILED because (of) Unable to click on object 'Object Repository/Service/ServiceOrder/CreditCardSplitTender/SplitTender.PrintOK' (Root cause: com.kms.katalon.core.webui.exception.WebElementNotFoundException: Web element with id: 'Object Repository/Service/ServiceOrder/CreditCardSplitTender/SplitTender.PrintOK' located by 'By.xpath: //*[@id = 'tsext4100m300-5-button-std-file.save_and_close']' not found)

2017-11-25 00:00:27 - [TEST_STEP][PASSED] - callTestCase: Call Test Case 'Test Cases/Service/BaseTestCases/Base_Service_CreateHeader' successfully

2017-11-25 00:00:28 - [TEST_CASE][PASSED] - Test Cases/Service/BaseTestCases/Base_Service_CreateHeader: Test Cases/Service/BaseTestCases/Base_Service_CreateHeader

2017-11-25 00:00:28 - [TEST_STEP][PASSED] - callTestCase: Call Test Case 'Test Cases/Common/Base_Common_OpenSession' successfully

2017-11-25 00:00:28 - [TEST_CASE][PASSED] - Test Cases/Common/Base_Common_OpenSession: Test Cases/Common/Base_Common_OpenSession

2017-11-25 00:00:28 - [TEST_STEP][PASSED] - openBrowser: Browser is opened with url: 'https://rgajbhiye:Robin$123@proxima-ln4.e-emphasys.com:8441/webui/servlet/login'

2017-11-25 00:00:39 - [MESSAGE][PASSED] - Browser is opened with url: 'https://rgajbhiye:Robin$123@proxima-ln4.e-emphasys.com:8441/webui/servlet/login'

2017-11-25 00:00:39 - [TEST_STEP][PASSED] - waitForPageLoad: Wait for page load successfully

2017-11-25 00:00:39 - [MESSAGE][PASSED] - Wait for page load successfully

2017-11-25 00:00:39 - [TEST_STEP][PASSED] - maximizeWindow: Current window maximized

2017-11-25 00:00:39 - [MESSAGE][PASSED] - Current window maximized

2017-11-25 00:00:39 - [TEST_STEP][PASSED] - click: Object: 'Object Repository/Common/HomePage/HomePage_more' is clicked on

2017-11-25 00:00:43 - [MESSAGE][PASSED] - Object: 'Object Repository/Common/HomePage/HomePage_more' is clicked on

2017-11-25 00:00:43 - [TEST_STEP][PASSED] - click: Object: 'Object Repository/Common/HomePage/HomePage_Option' is clicked on

2017-11-25 00:00:43 - [MESSAGE][PASSED] - Object: 'Object Repository/Common/HomePage/HomePage_Option' is clicked on

2017-11-25 00:00:43 - [TEST_STEP][PASSED] - click: Object: 'Object Repository/Common/HomePage/HomePage_RunProgram_' is clicked on

2017-11-25 00:00:43 - [MESSAGE][PASSED] - Object: 'Object Repository/Common/HomePage/HomePage_RunProgram_' is clicked on

2017-11-25 00:00:43 - [TEST_STEP][PASSED] - sendKeys: Keys 'tssoc2100m001' sent to object: 'Object Repository/Common/HomePage/HomePage_Session_ID'

2017-11-25 00:00:43 - [MESSAGE][PASSED] - Keys 'tssoc2100m001' sent to object: 'Object Repository/Common/HomePage/HomePage_Session_ID'

2017-11-25 00:00:43 - [TEST_STEP][PASSED] - click: Object: 'Object Repository/Common/HomePage/HomePage_OkButton' is clicked on

2017-11-25 00:00:43 - [MESSAGE][PASSED] - Object: 'Object Repository/Common/HomePage/HomePage_OkButton' is clicked on

2017-11-25 00:00:43 - [MESSAGE][PASSED] - Call Test Case 'Test Cases/Common/Base_Common_OpenSession' successfully

2017-11-25 00:00:43 - [TEST_STEP][PASSED] - click: Object: 'Object Repository/Service/ServiceOrder/ServiceOrderHeader/ServiceOrderHeader.Newbutton' is clicked on

2017-11-25 00:00:59 - [MESSAGE][PASSED] - Object: 'Object Repository/Service/ServiceOrder/ServiceOrderHeader/ServiceOrderHeader.Newbutton' is clicked on

2017-11-25 00:00:59 - [TEST_STEP][PASSED] - delay: Delayed 3 second(s)

2017-11-25 00:01:02 - [MESSAGE][PASSED] - Delayed 3 second(s)

2017-11-25 00:01:02 - [TEST_STEP][PASSED] - setText: Text 'M00000182' is set on object 'Object Repository/Service/ServiceOrder/ServiceOrderHeader/ServiceOrderHeader.Customer'

2017-11-25 00:01:02 - [MESSAGE][PASSED] - Text 'M00000182' is set on object 'Object Repository/Service/ServiceOrder/ServiceOrderHeader/ServiceOrderHeader.Customer'

2017-11-25 00:01:02 - [TEST_STEP][PASSED] - sendKeys: Keys 'TAB + ' sent to object: 'Object Repository/Service/ServiceOrder/ServiceOrderHeader/ServiceOrderHeader.Customer'

2017-11-25 00:01:02 - [MESSAGE][PASSED] - Keys 'TAB + ' sent to object: 'Object Repository/Service/ServiceOrder/ServiceOrderHeader/ServiceOrderHeader.Customer'

2017-11-25 00:01:02 - [TEST_STEP][PASSED] - delay: Delayed 3 second(s)

2017-11-25 00:01:05 - [MESSAGE][PASSED] - Delayed 3 second(s)

2017-11-25 00:01:05 - [TEST_STEP][PASSED] - setText: Text 'MD0007993' is set on object 'Object Repository/Service/ServiceOrder/ServiceOrderHeader/ServiceOrderHeader.Unit'

2017-11-25 00:01:06 - [MESSAGE][PASSED] - Text 'MD0007993' is set on object 'Object Repository/Service/ServiceOrder/ServiceOrderHeader/ServiceOrderHeader.Unit'

2017-11-25 00:01:06 - [TEST_STEP][PASSED] - click: Object: 'Object Repository/Service/ServiceOrder/ServiceOrderHeader/ServiceOrderHeader.Save' is clicked on

2017-11-25 00:01:06 - [MESSAGE][PASSED] - Object: 'Object Repository/Service/ServiceOrder/ServiceOrderHeader/ServiceOrderHeader.Save' is clicked on

2017-11-25 00:01:06 - [TEST_STEP][PASSED] - click: Object: 'Object Repository/Service/ServiceOrder/ServiceOrderHeader/ServiceOrderHeader.Warning' is clicked on

2017-11-25 00:01:12 - [MESSAGE][PASSED] - Object: 'Object Repository/Service/ServiceOrder/ServiceOrderHeader/ServiceOrderHeader.Warning' is clicked on

2017-11-25 00:01:12 - [TEST_STEP][PASSED] - delay: Delayed 3 second(s)

2017-11-25 00:01:15 - [MESSAGE][PASSED] - Delayed 3 second(s)

2017-11-25 00:01:15 - [TEST_STEP][PASSED] - click: Object: 'Object Repository/Service/ServiceOrder/ServiceOrderHeader/ServiceOrderHeader.PaymentMode' is clicked on

2017-11-25 00:01:15 - [MESSAGE][PASSED] - Object: 'Object Repository/Service/ServiceOrder/ServiceOrderHeader/ServiceOrderHeader.PaymentMode' is clicked on

2017-11-25 00:01:15 - [TEST_STEP][PASSED] - click: Object: 'Object Repository/Service/ServiceOrder/ServiceOrderHeader/ServiceOrderHeader.CreditCardoption' is clicked on

2017-11-25 00:01:15 - [MESSAGE][PASSED] - Object: 'Object Repository/Service/ServiceOrder/ServiceOrderHeader/ServiceOrderHeader.CreditCardoption' is clicked on

2017-11-25 00:01:15 - [TEST_STEP][PASSED] - delay: Delayed 5 second(s)

2017-11-25 00:01:20 - [MESSAGE][PASSED] - Delayed 5 second(s)

2017-11-25 00:01:20 - [TEST_STEP][NOT_RUN] - setText: NOT_RUN: setText

2017-11-25 00:01:20 - [MESSAGE][NOT_RUN] - NOT_RUN: setText

2017-11-25 00:01:20 - [TEST_STEP][PASSED] - click: Object: 'Object Repository/Service/ServiceOrder/ServiceOrderHeader/ServiceOrderHeader.Save' is clicked on

2017-11-25 00:01:21 - [MESSAGE][PASSED] - Object: 'Object Repository/Service/ServiceOrder/ServiceOrderHeader/ServiceOrderHeader.Save' is clicked on

2017-11-25 00:01:21 - [TEST_STEP][PASSED] - delay: Delayed 5 second(s)

2017-11-25 00:01:26 - [MESSAGE][PASSED] - Delayed 5 second(s)

2017-11-25 00:01:26 - [TEST_STEP][PASSED] - Statement - SWOOrderNo = com.kms.katalon.core.webui.keyword.WebUiBuiltInKeywords.getAttribute(com.kms.katalon.core.testobject.ObjectRepository.findTestObject(Service/ServiceOrder/ServiceOrderHeader/ServiceOrderHeader.OrderNo), "value"): Attribute 'value' of object 'Object Repository/Service/ServiceOrder/ServiceOrderHeader/ServiceOrderHeader.OrderNo' is: 'SWO119871'

2017-11-25 00:01:26 - [MESSAGE][PASSED] - Attribute 'value' of object 'Object Repository/Service/ServiceOrder/ServiceOrderHeader/ServiceOrderHeader.OrderNo' is: 'SWO119871'

2017-11-25 00:01:26 - [TEST_STEP][PASSED] - verifyNotEqual: Actual object 'SWO119871' and expected object '' are not equal

2017-11-25 00:01:26 - [MESSAGE][PASSED] - Actual object 'SWO119871' and expected object '' are not equal

2017-11-25 00:01:26 - [TEST_STEP][PASSED] - delay: Delayed 5 second(s)

2017-11-25 00:01:31 - [MESSAGE][PASSED] - Delayed 5 second(s)

2017-11-25 00:01:31 - [TEST_STEP][PASSED] - click: Object: 'Object Repository/Service/ServiceOrder/ServiceOrderHeader/ServiceOrderHeader.Actions' is clicked on

2017-11-25 00:01:32 - [MESSAGE][PASSED] - Object: 'Object Repository/Service/ServiceOrder/ServiceOrderHeader/ServiceOrderHeader.Actions' is clicked on

2017-11-25 00:01:32 - [TEST_STEP][PASSED] - delay: Delayed 3 second(s)

2017-11-25 00:01:35 - [MESSAGE][PASSED] - Delayed 3 second(s)

2017-11-25 00:01:35 - [TEST_STEP][PASSED] - click: Object: 'Object Repository/Service/ServiceOrder/ServiceOrderHeader/ServiceOrderHeader.Segments' is clicked on

2017-11-25 00:01:35 - [MESSAGE][PASSED] - Object: 'Object Repository/Service/ServiceOrder/ServiceOrderHeader/ServiceOrderHeader.Segments' is clicked on

2017-11-25 00:01:35 - [TEST_STEP][PASSED] - delay: Delayed 3 second(s)

2017-11-25 00:01:38 - [MESSAGE][PASSED] - Delayed 3 second(s)

2017-11-25 00:01:38 - [MESSAGE][PASSED] - Call Test Case 'Test Cases/Service/BaseTestCases/Base_Service_CreateHeader' successfully

2017-11-25 00:01:38 - [TEST_STEP][PASSED] - callTestCase: Call Test Case 'Test Cases/Service/BaseTestCases/Base_Service_AddSegment' successfully

2017-11-25 00:01:38 - [TEST_CASE][PASSED] - Test Cases/Service/BaseTestCases/Base_Service_AddSegment: Test Cases/Service/BaseTestCases/Base_Service_AddSegment

2017-11-25 00:01:38 - [TEST_STEP][PASSED] - click: Object: 'Object Repository/Service/ServiceOrder/ServiceOrderSegment/ServiceOrderSegment.ServiceType' is clicked on

2017-11-25 00:01:40 - [MESSAGE][PASSED] - Object: 'Object Repository/Service/ServiceOrder/ServiceOrderSegment/ServiceOrderSegment.ServiceType' is clicked on

2017-11-25 00:01:40 - [TEST_STEP][PASSED] - setText: Text 'ABC' is set on object 'Object Repository/Service/ServiceOrder/ServiceOrderSegment/ServiceOrderSegment.ServiceType'

2017-11-25 00:01:40 - [MESSAGE][PASSED] - Text 'ABC' is set on object 'Object Repository/Service/ServiceOrder/ServiceOrderSegment/ServiceOrderSegment.ServiceType'

2017-11-25 00:01:40 - [TEST_STEP][NOT_RUN] - sendKeys: NOT_RUN: sendKeys

2017-11-25 00:01:40 - [MESSAGE][NOT_RUN] - NOT_RUN: sendKeys

2017-11-25 00:01:40 - [TEST_STEP][PASSED] - delay: Delayed 3 second(s)

2017-11-25 00:01:43 - [MESSAGE][PASSED] - Delayed 3 second(s)

2017-11-25 00:01:43 - [TEST_STEP][PASSED] - click: Object: 'Object Repository/Service/ServiceOrder/ServiceOrderSegment/ServiceOrderSegment.Save' is clicked on

2017-11-25 00:01:43 - [MESSAGE][PASSED] - Object: 'Object Repository/Service/ServiceOrder/ServiceOrderSegment/ServiceOrderSegment.Save' is clicked on

2017-11-25 00:01:43 - [TEST_STEP][PASSED] - delay: Delayed 10 second(s)

2017-11-25 00:01:53 - [MESSAGE][PASSED] - Delayed 10 second(s)

2017-11-25 00:01:53 - [TEST_STEP][PASSED] - click: Object: 'Object Repository/Service/ServiceOrder/ServiceOrderSegment/ServiceOrderSegment.Action' is clicked on

2017-11-25 00:01:54 - [MESSAGE][PASSED] - Object: 'Object Repository/Service/ServiceOrder/ServiceOrderSegment/ServiceOrderSegment.Action' is clicked on

2017-11-25 00:01:54 - [TEST_STEP][PASSED] - delay: Delayed 2 second(s)

2017-11-25 00:01:56 - [MESSAGE][PASSED] - Delayed 2 second(s)

2017-11-25 00:01:56 - [TEST_STEP][PASSED] - click: Object: 'Object Repository/Service/ServiceOrder/ServiceOrderSegment/ServiceOrderSegment.Release' is clicked on

2017-11-25 00:01:56 - [MESSAGE][PASSED] - Object: 'Object Repository/Service/ServiceOrder/ServiceOrderSegment/ServiceOrderSegment.Release' is clicked on

2017-11-25 00:01:56 - [TEST_STEP][PASSED] - delay: Delayed 5 second(s)

2017-11-25 00:02:01 - [MESSAGE][PASSED] - Delayed 5 second(s)

2017-11-25 00:02:01 - [TEST_STEP][NOT_RUN] - click: NOT_RUN: click

2017-11-25 00:02:01 - [MESSAGE][NOT_RUN] - NOT_RUN: click

2017-11-25 00:02:01 - [TEST_STEP][NOT_RUN] - click: NOT_RUN: click

2017-11-25 00:02:01 - [MESSAGE][NOT_RUN] - NOT_RUN: click

2017-11-25 00:02:01 - [TEST_STEP][NOT_RUN] - delay: NOT_RUN: delay

2017-11-25 00:02:01 - [MESSAGE][NOT_RUN] - NOT_RUN: delay

2017-11-25 00:02:01 - [TEST_STEP][NOT_RUN] - setText: NOT_RUN: setText

2017-11-25 00:02:01 - [MESSAGE][NOT_RUN] - NOT_RUN: setText

2017-11-25 00:02:01 - [TEST_STEP][NOT_RUN] - sendKeys: NOT_RUN: sendKeys

2017-11-25 00:02:01 - [MESSAGE][NOT_RUN] - NOT_RUN: sendKeys

2017-11-25 00:02:01 - [TEST_STEP][NOT_RUN] - delay: NOT_RUN: delay

2017-11-25 00:02:01 - [MESSAGE][NOT_RUN] - NOT_RUN: delay

2017-11-25 00:02:01 - [TEST_STEP][NOT_RUN] - click: NOT_RUN: click

2017-11-25 00:02:01 - [MESSAGE][NOT_RUN] - NOT_RUN: click

2017-11-25 00:02:01 - [TEST_STEP][NOT_RUN] - delay: NOT_RUN: delay

2017-11-25 00:02:01 - [MESSAGE][NOT_RUN] - NOT_RUN: delay

2017-11-25 00:02:01 - [TEST_STEP][PASSED] - click: Object: 'Object Repository/Service/ServiceOrder/ServiceOrderSegment/ServiceOrderSegment.Action' is clicked on

2017-11-25 00:02:01 - [MESSAGE][PASSED] - Object: 'Object Repository/Service/ServiceOrder/ServiceOrderSegment/ServiceOrderSegment.Action' is clicked on

2017-11-25 00:02:01 - [TEST_STEP][PASSED] - delay: Delayed 3 second(s)

2017-11-25 00:02:04 - [MESSAGE][PASSED] - Delayed 3 second(s)

2017-11-25 00:02:04 - [MESSAGE][PASSED] - Call Test Case 'Test Cases/Service/BaseTestCases/Base_Service_AddSegment' successfully

2017-11-25 00:02:04 - [TEST_STEP][PASSED] - callTestCase: Call Test Case 'Test Cases/Service/BaseTestCases/Base_Service_Add Others' successfully

2017-11-25 00:02:04 - [TEST_CASE][PASSED] - Test Cases/Service/BaseTestCases/Base_Service_Add Others: Test Cases/Service/BaseTestCases/Base_Service_Add Others

2017-11-25 00:02:05 - [TEST_STEP][PASSED] - click: Object: 'Object Repository/Service/ServiceOrder/ServiceOrderSegment/ServiceOrderSegment.Others' is clicked on

2017-11-25 00:02:05 - [MESSAGE][PASSED] - Object: 'Object Repository/Service/ServiceOrder/ServiceOrderSegment/ServiceOrderSegment.Others' is clicked on

2017-11-25 00:02:05 - [TEST_STEP][PASSED] - delay: Delayed 10 second(s)

2017-11-25 00:02:15 - [MESSAGE][PASSED] - Delayed 10 second(s)

2017-11-25 00:02:15 - [TEST_STEP][PASSED] - click: Object: 'Object Repository/Service/ServiceOrder/ServiceOrderSegment/ServiceOrderSegment.OthersNew' is clicked on

2017-11-25 00:02:15 - [MESSAGE][PASSED] - Object: 'Object Repository/Service/ServiceOrder/ServiceOrderSegment/ServiceOrderSegment.OthersNew' is clicked on

2017-11-25 00:02:15 - [TEST_STEP][PASSED] - delay: Delayed 5 second(s)

2017-11-25 00:02:20 - [MESSAGE][PASSED] - Delayed 5 second(s)

2017-11-25 00:02:20 - [TEST_STEP][PASSED] - click: Object: 'Object Repository/Service/ServiceOrder/ServiceOrderSegment/ServiceOrderSegment.OthersCostComp' is clicked on

2017-11-25 00:02:20 - [MESSAGE][PASSED] - Object: 'Object Repository/Service/ServiceOrder/ServiceOrderSegment/ServiceOrderSegment.OthersCostComp' is clicked on

2017-11-25 00:02:20 - [TEST_STEP][PASSED] - delay: Delayed 2 second(s)

2017-11-25 00:02:22 - [MESSAGE][PASSED] - Delayed 2 second(s)

2017-11-25 00:02:22 - [TEST_STEP][PASSED] - setText: Text 'APP' is set on object 'Object Repository/Service/ServiceOrder/ServiceOrderSegment/ServiceOrderSegment.OthersCostComp'

2017-11-25 00:02:22 - [MESSAGE][PASSED] - Text 'APP' is set on object 'Object Repository/Service/ServiceOrder/ServiceOrderSegment/ServiceOrderSegment.OthersCostComp'

2017-11-25 00:02:22 - [TEST_STEP][PASSED] - delay: Delayed 5 second(s)

2017-11-25 00:02:27 - [MESSAGE][PASSED] - Delayed 5 second(s)

2017-11-25 00:02:27 - [TEST_STEP][PASSED] - scrollToElement: Scroll to object 'Object Repository/Service/ServiceOrder/ServiceOrderSegment/ServiceOrderSegment.Actual Qty' successfully

2017-11-25 00:02:27 - [MESSAGE][PASSED] - Scroll to object 'Object Repository/Service/ServiceOrder/ServiceOrderSegment/ServiceOrderSegment.Actual Qty' successfully

2017-11-25 00:02:27 - [TEST_STEP][PASSED] - click: Object: 'Object Repository/Service/ServiceOrder/ServiceOrderSegment/ServiceOrderSegment.Actual Qty' is clicked on

2017-11-25 00:02:28 - [MESSAGE][PASSED] - Object: 'Object Repository/Service/ServiceOrder/ServiceOrderSegment/ServiceOrderSegment.Actual Qty' is clicked on

2017-11-25 00:02:28 - [TEST_STEP][PASSED] - delay: Delayed 2 second(s)

2017-11-25 00:02:30 - [MESSAGE][PASSED] - Delayed 2 second(s)

2017-11-25 00:02:30 - [TEST_STEP][PASSED] - sendKeys: Keys '2' sent to object: 'Object Repository/Service/ServiceOrder/ServiceOrderSegment/ServiceOrderSegment.Actual Qty'

2017-11-25 00:02:30 - [MESSAGE][PASSED] - Keys '2' sent to object: 'Object Repository/Service/ServiceOrder/ServiceOrderSegment/ServiceOrderSegment.Actual Qty'

2017-11-25 00:02:30 - [TEST_STEP][PASSED] - delay: Delayed 5 second(s)

2017-11-25 00:02:35 - [MESSAGE][PASSED] - Delayed 5 second(s)

2017-11-25 00:02:35 - [TEST_STEP][NOT_RUN] - click: NOT_RUN: click

2017-11-25 00:02:35 - [MESSAGE][NOT_RUN] - NOT_RUN: click

2017-11-25 00:02:35 - [TEST_STEP][PASSED] - click: Object: 'Object Repository/Service/ServiceOrder/ServiceOrderSegment/ServiceOrderSegmentOthers.SaveClose' is clicked on

2017-11-25 00:02:35 - [MESSAGE][PASSED] - Object: 'Object Repository/Service/ServiceOrder/ServiceOrderSegment/ServiceOrderSegmentOthers.SaveClose' is clicked on

2017-11-25 00:02:35 - [TEST_STEP][PASSED] - delay: Delayed 5 second(s)

2017-11-25 00:02:40 - [MESSAGE][PASSED] - Delayed 5 second(s)

2017-11-25 00:02:40 - [TEST_STEP][PASSED] - click: Object: 'Object Repository/Service/ServiceOrder/ServiceOrderSegment/ServiceOrderSegment.SaveClose' is clicked on

2017-11-25 00:02:41 - [MESSAGE][PASSED] - Object: 'Object Repository/Service/ServiceOrder/ServiceOrderSegment/ServiceOrderSegment.SaveClose' is clicked on

2017-11-25 00:02:41 - [MESSAGE][PASSED] - Call Test Case 'Test Cases/Service/BaseTestCases/Base_Service_Add Others' successfully

2017-11-25 00:02:41 - [TEST_STEP][FAILED] - callTestCase: Unable to call Test Case with id 'Test Cases/Service/BaseTestCases/Base_Service_HeaderInvoice_SplitTender' (Root cause: Call Test Case 'Test Cases/Service/BaseTestCases/Base_Service_HeaderInvoice_SplitTender' failed)

2017-11-25 00:02:41 - [TEST_CASE][FAILED] - Test Cases/Service/BaseTestCases/Base_Service_HeaderInvoice_SplitTender: Test Cases/Service/BaseTestCases/Base_Service_HeaderInvoice_SplitTender FAILED because (of) Unable to click on object 'Object Repository/Service/ServiceOrder/CreditCardSplitTender/SplitTender.PrintOK' (Root cause: com.kms.katalon.core.webui.exception.WebElementNotFoundException: Web element with id: 'Object Repository/Service/ServiceOrder/CreditCardSplitTender/SplitTender.PrintOK' located by 'By.xpath: //*[@id = 'tsext4100m300-5-button-std-file.save_and_close']' not found)

2017-11-25 00:02:41 - [TEST_STEP][PASSED] - delay: Delayed 5 second(s)

2017-11-25 00:02:46 - [MESSAGE][PASSED] - Delayed 5 second(s)

2017-11-25 00:02:46 - [TEST_STEP][PASSED] - click: Object: 'Object Repository/Service/ServiceOrder/ServiceOrderHeader/ServiceOrderHeader.Actions' is clicked on

2017-11-25 00:02:47 - [MESSAGE][PASSED] - Object: 'Object Repository/Service/ServiceOrder/ServiceOrderHeader/ServiceOrderHeader.Actions' is clicked on

2017-11-25 00:02:47 - [TEST_STEP][PASSED] - delay: Delayed 3 second(s)

2017-11-25 00:02:50 - [MESSAGE][PASSED] - Delayed 3 second(s)

2017-11-25 00:02:50 - [TEST_STEP][PASSED] - click: Object: 'Object Repository/Service/ServiceOrder/ServiceOrderHeader/ServiceOrderHeader.Costing' is clicked on

2017-11-25 00:02:50 - [MESSAGE][PASSED] - Object: 'Object Repository/Service/ServiceOrder/ServiceOrderHeader/ServiceOrderHeader.Costing' is clicked on

2017-11-25 00:02:50 - [TEST_STEP][PASSED] - delay: Delayed 5 second(s)

2017-11-25 00:02:55 - [MESSAGE][PASSED] - Delayed 5 second(s)

2017-11-25 00:02:55 - [TEST_STEP][PASSED] - click: Object: 'Object Repository/Service/ServiceOrder/ServiceOrderHeader/ServiceOrderHeader.RepriceWarning' is clicked on

2017-11-25 00:02:55 - [MESSAGE][PASSED] - Object: 'Object Repository/Service/ServiceOrder/ServiceOrderHeader/ServiceOrderHeader.RepriceWarning' is clicked on

2017-11-25 00:02:55 - [TEST_STEP][PASSED] - delay: Delayed 3 second(s)

2017-11-25 00:02:58 - [MESSAGE][PASSED] - Delayed 3 second(s)

2017-11-25 00:02:58 - [TEST_STEP][PASSED] - click: Object: 'Object Repository/Service/ServiceOrder/ServiceOrderHeader/ServiceOrderHeader.CostingProcessCont' is clicked on

2017-11-25 00:02:58 - [MESSAGE][PASSED] - Object: 'Object Repository/Service/ServiceOrder/ServiceOrderHeader/ServiceOrderHeader.CostingProcessCont' is clicked on

2017-11-25 00:02:58 - [TEST_STEP][PASSED] - delay: Delayed 3 second(s)

2017-11-25 00:03:01 - [MESSAGE][PASSED] - Delayed 3 second(s)

2017-11-25 00:03:01 - [TEST_STEP][PASSED] - click: Object: 'Object Repository/Service/ServiceOrder/ServiceOrderHeader/ServiceOrderHeader.InvoiceCont' is clicked on

2017-11-25 00:03:01 - [MESSAGE][PASSED] - Object: 'Object Repository/Service/ServiceOrder/ServiceOrderHeader/ServiceOrderHeader.InvoiceCont' is clicked on

2017-11-25 00:03:01 - [TEST_STEP][PASSED] - delay: Delayed 5 second(s)

2017-11-25 00:03:06 - [MESSAGE][PASSED] - Delayed 5 second(s)

2017-11-25 00:03:06 - [TEST_STEP][NOT_RUN] - waitForElementPresent: NOT_RUN: waitForElementPresent

2017-11-25 00:03:06 - [MESSAGE][NOT_RUN] - NOT_RUN: waitForElementPresent

2017-11-25 00:03:06 - [TEST_STEP][NOT_RUN] - doubleClick: NOT_RUN: doubleClick

2017-11-25 00:03:06 - [MESSAGE][NOT_RUN] - NOT_RUN: doubleClick

2017-11-25 00:03:06 - [TEST_STEP][NOT_RUN] - delay: NOT_RUN: delay

2017-11-25 00:03:06 - [MESSAGE][NOT_RUN] - NOT_RUN: delay

2017-11-25 00:03:06 - [TEST_STEP][NOT_RUN] - click: NOT_RUN: click

2017-11-25 00:03:06 - [MESSAGE][NOT_RUN] - NOT_RUN: click

2017-11-25 00:03:06 - [TEST_STEP][PASSED] - delay: Delayed 2 second(s)

2017-11-25 00:03:08 - [MESSAGE][PASSED] - Delayed 2 second(s)

2017-11-25 00:03:08 - [TEST_STEP][PASSED] - setText: Text 'PUBL' is set on object 'Object Repository/Service/ServiceOrder/ServiceCreditCard/ServiceCreditCard.PaymentGateway'

2017-11-25 00:03:09 - [MESSAGE][PASSED] - Text 'PUBL' is set on object 'Object Repository/Service/ServiceOrder/ServiceCreditCard/ServiceCreditCard.PaymentGateway'

2017-11-25 00:03:09 - [TEST_STEP][NOT_RUN] - sendKeys: NOT_RUN: sendKeys

2017-11-25 00:03:09 - [MESSAGE][NOT_RUN] - NOT_RUN: sendKeys

2017-11-25 00:03:09 - [TEST_STEP][PASSED] - doubleClick: Object: 'Object Repository/Service/ServiceOrder/ServiceCreditCard/ServiceCreditCard.CardType' is double clicked on

2017-11-25 00:03:09 - [MESSAGE][PASSED] - Object: 'Object Repository/Service/ServiceOrder/ServiceCreditCard/ServiceCreditCard.CardType' is double clicked on

2017-11-25 00:03:09 - [TEST_STEP][PASSED] - sendKeys: Keys 'Visa Card' sent to object: 'Object Repository/Service/ServiceOrder/ServiceCreditCard/ServiceCreditCard.CardType'

2017-11-25 00:03:09 - [MESSAGE][PASSED] - Keys 'Visa Card' sent to object: 'Object Repository/Service/ServiceOrder/ServiceCreditCard/ServiceCreditCard.CardType'

2017-11-25 00:03:09 - [TEST_STEP][PASSED] - delay: Delayed 2 second(s)

2017-11-25 00:03:11 - [MESSAGE][PASSED] - Delayed 2 second(s)

2017-11-25 00:03:11 - [TEST_STEP][PASSED] - doubleClick: Object: 'Object Repository/Service/ServiceOrder/ServiceCreditCard/ServiceCreditCard.Enter CC No' is double clicked on

2017-11-25 00:03:11 - [MESSAGE][PASSED] - Object: 'Object Repository/Service/ServiceOrder/ServiceCreditCard/ServiceCreditCard.Enter CC No' is double clicked on

2017-11-25 00:03:11 - [TEST_STEP][PASSED] - sendKeys: Keys '4012000033330026' sent to object: 'Object Repository/Service/ServiceOrder/ServiceCreditCard/ServiceCreditCard.Enter CC No'

2017-11-25 00:03:12 - [MESSAGE][PASSED] - Keys '4012000033330026' sent to object: 'Object Repository/Service/ServiceOrder/ServiceCreditCard/ServiceCreditCard.Enter CC No'

2017-11-25 00:03:12 - [TEST_STEP][PASSED] - delay: Delayed 2 second(s)

2017-11-25 00:03:14 - [MESSAGE][PASSED] - Delayed 2 second(s)

2017-11-25 00:03:14 - [TEST_STEP][PASSED] - click: Object: 'Object Repository/Service/ServiceOrder/ServiceCreditCard/ServiceCreditCard.CVV2' is clicked on

2017-11-25 00:03:14 - [MESSAGE][PASSED] - Object: 'Object Repository/Service/ServiceOrder/ServiceCreditCard/ServiceCreditCard.CVV2' is clicked on

2017-11-25 00:03:14 - [TEST_STEP][PASSED] - sendKeys: Keys '865' sent to object: 'Object Repository/Service/ServiceOrder/ServiceCreditCard/ServiceCreditCard.CVV2'

2017-11-25 00:03:14 - [MESSAGE][PASSED] - Keys '865' sent to object: 'Object Repository/Service/ServiceOrder/ServiceCreditCard/ServiceCreditCard.CVV2'

2017-11-25 00:03:14 - [TEST_STEP][NOT_RUN] - sendKeys: NOT_RUN: sendKeys

2017-11-25 00:03:14 - [MESSAGE][NOT_RUN] - NOT_RUN: sendKeys

2017-11-25 00:03:14 - [TEST_STEP][NOT_RUN] - delay: NOT_RUN: delay

2017-11-25 00:03:14 - [MESSAGE][NOT_RUN] - NOT_RUN: delay

2017-11-25 00:03:14 - [TEST_STEP][PASSED] - delay: Delayed 3 second(s)

2017-11-25 00:03:17 - [MESSAGE][PASSED] - Delayed 3 second(s)

2017-11-25 00:03:17 - [TEST_STEP][PASSED] - setText: Text '09' is set on object 'Object Repository/Service/ServiceOrder/ServiceCreditCard/ServiceCreditCard.ExpiryMonth'

2017-11-25 00:03:17 - [MESSAGE][PASSED] - Text '09' is set on object 'Object Repository/Service/ServiceOrder/ServiceCreditCard/ServiceCreditCard.ExpiryMonth'

2017-11-25 00:03:17 - [TEST_STEP][PASSED] - setText: Text '99' is set on object 'Object Repository/Service/ServiceOrder/ServiceCreditCard/ServiceCreditCard.ExpiryYear'

2017-11-25 00:03:17 - [MESSAGE][PASSED] - Text '99' is set on object 'Object Repository/Service/ServiceOrder/ServiceCreditCard/ServiceCreditCard.ExpiryYear'

2017-11-25 00:03:17 - [TEST_STEP][PASSED] - delay: Delayed 2 second(s)

2017-11-25 00:03:19 - [MESSAGE][PASSED] - Delayed 2 second(s)

2017-11-25 00:03:19 - [TEST_STEP][PASSED] - click: Object: 'Object Repository/Service/ServiceOrder/CreditCardSplitTender/SplitTenderDetails' is clicked on

2017-11-25 00:03:20 - [MESSAGE][PASSED] - Object: 'Object Repository/Service/ServiceOrder/CreditCardSplitTender/SplitTenderDetails' is clicked on

2017-11-25 00:03:20 - [TEST_STEP][PASSED] - click: Object: 'Object Repository/Service/ServiceOrder/CreditCardSplitTender/SplitTenderDetails.Yes' is clicked on

2017-11-25 00:03:20 - [MESSAGE][PASSED] - Object: 'Object Repository/Service/ServiceOrder/CreditCardSplitTender/SplitTenderDetails.Yes' is clicked on

2017-11-25 00:03:20 - [TEST_STEP][PASSED] - delay: Delayed 3 second(s)

2017-11-25 00:03:23 - [MESSAGE][PASSED] - Delayed 3 second(s)

2017-11-25 00:03:23 - [TEST_STEP][PASSED] - click: Object: 'Object Repository/Service/ServiceOrder/CreditCardSplitTender/SplitTender.LineSession' is clicked on

2017-11-25 00:03:24 - [MESSAGE][PASSED] - Object: 'Object Repository/Service/ServiceOrder/CreditCardSplitTender/SplitTender.LineSession' is clicked on

2017-11-25 00:03:24 - [TEST_STEP][PASSED] - delay: Delayed 2 second(s)

2017-11-25 00:03:26 - [MESSAGE][PASSED] - Delayed 2 second(s)

2017-11-25 00:03:26 - [TEST_STEP][PASSED] - Statement - G_OrderAmt = com.kms.katalon.core.webui.keyword.WebUiBuiltInKeywords.getText(com.kms.katalon.core.testobject.ObjectRepository.findTestObject(Service/ServiceOrder/CreditCardSplitTender/SplitTender.OrderAmtHeader)): Text of object 'Object Repository/Service/ServiceOrder/CreditCardSplitTender/SplitTender.OrderAmtHeader' is: '14.00'

2017-11-25 00:03:31 - [MESSAGE][PASSED] - Text of object 'Object Repository/Service/ServiceOrder/CreditCardSplitTender/SplitTender.OrderAmtHeader' is: '14.00'

2017-11-25 00:03:32 - [TEST_STEP][PASSED] - Statement - G_SplitOrderAmt2 = G_OrderAmt - 2: null

2017-11-25 00:03:32 - [TEST_STEP][PASSED] - comment: ***********************Line1 started***********************

2017-11-25 00:03:32 - [TEST_STEP][PASSED] - click: Object: 'Object Repository/Service/ServiceOrder/CreditCardSplitTender/SplitTender.NewButton' is clicked on

2017-11-25 00:03:37 - [MESSAGE][PASSED] - Object: 'Object Repository/Service/ServiceOrder/CreditCardSplitTender/SplitTender.NewButton' is clicked on

2017-11-25 00:03:37 - [TEST_STEP][PASSED] - delay: Delayed 2 second(s)

2017-11-25 00:03:39 - [MESSAGE][PASSED] - Delayed 2 second(s)

2017-11-25 00:03:39 - [TEST_STEP][PASSED] - doubleClick: Object: 'Object Repository/Service/ServiceOrder/CreditCardSplitTender/SplitTender.ModeofPayment' is double clicked on

2017-11-25 00:03:40 - [MESSAGE][PASSED] - Object: 'Object Repository/Service/ServiceOrder/CreditCardSplitTender/SplitTender.ModeofPayment' is double clicked on

2017-11-25 00:03:40 - [TEST_STEP][PASSED] - click: Object: 'Object Repository/Service/ServiceOrder/CreditCardSplitTender/SplitTender.ModeOfPaymentCreditCard1' is clicked on

2017-11-25 00:03:40 - [MESSAGE][PASSED] - Object: 'Object Repository/Service/ServiceOrder/CreditCardSplitTender/SplitTender.ModeOfPaymentCreditCard1' is clicked on

2017-11-25 00:03:40 - [TEST_STEP][PASSED] - click: Object: 'Object Repository/Service/ServiceOrder/CreditCardSplitTender/SplitTender.LineCCNo' is clicked on

2017-11-25 00:03:40 - [MESSAGE][PASSED] - Object: 'Object Repository/Service/ServiceOrder/CreditCardSplitTender/SplitTender.LineCCNo' is clicked on

2017-11-25 00:03:40 - [TEST_STEP][PASSED] - delay: Delayed 2 second(s)

2017-11-25 00:03:42 - [MESSAGE][PASSED] - Delayed 2 second(s)

2017-11-25 00:03:42 - [TEST_STEP][PASSED] - setText: Text '4012000033330026' is set on object 'Object Repository/Service/ServiceOrder/CreditCardSplitTender/SplitTender.LineCCNo'

2017-11-25 00:03:42 - [MESSAGE][PASSED] - Text '4012000033330026' is set on object 'Object Repository/Service/ServiceOrder/CreditCardSplitTender/SplitTender.LineCCNo'

2017-11-25 00:03:42 - [TEST_STEP][PASSED] - delay: Delayed 5 second(s)

2017-11-25 00:03:47 - [MESSAGE][PASSED] - Delayed 5 second(s)

2017-11-25 00:03:47 - [TEST_STEP][NOT_RUN] - click: NOT_RUN: click

2017-11-25 00:03:47 - [MESSAGE][NOT_RUN] - NOT_RUN: click

2017-11-25 00:03:47 - [TEST_STEP][NOT_RUN] - setText: NOT_RUN: setText

2017-11-25 00:03:47 - [MESSAGE][NOT_RUN] - NOT_RUN: setText

2017-11-25 00:03:47 - [TEST_STEP][PASSED] - scrollToElement: Scroll to object 'Object Repository/Service/ServiceOrder/CreditCardSplitTender/SplitTender.LineOrderAmount1' successfully

2017-11-25 00:03:48 - [MESSAGE][PASSED] - Scroll to object 'Object Repository/Service/ServiceOrder/CreditCardSplitTender/SplitTender.LineOrderAmount1' successfully

2017-11-25 00:03:48 - [TEST_STEP][PASSED] - delay: Delayed 5 second(s)

2017-11-25 00:03:53 - [MESSAGE][PASSED] - Delayed 5 second(s)

2017-11-25 00:03:53 - [TEST_STEP][PASSED] - click: Object: 'Object Repository/Service/ServiceOrder/CreditCardSplitTender/SplitTender.LineOrderAmount1' is clicked on

2017-11-25 00:03:53 - [MESSAGE][PASSED] - Object: 'Object Repository/Service/ServiceOrder/CreditCardSplitTender/SplitTender.LineOrderAmount1' is clicked on

2017-11-25 00:03:53 - [TEST_STEP][PASSED] - delay: Delayed 3 second(s)

2017-11-25 00:03:56 - [MESSAGE][PASSED] - Delayed 3 second(s)

2017-11-25 00:03:56 - [TEST_STEP][PASSED] - setText: Text '1.00' is set on object 'Object Repository/Service/ServiceOrder/CreditCardSplitTender/SplitTender.LineOrderAmount1'

2017-11-25 00:03:56 - [MESSAGE][PASSED] - Text '1.00' is set on object 'Object Repository/Service/ServiceOrder/CreditCardSplitTender/SplitTender.LineOrderAmount1'

2017-11-25 00:03:56 - [TEST_STEP][PASSED] - delay: Delayed 2 second(s)

2017-11-25 00:03:58 - [MESSAGE][PASSED] - Delayed 2 second(s)

2017-11-25 00:03:58 - [TEST_STEP][PASSED] - comment: ***********************Line2 started***********************

2017-11-25 00:03:58 - [TEST_STEP][PASSED] - click: Object: 'Object Repository/Service/ServiceOrder/CreditCardSplitTender/SplitTender.NewButton' is clicked on

2017-11-25 00:03:58 - [MESSAGE][PASSED] - Object: 'Object Repository/Service/ServiceOrder/CreditCardSplitTender/SplitTender.NewButton' is clicked on

2017-11-25 00:03:58 - [TEST_STEP][PASSED] - delay: Delayed 2 second(s)

2017-11-25 00:04:00 - [MESSAGE][PASSED] - Delayed 2 second(s)

2017-11-25 00:04:00 - [TEST_STEP][PASSED] - doubleClick: Object: 'Object Repository/Service/ServiceOrder/CreditCardSplitTender/SplitTender.ModeofPayment1' is double clicked on

2017-11-25 00:04:01 - [MESSAGE][PASSED] - Object: 'Object Repository/Service/ServiceOrder/CreditCardSplitTender/SplitTender.ModeofPayment1' is double clicked on

2017-11-25 00:04:01 - [TEST_STEP][PASSED] - click: Object: 'Object Repository/Service/ServiceOrder/CreditCardSplitTender/SplitTender.ModeOfPaymentCreditCard2' is clicked on

2017-11-25 00:04:01 - [MESSAGE][PASSED] - Object: 'Object Repository/Service/ServiceOrder/CreditCardSplitTender/SplitTender.ModeOfPaymentCreditCard2' is clicked on

2017-11-25 00:04:01 - [TEST_STEP][PASSED] - delay: Delayed 3 second(s)

2017-11-25 00:04:04 - [MESSAGE][PASSED] - Delayed 3 second(s)

2017-11-25 00:04:04 - [TEST_STEP][PASSED] - click: Object: 'Object Repository/Service/ServiceOrder/CreditCardSplitTender/SplitTender.Line2CCNo' is clicked on

2017-11-25 00:04:04 - [MESSAGE][PASSED] - Object: 'Object Repository/Service/ServiceOrder/CreditCardSplitTender/SplitTender.Line2CCNo' is clicked on

2017-11-25 00:04:04 - [TEST_STEP][PASSED] - delay: Delayed 2 second(s)

2017-11-25 00:04:06 - [MESSAGE][PASSED] - Delayed 2 second(s)

2017-11-25 00:04:06 - [TEST_STEP][PASSED] - setText: Text '4111123400062020' is set on object 'Object Repository/Service/ServiceOrder/CreditCardSplitTender/SplitTender.Line2CCNo'

2017-11-25 00:04:06 - [MESSAGE][PASSED] - Text '4111123400062020' is set on object 'Object Repository/Service/ServiceOrder/CreditCardSplitTender/SplitTender.Line2CCNo'

2017-11-25 00:04:06 - [TEST_STEP][PASSED] - delay: Delayed 2 second(s)

2017-11-25 00:04:08 - [MESSAGE][PASSED] - Delayed 2 second(s)

2017-11-25 00:04:08 - [TEST_STEP][PASSED] - click: Object: 'Object Repository/Service/ServiceOrder/CreditCardSplitTender/SplitTender.Line2CVV' is clicked on

2017-11-25 00:04:09 - [MESSAGE][PASSED] - Object: 'Object Repository/Service/ServiceOrder/CreditCardSplitTender/SplitTender.Line2CVV' is clicked on

2017-11-25 00:04:09 - [TEST_STEP][PASSED] - delay: Delayed 3 second(s)

2017-11-25 00:04:12 - [MESSAGE][PASSED] - Delayed 3 second(s)

2017-11-25 00:04:12 - [TEST_STEP][PASSED] - setText: Text '865' is set on object 'Object Repository/Service/ServiceOrder/CreditCardSplitTender/SplitTender.Line2CVV'

2017-11-25 00:04:12 - [MESSAGE][PASSED] - Text '865' is set on object 'Object Repository/Service/ServiceOrder/CreditCardSplitTender/SplitTender.Line2CVV'

2017-11-25 00:04:12 - [TEST_STEP][PASSED] - delay: Delayed 3 second(s)

2017-11-25 00:04:15 - [MESSAGE][PASSED] - Delayed 3 second(s)

2017-11-25 00:04:15 - [TEST_STEP][PASSED] - click: Object: 'Object Repository/Service/ServiceOrder/CreditCardSplitTender/SplitTender.CardTypeLine2' is clicked on

2017-11-25 00:04:15 - [MESSAGE][PASSED] - Object: 'Object Repository/Service/ServiceOrder/CreditCardSplitTender/SplitTender.CardTypeLine2' is clicked on

2017-11-25 00:04:15 - [TEST_STEP][PASSED] - delay: Delayed 5 second(s)

2017-11-25 00:04:20 - [MESSAGE][PASSED] - Delayed 5 second(s)

2017-11-25 00:04:20 - [TEST_STEP][PASSED] - sendKeys: Keys 'Visa Card' sent to object: 'Object Repository/Service/ServiceOrder/CreditCardSplitTender/SplitTender.CardTypeLine2'

2017-11-25 00:04:20 - [MESSAGE][PASSED] - Keys 'Visa Card' sent to object: 'Object Repository/Service/ServiceOrder/CreditCardSplitTender/SplitTender.CardTypeLine2'

2017-11-25 00:04:20 - [TEST_STEP][PASSED] - delay: Delayed 5 second(s)

2017-11-25 00:04:25 - [MESSAGE][PASSED] - Delayed 5 second(s)

2017-11-25 00:04:25 - [TEST_STEP][PASSED] - click: Object: 'Object Repository/Service/ServiceOrder/CreditCardSplitTender/SplitTender.ExpiryMonthLine2' is clicked on

2017-11-25 00:04:25 - [MESSAGE][PASSED] - Object: 'Object Repository/Service/ServiceOrder/CreditCardSplitTender/SplitTender.ExpiryMonthLine2' is clicked on

2017-11-25 00:04:25 - [TEST_STEP][PASSED] - delay: Delayed 3 second(s)

2017-11-25 00:04:28 - [MESSAGE][PASSED] - Delayed 3 second(s)

2017-11-25 00:04:28 - [TEST_STEP][PASSED] - setText: Text '09' is set on object 'Object Repository/Service/ServiceOrder/CreditCardSplitTender/SplitTender.ExpiryMonthLine2'

2017-11-25 00:04:29 - [MESSAGE][PASSED] - Text '09' is set on object 'Object Repository/Service/ServiceOrder/CreditCardSplitTender/SplitTender.ExpiryMonthLine2'

2017-11-25 00:04:29 - [TEST_STEP][PASSED] - delay: Delayed 2 second(s)

2017-11-25 00:04:31 - [MESSAGE][PASSED] - Delayed 2 second(s)

2017-11-25 00:04:31 - [TEST_STEP][PASSED] - click: Object: 'Object Repository/Service/ServiceOrder/CreditCardSplitTender/SplitTender.ExpiryYearLine2' is clicked on

2017-11-25 00:04:31 - [MESSAGE][PASSED] - Object: 'Object Repository/Service/ServiceOrder/CreditCardSplitTender/SplitTender.ExpiryYearLine2' is clicked on

2017-11-25 00:04:31 - [TEST_STEP][PASSED] - delay: Delayed 2 second(s)

2017-11-25 00:04:33 - [MESSAGE][PASSED] - Delayed 2 second(s)

2017-11-25 00:04:33 - [TEST_STEP][PASSED] - setText: Text '99' is set on object 'Object Repository/Service/ServiceOrder/CreditCardSplitTender/SplitTender.ExpiryYearLine2'

2017-11-25 00:04:33 - [MESSAGE][PASSED] - Text '99' is set on object 'Object Repository/Service/ServiceOrder/CreditCardSplitTender/SplitTender.ExpiryYearLine2'

2017-11-25 00:04:33 - [TEST_STEP][PASSED] - delay: Delayed 3 second(s)

2017-11-25 00:04:36 - [MESSAGE][PASSED] - Delayed 3 second(s)

2017-11-25 00:04:36 - [TEST_STEP][PASSED] - scrollToElement: Scroll to object 'Object Repository/Service/ServiceOrder/CreditCardSplitTender/SplitTender.LineOrderAmount2' successfully

2017-11-25 00:04:36 - [MESSAGE][PASSED] - Scroll to object 'Object Repository/Service/ServiceOrder/CreditCardSplitTender/SplitTender.LineOrderAmount2' successfully

2017-11-25 00:04:36 - [TEST_STEP][PASSED] - delay: Delayed 2 second(s)

2017-11-25 00:04:38 - [MESSAGE][PASSED] - Delayed 2 second(s)

2017-11-25 00:04:38 - [TEST_STEP][PASSED] - click: Object: 'Object Repository/Service/ServiceOrder/CreditCardSplitTender/SplitTender.LineOrderAmount2' is clicked on

2017-11-25 00:04:38 - [MESSAGE][PASSED] - Object: 'Object Repository/Service/ServiceOrder/CreditCardSplitTender/SplitTender.LineOrderAmount2' is clicked on

2017-11-25 00:04:38 - [TEST_STEP][PASSED] - delay: Delayed 2 second(s)

2017-11-25 00:04:40 - [MESSAGE][PASSED] - Delayed 2 second(s)

2017-11-25 00:04:40 - [TEST_STEP][PASSED] - setText: Text '1.00' is set on object 'Object Repository/Service/ServiceOrder/CreditCardSplitTender/SplitTender.LineOrderAmount2'

2017-11-25 00:04:41 - [MESSAGE][PASSED] - Text '1.00' is set on object 'Object Repository/Service/ServiceOrder/CreditCardSplitTender/SplitTender.LineOrderAmount2'

2017-11-25 00:04:41 - [TEST_STEP][PASSED] - delay: Delayed 2 second(s)

2017-11-25 00:04:43 - [MESSAGE][PASSED] - Delayed 2 second(s)

2017-11-25 00:04:43 - [TEST_STEP][PASSED] - comment: ***********************Line3 started***********************

2017-11-25 00:04:43 - [TEST_STEP][PASSED] - click: Object: 'Object Repository/Service/ServiceOrder/CreditCardSplitTender/SplitTender.NewButton' is clicked on

2017-11-25 00:04:43 - [MESSAGE][PASSED] - Object: 'Object Repository/Service/ServiceOrder/CreditCardSplitTender/SplitTender.NewButton' is clicked on

2017-11-25 00:04:43 - [TEST_STEP][PASSED] - delay: Delayed 3 second(s)

2017-11-25 00:04:46 - [MESSAGE][PASSED] - Delayed 3 second(s)

2017-11-25 00:04:46 - [TEST_STEP][PASSED] - doubleClick: Object: 'Object Repository/Service/ServiceOrder/CreditCardSplitTender/SplitTender.ModeofPayment2' is double clicked on

2017-11-25 00:04:46 - [MESSAGE][PASSED] - Object: 'Object Repository/Service/ServiceOrder/CreditCardSplitTender/SplitTender.ModeofPayment2' is double clicked on

2017-11-25 00:04:46 - [TEST_STEP][PASSED] - delay: Delayed 2 second(s)

2017-11-25 00:04:48 - [MESSAGE][PASSED] - Delayed 2 second(s)

2017-11-25 00:04:48 - [TEST_STEP][PASSED] - click: Object: 'Object Repository/Service/ServiceOrder/CreditCardSplitTender/SplitTender.ModeOfPaymentCash' is clicked on

2017-11-25 00:04:48 - [MESSAGE][PASSED] - Object: 'Object Repository/Service/ServiceOrder/CreditCardSplitTender/SplitTender.ModeOfPaymentCash' is clicked on

2017-11-25 00:04:48 - [TEST_STEP][PASSED] - delay: Delayed 10 second(s)

2017-11-25 00:04:58 - [MESSAGE][PASSED] - Delayed 10 second(s)

2017-11-25 00:04:58 - [TEST_STEP][NOT_RUN] - scrollToElement: NOT_RUN: scrollToElement

2017-11-25 00:04:58 - [MESSAGE][NOT_RUN] - NOT_RUN: scrollToElement

2017-11-25 00:04:58 - [TEST_STEP][PASSED] - click: Object: 'Object Repository/Service/ServiceOrder/CreditCardSplitTender/SplitTender.LineOrderAmount3' is clicked on

2017-11-25 00:04:58 - [MESSAGE][PASSED] - Object: 'Object Repository/Service/ServiceOrder/CreditCardSplitTender/SplitTender.LineOrderAmount3' is clicked on

2017-11-25 00:04:58 - [TEST_STEP][PASSED] - delay: Delayed 2 second(s)

2017-11-25 00:05:00 - [MESSAGE][PASSED] - Delayed 2 second(s)

2017-11-25 00:05:00 - [TEST_STEP][PASSED] - setText: Text '12.0' is set on object 'Object Repository/Service/ServiceOrder/CreditCardSplitTender/SplitTender.LineOrderAmount3'

2017-11-25 00:05:01 - [MESSAGE][PASSED] - Text '12.0' is set on object 'Object Repository/Service/ServiceOrder/CreditCardSplitTender/SplitTender.LineOrderAmount3'

2017-11-25 00:05:01 - [TEST_STEP][PASSED] - delay: Delayed 2 second(s)

2017-11-25 00:05:03 - [MESSAGE][PASSED] - Delayed 2 second(s)

2017-11-25 00:05:03 - [TEST_STEP][PASSED] - click: Object: 'Object Repository/Service/ServiceOrder/CreditCardSplitTender/SplitTender.Save' is clicked on

2017-11-25 00:05:03 - [MESSAGE][PASSED] - Object: 'Object Repository/Service/ServiceOrder/CreditCardSplitTender/SplitTender.Save' is clicked on

2017-11-25 00:05:03 - [TEST_STEP][PASSED] - delay: Delayed 3 second(s)

2017-11-25 00:05:06 - [MESSAGE][PASSED] - Delayed 3 second(s)

2017-11-25 00:05:06 - [TEST_STEP][PASSED] - click: Object: 'Object Repository/Service/ServiceOrder/CreditCardSplitTender/SplitTender.Action' is clicked on

2017-11-25 00:05:06 - [MESSAGE][PASSED] - Object: 'Object Repository/Service/ServiceOrder/CreditCardSplitTender/SplitTender.Action' is clicked on

2017-11-25 00:05:06 - [TEST_STEP][PASSED] - delay: Delayed 2 second(s)

2017-11-25 00:05:08 - [MESSAGE][PASSED] - Delayed 2 second(s)

2017-11-25 00:05:08 - [TEST_STEP][PASSED] - click: Object: 'Object Repository/Service/ServiceOrder/CreditCardSplitTender/SplitTender.ApplyTax' is clicked on

2017-11-25 00:05:08 - [MESSAGE][PASSED] - Object: 'Object Repository/Service/ServiceOrder/CreditCardSplitTender/SplitTender.ApplyTax' is clicked on

2017-11-25 00:05:08 - [TEST_STEP][PASSED] - delay: Delayed 2 second(s)

2017-11-25 00:05:10 - [MESSAGE][PASSED] - Delayed 2 second(s)

2017-11-25 00:05:10 - [TEST_STEP][PASSED] - Statement - G_SplitInvoiceAmt1 = com.kms.katalon.core.webui.keyword.WebUiBuiltInKeywords.getText(com.kms.katalon.core.testobject.ObjectRepository.findTestObject(Service/ServiceOrder/CreditCardSplitTender/SplitTender.InvoiceAmt1)): Text of object 'Object Repository/Service/ServiceOrder/CreditCardSplitTender/SplitTender.InvoiceAmt1' is: '1.00'

2017-11-25 00:05:10 - [MESSAGE][PASSED] - Text of object 'Object Repository/Service/ServiceOrder/CreditCardSplitTender/SplitTender.InvoiceAmt1' is: '1.00'

2017-11-25 00:05:10 - [TEST_STEP][PASSED] - Statement - G_SplitInvoiceAmt2 = com.kms.katalon.core.webui.keyword.WebUiBuiltInKeywords.getText(com.kms.katalon.core.testobject.ObjectRepository.findTestObject(Service/ServiceOrder/CreditCardSplitTender/SplitTender.InvoiceAmt2)): Text of object 'Object Repository/Service/ServiceOrder/CreditCardSplitTender/SplitTender.InvoiceAmt2' is: '12.00'

2017-11-25 00:05:11 - [MESSAGE][PASSED] - Text of object 'Object Repository/Service/ServiceOrder/CreditCardSplitTender/SplitTender.InvoiceAmt2' is: '12.00'

2017-11-25 00:05:11 - [TEST_STEP][PASSED] - click: Object: 'Object Repository/Service/ServiceOrder/CreditCardSplitTender/SplitTender.SaveClose' is clicked on

2017-11-25 00:05:11 - [MESSAGE][PASSED] - Object: 'Object Repository/Service/ServiceOrder/CreditCardSplitTender/SplitTender.SaveClose' is clicked on

2017-11-25 00:05:11 - [TEST_STEP][PASSED] - delay: Delayed 2 second(s)

2017-11-25 00:05:13 - [MESSAGE][PASSED] - Delayed 2 second(s)

2017-11-25 00:05:13 - [TEST_STEP][PASSED] - click: Object: 'Object Repository/Service/ServiceOrder/ServiceCreditCard/ServiceCreditCard.Process' is clicked on

2017-11-25 00:05:13 - [MESSAGE][PASSED] - Object: 'Object Repository/Service/ServiceOrder/ServiceCreditCard/ServiceCreditCard.Process' is clicked on

2017-11-25 00:05:13 - [TEST_STEP][PASSED] - delay: Delayed 13 second(s)

2017-11-25 00:05:26 - [MESSAGE][PASSED] - Delayed 13 second(s)

2017-11-25 00:05:26 - [TEST_STEP][FAILED] - click: Unable to click on object 'Object Repository/Service/ServiceOrder/CreditCardSplitTender/SplitTender.PrintOK' (Root cause: com.kms.katalon.core.webui.exception.WebElementNotFoundException: Web element with id: 'Object Repository/Service/ServiceOrder/CreditCardSplitTender/SplitTender.PrintOK' located by 'By.xpath: //*[@id = 'tsext4100m300-5-button-std-file.save_and_close']' not found)

2017-11-25 00:05:58 - [MESSAGE][FAILED] - Unable to click on object 'Object Repository/Service/ServiceOrder/CreditCardSplitTender/SplitTender.PrintOK' (Root cause: com.kms.katalon.core.webui.exception.WebElementNotFoundException: Web element with id: 'Object Repository/Service/ServiceOrder/CreditCardSplitTender/SplitTender.PrintOK' located by 'By.xpath: //*[@id = 'tsext4100m300-5-button-std-file.save_and_close']' not found)
[[ATTACHMENT|C:\\Users\\agawhande\\git\\CreditCard\\Reports\\CC_ServiceSplitTendetTestSuite\\20171125_000019\\1511548558325.png]]

2017-11-25 00:05:58 - [TEST_STEP][PASSED] - delay: Delayed 10 second(s)

2017-11-25 00:06:08 - [MESSAGE][PASSED] - Delayed 10 second(s)

2017-11-25 00:06:08 - [TEST_STEP][FAILED] - click: Unable to click on object 'Object Repository/Service/ServiceOrder/CreditCardSplitTender/SplitTender.PrintDevice' (Root cause: com.kms.katalon.core.webui.exception.WebElementNotFoundException: Web element with id: 'Object Repository/Service/ServiceOrder/CreditCardSplitTender/SplitTender.PrintDevice' located by 'By.xpath: //*[@id = 'ttstpsplopen-6-button-form-exec.cont.process']' not found)

2017-11-25 00:06:40 - [MESSAGE][FAILED] - Unable to click on object 'Object Repository/Service/ServiceOrder/CreditCardSplitTender/SplitTender.PrintDevice' (Root cause: com.kms.katalon.core.webui.exception.WebElementNotFoundException: Web element with id: 'Object Repository/Service/ServiceOrder/CreditCardSplitTender/SplitTender.PrintDevice' located by 'By.xpath: //*[@id = 'ttstpsplopen-6-button-form-exec.cont.process']' not found)
[[ATTACHMENT|C:\\Users\\agawhande\\git\\CreditCard\\Reports\\CC_ServiceSplitTendetTestSuite\\20171125_000019\\1511548600612.png]]

2017-11-25 00:06:40 - [TEST_STEP][PASSED] - delay: Delayed 5 second(s)

2017-11-25 00:06:45 - [MESSAGE][PASSED] - Delayed 5 second(s)

2017-11-25 00:06:45 - [MESSAGE][FAILED] - Unable to call Test Case with id 'Test Cases/Service/BaseTestCases/Base_Service_HeaderInvoice_SplitTender' (Root cause: Call Test Case 'Test Cases/Service/BaseTestCases/Base_Service_HeaderInvoice_SplitTender' failed)

2017-11-25 00:06:45 - [TEST_STEP][FAILED] - callTestCase: Unable to call Test Case with id 'Test Cases/Service/BaseTestCases/Base_Service_GetInvoice_SplitTender' (Root cause: Call Test Case 'Test Cases/Service/BaseTestCases/Base_Service_GetInvoice_SplitTender' failed)

2017-11-25 00:06:45 - [TEST_CASE][FAILED] - Test Cases/Service/BaseTestCases/Base_Service_GetInvoice_SplitTender: Test Cases/Service/BaseTestCases/Base_Service_GetInvoice_SplitTender FAILED because (of) Unable to click on object 'Object Repository/Service/ServiceOrder/VerifyServiceOrderInvoice_SplitTender/ServiceOrderHeader.InvoiceButton' (Root cause: org.openqa.selenium.WebDriverException: Element <div tabindex="0" class="Button FormButton Transparent" id="tssoc2100m001-0-show.invoices" style="position: absolute; left: 1287px; top: 48px; overflow: hidden; width: 28px;"></div> is not clickable at point (1223, 191). Other element would receive the click: <div class="WindowManagerGlass" style="z-index: 1;"></div>
Command duration or timeout: 74 milliseconds
Build info: version: '2.53.0', revision: '35ae25b', time: '2016-03-15 17:00:58'
System info: host: 'ANIL110', ip: '192.168.25.228', os.name: 'Windows 7', os.arch: 'amd64', os.version: '6.1', java.version: '1.8.0_102'
Driver info: com.kms.katalon.core.webui.driver.firefox.CFirefoxDriver47
Capabilities [{applicationCacheEnabled=true, rotatable=false, handlesAlerts=true, databaseEnabled=true, version=56.0, platform=WINDOWS, nativeEvents=false, acceptSslCerts=true, webStorageEnabled=true, locationContextEnabled=true, browserName=firefox, takesScreenshot=true, javascriptEnabled=true, cssSelectorsEnabled=true}]
Session ID: ef528573-59c3-4718-be75-af66d5cbbbea)

2017-11-25 00:06:45 - [TEST_STEP][PASSED] - delay: Delayed 3 second(s)

2017-11-25 00:06:48 - [MESSAGE][PASSED] - Delayed 3 second(s)

2017-11-25 00:06:48 - [TEST_STEP][PASSED] - click: Object: 'Object Repository/Service/ServiceOrder/VerifyServiceOrderInvoice_SplitTender/ServiceorderHeader.HeaderSession' is clicked on

2017-11-25 00:06:49 - [MESSAGE][PASSED] - Object: 'Object Repository/Service/ServiceOrder/VerifyServiceOrderInvoice_SplitTender/ServiceorderHeader.HeaderSession' is clicked on

2017-11-25 00:06:49 - [TEST_STEP][FAILED] - click: Unable to click on object 'Object Repository/Service/ServiceOrder/VerifyServiceOrderInvoice_SplitTender/ServiceOrderHeader.InvoiceButton' (Root cause: org.openqa.selenium.WebDriverException: Element <div tabindex="0" class="Button FormButton Transparent" id="tssoc2100m001-0-show.invoices" style="position: absolute; left: 1287px; top: 48px; overflow: hidden; width: 28px;"></div> is not clickable at point (1223, 191). Other element would receive the click: <div class="WindowManagerGlass" style="z-index: 1;"></div>
Command duration or timeout: 74 milliseconds
Build info: version: '2.53.0', revision: '35ae25b', time: '2016-03-15 17:00:58'
System info: host: 'ANIL110', ip: '192.168.25.228', os.name: 'Windows 7', os.arch: 'amd64', os.version: '6.1', java.version: '1.8.0_102'
Driver info: com.kms.katalon.core.webui.driver.firefox.CFirefoxDriver47
Capabilities [{applicationCacheEnabled=true, rotatable=false, handlesAlerts=true, databaseEnabled=true, version=56.0, platform=WINDOWS, nativeEvents=false, acceptSslCerts=true, webStorageEnabled=true, locationContextEnabled=true, browserName=firefox, takesScreenshot=true, javascriptEnabled=true, cssSelectorsEnabled=true}]
Session ID: ef528573-59c3-4718-be75-af66d5cbbbea)

2017-11-25 00:06:49 - [MESSAGE][FAILED] - Unable to click on object 'Object Repository/Service/ServiceOrder/VerifyServiceOrderInvoice_SplitTender/ServiceOrderHeader.InvoiceButton' (Root cause: org.openqa.selenium.WebDriverException: Element <div tabindex="0" class="Button FormButton Transparent" id="tssoc2100m001-0-show.invoices" style="position: absolute; left: 1287px; top: 48px; overflow: hidden; width: 28px;"></div> is not clickable at point (1223, 191). Other element would receive the click: <div class="WindowManagerGlass" style="z-index: 1;"></div>
Command duration or timeout: 74 milliseconds
Build info: version: '2.53.0', revision: '35ae25b', time: '2016-03-15 17:00:58'
System info: host: 'ANIL110', ip: '192.168.25.228', os.name: 'Windows 7', os.arch: 'amd64', os.version: '6.1', java.version: '1.8.0_102'
Driver info: com.kms.katalon.core.webui.driver.firefox.CFirefoxDriver47
Capabilities [{applicationCacheEnabled=true, rotatable=false, handlesAlerts=true, databaseEnabled=true, version=56.0, platform=WINDOWS, nativeEvents=false, acceptSslCerts=true, webStorageEnabled=true, locationContextEnabled=true, browserName=firefox, takesScreenshot=true, javascriptEnabled=true, cssSelectorsEnabled=true}]
Session ID: ef528573-59c3-4718-be75-af66d5cbbbea)
[[ATTACHMENT|C:\\Users\\agawhande\\git\\CreditCard\\Reports\\CC_ServiceSplitTendetTestSuite\\20171125_000019\\1511548609291.png]]

2017-11-25 00:06:49 - [TEST_STEP][PASSED] - delay: Delayed 3 second(s)

2017-11-25 00:06:52 - [MESSAGE][PASSED] - Delayed 3 second(s)

2017-11-25 00:06:52 - [TEST_STEP][FAILED] - Statement - G_InvoiceTnxType = com.kms.katalon.core.webui.keyword.WebUiBuiltInKeywords.getText(com.kms.katalon.core.testobject.ObjectRepository.findTestObject(Service/ServiceOrder/VerifyServiceOrderInvoice_SplitTender/ServiceOrderHeader.Invoice1)): Unable to get text of object 'Object Repository/Service/ServiceOrder/VerifyServiceOrderInvoice_SplitTender/ServiceOrderHeader.Invoice1' (Root cause: com.kms.katalon.core.webui.exception.WebElementNotFoundException: Web element with id: 'Object Repository/Service/ServiceOrder/VerifyServiceOrderInvoice_SplitTender/ServiceOrderHeader.Invoice1' located by 'By.xpath: //*[@id = 'cisli2555m001-8-grid-1-cisli255.ityp-2-0-widget']' not found)

2017-11-25 00:07:24 - [MESSAGE][FAILED] - Unable to get text of object 'Object Repository/Service/ServiceOrder/VerifyServiceOrderInvoice_SplitTender/ServiceOrderHeader.Invoice1' (Root cause: com.kms.katalon.core.webui.exception.WebElementNotFoundException: Web element with id: 'Object Repository/Service/ServiceOrder/VerifyServiceOrderInvoice_SplitTender/ServiceOrderHeader.Invoice1' located by 'By.xpath: //*[@id = 'cisli2555m001-8-grid-1-cisli255.ityp-2-0-widget']' not found)
[[ATTACHMENT|C:\\Users\\agawhande\\git\\CreditCard\\Reports\\CC_ServiceSplitTendetTestSuite\\20171125_000019\\1511548644034.png]]

2017-11-25 00:07:24 - [TEST_STEP][PASSED] - delay: Delayed 3 second(s)

2017-11-25 00:07:27 - [MESSAGE][PASSED] - Delayed 3 second(s)

2017-11-25 00:07:27 - [TEST_STEP][FAILED] - Statement - G_InvoiceTnxNo = com.kms.katalon.core.webui.keyword.WebUiBuiltInKeywords.getText(com.kms.katalon.core.testobject.ObjectRepository.findTestObject(Service/ServiceOrder/VerifyServiceOrderInvoice_SplitTender/ServiceOrderHeader.Invoice2)): Unable to get text of object 'Object Repository/Service/ServiceOrder/VerifyServiceOrderInvoice_SplitTender/ServiceOrderHeader.Invoice2' (Root cause: com.kms.katalon.core.webui.exception.WebElementNotFoundException: Web element with id: 'Object Repository/Service/ServiceOrder/VerifyServiceOrderInvoice_SplitTender/ServiceOrderHeader.Invoice2' located by 'By.xpath: //*[@id = 'cisli2555m001-8-grid-1-cisli255.idoc-3-0-widget']' not found)

2017-11-25 00:07:58 - [MESSAGE][FAILED] - Unable to get text of object 'Object Repository/Service/ServiceOrder/VerifyServiceOrderInvoice_SplitTender/ServiceOrderHeader.Invoice2' (Root cause: com.kms.katalon.core.webui.exception.WebElementNotFoundException: Web element with id: 'Object Repository/Service/ServiceOrder/VerifyServiceOrderInvoice_SplitTender/ServiceOrderHeader.Invoice2' located by 'By.xpath: //*[@id = 'cisli2555m001-8-grid-1-cisli255.idoc-3-0-widget']' not found)
[[ATTACHMENT|C:\\Users\\agawhande\\git\\CreditCard\\Reports\\CC_ServiceSplitTendetTestSuite\\20171125_000019\\1511548678747.png]]

2017-11-25 00:07:58 - [TEST_STEP][FAILED] - Statement - G_InvoiceAmt = com.kms.katalon.core.webui.keyword.WebUiBuiltInKeywords.getText(com.kms.katalon.core.testobject.ObjectRepository.findTestObject(Service/ServiceOrder/VerifyServiceOrderInvoice_SplitTender/ServiceOrderHeader.InvoiceAmountHD)): Unable to get text of object 'Object Repository/Service/ServiceOrder/VerifyServiceOrderInvoice_SplitTender/ServiceOrderHeader.InvoiceAmountHD' (Root cause: com.kms.katalon.core.webui.exception.WebElementNotFoundException: Web element with id: 'Object Repository/Service/ServiceOrder/VerifyServiceOrderInvoice_SplitTender/ServiceOrderHeader.InvoiceAmountHD' located by 'By.xpath: //*[@id = 'cisli2555m001-8-grid-1-form.amnt-10-0']' not found)

2017-11-25 00:08:30 - [MESSAGE][FAILED] - Unable to get text of object 'Object Repository/Service/ServiceOrder/VerifyServiceOrderInvoice_SplitTender/ServiceOrderHeader.InvoiceAmountHD' (Root cause: com.kms.katalon.core.webui.exception.WebElementNotFoundException: Web element with id: 'Object Repository/Service/ServiceOrder/VerifyServiceOrderInvoice_SplitTender/ServiceOrderHeader.InvoiceAmountHD' located by 'By.xpath: //*[@id = 'cisli2555m001-8-grid-1-form.amnt-10-0']' not found)
[[ATTACHMENT|C:\\Users\\agawhande\\git\\CreditCard\\Reports\\CC_ServiceSplitTendetTestSuite\\20171125_000019\\1511548710481.png]]

2017-11-25 00:08:30 - [MESSAGE][FAILED] - Unable to call Test Case with id 'Test Cases/Service/BaseTestCases/Base_Service_GetInvoice_SplitTender' (Root cause: Call Test Case 'Test Cases/Service/BaseTestCases/Base_Service_GetInvoice_SplitTender' failed)

2017-11-25 00:08:30 - [TEST_STEP][FAILED] - callTestCase: Unable to call Test Case with id 'Test Cases/Finance/BaseTestCases/Base_Finance_CheckOpenEntriesForCCSplitPayments' (Root cause: Call Test Case 'Test Cases/Finance/BaseTestCases/Base_Finance_CheckOpenEntriesForCCSplitPayments' failed)

2017-11-25 00:08:30 - [TEST_CASE][FAILED] - Test Cases/Finance/BaseTestCases/Base_Finance_CheckOpenEntriesForCCSplitPayments: Test Cases/Finance/BaseTestCases/Base_Finance_CheckOpenEntriesForCCSplitPayments FAILED because (of) Unable to set text 'null' of object 'Object Repository/Finance/BaseTestCases_OpenEntries_Service/OpenEntries_DocumentType' (Root cause: java.lang.IllegalArgumentException: Text is null)

2017-11-25 00:08:30 - [TEST_STEP][PASSED] - callTestCase: Call Test Case 'Test Cases/Common/Base_Common_OpenSession' successfully

2017-11-25 00:08:30 - [TEST_CASE][PASSED] - Test Cases/Common/Base_Common_OpenSession: Test Cases/Common/Base_Common_OpenSession

2017-11-25 00:08:31 - [TEST_STEP][PASSED] - openBrowser: Browser is opened with url: 'https://rgajbhiye:Robin$123@proxima-ln4.e-emphasys.com:8441/webui/servlet/login'

2017-11-25 00:08:31 - [MESSAGE][WARNING] - A browser is already opened. Closing browser and opening a new one

2017-11-25 00:08:45 - [MESSAGE][PASSED] - Browser is opened with url: 'https://rgajbhiye:Robin$123@proxima-ln4.e-emphasys.com:8441/webui/servlet/login'

2017-11-25 00:08:45 - [TEST_STEP][PASSED] - waitForPageLoad: Wait for page load successfully

2017-11-25 00:08:45 - [MESSAGE][PASSED] - Wait for page load successfully

2017-11-25 00:08:45 - [TEST_STEP][PASSED] - maximizeWindow: Current window maximized

2017-11-25 00:08:45 - [MESSAGE][PASSED] - Current window maximized

2017-11-25 00:08:45 - [TEST_STEP][PASSED] - click: Object: 'Object Repository/Common/HomePage/HomePage_more' is clicked on

2017-11-25 00:08:47 - [MESSAGE][PASSED] - Object: 'Object Repository/Common/HomePage/HomePage_more' is clicked on

2017-11-25 00:08:47 - [TEST_STEP][PASSED] - click: Object: 'Object Repository/Common/HomePage/HomePage_Option' is clicked on

2017-11-25 00:08:47 - [MESSAGE][PASSED] - Object: 'Object Repository/Common/HomePage/HomePage_Option' is clicked on

2017-11-25 00:08:47 - [TEST_STEP][PASSED] - click: Object: 'Object Repository/Common/HomePage/HomePage_RunProgram_' is clicked on

2017-11-25 00:08:48 - [MESSAGE][PASSED] - Object: 'Object Repository/Common/HomePage/HomePage_RunProgram_' is clicked on

2017-11-25 00:08:48 - [TEST_STEP][PASSED] - sendKeys: Keys 'tfacr2520m000' sent to object: 'Object Repository/Common/HomePage/HomePage_Session_ID'

2017-11-25 00:08:48 - [MESSAGE][PASSED] - Keys 'tfacr2520m000' sent to object: 'Object Repository/Common/HomePage/HomePage_Session_ID'

2017-11-25 00:08:48 - [TEST_STEP][PASSED] - click: Object: 'Object Repository/Common/HomePage/HomePage_OkButton' is clicked on

2017-11-25 00:08:48 - [MESSAGE][PASSED] - Object: 'Object Repository/Common/HomePage/HomePage_OkButton' is clicked on

2017-11-25 00:08:48 - [MESSAGE][PASSED] - Call Test Case 'Test Cases/Common/Base_Common_OpenSession' successfully

2017-11-25 00:08:48 - [TEST_STEP][PASSED] - click: Object: 'Object Repository/Finance/BaseTestCases_OpenEntries_Service/OpenEntries_DocumentType' is clicked on

2017-11-25 00:08:52 - [MESSAGE][PASSED] - Object: 'Object Repository/Finance/BaseTestCases_OpenEntries_Service/OpenEntries_DocumentType' is clicked on

2017-11-25 00:08:52 - [TEST_STEP][PASSED] - click: Object: 'Object Repository/Finance/BaseTestCases_OpenEntries_Service/OpenEntries_DocumentNo' is clicked on

2017-11-25 00:08:52 - [MESSAGE][PASSED] - Object: 'Object Repository/Finance/BaseTestCases_OpenEntries_Service/OpenEntries_DocumentNo' is clicked on

2017-11-25 00:08:52 - [TEST_STEP][FAILED] - setText: Unable to set text 'null' of object 'Object Repository/Finance/BaseTestCases_OpenEntries_Service/OpenEntries_DocumentType' (Root cause: java.lang.IllegalArgumentException: Text is null)

2017-11-25 00:08:52 - [MESSAGE][FAILED] - Unable to set text 'null' of object 'Object Repository/Finance/BaseTestCases_OpenEntries_Service/OpenEntries_DocumentType' (Root cause: java.lang.IllegalArgumentException: Text is null)
[[ATTACHMENT|C:\\Users\\agawhande\\git\\CreditCard\\Reports\\CC_ServiceSplitTendetTestSuite\\20171125_000019\\1511548732398.png]]

2017-11-25 00:08:52 - [TEST_STEP][NOT_RUN] - sendKeys: NOT_RUN: sendKeys

2017-11-25 00:08:52 - [MESSAGE][NOT_RUN] - NOT_RUN: sendKeys

2017-11-25 00:08:52 - [TEST_STEP][NOT_RUN] - delay: NOT_RUN: delay

2017-11-25 00:08:52 - [MESSAGE][NOT_RUN] - NOT_RUN: delay

2017-11-25 00:08:52 - [TEST_STEP][FAILED] - setText: Unable to set text 'null' of object 'Object Repository/Finance/BaseTestCases_OpenEntries_Service/OpenEntries_DocumentNo' (Root cause: java.lang.IllegalArgumentException: Text is null)

2017-11-25 00:08:52 - [MESSAGE][FAILED] - Unable to set text 'null' of object 'Object Repository/Finance/BaseTestCases_OpenEntries_Service/OpenEntries_DocumentNo' (Root cause: java.lang.IllegalArgumentException: Text is null)
[[ATTACHMENT|C:\\Users\\agawhande\\git\\CreditCard\\Reports\\CC_ServiceSplitTendetTestSuite\\20171125_000019\\1511548732608.png]]

2017-11-25 00:08:52 - [TEST_STEP][NOT_RUN] - delay: NOT_RUN: delay

2017-11-25 00:08:52 - [MESSAGE][NOT_RUN] - NOT_RUN: delay

2017-11-25 00:08:52 - [TEST_STEP][NOT_RUN] - sendKeys: NOT_RUN: sendKeys

2017-11-25 00:08:52 - [MESSAGE][NOT_RUN] - NOT_RUN: sendKeys

2017-11-25 00:08:52 - [TEST_STEP][PASSED] - click: Object: 'Object Repository/Finance/BaseTestCases_OpenEntries_Service/OpenEntries_Action' is clicked on

2017-11-25 00:08:52 - [MESSAGE][PASSED] - Object: 'Object Repository/Finance/BaseTestCases_OpenEntries_Service/OpenEntries_Action' is clicked on

2017-11-25 00:08:52 - [TEST_STEP][PASSED] - click: Object: 'Object Repository/Finance/BaseTestCases_OpenEntries_Service/OpenEntries.FullyPaid' is clicked on

2017-11-25 00:08:53 - [MESSAGE][PASSED] - Object: 'Object Repository/Finance/BaseTestCases_OpenEntries_Service/OpenEntries.FullyPaid' is clicked on

2017-11-25 00:08:53 - [TEST_STEP][PASSED] - delay: Delayed 2 second(s)

2017-11-25 00:08:55 - [MESSAGE][PASSED] - Delayed 2 second(s)

2017-11-25 00:08:55 - [TEST_STEP][PASSED] - scrollToElement: Scroll to object 'Object Repository/Finance/BaseTestCases_OpenEntries_Service/OpenEntries.BalanceAmt' successfully

2017-11-25 00:08:55 - [MESSAGE][PASSED] - Scroll to object 'Object Repository/Finance/BaseTestCases_OpenEntries_Service/OpenEntries.BalanceAmt' successfully

2017-11-25 00:08:55 - [TEST_STEP][PASSED] - delay: Delayed 3 second(s)

2017-11-25 00:08:58 - [MESSAGE][PASSED] - Delayed 3 second(s)

2017-11-25 00:08:58 - [TEST_STEP][PASSED] - Statement - BalanceAmount = com.kms.katalon.core.webui.keyword.WebUiBuiltInKeywords.getText(com.kms.katalon.core.testobject.ObjectRepository.findTestObject(Finance/BaseTestCases_OpenEntries_Service/OpenEntries.BalanceAmt)): Text of object 'Object Repository/Finance/BaseTestCases_OpenEntries_Service/OpenEntries.BalanceAmt' is: '7.35'

2017-11-25 00:08:58 - [MESSAGE][PASSED] - Text of object 'Object Repository/Finance/BaseTestCases_OpenEntries_Service/OpenEntries.BalanceAmt' is: '7.35'

2017-11-25 00:08:58 - [TEST_STEP][FAILED] - verifyEqual: Unable to verify equal between actual object '7.35' and expected object '12.00' (Root cause: Actual object '7.35' and expected object '12.00' are not equal)

2017-11-25 00:08:58 - [MESSAGE][FAILED] - Unable to verify equal between actual object '7.35' and expected object '12.00' (Root cause: Actual object '7.35' and expected object '12.00' are not equal)

2017-11-25 00:08:58 - [TEST_STEP][PASSED] - click: Object: 'Object Repository/Finance/BaseTestCases_OpenEntries_Service/OpenEntries.Reference' is clicked on

2017-11-25 00:08:58 - [MESSAGE][PASSED] - Object: 'Object Repository/Finance/BaseTestCases_OpenEntries_Service/OpenEntries.Reference' is clicked on

2017-11-25 00:08:58 - [TEST_STEP][PASSED] - setText: Text '' is set on object 'Object Repository/Finance/BaseTestCases_OpenEntries_Service/OpenEntries_DocumentType'

2017-11-25 00:08:58 - [MESSAGE][PASSED] - Text '' is set on object 'Object Repository/Finance/BaseTestCases_OpenEntries_Service/OpenEntries_DocumentType'

2017-11-25 00:08:58 - [TEST_STEP][PASSED] - setText: Text '' is set on object 'Object Repository/Finance/BaseTestCases_OpenEntries_Service/OpenEntries_DocumentNo'

2017-11-25 00:08:58 - [MESSAGE][PASSED] - Text '' is set on object 'Object Repository/Finance/BaseTestCases_OpenEntries_Service/OpenEntries_DocumentNo'

2017-11-25 00:08:58 - [TEST_STEP][PASSED] - sendKeys: Keys 'TAB + ' sent to object: 'Object Repository/Finance/BaseTestCases_OpenEntries_Service/OpenEntries_DocumentType'

2017-11-25 00:08:58 - [MESSAGE][PASSED] - Keys 'TAB + ' sent to object: 'Object Repository/Finance/BaseTestCases_OpenEntries_Service/OpenEntries_DocumentType'

2017-11-25 00:08:58 - [TEST_STEP][PASSED] - sendKeys: Keys 'TAB + ' sent to object: 'Object Repository/Finance/BaseTestCases_OpenEntries_Service/OpenEntries_DocumentNo'

2017-11-25 00:08:58 - [MESSAGE][PASSED] - Keys 'TAB + ' sent to object: 'Object Repository/Finance/BaseTestCases_OpenEntries_Service/OpenEntries_DocumentNo'

2017-11-25 00:08:58 - [TEST_STEP][PASSED] - sendKeys: Keys 'M00000182 (null/null)' sent to object: 'Object Repository/Finance/BaseTestCases_OpenEntries_Service/OpenEntries.Reference'

2017-11-25 00:08:59 - [MESSAGE][PASSED] - Keys 'M00000182 (null/null)' sent to object: 'Object Repository/Finance/BaseTestCases_OpenEntries_Service/OpenEntries.Reference'

2017-11-25 00:08:59 - [TEST_STEP][PASSED] - click: Object: 'Object Repository/Finance/BaseTestCases_OpenEntries_Service/OpenEntries_DocumentNo' is clicked on

2017-11-25 00:08:59 - [MESSAGE][PASSED] - Object: 'Object Repository/Finance/BaseTestCases_OpenEntries_Service/OpenEntries_DocumentNo' is clicked on

2017-11-25 00:08:59 - [TEST_STEP][PASSED] - delay: Delayed 3 second(s)

2017-11-25 00:09:02 - [MESSAGE][PASSED] - Delayed 3 second(s)

2017-11-25 00:09:02 - [TEST_STEP][FAILED] - scrollToElement: Unable to scroll to object 'Object Repository/Finance/BaseTestCases_OpenEntries_Service/OpenEntries.BalanceAmt' (Root cause: com.kms.katalon.core.webui.exception.WebElementNotFoundException: Web element with id: 'Object Repository/Finance/BaseTestCases_OpenEntries_Service/OpenEntries.BalanceAmt' located by 'By.xpath: //*[@id = 'tfacr2520m000-0-grid-1-balc.ninv-20-0']' not found)

2017-11-25 00:09:34 - [MESSAGE][FAILED] - Unable to scroll to object 'Object Repository/Finance/BaseTestCases_OpenEntries_Service/OpenEntries.BalanceAmt' (Root cause: com.kms.katalon.core.webui.exception.WebElementNotFoundException: Web element with id: 'Object Repository/Finance/BaseTestCases_OpenEntries_Service/OpenEntries.BalanceAmt' located by 'By.xpath: //*[@id = 'tfacr2520m000-0-grid-1-balc.ninv-20-0']' not found)
[[ATTACHMENT|C:\\Users\\agawhande\\git\\CreditCard\\Reports\\CC_ServiceSplitTendetTestSuite\\20171125_000019\\1511548774063.png]]

2017-11-25 00:09:34 - [TEST_STEP][FAILED] - Statement - BalanceAmount = com.kms.katalon.core.webui.keyword.WebUiBuiltInKeywords.getText(com.kms.katalon.core.testobject.ObjectRepository.findTestObject(Finance/BaseTestCases_OpenEntries_Service/OpenEntries.BalanceAmt)): Unable to get text of object 'Object Repository/Finance/BaseTestCases_OpenEntries_Service/OpenEntries.BalanceAmt' (Root cause: com.kms.katalon.core.webui.exception.WebElementNotFoundException: Web element with id: 'Object Repository/Finance/BaseTestCases_OpenEntries_Service/OpenEntries.BalanceAmt' located by 'By.xpath: //*[@id = 'tfacr2520m000-0-grid-1-balc.ninv-20-0']' not found)

2017-11-25 00:10:05 - [MESSAGE][FAILED] - Unable to get text of object 'Object Repository/Finance/BaseTestCases_OpenEntries_Service/OpenEntries.BalanceAmt' (Root cause: com.kms.katalon.core.webui.exception.WebElementNotFoundException: Web element with id: 'Object Repository/Finance/BaseTestCases_OpenEntries_Service/OpenEntries.BalanceAmt' located by 'By.xpath: //*[@id = 'tfacr2520m000-0-grid-1-balc.ninv-20-0']' not found)
[[ATTACHMENT|C:\\Users\\agawhande\\git\\CreditCard\\Reports\\CC_ServiceSplitTendetTestSuite\\20171125_000019\\1511548805866.png]]

2017-11-25 00:10:05 - [TEST_STEP][FAILED] - verifyEqual: Unable to verify equal between actual object 'null' and expected object '1.00' (Root cause: Actual object 'null' and expected object '1.00' are not equal)

2017-11-25 00:10:05 - [MESSAGE][FAILED] - Unable to verify equal between actual object 'null' and expected object '1.00' (Root cause: Actual object 'null' and expected object '1.00' are not equal)

2017-11-25 00:10:05 - [TEST_STEP][FAILED] - Statement - BalanceAmount = com.kms.katalon.core.webui.keyword.WebUiBuiltInKeywords.getText(com.kms.katalon.core.testobject.ObjectRepository.findTestObject(Finance/BaseTestCases_OpenEntries_Service/OpenEntries_BalanceAmtLine2)): Unable to get text of object 'Object Repository/Finance/BaseTestCases_OpenEntries_Service/OpenEntries_BalanceAmtLine2' (Root cause: com.kms.katalon.core.webui.exception.WebElementNotFoundException: Web element with id: 'Object Repository/Finance/BaseTestCases_OpenEntries_Service/OpenEntries_BalanceAmtLine2' located by 'By.xpath: //*[@id = 'tfacr2520m000-0-grid-1-balc.ninv-20-1']' not found)

2017-11-25 00:10:37 - [MESSAGE][FAILED] - Unable to get text of object 'Object Repository/Finance/BaseTestCases_OpenEntries_Service/OpenEntries_BalanceAmtLine2' (Root cause: com.kms.katalon.core.webui.exception.WebElementNotFoundException: Web element with id: 'Object Repository/Finance/BaseTestCases_OpenEntries_Service/OpenEntries_BalanceAmtLine2' located by 'By.xpath: //*[@id = 'tfacr2520m000-0-grid-1-balc.ninv-20-1']' not found)
[[ATTACHMENT|C:\\Users\\agawhande\\git\\CreditCard\\Reports\\CC_ServiceSplitTendetTestSuite\\20171125_000019\\1511548837695.png]]

2017-11-25 00:10:37 - [TEST_STEP][FAILED] - verifyEqual: Unable to verify equal between actual object 'null' and expected object '1.00' (Root cause: Actual object 'null' and expected object '1.00' are not equal)

2017-11-25 00:10:37 - [MESSAGE][FAILED] - Unable to verify equal between actual object 'null' and expected object '1.00' (Root cause: Actual object 'null' and expected object '1.00' are not equal)

2017-11-25 00:10:37 - [TEST_STEP][PASSED] - delay: Delayed 3 second(s)

2017-11-25 00:10:40 - [MESSAGE][PASSED] - Delayed 3 second(s)

2017-11-25 00:10:40 - [TEST_STEP][PASSED] - closeBrowser: Browser is closed

2017-11-25 00:10:41 - [MESSAGE][PASSED] - Browser is closed

2017-11-25 00:10:41 - [MESSAGE][FAILED] - Unable to call Test Case with id 'Test Cases/Finance/BaseTestCases/Base_Finance_CheckOpenEntriesForCCSplitPayments' (Root cause: Call Test Case 'Test Cases/Finance/BaseTestCases/Base_Finance_CheckOpenEntriesForCCSplitPayments' failed)]]></system-out>
         <system-err><![CDATA[2017-11-25 00:00:27 - [TEST_CASE][FAILED] - Test Cases/Service/CreditCardRegression/TC002_Service_CreditCardSplitTender - Iteration 1: Test Cases/Service/CreditCardRegression/TC002_Service_CreditCardSplitTender FAILED because (of) Unable to click on object 'Object Repository/Service/ServiceOrder/CreditCardSplitTender/SplitTender.PrintOK' (Root cause: com.kms.katalon.core.webui.exception.WebElementNotFoundException: Web element with id: 'Object Repository/Service/ServiceOrder/CreditCardSplitTender/SplitTender.PrintOK' located by 'By.xpath: //*[@id = 'tsext4100m300-5-button-std-file.save_and_close']' not found)]]></system-err>
      </testcase>
      <testcase name="Test Cases/Service/CreditCardRegression/TC002_Service_CreditCardSplitTender - Iteration 2" classname="Test Cases/Service/CreditCardRegression/TC002_Service_CreditCardSplitTender" status="FAILED">
         <failure type="FAILED" message="Test Cases/Service/CreditCardRegression/TC002_Service_CreditCardSplitTender FAILED because (of) Unable to set text '09' of object 'Object Repository/Service/ServiceOrder/CreditCardSplitTender/SplitTender.ExpiryMonthLine2' (Root cause: org.openqa.selenium.InvalidElementStateException: Element must be user-editable in order to clear it.
Command duration or timeout: 27 milliseconds
Build info: version: '2.53.0', revision: '35ae25b', time: '2016-03-15 17:00:58'
System info: host: 'ANIL110', ip: '192.168.25.228', os.name: 'Windows 7', os.arch: 'amd64', os.version: '6.1', java.version: '1.8.0_102'
Driver info: com.kms.katalon.core.webui.driver.firefox.CFirefoxDriver47
Capabilities [{applicationCacheEnabled=true, rotatable=false, handlesAlerts=true, databaseEnabled=true, version=56.0, platform=WINDOWS, nativeEvents=false, acceptSslCerts=true, webStorageEnabled=true, locationContextEnabled=true, browserName=firefox, takesScreenshot=true, javascriptEnabled=true, cssSelectorsEnabled=true}]
Session ID: bcb468ec-caf8-4f6e-85e9-75fdbbd89dc2)"/>
         <system-out><![CDATA[2017-11-25 00:10:41 - [TEST_CASE][FAILED] - Test Cases/Service/CreditCardRegression/TC002_Service_CreditCardSplitTender - Iteration 2: Test Cases/Service/CreditCardRegression/TC002_Service_CreditCardSplitTender FAILED because (of) Unable to set text '09' of object 'Object Repository/Service/ServiceOrder/CreditCardSplitTender/SplitTender.ExpiryMonthLine2' (Root cause: org.openqa.selenium.InvalidElementStateException: Element must be user-editable in order to clear it.
Command duration or timeout: 27 milliseconds
Build info: version: '2.53.0', revision: '35ae25b', time: '2016-03-15 17:00:58'
System info: host: 'ANIL110', ip: '192.168.25.228', os.name: 'Windows 7', os.arch: 'amd64', os.version: '6.1', java.version: '1.8.0_102'
Driver info: com.kms.katalon.core.webui.driver.firefox.CFirefoxDriver47
Capabilities [{applicationCacheEnabled=true, rotatable=false, handlesAlerts=true, databaseEnabled=true, version=56.0, platform=WINDOWS, nativeEvents=false, acceptSslCerts=true, webStorageEnabled=true, locationContextEnabled=true, browserName=firefox, takesScreenshot=true, javascriptEnabled=true, cssSelectorsEnabled=true}]
Session ID: bcb468ec-caf8-4f6e-85e9-75fdbbd89dc2)

2017-11-25 00:10:41 - [TEST_STEP][PASSED] - callTestCase: Call Test Case 'Test Cases/Service/BaseTestCases/Base_Service_CreateHeader' successfully

2017-11-25 00:10:41 - [TEST_CASE][PASSED] - Test Cases/Service/BaseTestCases/Base_Service_CreateHeader: Test Cases/Service/BaseTestCases/Base_Service_CreateHeader

2017-11-25 00:10:41 - [TEST_STEP][PASSED] - callTestCase: Call Test Case 'Test Cases/Common/Base_Common_OpenSession' successfully

2017-11-25 00:10:41 - [TEST_CASE][PASSED] - Test Cases/Common/Base_Common_OpenSession: Test Cases/Common/Base_Common_OpenSession

2017-11-25 00:10:41 - [TEST_STEP][PASSED] - openBrowser: Browser is opened with url: 'https://rgajbhiye:Robin$123@proxima-ln4.e-emphasys.com:8441/webui/servlet/login'

2017-11-25 00:10:47 - [MESSAGE][PASSED] - Browser is opened with url: 'https://rgajbhiye:Robin$123@proxima-ln4.e-emphasys.com:8441/webui/servlet/login'

2017-11-25 00:10:47 - [TEST_STEP][PASSED] - waitForPageLoad: Wait for page load successfully

2017-11-25 00:10:47 - [MESSAGE][PASSED] - Wait for page load successfully

2017-11-25 00:10:47 - [TEST_STEP][PASSED] - maximizeWindow: Current window maximized

2017-11-25 00:10:47 - [MESSAGE][PASSED] - Current window maximized

2017-11-25 00:10:47 - [TEST_STEP][PASSED] - click: Object: 'Object Repository/Common/HomePage/HomePage_more' is clicked on

2017-11-25 00:10:49 - [MESSAGE][PASSED] - Object: 'Object Repository/Common/HomePage/HomePage_more' is clicked on

2017-11-25 00:10:49 - [TEST_STEP][PASSED] - click: Object: 'Object Repository/Common/HomePage/HomePage_Option' is clicked on

2017-11-25 00:10:49 - [MESSAGE][PASSED] - Object: 'Object Repository/Common/HomePage/HomePage_Option' is clicked on

2017-11-25 00:10:49 - [TEST_STEP][PASSED] - click: Object: 'Object Repository/Common/HomePage/HomePage_RunProgram_' is clicked on

2017-11-25 00:10:49 - [MESSAGE][PASSED] - Object: 'Object Repository/Common/HomePage/HomePage_RunProgram_' is clicked on

2017-11-25 00:10:49 - [TEST_STEP][PASSED] - sendKeys: Keys 'tssoc2100m001' sent to object: 'Object Repository/Common/HomePage/HomePage_Session_ID'

2017-11-25 00:10:50 - [MESSAGE][PASSED] - Keys 'tssoc2100m001' sent to object: 'Object Repository/Common/HomePage/HomePage_Session_ID'

2017-11-25 00:10:50 - [TEST_STEP][PASSED] - click: Object: 'Object Repository/Common/HomePage/HomePage_OkButton' is clicked on

2017-11-25 00:10:50 - [MESSAGE][PASSED] - Object: 'Object Repository/Common/HomePage/HomePage_OkButton' is clicked on

2017-11-25 00:10:50 - [MESSAGE][PASSED] - Call Test Case 'Test Cases/Common/Base_Common_OpenSession' successfully

2017-11-25 00:10:50 - [TEST_STEP][PASSED] - click: Object: 'Object Repository/Service/ServiceOrder/ServiceOrderHeader/ServiceOrderHeader.Newbutton' is clicked on

2017-11-25 00:10:53 - [MESSAGE][PASSED] - Object: 'Object Repository/Service/ServiceOrder/ServiceOrderHeader/ServiceOrderHeader.Newbutton' is clicked on

2017-11-25 00:10:53 - [TEST_STEP][PASSED] - delay: Delayed 3 second(s)

2017-11-25 00:10:56 - [MESSAGE][PASSED] - Delayed 3 second(s)

2017-11-25 00:10:56 - [TEST_STEP][PASSED] - setText: Text 'M00000182' is set on object 'Object Repository/Service/ServiceOrder/ServiceOrderHeader/ServiceOrderHeader.Customer'

2017-11-25 00:10:56 - [MESSAGE][PASSED] - Text 'M00000182' is set on object 'Object Repository/Service/ServiceOrder/ServiceOrderHeader/ServiceOrderHeader.Customer'

2017-11-25 00:10:56 - [TEST_STEP][PASSED] - sendKeys: Keys 'TAB + ' sent to object: 'Object Repository/Service/ServiceOrder/ServiceOrderHeader/ServiceOrderHeader.Customer'

2017-11-25 00:10:56 - [MESSAGE][PASSED] - Keys 'TAB + ' sent to object: 'Object Repository/Service/ServiceOrder/ServiceOrderHeader/ServiceOrderHeader.Customer'

2017-11-25 00:10:56 - [TEST_STEP][PASSED] - delay: Delayed 3 second(s)

2017-11-25 00:10:59 - [MESSAGE][PASSED] - Delayed 3 second(s)

2017-11-25 00:10:59 - [TEST_STEP][PASSED] - setText: Text 'MD0007993' is set on object 'Object Repository/Service/ServiceOrder/ServiceOrderHeader/ServiceOrderHeader.Unit'

2017-11-25 00:10:59 - [MESSAGE][PASSED] - Text 'MD0007993' is set on object 'Object Repository/Service/ServiceOrder/ServiceOrderHeader/ServiceOrderHeader.Unit'

2017-11-25 00:10:59 - [TEST_STEP][PASSED] - click: Object: 'Object Repository/Service/ServiceOrder/ServiceOrderHeader/ServiceOrderHeader.Save' is clicked on

2017-11-25 00:11:00 - [MESSAGE][PASSED] - Object: 'Object Repository/Service/ServiceOrder/ServiceOrderHeader/ServiceOrderHeader.Save' is clicked on

2017-11-25 00:11:00 - [TEST_STEP][PASSED] - click: Object: 'Object Repository/Service/ServiceOrder/ServiceOrderHeader/ServiceOrderHeader.Warning' is clicked on

2017-11-25 00:11:06 - [MESSAGE][PASSED] - Object: 'Object Repository/Service/ServiceOrder/ServiceOrderHeader/ServiceOrderHeader.Warning' is clicked on

2017-11-25 00:11:06 - [TEST_STEP][PASSED] - delay: Delayed 3 second(s)

2017-11-25 00:11:09 - [MESSAGE][PASSED] - Delayed 3 second(s)

2017-11-25 00:11:09 - [TEST_STEP][PASSED] - click: Object: 'Object Repository/Service/ServiceOrder/ServiceOrderHeader/ServiceOrderHeader.PaymentMode' is clicked on

2017-11-25 00:11:09 - [MESSAGE][PASSED] - Object: 'Object Repository/Service/ServiceOrder/ServiceOrderHeader/ServiceOrderHeader.PaymentMode' is clicked on

2017-11-25 00:11:09 - [TEST_STEP][PASSED] - click: Object: 'Object Repository/Service/ServiceOrder/ServiceOrderHeader/ServiceOrderHeader.CreditCardoption' is clicked on

2017-11-25 00:11:09 - [MESSAGE][PASSED] - Object: 'Object Repository/Service/ServiceOrder/ServiceOrderHeader/ServiceOrderHeader.CreditCardoption' is clicked on

2017-11-25 00:11:09 - [TEST_STEP][PASSED] - delay: Delayed 5 second(s)

2017-11-25 00:11:14 - [MESSAGE][PASSED] - Delayed 5 second(s)

2017-11-25 00:11:14 - [TEST_STEP][NOT_RUN] - setText: NOT_RUN: setText

2017-11-25 00:11:14 - [MESSAGE][NOT_RUN] - NOT_RUN: setText

2017-11-25 00:11:14 - [TEST_STEP][PASSED] - click: Object: 'Object Repository/Service/ServiceOrder/ServiceOrderHeader/ServiceOrderHeader.Save' is clicked on

2017-11-25 00:11:14 - [MESSAGE][PASSED] - Object: 'Object Repository/Service/ServiceOrder/ServiceOrderHeader/ServiceOrderHeader.Save' is clicked on

2017-11-25 00:11:14 - [TEST_STEP][PASSED] - delay: Delayed 5 second(s)

2017-11-25 00:11:19 - [MESSAGE][PASSED] - Delayed 5 second(s)

2017-11-25 00:11:19 - [TEST_STEP][PASSED] - Statement - SWOOrderNo = com.kms.katalon.core.webui.keyword.WebUiBuiltInKeywords.getAttribute(com.kms.katalon.core.testobject.ObjectRepository.findTestObject(Service/ServiceOrder/ServiceOrderHeader/ServiceOrderHeader.OrderNo), "value"): Attribute 'value' of object 'Object Repository/Service/ServiceOrder/ServiceOrderHeader/ServiceOrderHeader.OrderNo' is: 'SWO119872'

2017-11-25 00:11:19 - [MESSAGE][PASSED] - Attribute 'value' of object 'Object Repository/Service/ServiceOrder/ServiceOrderHeader/ServiceOrderHeader.OrderNo' is: 'SWO119872'

2017-11-25 00:11:19 - [TEST_STEP][PASSED] - verifyNotEqual: Actual object 'SWO119872' and expected object '' are not equal

2017-11-25 00:11:19 - [MESSAGE][PASSED] - Actual object 'SWO119872' and expected object '' are not equal

2017-11-25 00:11:19 - [TEST_STEP][PASSED] - delay: Delayed 5 second(s)

2017-11-25 00:11:24 - [MESSAGE][PASSED] - Delayed 5 second(s)

2017-11-25 00:11:24 - [TEST_STEP][PASSED] - click: Object: 'Object Repository/Service/ServiceOrder/ServiceOrderHeader/ServiceOrderHeader.Actions' is clicked on

2017-11-25 00:11:25 - [MESSAGE][PASSED] - Object: 'Object Repository/Service/ServiceOrder/ServiceOrderHeader/ServiceOrderHeader.Actions' is clicked on

2017-11-25 00:11:25 - [TEST_STEP][PASSED] - delay: Delayed 3 second(s)

2017-11-25 00:11:28 - [MESSAGE][PASSED] - Delayed 3 second(s)

2017-11-25 00:11:28 - [TEST_STEP][PASSED] - click: Object: 'Object Repository/Service/ServiceOrder/ServiceOrderHeader/ServiceOrderHeader.Segments' is clicked on

2017-11-25 00:11:28 - [MESSAGE][PASSED] - Object: 'Object Repository/Service/ServiceOrder/ServiceOrderHeader/ServiceOrderHeader.Segments' is clicked on

2017-11-25 00:11:28 - [TEST_STEP][PASSED] - delay: Delayed 3 second(s)

2017-11-25 00:11:31 - [MESSAGE][PASSED] - Delayed 3 second(s)

2017-11-25 00:11:31 - [MESSAGE][PASSED] - Call Test Case 'Test Cases/Service/BaseTestCases/Base_Service_CreateHeader' successfully

2017-11-25 00:11:31 - [TEST_STEP][PASSED] - callTestCase: Call Test Case 'Test Cases/Service/BaseTestCases/Base_Service_AddSegment' successfully

2017-11-25 00:11:31 - [TEST_CASE][PASSED] - Test Cases/Service/BaseTestCases/Base_Service_AddSegment: Test Cases/Service/BaseTestCases/Base_Service_AddSegment

2017-11-25 00:11:31 - [TEST_STEP][PASSED] - click: Object: 'Object Repository/Service/ServiceOrder/ServiceOrderSegment/ServiceOrderSegment.ServiceType' is clicked on

2017-11-25 00:11:31 - [MESSAGE][PASSED] - Object: 'Object Repository/Service/ServiceOrder/ServiceOrderSegment/ServiceOrderSegment.ServiceType' is clicked on

2017-11-25 00:11:31 - [TEST_STEP][PASSED] - setText: Text 'ABC' is set on object 'Object Repository/Service/ServiceOrder/ServiceOrderSegment/ServiceOrderSegment.ServiceType'

2017-11-25 00:11:31 - [MESSAGE][PASSED] - Text 'ABC' is set on object 'Object Repository/Service/ServiceOrder/ServiceOrderSegment/ServiceOrderSegment.ServiceType'

2017-11-25 00:11:31 - [TEST_STEP][NOT_RUN] - sendKeys: NOT_RUN: sendKeys

2017-11-25 00:11:31 - [MESSAGE][NOT_RUN] - NOT_RUN: sendKeys

2017-11-25 00:11:31 - [TEST_STEP][PASSED] - delay: Delayed 3 second(s)

2017-11-25 00:11:34 - [MESSAGE][PASSED] - Delayed 3 second(s)

2017-11-25 00:11:34 - [TEST_STEP][PASSED] - click: Object: 'Object Repository/Service/ServiceOrder/ServiceOrderSegment/ServiceOrderSegment.Save' is clicked on

2017-11-25 00:11:34 - [MESSAGE][PASSED] - Object: 'Object Repository/Service/ServiceOrder/ServiceOrderSegment/ServiceOrderSegment.Save' is clicked on

2017-11-25 00:11:34 - [TEST_STEP][PASSED] - delay: Delayed 10 second(s)

2017-11-25 00:11:44 - [MESSAGE][PASSED] - Delayed 10 second(s)

2017-11-25 00:11:44 - [TEST_STEP][PASSED] - click: Object: 'Object Repository/Service/ServiceOrder/ServiceOrderSegment/ServiceOrderSegment.Action' is clicked on

2017-11-25 00:11:45 - [MESSAGE][PASSED] - Object: 'Object Repository/Service/ServiceOrder/ServiceOrderSegment/ServiceOrderSegment.Action' is clicked on

2017-11-25 00:11:45 - [TEST_STEP][PASSED] - delay: Delayed 2 second(s)

2017-11-25 00:11:47 - [MESSAGE][PASSED] - Delayed 2 second(s)

2017-11-25 00:11:47 - [TEST_STEP][PASSED] - click: Object: 'Object Repository/Service/ServiceOrder/ServiceOrderSegment/ServiceOrderSegment.Release' is clicked on

2017-11-25 00:11:47 - [MESSAGE][PASSED] - Object: 'Object Repository/Service/ServiceOrder/ServiceOrderSegment/ServiceOrderSegment.Release' is clicked on

2017-11-25 00:11:47 - [TEST_STEP][PASSED] - delay: Delayed 5 second(s)

2017-11-25 00:11:52 - [MESSAGE][PASSED] - Delayed 5 second(s)

2017-11-25 00:11:52 - [TEST_STEP][NOT_RUN] - click: NOT_RUN: click

2017-11-25 00:11:52 - [MESSAGE][NOT_RUN] - NOT_RUN: click

2017-11-25 00:11:52 - [TEST_STEP][NOT_RUN] - click: NOT_RUN: click

2017-11-25 00:11:52 - [MESSAGE][NOT_RUN] - NOT_RUN: click

2017-11-25 00:11:52 - [TEST_STEP][NOT_RUN] - delay: NOT_RUN: delay

2017-11-25 00:11:52 - [MESSAGE][NOT_RUN] - NOT_RUN: delay

2017-11-25 00:11:52 - [TEST_STEP][NOT_RUN] - setText: NOT_RUN: setText

2017-11-25 00:11:52 - [MESSAGE][NOT_RUN] - NOT_RUN: setText

2017-11-25 00:11:52 - [TEST_STEP][NOT_RUN] - sendKeys: NOT_RUN: sendKeys

2017-11-25 00:11:52 - [MESSAGE][NOT_RUN] - NOT_RUN: sendKeys

2017-11-25 00:11:52 - [TEST_STEP][NOT_RUN] - delay: NOT_RUN: delay

2017-11-25 00:11:52 - [MESSAGE][NOT_RUN] - NOT_RUN: delay

2017-11-25 00:11:52 - [TEST_STEP][NOT_RUN] - click: NOT_RUN: click

2017-11-25 00:11:52 - [MESSAGE][NOT_RUN] - NOT_RUN: click

2017-11-25 00:11:52 - [TEST_STEP][NOT_RUN] - delay: NOT_RUN: delay

2017-11-25 00:11:52 - [MESSAGE][NOT_RUN] - NOT_RUN: delay

2017-11-25 00:11:52 - [TEST_STEP][PASSED] - click: Object: 'Object Repository/Service/ServiceOrder/ServiceOrderSegment/ServiceOrderSegment.Action' is clicked on

2017-11-25 00:11:52 - [MESSAGE][PASSED] - Object: 'Object Repository/Service/ServiceOrder/ServiceOrderSegment/ServiceOrderSegment.Action' is clicked on

2017-11-25 00:11:52 - [TEST_STEP][PASSED] - delay: Delayed 3 second(s)

2017-11-25 00:11:55 - [MESSAGE][PASSED] - Delayed 3 second(s)

2017-11-25 00:11:55 - [MESSAGE][PASSED] - Call Test Case 'Test Cases/Service/BaseTestCases/Base_Service_AddSegment' successfully

2017-11-25 00:11:55 - [TEST_STEP][PASSED] - callTestCase: Call Test Case 'Test Cases/Service/BaseTestCases/Base_Service_Add Others' successfully

2017-11-25 00:11:55 - [TEST_CASE][PASSED] - Test Cases/Service/BaseTestCases/Base_Service_Add Others: Test Cases/Service/BaseTestCases/Base_Service_Add Others

2017-11-25 00:11:55 - [TEST_STEP][PASSED] - click: Object: 'Object Repository/Service/ServiceOrder/ServiceOrderSegment/ServiceOrderSegment.Others' is clicked on

2017-11-25 00:11:55 - [MESSAGE][PASSED] - Object: 'Object Repository/Service/ServiceOrder/ServiceOrderSegment/ServiceOrderSegment.Others' is clicked on

2017-11-25 00:11:55 - [TEST_STEP][PASSED] - delay: Delayed 10 second(s)

2017-11-25 00:12:05 - [MESSAGE][PASSED] - Delayed 10 second(s)

2017-11-25 00:12:05 - [TEST_STEP][PASSED] - click: Object: 'Object Repository/Service/ServiceOrder/ServiceOrderSegment/ServiceOrderSegment.OthersNew' is clicked on

2017-11-25 00:12:06 - [MESSAGE][PASSED] - Object: 'Object Repository/Service/ServiceOrder/ServiceOrderSegment/ServiceOrderSegment.OthersNew' is clicked on

2017-11-25 00:12:06 - [TEST_STEP][PASSED] - delay: Delayed 5 second(s)

2017-11-25 00:12:11 - [MESSAGE][PASSED] - Delayed 5 second(s)

2017-11-25 00:12:11 - [TEST_STEP][PASSED] - click: Object: 'Object Repository/Service/ServiceOrder/ServiceOrderSegment/ServiceOrderSegment.OthersCostComp' is clicked on

2017-11-25 00:12:11 - [MESSAGE][PASSED] - Object: 'Object Repository/Service/ServiceOrder/ServiceOrderSegment/ServiceOrderSegment.OthersCostComp' is clicked on

2017-11-25 00:12:11 - [TEST_STEP][PASSED] - delay: Delayed 2 second(s)

2017-11-25 00:12:13 - [MESSAGE][PASSED] - Delayed 2 second(s)

2017-11-25 00:12:13 - [TEST_STEP][PASSED] - setText: Text 'APP' is set on object 'Object Repository/Service/ServiceOrder/ServiceOrderSegment/ServiceOrderSegment.OthersCostComp'

2017-11-25 00:12:13 - [MESSAGE][PASSED] - Text 'APP' is set on object 'Object Repository/Service/ServiceOrder/ServiceOrderSegment/ServiceOrderSegment.OthersCostComp'

2017-11-25 00:12:13 - [TEST_STEP][PASSED] - delay: Delayed 5 second(s)

2017-11-25 00:12:18 - [MESSAGE][PASSED] - Delayed 5 second(s)

2017-11-25 00:12:18 - [TEST_STEP][PASSED] - scrollToElement: Scroll to object 'Object Repository/Service/ServiceOrder/ServiceOrderSegment/ServiceOrderSegment.Actual Qty' successfully

2017-11-25 00:12:18 - [MESSAGE][PASSED] - Scroll to object 'Object Repository/Service/ServiceOrder/ServiceOrderSegment/ServiceOrderSegment.Actual Qty' successfully

2017-11-25 00:12:18 - [TEST_STEP][PASSED] - click: Object: 'Object Repository/Service/ServiceOrder/ServiceOrderSegment/ServiceOrderSegment.Actual Qty' is clicked on

2017-11-25 00:12:18 - [MESSAGE][PASSED] - Object: 'Object Repository/Service/ServiceOrder/ServiceOrderSegment/ServiceOrderSegment.Actual Qty' is clicked on

2017-11-25 00:12:18 - [TEST_STEP][PASSED] - delay: Delayed 2 second(s)

2017-11-25 00:12:20 - [MESSAGE][PASSED] - Delayed 2 second(s)

2017-11-25 00:12:20 - [TEST_STEP][PASSED] - sendKeys: Keys '2' sent to object: 'Object Repository/Service/ServiceOrder/ServiceOrderSegment/ServiceOrderSegment.Actual Qty'

2017-11-25 00:12:20 - [MESSAGE][PASSED] - Keys '2' sent to object: 'Object Repository/Service/ServiceOrder/ServiceOrderSegment/ServiceOrderSegment.Actual Qty'

2017-11-25 00:12:20 - [TEST_STEP][PASSED] - delay: Delayed 5 second(s)

2017-11-25 00:12:25 - [MESSAGE][PASSED] - Delayed 5 second(s)

2017-11-25 00:12:25 - [TEST_STEP][NOT_RUN] - click: NOT_RUN: click

2017-11-25 00:12:25 - [MESSAGE][NOT_RUN] - NOT_RUN: click

2017-11-25 00:12:25 - [TEST_STEP][PASSED] - click: Object: 'Object Repository/Service/ServiceOrder/ServiceOrderSegment/ServiceOrderSegmentOthers.SaveClose' is clicked on

2017-11-25 00:12:26 - [MESSAGE][PASSED] - Object: 'Object Repository/Service/ServiceOrder/ServiceOrderSegment/ServiceOrderSegmentOthers.SaveClose' is clicked on

2017-11-25 00:12:26 - [TEST_STEP][PASSED] - delay: Delayed 5 second(s)

2017-11-25 00:12:31 - [MESSAGE][PASSED] - Delayed 5 second(s)

2017-11-25 00:12:31 - [TEST_STEP][PASSED] - click: Object: 'Object Repository/Service/ServiceOrder/ServiceOrderSegment/ServiceOrderSegment.SaveClose' is clicked on

2017-11-25 00:12:31 - [MESSAGE][PASSED] - Object: 'Object Repository/Service/ServiceOrder/ServiceOrderSegment/ServiceOrderSegment.SaveClose' is clicked on

2017-11-25 00:12:31 - [MESSAGE][PASSED] - Call Test Case 'Test Cases/Service/BaseTestCases/Base_Service_Add Others' successfully

2017-11-25 00:12:31 - [TEST_STEP][FAILED] - callTestCase: Unable to call Test Case with id 'Test Cases/Service/BaseTestCases/Base_Service_HeaderInvoice_SplitTender' (Root cause: Call Test Case 'Test Cases/Service/BaseTestCases/Base_Service_HeaderInvoice_SplitTender' failed)

2017-11-25 00:12:31 - [TEST_CASE][FAILED] - Test Cases/Service/BaseTestCases/Base_Service_HeaderInvoice_SplitTender: Test Cases/Service/BaseTestCases/Base_Service_HeaderInvoice_SplitTender FAILED because (of) Unable to set text '09' of object 'Object Repository/Service/ServiceOrder/CreditCardSplitTender/SplitTender.ExpiryMonthLine2' (Root cause: org.openqa.selenium.InvalidElementStateException: Element must be user-editable in order to clear it.
Command duration or timeout: 27 milliseconds
Build info: version: '2.53.0', revision: '35ae25b', time: '2016-03-15 17:00:58'
System info: host: 'ANIL110', ip: '192.168.25.228', os.name: 'Windows 7', os.arch: 'amd64', os.version: '6.1', java.version: '1.8.0_102'
Driver info: com.kms.katalon.core.webui.driver.firefox.CFirefoxDriver47
Capabilities [{applicationCacheEnabled=true, rotatable=false, handlesAlerts=true, databaseEnabled=true, version=56.0, platform=WINDOWS, nativeEvents=false, acceptSslCerts=true, webStorageEnabled=true, locationContextEnabled=true, browserName=firefox, takesScreenshot=true, javascriptEnabled=true, cssSelectorsEnabled=true}]
Session ID: bcb468ec-caf8-4f6e-85e9-75fdbbd89dc2)

2017-11-25 00:12:31 - [TEST_STEP][PASSED] - delay: Delayed 5 second(s)

2017-11-25 00:12:36 - [MESSAGE][PASSED] - Delayed 5 second(s)

2017-11-25 00:12:36 - [TEST_STEP][PASSED] - click: Object: 'Object Repository/Service/ServiceOrder/ServiceOrderHeader/ServiceOrderHeader.Actions' is clicked on

2017-11-25 00:12:36 - [MESSAGE][PASSED] - Object: 'Object Repository/Service/ServiceOrder/ServiceOrderHeader/ServiceOrderHeader.Actions' is clicked on

2017-11-25 00:12:36 - [TEST_STEP][PASSED] - delay: Delayed 3 second(s)

2017-11-25 00:12:39 - [MESSAGE][PASSED] - Delayed 3 second(s)

2017-11-25 00:12:39 - [TEST_STEP][PASSED] - click: Object: 'Object Repository/Service/ServiceOrder/ServiceOrderHeader/ServiceOrderHeader.Costing' is clicked on

2017-11-25 00:12:39 - [MESSAGE][PASSED] - Object: 'Object Repository/Service/ServiceOrder/ServiceOrderHeader/ServiceOrderHeader.Costing' is clicked on

2017-11-25 00:12:39 - [TEST_STEP][PASSED] - delay: Delayed 5 second(s)

2017-11-25 00:12:44 - [MESSAGE][PASSED] - Delayed 5 second(s)

2017-11-25 00:12:44 - [TEST_STEP][PASSED] - click: Object: 'Object Repository/Service/ServiceOrder/ServiceOrderHeader/ServiceOrderHeader.RepriceWarning' is clicked on

2017-11-25 00:12:45 - [MESSAGE][PASSED] - Object: 'Object Repository/Service/ServiceOrder/ServiceOrderHeader/ServiceOrderHeader.RepriceWarning' is clicked on

2017-11-25 00:12:45 - [TEST_STEP][PASSED] - delay: Delayed 3 second(s)

2017-11-25 00:12:48 - [MESSAGE][PASSED] - Delayed 3 second(s)

2017-11-25 00:12:48 - [TEST_STEP][PASSED] - click: Object: 'Object Repository/Service/ServiceOrder/ServiceOrderHeader/ServiceOrderHeader.CostingProcessCont' is clicked on

2017-11-25 00:12:48 - [MESSAGE][PASSED] - Object: 'Object Repository/Service/ServiceOrder/ServiceOrderHeader/ServiceOrderHeader.CostingProcessCont' is clicked on

2017-11-25 00:12:48 - [TEST_STEP][PASSED] - delay: Delayed 3 second(s)

2017-11-25 00:12:51 - [MESSAGE][PASSED] - Delayed 3 second(s)

2017-11-25 00:12:51 - [TEST_STEP][PASSED] - click: Object: 'Object Repository/Service/ServiceOrder/ServiceOrderHeader/ServiceOrderHeader.InvoiceCont' is clicked on

2017-11-25 00:12:51 - [MESSAGE][PASSED] - Object: 'Object Repository/Service/ServiceOrder/ServiceOrderHeader/ServiceOrderHeader.InvoiceCont' is clicked on

2017-11-25 00:12:51 - [TEST_STEP][PASSED] - delay: Delayed 5 second(s)

2017-11-25 00:12:56 - [MESSAGE][PASSED] - Delayed 5 second(s)

2017-11-25 00:12:56 - [TEST_STEP][NOT_RUN] - waitForElementPresent: NOT_RUN: waitForElementPresent

2017-11-25 00:12:56 - [MESSAGE][NOT_RUN] - NOT_RUN: waitForElementPresent

2017-11-25 00:12:56 - [TEST_STEP][NOT_RUN] - doubleClick: NOT_RUN: doubleClick

2017-11-25 00:12:56 - [MESSAGE][NOT_RUN] - NOT_RUN: doubleClick

2017-11-25 00:12:56 - [TEST_STEP][NOT_RUN] - delay: NOT_RUN: delay

2017-11-25 00:12:56 - [MESSAGE][NOT_RUN] - NOT_RUN: delay

2017-11-25 00:12:56 - [TEST_STEP][NOT_RUN] - click: NOT_RUN: click

2017-11-25 00:12:56 - [MESSAGE][NOT_RUN] - NOT_RUN: click

2017-11-25 00:12:56 - [TEST_STEP][PASSED] - delay: Delayed 2 second(s)

2017-11-25 00:12:58 - [MESSAGE][PASSED] - Delayed 2 second(s)

2017-11-25 00:12:58 - [TEST_STEP][PASSED] - setText: Text 'GLOBAL' is set on object 'Object Repository/Service/ServiceOrder/ServiceCreditCard/ServiceCreditCard.PaymentGateway'

2017-11-25 00:12:58 - [MESSAGE][PASSED] - Text 'GLOBAL' is set on object 'Object Repository/Service/ServiceOrder/ServiceCreditCard/ServiceCreditCard.PaymentGateway'

2017-11-25 00:12:58 - [TEST_STEP][NOT_RUN] - sendKeys: NOT_RUN: sendKeys

2017-11-25 00:12:58 - [MESSAGE][NOT_RUN] - NOT_RUN: sendKeys

2017-11-25 00:12:58 - [TEST_STEP][PASSED] - doubleClick: Object: 'Object Repository/Service/ServiceOrder/ServiceCreditCard/ServiceCreditCard.CardType' is double clicked on

2017-11-25 00:12:59 - [MESSAGE][PASSED] - Object: 'Object Repository/Service/ServiceOrder/ServiceCreditCard/ServiceCreditCard.CardType' is double clicked on

2017-11-25 00:12:59 - [TEST_STEP][PASSED] - sendKeys: Keys 'DEBIT MASTERCARD' sent to object: 'Object Repository/Service/ServiceOrder/ServiceCreditCard/ServiceCreditCard.CardType'

2017-11-25 00:12:59 - [MESSAGE][PASSED] - Keys 'DEBIT MASTERCARD' sent to object: 'Object Repository/Service/ServiceOrder/ServiceCreditCard/ServiceCreditCard.CardType'

2017-11-25 00:12:59 - [TEST_STEP][PASSED] - delay: Delayed 2 second(s)

2017-11-25 00:13:01 - [MESSAGE][PASSED] - Delayed 2 second(s)

2017-11-25 00:13:01 - [TEST_STEP][PASSED] - doubleClick: Object: 'Object Repository/Service/ServiceOrder/ServiceCreditCard/ServiceCreditCard.Enter CC No' is double clicked on

2017-11-25 00:13:01 - [MESSAGE][PASSED] - Object: 'Object Repository/Service/ServiceOrder/ServiceCreditCard/ServiceCreditCard.Enter CC No' is double clicked on

2017-11-25 00:13:01 - [TEST_STEP][PASSED] - sendKeys: Keys '5100270000000007' sent to object: 'Object Repository/Service/ServiceOrder/ServiceCreditCard/ServiceCreditCard.Enter CC No'

2017-11-25 00:13:01 - [MESSAGE][PASSED] - Keys '5100270000000007' sent to object: 'Object Repository/Service/ServiceOrder/ServiceCreditCard/ServiceCreditCard.Enter CC No'

2017-11-25 00:13:01 - [TEST_STEP][PASSED] - delay: Delayed 2 second(s)

2017-11-25 00:13:03 - [MESSAGE][PASSED] - Delayed 2 second(s)

2017-11-25 00:13:03 - [TEST_STEP][PASSED] - click: Object: 'Object Repository/Service/ServiceOrder/ServiceCreditCard/ServiceCreditCard.CVV2' is clicked on

2017-11-25 00:13:03 - [MESSAGE][PASSED] - Object: 'Object Repository/Service/ServiceOrder/ServiceCreditCard/ServiceCreditCard.CVV2' is clicked on

2017-11-25 00:13:03 - [TEST_STEP][PASSED] - sendKeys: Keys '865' sent to object: 'Object Repository/Service/ServiceOrder/ServiceCreditCard/ServiceCreditCard.CVV2'

2017-11-25 00:13:03 - [MESSAGE][PASSED] - Keys '865' sent to object: 'Object Repository/Service/ServiceOrder/ServiceCreditCard/ServiceCreditCard.CVV2'

2017-11-25 00:13:03 - [TEST_STEP][NOT_RUN] - sendKeys: NOT_RUN: sendKeys

2017-11-25 00:13:03 - [MESSAGE][NOT_RUN] - NOT_RUN: sendKeys

2017-11-25 00:13:03 - [TEST_STEP][NOT_RUN] - delay: NOT_RUN: delay

2017-11-25 00:13:03 - [MESSAGE][NOT_RUN] - NOT_RUN: delay

2017-11-25 00:13:03 - [TEST_STEP][PASSED] - delay: Delayed 3 second(s)

2017-11-25 00:13:06 - [MESSAGE][PASSED] - Delayed 3 second(s)

2017-11-25 00:13:06 - [TEST_STEP][PASSED] - setText: Text '09' is set on object 'Object Repository/Service/ServiceOrder/ServiceCreditCard/ServiceCreditCard.ExpiryMonth'

2017-11-25 00:13:07 - [MESSAGE][PASSED] - Text '09' is set on object 'Object Repository/Service/ServiceOrder/ServiceCreditCard/ServiceCreditCard.ExpiryMonth'

2017-11-25 00:13:07 - [TEST_STEP][PASSED] - setText: Text '99' is set on object 'Object Repository/Service/ServiceOrder/ServiceCreditCard/ServiceCreditCard.ExpiryYear'

2017-11-25 00:13:07 - [MESSAGE][PASSED] - Text '99' is set on object 'Object Repository/Service/ServiceOrder/ServiceCreditCard/ServiceCreditCard.ExpiryYear'

2017-11-25 00:13:07 - [TEST_STEP][PASSED] - delay: Delayed 2 second(s)

2017-11-25 00:13:09 - [MESSAGE][PASSED] - Delayed 2 second(s)

2017-11-25 00:13:09 - [TEST_STEP][PASSED] - click: Object: 'Object Repository/Service/ServiceOrder/CreditCardSplitTender/SplitTenderDetails' is clicked on

2017-11-25 00:13:09 - [MESSAGE][PASSED] - Object: 'Object Repository/Service/ServiceOrder/CreditCardSplitTender/SplitTenderDetails' is clicked on

2017-11-25 00:13:09 - [TEST_STEP][PASSED] - click: Object: 'Object Repository/Service/ServiceOrder/CreditCardSplitTender/SplitTenderDetails.Yes' is clicked on

2017-11-25 00:13:09 - [MESSAGE][PASSED] - Object: 'Object Repository/Service/ServiceOrder/CreditCardSplitTender/SplitTenderDetails.Yes' is clicked on

2017-11-25 00:13:09 - [TEST_STEP][PASSED] - delay: Delayed 3 second(s)

2017-11-25 00:13:12 - [MESSAGE][PASSED] - Delayed 3 second(s)

2017-11-25 00:13:12 - [TEST_STEP][PASSED] - click: Object: 'Object Repository/Service/ServiceOrder/CreditCardSplitTender/SplitTender.LineSession' is clicked on

2017-11-25 00:13:12 - [MESSAGE][PASSED] - Object: 'Object Repository/Service/ServiceOrder/CreditCardSplitTender/SplitTender.LineSession' is clicked on

2017-11-25 00:13:12 - [TEST_STEP][PASSED] - delay: Delayed 2 second(s)

2017-11-25 00:13:14 - [MESSAGE][PASSED] - Delayed 2 second(s)

2017-11-25 00:13:14 - [TEST_STEP][PASSED] - Statement - G_OrderAmt = com.kms.katalon.core.webui.keyword.WebUiBuiltInKeywords.getText(com.kms.katalon.core.testobject.ObjectRepository.findTestObject(Service/ServiceOrder/CreditCardSplitTender/SplitTender.OrderAmtHeader)): Text of object 'Object Repository/Service/ServiceOrder/CreditCardSplitTender/SplitTender.OrderAmtHeader' is: '14.00'

2017-11-25 00:13:14 - [MESSAGE][PASSED] - Text of object 'Object Repository/Service/ServiceOrder/CreditCardSplitTender/SplitTender.OrderAmtHeader' is: '14.00'

2017-11-25 00:13:14 - [TEST_STEP][PASSED] - Statement - G_SplitOrderAmt2 = G_OrderAmt - 2: null

2017-11-25 00:13:14 - [TEST_STEP][PASSED] - comment: ***********************Line1 started***********************

2017-11-25 00:13:14 - [TEST_STEP][PASSED] - click: Object: 'Object Repository/Service/ServiceOrder/CreditCardSplitTender/SplitTender.NewButton' is clicked on

2017-11-25 00:13:15 - [MESSAGE][PASSED] - Object: 'Object Repository/Service/ServiceOrder/CreditCardSplitTender/SplitTender.NewButton' is clicked on

2017-11-25 00:13:15 - [TEST_STEP][PASSED] - delay: Delayed 2 second(s)

2017-11-25 00:13:17 - [MESSAGE][PASSED] - Delayed 2 second(s)

2017-11-25 00:13:17 - [TEST_STEP][PASSED] - doubleClick: Object: 'Object Repository/Service/ServiceOrder/CreditCardSplitTender/SplitTender.ModeofPayment' is double clicked on

2017-11-25 00:13:17 - [MESSAGE][PASSED] - Object: 'Object Repository/Service/ServiceOrder/CreditCardSplitTender/SplitTender.ModeofPayment' is double clicked on

2017-11-25 00:13:17 - [TEST_STEP][PASSED] - click: Object: 'Object Repository/Service/ServiceOrder/CreditCardSplitTender/SplitTender.ModeOfPaymentCreditCard1' is clicked on

2017-11-25 00:13:17 - [MESSAGE][PASSED] - Object: 'Object Repository/Service/ServiceOrder/CreditCardSplitTender/SplitTender.ModeOfPaymentCreditCard1' is clicked on

2017-11-25 00:13:17 - [TEST_STEP][PASSED] - click: Object: 'Object Repository/Service/ServiceOrder/CreditCardSplitTender/SplitTender.LineCCNo' is clicked on

2017-11-25 00:13:17 - [MESSAGE][PASSED] - Object: 'Object Repository/Service/ServiceOrder/CreditCardSplitTender/SplitTender.LineCCNo' is clicked on

2017-11-25 00:13:17 - [TEST_STEP][PASSED] - delay: Delayed 2 second(s)

2017-11-25 00:13:19 - [MESSAGE][PASSED] - Delayed 2 second(s)

2017-11-25 00:13:19 - [TEST_STEP][PASSED] - setText: Text '4012000033330026' is set on object 'Object Repository/Service/ServiceOrder/CreditCardSplitTender/SplitTender.LineCCNo'

2017-11-25 00:13:20 - [MESSAGE][PASSED] - Text '4012000033330026' is set on object 'Object Repository/Service/ServiceOrder/CreditCardSplitTender/SplitTender.LineCCNo'

2017-11-25 00:13:20 - [TEST_STEP][PASSED] - delay: Delayed 5 second(s)

2017-11-25 00:13:25 - [MESSAGE][PASSED] - Delayed 5 second(s)

2017-11-25 00:13:25 - [TEST_STEP][NOT_RUN] - click: NOT_RUN: click

2017-11-25 00:13:25 - [MESSAGE][NOT_RUN] - NOT_RUN: click

2017-11-25 00:13:25 - [TEST_STEP][NOT_RUN] - setText: NOT_RUN: setText

2017-11-25 00:13:25 - [MESSAGE][NOT_RUN] - NOT_RUN: setText

2017-11-25 00:13:25 - [TEST_STEP][PASSED] - scrollToElement: Scroll to object 'Object Repository/Service/ServiceOrder/CreditCardSplitTender/SplitTender.LineOrderAmount1' successfully

2017-11-25 00:13:25 - [MESSAGE][PASSED] - Scroll to object 'Object Repository/Service/ServiceOrder/CreditCardSplitTender/SplitTender.LineOrderAmount1' successfully

2017-11-25 00:13:25 - [TEST_STEP][PASSED] - delay: Delayed 5 second(s)

2017-11-25 00:13:30 - [MESSAGE][PASSED] - Delayed 5 second(s)

2017-11-25 00:13:30 - [TEST_STEP][PASSED] - click: Object: 'Object Repository/Service/ServiceOrder/CreditCardSplitTender/SplitTender.LineOrderAmount1' is clicked on

2017-11-25 00:13:30 - [MESSAGE][PASSED] - Object: 'Object Repository/Service/ServiceOrder/CreditCardSplitTender/SplitTender.LineOrderAmount1' is clicked on

2017-11-25 00:13:30 - [TEST_STEP][PASSED] - delay: Delayed 3 second(s)

2017-11-25 00:13:33 - [MESSAGE][PASSED] - Delayed 3 second(s)

2017-11-25 00:13:33 - [TEST_STEP][PASSED] - setText: Text '1.00' is set on object 'Object Repository/Service/ServiceOrder/CreditCardSplitTender/SplitTender.LineOrderAmount1'

2017-11-25 00:13:33 - [MESSAGE][PASSED] - Text '1.00' is set on object 'Object Repository/Service/ServiceOrder/CreditCardSplitTender/SplitTender.LineOrderAmount1'

2017-11-25 00:13:33 - [TEST_STEP][PASSED] - delay: Delayed 2 second(s)

2017-11-25 00:13:35 - [MESSAGE][PASSED] - Delayed 2 second(s)

2017-11-25 00:13:35 - [TEST_STEP][PASSED] - comment: ***********************Line2 started***********************

2017-11-25 00:13:35 - [TEST_STEP][PASSED] - click: Object: 'Object Repository/Service/ServiceOrder/CreditCardSplitTender/SplitTender.NewButton' is clicked on

2017-11-25 00:13:35 - [MESSAGE][PASSED] - Object: 'Object Repository/Service/ServiceOrder/CreditCardSplitTender/SplitTender.NewButton' is clicked on

2017-11-25 00:13:35 - [TEST_STEP][PASSED] - delay: Delayed 2 second(s)

2017-11-25 00:13:37 - [MESSAGE][PASSED] - Delayed 2 second(s)

2017-11-25 00:13:37 - [TEST_STEP][PASSED] - doubleClick: Object: 'Object Repository/Service/ServiceOrder/CreditCardSplitTender/SplitTender.ModeofPayment1' is double clicked on

2017-11-25 00:13:38 - [MESSAGE][PASSED] - Object: 'Object Repository/Service/ServiceOrder/CreditCardSplitTender/SplitTender.ModeofPayment1' is double clicked on

2017-11-25 00:13:38 - [TEST_STEP][PASSED] - click: Object: 'Object Repository/Service/ServiceOrder/CreditCardSplitTender/SplitTender.ModeOfPaymentCreditCard2' is clicked on

2017-11-25 00:13:38 - [MESSAGE][PASSED] - Object: 'Object Repository/Service/ServiceOrder/CreditCardSplitTender/SplitTender.ModeOfPaymentCreditCard2' is clicked on

2017-11-25 00:13:38 - [TEST_STEP][PASSED] - delay: Delayed 3 second(s)

2017-11-25 00:13:41 - [MESSAGE][PASSED] - Delayed 3 second(s)

2017-11-25 00:13:41 - [TEST_STEP][PASSED] - click: Object: 'Object Repository/Service/ServiceOrder/CreditCardSplitTender/SplitTender.Line2CCNo' is clicked on

2017-11-25 00:13:41 - [MESSAGE][PASSED] - Object: 'Object Repository/Service/ServiceOrder/CreditCardSplitTender/SplitTender.Line2CCNo' is clicked on

2017-11-25 00:13:41 - [TEST_STEP][PASSED] - delay: Delayed 2 second(s)

2017-11-25 00:13:43 - [MESSAGE][PASSED] - Delayed 2 second(s)

2017-11-25 00:13:43 - [TEST_STEP][PASSED] - setText: Text '4111123400062020' is set on object 'Object Repository/Service/ServiceOrder/CreditCardSplitTender/SplitTender.Line2CCNo'

2017-11-25 00:13:43 - [MESSAGE][PASSED] - Text '4111123400062020' is set on object 'Object Repository/Service/ServiceOrder/CreditCardSplitTender/SplitTender.Line2CCNo'

2017-11-25 00:13:43 - [TEST_STEP][PASSED] - delay: Delayed 2 second(s)

2017-11-25 00:13:45 - [MESSAGE][PASSED] - Delayed 2 second(s)

2017-11-25 00:13:45 - [TEST_STEP][PASSED] - click: Object: 'Object Repository/Service/ServiceOrder/CreditCardSplitTender/SplitTender.Line2CVV' is clicked on

2017-11-25 00:13:46 - [MESSAGE][PASSED] - Object: 'Object Repository/Service/ServiceOrder/CreditCardSplitTender/SplitTender.Line2CVV' is clicked on

2017-11-25 00:13:46 - [TEST_STEP][PASSED] - delay: Delayed 3 second(s)

2017-11-25 00:13:49 - [MESSAGE][PASSED] - Delayed 3 second(s)

2017-11-25 00:13:49 - [TEST_STEP][PASSED] - setText: Text '865' is set on object 'Object Repository/Service/ServiceOrder/CreditCardSplitTender/SplitTender.Line2CVV'

2017-11-25 00:13:49 - [MESSAGE][PASSED] - Text '865' is set on object 'Object Repository/Service/ServiceOrder/CreditCardSplitTender/SplitTender.Line2CVV'

2017-11-25 00:13:49 - [TEST_STEP][PASSED] - delay: Delayed 3 second(s)

2017-11-25 00:13:52 - [MESSAGE][PASSED] - Delayed 3 second(s)

2017-11-25 00:13:52 - [TEST_STEP][PASSED] - click: Object: 'Object Repository/Service/ServiceOrder/CreditCardSplitTender/SplitTender.CardTypeLine2' is clicked on

2017-11-25 00:13:52 - [MESSAGE][PASSED] - Object: 'Object Repository/Service/ServiceOrder/CreditCardSplitTender/SplitTender.CardTypeLine2' is clicked on

2017-11-25 00:13:52 - [TEST_STEP][PASSED] - delay: Delayed 5 second(s)

2017-11-25 00:13:57 - [MESSAGE][PASSED] - Delayed 5 second(s)

2017-11-25 00:13:57 - [TEST_STEP][PASSED] - sendKeys: Keys 'Visa Card' sent to object: 'Object Repository/Service/ServiceOrder/CreditCardSplitTender/SplitTender.CardTypeLine2'

2017-11-25 00:13:57 - [MESSAGE][PASSED] - Keys 'Visa Card' sent to object: 'Object Repository/Service/ServiceOrder/CreditCardSplitTender/SplitTender.CardTypeLine2'

2017-11-25 00:13:57 - [TEST_STEP][PASSED] - delay: Delayed 5 second(s)

2017-11-25 00:14:02 - [MESSAGE][PASSED] - Delayed 5 second(s)

2017-11-25 00:14:02 - [TEST_STEP][PASSED] - click: Object: 'Object Repository/Service/ServiceOrder/CreditCardSplitTender/SplitTender.ExpiryMonthLine2' is clicked on

2017-11-25 00:14:02 - [MESSAGE][PASSED] - Object: 'Object Repository/Service/ServiceOrder/CreditCardSplitTender/SplitTender.ExpiryMonthLine2' is clicked on

2017-11-25 00:14:02 - [TEST_STEP][PASSED] - delay: Delayed 3 second(s)

2017-11-25 00:14:05 - [MESSAGE][PASSED] - Delayed 3 second(s)

2017-11-25 00:14:05 - [TEST_STEP][FAILED] - setText: Unable to set text '09' of object 'Object Repository/Service/ServiceOrder/CreditCardSplitTender/SplitTender.ExpiryMonthLine2' (Root cause: org.openqa.selenium.InvalidElementStateException: Element must be user-editable in order to clear it.
Command duration or timeout: 27 milliseconds
Build info: version: '2.53.0', revision: '35ae25b', time: '2016-03-15 17:00:58'
System info: host: 'ANIL110', ip: '192.168.25.228', os.name: 'Windows 7', os.arch: 'amd64', os.version: '6.1', java.version: '1.8.0_102'
Driver info: com.kms.katalon.core.webui.driver.firefox.CFirefoxDriver47
Capabilities [{applicationCacheEnabled=true, rotatable=false, handlesAlerts=true, databaseEnabled=true, version=56.0, platform=WINDOWS, nativeEvents=false, acceptSslCerts=true, webStorageEnabled=true, locationContextEnabled=true, browserName=firefox, takesScreenshot=true, javascriptEnabled=true, cssSelectorsEnabled=true}]
Session ID: bcb468ec-caf8-4f6e-85e9-75fdbbd89dc2)

2017-11-25 00:14:06 - [MESSAGE][FAILED] - Unable to set text '09' of object 'Object Repository/Service/ServiceOrder/CreditCardSplitTender/SplitTender.ExpiryMonthLine2' (Root cause: org.openqa.selenium.InvalidElementStateException: Element must be user-editable in order to clear it.
Command duration or timeout: 27 milliseconds
Build info: version: '2.53.0', revision: '35ae25b', time: '2016-03-15 17:00:58'
System info: host: 'ANIL110', ip: '192.168.25.228', os.name: 'Windows 7', os.arch: 'amd64', os.version: '6.1', java.version: '1.8.0_102'
Driver info: com.kms.katalon.core.webui.driver.firefox.CFirefoxDriver47
Capabilities [{applicationCacheEnabled=true, rotatable=false, handlesAlerts=true, databaseEnabled=true, version=56.0, platform=WINDOWS, nativeEvents=false, acceptSslCerts=true, webStorageEnabled=true, locationContextEnabled=true, browserName=firefox, takesScreenshot=true, javascriptEnabled=true, cssSelectorsEnabled=true}]
Session ID: bcb468ec-caf8-4f6e-85e9-75fdbbd89dc2)
[[ATTACHMENT|C:\\Users\\agawhande\\git\\CreditCard\\Reports\\CC_ServiceSplitTendetTestSuite\\20171125_000019\\1511549045948.png]]

2017-11-25 00:14:06 - [TEST_STEP][PASSED] - delay: Delayed 2 second(s)

2017-11-25 00:14:08 - [MESSAGE][PASSED] - Delayed 2 second(s)

2017-11-25 00:14:08 - [TEST_STEP][FAILED] - click: Unable to click on object 'Object Repository/Service/ServiceOrder/CreditCardSplitTender/SplitTender.ExpiryYearLine2' (Root cause: org.openqa.selenium.WebDriverException: Element <label class="Label TextOutputField" id="xiext815m000-4-grid-1-xiext805.exyr.rq-20-1-widget">0</label> is not clickable at point (939.5, 426.5333251953125). Other element would receive the click: <div class="WindowManagerGlass" style="z-index: 1;"></div>
Command duration or timeout: 81 milliseconds
Build info: version: '2.53.0', revision: '35ae25b', time: '2016-03-15 17:00:58'
System info: host: 'ANIL110', ip: '192.168.25.228', os.name: 'Windows 7', os.arch: 'amd64', os.version: '6.1', java.version: '1.8.0_102'
Driver info: com.kms.katalon.core.webui.driver.firefox.CFirefoxDriver47
Capabilities [{applicationCacheEnabled=true, rotatable=false, handlesAlerts=true, databaseEnabled=true, version=56.0, platform=WINDOWS, nativeEvents=false, acceptSslCerts=true, webStorageEnabled=true, locationContextEnabled=true, browserName=firefox, takesScreenshot=true, javascriptEnabled=true, cssSelectorsEnabled=true}]
Session ID: bcb468ec-caf8-4f6e-85e9-75fdbbd89dc2)

2017-11-25 00:14:08 - [MESSAGE][FAILED] - Unable to click on object 'Object Repository/Service/ServiceOrder/CreditCardSplitTender/SplitTender.ExpiryYearLine2' (Root cause: org.openqa.selenium.WebDriverException: Element <label class="Label TextOutputField" id="xiext815m000-4-grid-1-xiext805.exyr.rq-20-1-widget">0</label> is not clickable at point (939.5, 426.5333251953125). Other element would receive the click: <div class="WindowManagerGlass" style="z-index: 1;"></div>
Command duration or timeout: 81 milliseconds
Build info: version: '2.53.0', revision: '35ae25b', time: '2016-03-15 17:00:58'
System info: host: 'ANIL110', ip: '192.168.25.228', os.name: 'Windows 7', os.arch: 'amd64', os.version: '6.1', java.version: '1.8.0_102'
Driver info: com.kms.katalon.core.webui.driver.firefox.CFirefoxDriver47
Capabilities [{applicationCacheEnabled=true, rotatable=false, handlesAlerts=true, databaseEnabled=true, version=56.0, platform=WINDOWS, nativeEvents=false, acceptSslCerts=true, webStorageEnabled=true, locationContextEnabled=true, browserName=firefox, takesScreenshot=true, javascriptEnabled=true, cssSelectorsEnabled=true}]
Session ID: bcb468ec-caf8-4f6e-85e9-75fdbbd89dc2)
[[ATTACHMENT|C:\\Users\\agawhande\\git\\CreditCard\\Reports\\CC_ServiceSplitTendetTestSuite\\20171125_000019\\1511549048234.png]]

2017-11-25 00:14:08 - [TEST_STEP][PASSED] - delay: Delayed 2 second(s)

2017-11-25 00:14:10 - [MESSAGE][PASSED] - Delayed 2 second(s)

2017-11-25 00:14:10 - [TEST_STEP][FAILED] - setText: Unable to set text '99' of object 'Object Repository/Service/ServiceOrder/CreditCardSplitTender/SplitTender.ExpiryYearLine2' (Root cause: org.openqa.selenium.InvalidElementStateException: Element must be user-editable in order to clear it.
Command duration or timeout: 26 milliseconds
Build info: version: '2.53.0', revision: '35ae25b', time: '2016-03-15 17:00:58'
System info: host: 'ANIL110', ip: '192.168.25.228', os.name: 'Windows 7', os.arch: 'amd64', os.version: '6.1', java.version: '1.8.0_102'
Driver info: com.kms.katalon.core.webui.driver.firefox.CFirefoxDriver47
Capabilities [{applicationCacheEnabled=true, rotatable=false, handlesAlerts=true, databaseEnabled=true, version=56.0, platform=WINDOWS, nativeEvents=false, acceptSslCerts=true, webStorageEnabled=true, locationContextEnabled=true, browserName=firefox, takesScreenshot=true, javascriptEnabled=true, cssSelectorsEnabled=true}]
Session ID: bcb468ec-caf8-4f6e-85e9-75fdbbd89dc2)

2017-11-25 00:14:10 - [MESSAGE][FAILED] - Unable to set text '99' of object 'Object Repository/Service/ServiceOrder/CreditCardSplitTender/SplitTender.ExpiryYearLine2' (Root cause: org.openqa.selenium.InvalidElementStateException: Element must be user-editable in order to clear it.
Command duration or timeout: 26 milliseconds
Build info: version: '2.53.0', revision: '35ae25b', time: '2016-03-15 17:00:58'
System info: host: 'ANIL110', ip: '192.168.25.228', os.name: 'Windows 7', os.arch: 'amd64', os.version: '6.1', java.version: '1.8.0_102'
Driver info: com.kms.katalon.core.webui.driver.firefox.CFirefoxDriver47
Capabilities [{applicationCacheEnabled=true, rotatable=false, handlesAlerts=true, databaseEnabled=true, version=56.0, platform=WINDOWS, nativeEvents=false, acceptSslCerts=true, webStorageEnabled=true, locationContextEnabled=true, browserName=firefox, takesScreenshot=true, javascriptEnabled=true, cssSelectorsEnabled=true}]
Session ID: bcb468ec-caf8-4f6e-85e9-75fdbbd89dc2)
[[ATTACHMENT|C:\\Users\\agawhande\\git\\CreditCard\\Reports\\CC_ServiceSplitTendetTestSuite\\20171125_000019\\1511549050421.png]]

2017-11-25 00:14:10 - [TEST_STEP][PASSED] - delay: Delayed 3 second(s)

2017-11-25 00:14:13 - [MESSAGE][PASSED] - Delayed 3 second(s)

2017-11-25 00:14:13 - [TEST_STEP][PASSED] - scrollToElement: Scroll to object 'Object Repository/Service/ServiceOrder/CreditCardSplitTender/SplitTender.LineOrderAmount2' successfully

2017-11-25 00:14:13 - [MESSAGE][PASSED] - Scroll to object 'Object Repository/Service/ServiceOrder/CreditCardSplitTender/SplitTender.LineOrderAmount2' successfully

2017-11-25 00:14:13 - [TEST_STEP][PASSED] - delay: Delayed 2 second(s)

2017-11-25 00:14:15 - [MESSAGE][PASSED] - Delayed 2 second(s)

2017-11-25 00:14:15 - [TEST_STEP][FAILED] - click: Unable to click on object 'Object Repository/Service/ServiceOrder/CreditCardSplitTender/SplitTender.LineOrderAmount2' (Root cause: org.openqa.selenium.WebDriverException: Element <label class="Label TextOutputField" id="xiext8105m000-4-grid-1-xiext805.oamt.rq-28-1-widget"></label> is not clickable at point (1281.5, 426.5333251953125). Other element would receive the click: <div class="WindowManagerGlass" style="z-index: 1;"></div>
Command duration or timeout: 86 milliseconds
Build info: version: '2.53.0', revision: '35ae25b', time: '2016-03-15 17:00:58'
System info: host: 'ANIL110', ip: '192.168.25.228', os.name: 'Windows 7', os.arch: 'amd64', os.version: '6.1', java.version: '1.8.0_102'
Driver info: com.kms.katalon.core.webui.driver.firefox.CFirefoxDriver47
Capabilities [{applicationCacheEnabled=true, rotatable=false, handlesAlerts=true, databaseEnabled=true, version=56.0, platform=WINDOWS, nativeEvents=false, acceptSslCerts=true, webStorageEnabled=true, locationContextEnabled=true, browserName=firefox, takesScreenshot=true, javascriptEnabled=true, cssSelectorsEnabled=true}]
Session ID: bcb468ec-caf8-4f6e-85e9-75fdbbd89dc2)

2017-11-25 00:14:15 - [MESSAGE][FAILED] - Unable to click on object 'Object Repository/Service/ServiceOrder/CreditCardSplitTender/SplitTender.LineOrderAmount2' (Root cause: org.openqa.selenium.WebDriverException: Element <label class="Label TextOutputField" id="xiext8105m000-4-grid-1-xiext805.oamt.rq-28-1-widget"></label> is not clickable at point (1281.5, 426.5333251953125). Other element would receive the click: <div class="WindowManagerGlass" style="z-index: 1;"></div>
Command duration or timeout: 86 milliseconds
Build info: version: '2.53.0', revision: '35ae25b', time: '2016-03-15 17:00:58'
System info: host: 'ANIL110', ip: '192.168.25.228', os.name: 'Windows 7', os.arch: 'amd64', os.version: '6.1', java.version: '1.8.0_102'
Driver info: com.kms.katalon.core.webui.driver.firefox.CFirefoxDriver47
Capabilities [{applicationCacheEnabled=true, rotatable=false, handlesAlerts=true, databaseEnabled=true, version=56.0, platform=WINDOWS, nativeEvents=false, acceptSslCerts=true, webStorageEnabled=true, locationContextEnabled=true, browserName=firefox, takesScreenshot=true, javascriptEnabled=true, cssSelectorsEnabled=true}]
Session ID: bcb468ec-caf8-4f6e-85e9-75fdbbd89dc2)
[[ATTACHMENT|C:\\Users\\agawhande\\git\\CreditCard\\Reports\\CC_ServiceSplitTendetTestSuite\\20171125_000019\\1511549055772.png]]

2017-11-25 00:14:15 - [TEST_STEP][PASSED] - delay: Delayed 2 second(s)

2017-11-25 00:14:17 - [MESSAGE][PASSED] - Delayed 2 second(s)

2017-11-25 00:14:17 - [TEST_STEP][FAILED] - setText: Unable to set text '1.00' of object 'Object Repository/Service/ServiceOrder/CreditCardSplitTender/SplitTender.LineOrderAmount2' (Root cause: org.openqa.selenium.InvalidElementStateException: Element must be user-editable in order to clear it.
Command duration or timeout: 29 milliseconds
Build info: version: '2.53.0', revision: '35ae25b', time: '2016-03-15 17:00:58'
System info: host: 'ANIL110', ip: '192.168.25.228', os.name: 'Windows 7', os.arch: 'amd64', os.version: '6.1', java.version: '1.8.0_102'
Driver info: com.kms.katalon.core.webui.driver.firefox.CFirefoxDriver47
Capabilities [{applicationCacheEnabled=true, rotatable=false, handlesAlerts=true, databaseEnabled=true, version=56.0, platform=WINDOWS, nativeEvents=false, acceptSslCerts=true, webStorageEnabled=true, locationContextEnabled=true, browserName=firefox, takesScreenshot=true, javascriptEnabled=true, cssSelectorsEnabled=true}]
Session ID: bcb468ec-caf8-4f6e-85e9-75fdbbd89dc2)

2017-11-25 00:14:18 - [MESSAGE][FAILED] - Unable to set text '1.00' of object 'Object Repository/Service/ServiceOrder/CreditCardSplitTender/SplitTender.LineOrderAmount2' (Root cause: org.openqa.selenium.InvalidElementStateException: Element must be user-editable in order to clear it.
Command duration or timeout: 29 milliseconds
Build info: version: '2.53.0', revision: '35ae25b', time: '2016-03-15 17:00:58'
System info: host: 'ANIL110', ip: '192.168.25.228', os.name: 'Windows 7', os.arch: 'amd64', os.version: '6.1', java.version: '1.8.0_102'
Driver info: com.kms.katalon.core.webui.driver.firefox.CFirefoxDriver47
Capabilities [{applicationCacheEnabled=true, rotatable=false, handlesAlerts=true, databaseEnabled=true, version=56.0, platform=WINDOWS, nativeEvents=false, acceptSslCerts=true, webStorageEnabled=true, locationContextEnabled=true, browserName=firefox, takesScreenshot=true, javascriptEnabled=true, cssSelectorsEnabled=true}]
Session ID: bcb468ec-caf8-4f6e-85e9-75fdbbd89dc2)
[[ATTACHMENT|C:\\Users\\agawhande\\git\\CreditCard\\Reports\\CC_ServiceSplitTendetTestSuite\\20171125_000019\\1511549057970.png]]

2017-11-25 00:14:18 - [TEST_STEP][PASSED] - delay: Delayed 2 second(s)

2017-11-25 00:14:20 - [MESSAGE][PASSED] - Delayed 2 second(s)

2017-11-25 00:14:20 - [TEST_STEP][PASSED] - comment: ***********************Line3 started***********************

2017-11-25 00:14:20 - [TEST_STEP][FAILED] - click: Unable to click on object 'Object Repository/Service/ServiceOrder/CreditCardSplitTender/SplitTender.NewButton' (Root cause: org.openqa.selenium.WebDriverException: Element <div tabindex="0" class="Button" id="xiext8105m000-4-button-std-file.new" draggable="true"></div> is not clickable at point (158.5, 128). Other element would receive the click: <div class="WindowManagerGlass" style="z-index: 1;"></div>
Command duration or timeout: 71 milliseconds
Build info: version: '2.53.0', revision: '35ae25b', time: '2016-03-15 17:00:58'
System info: host: 'ANIL110', ip: '192.168.25.228', os.name: 'Windows 7', os.arch: 'amd64', os.version: '6.1', java.version: '1.8.0_102'
Driver info: com.kms.katalon.core.webui.driver.firefox.CFirefoxDriver47
Capabilities [{applicationCacheEnabled=true, rotatable=false, handlesAlerts=true, databaseEnabled=true, version=56.0, platform=WINDOWS, nativeEvents=false, acceptSslCerts=true, webStorageEnabled=true, locationContextEnabled=true, browserName=firefox, takesScreenshot=true, javascriptEnabled=true, cssSelectorsEnabled=true}]
Session ID: bcb468ec-caf8-4f6e-85e9-75fdbbd89dc2)

2017-11-25 00:14:20 - [MESSAGE][FAILED] - Unable to click on object 'Object Repository/Service/ServiceOrder/CreditCardSplitTender/SplitTender.NewButton' (Root cause: org.openqa.selenium.WebDriverException: Element <div tabindex="0" class="Button" id="xiext8105m000-4-button-std-file.new" draggable="true"></div> is not clickable at point (158.5, 128). Other element would receive the click: <div class="WindowManagerGlass" style="z-index: 1;"></div>
Command duration or timeout: 71 milliseconds
Build info: version: '2.53.0', revision: '35ae25b', time: '2016-03-15 17:00:58'
System info: host: 'ANIL110', ip: '192.168.25.228', os.name: 'Windows 7', os.arch: 'amd64', os.version: '6.1', java.version: '1.8.0_102'
Driver info: com.kms.katalon.core.webui.driver.firefox.CFirefoxDriver47
Capabilities [{applicationCacheEnabled=true, rotatable=false, handlesAlerts=true, databaseEnabled=true, version=56.0, platform=WINDOWS, nativeEvents=false, acceptSslCerts=true, webStorageEnabled=true, locationContextEnabled=true, browserName=firefox, takesScreenshot=true, javascriptEnabled=true, cssSelectorsEnabled=true}]
Session ID: bcb468ec-caf8-4f6e-85e9-75fdbbd89dc2)
[[ATTACHMENT|C:\\Users\\agawhande\\git\\CreditCard\\Reports\\CC_ServiceSplitTendetTestSuite\\20171125_000019\\1511549060213.png]]

2017-11-25 00:14:20 - [TEST_STEP][PASSED] - delay: Delayed 3 second(s)

2017-11-25 00:14:23 - [MESSAGE][PASSED] - Delayed 3 second(s)

2017-11-25 00:14:23 - [TEST_STEP][FAILED] - doubleClick: Unable to double click on object 'Object Repository/Service/ServiceOrder/CreditCardSplitTender/SplitTender.ModeofPayment2' (Root cause: com.kms.katalon.core.webui.exception.WebElementNotFoundException: Web element with id: 'Object Repository/Service/ServiceOrder/CreditCardSplitTender/SplitTender.ModeofPayment2' located by 'By.xpath: //*[@id = 'xiext8105m000-4-grid-1-xiext805.modp.rq-13-2-widget']' not found)

2017-11-25 00:14:55 - [MESSAGE][FAILED] - Unable to double click on object 'Object Repository/Service/ServiceOrder/CreditCardSplitTender/SplitTender.ModeofPayment2' (Root cause: com.kms.katalon.core.webui.exception.WebElementNotFoundException: Web element with id: 'Object Repository/Service/ServiceOrder/CreditCardSplitTender/SplitTender.ModeofPayment2' located by 'By.xpath: //*[@id = 'xiext8105m000-4-grid-1-xiext805.modp.rq-13-2-widget']' not found)
[[ATTACHMENT|C:\\Users\\agawhande\\git\\CreditCard\\Reports\\CC_ServiceSplitTendetTestSuite\\20171125_000019\\1511549095487.png]]

2017-11-25 00:14:55 - [TEST_STEP][PASSED] - delay: Delayed 2 second(s)

2017-11-25 00:14:57 - [MESSAGE][PASSED] - Delayed 2 second(s)

2017-11-25 00:14:57 - [TEST_STEP][FAILED] - click: Unable to click on object 'Object Repository/Service/ServiceOrder/CreditCardSplitTender/SplitTender.ModeOfPaymentCash' (Root cause: com.kms.katalon.core.webui.exception.WebElementNotFoundException: Web element with id: 'Object Repository/Service/ServiceOrder/CreditCardSplitTender/SplitTender.ModeOfPaymentCash' located by 'By.xpath: //*[@id = 'item_1-label']' not found)

2017-11-25 00:15:29 - [MESSAGE][FAILED] - Unable to click on object 'Object Repository/Service/ServiceOrder/CreditCardSplitTender/SplitTender.ModeOfPaymentCash' (Root cause: com.kms.katalon.core.webui.exception.WebElementNotFoundException: Web element with id: 'Object Repository/Service/ServiceOrder/CreditCardSplitTender/SplitTender.ModeOfPaymentCash' located by 'By.xpath: //*[@id = 'item_1-label']' not found)
[[ATTACHMENT|C:\\Users\\agawhande\\git\\CreditCard\\Reports\\CC_ServiceSplitTendetTestSuite\\20171125_000019\\1511549129731.png]]

2017-11-25 00:15:29 - [TEST_STEP][PASSED] - delay: Delayed 10 second(s)

2017-11-25 00:15:39 - [MESSAGE][PASSED] - Delayed 10 second(s)

2017-11-25 00:15:39 - [TEST_STEP][NOT_RUN] - scrollToElement: NOT_RUN: scrollToElement

2017-11-25 00:15:39 - [MESSAGE][NOT_RUN] - NOT_RUN: scrollToElement

2017-11-25 00:15:39 - [TEST_STEP][FAILED] - click: Unable to click on object 'Object Repository/Service/ServiceOrder/CreditCardSplitTender/SplitTender.LineOrderAmount3' (Root cause: com.kms.katalon.core.webui.exception.WebElementNotFoundException: Web element with id: 'Object Repository/Service/ServiceOrder/CreditCardSplitTender/SplitTender.LineOrderAmount3' located by 'By.xpath: //*[@id = 'xiext8105m000-4-grid-1-xiext805.oamt.rq-28-2-widget']' not found)

2017-11-25 00:16:12 - [MESSAGE][FAILED] - Unable to click on object 'Object Repository/Service/ServiceOrder/CreditCardSplitTender/SplitTender.LineOrderAmount3' (Root cause: com.kms.katalon.core.webui.exception.WebElementNotFoundException: Web element with id: 'Object Repository/Service/ServiceOrder/CreditCardSplitTender/SplitTender.LineOrderAmount3' located by 'By.xpath: //*[@id = 'xiext8105m000-4-grid-1-xiext805.oamt.rq-28-2-widget']' not found)
[[ATTACHMENT|C:\\Users\\agawhande\\git\\CreditCard\\Reports\\CC_ServiceSplitTendetTestSuite\\20171125_000019\\1511549171868.png]]

2017-11-25 00:16:12 - [TEST_STEP][PASSED] - delay: Delayed 2 second(s)

2017-11-25 00:16:14 - [MESSAGE][PASSED] - Delayed 2 second(s)

2017-11-25 00:16:14 - [TEST_STEP][FAILED] - setText: Unable to set text '12.0' of object 'Object Repository/Service/ServiceOrder/CreditCardSplitTender/SplitTender.LineOrderAmount3' (Root cause: com.kms.katalon.core.webui.exception.WebElementNotFoundException: Web element with id: 'Object Repository/Service/ServiceOrder/CreditCardSplitTender/SplitTender.LineOrderAmount3' located by 'By.xpath: //*[@id = 'xiext8105m000-4-grid-1-xiext805.oamt.rq-28-2-widget']' not found)

2017-11-25 00:16:46 - [MESSAGE][FAILED] - Unable to set text '12.0' of object 'Object Repository/Service/ServiceOrder/CreditCardSplitTender/SplitTender.LineOrderAmount3' (Root cause: com.kms.katalon.core.webui.exception.WebElementNotFoundException: Web element with id: 'Object Repository/Service/ServiceOrder/CreditCardSplitTender/SplitTender.LineOrderAmount3' located by 'By.xpath: //*[@id = 'xiext8105m000-4-grid-1-xiext805.oamt.rq-28-2-widget']' not found)
[[ATTACHMENT|C:\\Users\\agawhande\\git\\CreditCard\\Reports\\CC_ServiceSplitTendetTestSuite\\20171125_000019\\1511549206137.png]]

2017-11-25 00:16:46 - [TEST_STEP][PASSED] - delay: Delayed 2 second(s)

2017-11-25 00:16:48 - [MESSAGE][PASSED] - Delayed 2 second(s)

2017-11-25 00:16:48 - [TEST_STEP][FAILED] - click: Unable to click on object 'Object Repository/Service/ServiceOrder/CreditCardSplitTender/SplitTender.Save' (Root cause: org.openqa.selenium.WebDriverException: Element <div tabindex="0" class="Button" id="xiext8105m000-4-button-std-file.save" draggable="true"></div> is not clickable at point (100.5, 128). Other element would receive the click: <div class="WindowManagerGlass" style="z-index: 1;"></div>
Command duration or timeout: 86 milliseconds
Build info: version: '2.53.0', revision: '35ae25b', time: '2016-03-15 17:00:58'
System info: host: 'ANIL110', ip: '192.168.25.228', os.name: 'Windows 7', os.arch: 'amd64', os.version: '6.1', java.version: '1.8.0_102'
Driver info: com.kms.katalon.core.webui.driver.firefox.CFirefoxDriver47
Capabilities [{applicationCacheEnabled=true, rotatable=false, handlesAlerts=true, databaseEnabled=true, version=56.0, platform=WINDOWS, nativeEvents=false, acceptSslCerts=true, webStorageEnabled=true, locationContextEnabled=true, browserName=firefox, takesScreenshot=true, javascriptEnabled=true, cssSelectorsEnabled=true}]
Session ID: bcb468ec-caf8-4f6e-85e9-75fdbbd89dc2)

2017-11-25 00:16:48 - [MESSAGE][FAILED] - Unable to click on object 'Object Repository/Service/ServiceOrder/CreditCardSplitTender/SplitTender.Save' (Root cause: org.openqa.selenium.WebDriverException: Element <div tabindex="0" class="Button" id="xiext8105m000-4-button-std-file.save" draggable="true"></div> is not clickable at point (100.5, 128). Other element would receive the click: <div class="WindowManagerGlass" style="z-index: 1;"></div>
Command duration or timeout: 86 milliseconds
Build info: version: '2.53.0', revision: '35ae25b', time: '2016-03-15 17:00:58'
System info: host: 'ANIL110', ip: '192.168.25.228', os.name: 'Windows 7', os.arch: 'amd64', os.version: '6.1', java.version: '1.8.0_102'
Driver info: com.kms.katalon.core.webui.driver.firefox.CFirefoxDriver47
Capabilities [{applicationCacheEnabled=true, rotatable=false, handlesAlerts=true, databaseEnabled=true, version=56.0, platform=WINDOWS, nativeEvents=false, acceptSslCerts=true, webStorageEnabled=true, locationContextEnabled=true, browserName=firefox, takesScreenshot=true, javascriptEnabled=true, cssSelectorsEnabled=true}]
Session ID: bcb468ec-caf8-4f6e-85e9-75fdbbd89dc2)
[[ATTACHMENT|C:\\Users\\agawhande\\git\\CreditCard\\Reports\\CC_ServiceSplitTendetTestSuite\\20171125_000019\\1511549208404.png]]

2017-11-25 00:16:48 - [TEST_STEP][PASSED] - delay: Delayed 3 second(s)

2017-11-25 00:16:51 - [MESSAGE][PASSED] - Delayed 3 second(s)

2017-11-25 00:16:51 - [TEST_STEP][FAILED] - click: Unable to click on object 'Object Repository/Service/ServiceOrder/CreditCardSplitTender/SplitTender.Action' (Root cause: org.openqa.selenium.WebDriverException: Element <div tabindex="0" class="Button MenuButton TextButton" id="xiext8105m000-4-button-std:action" draggable="true"></div> is not clickable at point (793.5, 128.01666259765625). Other element would receive the click: <div class="WindowManagerGlass" style="z-index: 1;"></div>
Command duration or timeout: 80 milliseconds
Build info: version: '2.53.0', revision: '35ae25b', time: '2016-03-15 17:00:58'
System info: host: 'ANIL110', ip: '192.168.25.228', os.name: 'Windows 7', os.arch: 'amd64', os.version: '6.1', java.version: '1.8.0_102'
Driver info: com.kms.katalon.core.webui.driver.firefox.CFirefoxDriver47
Capabilities [{applicationCacheEnabled=true, rotatable=false, handlesAlerts=true, databaseEnabled=true, version=56.0, platform=WINDOWS, nativeEvents=false, acceptSslCerts=true, webStorageEnabled=true, locationContextEnabled=true, browserName=firefox, takesScreenshot=true, javascriptEnabled=true, cssSelectorsEnabled=true}]
Session ID: bcb468ec-caf8-4f6e-85e9-75fdbbd89dc2)

2017-11-25 00:16:51 - [MESSAGE][FAILED] - Unable to click on object 'Object Repository/Service/ServiceOrder/CreditCardSplitTender/SplitTender.Action' (Root cause: org.openqa.selenium.WebDriverException: Element <div tabindex="0" class="Button MenuButton TextButton" id="xiext8105m000-4-button-std:action" draggable="true"></div> is not clickable at point (793.5, 128.01666259765625). Other element would receive the click: <div class="WindowManagerGlass" style="z-index: 1;"></div>
Command duration or timeout: 80 milliseconds
Build info: version: '2.53.0', revision: '35ae25b', time: '2016-03-15 17:00:58'
System info: host: 'ANIL110', ip: '192.168.25.228', os.name: 'Windows 7', os.arch: 'amd64', os.version: '6.1', java.version: '1.8.0_102'
Driver info: com.kms.katalon.core.webui.driver.firefox.CFirefoxDriver47
Capabilities [{applicationCacheEnabled=true, rotatable=false, handlesAlerts=true, databaseEnabled=true, version=56.0, platform=WINDOWS, nativeEvents=false, acceptSslCerts=true, webStorageEnabled=true, locationContextEnabled=true, browserName=firefox, takesScreenshot=true, javascriptEnabled=true, cssSelectorsEnabled=true}]
Session ID: bcb468ec-caf8-4f6e-85e9-75fdbbd89dc2)
[[ATTACHMENT|C:\\Users\\agawhande\\git\\CreditCard\\Reports\\CC_ServiceSplitTendetTestSuite\\20171125_000019\\1511549211657.png]]

2017-11-25 00:16:51 - [TEST_STEP][PASSED] - delay: Delayed 2 second(s)

2017-11-25 00:16:53 - [MESSAGE][PASSED] - Delayed 2 second(s)

2017-11-25 00:16:53 - [TEST_STEP][FAILED] - click: Unable to click on object 'Object Repository/Service/ServiceOrder/CreditCardSplitTender/SplitTender.ApplyTax' (Root cause: com.kms.katalon.core.webui.exception.WebElementNotFoundException: Web element with id: 'Object Repository/Service/ServiceOrder/CreditCardSplitTender/SplitTender.ApplyTax' located by 'By.xpath: //*[@id = 'xiext8105m000-4-menu-std:action-form-apply.tax']' not found)

2017-11-25 00:17:25 - [MESSAGE][FAILED] - Unable to click on object 'Object Repository/Service/ServiceOrder/CreditCardSplitTender/SplitTender.ApplyTax' (Root cause: com.kms.katalon.core.webui.exception.WebElementNotFoundException: Web element with id: 'Object Repository/Service/ServiceOrder/CreditCardSplitTender/SplitTender.ApplyTax' located by 'By.xpath: //*[@id = 'xiext8105m000-4-menu-std:action-form-apply.tax']' not found)
[[ATTACHMENT|C:\\Users\\agawhande\\git\\CreditCard\\Reports\\CC_ServiceSplitTendetTestSuite\\20171125_000019\\1511549245732.png]]

2017-11-25 00:17:25 - [TEST_STEP][PASSED] - delay: Delayed 2 second(s)

2017-11-25 00:17:27 - [MESSAGE][PASSED] - Delayed 2 second(s)

2017-11-25 00:17:27 - [TEST_STEP][PASSED] - Statement - G_SplitInvoiceAmt1 = com.kms.katalon.core.webui.keyword.WebUiBuiltInKeywords.getText(com.kms.katalon.core.testobject.ObjectRepository.findTestObject(Service/ServiceOrder/CreditCardSplitTender/SplitTender.InvoiceAmt1)): Text of object 'Object Repository/Service/ServiceOrder/CreditCardSplitTender/SplitTender.InvoiceAmt1' is: '1.00'

2017-11-25 00:17:27 - [MESSAGE][PASSED] - Text of object 'Object Repository/Service/ServiceOrder/CreditCardSplitTender/SplitTender.InvoiceAmt1' is: '1.00'

2017-11-25 00:17:27 - [TEST_STEP][PASSED] - Statement - G_SplitInvoiceAmt2 = com.kms.katalon.core.webui.keyword.WebUiBuiltInKeywords.getText(com.kms.katalon.core.testobject.ObjectRepository.findTestObject(Service/ServiceOrder/CreditCardSplitTender/SplitTender.InvoiceAmt2)): Text of object 'Object Repository/Service/ServiceOrder/CreditCardSplitTender/SplitTender.InvoiceAmt2' is: '0.00'

2017-11-25 00:17:27 - [MESSAGE][PASSED] - Text of object 'Object Repository/Service/ServiceOrder/CreditCardSplitTender/SplitTender.InvoiceAmt2' is: '0.00'

2017-11-25 00:17:27 - [TEST_STEP][FAILED] - click: Unable to click on object 'Object Repository/Service/ServiceOrder/CreditCardSplitTender/SplitTender.SaveClose' (Root cause: org.openqa.selenium.WebDriverException: Element <div tabindex="0" class="Button" id="xiext8105m000-4-button-std-file.save_and_close" draggable="true"></div> is not clickable at point (71.5, 128). Other element would receive the click: <div class="WindowManagerGlass" style="z-index: 1;"></div>
Command duration or timeout: 71 milliseconds
Build info: version: '2.53.0', revision: '35ae25b', time: '2016-03-15 17:00:58'
System info: host: 'ANIL110', ip: '192.168.25.228', os.name: 'Windows 7', os.arch: 'amd64', os.version: '6.1', java.version: '1.8.0_102'
Driver info: com.kms.katalon.core.webui.driver.firefox.CFirefoxDriver47
Capabilities [{applicationCacheEnabled=true, rotatable=false, handlesAlerts=true, databaseEnabled=true, version=56.0, platform=WINDOWS, nativeEvents=false, acceptSslCerts=true, webStorageEnabled=true, locationContextEnabled=true, browserName=firefox, takesScreenshot=true, javascriptEnabled=true, cssSelectorsEnabled=true}]
Session ID: bcb468ec-caf8-4f6e-85e9-75fdbbd89dc2)

2017-11-25 00:17:28 - [MESSAGE][FAILED] - Unable to click on object 'Object Repository/Service/ServiceOrder/CreditCardSplitTender/SplitTender.SaveClose' (Root cause: org.openqa.selenium.WebDriverException: Element <div tabindex="0" class="Button" id="xiext8105m000-4-button-std-file.save_and_close" draggable="true"></div> is not clickable at point (71.5, 128). Other element would receive the click: <div class="WindowManagerGlass" style="z-index: 1;"></div>
Command duration or timeout: 71 milliseconds
Build info: version: '2.53.0', revision: '35ae25b', time: '2016-03-15 17:00:58'
System info: host: 'ANIL110', ip: '192.168.25.228', os.name: 'Windows 7', os.arch: 'amd64', os.version: '6.1', java.version: '1.8.0_102'
Driver info: com.kms.katalon.core.webui.driver.firefox.CFirefoxDriver47
Capabilities [{applicationCacheEnabled=true, rotatable=false, handlesAlerts=true, databaseEnabled=true, version=56.0, platform=WINDOWS, nativeEvents=false, acceptSslCerts=true, webStorageEnabled=true, locationContextEnabled=true, browserName=firefox, takesScreenshot=true, javascriptEnabled=true, cssSelectorsEnabled=true}]
Session ID: bcb468ec-caf8-4f6e-85e9-75fdbbd89dc2)
[[ATTACHMENT|C:\\Users\\agawhande\\git\\CreditCard\\Reports\\CC_ServiceSplitTendetTestSuite\\20171125_000019\\1511549248071.png]]

2017-11-25 00:17:28 - [TEST_STEP][PASSED] - delay: Delayed 2 second(s)

2017-11-25 00:17:30 - [MESSAGE][PASSED] - Delayed 2 second(s)

2017-11-25 00:17:30 - [TEST_STEP][FAILED] - click: Unable to click on object 'Object Repository/Service/ServiceOrder/ServiceCreditCard/ServiceCreditCard.Process' (Root cause: org.openqa.selenium.WebDriverException: Element <div tabindex="0" class="Button TextButton" id="xiext6102m000-3-button-form-process.cc.payment" draggable="true"></div> is not clickable at point (212, 123). Other element would receive the click: <div class="WindowManagerGlass" style="z-index: 1;"></div>
Command duration or timeout: 75 milliseconds
Build info: version: '2.53.0', revision: '35ae25b', time: '2016-03-15 17:00:58'
System info: host: 'ANIL110', ip: '192.168.25.228', os.name: 'Windows 7', os.arch: 'amd64', os.version: '6.1', java.version: '1.8.0_102'
Driver info: com.kms.katalon.core.webui.driver.firefox.CFirefoxDriver47
Capabilities [{applicationCacheEnabled=true, rotatable=false, handlesAlerts=true, databaseEnabled=true, version=56.0, platform=WINDOWS, nativeEvents=false, acceptSslCerts=true, webStorageEnabled=true, locationContextEnabled=true, browserName=firefox, takesScreenshot=true, javascriptEnabled=true, cssSelectorsEnabled=true}]
Session ID: bcb468ec-caf8-4f6e-85e9-75fdbbd89dc2)

2017-11-25 00:17:30 - [MESSAGE][FAILED] - Unable to click on object 'Object Repository/Service/ServiceOrder/ServiceCreditCard/ServiceCreditCard.Process' (Root cause: org.openqa.selenium.WebDriverException: Element <div tabindex="0" class="Button TextButton" id="xiext6102m000-3-button-form-process.cc.payment" draggable="true"></div> is not clickable at point (212, 123). Other element would receive the click: <div class="WindowManagerGlass" style="z-index: 1;"></div>
Command duration or timeout: 75 milliseconds
Build info: version: '2.53.0', revision: '35ae25b', time: '2016-03-15 17:00:58'
System info: host: 'ANIL110', ip: '192.168.25.228', os.name: 'Windows 7', os.arch: 'amd64', os.version: '6.1', java.version: '1.8.0_102'
Driver info: com.kms.katalon.core.webui.driver.firefox.CFirefoxDriver47
Capabilities [{applicationCacheEnabled=true, rotatable=false, handlesAlerts=true, databaseEnabled=true, version=56.0, platform=WINDOWS, nativeEvents=false, acceptSslCerts=true, webStorageEnabled=true, locationContextEnabled=true, browserName=firefox, takesScreenshot=true, javascriptEnabled=true, cssSelectorsEnabled=true}]
Session ID: bcb468ec-caf8-4f6e-85e9-75fdbbd89dc2)
[[ATTACHMENT|C:\\Users\\agawhande\\git\\CreditCard\\Reports\\CC_ServiceSplitTendetTestSuite\\20171125_000019\\1511549250304.png]]

2017-11-25 00:17:30 - [TEST_STEP][PASSED] - delay: Delayed 13 second(s)

2017-11-25 00:17:43 - [MESSAGE][PASSED] - Delayed 13 second(s)

2017-11-25 00:17:43 - [TEST_STEP][FAILED] - click: Unable to click on object 'Object Repository/Service/ServiceOrder/CreditCardSplitTender/SplitTender.PrintOK' (Root cause: com.kms.katalon.core.webui.exception.WebElementNotFoundException: Web element with id: 'Object Repository/Service/ServiceOrder/CreditCardSplitTender/SplitTender.PrintOK' located by 'By.xpath: //*[@id = 'tsext4100m300-5-button-std-file.save_and_close']' not found)

2017-11-25 00:18:15 - [MESSAGE][FAILED] - Unable to click on object 'Object Repository/Service/ServiceOrder/CreditCardSplitTender/SplitTender.PrintOK' (Root cause: com.kms.katalon.core.webui.exception.WebElementNotFoundException: Web element with id: 'Object Repository/Service/ServiceOrder/CreditCardSplitTender/SplitTender.PrintOK' located by 'By.xpath: //*[@id = 'tsext4100m300-5-button-std-file.save_and_close']' not found)
[[ATTACHMENT|C:\\Users\\agawhande\\git\\CreditCard\\Reports\\CC_ServiceSplitTendetTestSuite\\20171125_000019\\1511549295416.png]]

2017-11-25 00:18:15 - [TEST_STEP][PASSED] - delay: Delayed 10 second(s)

2017-11-25 00:18:25 - [MESSAGE][PASSED] - Delayed 10 second(s)

2017-11-25 00:18:25 - [TEST_STEP][FAILED] - click: Unable to click on object 'Object Repository/Service/ServiceOrder/CreditCardSplitTender/SplitTender.PrintDevice' (Root cause: com.kms.katalon.core.webui.exception.WebElementNotFoundException: Web element with id: 'Object Repository/Service/ServiceOrder/CreditCardSplitTender/SplitTender.PrintDevice' located by 'By.xpath: //*[@id = 'ttstpsplopen-6-button-form-exec.cont.process']' not found)

2017-11-25 00:18:57 - [MESSAGE][FAILED] - Unable to click on object 'Object Repository/Service/ServiceOrder/CreditCardSplitTender/SplitTender.PrintDevice' (Root cause: com.kms.katalon.core.webui.exception.WebElementNotFoundException: Web element with id: 'Object Repository/Service/ServiceOrder/CreditCardSplitTender/SplitTender.PrintDevice' located by 'By.xpath: //*[@id = 'ttstpsplopen-6-button-form-exec.cont.process']' not found)
[[ATTACHMENT|C:\\Users\\agawhande\\git\\CreditCard\\Reports\\CC_ServiceSplitTendetTestSuite\\20171125_000019\\1511549337678.png]]

2017-11-25 00:18:57 - [TEST_STEP][PASSED] - delay: Delayed 5 second(s)

2017-11-25 00:19:02 - [MESSAGE][PASSED] - Delayed 5 second(s)

2017-11-25 00:19:02 - [MESSAGE][FAILED] - Unable to call Test Case with id 'Test Cases/Service/BaseTestCases/Base_Service_HeaderInvoice_SplitTender' (Root cause: Call Test Case 'Test Cases/Service/BaseTestCases/Base_Service_HeaderInvoice_SplitTender' failed)

2017-11-25 00:19:02 - [TEST_STEP][FAILED] - callTestCase: Unable to call Test Case with id 'Test Cases/Service/BaseTestCases/Base_Service_GetInvoice_SplitTender' (Root cause: Call Test Case 'Test Cases/Service/BaseTestCases/Base_Service_GetInvoice_SplitTender' failed)

2017-11-25 00:19:02 - [TEST_CASE][FAILED] - Test Cases/Service/BaseTestCases/Base_Service_GetInvoice_SplitTender: Test Cases/Service/BaseTestCases/Base_Service_GetInvoice_SplitTender FAILED because (of) Unable to click on object 'Object Repository/Service/ServiceOrder/VerifyServiceOrderInvoice_SplitTender/ServiceOrderHeader.InvoiceButton' (Root cause: org.openqa.selenium.WebDriverException: Element <div tabindex="0" class="Button FormButton Transparent" id="tssoc2100m001-0-show.invoices" style="position: absolute; left: 1287px; top: 48px; overflow: hidden; width: 28px;"></div> is not clickable at point (1223, 191). Other element would receive the click: <div class="WindowManagerGlass" style="z-index: 1;"></div>
Command duration or timeout: 75 milliseconds
Build info: version: '2.53.0', revision: '35ae25b', time: '2016-03-15 17:00:58'
System info: host: 'ANIL110', ip: '192.168.25.228', os.name: 'Windows 7', os.arch: 'amd64', os.version: '6.1', java.version: '1.8.0_102'
Driver info: com.kms.katalon.core.webui.driver.firefox.CFirefoxDriver47
Capabilities [{applicationCacheEnabled=true, rotatable=false, handlesAlerts=true, databaseEnabled=true, version=56.0, platform=WINDOWS, nativeEvents=false, acceptSslCerts=true, webStorageEnabled=true, locationContextEnabled=true, browserName=firefox, takesScreenshot=true, javascriptEnabled=true, cssSelectorsEnabled=true}]
Session ID: bcb468ec-caf8-4f6e-85e9-75fdbbd89dc2)

2017-11-25 00:19:02 - [TEST_STEP][PASSED] - delay: Delayed 3 second(s)

2017-11-25 00:19:05 - [MESSAGE][PASSED] - Delayed 3 second(s)

2017-11-25 00:19:05 - [TEST_STEP][PASSED] - click: Object: 'Object Repository/Service/ServiceOrder/VerifyServiceOrderInvoice_SplitTender/ServiceorderHeader.HeaderSession' is clicked on

2017-11-25 00:19:06 - [MESSAGE][PASSED] - Object: 'Object Repository/Service/ServiceOrder/VerifyServiceOrderInvoice_SplitTender/ServiceorderHeader.HeaderSession' is clicked on

2017-11-25 00:19:06 - [TEST_STEP][FAILED] - click: Unable to click on object 'Object Repository/Service/ServiceOrder/VerifyServiceOrderInvoice_SplitTender/ServiceOrderHeader.InvoiceButton' (Root cause: org.openqa.selenium.WebDriverException: Element <div tabindex="0" class="Button FormButton Transparent" id="tssoc2100m001-0-show.invoices" style="position: absolute; left: 1287px; top: 48px; overflow: hidden; width: 28px;"></div> is not clickable at point (1223, 191). Other element would receive the click: <div class="WindowManagerGlass" style="z-index: 1;"></div>
Command duration or timeout: 75 milliseconds
Build info: version: '2.53.0', revision: '35ae25b', time: '2016-03-15 17:00:58'
System info: host: 'ANIL110', ip: '192.168.25.228', os.name: 'Windows 7', os.arch: 'amd64', os.version: '6.1', java.version: '1.8.0_102'
Driver info: com.kms.katalon.core.webui.driver.firefox.CFirefoxDriver47
Capabilities [{applicationCacheEnabled=true, rotatable=false, handlesAlerts=true, databaseEnabled=true, version=56.0, platform=WINDOWS, nativeEvents=false, acceptSslCerts=true, webStorageEnabled=true, locationContextEnabled=true, browserName=firefox, takesScreenshot=true, javascriptEnabled=true, cssSelectorsEnabled=true}]
Session ID: bcb468ec-caf8-4f6e-85e9-75fdbbd89dc2)

2017-11-25 00:19:06 - [MESSAGE][FAILED] - Unable to click on object 'Object Repository/Service/ServiceOrder/VerifyServiceOrderInvoice_SplitTender/ServiceOrderHeader.InvoiceButton' (Root cause: org.openqa.selenium.WebDriverException: Element <div tabindex="0" class="Button FormButton Transparent" id="tssoc2100m001-0-show.invoices" style="position: absolute; left: 1287px; top: 48px; overflow: hidden; width: 28px;"></div> is not clickable at point (1223, 191). Other element would receive the click: <div class="WindowManagerGlass" style="z-index: 1;"></div>
Command duration or timeout: 75 milliseconds
Build info: version: '2.53.0', revision: '35ae25b', time: '2016-03-15 17:00:58'
System info: host: 'ANIL110', ip: '192.168.25.228', os.name: 'Windows 7', os.arch: 'amd64', os.version: '6.1', java.version: '1.8.0_102'
Driver info: com.kms.katalon.core.webui.driver.firefox.CFirefoxDriver47
Capabilities [{applicationCacheEnabled=true, rotatable=false, handlesAlerts=true, databaseEnabled=true, version=56.0, platform=WINDOWS, nativeEvents=false, acceptSslCerts=true, webStorageEnabled=true, locationContextEnabled=true, browserName=firefox, takesScreenshot=true, javascriptEnabled=true, cssSelectorsEnabled=true}]
Session ID: bcb468ec-caf8-4f6e-85e9-75fdbbd89dc2)
[[ATTACHMENT|C:\\Users\\agawhande\\git\\CreditCard\\Reports\\CC_ServiceSplitTendetTestSuite\\20171125_000019\\1511549346160.png]]

2017-11-25 00:19:06 - [TEST_STEP][PASSED] - delay: Delayed 3 second(s)

2017-11-25 00:19:09 - [MESSAGE][PASSED] - Delayed 3 second(s)

2017-11-25 00:19:09 - [TEST_STEP][FAILED] - Statement - G_InvoiceTnxType = com.kms.katalon.core.webui.keyword.WebUiBuiltInKeywords.getText(com.kms.katalon.core.testobject.ObjectRepository.findTestObject(Service/ServiceOrder/VerifyServiceOrderInvoice_SplitTender/ServiceOrderHeader.Invoice1)): Unable to get text of object 'Object Repository/Service/ServiceOrder/VerifyServiceOrderInvoice_SplitTender/ServiceOrderHeader.Invoice1' (Root cause: com.kms.katalon.core.webui.exception.WebElementNotFoundException: Web element with id: 'Object Repository/Service/ServiceOrder/VerifyServiceOrderInvoice_SplitTender/ServiceOrderHeader.Invoice1' located by 'By.xpath: //*[@id = 'cisli2555m001-8-grid-1-cisli255.ityp-2-0-widget']' not found)

2017-11-25 00:19:41 - [MESSAGE][FAILED] - Unable to get text of object 'Object Repository/Service/ServiceOrder/VerifyServiceOrderInvoice_SplitTender/ServiceOrderHeader.Invoice1' (Root cause: com.kms.katalon.core.webui.exception.WebElementNotFoundException: Web element with id: 'Object Repository/Service/ServiceOrder/VerifyServiceOrderInvoice_SplitTender/ServiceOrderHeader.Invoice1' located by 'By.xpath: //*[@id = 'cisli2555m001-8-grid-1-cisli255.ityp-2-0-widget']' not found)
[[ATTACHMENT|C:\\Users\\agawhande\\git\\CreditCard\\Reports\\CC_ServiceSplitTendetTestSuite\\20171125_000019\\1511549381257.png]]

2017-11-25 00:19:41 - [TEST_STEP][PASSED] - delay: Delayed 3 second(s)

2017-11-25 00:19:44 - [MESSAGE][PASSED] - Delayed 3 second(s)

2017-11-25 00:19:44 - [TEST_STEP][FAILED] - Statement - G_InvoiceTnxNo = com.kms.katalon.core.webui.keyword.WebUiBuiltInKeywords.getText(com.kms.katalon.core.testobject.ObjectRepository.findTestObject(Service/ServiceOrder/VerifyServiceOrderInvoice_SplitTender/ServiceOrderHeader.Invoice2)): Unable to get text of object 'Object Repository/Service/ServiceOrder/VerifyServiceOrderInvoice_SplitTender/ServiceOrderHeader.Invoice2' (Root cause: com.kms.katalon.core.webui.exception.WebElementNotFoundException: Web element with id: 'Object Repository/Service/ServiceOrder/VerifyServiceOrderInvoice_SplitTender/ServiceOrderHeader.Invoice2' located by 'By.xpath: //*[@id = 'cisli2555m001-8-grid-1-cisli255.idoc-3-0-widget']' not found)

2017-11-25 00:20:16 - [MESSAGE][FAILED] - Unable to get text of object 'Object Repository/Service/ServiceOrder/VerifyServiceOrderInvoice_SplitTender/ServiceOrderHeader.Invoice2' (Root cause: com.kms.katalon.core.webui.exception.WebElementNotFoundException: Web element with id: 'Object Repository/Service/ServiceOrder/VerifyServiceOrderInvoice_SplitTender/ServiceOrderHeader.Invoice2' located by 'By.xpath: //*[@id = 'cisli2555m001-8-grid-1-cisli255.idoc-3-0-widget']' not found)
[[ATTACHMENT|C:\\Users\\agawhande\\git\\CreditCard\\Reports\\CC_ServiceSplitTendetTestSuite\\20171125_000019\\1511549416452.png]]

2017-11-25 00:20:16 - [TEST_STEP][FAILED] - Statement - G_InvoiceAmt = com.kms.katalon.core.webui.keyword.WebUiBuiltInKeywords.getText(com.kms.katalon.core.testobject.ObjectRepository.findTestObject(Service/ServiceOrder/VerifyServiceOrderInvoice_SplitTender/ServiceOrderHeader.InvoiceAmountHD)): Unable to get text of object 'Object Repository/Service/ServiceOrder/VerifyServiceOrderInvoice_SplitTender/ServiceOrderHeader.InvoiceAmountHD' (Root cause: com.kms.katalon.core.webui.exception.WebElementNotFoundException: Web element with id: 'Object Repository/Service/ServiceOrder/VerifyServiceOrderInvoice_SplitTender/ServiceOrderHeader.InvoiceAmountHD' located by 'By.xpath: //*[@id = 'cisli2555m001-8-grid-1-form.amnt-10-0']' not found)

2017-11-25 00:20:48 - [MESSAGE][FAILED] - Unable to get text of object 'Object Repository/Service/ServiceOrder/VerifyServiceOrderInvoice_SplitTender/ServiceOrderHeader.InvoiceAmountHD' (Root cause: com.kms.katalon.core.webui.exception.WebElementNotFoundException: Web element with id: 'Object Repository/Service/ServiceOrder/VerifyServiceOrderInvoice_SplitTender/ServiceOrderHeader.InvoiceAmountHD' located by 'By.xpath: //*[@id = 'cisli2555m001-8-grid-1-form.amnt-10-0']' not found)
[[ATTACHMENT|C:\\Users\\agawhande\\git\\CreditCard\\Reports\\CC_ServiceSplitTendetTestSuite\\20171125_000019\\1511549448518.png]]

2017-11-25 00:20:48 - [MESSAGE][FAILED] - Unable to call Test Case with id 'Test Cases/Service/BaseTestCases/Base_Service_GetInvoice_SplitTender' (Root cause: Call Test Case 'Test Cases/Service/BaseTestCases/Base_Service_GetInvoice_SplitTender' failed)

2017-11-25 00:20:48 - [TEST_STEP][FAILED] - callTestCase: Unable to call Test Case with id 'Test Cases/Finance/BaseTestCases/Base_Finance_CheckOpenEntriesForCCSplitPayments' (Root cause: Call Test Case 'Test Cases/Finance/BaseTestCases/Base_Finance_CheckOpenEntriesForCCSplitPayments' failed)

2017-11-25 00:20:48 - [TEST_CASE][FAILED] - Test Cases/Finance/BaseTestCases/Base_Finance_CheckOpenEntriesForCCSplitPayments: Test Cases/Finance/BaseTestCases/Base_Finance_CheckOpenEntriesForCCSplitPayments FAILED because (of) Unable to set text 'null' of object 'Object Repository/Finance/BaseTestCases_OpenEntries_Service/OpenEntries_DocumentType' (Root cause: java.lang.IllegalArgumentException: Text is null)

2017-11-25 00:20:48 - [TEST_STEP][PASSED] - callTestCase: Call Test Case 'Test Cases/Common/Base_Common_OpenSession' successfully

2017-11-25 00:20:48 - [TEST_CASE][PASSED] - Test Cases/Common/Base_Common_OpenSession: Test Cases/Common/Base_Common_OpenSession

2017-11-25 00:20:48 - [TEST_STEP][PASSED] - openBrowser: Browser is opened with url: 'https://rgajbhiye:Robin$123@proxima-ln4.e-emphasys.com:8441/webui/servlet/login'

2017-11-25 00:20:48 - [MESSAGE][WARNING] - A browser is already opened. Closing browser and opening a new one

2017-11-25 00:20:54 - [MESSAGE][PASSED] - Browser is opened with url: 'https://rgajbhiye:Robin$123@proxima-ln4.e-emphasys.com:8441/webui/servlet/login'

2017-11-25 00:20:54 - [TEST_STEP][PASSED] - waitForPageLoad: Wait for page load successfully

2017-11-25 00:20:54 - [MESSAGE][PASSED] - Wait for page load successfully

2017-11-25 00:20:54 - [TEST_STEP][PASSED] - maximizeWindow: Current window maximized

2017-11-25 00:20:55 - [MESSAGE][PASSED] - Current window maximized

2017-11-25 00:20:55 - [TEST_STEP][PASSED] - click: Object: 'Object Repository/Common/HomePage/HomePage_more' is clicked on

2017-11-25 00:20:57 - [MESSAGE][PASSED] - Object: 'Object Repository/Common/HomePage/HomePage_more' is clicked on

2017-11-25 00:20:57 - [TEST_STEP][PASSED] - click: Object: 'Object Repository/Common/HomePage/HomePage_Option' is clicked on

2017-11-25 00:20:57 - [MESSAGE][PASSED] - Object: 'Object Repository/Common/HomePage/HomePage_Option' is clicked on

2017-11-25 00:20:57 - [TEST_STEP][PASSED] - click: Object: 'Object Repository/Common/HomePage/HomePage_RunProgram_' is clicked on

2017-11-25 00:20:57 - [MESSAGE][PASSED] - Object: 'Object Repository/Common/HomePage/HomePage_RunProgram_' is clicked on

2017-11-25 00:20:57 - [TEST_STEP][PASSED] - sendKeys: Keys 'tfacr2520m000' sent to object: 'Object Repository/Common/HomePage/HomePage_Session_ID'

2017-11-25 00:20:57 - [MESSAGE][PASSED] - Keys 'tfacr2520m000' sent to object: 'Object Repository/Common/HomePage/HomePage_Session_ID'

2017-11-25 00:20:57 - [TEST_STEP][PASSED] - click: Object: 'Object Repository/Common/HomePage/HomePage_OkButton' is clicked on

2017-11-25 00:20:57 - [MESSAGE][PASSED] - Object: 'Object Repository/Common/HomePage/HomePage_OkButton' is clicked on

2017-11-25 00:20:57 - [MESSAGE][PASSED] - Call Test Case 'Test Cases/Common/Base_Common_OpenSession' successfully

2017-11-25 00:20:57 - [TEST_STEP][PASSED] - click: Object: 'Object Repository/Finance/BaseTestCases_OpenEntries_Service/OpenEntries_DocumentType' is clicked on

2017-11-25 00:21:01 - [MESSAGE][PASSED] - Object: 'Object Repository/Finance/BaseTestCases_OpenEntries_Service/OpenEntries_DocumentType' is clicked on

2017-11-25 00:21:01 - [TEST_STEP][PASSED] - click: Object: 'Object Repository/Finance/BaseTestCases_OpenEntries_Service/OpenEntries_DocumentNo' is clicked on

2017-11-25 00:21:01 - [MESSAGE][PASSED] - Object: 'Object Repository/Finance/BaseTestCases_OpenEntries_Service/OpenEntries_DocumentNo' is clicked on

2017-11-25 00:21:01 - [TEST_STEP][FAILED] - setText: Unable to set text 'null' of object 'Object Repository/Finance/BaseTestCases_OpenEntries_Service/OpenEntries_DocumentType' (Root cause: java.lang.IllegalArgumentException: Text is null)

2017-11-25 00:21:01 - [MESSAGE][FAILED] - Unable to set text 'null' of object 'Object Repository/Finance/BaseTestCases_OpenEntries_Service/OpenEntries_DocumentType' (Root cause: java.lang.IllegalArgumentException: Text is null)
[[ATTACHMENT|C:\\Users\\agawhande\\git\\CreditCard\\Reports\\CC_ServiceSplitTendetTestSuite\\20171125_000019\\1511549461251.png]]

2017-11-25 00:21:01 - [TEST_STEP][NOT_RUN] - sendKeys: NOT_RUN: sendKeys

2017-11-25 00:21:01 - [MESSAGE][NOT_RUN] - NOT_RUN: sendKeys

2017-11-25 00:21:01 - [TEST_STEP][NOT_RUN] - delay: NOT_RUN: delay

2017-11-25 00:21:01 - [MESSAGE][NOT_RUN] - NOT_RUN: delay

2017-11-25 00:21:01 - [TEST_STEP][FAILED] - setText: Unable to set text 'null' of object 'Object Repository/Finance/BaseTestCases_OpenEntries_Service/OpenEntries_DocumentNo' (Root cause: java.lang.IllegalArgumentException: Text is null)

2017-11-25 00:21:01 - [MESSAGE][FAILED] - Unable to set text 'null' of object 'Object Repository/Finance/BaseTestCases_OpenEntries_Service/OpenEntries_DocumentNo' (Root cause: java.lang.IllegalArgumentException: Text is null)
[[ATTACHMENT|C:\\Users\\agawhande\\git\\CreditCard\\Reports\\CC_ServiceSplitTendetTestSuite\\20171125_000019\\1511549461477.png]]

2017-11-25 00:21:01 - [TEST_STEP][NOT_RUN] - delay: NOT_RUN: delay

2017-11-25 00:21:01 - [MESSAGE][NOT_RUN] - NOT_RUN: delay

2017-11-25 00:21:01 - [TEST_STEP][NOT_RUN] - sendKeys: NOT_RUN: sendKeys

2017-11-25 00:21:01 - [MESSAGE][NOT_RUN] - NOT_RUN: sendKeys

2017-11-25 00:21:01 - [TEST_STEP][PASSED] - click: Object: 'Object Repository/Finance/BaseTestCases_OpenEntries_Service/OpenEntries_Action' is clicked on

2017-11-25 00:21:01 - [MESSAGE][PASSED] - Object: 'Object Repository/Finance/BaseTestCases_OpenEntries_Service/OpenEntries_Action' is clicked on

2017-11-25 00:21:01 - [TEST_STEP][PASSED] - click: Object: 'Object Repository/Finance/BaseTestCases_OpenEntries_Service/OpenEntries.FullyPaid' is clicked on

2017-11-25 00:21:02 - [MESSAGE][PASSED] - Object: 'Object Repository/Finance/BaseTestCases_OpenEntries_Service/OpenEntries.FullyPaid' is clicked on

2017-11-25 00:21:02 - [TEST_STEP][PASSED] - delay: Delayed 2 second(s)

2017-11-25 00:21:04 - [MESSAGE][PASSED] - Delayed 2 second(s)

2017-11-25 00:21:04 - [TEST_STEP][PASSED] - scrollToElement: Scroll to object 'Object Repository/Finance/BaseTestCases_OpenEntries_Service/OpenEntries.BalanceAmt' successfully

2017-11-25 00:21:04 - [MESSAGE][PASSED] - Scroll to object 'Object Repository/Finance/BaseTestCases_OpenEntries_Service/OpenEntries.BalanceAmt' successfully

2017-11-25 00:21:04 - [TEST_STEP][PASSED] - delay: Delayed 3 second(s)

2017-11-25 00:21:07 - [MESSAGE][PASSED] - Delayed 3 second(s)

2017-11-25 00:21:07 - [TEST_STEP][PASSED] - Statement - BalanceAmount = com.kms.katalon.core.webui.keyword.WebUiBuiltInKeywords.getText(com.kms.katalon.core.testobject.ObjectRepository.findTestObject(Finance/BaseTestCases_OpenEntries_Service/OpenEntries.BalanceAmt)): Text of object 'Object Repository/Finance/BaseTestCases_OpenEntries_Service/OpenEntries.BalanceAmt' is: '7.35'

2017-11-25 00:21:07 - [MESSAGE][PASSED] - Text of object 'Object Repository/Finance/BaseTestCases_OpenEntries_Service/OpenEntries.BalanceAmt' is: '7.35'

2017-11-25 00:21:07 - [TEST_STEP][FAILED] - verifyEqual: Unable to verify equal between actual object '7.35' and expected object '0.00' (Root cause: Actual object '7.35' and expected object '0.00' are not equal)

2017-11-25 00:21:07 - [MESSAGE][FAILED] - Unable to verify equal between actual object '7.35' and expected object '0.00' (Root cause: Actual object '7.35' and expected object '0.00' are not equal)

2017-11-25 00:21:07 - [TEST_STEP][PASSED] - click: Object: 'Object Repository/Finance/BaseTestCases_OpenEntries_Service/OpenEntries.Reference' is clicked on

2017-11-25 00:21:07 - [MESSAGE][PASSED] - Object: 'Object Repository/Finance/BaseTestCases_OpenEntries_Service/OpenEntries.Reference' is clicked on

2017-11-25 00:21:07 - [TEST_STEP][PASSED] - setText: Text '' is set on object 'Object Repository/Finance/BaseTestCases_OpenEntries_Service/OpenEntries_DocumentType'

2017-11-25 00:21:07 - [MESSAGE][PASSED] - Text '' is set on object 'Object Repository/Finance/BaseTestCases_OpenEntries_Service/OpenEntries_DocumentType'

2017-11-25 00:21:07 - [TEST_STEP][PASSED] - setText: Text '' is set on object 'Object Repository/Finance/BaseTestCases_OpenEntries_Service/OpenEntries_DocumentNo'

2017-11-25 00:21:07 - [MESSAGE][PASSED] - Text '' is set on object 'Object Repository/Finance/BaseTestCases_OpenEntries_Service/OpenEntries_DocumentNo'

2017-11-25 00:21:07 - [TEST_STEP][PASSED] - sendKeys: Keys 'TAB + ' sent to object: 'Object Repository/Finance/BaseTestCases_OpenEntries_Service/OpenEntries_DocumentType'

2017-11-25 00:21:07 - [MESSAGE][PASSED] - Keys 'TAB + ' sent to object: 'Object Repository/Finance/BaseTestCases_OpenEntries_Service/OpenEntries_DocumentType'

2017-11-25 00:21:07 - [TEST_STEP][PASSED] - sendKeys: Keys 'TAB + ' sent to object: 'Object Repository/Finance/BaseTestCases_OpenEntries_Service/OpenEntries_DocumentNo'

2017-11-25 00:21:07 - [MESSAGE][PASSED] - Keys 'TAB + ' sent to object: 'Object Repository/Finance/BaseTestCases_OpenEntries_Service/OpenEntries_DocumentNo'

2017-11-25 00:21:07 - [TEST_STEP][PASSED] - sendKeys: Keys 'M00000182 (null/null)' sent to object: 'Object Repository/Finance/BaseTestCases_OpenEntries_Service/OpenEntries.Reference'

2017-11-25 00:21:07 - [MESSAGE][PASSED] - Keys 'M00000182 (null/null)' sent to object: 'Object Repository/Finance/BaseTestCases_OpenEntries_Service/OpenEntries.Reference'

2017-11-25 00:21:07 - [TEST_STEP][PASSED] - click: Object: 'Object Repository/Finance/BaseTestCases_OpenEntries_Service/OpenEntries_DocumentNo' is clicked on

2017-11-25 00:21:08 - [MESSAGE][PASSED] - Object: 'Object Repository/Finance/BaseTestCases_OpenEntries_Service/OpenEntries_DocumentNo' is clicked on

2017-11-25 00:21:08 - [TEST_STEP][PASSED] - delay: Delayed 3 second(s)

2017-11-25 00:21:11 - [MESSAGE][PASSED] - Delayed 3 second(s)

2017-11-25 00:21:11 - [TEST_STEP][FAILED] - scrollToElement: Unable to scroll to object 'Object Repository/Finance/BaseTestCases_OpenEntries_Service/OpenEntries.BalanceAmt' (Root cause: com.kms.katalon.core.webui.exception.WebElementNotFoundException: Web element with id: 'Object Repository/Finance/BaseTestCases_OpenEntries_Service/OpenEntries.BalanceAmt' located by 'By.xpath: //*[@id = 'tfacr2520m000-0-grid-1-balc.ninv-20-0']' not found)

2017-11-25 00:21:43 - [MESSAGE][FAILED] - Unable to scroll to object 'Object Repository/Finance/BaseTestCases_OpenEntries_Service/OpenEntries.BalanceAmt' (Root cause: com.kms.katalon.core.webui.exception.WebElementNotFoundException: Web element with id: 'Object Repository/Finance/BaseTestCases_OpenEntries_Service/OpenEntries.BalanceAmt' located by 'By.xpath: //*[@id = 'tfacr2520m000-0-grid-1-balc.ninv-20-0']' not found)
[[ATTACHMENT|C:\\Users\\agawhande\\git\\CreditCard\\Reports\\CC_ServiceSplitTendetTestSuite\\20171125_000019\\1511549503461.png]]

2017-11-25 00:21:43 - [TEST_STEP][FAILED] - Statement - BalanceAmount = com.kms.katalon.core.webui.keyword.WebUiBuiltInKeywords.getText(com.kms.katalon.core.testobject.ObjectRepository.findTestObject(Finance/BaseTestCases_OpenEntries_Service/OpenEntries.BalanceAmt)): Unable to get text of object 'Object Repository/Finance/BaseTestCases_OpenEntries_Service/OpenEntries.BalanceAmt' (Root cause: com.kms.katalon.core.webui.exception.WebElementNotFoundException: Web element with id: 'Object Repository/Finance/BaseTestCases_OpenEntries_Service/OpenEntries.BalanceAmt' located by 'By.xpath: //*[@id = 'tfacr2520m000-0-grid-1-balc.ninv-20-0']' not found)

2017-11-25 00:22:15 - [MESSAGE][FAILED] - Unable to get text of object 'Object Repository/Finance/BaseTestCases_OpenEntries_Service/OpenEntries.BalanceAmt' (Root cause: com.kms.katalon.core.webui.exception.WebElementNotFoundException: Web element with id: 'Object Repository/Finance/BaseTestCases_OpenEntries_Service/OpenEntries.BalanceAmt' located by 'By.xpath: //*[@id = 'tfacr2520m000-0-grid-1-balc.ninv-20-0']' not found)
[[ATTACHMENT|C:\\Users\\agawhande\\git\\CreditCard\\Reports\\CC_ServiceSplitTendetTestSuite\\20171125_000019\\1511549535255.png]]

2017-11-25 00:22:15 - [TEST_STEP][FAILED] - verifyEqual: Unable to verify equal between actual object 'null' and expected object '1.00' (Root cause: Actual object 'null' and expected object '1.00' are not equal)

2017-11-25 00:22:15 - [MESSAGE][FAILED] - Unable to verify equal between actual object 'null' and expected object '1.00' (Root cause: Actual object 'null' and expected object '1.00' are not equal)

2017-11-25 00:22:15 - [TEST_STEP][FAILED] - Statement - BalanceAmount = com.kms.katalon.core.webui.keyword.WebUiBuiltInKeywords.getText(com.kms.katalon.core.testobject.ObjectRepository.findTestObject(Finance/BaseTestCases_OpenEntries_Service/OpenEntries_BalanceAmtLine2)): Unable to get text of object 'Object Repository/Finance/BaseTestCases_OpenEntries_Service/OpenEntries_BalanceAmtLine2' (Root cause: com.kms.katalon.core.webui.exception.WebElementNotFoundException: Web element with id: 'Object Repository/Finance/BaseTestCases_OpenEntries_Service/OpenEntries_BalanceAmtLine2' located by 'By.xpath: //*[@id = 'tfacr2520m000-0-grid-1-balc.ninv-20-1']' not found)

2017-11-25 00:22:47 - [MESSAGE][FAILED] - Unable to get text of object 'Object Repository/Finance/BaseTestCases_OpenEntries_Service/OpenEntries_BalanceAmtLine2' (Root cause: com.kms.katalon.core.webui.exception.WebElementNotFoundException: Web element with id: 'Object Repository/Finance/BaseTestCases_OpenEntries_Service/OpenEntries_BalanceAmtLine2' located by 'By.xpath: //*[@id = 'tfacr2520m000-0-grid-1-balc.ninv-20-1']' not found)
[[ATTACHMENT|C:\\Users\\agawhande\\git\\CreditCard\\Reports\\CC_ServiceSplitTendetTestSuite\\20171125_000019\\1511549567062.png]]

2017-11-25 00:22:47 - [TEST_STEP][FAILED] - verifyEqual: Unable to verify equal between actual object 'null' and expected object '1.00' (Root cause: Actual object 'null' and expected object '1.00' are not equal)

2017-11-25 00:22:47 - [MESSAGE][FAILED] - Unable to verify equal between actual object 'null' and expected object '1.00' (Root cause: Actual object 'null' and expected object '1.00' are not equal)

2017-11-25 00:22:47 - [TEST_STEP][PASSED] - delay: Delayed 3 second(s)

2017-11-25 00:22:50 - [MESSAGE][PASSED] - Delayed 3 second(s)

2017-11-25 00:22:50 - [TEST_STEP][PASSED] - closeBrowser: Browser is closed

2017-11-25 00:22:50 - [MESSAGE][PASSED] - Browser is closed

2017-11-25 00:22:50 - [MESSAGE][FAILED] - Unable to call Test Case with id 'Test Cases/Finance/BaseTestCases/Base_Finance_CheckOpenEntriesForCCSplitPayments' (Root cause: Call Test Case 'Test Cases/Finance/BaseTestCases/Base_Finance_CheckOpenEntriesForCCSplitPayments' failed)]]></system-out>
         <system-err><![CDATA[2017-11-25 00:10:41 - [TEST_CASE][FAILED] - Test Cases/Service/CreditCardRegression/TC002_Service_CreditCardSplitTender - Iteration 2: Test Cases/Service/CreditCardRegression/TC002_Service_CreditCardSplitTender FAILED because (of) Unable to set text '09' of object 'Object Repository/Service/ServiceOrder/CreditCardSplitTender/SplitTender.ExpiryMonthLine2' (Root cause: org.openqa.selenium.InvalidElementStateException: Element must be user-editable in order to clear it.
Command duration or timeout: 27 milliseconds
Build info: version: '2.53.0', revision: '35ae25b', time: '2016-03-15 17:00:58'
System info: host: 'ANIL110', ip: '192.168.25.228', os.name: 'Windows 7', os.arch: 'amd64', os.version: '6.1', java.version: '1.8.0_102'
Driver info: com.kms.katalon.core.webui.driver.firefox.CFirefoxDriver47
Capabilities [{applicationCacheEnabled=true, rotatable=false, handlesAlerts=true, databaseEnabled=true, version=56.0, platform=WINDOWS, nativeEvents=false, acceptSslCerts=true, webStorageEnabled=true, locationContextEnabled=true, browserName=firefox, takesScreenshot=true, javascriptEnabled=true, cssSelectorsEnabled=true}]
Session ID: bcb468ec-caf8-4f6e-85e9-75fdbbd89dc2)]]></system-err>
      </testcase>
      <system-out><![CDATA[2017-11-25 00:00:26 - [TEST_SUITE][FAILED] - CC_ServiceSplitTendetTestSuite: Test Cases/Service/CreditCardRegression/TC002_Service_CreditCardSplitTender FAILED because (of) Unable to click on object 'Object Repository/Service/ServiceOrder/CreditCardSplitTender/SplitTender.PrintOK' (Root cause: com.kms.katalon.core.webui.exception.WebElementNotFoundException: Web element with id: 'Object Repository/Service/ServiceOrder/CreditCardSplitTender/SplitTender.PrintOK' located by 'By.xpath: //*[@id = 'tsext4100m300-5-button-std-file.save_and_close']' not found)]]></system-out>
      <system-err><![CDATA[2017-11-25 00:00:26 - [TEST_SUITE][FAILED] - CC_ServiceSplitTendetTestSuite: Test Cases/Service/CreditCardRegression/TC002_Service_CreditCardSplitTender FAILED because (of) Unable to click on object 'Object Repository/Service/ServiceOrder/CreditCardSplitTender/SplitTender.PrintOK' (Root cause: com.kms.katalon.core.webui.exception.WebElementNotFoundException: Web element with id: 'Object Repository/Service/ServiceOrder/CreditCardSplitTender/SplitTender.PrintOK' located by 'By.xpath: //*[@id = 'tsext4100m300-5-button-std-file.save_and_close']' not found)]]></system-err>
   </testsuite>
</testsuites>
