<?xml version="1.0" encoding="UTF-8"?>
<testsuites name="CC_RentalInvoicewithDiffGatewayTestSuite" time="3123" tests="0" failures="2" errors="0">
   <testsuite name="CC_RentalInvoicewithDiffGatewayTestSuite" tests="0" failures="2" errors="0" time="3123" timestamp="2017-11-25 00:30:41" hostname="agawhande - ANIL110.e-emphasys.com" id="Test Suites/CC_RentalInvoicewithDiffGatewayTestSuite">
      <properties>
         <property name="deviceName" value=""/>
         <property name="devicePlatform" value=""/>
         <property name="logFolder" value="C:\\Users\\agawhande\\git\\CreditCard\\Reports\\CC_RentalInvoicewithDiffGatewayTestSuite\\20171125_000020"/>
         <property name="logFiles" value="C:\\Users\\agawhande\\git\\CreditCard\\Reports\\CC_RentalInvoicewithDiffGatewayTestSuite\\20171125_000020\\execution0.log"/>
         <property name="attachments" value="C:\\Users\\agawhande\\git\\CreditCard\\Reports\\CC_RentalInvoicewithDiffGatewayTestSuite\\20171125_000020\\1511550062220.png, C:\\Users\\agawhande\\git\\CreditCard\\Reports\\CC_RentalInvoicewithDiffGatewayTestSuite\\20171125_000020\\1511550093787.png, C:\\Users\\agawhande\\git\\CreditCard\\Reports\\CC_RentalInvoicewithDiffGatewayTestSuite\\20171125_000020\\1511550146128.png, C:\\Users\\agawhande\\git\\CreditCard\\Reports\\CC_RentalInvoicewithDiffGatewayTestSuite\\20171125_000020\\1511550198251.png, C:\\Users\\agawhande\\git\\CreditCard\\Reports\\CC_RentalInvoicewithDiffGatewayTestSuite\\20171125_000020\\1511550231586.png, C:\\Users\\agawhande\\git\\CreditCard\\Reports\\CC_RentalInvoicewithDiffGatewayTestSuite\\20171125_000020\\1511550262891.png, C:\\Users\\agawhande\\git\\CreditCard\\Reports\\CC_RentalInvoicewithDiffGatewayTestSuite\\20171125_000020\\1511550294339.png, C:\\Users\\agawhande\\git\\CreditCard\\Reports\\CC_RentalInvoicewithDiffGatewayTestSuite\\20171125_000020\\1511550325651.png, C:\\Users\\agawhande\\git\\CreditCard\\Reports\\CC_RentalInvoicewithDiffGatewayTestSuite\\20171125_000020\\1511550358956.png, C:\\Users\\agawhande\\git\\CreditCard\\Reports\\CC_RentalInvoicewithDiffGatewayTestSuite\\20171125_000020\\1511550390371.png, C:\\Users\\agawhande\\git\\CreditCard\\Reports\\CC_RentalInvoicewithDiffGatewayTestSuite\\20171125_000020\\1511550423794.png, C:\\Users\\agawhande\\git\\CreditCard\\Reports\\CC_RentalInvoicewithDiffGatewayTestSuite\\20171125_000020\\1511550455058.png, C:\\Users\\agawhande\\git\\CreditCard\\Reports\\CC_RentalInvoicewithDiffGatewayTestSuite\\20171125_000020\\1511550486396.png, C:\\Users\\agawhande\\git\\CreditCard\\Reports\\CC_RentalInvoicewithDiffGatewayTestSuite\\20171125_000020\\1511550517615.png, C:\\Users\\agawhande\\git\\CreditCard\\Reports\\CC_RentalInvoicewithDiffGatewayTestSuite\\20171125_000020\\1511550551000.png, C:\\Users\\agawhande\\git\\CreditCard\\Reports\\CC_RentalInvoicewithDiffGatewayTestSuite\\20171125_000020\\1511550620756.png, C:\\Users\\agawhande\\git\\CreditCard\\Reports\\CC_RentalInvoicewithDiffGatewayTestSuite\\20171125_000020\\1511550658075.png, C:\\Users\\agawhande\\git\\CreditCard\\Reports\\CC_RentalInvoicewithDiffGatewayTestSuite\\20171125_000020\\1511550663469.png, C:\\Users\\agawhande\\git\\CreditCard\\Reports\\CC_RentalInvoicewithDiffGatewayTestSuite\\20171125_000020\\1511550665739.png, C:\\Users\\agawhande\\git\\CreditCard\\Reports\\CC_RentalInvoicewithDiffGatewayTestSuite\\20171125_000020\\1511550667931.png, C:\\Users\\agawhande\\git\\CreditCard\\Reports\\CC_RentalInvoicewithDiffGatewayTestSuite\\20171125_000020\\1511550672171.png, C:\\Users\\agawhande\\git\\CreditCard\\Reports\\CC_RentalInvoicewithDiffGatewayTestSuite\\20171125_000020\\1511550677414.png, C:\\Users\\agawhande\\git\\CreditCard\\Reports\\CC_RentalInvoicewithDiffGatewayTestSuite\\20171125_000020\\1511550717672.png, C:\\Users\\agawhande\\git\\CreditCard\\Reports\\CC_RentalInvoicewithDiffGatewayTestSuite\\20171125_000020\\1511550761857.png, C:\\Users\\agawhande\\git\\CreditCard\\Reports\\CC_RentalInvoicewithDiffGatewayTestSuite\\20171125_000020\\1511550800026.png, C:\\Users\\agawhande\\git\\CreditCard\\Reports\\CC_RentalInvoicewithDiffGatewayTestSuite\\20171125_000020\\1511550840249.png, C:\\Users\\agawhande\\git\\CreditCard\\Reports\\CC_RentalInvoicewithDiffGatewayTestSuite\\20171125_000020\\1511550892446.png, C:\\Users\\agawhande\\git\\CreditCard\\Reports\\CC_RentalInvoicewithDiffGatewayTestSuite\\20171125_000020\\1511550929763.png, C:\\Users\\agawhande\\git\\CreditCard\\Reports\\CC_RentalInvoicewithDiffGatewayTestSuite\\20171125_000020\\1511550966880.png, C:\\Users\\agawhande\\git\\CreditCard\\Reports\\CC_RentalInvoicewithDiffGatewayTestSuite\\20171125_000020\\1511551004232.png, C:\\Users\\agawhande\\git\\CreditCard\\Reports\\CC_RentalInvoicewithDiffGatewayTestSuite\\20171125_000020\\1511551008930.png, C:\\Users\\agawhande\\git\\CreditCard\\Reports\\CC_RentalInvoicewithDiffGatewayTestSuite\\20171125_000020\\1511551045040.png, C:\\Users\\agawhande\\git\\CreditCard\\Reports\\CC_RentalInvoicewithDiffGatewayTestSuite\\20171125_000020\\1511551081245.png, C:\\Users\\agawhande\\git\\CreditCard\\Reports\\CC_RentalInvoicewithDiffGatewayTestSuite\\20171125_000020\\1511551117407.png, C:\\Users\\agawhande\\git\\CreditCard\\Reports\\CC_RentalInvoicewithDiffGatewayTestSuite\\20171125_000020\\1511551149561.png, C:\\Users\\agawhande\\git\\CreditCard\\Reports\\CC_RentalInvoicewithDiffGatewayTestSuite\\20171125_000020\\1511551181708.png, C:\\Users\\agawhande\\git\\CreditCard\\Reports\\CC_RentalInvoicewithDiffGatewayTestSuite\\20171125_000020\\1511551213941.png, C:\\Users\\agawhande\\git\\CreditCard\\Reports\\CC_RentalInvoicewithDiffGatewayTestSuite\\20171125_000020\\1511551245996.png, C:\\Users\\agawhande\\git\\CreditCard\\Reports\\CC_RentalInvoicewithDiffGatewayTestSuite\\20171125_000020\\1511551280281.png, C:\\Users\\agawhande\\git\\CreditCard\\Reports\\CC_RentalInvoicewithDiffGatewayTestSuite\\20171125_000020\\1511551312288.png, C:\\Users\\agawhande\\git\\CreditCard\\Reports\\CC_RentalInvoicewithDiffGatewayTestSuite\\20171125_000020\\1511551346569.png, C:\\Users\\agawhande\\git\\CreditCard\\Reports\\CC_RentalInvoicewithDiffGatewayTestSuite\\20171125_000020\\1511551378678.png, C:\\Users\\agawhande\\git\\CreditCard\\Reports\\CC_RentalInvoicewithDiffGatewayTestSuite\\20171125_000020\\1511551413913.png, C:\\Users\\agawhande\\git\\CreditCard\\Reports\\CC_RentalInvoicewithDiffGatewayTestSuite\\20171125_000020\\1511551446031.png, C:\\Users\\agawhande\\git\\CreditCard\\Reports\\CC_RentalInvoicewithDiffGatewayTestSuite\\20171125_000020\\1511551478174.png, C:\\Users\\agawhande\\git\\CreditCard\\Reports\\CC_RentalInvoicewithDiffGatewayTestSuite\\20171125_000020\\1511551523298.png, C:\\Users\\agawhande\\git\\CreditCard\\Reports\\CC_RentalInvoicewithDiffGatewayTestSuite\\20171125_000020\\1511551565455.png, C:\\Users\\agawhande\\git\\CreditCard\\Reports\\CC_RentalInvoicewithDiffGatewayTestSuite\\20171125_000020\\1511551602620.png, C:\\Users\\agawhande\\git\\CreditCard\\Reports\\CC_RentalInvoicewithDiffGatewayTestSuite\\20171125_000020\\1511551623678.png, C:\\Users\\agawhande\\git\\CreditCard\\Reports\\CC_RentalInvoicewithDiffGatewayTestSuite\\20171125_000020\\1511551655080.png, C:\\Users\\agawhande\\git\\CreditCard\\Reports\\CC_RentalInvoicewithDiffGatewayTestSuite\\20171125_000020\\1511551707215.png, C:\\Users\\agawhande\\git\\CreditCard\\Reports\\CC_RentalInvoicewithDiffGatewayTestSuite\\20171125_000020\\1511551759182.png, C:\\Users\\agawhande\\git\\CreditCard\\Reports\\CC_RentalInvoicewithDiffGatewayTestSuite\\20171125_000020\\1511551792461.png, C:\\Users\\agawhande\\git\\CreditCard\\Reports\\CC_RentalInvoicewithDiffGatewayTestSuite\\20171125_000020\\1511551823669.png, C:\\Users\\agawhande\\git\\CreditCard\\Reports\\CC_RentalInvoicewithDiffGatewayTestSuite\\20171125_000020\\1511551854926.png, C:\\Users\\agawhande\\git\\CreditCard\\Reports\\CC_RentalInvoicewithDiffGatewayTestSuite\\20171125_000020\\1511551886143.png, C:\\Users\\agawhande\\git\\CreditCard\\Reports\\CC_RentalInvoicewithDiffGatewayTestSuite\\20171125_000020\\1511551919400.png, C:\\Users\\agawhande\\git\\CreditCard\\Reports\\CC_RentalInvoicewithDiffGatewayTestSuite\\20171125_000020\\1511551950833.png, C:\\Users\\agawhande\\git\\CreditCard\\Reports\\CC_RentalInvoicewithDiffGatewayTestSuite\\20171125_000020\\1511551984146.png, C:\\Users\\agawhande\\git\\CreditCard\\Reports\\CC_RentalInvoicewithDiffGatewayTestSuite\\20171125_000020\\1511552015294.png, C:\\Users\\agawhande\\git\\CreditCard\\Reports\\CC_RentalInvoicewithDiffGatewayTestSuite\\20171125_000020\\1511552046564.png, C:\\Users\\agawhande\\git\\CreditCard\\Reports\\CC_RentalInvoicewithDiffGatewayTestSuite\\20171125_000020\\1511552077697.png, C:\\Users\\agawhande\\git\\CreditCard\\Reports\\CC_RentalInvoicewithDiffGatewayTestSuite\\20171125_000020\\1511552110973.png, C:\\Users\\agawhande\\git\\CreditCard\\Reports\\CC_RentalInvoicewithDiffGatewayTestSuite\\20171125_000020\\1511552180325.png, C:\\Users\\agawhande\\git\\CreditCard\\Reports\\CC_RentalInvoicewithDiffGatewayTestSuite\\20171125_000020\\1511552217723.png, C:\\Users\\agawhande\\git\\CreditCard\\Reports\\CC_RentalInvoicewithDiffGatewayTestSuite\\20171125_000020\\1511552223082.png, C:\\Users\\agawhande\\git\\CreditCard\\Reports\\CC_RentalInvoicewithDiffGatewayTestSuite\\20171125_000020\\1511552225331.png, C:\\Users\\agawhande\\git\\CreditCard\\Reports\\CC_RentalInvoicewithDiffGatewayTestSuite\\20171125_000020\\1511552227530.png, C:\\Users\\agawhande\\git\\CreditCard\\Reports\\CC_RentalInvoicewithDiffGatewayTestSuite\\20171125_000020\\1511552231753.png, C:\\Users\\agawhande\\git\\CreditCard\\Reports\\CC_RentalInvoicewithDiffGatewayTestSuite\\20171125_000020\\1511552236998.png, C:\\Users\\agawhande\\git\\CreditCard\\Reports\\CC_RentalInvoicewithDiffGatewayTestSuite\\20171125_000020\\1511552277248.png, C:\\Users\\agawhande\\git\\CreditCard\\Reports\\CC_RentalInvoicewithDiffGatewayTestSuite\\20171125_000020\\1511552321337.png, C:\\Users\\agawhande\\git\\CreditCard\\Reports\\CC_RentalInvoicewithDiffGatewayTestSuite\\20171125_000020\\1511552359643.png, C:\\Users\\agawhande\\git\\CreditCard\\Reports\\CC_RentalInvoicewithDiffGatewayTestSuite\\20171125_000020\\1511552399721.png, C:\\Users\\agawhande\\git\\CreditCard\\Reports\\CC_RentalInvoicewithDiffGatewayTestSuite\\20171125_000020\\1511552451911.png, C:\\Users\\agawhande\\git\\CreditCard\\Reports\\CC_RentalInvoicewithDiffGatewayTestSuite\\20171125_000020\\1511552489032.png, C:\\Users\\agawhande\\git\\CreditCard\\Reports\\CC_RentalInvoicewithDiffGatewayTestSuite\\20171125_000020\\1511552526103.png, C:\\Users\\agawhande\\git\\CreditCard\\Reports\\CC_RentalInvoicewithDiffGatewayTestSuite\\20171125_000020\\1511552563307.png, C:\\Users\\agawhande\\git\\CreditCard\\Reports\\CC_RentalInvoicewithDiffGatewayTestSuite\\20171125_000020\\1511552567743.png, C:\\Users\\agawhande\\git\\CreditCard\\Reports\\CC_RentalInvoicewithDiffGatewayTestSuite\\20171125_000020\\1511552603743.png, C:\\Users\\agawhande\\git\\CreditCard\\Reports\\CC_RentalInvoicewithDiffGatewayTestSuite\\20171125_000020\\1511552639952.png, C:\\Users\\agawhande\\git\\CreditCard\\Reports\\CC_RentalInvoicewithDiffGatewayTestSuite\\20171125_000020\\1511552676012.png, C:\\Users\\agawhande\\git\\CreditCard\\Reports\\CC_RentalInvoicewithDiffGatewayTestSuite\\20171125_000020\\1511552708221.png, C:\\Users\\agawhande\\git\\CreditCard\\Reports\\CC_RentalInvoicewithDiffGatewayTestSuite\\20171125_000020\\1511552740138.png, C:\\Users\\agawhande\\git\\CreditCard\\Reports\\CC_RentalInvoicewithDiffGatewayTestSuite\\20171125_000020\\1511552772488.png, C:\\Users\\agawhande\\git\\CreditCard\\Reports\\CC_RentalInvoicewithDiffGatewayTestSuite\\20171125_000020\\1511552804532.png, C:\\Users\\agawhande\\git\\CreditCard\\Reports\\CC_RentalInvoicewithDiffGatewayTestSuite\\20171125_000020\\1511552838763.png, C:\\Users\\agawhande\\git\\CreditCard\\Reports\\CC_RentalInvoicewithDiffGatewayTestSuite\\20171125_000020\\1511552870872.png, C:\\Users\\agawhande\\git\\CreditCard\\Reports\\CC_RentalInvoicewithDiffGatewayTestSuite\\20171125_000020\\1511552905088.png, C:\\Users\\agawhande\\git\\CreditCard\\Reports\\CC_RentalInvoicewithDiffGatewayTestSuite\\20171125_000020\\1511552937104.png, C:\\Users\\agawhande\\git\\CreditCard\\Reports\\CC_RentalInvoicewithDiffGatewayTestSuite\\20171125_000020\\1511552972370.png, C:\\Users\\agawhande\\git\\CreditCard\\Reports\\CC_RentalInvoicewithDiffGatewayTestSuite\\20171125_000020\\1511553004431.png, C:\\Users\\agawhande\\git\\CreditCard\\Reports\\CC_RentalInvoicewithDiffGatewayTestSuite\\20171125_000020\\1511553036580.png, C:\\Users\\agawhande\\git\\CreditCard\\Reports\\CC_RentalInvoicewithDiffGatewayTestSuite\\20171125_000020\\1511553081660.png, C:\\Users\\agawhande\\git\\CreditCard\\Reports\\CC_RentalInvoicewithDiffGatewayTestSuite\\20171125_000020\\1511553123881.png, C:\\Users\\agawhande\\git\\CreditCard\\Reports\\CC_RentalInvoicewithDiffGatewayTestSuite\\20171125_000020\\1511553160960.png"/>
         <property name="hostName" value="agawhande - ANIL110.e-emphasys.com"/>
         <property name="os" value="Windows 7 64bit"/>
         <property name="katalonVersion" value="5.0.1.1"/>
         <property name="browser" value="Firefox 56.0"/>
         <property name="hostAddress" value="192.168.25.228"/>
         <property name="sessionId" value="1ce1e217-d7fc-4c6b-a1a3-a6419ef6f3c5"/>
         <property name="seleniumVersion" value="2.53.0"/>
         <property name="proxyInformation" value="ProxyInformation{proxyOption=NO_PROXY, proxyServerType=HTTP, password=, proxyServerAddress=, proxyServerPort=0}"/>
         <property name="platform" value="Windows 7"/>
      </properties>
      <testcase name="Test Cases/Rental/Base_RentalContract/CreditCardRegression/TC003_RentalContractInvoice_CC - Iteration 1" classname="Test Cases/Rental/Base_RentalContract/CreditCardRegression/TC003_RentalContractInvoice_CC" status="FAILED">
         <failure type="FAILED" message="Test Cases/Rental/Base_RentalContract/CreditCardRegression/TC003_RentalContractInvoice_CC FAILED because (of) Unable to click on object 'Object Repository/Equipment/EquipmentPurchase/EPO_Header/EPO_Header_Action' (Root cause: org.openqa.selenium.WebDriverException: Element &lt;div tabindex=&quot;0&quot; class=&quot;Button MenuButton TextButton&quot; id=&quot;tdext8150s000-0-button-std:action&quot; draggable=&quot;true&quot;>&lt;/div> is not clickable at point (795, 79.01666259765625). Other element would receive the click: &lt;div class=&quot;WindowManagerGlass&quot; style=&quot;z-index: 1;&quot;>&lt;/div>
Command duration or timeout: 77 milliseconds
Build info: version: '2.53.0', revision: '35ae25b', time: '2016-03-15 17:00:58'
System info: host: 'ANIL110', ip: '192.168.25.228', os.name: 'Windows 7', os.arch: 'amd64', os.version: '6.1', java.version: '1.8.0_102'
Driver info: com.kms.katalon.core.webui.driver.firefox.CFirefoxDriver47
Capabilities [{applicationCacheEnabled=true, rotatable=false, handlesAlerts=true, databaseEnabled=true, version=56.0, platform=WINDOWS, nativeEvents=false, acceptSslCerts=true, webStorageEnabled=true, locationContextEnabled=true, browserName=firefox, takesScreenshot=true, javascriptEnabled=true, cssSelectorsEnabled=true}]
Session ID: b6487395-20aa-4b9e-9eea-d31fb47eb56b)"/>
         <system-out><![CDATA[2017-11-25 00:30:42 - [TEST_CASE][FAILED] - Test Cases/Rental/Base_RentalContract/CreditCardRegression/TC003_RentalContractInvoice_CC - Iteration 1: Test Cases/Rental/Base_RentalContract/CreditCardRegression/TC003_RentalContractInvoice_CC FAILED because (of) Unable to click on object 'Object Repository/Equipment/EquipmentPurchase/EPO_Header/EPO_Header_Action' (Root cause: org.openqa.selenium.WebDriverException: Element <div tabindex="0" class="Button MenuButton TextButton" id="tdext8150s000-0-button-std:action" draggable="true"></div> is not clickable at point (795, 79.01666259765625). Other element would receive the click: <div class="WindowManagerGlass" style="z-index: 1;"></div>
Command duration or timeout: 77 milliseconds
Build info: version: '2.53.0', revision: '35ae25b', time: '2016-03-15 17:00:58'
System info: host: 'ANIL110', ip: '192.168.25.228', os.name: 'Windows 7', os.arch: 'amd64', os.version: '6.1', java.version: '1.8.0_102'
Driver info: com.kms.katalon.core.webui.driver.firefox.CFirefoxDriver47
Capabilities [{applicationCacheEnabled=true, rotatable=false, handlesAlerts=true, databaseEnabled=true, version=56.0, platform=WINDOWS, nativeEvents=false, acceptSslCerts=true, webStorageEnabled=true, locationContextEnabled=true, browserName=firefox, takesScreenshot=true, javascriptEnabled=true, cssSelectorsEnabled=true}]
Session ID: b6487395-20aa-4b9e-9eea-d31fb47eb56b)

2017-11-25 00:30:43 - [TEST_STEP][FAILED] - callTestCase: Unable to call Test Case with id 'Test Cases/Equipment/Base_EquipmentPurchase/EPO_CreateNrecieve' (Root cause: Call Test Case 'Test Cases/Equipment/Base_EquipmentPurchase/EPO_CreateNrecieve' failed)

2017-11-25 00:30:43 - [TEST_CASE][FAILED] - Test Cases/Equipment/Base_EquipmentPurchase/EPO_CreateNrecieve: Test Cases/Equipment/Base_EquipmentPurchase/EPO_CreateNrecieve FAILED because (of) Unable to click on object 'Object Repository/Equipment/EquipmentPurchase/EPO_Header/EPO_Header_Action' (Root cause: org.openqa.selenium.WebDriverException: Element <div tabindex="0" class="Button MenuButton TextButton" id="tdext8150s000-0-button-std:action" draggable="true"></div> is not clickable at point (795, 79.01666259765625). Other element would receive the click: <div class="WindowManagerGlass" style="z-index: 1;"></div>
Command duration or timeout: 77 milliseconds
Build info: version: '2.53.0', revision: '35ae25b', time: '2016-03-15 17:00:58'
System info: host: 'ANIL110', ip: '192.168.25.228', os.name: 'Windows 7', os.arch: 'amd64', os.version: '6.1', java.version: '1.8.0_102'
Driver info: com.kms.katalon.core.webui.driver.firefox.CFirefoxDriver47
Capabilities [{applicationCacheEnabled=true, rotatable=false, handlesAlerts=true, databaseEnabled=true, version=56.0, platform=WINDOWS, nativeEvents=false, acceptSslCerts=true, webStorageEnabled=true, locationContextEnabled=true, browserName=firefox, takesScreenshot=true, javascriptEnabled=true, cssSelectorsEnabled=true}]
Session ID: b6487395-20aa-4b9e-9eea-d31fb47eb56b)

2017-11-25 00:30:43 - [TEST_STEP][FAILED] - callTestCase: Unable to call Test Case with id 'Test Cases/Equipment/Base_EquipmentPurchase/Base_EPO_CreateHeaderNline' (Root cause: Call Test Case 'Test Cases/Equipment/Base_EquipmentPurchase/Base_EPO_CreateHeaderNline' failed)

2017-11-25 00:30:43 - [TEST_CASE][FAILED] - Test Cases/Equipment/Base_EquipmentPurchase/Base_EPO_CreateHeaderNline: Test Cases/Equipment/Base_EquipmentPurchase/Base_EPO_CreateHeaderNline FAILED because (of) Unable to click on object 'Object Repository/Equipment/EquipmentPurchase/EPO_Header/EPO_Header_Action' (Root cause: org.openqa.selenium.WebDriverException: Element <div tabindex="0" class="Button MenuButton TextButton" id="tdext8150s000-0-button-std:action" draggable="true"></div> is not clickable at point (795, 79.01666259765625). Other element would receive the click: <div class="WindowManagerGlass" style="z-index: 1;"></div>
Command duration or timeout: 77 milliseconds
Build info: version: '2.53.0', revision: '35ae25b', time: '2016-03-15 17:00:58'
System info: host: 'ANIL110', ip: '192.168.25.228', os.name: 'Windows 7', os.arch: 'amd64', os.version: '6.1', java.version: '1.8.0_102'
Driver info: com.kms.katalon.core.webui.driver.firefox.CFirefoxDriver47
Capabilities [{applicationCacheEnabled=true, rotatable=false, handlesAlerts=true, databaseEnabled=true, version=56.0, platform=WINDOWS, nativeEvents=false, acceptSslCerts=true, webStorageEnabled=true, locationContextEnabled=true, browserName=firefox, takesScreenshot=true, javascriptEnabled=true, cssSelectorsEnabled=true}]
Session ID: b6487395-20aa-4b9e-9eea-d31fb47eb56b)

2017-11-25 00:30:43 - [TEST_STEP][PASSED] - callTestCase: Call Test Case 'Test Cases/Common/Base_Common_OpenSession' successfully

2017-11-25 00:30:43 - [TEST_CASE][PASSED] - Test Cases/Common/Base_Common_OpenSession: Test Cases/Common/Base_Common_OpenSession

2017-11-25 00:30:43 - [TEST_STEP][PASSED] - openBrowser: Browser is opened with url: 'https://rgajbhiye:Robin$123@proxima-ln4.e-emphasys.com:8441/webui/servlet/login'

2017-11-25 00:30:50 - [MESSAGE][PASSED] - Browser is opened with url: 'https://rgajbhiye:Robin$123@proxima-ln4.e-emphasys.com:8441/webui/servlet/login'

2017-11-25 00:30:50 - [TEST_STEP][PASSED] - waitForPageLoad: Wait for page load successfully

2017-11-25 00:30:50 - [MESSAGE][PASSED] - Wait for page load successfully

2017-11-25 00:30:50 - [TEST_STEP][PASSED] - maximizeWindow: Current window maximized

2017-11-25 00:30:50 - [MESSAGE][PASSED] - Current window maximized

2017-11-25 00:30:50 - [TEST_STEP][PASSED] - click: Object: 'Object Repository/Common/HomePage/HomePage_more' is clicked on

2017-11-25 00:30:52 - [MESSAGE][PASSED] - Object: 'Object Repository/Common/HomePage/HomePage_more' is clicked on

2017-11-25 00:30:52 - [TEST_STEP][PASSED] - click: Object: 'Object Repository/Common/HomePage/HomePage_Option' is clicked on

2017-11-25 00:30:52 - [MESSAGE][PASSED] - Object: 'Object Repository/Common/HomePage/HomePage_Option' is clicked on

2017-11-25 00:30:52 - [TEST_STEP][PASSED] - click: Object: 'Object Repository/Common/HomePage/HomePage_RunProgram_' is clicked on

2017-11-25 00:30:53 - [MESSAGE][PASSED] - Object: 'Object Repository/Common/HomePage/HomePage_RunProgram_' is clicked on

2017-11-25 00:30:53 - [TEST_STEP][PASSED] - sendKeys: Keys 'tdext8150s000' sent to object: 'Object Repository/Common/HomePage/HomePage_Session_ID'

2017-11-25 00:30:53 - [MESSAGE][PASSED] - Keys 'tdext8150s000' sent to object: 'Object Repository/Common/HomePage/HomePage_Session_ID'

2017-11-25 00:30:53 - [TEST_STEP][PASSED] - click: Object: 'Object Repository/Common/HomePage/HomePage_OkButton' is clicked on

2017-11-25 00:30:53 - [MESSAGE][PASSED] - Object: 'Object Repository/Common/HomePage/HomePage_OkButton' is clicked on

2017-11-25 00:30:53 - [MESSAGE][PASSED] - Call Test Case 'Test Cases/Common/Base_Common_OpenSession' successfully

2017-11-25 00:30:53 - [TEST_STEP][PASSED] - waitForElementPresent: Object 'Object Repository/Equipment/EquipmentPurchase/EPO_Header/EPO_Header_New' is present

2017-11-25 00:30:56 - [MESSAGE][PASSED] - Object 'Object Repository/Equipment/EquipmentPurchase/EPO_Header/EPO_Header_New' is present

2017-11-25 00:30:56 - [TEST_STEP][PASSED] - click: Object: 'Object Repository/Equipment/EquipmentPurchase/EPO_Header/EPO_Header_New' is clicked on

2017-11-25 00:30:56 - [MESSAGE][PASSED] - Object: 'Object Repository/Equipment/EquipmentPurchase/EPO_Header/EPO_Header_New' is clicked on

2017-11-25 00:30:56 - [TEST_STEP][PASSED] - click: Object: 'Object Repository/Equipment/EquipmentPurchase/EPO_Header/EPO_Header_Customer' is clicked on

2017-11-25 00:30:56 - [MESSAGE][PASSED] - Object: 'Object Repository/Equipment/EquipmentPurchase/EPO_Header/EPO_Header_Customer' is clicked on

2017-11-25 00:30:56 - [TEST_STEP][PASSED] - setText: Text '' is set on object 'Object Repository/Equipment/EquipmentPurchase/EPO_Header/EPO_Header_Customer'

2017-11-25 00:30:56 - [MESSAGE][PASSED] - Text '' is set on object 'Object Repository/Equipment/EquipmentPurchase/EPO_Header/EPO_Header_Customer'

2017-11-25 00:30:56 - [TEST_STEP][PASSED] - click: Object: 'Object Repository/Equipment/EquipmentPurchase/EPO_Header/EPO_Header_Save' is clicked on

2017-11-25 00:30:57 - [MESSAGE][PASSED] - Object: 'Object Repository/Equipment/EquipmentPurchase/EPO_Header/EPO_Header_Save' is clicked on

2017-11-25 00:30:57 - [TEST_STEP][PASSED] - delay: Delayed 5 second(s)

2017-11-25 00:31:02 - [MESSAGE][PASSED] - Delayed 5 second(s)

2017-11-25 00:31:02 - [TEST_STEP][FAILED] - click: Unable to click on object 'Object Repository/Equipment/EquipmentPurchase/EPO_Header/EPO_Header_Action' (Root cause: org.openqa.selenium.WebDriverException: Element <div tabindex="0" class="Button MenuButton TextButton" id="tdext8150s000-0-button-std:action" draggable="true"></div> is not clickable at point (795, 79.01666259765625). Other element would receive the click: <div class="WindowManagerGlass" style="z-index: 1;"></div>
Command duration or timeout: 77 milliseconds
Build info: version: '2.53.0', revision: '35ae25b', time: '2016-03-15 17:00:58'
System info: host: 'ANIL110', ip: '192.168.25.228', os.name: 'Windows 7', os.arch: 'amd64', os.version: '6.1', java.version: '1.8.0_102'
Driver info: com.kms.katalon.core.webui.driver.firefox.CFirefoxDriver47
Capabilities [{applicationCacheEnabled=true, rotatable=false, handlesAlerts=true, databaseEnabled=true, version=56.0, platform=WINDOWS, nativeEvents=false, acceptSslCerts=true, webStorageEnabled=true, locationContextEnabled=true, browserName=firefox, takesScreenshot=true, javascriptEnabled=true, cssSelectorsEnabled=true}]
Session ID: b6487395-20aa-4b9e-9eea-d31fb47eb56b)

2017-11-25 00:31:02 - [MESSAGE][FAILED] - Unable to click on object 'Object Repository/Equipment/EquipmentPurchase/EPO_Header/EPO_Header_Action' (Root cause: org.openqa.selenium.WebDriverException: Element <div tabindex="0" class="Button MenuButton TextButton" id="tdext8150s000-0-button-std:action" draggable="true"></div> is not clickable at point (795, 79.01666259765625). Other element would receive the click: <div class="WindowManagerGlass" style="z-index: 1;"></div>
Command duration or timeout: 77 milliseconds
Build info: version: '2.53.0', revision: '35ae25b', time: '2016-03-15 17:00:58'
System info: host: 'ANIL110', ip: '192.168.25.228', os.name: 'Windows 7', os.arch: 'amd64', os.version: '6.1', java.version: '1.8.0_102'
Driver info: com.kms.katalon.core.webui.driver.firefox.CFirefoxDriver47
Capabilities [{applicationCacheEnabled=true, rotatable=false, handlesAlerts=true, databaseEnabled=true, version=56.0, platform=WINDOWS, nativeEvents=false, acceptSslCerts=true, webStorageEnabled=true, locationContextEnabled=true, browserName=firefox, takesScreenshot=true, javascriptEnabled=true, cssSelectorsEnabled=true}]
Session ID: b6487395-20aa-4b9e-9eea-d31fb47eb56b)
[[ATTACHMENT|C:\\Users\\agawhande\\git\\CreditCard\\Reports\\CC_RentalInvoicewithDiffGatewayTestSuite\\20171125_000020\\1511550062220.png]]

2017-11-25 00:31:02 - [TEST_STEP][FAILED] - click: Unable to click on object 'Object Repository/Equipment/EquipmentPurchase/EPO_Header/EPO_Header_Action_OrderLines' (Root cause: com.kms.katalon.core.webui.exception.WebElementNotFoundException: Web element with id: 'Object Repository/Equipment/EquipmentPurchase/EPO_Header/EPO_Header_Action_OrderLines' located by 'By.xpath: //*[@id = 'tdext8150s000-0-menu-std:action-form-display.lines']' not found)

2017-11-25 00:31:33 - [MESSAGE][FAILED] - Unable to click on object 'Object Repository/Equipment/EquipmentPurchase/EPO_Header/EPO_Header_Action_OrderLines' (Root cause: com.kms.katalon.core.webui.exception.WebElementNotFoundException: Web element with id: 'Object Repository/Equipment/EquipmentPurchase/EPO_Header/EPO_Header_Action_OrderLines' located by 'By.xpath: //*[@id = 'tdext8150s000-0-menu-std:action-form-display.lines']' not found)
[[ATTACHMENT|C:\\Users\\agawhande\\git\\CreditCard\\Reports\\CC_RentalInvoicewithDiffGatewayTestSuite\\20171125_000020\\1511550093787.png]]

2017-11-25 00:31:33 - [TEST_STEP][PASSED] - waitForElementPresent: Object 'Object Repository/Equipment/EquipmentPurchase/EPO_Line/EPO_MultiLine_New' is not present after 20 second(s)

2017-11-25 00:31:54 - [MESSAGE][WARNING] - Object 'Object Repository/Equipment/EquipmentPurchase/EPO_Line/EPO_MultiLine_New' is not present after 20 second(s)

2017-11-25 00:31:54 - [TEST_STEP][FAILED] - click: Unable to click on object 'Object Repository/Equipment/EquipmentPurchase/EPO_Line/EPO_MultiLine_New' (Root cause: com.kms.katalon.core.webui.exception.WebElementNotFoundException: Web element with id: 'Object Repository/Equipment/EquipmentPurchase/EPO_Line/EPO_MultiLine_New' located by 'By.xpath: //*[@id = 'tdext8551m000-1-button-std-file.new']' not found)

2017-11-25 00:32:26 - [MESSAGE][FAILED] - Unable to click on object 'Object Repository/Equipment/EquipmentPurchase/EPO_Line/EPO_MultiLine_New' (Root cause: com.kms.katalon.core.webui.exception.WebElementNotFoundException: Web element with id: 'Object Repository/Equipment/EquipmentPurchase/EPO_Line/EPO_MultiLine_New' located by 'By.xpath: //*[@id = 'tdext8551m000-1-button-std-file.new']' not found)
[[ATTACHMENT|C:\\Users\\agawhande\\git\\CreditCard\\Reports\\CC_RentalInvoicewithDiffGatewayTestSuite\\20171125_000020\\1511550146128.png]]

2017-11-25 00:32:26 - [TEST_STEP][PASSED] - waitForElementPresent: Object 'Object Repository/Equipment/EquipmentPurchase/EPO_Line/EPO_Line_Model' is not present after 20 second(s)

2017-11-25 00:32:47 - [MESSAGE][WARNING] - Object 'Object Repository/Equipment/EquipmentPurchase/EPO_Line/EPO_Line_Model' is not present after 20 second(s)

2017-11-25 00:32:47 - [TEST_STEP][FAILED] - click: Unable to click on object 'Object Repository/Equipment/EquipmentPurchase/EPO_Line/EPO_Line_Model' (Root cause: com.kms.katalon.core.webui.exception.WebElementNotFoundException: Web element with id: 'Object Repository/Equipment/EquipmentPurchase/EPO_Line/EPO_Line_Model' located by 'By.xpath: //*[@id = 'tdext8151s000-2-tdext851.mcod-11-lookup-widget']' not found)

2017-11-25 00:33:18 - [MESSAGE][FAILED] - Unable to click on object 'Object Repository/Equipment/EquipmentPurchase/EPO_Line/EPO_Line_Model' (Root cause: com.kms.katalon.core.webui.exception.WebElementNotFoundException: Web element with id: 'Object Repository/Equipment/EquipmentPurchase/EPO_Line/EPO_Line_Model' located by 'By.xpath: //*[@id = 'tdext8151s000-2-tdext851.mcod-11-lookup-widget']' not found)
[[ATTACHMENT|C:\\Users\\agawhande\\git\\CreditCard\\Reports\\CC_RentalInvoicewithDiffGatewayTestSuite\\20171125_000020\\1511550198251.png]]

2017-11-25 00:33:18 - [TEST_STEP][PASSED] - delay: Delayed 2 second(s)

2017-11-25 00:33:20 - [MESSAGE][PASSED] - Delayed 2 second(s)

2017-11-25 00:33:20 - [TEST_STEP][FAILED] - setText: Unable to set text '' of object 'Object Repository/Equipment/EquipmentPurchase/EPO_Line/EPO_Line_Model' (Root cause: com.kms.katalon.core.webui.exception.WebElementNotFoundException: Web element with id: 'Object Repository/Equipment/EquipmentPurchase/EPO_Line/EPO_Line_Model' located by 'By.xpath: //*[@id = 'tdext8151s000-2-tdext851.mcod-11-lookup-widget']' not found)

2017-11-25 00:33:51 - [MESSAGE][FAILED] - Unable to set text '' of object 'Object Repository/Equipment/EquipmentPurchase/EPO_Line/EPO_Line_Model' (Root cause: com.kms.katalon.core.webui.exception.WebElementNotFoundException: Web element with id: 'Object Repository/Equipment/EquipmentPurchase/EPO_Line/EPO_Line_Model' located by 'By.xpath: //*[@id = 'tdext8151s000-2-tdext851.mcod-11-lookup-widget']' not found)
[[ATTACHMENT|C:\\Users\\agawhande\\git\\CreditCard\\Reports\\CC_RentalInvoicewithDiffGatewayTestSuite\\20171125_000020\\1511550231586.png]]

2017-11-25 00:33:51 - [TEST_STEP][FAILED] - click: Unable to click on object 'Object Repository/Equipment/EquipmentPurchase/EPO_Line/EPO_Line_NeworUsed' (Root cause: com.kms.katalon.core.webui.exception.WebElementNotFoundException: Web element with id: 'Object Repository/Equipment/EquipmentPurchase/EPO_Line/EPO_Line_NeworUsed' located by 'By.xpath: //*[@id = 'tdext8151s000-2-used.equipment-18-control-trigger-button']' not found)

2017-11-25 00:34:23 - [MESSAGE][FAILED] - Unable to click on object 'Object Repository/Equipment/EquipmentPurchase/EPO_Line/EPO_Line_NeworUsed' (Root cause: com.kms.katalon.core.webui.exception.WebElementNotFoundException: Web element with id: 'Object Repository/Equipment/EquipmentPurchase/EPO_Line/EPO_Line_NeworUsed' located by 'By.xpath: //*[@id = 'tdext8151s000-2-used.equipment-18-control-trigger-button']' not found)
[[ATTACHMENT|C:\\Users\\agawhande\\git\\CreditCard\\Reports\\CC_RentalInvoicewithDiffGatewayTestSuite\\20171125_000020\\1511550262891.png]]

2017-11-25 00:34:23 - [TEST_STEP][FAILED] - click: Unable to click on object 'Object Repository/Equipment/EquipmentPurchase/EPO_Line/EPO_Line_NewEquipOption' (Root cause: com.kms.katalon.core.webui.exception.WebElementNotFoundException: Web element with id: 'Object Repository/Equipment/EquipmentPurchase/EPO_Line/EPO_Line_NewEquipOption' located by 'By.xpath: //*[@id = 'item_1-label']' not found)

2017-11-25 00:34:54 - [MESSAGE][FAILED] - Unable to click on object 'Object Repository/Equipment/EquipmentPurchase/EPO_Line/EPO_Line_NewEquipOption' (Root cause: com.kms.katalon.core.webui.exception.WebElementNotFoundException: Web element with id: 'Object Repository/Equipment/EquipmentPurchase/EPO_Line/EPO_Line_NewEquipOption' located by 'By.xpath: //*[@id = 'item_1-label']' not found)
[[ATTACHMENT|C:\\Users\\agawhande\\git\\CreditCard\\Reports\\CC_RentalInvoicewithDiffGatewayTestSuite\\20171125_000020\\1511550294339.png]]

2017-11-25 00:34:54 - [TEST_STEP][FAILED] - click: Unable to click on object 'Object Repository/Equipment/EquipmentPurchase/EPO_Line/EPO_Line_PlannedDate' (Root cause: com.kms.katalon.core.webui.exception.WebElementNotFoundException: Web element with id: 'Object Repository/Equipment/EquipmentPurchase/EPO_Line/EPO_Line_PlannedDate' located by 'By.xpath: //*[@id = 'tdext8151s000-2-tdext851.pdat-28-widget']' not found)

2017-11-25 00:35:25 - [MESSAGE][FAILED] - Unable to click on object 'Object Repository/Equipment/EquipmentPurchase/EPO_Line/EPO_Line_PlannedDate' (Root cause: com.kms.katalon.core.webui.exception.WebElementNotFoundException: Web element with id: 'Object Repository/Equipment/EquipmentPurchase/EPO_Line/EPO_Line_PlannedDate' located by 'By.xpath: //*[@id = 'tdext8151s000-2-tdext851.pdat-28-widget']' not found)
[[ATTACHMENT|C:\\Users\\agawhande\\git\\CreditCard\\Reports\\CC_RentalInvoicewithDiffGatewayTestSuite\\20171125_000020\\1511550325651.png]]

2017-11-25 00:35:25 - [TEST_STEP][PASSED] - delay: Delayed 2 second(s)

2017-11-25 00:35:27 - [MESSAGE][PASSED] - Delayed 2 second(s)

2017-11-25 00:35:27 - [TEST_STEP][FAILED] - setText: Unable to set text '+10' of object 'Object Repository/Equipment/EquipmentPurchase/EPO_Line/EPO_Line_PlannedDate' (Root cause: com.kms.katalon.core.webui.exception.WebElementNotFoundException: Web element with id: 'Object Repository/Equipment/EquipmentPurchase/EPO_Line/EPO_Line_PlannedDate' located by 'By.xpath: //*[@id = 'tdext8151s000-2-tdext851.pdat-28-widget']' not found)

2017-11-25 00:35:59 - [MESSAGE][FAILED] - Unable to set text '+10' of object 'Object Repository/Equipment/EquipmentPurchase/EPO_Line/EPO_Line_PlannedDate' (Root cause: com.kms.katalon.core.webui.exception.WebElementNotFoundException: Web element with id: 'Object Repository/Equipment/EquipmentPurchase/EPO_Line/EPO_Line_PlannedDate' located by 'By.xpath: //*[@id = 'tdext8151s000-2-tdext851.pdat-28-widget']' not found)
[[ATTACHMENT|C:\\Users\\agawhande\\git\\CreditCard\\Reports\\CC_RentalInvoicewithDiffGatewayTestSuite\\20171125_000020\\1511550358956.png]]

2017-11-25 00:35:59 - [TEST_STEP][FAILED] - click: Unable to click on object 'Object Repository/Equipment/EquipmentPurchase/EPO_Line/EPO_Line_Price' (Root cause: com.kms.katalon.core.webui.exception.WebElementNotFoundException: Web element with id: 'Object Repository/Equipment/EquipmentPurchase/EPO_Line/EPO_Line_Price' located by 'By.xpath: //*[@id = 'tdext8151s000-2-tdext851.pric-42-lookup-widget']' not found)

2017-11-25 00:36:30 - [MESSAGE][FAILED] - Unable to click on object 'Object Repository/Equipment/EquipmentPurchase/EPO_Line/EPO_Line_Price' (Root cause: com.kms.katalon.core.webui.exception.WebElementNotFoundException: Web element with id: 'Object Repository/Equipment/EquipmentPurchase/EPO_Line/EPO_Line_Price' located by 'By.xpath: //*[@id = 'tdext8151s000-2-tdext851.pric-42-lookup-widget']' not found)
[[ATTACHMENT|C:\\Users\\agawhande\\git\\CreditCard\\Reports\\CC_RentalInvoicewithDiffGatewayTestSuite\\20171125_000020\\1511550390371.png]]

2017-11-25 00:36:30 - [TEST_STEP][PASSED] - delay: Delayed 2 second(s)

2017-11-25 00:36:32 - [MESSAGE][PASSED] - Delayed 2 second(s)

2017-11-25 00:36:32 - [TEST_STEP][FAILED] - setText: Unable to set text '100' of object 'Object Repository/Equipment/EquipmentPurchase/EPO_Line/EPO_Line_Price' (Root cause: com.kms.katalon.core.webui.exception.WebElementNotFoundException: Web element with id: 'Object Repository/Equipment/EquipmentPurchase/EPO_Line/EPO_Line_Price' located by 'By.xpath: //*[@id = 'tdext8151s000-2-tdext851.pric-42-lookup-widget']' not found)

2017-11-25 00:37:03 - [MESSAGE][FAILED] - Unable to set text '100' of object 'Object Repository/Equipment/EquipmentPurchase/EPO_Line/EPO_Line_Price' (Root cause: com.kms.katalon.core.webui.exception.WebElementNotFoundException: Web element with id: 'Object Repository/Equipment/EquipmentPurchase/EPO_Line/EPO_Line_Price' located by 'By.xpath: //*[@id = 'tdext8151s000-2-tdext851.pric-42-lookup-widget']' not found)
[[ATTACHMENT|C:\\Users\\agawhande\\git\\CreditCard\\Reports\\CC_RentalInvoicewithDiffGatewayTestSuite\\20171125_000020\\1511550423794.png]]

2017-11-25 00:37:03 - [TEST_STEP][FAILED] - click: Unable to click on object 'Object Repository/Equipment/EquipmentPurchase/EPO_Line/EPO_Line_Save' (Root cause: com.kms.katalon.core.webui.exception.WebElementNotFoundException: Web element with id: 'Object Repository/Equipment/EquipmentPurchase/EPO_Line/EPO_Line_Save' located by 'By.xpath: //*[@id = 'tdext8151s000-2-button-std-file.save']' not found)

2017-11-25 00:37:35 - [MESSAGE][FAILED] - Unable to click on object 'Object Repository/Equipment/EquipmentPurchase/EPO_Line/EPO_Line_Save' (Root cause: com.kms.katalon.core.webui.exception.WebElementNotFoundException: Web element with id: 'Object Repository/Equipment/EquipmentPurchase/EPO_Line/EPO_Line_Save' located by 'By.xpath: //*[@id = 'tdext8151s000-2-button-std-file.save']' not found)
[[ATTACHMENT|C:\\Users\\agawhande\\git\\CreditCard\\Reports\\CC_RentalInvoicewithDiffGatewayTestSuite\\20171125_000020\\1511550455058.png]]

2017-11-25 00:37:35 - [TEST_STEP][FAILED] - click: Unable to click on object 'Object Repository/Equipment/EquipmentPurchase/EPO_Line/EPO_Line_importNO' (Root cause: com.kms.katalon.core.webui.exception.WebElementNotFoundException: Web element with id: 'Object Repository/Equipment/EquipmentPurchase/EPO_Line/EPO_Line_importNO' located by 'By.xpath: //*[@id = 'dlg-tdext8151s000-2-input-button-1']' not found)

2017-11-25 00:38:06 - [MESSAGE][FAILED] - Unable to click on object 'Object Repository/Equipment/EquipmentPurchase/EPO_Line/EPO_Line_importNO' (Root cause: com.kms.katalon.core.webui.exception.WebElementNotFoundException: Web element with id: 'Object Repository/Equipment/EquipmentPurchase/EPO_Line/EPO_Line_importNO' located by 'By.xpath: //*[@id = 'dlg-tdext8151s000-2-input-button-1']' not found)
[[ATTACHMENT|C:\\Users\\agawhande\\git\\CreditCard\\Reports\\CC_RentalInvoicewithDiffGatewayTestSuite\\20171125_000020\\1511550486396.png]]

2017-11-25 00:38:06 - [TEST_STEP][FAILED] - click: Unable to click on object 'Object Repository/Equipment/EquipmentPurchase/EPO_Line/EPO_Line_SaveNclose' (Root cause: com.kms.katalon.core.webui.exception.WebElementNotFoundException: Web element with id: 'Object Repository/Equipment/EquipmentPurchase/EPO_Line/EPO_Line_SaveNclose' located by 'By.xpath: //*[@id = 'tdext8151s000-2-button-std-file.save_and_close']' not found)

2017-11-25 00:38:37 - [MESSAGE][FAILED] - Unable to click on object 'Object Repository/Equipment/EquipmentPurchase/EPO_Line/EPO_Line_SaveNclose' (Root cause: com.kms.katalon.core.webui.exception.WebElementNotFoundException: Web element with id: 'Object Repository/Equipment/EquipmentPurchase/EPO_Line/EPO_Line_SaveNclose' located by 'By.xpath: //*[@id = 'tdext8151s000-2-button-std-file.save_and_close']' not found)
[[ATTACHMENT|C:\\Users\\agawhande\\git\\CreditCard\\Reports\\CC_RentalInvoicewithDiffGatewayTestSuite\\20171125_000020\\1511550517615.png]]

2017-11-25 00:38:37 - [TEST_STEP][PASSED] - delay: Delayed 2 second(s)

2017-11-25 00:38:39 - [MESSAGE][PASSED] - Delayed 2 second(s)

2017-11-25 00:38:39 - [TEST_STEP][FAILED] - click: Unable to click on object 'Object Repository/Equipment/EquipmentPurchase/EPO_Line/EPO_MultiLine_SavenClose' (Root cause: com.kms.katalon.core.webui.exception.WebElementNotFoundException: Web element with id: 'Object Repository/Equipment/EquipmentPurchase/EPO_Line/EPO_MultiLine_SavenClose' located by 'By.xpath: //*[@id = 'tdext8551m000-1-button-std-file.save_and_close']' not found)

2017-11-25 00:39:11 - [MESSAGE][FAILED] - Unable to click on object 'Object Repository/Equipment/EquipmentPurchase/EPO_Line/EPO_MultiLine_SavenClose' (Root cause: com.kms.katalon.core.webui.exception.WebElementNotFoundException: Web element with id: 'Object Repository/Equipment/EquipmentPurchase/EPO_Line/EPO_MultiLine_SavenClose' located by 'By.xpath: //*[@id = 'tdext8551m000-1-button-std-file.save_and_close']' not found)
[[ATTACHMENT|C:\\Users\\agawhande\\git\\CreditCard\\Reports\\CC_RentalInvoicewithDiffGatewayTestSuite\\20171125_000020\\1511550551000.png]]

2017-11-25 00:39:11 - [MESSAGE][FAILED] - Unable to call Test Case with id 'Test Cases/Equipment/Base_EquipmentPurchase/Base_EPO_CreateHeaderNline' (Root cause: Call Test Case 'Test Cases/Equipment/Base_EquipmentPurchase/Base_EPO_CreateHeaderNline' failed)

2017-11-25 00:39:11 - [MESSAGE][FAILED] - Unable to call Test Case with id 'Test Cases/Equipment/Base_EquipmentPurchase/EPO_CreateNrecieve' (Root cause: Call Test Case 'Test Cases/Equipment/Base_EquipmentPurchase/EPO_CreateNrecieve' failed)

2017-11-25 00:39:11 - [TEST_STEP][FAILED] - callTestCase: Unable to call Test Case with id 'Test Cases/Rental/Base_RentalContract/Base_CreateRentalHeader' (Root cause: Call Test Case 'Test Cases/Rental/Base_RentalContract/Base_CreateRentalHeader' failed)

2017-11-25 00:39:11 - [TEST_CASE][FAILED] - Test Cases/Rental/Base_RentalContract/Base_CreateRentalHeader: Test Cases/Rental/Base_RentalContract/Base_CreateRentalHeader FAILED because (of) Unable to click on object 'Object Repository/Rental/RentalHeader/RentalContract.MultipleInsurence' (Root cause: org.openqa.selenium.WebDriverException: Element <div class="ListOutputField" style="width: 100%;" id="erext4501m001-1-grid-1-erext401.muin-29-0-widget"></div> is not clickable at point (1275, 565.0499877929688). Other element would receive the click: <div class="WindowManagerGlass" style="z-index: 1;"></div>
Command duration or timeout: 92 milliseconds
Build info: version: '2.53.0', revision: '35ae25b', time: '2016-03-15 17:00:58'
System info: host: 'ANIL110', ip: '192.168.25.228', os.name: 'Windows 7', os.arch: 'amd64', os.version: '6.1', java.version: '1.8.0_102'
Driver info: com.kms.katalon.core.webui.driver.firefox.CFirefoxDriver47
Capabilities [{applicationCacheEnabled=true, rotatable=false, handlesAlerts=true, databaseEnabled=true, version=56.0, platform=WINDOWS, nativeEvents=false, acceptSslCerts=true, webStorageEnabled=true, locationContextEnabled=true, browserName=firefox, takesScreenshot=true, javascriptEnabled=true, cssSelectorsEnabled=true}]
Session ID: 1aed1468-e0ae-4487-8a4a-6810664ce06c)

2017-11-25 00:39:11 - [TEST_STEP][PASSED] - callTestCase: Call Test Case 'Test Cases/Common/Base_Common_OpenSession' successfully

2017-11-25 00:39:11 - [TEST_CASE][PASSED] - Test Cases/Common/Base_Common_OpenSession: Test Cases/Common/Base_Common_OpenSession

2017-11-25 00:39:11 - [TEST_STEP][PASSED] - openBrowser: Browser is opened with url: 'https://rgajbhiye:Robin$123@proxima-ln4.e-emphasys.com:8441/webui/servlet/login'

2017-11-25 00:39:11 - [MESSAGE][WARNING] - A browser is already opened. Closing browser and opening a new one

2017-11-25 00:39:17 - [MESSAGE][PASSED] - Browser is opened with url: 'https://rgajbhiye:Robin$123@proxima-ln4.e-emphasys.com:8441/webui/servlet/login'

2017-11-25 00:39:17 - [TEST_STEP][PASSED] - waitForPageLoad: Wait for page load successfully

2017-11-25 00:39:17 - [MESSAGE][PASSED] - Wait for page load successfully

2017-11-25 00:39:17 - [TEST_STEP][PASSED] - maximizeWindow: Current window maximized

2017-11-25 00:39:17 - [MESSAGE][PASSED] - Current window maximized

2017-11-25 00:39:17 - [TEST_STEP][PASSED] - click: Object: 'Object Repository/Common/HomePage/HomePage_more' is clicked on

2017-11-25 00:39:19 - [MESSAGE][PASSED] - Object: 'Object Repository/Common/HomePage/HomePage_more' is clicked on

2017-11-25 00:39:19 - [TEST_STEP][PASSED] - click: Object: 'Object Repository/Common/HomePage/HomePage_Option' is clicked on

2017-11-25 00:39:20 - [MESSAGE][PASSED] - Object: 'Object Repository/Common/HomePage/HomePage_Option' is clicked on

2017-11-25 00:39:20 - [TEST_STEP][PASSED] - click: Object: 'Object Repository/Common/HomePage/HomePage_RunProgram_' is clicked on

2017-11-25 00:39:20 - [MESSAGE][PASSED] - Object: 'Object Repository/Common/HomePage/HomePage_RunProgram_' is clicked on

2017-11-25 00:39:20 - [TEST_STEP][PASSED] - sendKeys: Keys 'erext4100s004' sent to object: 'Object Repository/Common/HomePage/HomePage_Session_ID'

2017-11-25 00:39:20 - [MESSAGE][PASSED] - Keys 'erext4100s004' sent to object: 'Object Repository/Common/HomePage/HomePage_Session_ID'

2017-11-25 00:39:20 - [TEST_STEP][PASSED] - click: Object: 'Object Repository/Common/HomePage/HomePage_OkButton' is clicked on

2017-11-25 00:39:20 - [MESSAGE][PASSED] - Object: 'Object Repository/Common/HomePage/HomePage_OkButton' is clicked on

2017-11-25 00:39:20 - [MESSAGE][PASSED] - Call Test Case 'Test Cases/Common/Base_Common_OpenSession' successfully

2017-11-25 00:39:20 - [TEST_STEP][PASSED] - click: Object: 'Object Repository/Rental/RentalHeader/RentalContract.Customer' is clicked on

2017-11-25 00:39:25 - [MESSAGE][PASSED] - Object: 'Object Repository/Rental/RentalHeader/RentalContract.Customer' is clicked on

2017-11-25 00:39:25 - [TEST_STEP][PASSED] - setText: Text 'M00000010' is set on object 'Object Repository/Rental/RentalHeader/RentalContract.Customer'

2017-11-25 00:39:25 - [MESSAGE][PASSED] - Text 'M00000010' is set on object 'Object Repository/Rental/RentalHeader/RentalContract.Customer'

2017-11-25 00:39:25 - [TEST_STEP][PASSED] - delay: Delayed 2 second(s)

2017-11-25 00:39:27 - [MESSAGE][PASSED] - Delayed 2 second(s)

2017-11-25 00:39:27 - [TEST_STEP][PASSED] - click: Object: 'Object Repository/Rental/RentalHeader/RentalContract.CustPO' is clicked on

2017-11-25 00:39:27 - [MESSAGE][PASSED] - Object: 'Object Repository/Rental/RentalHeader/RentalContract.CustPO' is clicked on

2017-11-25 00:39:27 - [TEST_STEP][PASSED] - delay: Delayed 3 second(s)

2017-11-25 00:39:30 - [MESSAGE][PASSED] - Delayed 3 second(s)

2017-11-25 00:39:30 - [TEST_STEP][PASSED] - click: Object: 'Object Repository/Rental/RentalHeader/RentalContract.OtherDetailsTab' is clicked on

2017-11-25 00:39:30 - [MESSAGE][PASSED] - Object: 'Object Repository/Rental/RentalHeader/RentalContract.OtherDetailsTab' is clicked on

2017-11-25 00:39:30 - [TEST_STEP][PASSED] - delay: Delayed 5 second(s)

2017-11-25 00:39:35 - [MESSAGE][PASSED] - Delayed 5 second(s)

2017-11-25 00:39:35 - [TEST_STEP][PASSED] - click: Object: 'Object Repository/Rental/RentalHeader/Rental Contract.ModeOfPayment' is clicked on

2017-11-25 00:39:35 - [MESSAGE][PASSED] - Object: 'Object Repository/Rental/RentalHeader/Rental Contract.ModeOfPayment' is clicked on

2017-11-25 00:39:35 - [TEST_STEP][PASSED] - delay: Delayed 2 second(s)

2017-11-25 00:39:37 - [MESSAGE][PASSED] - Delayed 2 second(s)

2017-11-25 00:39:37 - [TEST_STEP][PASSED] - click: Object: 'Object Repository/Rental/RentalHeader/RentalContract.CreditCardoption' is clicked on

2017-11-25 00:39:38 - [MESSAGE][PASSED] - Object: 'Object Repository/Rental/RentalHeader/RentalContract.CreditCardoption' is clicked on

2017-11-25 00:39:38 - [TEST_STEP][PASSED] - delay: Delayed 3 second(s)

2017-11-25 00:39:41 - [MESSAGE][PASSED] - Delayed 3 second(s)

2017-11-25 00:39:41 - [TEST_STEP][PASSED] - click: Object: 'Object Repository/Rental/RentalHeader/RentalContract.GeneralTab' is clicked on

2017-11-25 00:39:41 - [MESSAGE][PASSED] - Object: 'Object Repository/Rental/RentalHeader/RentalContract.GeneralTab' is clicked on

2017-11-25 00:39:41 - [TEST_STEP][PASSED] - delay: Delayed 5 second(s)

2017-11-25 00:39:46 - [MESSAGE][PASSED] - Delayed 5 second(s)

2017-11-25 00:39:46 - [TEST_STEP][PASSED] - click: Object: 'Object Repository/Rental/RentalHeader/RentalContract.Newbuttonline' is clicked on

2017-11-25 00:39:46 - [MESSAGE][PASSED] - Object: 'Object Repository/Rental/RentalHeader/RentalContract.Newbuttonline' is clicked on

2017-11-25 00:39:46 - [TEST_STEP][PASSED] - delay: Delayed 5 second(s)

2017-11-25 00:39:51 - [MESSAGE][PASSED] - Delayed 5 second(s)

2017-11-25 00:39:51 - [TEST_STEP][PASSED] - click: Object: 'Object Repository/Rental/RentalHeader/RentalContract.SetLine' is clicked on

2017-11-25 00:39:51 - [MESSAGE][PASSED] - Object: 'Object Repository/Rental/RentalHeader/RentalContract.SetLine' is clicked on

2017-11-25 00:39:51 - [TEST_STEP][PASSED] - delay: Delayed 5 second(s)

2017-11-25 00:39:56 - [MESSAGE][PASSED] - Delayed 5 second(s)

2017-11-25 00:39:56 - [TEST_STEP][PASSED] - scrollToElement: Scroll to object 'Object Repository/Rental/RentalHeader/RentalContract.Unit' successfully

2017-11-25 00:39:56 - [MESSAGE][PASSED] - Scroll to object 'Object Repository/Rental/RentalHeader/RentalContract.Unit' successfully

2017-11-25 00:39:56 - [TEST_STEP][PASSED] - delay: Delayed 3 second(s)

2017-11-25 00:39:59 - [MESSAGE][PASSED] - Delayed 3 second(s)

2017-11-25 00:39:59 - [TEST_STEP][NOT_RUN] - getText: NOT_RUN: getText

2017-11-25 00:39:59 - [MESSAGE][NOT_RUN] - NOT_RUN: getText

2017-11-25 00:39:59 - [TEST_STEP][PASSED] - click: Object: 'Object Repository/Rental/RentalHeader/RentalContract.Unit' is clicked on

2017-11-25 00:40:00 - [MESSAGE][PASSED] - Object: 'Object Repository/Rental/RentalHeader/RentalContract.Unit' is clicked on

2017-11-25 00:40:00 - [TEST_STEP][PASSED] - delay: Delayed 5 second(s)

2017-11-25 00:40:05 - [MESSAGE][PASSED] - Delayed 5 second(s)

2017-11-25 00:40:05 - [TEST_STEP][PASSED] - setText: Text '' is set on object 'Object Repository/Rental/RentalHeader/RentalContract.Unit'

2017-11-25 00:40:05 - [MESSAGE][PASSED] - Text '' is set on object 'Object Repository/Rental/RentalHeader/RentalContract.Unit'

2017-11-25 00:40:05 - [TEST_STEP][PASSED] - delay: Delayed 5 second(s)

2017-11-25 00:40:10 - [MESSAGE][PASSED] - Delayed 5 second(s)

2017-11-25 00:40:10 - [TEST_STEP][PASSED] - scrollToElement: Scroll to object 'Object Repository/Rental/RentalHeader/RentalContract.MultipleInsurence' successfully

2017-11-25 00:40:10 - [MESSAGE][PASSED] - Scroll to object 'Object Repository/Rental/RentalHeader/RentalContract.MultipleInsurence' successfully

2017-11-25 00:40:10 - [TEST_STEP][PASSED] - delay: Delayed 5 second(s)

2017-11-25 00:40:15 - [MESSAGE][PASSED] - Delayed 5 second(s)

2017-11-25 00:40:15 - [TEST_STEP][PASSED] - doubleClick: Object: 'Object Repository/Rental/RentalHeader/RentalContract.MultipleInsurence' is double clicked on

2017-11-25 00:40:15 - [MESSAGE][PASSED] - Object: 'Object Repository/Rental/RentalHeader/RentalContract.MultipleInsurence' is double clicked on

2017-11-25 00:40:15 - [TEST_STEP][PASSED] - delay: Delayed 5 second(s)

2017-11-25 00:40:20 - [MESSAGE][PASSED] - Delayed 5 second(s)

2017-11-25 00:40:20 - [TEST_STEP][FAILED] - click: Unable to click on object 'Object Repository/Rental/RentalHeader/RentalContract.MultipleInsurence' (Root cause: org.openqa.selenium.WebDriverException: Element <div class="ListOutputField" style="width: 100%;" id="erext4501m001-1-grid-1-erext401.muin-29-0-widget"></div> is not clickable at point (1275, 565.0499877929688). Other element would receive the click: <div class="WindowManagerGlass" style="z-index: 1;"></div>
Command duration or timeout: 92 milliseconds
Build info: version: '2.53.0', revision: '35ae25b', time: '2016-03-15 17:00:58'
System info: host: 'ANIL110', ip: '192.168.25.228', os.name: 'Windows 7', os.arch: 'amd64', os.version: '6.1', java.version: '1.8.0_102'
Driver info: com.kms.katalon.core.webui.driver.firefox.CFirefoxDriver47
Capabilities [{applicationCacheEnabled=true, rotatable=false, handlesAlerts=true, databaseEnabled=true, version=56.0, platform=WINDOWS, nativeEvents=false, acceptSslCerts=true, webStorageEnabled=true, locationContextEnabled=true, browserName=firefox, takesScreenshot=true, javascriptEnabled=true, cssSelectorsEnabled=true}]
Session ID: 1aed1468-e0ae-4487-8a4a-6810664ce06c)

2017-11-25 00:40:20 - [MESSAGE][FAILED] - Unable to click on object 'Object Repository/Rental/RentalHeader/RentalContract.MultipleInsurence' (Root cause: org.openqa.selenium.WebDriverException: Element <div class="ListOutputField" style="width: 100%;" id="erext4501m001-1-grid-1-erext401.muin-29-0-widget"></div> is not clickable at point (1275, 565.0499877929688). Other element would receive the click: <div class="WindowManagerGlass" style="z-index: 1;"></div>
Command duration or timeout: 92 milliseconds
Build info: version: '2.53.0', revision: '35ae25b', time: '2016-03-15 17:00:58'
System info: host: 'ANIL110', ip: '192.168.25.228', os.name: 'Windows 7', os.arch: 'amd64', os.version: '6.1', java.version: '1.8.0_102'
Driver info: com.kms.katalon.core.webui.driver.firefox.CFirefoxDriver47
Capabilities [{applicationCacheEnabled=true, rotatable=false, handlesAlerts=true, databaseEnabled=true, version=56.0, platform=WINDOWS, nativeEvents=false, acceptSslCerts=true, webStorageEnabled=true, locationContextEnabled=true, browserName=firefox, takesScreenshot=true, javascriptEnabled=true, cssSelectorsEnabled=true}]
Session ID: 1aed1468-e0ae-4487-8a4a-6810664ce06c)
[[ATTACHMENT|C:\\Users\\agawhande\\git\\CreditCard\\Reports\\CC_RentalInvoicewithDiffGatewayTestSuite\\20171125_000020\\1511550620756.png]]

2017-11-25 00:40:20 - [TEST_STEP][NOT_RUN] - doubleClick: NOT_RUN: doubleClick

2017-11-25 00:40:20 - [MESSAGE][NOT_RUN] - NOT_RUN: doubleClick

2017-11-25 00:40:20 - [TEST_STEP][PASSED] - delay: Delayed 5 second(s)

2017-11-25 00:40:25 - [MESSAGE][PASSED] - Delayed 5 second(s)

2017-11-25 00:40:25 - [TEST_STEP][FAILED] - click: Unable to click on object 'Object Repository/Rental/RentalHeader/RentalContract.MultiInsNO' (Root cause: com.kms.katalon.core.webui.exception.WebElementNotFoundException: Web element with id: 'Object Repository/Rental/RentalHeader/RentalContract.MultiInsNO' located by 'By.xpath: //*[@id = 'item_1-label']' not found)

2017-11-25 00:40:58 - [MESSAGE][FAILED] - Unable to click on object 'Object Repository/Rental/RentalHeader/RentalContract.MultiInsNO' (Root cause: com.kms.katalon.core.webui.exception.WebElementNotFoundException: Web element with id: 'Object Repository/Rental/RentalHeader/RentalContract.MultiInsNO' located by 'By.xpath: //*[@id = 'item_1-label']' not found)
[[ATTACHMENT|C:\\Users\\agawhande\\git\\CreditCard\\Reports\\CC_RentalInvoicewithDiffGatewayTestSuite\\20171125_000020\\1511550658075.png]]

2017-11-25 00:40:58 - [TEST_STEP][PASSED] - delay: Delayed 5 second(s)

2017-11-25 00:41:03 - [MESSAGE][PASSED] - Delayed 5 second(s)

2017-11-25 00:41:03 - [TEST_STEP][PASSED] - scrollToElement: Scroll to object 'Object Repository/Rental/RentalHeader/RentalContract.GrossRateline' successfully

2017-11-25 00:41:03 - [MESSAGE][PASSED] - Scroll to object 'Object Repository/Rental/RentalHeader/RentalContract.GrossRateline' successfully

2017-11-25 00:41:03 - [TEST_STEP][NOT_RUN] - delay: NOT_RUN: delay

2017-11-25 00:41:03 - [MESSAGE][NOT_RUN] - NOT_RUN: delay

2017-11-25 00:41:03 - [TEST_STEP][FAILED] - doubleClick: Unable to double click on object 'Object Repository/Rental/RentalHeader/RentalContract.GrossRateline' (Root cause: org.openqa.selenium.WebDriverException: Element <label class="Label TextOutputField" id="erext4501m001-1-grid-1-erext401.prwd-36-0-widget"></label> is not clickable at point (1331, 565.5333251953125). Other element would receive the click: <div class="WindowManagerGlass" style="z-index: 1;"></div> (WARNING: The server did not provide any stacktrace information)
Command duration or timeout: 23 milliseconds
Build info: version: '2.53.0', revision: '35ae25b', time: '2016-03-15 17:00:58'
System info: host: 'ANIL110', ip: '192.168.25.228', os.name: 'Windows 7', os.arch: 'amd64', os.version: '6.1', java.version: '1.8.0_102'
Driver info: com.kms.katalon.core.webui.driver.firefox.CFirefoxDriver47
Capabilities [{applicationCacheEnabled=true, rotatable=false, handlesAlerts=true, databaseEnabled=true, version=56.0, platform=WINDOWS, nativeEvents=false, acceptSslCerts=true, webStorageEnabled=true, locationContextEnabled=true, browserName=firefox, takesScreenshot=true, javascriptEnabled=true, cssSelectorsEnabled=true}]
Session ID: 1aed1468-e0ae-4487-8a4a-6810664ce06c)

2017-11-25 00:41:03 - [MESSAGE][FAILED] - Unable to double click on object 'Object Repository/Rental/RentalHeader/RentalContract.GrossRateline' (Root cause: org.openqa.selenium.WebDriverException: Element <label class="Label TextOutputField" id="erext4501m001-1-grid-1-erext401.prwd-36-0-widget"></label> is not clickable at point (1331, 565.5333251953125). Other element would receive the click: <div class="WindowManagerGlass" style="z-index: 1;"></div> (WARNING: The server did not provide any stacktrace information)
Command duration or timeout: 23 milliseconds
Build info: version: '2.53.0', revision: '35ae25b', time: '2016-03-15 17:00:58'
System info: host: 'ANIL110', ip: '192.168.25.228', os.name: 'Windows 7', os.arch: 'amd64', os.version: '6.1', java.version: '1.8.0_102'
Driver info: com.kms.katalon.core.webui.driver.firefox.CFirefoxDriver47
Capabilities [{applicationCacheEnabled=true, rotatable=false, handlesAlerts=true, databaseEnabled=true, version=56.0, platform=WINDOWS, nativeEvents=false, acceptSslCerts=true, webStorageEnabled=true, locationContextEnabled=true, browserName=firefox, takesScreenshot=true, javascriptEnabled=true, cssSelectorsEnabled=true}]
Session ID: 1aed1468-e0ae-4487-8a4a-6810664ce06c)
[[ATTACHMENT|C:\\Users\\agawhande\\git\\CreditCard\\Reports\\CC_RentalInvoicewithDiffGatewayTestSuite\\20171125_000020\\1511550663469.png]]

2017-11-25 00:41:03 - [TEST_STEP][PASSED] - delay: Delayed 2 second(s)

2017-11-25 00:41:05 - [MESSAGE][PASSED] - Delayed 2 second(s)

2017-11-25 00:41:05 - [TEST_STEP][FAILED] - click: Unable to click on object 'Object Repository/Rental/RentalHeader/RentalContract.GrossRateline' (Root cause: org.openqa.selenium.WebDriverException: Element <label class="Label TextOutputField" id="erext4501m001-1-grid-1-erext401.prwd-36-0-widget"></label> is not clickable at point (1331, 564.5333251953125). Other element would receive the click: <div class="WindowManagerGlass" style="z-index: 1;"></div>
Command duration or timeout: 98 milliseconds
Build info: version: '2.53.0', revision: '35ae25b', time: '2016-03-15 17:00:58'
System info: host: 'ANIL110', ip: '192.168.25.228', os.name: 'Windows 7', os.arch: 'amd64', os.version: '6.1', java.version: '1.8.0_102'
Driver info: com.kms.katalon.core.webui.driver.firefox.CFirefoxDriver47
Capabilities [{applicationCacheEnabled=true, rotatable=false, handlesAlerts=true, databaseEnabled=true, version=56.0, platform=WINDOWS, nativeEvents=false, acceptSslCerts=true, webStorageEnabled=true, locationContextEnabled=true, browserName=firefox, takesScreenshot=true, javascriptEnabled=true, cssSelectorsEnabled=true}]
Session ID: 1aed1468-e0ae-4487-8a4a-6810664ce06c)

2017-11-25 00:41:05 - [MESSAGE][FAILED] - Unable to click on object 'Object Repository/Rental/RentalHeader/RentalContract.GrossRateline' (Root cause: org.openqa.selenium.WebDriverException: Element <label class="Label TextOutputField" id="erext4501m001-1-grid-1-erext401.prwd-36-0-widget"></label> is not clickable at point (1331, 564.5333251953125). Other element would receive the click: <div class="WindowManagerGlass" style="z-index: 1;"></div>
Command duration or timeout: 98 milliseconds
Build info: version: '2.53.0', revision: '35ae25b', time: '2016-03-15 17:00:58'
System info: host: 'ANIL110', ip: '192.168.25.228', os.name: 'Windows 7', os.arch: 'amd64', os.version: '6.1', java.version: '1.8.0_102'
Driver info: com.kms.katalon.core.webui.driver.firefox.CFirefoxDriver47
Capabilities [{applicationCacheEnabled=true, rotatable=false, handlesAlerts=true, databaseEnabled=true, version=56.0, platform=WINDOWS, nativeEvents=false, acceptSslCerts=true, webStorageEnabled=true, locationContextEnabled=true, browserName=firefox, takesScreenshot=true, javascriptEnabled=true, cssSelectorsEnabled=true}]
Session ID: 1aed1468-e0ae-4487-8a4a-6810664ce06c)
[[ATTACHMENT|C:\\Users\\agawhande\\git\\CreditCard\\Reports\\CC_RentalInvoicewithDiffGatewayTestSuite\\20171125_000020\\1511550665739.png]]

2017-11-25 00:41:05 - [TEST_STEP][PASSED] - delay: Delayed 2 second(s)

2017-11-25 00:41:07 - [MESSAGE][PASSED] - Delayed 2 second(s)

2017-11-25 00:41:07 - [TEST_STEP][FAILED] - setText: Unable to set text '100' of object 'Object Repository/Rental/RentalHeader/RentalContract.GrossRateline' (Root cause: org.openqa.selenium.InvalidElementStateException: Element must be user-editable in order to clear it.
Command duration or timeout: 27 milliseconds
Build info: version: '2.53.0', revision: '35ae25b', time: '2016-03-15 17:00:58'
System info: host: 'ANIL110', ip: '192.168.25.228', os.name: 'Windows 7', os.arch: 'amd64', os.version: '6.1', java.version: '1.8.0_102'
Driver info: com.kms.katalon.core.webui.driver.firefox.CFirefoxDriver47
Capabilities [{applicationCacheEnabled=true, rotatable=false, handlesAlerts=true, databaseEnabled=true, version=56.0, platform=WINDOWS, nativeEvents=false, acceptSslCerts=true, webStorageEnabled=true, locationContextEnabled=true, browserName=firefox, takesScreenshot=true, javascriptEnabled=true, cssSelectorsEnabled=true}]
Session ID: 1aed1468-e0ae-4487-8a4a-6810664ce06c)

2017-11-25 00:41:08 - [MESSAGE][FAILED] - Unable to set text '100' of object 'Object Repository/Rental/RentalHeader/RentalContract.GrossRateline' (Root cause: org.openqa.selenium.InvalidElementStateException: Element must be user-editable in order to clear it.
Command duration or timeout: 27 milliseconds
Build info: version: '2.53.0', revision: '35ae25b', time: '2016-03-15 17:00:58'
System info: host: 'ANIL110', ip: '192.168.25.228', os.name: 'Windows 7', os.arch: 'amd64', os.version: '6.1', java.version: '1.8.0_102'
Driver info: com.kms.katalon.core.webui.driver.firefox.CFirefoxDriver47
Capabilities [{applicationCacheEnabled=true, rotatable=false, handlesAlerts=true, databaseEnabled=true, version=56.0, platform=WINDOWS, nativeEvents=false, acceptSslCerts=true, webStorageEnabled=true, locationContextEnabled=true, browserName=firefox, takesScreenshot=true, javascriptEnabled=true, cssSelectorsEnabled=true}]
Session ID: 1aed1468-e0ae-4487-8a4a-6810664ce06c)
[[ATTACHMENT|C:\\Users\\agawhande\\git\\CreditCard\\Reports\\CC_RentalInvoicewithDiffGatewayTestSuite\\20171125_000020\\1511550667931.png]]

2017-11-25 00:41:08 - [TEST_STEP][PASSED] - delay: Delayed 4 second(s)

2017-11-25 00:41:12 - [MESSAGE][PASSED] - Delayed 4 second(s)

2017-11-25 00:41:12 - [TEST_STEP][FAILED] - click: Unable to click on object 'Object Repository/Rental/RentalHeader/RentalContract.SaveHeader' (Root cause: org.openqa.selenium.WebDriverException: Element <div tabindex="0" class="Button" id="erext4100s004-0-button-std-file.save" draggable="true"></div> is not clickable at point (51, 79). Other element would receive the click: <div class="WindowManagerGlass" style="z-index: 1;"></div>
Command duration or timeout: 76 milliseconds
Build info: version: '2.53.0', revision: '35ae25b', time: '2016-03-15 17:00:58'
System info: host: 'ANIL110', ip: '192.168.25.228', os.name: 'Windows 7', os.arch: 'amd64', os.version: '6.1', java.version: '1.8.0_102'
Driver info: com.kms.katalon.core.webui.driver.firefox.CFirefoxDriver47
Capabilities [{applicationCacheEnabled=true, rotatable=false, handlesAlerts=true, databaseEnabled=true, version=56.0, platform=WINDOWS, nativeEvents=false, acceptSslCerts=true, webStorageEnabled=true, locationContextEnabled=true, browserName=firefox, takesScreenshot=true, javascriptEnabled=true, cssSelectorsEnabled=true}]
Session ID: 1aed1468-e0ae-4487-8a4a-6810664ce06c)

2017-11-25 00:41:12 - [MESSAGE][FAILED] - Unable to click on object 'Object Repository/Rental/RentalHeader/RentalContract.SaveHeader' (Root cause: org.openqa.selenium.WebDriverException: Element <div tabindex="0" class="Button" id="erext4100s004-0-button-std-file.save" draggable="true"></div> is not clickable at point (51, 79). Other element would receive the click: <div class="WindowManagerGlass" style="z-index: 1;"></div>
Command duration or timeout: 76 milliseconds
Build info: version: '2.53.0', revision: '35ae25b', time: '2016-03-15 17:00:58'
System info: host: 'ANIL110', ip: '192.168.25.228', os.name: 'Windows 7', os.arch: 'amd64', os.version: '6.1', java.version: '1.8.0_102'
Driver info: com.kms.katalon.core.webui.driver.firefox.CFirefoxDriver47
Capabilities [{applicationCacheEnabled=true, rotatable=false, handlesAlerts=true, databaseEnabled=true, version=56.0, platform=WINDOWS, nativeEvents=false, acceptSslCerts=true, webStorageEnabled=true, locationContextEnabled=true, browserName=firefox, takesScreenshot=true, javascriptEnabled=true, cssSelectorsEnabled=true}]
Session ID: 1aed1468-e0ae-4487-8a4a-6810664ce06c)
[[ATTACHMENT|C:\\Users\\agawhande\\git\\CreditCard\\Reports\\CC_RentalInvoicewithDiffGatewayTestSuite\\20171125_000020\\1511550672171.png]]

2017-11-25 00:41:12 - [TEST_STEP][PASSED] - delay: Delayed 5 second(s)

2017-11-25 00:41:17 - [MESSAGE][PASSED] - Delayed 5 second(s)

2017-11-25 00:41:17 - [TEST_STEP][FAILED] - click: Unable to click on object 'Object Repository/Rental/RentalHeader/RentalContract.Action' (Root cause: org.openqa.selenium.WebDriverException: Element <div tabindex="0" class="Button MenuButton TextButton" id="erext4501m001-1-button-std:action"></div> is not clickable at point (708, 446.01666259765625). Other element would receive the click: <div class="WindowManagerGlass" style="z-index: 1;"></div>
Command duration or timeout: 83 milliseconds
Build info: version: '2.53.0', revision: '35ae25b', time: '2016-03-15 17:00:58'
System info: host: 'ANIL110', ip: '192.168.25.228', os.name: 'Windows 7', os.arch: 'amd64', os.version: '6.1', java.version: '1.8.0_102'
Driver info: com.kms.katalon.core.webui.driver.firefox.CFirefoxDriver47
Capabilities [{applicationCacheEnabled=true, rotatable=false, handlesAlerts=true, databaseEnabled=true, version=56.0, platform=WINDOWS, nativeEvents=false, acceptSslCerts=true, webStorageEnabled=true, locationContextEnabled=true, browserName=firefox, takesScreenshot=true, javascriptEnabled=true, cssSelectorsEnabled=true}]
Session ID: 1aed1468-e0ae-4487-8a4a-6810664ce06c)

2017-11-25 00:41:17 - [MESSAGE][FAILED] - Unable to click on object 'Object Repository/Rental/RentalHeader/RentalContract.Action' (Root cause: org.openqa.selenium.WebDriverException: Element <div tabindex="0" class="Button MenuButton TextButton" id="erext4501m001-1-button-std:action"></div> is not clickable at point (708, 446.01666259765625). Other element would receive the click: <div class="WindowManagerGlass" style="z-index: 1;"></div>
Command duration or timeout: 83 milliseconds
Build info: version: '2.53.0', revision: '35ae25b', time: '2016-03-15 17:00:58'
System info: host: 'ANIL110', ip: '192.168.25.228', os.name: 'Windows 7', os.arch: 'amd64', os.version: '6.1', java.version: '1.8.0_102'
Driver info: com.kms.katalon.core.webui.driver.firefox.CFirefoxDriver47
Capabilities [{applicationCacheEnabled=true, rotatable=false, handlesAlerts=true, databaseEnabled=true, version=56.0, platform=WINDOWS, nativeEvents=false, acceptSslCerts=true, webStorageEnabled=true, locationContextEnabled=true, browserName=firefox, takesScreenshot=true, javascriptEnabled=true, cssSelectorsEnabled=true}]
Session ID: 1aed1468-e0ae-4487-8a4a-6810664ce06c)
[[ATTACHMENT|C:\\Users\\agawhande\\git\\CreditCard\\Reports\\CC_RentalInvoicewithDiffGatewayTestSuite\\20171125_000020\\1511550677414.png]]

2017-11-25 00:41:17 - [TEST_STEP][PASSED] - delay: Delayed 8 second(s)

2017-11-25 00:41:25 - [MESSAGE][PASSED] - Delayed 8 second(s)

2017-11-25 00:41:25 - [TEST_STEP][FAILED] - click: Unable to click on object 'Object Repository/Rental/RentalHeader/RentalContract.Release' (Root cause: com.kms.katalon.core.webui.exception.WebElementNotFoundException: Web element with id: 'Object Repository/Rental/RentalHeader/RentalContract.Release' located by 'By.xpath: //*[@id = 'erext4501m001-1-menu-std:action-form-to.erext4201m001']' not found)

2017-11-25 00:41:57 - [MESSAGE][FAILED] - Unable to click on object 'Object Repository/Rental/RentalHeader/RentalContract.Release' (Root cause: com.kms.katalon.core.webui.exception.WebElementNotFoundException: Web element with id: 'Object Repository/Rental/RentalHeader/RentalContract.Release' located by 'By.xpath: //*[@id = 'erext4501m001-1-menu-std:action-form-to.erext4201m001']' not found)
[[ATTACHMENT|C:\\Users\\agawhande\\git\\CreditCard\\Reports\\CC_RentalInvoicewithDiffGatewayTestSuite\\20171125_000020\\1511550717672.png]]

2017-11-25 00:41:57 - [TEST_STEP][PASSED] - delay: Delayed 12 second(s)

2017-11-25 00:42:09 - [MESSAGE][PASSED] - Delayed 12 second(s)

2017-11-25 00:42:09 - [TEST_STEP][FAILED] - click: Unable to click on object 'Object Repository/Rental/RentalHeader/RentalContract.ActionDelivery' (Root cause: com.kms.katalon.core.webui.exception.WebElementNotFoundException: Web element with id: 'Object Repository/Rental/RentalHeader/RentalContract.ActionDelivery' located by 'By.xpath: //*[@id = 'erext9502m001-2-button-std:action']' not found)

2017-11-25 00:42:41 - [MESSAGE][FAILED] - Unable to click on object 'Object Repository/Rental/RentalHeader/RentalContract.ActionDelivery' (Root cause: com.kms.katalon.core.webui.exception.WebElementNotFoundException: Web element with id: 'Object Repository/Rental/RentalHeader/RentalContract.ActionDelivery' located by 'By.xpath: //*[@id = 'erext9502m001-2-button-std:action']' not found)
[[ATTACHMENT|C:\\Users\\agawhande\\git\\CreditCard\\Reports\\CC_RentalInvoicewithDiffGatewayTestSuite\\20171125_000020\\1511550761857.png]]

2017-11-25 00:42:41 - [TEST_STEP][PASSED] - delay: Delayed 6 second(s)

2017-11-25 00:42:47 - [MESSAGE][PASSED] - Delayed 6 second(s)

2017-11-25 00:42:47 - [TEST_STEP][FAILED] - click: Unable to click on object 'Object Repository/Rental/RentalHeader/RentalContract.ConfirmDelivery' (Root cause: com.kms.katalon.core.webui.exception.WebElementNotFoundException: Web element with id: 'Object Repository/Rental/RentalHeader/RentalContract.ConfirmDelivery' located by 'By.xpath: //*[@id = 'erext9502m001-2-menu-std:action-form-confirm.delv']' not found)

2017-11-25 00:43:20 - [MESSAGE][FAILED] - Unable to click on object 'Object Repository/Rental/RentalHeader/RentalContract.ConfirmDelivery' (Root cause: com.kms.katalon.core.webui.exception.WebElementNotFoundException: Web element with id: 'Object Repository/Rental/RentalHeader/RentalContract.ConfirmDelivery' located by 'By.xpath: //*[@id = 'erext9502m001-2-menu-std:action-form-confirm.delv']' not found)
[[ATTACHMENT|C:\\Users\\agawhande\\git\\CreditCard\\Reports\\CC_RentalInvoicewithDiffGatewayTestSuite\\20171125_000020\\1511550800026.png]]

2017-11-25 00:43:20 - [TEST_STEP][PASSED] - delay: Delayed 8 second(s)

2017-11-25 00:43:28 - [MESSAGE][PASSED] - Delayed 8 second(s)

2017-11-25 00:43:28 - [TEST_STEP][NOT_RUN] - waitForElementPresent: NOT_RUN: waitForElementPresent

2017-11-25 00:43:28 - [MESSAGE][NOT_RUN] - NOT_RUN: waitForElementPresent

2017-11-25 00:43:28 - [TEST_STEP][NOT_RUN] - delay: NOT_RUN: delay

2017-11-25 00:43:28 - [MESSAGE][NOT_RUN] - NOT_RUN: delay

2017-11-25 00:43:28 - [TEST_STEP][FAILED] - click: Unable to click on object 'Object Repository/Rental/RentalHeader/RentalContract.DeliveryProceed' (Root cause: com.kms.katalon.core.webui.exception.WebElementNotFoundException: Web element with id: 'Object Repository/Rental/RentalHeader/RentalContract.DeliveryProceed' located by 'By.xpath: //*[@id = 'dlg-erext9502m001-2-input-button-0']' not found)

2017-11-25 00:44:00 - [MESSAGE][FAILED] - Unable to click on object 'Object Repository/Rental/RentalHeader/RentalContract.DeliveryProceed' (Root cause: com.kms.katalon.core.webui.exception.WebElementNotFoundException: Web element with id: 'Object Repository/Rental/RentalHeader/RentalContract.DeliveryProceed' located by 'By.xpath: //*[@id = 'dlg-erext9502m001-2-input-button-0']' not found)
[[ATTACHMENT|C:\\Users\\agawhande\\git\\CreditCard\\Reports\\CC_RentalInvoicewithDiffGatewayTestSuite\\20171125_000020\\1511550840249.png]]

2017-11-25 00:44:00 - [TEST_STEP][PASSED] - delay: Delayed 12 second(s)

2017-11-25 00:44:12 - [MESSAGE][PASSED] - Delayed 12 second(s)

2017-11-25 00:44:12 - [TEST_STEP][NOT_RUN] - waitForElementPresent: NOT_RUN: waitForElementPresent

2017-11-25 00:44:12 - [MESSAGE][NOT_RUN] - NOT_RUN: waitForElementPresent

2017-11-25 00:44:12 - [TEST_STEP][NOT_RUN] - delay: NOT_RUN: delay

2017-11-25 00:44:12 - [MESSAGE][NOT_RUN] - NOT_RUN: delay

2017-11-25 00:44:12 - [TEST_STEP][NOT_RUN] - click: NOT_RUN: click

2017-11-25 00:44:12 - [MESSAGE][NOT_RUN] - NOT_RUN: click

2017-11-25 00:44:12 - [TEST_STEP][PASSED] - delay: Delayed 8 second(s)

2017-11-25 00:44:20 - [MESSAGE][PASSED] - Delayed 8 second(s)

2017-11-25 00:44:20 - [TEST_STEP][FAILED] - click: Unable to click on object 'Object Repository/Rental/RentalHeader/RentalContract.InspetionReportClose' (Root cause: com.kms.katalon.core.webui.exception.WebElementNotFoundException: Web element with id: 'Object Repository/Rental/RentalHeader/RentalContract.InspetionReportClose' located by 'By.xpath: //*[@id = 'ttstpsplopen-5-button-std-file.close-label']' not found)

2017-11-25 00:44:52 - [MESSAGE][FAILED] - Unable to click on object 'Object Repository/Rental/RentalHeader/RentalContract.InspetionReportClose' (Root cause: com.kms.katalon.core.webui.exception.WebElementNotFoundException: Web element with id: 'Object Repository/Rental/RentalHeader/RentalContract.InspetionReportClose' located by 'By.xpath: //*[@id = 'ttstpsplopen-5-button-std-file.close-label']' not found)
[[ATTACHMENT|C:\\Users\\agawhande\\git\\CreditCard\\Reports\\CC_RentalInvoicewithDiffGatewayTestSuite\\20171125_000020\\1511550892446.png]]

2017-11-25 00:44:52 - [TEST_STEP][PASSED] - delay: Delayed 5 second(s)

2017-11-25 00:44:57 - [MESSAGE][PASSED] - Delayed 5 second(s)

2017-11-25 00:44:57 - [TEST_STEP][FAILED] - click: Unable to click on object 'Object Repository/Rental/RentalHeader/RentalContract.BillofLaddingClosed' (Root cause: com.kms.katalon.core.webui.exception.WebElementNotFoundException: Web element with id: 'Object Repository/Rental/RentalHeader/RentalContract.BillofLaddingClosed' located by 'By.xpath: //*[@id = 'ttstpsplopen-6-button-std-file.close-label']' not found)

2017-11-25 00:45:29 - [MESSAGE][FAILED] - Unable to click on object 'Object Repository/Rental/RentalHeader/RentalContract.BillofLaddingClosed' (Root cause: com.kms.katalon.core.webui.exception.WebElementNotFoundException: Web element with id: 'Object Repository/Rental/RentalHeader/RentalContract.BillofLaddingClosed' located by 'By.xpath: //*[@id = 'ttstpsplopen-6-button-std-file.close-label']' not found)
[[ATTACHMENT|C:\\Users\\agawhande\\git\\CreditCard\\Reports\\CC_RentalInvoicewithDiffGatewayTestSuite\\20171125_000020\\1511550929763.png]]

2017-11-25 00:45:29 - [TEST_STEP][PASSED] - delay: Delayed 5 second(s)

2017-11-25 00:45:34 - [MESSAGE][PASSED] - Delayed 5 second(s)

2017-11-25 00:45:34 - [TEST_STEP][FAILED] - click: Unable to click on object 'Object Repository/Rental/RentalHeader/RentalContract.EqipRentalMemoclosed' (Root cause: com.kms.katalon.core.webui.exception.WebElementNotFoundException: Web element with id: 'Object Repository/Rental/RentalHeader/RentalContract.EqipRentalMemoclosed' located by 'By.xpath: //*[@id = 'ttstpsplopen-8-button-std-file.close-label']' not found)

2017-11-25 00:46:07 - [MESSAGE][FAILED] - Unable to click on object 'Object Repository/Rental/RentalHeader/RentalContract.EqipRentalMemoclosed' (Root cause: com.kms.katalon.core.webui.exception.WebElementNotFoundException: Web element with id: 'Object Repository/Rental/RentalHeader/RentalContract.EqipRentalMemoclosed' located by 'By.xpath: //*[@id = 'ttstpsplopen-8-button-std-file.close-label']' not found)
[[ATTACHMENT|C:\\Users\\agawhande\\git\\CreditCard\\Reports\\CC_RentalInvoicewithDiffGatewayTestSuite\\20171125_000020\\1511550966880.png]]

2017-11-25 00:46:07 - [TEST_STEP][PASSED] - delay: Delayed 5 second(s)

2017-11-25 00:46:12 - [MESSAGE][PASSED] - Delayed 5 second(s)

2017-11-25 00:46:12 - [TEST_STEP][FAILED] - click: Unable to click on object 'Object Repository/Rental/RentalHeader/RentalContract.InspectionOrdergnerated' (Root cause: com.kms.katalon.core.webui.exception.WebElementNotFoundException: Web element with id: 'Object Repository/Rental/RentalHeader/RentalContract.InspectionOrdergnerated' located by 'By.xpath: //*[@id = 'dlg-erext4205m000-3-input-button-0-label']' not found)

2017-11-25 00:46:44 - [MESSAGE][FAILED] - Unable to click on object 'Object Repository/Rental/RentalHeader/RentalContract.InspectionOrdergnerated' (Root cause: com.kms.katalon.core.webui.exception.WebElementNotFoundException: Web element with id: 'Object Repository/Rental/RentalHeader/RentalContract.InspectionOrdergnerated' located by 'By.xpath: //*[@id = 'dlg-erext4205m000-3-input-button-0-label']' not found)
[[ATTACHMENT|C:\\Users\\agawhande\\git\\CreditCard\\Reports\\CC_RentalInvoicewithDiffGatewayTestSuite\\20171125_000020\\1511551004232.png]]

2017-11-25 00:46:44 - [MESSAGE][FAILED] - Unable to call Test Case with id 'Test Cases/Rental/Base_RentalContract/Base_CreateRentalHeader' (Root cause: Call Test Case 'Test Cases/Rental/Base_RentalContract/Base_CreateRentalHeader' failed)

2017-11-25 00:46:44 - [TEST_STEP][FAILED] - callTestCase: Unable to call Test Case with id 'Test Cases/Rental/Base_RentalContract/Base_CreateRentalInvoice_CC' (Root cause: Call Test Case 'Test Cases/Rental/Base_RentalContract/Base_CreateRentalInvoice_CC' failed)

2017-11-25 00:46:44 - [TEST_CASE][FAILED] - Test Cases/Rental/Base_RentalContract/Base_CreateRentalInvoice_CC: Test Cases/Rental/Base_RentalContract/Base_CreateRentalInvoice_CC FAILED because (of) Unable to click on object 'Object Repository/Rental/RentalHeader/RentalInvoice/RentalInvoice.InvoicingscheduleTab' (Root cause: org.openqa.selenium.WebDriverException: Element <label class="Label" id="erext4100s004-0-satellites-bar-page-3-label"></label> is not clickable at point (350, 418). Other element would receive the click: <div class="WindowManagerGlass" style="z-index: 1;"></div>
Command duration or timeout: 91 milliseconds
Build info: version: '2.53.0', revision: '35ae25b', time: '2016-03-15 17:00:58'
System info: host: 'ANIL110', ip: '192.168.25.228', os.name: 'Windows 7', os.arch: 'amd64', os.version: '6.1', java.version: '1.8.0_102'
Driver info: com.kms.katalon.core.webui.driver.firefox.CFirefoxDriver47
Capabilities [{applicationCacheEnabled=true, rotatable=false, handlesAlerts=true, databaseEnabled=true, version=56.0, platform=WINDOWS, nativeEvents=false, acceptSslCerts=true, webStorageEnabled=true, locationContextEnabled=true, browserName=firefox, takesScreenshot=true, javascriptEnabled=true, cssSelectorsEnabled=true}]
Session ID: 1aed1468-e0ae-4487-8a4a-6810664ce06c)

2017-11-25 00:46:44 - [TEST_STEP][NOT_RUN] - callTestCase: NOT_RUN: callTestCase

2017-11-25 00:46:44 - [MESSAGE][NOT_RUN] - NOT_RUN: callTestCase

2017-11-25 00:46:44 - [TEST_STEP][PASSED] - delay: Delayed 4 second(s)

2017-11-25 00:46:48 - [MESSAGE][PASSED] - Delayed 4 second(s)

2017-11-25 00:46:48 - [TEST_STEP][FAILED] - click: Unable to click on object 'Object Repository/Rental/RentalHeader/RentalInvoice/RentalInvoice.InvoicingscheduleTab' (Root cause: org.openqa.selenium.WebDriverException: Element <label class="Label" id="erext4100s004-0-satellites-bar-page-3-label"></label> is not clickable at point (350, 418). Other element would receive the click: <div class="WindowManagerGlass" style="z-index: 1;"></div>
Command duration or timeout: 91 milliseconds
Build info: version: '2.53.0', revision: '35ae25b', time: '2016-03-15 17:00:58'
System info: host: 'ANIL110', ip: '192.168.25.228', os.name: 'Windows 7', os.arch: 'amd64', os.version: '6.1', java.version: '1.8.0_102'
Driver info: com.kms.katalon.core.webui.driver.firefox.CFirefoxDriver47
Capabilities [{applicationCacheEnabled=true, rotatable=false, handlesAlerts=true, databaseEnabled=true, version=56.0, platform=WINDOWS, nativeEvents=false, acceptSslCerts=true, webStorageEnabled=true, locationContextEnabled=true, browserName=firefox, takesScreenshot=true, javascriptEnabled=true, cssSelectorsEnabled=true}]
Session ID: 1aed1468-e0ae-4487-8a4a-6810664ce06c)

2017-11-25 00:46:49 - [MESSAGE][FAILED] - Unable to click on object 'Object Repository/Rental/RentalHeader/RentalInvoice/RentalInvoice.InvoicingscheduleTab' (Root cause: org.openqa.selenium.WebDriverException: Element <label class="Label" id="erext4100s004-0-satellites-bar-page-3-label"></label> is not clickable at point (350, 418). Other element would receive the click: <div class="WindowManagerGlass" style="z-index: 1;"></div>
Command duration or timeout: 91 milliseconds
Build info: version: '2.53.0', revision: '35ae25b', time: '2016-03-15 17:00:58'
System info: host: 'ANIL110', ip: '192.168.25.228', os.name: 'Windows 7', os.arch: 'amd64', os.version: '6.1', java.version: '1.8.0_102'
Driver info: com.kms.katalon.core.webui.driver.firefox.CFirefoxDriver47
Capabilities [{applicationCacheEnabled=true, rotatable=false, handlesAlerts=true, databaseEnabled=true, version=56.0, platform=WINDOWS, nativeEvents=false, acceptSslCerts=true, webStorageEnabled=true, locationContextEnabled=true, browserName=firefox, takesScreenshot=true, javascriptEnabled=true, cssSelectorsEnabled=true}]
Session ID: 1aed1468-e0ae-4487-8a4a-6810664ce06c)
[[ATTACHMENT|C:\\Users\\agawhande\\git\\CreditCard\\Reports\\CC_RentalInvoicewithDiffGatewayTestSuite\\20171125_000020\\1511551008930.png]]

2017-11-25 00:46:49 - [TEST_STEP][PASSED] - delay: Delayed 4 second(s)

2017-11-25 00:46:53 - [MESSAGE][PASSED] - Delayed 4 second(s)

2017-11-25 00:46:53 - [TEST_STEP][FAILED] - click: Unable to click on object 'Object Repository/Rental/RentalHeader/RentalInvoice/RentalInvoice.Action' (Root cause: com.kms.katalon.core.webui.exception.WebElementNotFoundException: Web element with id: 'Object Repository/Rental/RentalHeader/RentalInvoice/RentalInvoice.Action' located by 'By.xpath: //*[@id = 'erext4505m002-9-button-std:action']' not found)

2017-11-25 00:47:25 - [MESSAGE][FAILED] - Unable to click on object 'Object Repository/Rental/RentalHeader/RentalInvoice/RentalInvoice.Action' (Root cause: com.kms.katalon.core.webui.exception.WebElementNotFoundException: Web element with id: 'Object Repository/Rental/RentalHeader/RentalInvoice/RentalInvoice.Action' located by 'By.xpath: //*[@id = 'erext4505m002-9-button-std:action']' not found)
[[ATTACHMENT|C:\\Users\\agawhande\\git\\CreditCard\\Reports\\CC_RentalInvoicewithDiffGatewayTestSuite\\20171125_000020\\1511551045040.png]]

2017-11-25 00:47:25 - [TEST_STEP][PASSED] - delay: Delayed 4 second(s)

2017-11-25 00:47:29 - [MESSAGE][PASSED] - Delayed 4 second(s)

2017-11-25 00:47:29 - [TEST_STEP][FAILED] - click: Unable to click on object 'Object Repository/Rental/RentalHeader/RentalInvoice/RentalInvoice.ProcessInvoice' (Root cause: com.kms.katalon.core.webui.exception.WebElementNotFoundException: Web element with id: 'Object Repository/Rental/RentalHeader/RentalInvoice/RentalInvoice.ProcessInvoice' located by 'By.xpath: //*[@id = 'erext4505m002-9-menu-std:action-form-exec.user.0-label']' not found)

2017-11-25 00:48:01 - [MESSAGE][FAILED] - Unable to click on object 'Object Repository/Rental/RentalHeader/RentalInvoice/RentalInvoice.ProcessInvoice' (Root cause: com.kms.katalon.core.webui.exception.WebElementNotFoundException: Web element with id: 'Object Repository/Rental/RentalHeader/RentalInvoice/RentalInvoice.ProcessInvoice' located by 'By.xpath: //*[@id = 'erext4505m002-9-menu-std:action-form-exec.user.0-label']' not found)
[[ATTACHMENT|C:\\Users\\agawhande\\git\\CreditCard\\Reports\\CC_RentalInvoicewithDiffGatewayTestSuite\\20171125_000020\\1511551081245.png]]

2017-11-25 00:48:01 - [TEST_STEP][PASSED] - delay: Delayed 4 second(s)

2017-11-25 00:48:05 - [MESSAGE][PASSED] - Delayed 4 second(s)

2017-11-25 00:48:05 - [TEST_STEP][FAILED] - click: Unable to click on object 'Object Repository/Rental/RentalHeader/RentalInvoice/RentalInvoice.ProcessInvoice2' (Root cause: com.kms.katalon.core.webui.exception.WebElementNotFoundException: Web element with id: 'Object Repository/Rental/RentalHeader/RentalInvoice/RentalInvoice.ProcessInvoice2' located by 'By.xpath: //*[@id = 'erext4203m001-10-button-form-exec.cont.process-label']' not found)

2017-11-25 00:48:37 - [MESSAGE][FAILED] - Unable to click on object 'Object Repository/Rental/RentalHeader/RentalInvoice/RentalInvoice.ProcessInvoice2' (Root cause: com.kms.katalon.core.webui.exception.WebElementNotFoundException: Web element with id: 'Object Repository/Rental/RentalHeader/RentalInvoice/RentalInvoice.ProcessInvoice2' located by 'By.xpath: //*[@id = 'erext4203m001-10-button-form-exec.cont.process-label']' not found)
[[ATTACHMENT|C:\\Users\\agawhande\\git\\CreditCard\\Reports\\CC_RentalInvoicewithDiffGatewayTestSuite\\20171125_000020\\1511551117407.png]]

2017-11-25 00:48:37 - [TEST_STEP][PASSED] - delay: Delayed 0 second(s)

2017-11-25 00:48:37 - [MESSAGE][PASSED] - Delayed 0 second(s)

2017-11-25 00:48:37 - [TEST_STEP][FAILED] - click: Unable to click on object 'Object Repository/Rental/RentalHeader/RentalInvoice/RentalInvoice.InvoiceProcessYES' (Root cause: com.kms.katalon.core.webui.exception.WebElementNotFoundException: Web element with id: 'Object Repository/Rental/RentalHeader/RentalInvoice/RentalInvoice.InvoiceProcessYES' located by 'By.xpath: //*[@id = 'dlg-erext4203m001-10-input-button-0-label']' not found)

2017-11-25 00:49:09 - [MESSAGE][FAILED] - Unable to click on object 'Object Repository/Rental/RentalHeader/RentalInvoice/RentalInvoice.InvoiceProcessYES' (Root cause: com.kms.katalon.core.webui.exception.WebElementNotFoundException: Web element with id: 'Object Repository/Rental/RentalHeader/RentalInvoice/RentalInvoice.InvoiceProcessYES' located by 'By.xpath: //*[@id = 'dlg-erext4203m001-10-input-button-0-label']' not found)
[[ATTACHMENT|C:\\Users\\agawhande\\git\\CreditCard\\Reports\\CC_RentalInvoicewithDiffGatewayTestSuite\\20171125_000020\\1511551149561.png]]

2017-11-25 00:49:09 - [TEST_STEP][PASSED] - delay: Delayed 0 second(s)

2017-11-25 00:49:09 - [MESSAGE][PASSED] - Delayed 0 second(s)

2017-11-25 00:49:09 - [TEST_STEP][FAILED] - setText: Unable to set text 'PUBL' of object 'Object Repository/Rental/RentalHeader/RentalInvoice/ServiceCreditCard.PaymentGateway' (Root cause: com.kms.katalon.core.webui.exception.WebElementNotFoundException: Web element with id: 'Object Repository/Rental/RentalHeader/RentalInvoice/ServiceCreditCard.PaymentGateway' located by 'By.xpath: //*[@id = 'xiext6102m000-11-pay.gateway-1-lookup-widget']' not found)

2017-11-25 00:49:41 - [MESSAGE][FAILED] - Unable to set text 'PUBL' of object 'Object Repository/Rental/RentalHeader/RentalInvoice/ServiceCreditCard.PaymentGateway' (Root cause: com.kms.katalon.core.webui.exception.WebElementNotFoundException: Web element with id: 'Object Repository/Rental/RentalHeader/RentalInvoice/ServiceCreditCard.PaymentGateway' located by 'By.xpath: //*[@id = 'xiext6102m000-11-pay.gateway-1-lookup-widget']' not found)
[[ATTACHMENT|C:\\Users\\agawhande\\git\\CreditCard\\Reports\\CC_RentalInvoicewithDiffGatewayTestSuite\\20171125_000020\\1511551181708.png]]

2017-11-25 00:49:41 - [TEST_STEP][NOT_RUN] - sendKeys: NOT_RUN: sendKeys

2017-11-25 00:49:41 - [MESSAGE][NOT_RUN] - NOT_RUN: sendKeys

2017-11-25 00:49:41 - [TEST_STEP][FAILED] - doubleClick: Unable to double click on object 'Object Repository/Rental/RentalHeader/RentalInvoice/ServiceCreditCard.CardType' (Root cause: com.kms.katalon.core.webui.exception.WebElementNotFoundException: Web element with id: 'Object Repository/Rental/RentalHeader/RentalInvoice/ServiceCreditCard.CardType' located by 'By.xpath: //*[@id = 'xiext6102m000-11-card.type-3-lookup-widget']' not found)

2017-11-25 00:50:14 - [MESSAGE][FAILED] - Unable to double click on object 'Object Repository/Rental/RentalHeader/RentalInvoice/ServiceCreditCard.CardType' (Root cause: com.kms.katalon.core.webui.exception.WebElementNotFoundException: Web element with id: 'Object Repository/Rental/RentalHeader/RentalInvoice/ServiceCreditCard.CardType' located by 'By.xpath: //*[@id = 'xiext6102m000-11-card.type-3-lookup-widget']' not found)
[[ATTACHMENT|C:\\Users\\agawhande\\git\\CreditCard\\Reports\\CC_RentalInvoicewithDiffGatewayTestSuite\\20171125_000020\\1511551213941.png]]

2017-11-25 00:50:14 - [TEST_STEP][FAILED] - setText: Unable to set text 'Visa Card' of object 'Object Repository/Rental/RentalHeader/RentalInvoice/ServiceCreditCard.CardType' (Root cause: com.kms.katalon.core.webui.exception.WebElementNotFoundException: Web element with id: 'Object Repository/Rental/RentalHeader/RentalInvoice/ServiceCreditCard.CardType' located by 'By.xpath: //*[@id = 'xiext6102m000-11-card.type-3-lookup-widget']' not found)

2017-11-25 00:50:46 - [MESSAGE][FAILED] - Unable to set text 'Visa Card' of object 'Object Repository/Rental/RentalHeader/RentalInvoice/ServiceCreditCard.CardType' (Root cause: com.kms.katalon.core.webui.exception.WebElementNotFoundException: Web element with id: 'Object Repository/Rental/RentalHeader/RentalInvoice/ServiceCreditCard.CardType' located by 'By.xpath: //*[@id = 'xiext6102m000-11-card.type-3-lookup-widget']' not found)
[[ATTACHMENT|C:\\Users\\agawhande\\git\\CreditCard\\Reports\\CC_RentalInvoicewithDiffGatewayTestSuite\\20171125_000020\\1511551245996.png]]

2017-11-25 00:50:46 - [TEST_STEP][PASSED] - delay: Delayed 2 second(s)

2017-11-25 00:50:48 - [MESSAGE][PASSED] - Delayed 2 second(s)

2017-11-25 00:50:48 - [TEST_STEP][FAILED] - doubleClick: Unable to double click on object 'Object Repository/Rental/RentalHeader/RentalInvoice/ServiceCreditCard.Enter CC No' (Root cause: com.kms.katalon.core.webui.exception.WebElementNotFoundException: Web element with id: 'Object Repository/Rental/RentalHeader/RentalInvoice/ServiceCreditCard.Enter CC No' located by 'By.xpath: //*[@id = 'xiext6102m000-11-cardno-7-lookup-widget']' not found)

2017-11-25 00:51:20 - [MESSAGE][FAILED] - Unable to double click on object 'Object Repository/Rental/RentalHeader/RentalInvoice/ServiceCreditCard.Enter CC No' (Root cause: com.kms.katalon.core.webui.exception.WebElementNotFoundException: Web element with id: 'Object Repository/Rental/RentalHeader/RentalInvoice/ServiceCreditCard.Enter CC No' located by 'By.xpath: //*[@id = 'xiext6102m000-11-cardno-7-lookup-widget']' not found)
[[ATTACHMENT|C:\\Users\\agawhande\\git\\CreditCard\\Reports\\CC_RentalInvoicewithDiffGatewayTestSuite\\20171125_000020\\1511551280281.png]]

2017-11-25 00:51:20 - [TEST_STEP][FAILED] - sendKeys: Unable to send keys '4012000033330026' to object 'Object Repository/Rental/RentalHeader/RentalInvoice/ServiceCreditCard.Enter CC No' (Root cause: com.kms.katalon.core.webui.exception.WebElementNotFoundException: Web element with id: 'Object Repository/Rental/RentalHeader/RentalInvoice/ServiceCreditCard.Enter CC No' located by 'By.xpath: //*[@id = 'xiext6102m000-11-cardno-7-lookup-widget']' not found)

2017-11-25 00:51:52 - [MESSAGE][FAILED] - Unable to send keys '4012000033330026' to object 'Object Repository/Rental/RentalHeader/RentalInvoice/ServiceCreditCard.Enter CC No' (Root cause: com.kms.katalon.core.webui.exception.WebElementNotFoundException: Web element with id: 'Object Repository/Rental/RentalHeader/RentalInvoice/ServiceCreditCard.Enter CC No' located by 'By.xpath: //*[@id = 'xiext6102m000-11-cardno-7-lookup-widget']' not found)
[[ATTACHMENT|C:\\Users\\agawhande\\git\\CreditCard\\Reports\\CC_RentalInvoicewithDiffGatewayTestSuite\\20171125_000020\\1511551312288.png]]

2017-11-25 00:51:52 - [TEST_STEP][PASSED] - delay: Delayed 2 second(s)

2017-11-25 00:51:54 - [MESSAGE][PASSED] - Delayed 2 second(s)

2017-11-25 00:51:54 - [TEST_STEP][FAILED] - click: Unable to click on object 'Object Repository/Rental/RentalHeader/RentalInvoice/ServiceCreditCard.CVV2' (Root cause: com.kms.katalon.core.webui.exception.WebElementNotFoundException: Web element with id: 'Object Repository/Rental/RentalHeader/RentalInvoice/ServiceCreditCard.CVV2' located by 'By.xpath: //*[@id = 'xiext6102m000-11-cvv.no-8-decorator']' not found)

2017-11-25 00:52:26 - [MESSAGE][FAILED] - Unable to click on object 'Object Repository/Rental/RentalHeader/RentalInvoice/ServiceCreditCard.CVV2' (Root cause: com.kms.katalon.core.webui.exception.WebElementNotFoundException: Web element with id: 'Object Repository/Rental/RentalHeader/RentalInvoice/ServiceCreditCard.CVV2' located by 'By.xpath: //*[@id = 'xiext6102m000-11-cvv.no-8-decorator']' not found)
[[ATTACHMENT|C:\\Users\\agawhande\\git\\CreditCard\\Reports\\CC_RentalInvoicewithDiffGatewayTestSuite\\20171125_000020\\1511551346569.png]]

2017-11-25 00:52:26 - [TEST_STEP][FAILED] - sendKeys: Unable to send keys '865' to object 'Object Repository/Rental/RentalHeader/RentalInvoice/ServiceCreditCard.CVV2' (Root cause: com.kms.katalon.core.webui.exception.WebElementNotFoundException: Web element with id: 'Object Repository/Rental/RentalHeader/RentalInvoice/ServiceCreditCard.CVV2' located by 'By.xpath: //*[@id = 'xiext6102m000-11-cvv.no-8-decorator']' not found)

2017-11-25 00:52:58 - [MESSAGE][FAILED] - Unable to send keys '865' to object 'Object Repository/Rental/RentalHeader/RentalInvoice/ServiceCreditCard.CVV2' (Root cause: com.kms.katalon.core.webui.exception.WebElementNotFoundException: Web element with id: 'Object Repository/Rental/RentalHeader/RentalInvoice/ServiceCreditCard.CVV2' located by 'By.xpath: //*[@id = 'xiext6102m000-11-cvv.no-8-decorator']' not found)
[[ATTACHMENT|C:\\Users\\agawhande\\git\\CreditCard\\Reports\\CC_RentalInvoicewithDiffGatewayTestSuite\\20171125_000020\\1511551378678.png]]

2017-11-25 00:52:58 - [TEST_STEP][NOT_RUN] - sendKeys: NOT_RUN: sendKeys

2017-11-25 00:52:58 - [MESSAGE][NOT_RUN] - NOT_RUN: sendKeys

2017-11-25 00:52:58 - [TEST_STEP][NOT_RUN] - delay: NOT_RUN: delay

2017-11-25 00:52:58 - [MESSAGE][NOT_RUN] - NOT_RUN: delay

2017-11-25 00:52:58 - [TEST_STEP][PASSED] - delay: Delayed 3 second(s)

2017-11-25 00:53:01 - [MESSAGE][PASSED] - Delayed 3 second(s)

2017-11-25 00:53:01 - [TEST_STEP][FAILED] - setText: Unable to set text '09' of object 'Object Repository/Rental/RentalHeader/RentalInvoice/ServiceCreditCard.ExpiryMonth' (Root cause: com.kms.katalon.core.webui.exception.WebElementNotFoundException: Web element with id: 'Object Repository/Rental/RentalHeader/RentalInvoice/ServiceCreditCard.ExpiryMonth' located by 'By.xpath: //*[@id = 'xiext6102m000-11-exp.month-10-decorator']' not found)

2017-11-25 00:53:34 - [MESSAGE][FAILED] - Unable to set text '09' of object 'Object Repository/Rental/RentalHeader/RentalInvoice/ServiceCreditCard.ExpiryMonth' (Root cause: com.kms.katalon.core.webui.exception.WebElementNotFoundException: Web element with id: 'Object Repository/Rental/RentalHeader/RentalInvoice/ServiceCreditCard.ExpiryMonth' located by 'By.xpath: //*[@id = 'xiext6102m000-11-exp.month-10-decorator']' not found)
[[ATTACHMENT|C:\\Users\\agawhande\\git\\CreditCard\\Reports\\CC_RentalInvoicewithDiffGatewayTestSuite\\20171125_000020\\1511551413913.png]]

2017-11-25 00:53:34 - [TEST_STEP][FAILED] - setText: Unable to set text '99' of object 'Object Repository/Rental/RentalHeader/RentalInvoice/ServiceCreditCard.ExpiryYear' (Root cause: com.kms.katalon.core.webui.exception.WebElementNotFoundException: Web element with id: 'Object Repository/Rental/RentalHeader/RentalInvoice/ServiceCreditCard.ExpiryYear' located by 'By.xpath: //*[@id = 'xiext6102m000-11-exp.year-11-decorator']' not found)

2017-11-25 00:54:06 - [MESSAGE][FAILED] - Unable to set text '99' of object 'Object Repository/Rental/RentalHeader/RentalInvoice/ServiceCreditCard.ExpiryYear' (Root cause: com.kms.katalon.core.webui.exception.WebElementNotFoundException: Web element with id: 'Object Repository/Rental/RentalHeader/RentalInvoice/ServiceCreditCard.ExpiryYear' located by 'By.xpath: //*[@id = 'xiext6102m000-11-exp.year-11-decorator']' not found)
[[ATTACHMENT|C:\\Users\\agawhande\\git\\CreditCard\\Reports\\CC_RentalInvoicewithDiffGatewayTestSuite\\20171125_000020\\1511551446031.png]]

2017-11-25 00:54:06 - [TEST_STEP][FAILED] - click: Unable to click on object 'Object Repository/Rental/RentalHeader/RentalInvoice/ServiceCreditCard.Process' (Root cause: com.kms.katalon.core.webui.exception.WebElementNotFoundException: Web element with id: 'Object Repository/Rental/RentalHeader/RentalInvoice/ServiceCreditCard.Process' located by 'By.xpath: //*[@id = 'xiext6102m000-11-button-form-process.cc.payment']' not found)

2017-11-25 00:54:38 - [MESSAGE][FAILED] - Unable to click on object 'Object Repository/Rental/RentalHeader/RentalInvoice/ServiceCreditCard.Process' (Root cause: com.kms.katalon.core.webui.exception.WebElementNotFoundException: Web element with id: 'Object Repository/Rental/RentalHeader/RentalInvoice/ServiceCreditCard.Process' located by 'By.xpath: //*[@id = 'xiext6102m000-11-button-form-process.cc.payment']' not found)
[[ATTACHMENT|C:\\Users\\agawhande\\git\\CreditCard\\Reports\\CC_RentalInvoicewithDiffGatewayTestSuite\\20171125_000020\\1511551478174.png]]

2017-11-25 00:54:38 - [TEST_STEP][PASSED] - delay: Delayed 13 second(s)

2017-11-25 00:54:51 - [MESSAGE][PASSED] - Delayed 13 second(s)

2017-11-25 00:54:51 - [TEST_STEP][FAILED] - click: Unable to click on object 'Object Repository/Rental/RentalHeader/RentalInvoice/ServiceCreditCard.PrintDevice' (Root cause: com.kms.katalon.core.webui.exception.WebElementNotFoundException: Web element with id: 'Object Repository/Rental/RentalHeader/RentalInvoice/ServiceCreditCard.PrintDevice' located by 'By.xpath: //*[@id = 'ttstpsplopen-13-button-form-exec.cont.process']' not found)

2017-11-25 00:55:23 - [MESSAGE][FAILED] - Unable to click on object 'Object Repository/Rental/RentalHeader/RentalInvoice/ServiceCreditCard.PrintDevice' (Root cause: com.kms.katalon.core.webui.exception.WebElementNotFoundException: Web element with id: 'Object Repository/Rental/RentalHeader/RentalInvoice/ServiceCreditCard.PrintDevice' located by 'By.xpath: //*[@id = 'ttstpsplopen-13-button-form-exec.cont.process']' not found)
[[ATTACHMENT|C:\\Users\\agawhande\\git\\CreditCard\\Reports\\CC_RentalInvoicewithDiffGatewayTestSuite\\20171125_000020\\1511551523298.png]]

2017-11-25 00:55:23 - [TEST_STEP][PASSED] - delay: Delayed 10 second(s)

2017-11-25 00:55:33 - [MESSAGE][PASSED] - Delayed 10 second(s)

2017-11-25 00:55:33 - [TEST_STEP][FAILED] - click: Unable to click on object 'Object Repository/Rental/RentalHeader/RentalInvoice/ServiceCreditCard.PrintOK' (Root cause: com.kms.katalon.core.webui.exception.WebElementNotFoundException: Web element with id: 'Object Repository/Rental/RentalHeader/RentalInvoice/ServiceCreditCard.PrintOK' located by 'By.xpath: //*[@id = 'dlg-erext4203m001-10-input-button-0']' not found)

2017-11-25 00:56:05 - [MESSAGE][FAILED] - Unable to click on object 'Object Repository/Rental/RentalHeader/RentalInvoice/ServiceCreditCard.PrintOK' (Root cause: com.kms.katalon.core.webui.exception.WebElementNotFoundException: Web element with id: 'Object Repository/Rental/RentalHeader/RentalInvoice/ServiceCreditCard.PrintOK' located by 'By.xpath: //*[@id = 'dlg-erext4203m001-10-input-button-0']' not found)
[[ATTACHMENT|C:\\Users\\agawhande\\git\\CreditCard\\Reports\\CC_RentalInvoicewithDiffGatewayTestSuite\\20171125_000020\\1511551565455.png]]

2017-11-25 00:56:05 - [TEST_STEP][PASSED] - delay: Delayed 5 second(s)

2017-11-25 00:56:10 - [MESSAGE][PASSED] - Delayed 5 second(s)

2017-11-25 00:56:10 - [TEST_STEP][FAILED] - click: Unable to click on object 'Object Repository/Rental/RentalHeader/RentalInvoice/RentalInvoice.CloseRentalInvoicesession' (Root cause: com.kms.katalon.core.webui.exception.WebElementNotFoundException: Web element with id: 'Object Repository/Rental/RentalHeader/RentalInvoice/RentalInvoice.CloseRentalInvoicesession' located by 'By.xpath: //*[@id = 'erext4203m001-10-button-std-file.close-label']' not found)

2017-11-25 00:56:42 - [MESSAGE][FAILED] - Unable to click on object 'Object Repository/Rental/RentalHeader/RentalInvoice/RentalInvoice.CloseRentalInvoicesession' (Root cause: com.kms.katalon.core.webui.exception.WebElementNotFoundException: Web element with id: 'Object Repository/Rental/RentalHeader/RentalInvoice/RentalInvoice.CloseRentalInvoicesession' located by 'By.xpath: //*[@id = 'erext4203m001-10-button-std-file.close-label']' not found)
[[ATTACHMENT|C:\\Users\\agawhande\\git\\CreditCard\\Reports\\CC_RentalInvoicewithDiffGatewayTestSuite\\20171125_000020\\1511551602620.png]]

2017-11-25 00:56:42 - [TEST_STEP][PASSED] - delay: Delayed 3 second(s)

2017-11-25 00:56:45 - [MESSAGE][PASSED] - Delayed 3 second(s)

2017-11-25 00:56:45 - [TEST_STEP][PASSED] - closeBrowser: Browser is closed

2017-11-25 00:56:46 - [MESSAGE][PASSED] - Browser is closed

2017-11-25 00:56:46 - [MESSAGE][FAILED] - Unable to call Test Case with id 'Test Cases/Rental/Base_RentalContract/Base_CreateRentalInvoice_CC' (Root cause: Call Test Case 'Test Cases/Rental/Base_RentalContract/Base_CreateRentalInvoice_CC' failed)]]></system-out>
         <system-err><![CDATA[2017-11-25 00:30:42 - [TEST_CASE][FAILED] - Test Cases/Rental/Base_RentalContract/CreditCardRegression/TC003_RentalContractInvoice_CC - Iteration 1: Test Cases/Rental/Base_RentalContract/CreditCardRegression/TC003_RentalContractInvoice_CC FAILED because (of) Unable to click on object 'Object Repository/Equipment/EquipmentPurchase/EPO_Header/EPO_Header_Action' (Root cause: org.openqa.selenium.WebDriverException: Element <div tabindex="0" class="Button MenuButton TextButton" id="tdext8150s000-0-button-std:action" draggable="true"></div> is not clickable at point (795, 79.01666259765625). Other element would receive the click: <div class="WindowManagerGlass" style="z-index: 1;"></div>
Command duration or timeout: 77 milliseconds
Build info: version: '2.53.0', revision: '35ae25b', time: '2016-03-15 17:00:58'
System info: host: 'ANIL110', ip: '192.168.25.228', os.name: 'Windows 7', os.arch: 'amd64', os.version: '6.1', java.version: '1.8.0_102'
Driver info: com.kms.katalon.core.webui.driver.firefox.CFirefoxDriver47
Capabilities [{applicationCacheEnabled=true, rotatable=false, handlesAlerts=true, databaseEnabled=true, version=56.0, platform=WINDOWS, nativeEvents=false, acceptSslCerts=true, webStorageEnabled=true, locationContextEnabled=true, browserName=firefox, takesScreenshot=true, javascriptEnabled=true, cssSelectorsEnabled=true}]
Session ID: b6487395-20aa-4b9e-9eea-d31fb47eb56b)]]></system-err>
      </testcase>
      <testcase name="Test Cases/Rental/Base_RentalContract/CreditCardRegression/TC003_RentalContractInvoice_CC - Iteration 2" classname="Test Cases/Rental/Base_RentalContract/CreditCardRegression/TC003_RentalContractInvoice_CC" status="FAILED">
         <failure type="FAILED" message="Test Cases/Rental/Base_RentalContract/CreditCardRegression/TC003_RentalContractInvoice_CC FAILED because (of) Unable to click on object 'Object Repository/Equipment/EquipmentPurchase/EPO_Header/EPO_Header_Action' (Root cause: org.openqa.selenium.WebDriverException: Element &lt;div tabindex=&quot;0&quot; class=&quot;Button MenuButton TextButton&quot; id=&quot;tdext8150s000-0-button-std:action&quot; draggable=&quot;true&quot;>&lt;/div> is not clickable at point (795, 79.01666259765625). Other element would receive the click: &lt;div class=&quot;WindowManagerGlass&quot; style=&quot;z-index: 1;&quot;>&lt;/div>
Command duration or timeout: 81 milliseconds
Build info: version: '2.53.0', revision: '35ae25b', time: '2016-03-15 17:00:58'
System info: host: 'ANIL110', ip: '192.168.25.228', os.name: 'Windows 7', os.arch: 'amd64', os.version: '6.1', java.version: '1.8.0_102'
Driver info: com.kms.katalon.core.webui.driver.firefox.CFirefoxDriver47
Capabilities [{applicationCacheEnabled=true, rotatable=false, handlesAlerts=true, databaseEnabled=true, version=56.0, platform=WINDOWS, nativeEvents=false, acceptSslCerts=true, webStorageEnabled=true, locationContextEnabled=true, browserName=firefox, takesScreenshot=true, javascriptEnabled=true, cssSelectorsEnabled=true}]
Session ID: 1b35885a-ff6e-4f17-ae98-18221f04b7c8)"/>
         <system-out><![CDATA[2017-11-25 00:56:46 - [TEST_CASE][FAILED] - Test Cases/Rental/Base_RentalContract/CreditCardRegression/TC003_RentalContractInvoice_CC - Iteration 2: Test Cases/Rental/Base_RentalContract/CreditCardRegression/TC003_RentalContractInvoice_CC FAILED because (of) Unable to click on object 'Object Repository/Equipment/EquipmentPurchase/EPO_Header/EPO_Header_Action' (Root cause: org.openqa.selenium.WebDriverException: Element <div tabindex="0" class="Button MenuButton TextButton" id="tdext8150s000-0-button-std:action" draggable="true"></div> is not clickable at point (795, 79.01666259765625). Other element would receive the click: <div class="WindowManagerGlass" style="z-index: 1;"></div>
Command duration or timeout: 81 milliseconds
Build info: version: '2.53.0', revision: '35ae25b', time: '2016-03-15 17:00:58'
System info: host: 'ANIL110', ip: '192.168.25.228', os.name: 'Windows 7', os.arch: 'amd64', os.version: '6.1', java.version: '1.8.0_102'
Driver info: com.kms.katalon.core.webui.driver.firefox.CFirefoxDriver47
Capabilities [{applicationCacheEnabled=true, rotatable=false, handlesAlerts=true, databaseEnabled=true, version=56.0, platform=WINDOWS, nativeEvents=false, acceptSslCerts=true, webStorageEnabled=true, locationContextEnabled=true, browserName=firefox, takesScreenshot=true, javascriptEnabled=true, cssSelectorsEnabled=true}]
Session ID: 1b35885a-ff6e-4f17-ae98-18221f04b7c8)

2017-11-25 00:56:46 - [TEST_STEP][FAILED] - callTestCase: Unable to call Test Case with id 'Test Cases/Equipment/Base_EquipmentPurchase/EPO_CreateNrecieve' (Root cause: Call Test Case 'Test Cases/Equipment/Base_EquipmentPurchase/EPO_CreateNrecieve' failed)

2017-11-25 00:56:46 - [TEST_CASE][FAILED] - Test Cases/Equipment/Base_EquipmentPurchase/EPO_CreateNrecieve: Test Cases/Equipment/Base_EquipmentPurchase/EPO_CreateNrecieve FAILED because (of) Unable to click on object 'Object Repository/Equipment/EquipmentPurchase/EPO_Header/EPO_Header_Action' (Root cause: org.openqa.selenium.WebDriverException: Element <div tabindex="0" class="Button MenuButton TextButton" id="tdext8150s000-0-button-std:action" draggable="true"></div> is not clickable at point (795, 79.01666259765625). Other element would receive the click: <div class="WindowManagerGlass" style="z-index: 1;"></div>
Command duration or timeout: 81 milliseconds
Build info: version: '2.53.0', revision: '35ae25b', time: '2016-03-15 17:00:58'
System info: host: 'ANIL110', ip: '192.168.25.228', os.name: 'Windows 7', os.arch: 'amd64', os.version: '6.1', java.version: '1.8.0_102'
Driver info: com.kms.katalon.core.webui.driver.firefox.CFirefoxDriver47
Capabilities [{applicationCacheEnabled=true, rotatable=false, handlesAlerts=true, databaseEnabled=true, version=56.0, platform=WINDOWS, nativeEvents=false, acceptSslCerts=true, webStorageEnabled=true, locationContextEnabled=true, browserName=firefox, takesScreenshot=true, javascriptEnabled=true, cssSelectorsEnabled=true}]
Session ID: 1b35885a-ff6e-4f17-ae98-18221f04b7c8)

2017-11-25 00:56:46 - [TEST_STEP][FAILED] - callTestCase: Unable to call Test Case with id 'Test Cases/Equipment/Base_EquipmentPurchase/Base_EPO_CreateHeaderNline' (Root cause: Call Test Case 'Test Cases/Equipment/Base_EquipmentPurchase/Base_EPO_CreateHeaderNline' failed)

2017-11-25 00:56:46 - [TEST_CASE][FAILED] - Test Cases/Equipment/Base_EquipmentPurchase/Base_EPO_CreateHeaderNline: Test Cases/Equipment/Base_EquipmentPurchase/Base_EPO_CreateHeaderNline FAILED because (of) Unable to click on object 'Object Repository/Equipment/EquipmentPurchase/EPO_Header/EPO_Header_Action' (Root cause: org.openqa.selenium.WebDriverException: Element <div tabindex="0" class="Button MenuButton TextButton" id="tdext8150s000-0-button-std:action" draggable="true"></div> is not clickable at point (795, 79.01666259765625). Other element would receive the click: <div class="WindowManagerGlass" style="z-index: 1;"></div>
Command duration or timeout: 81 milliseconds
Build info: version: '2.53.0', revision: '35ae25b', time: '2016-03-15 17:00:58'
System info: host: 'ANIL110', ip: '192.168.25.228', os.name: 'Windows 7', os.arch: 'amd64', os.version: '6.1', java.version: '1.8.0_102'
Driver info: com.kms.katalon.core.webui.driver.firefox.CFirefoxDriver47
Capabilities [{applicationCacheEnabled=true, rotatable=false, handlesAlerts=true, databaseEnabled=true, version=56.0, platform=WINDOWS, nativeEvents=false, acceptSslCerts=true, webStorageEnabled=true, locationContextEnabled=true, browserName=firefox, takesScreenshot=true, javascriptEnabled=true, cssSelectorsEnabled=true}]
Session ID: 1b35885a-ff6e-4f17-ae98-18221f04b7c8)

2017-11-25 00:56:46 - [TEST_STEP][PASSED] - callTestCase: Call Test Case 'Test Cases/Common/Base_Common_OpenSession' successfully

2017-11-25 00:56:46 - [TEST_CASE][PASSED] - Test Cases/Common/Base_Common_OpenSession: Test Cases/Common/Base_Common_OpenSession

2017-11-25 00:56:46 - [TEST_STEP][PASSED] - openBrowser: Browser is opened with url: 'https://rgajbhiye:Robin$123@proxima-ln4.e-emphasys.com:8441/webui/servlet/login'

2017-11-25 00:56:53 - [MESSAGE][PASSED] - Browser is opened with url: 'https://rgajbhiye:Robin$123@proxima-ln4.e-emphasys.com:8441/webui/servlet/login'

2017-11-25 00:56:53 - [TEST_STEP][PASSED] - waitForPageLoad: Wait for page load successfully

2017-11-25 00:56:53 - [MESSAGE][PASSED] - Wait for page load successfully

2017-11-25 00:56:53 - [TEST_STEP][PASSED] - maximizeWindow: Current window maximized

2017-11-25 00:56:53 - [MESSAGE][PASSED] - Current window maximized

2017-11-25 00:56:53 - [TEST_STEP][PASSED] - click: Object: 'Object Repository/Common/HomePage/HomePage_more' is clicked on

2017-11-25 00:56:55 - [MESSAGE][PASSED] - Object: 'Object Repository/Common/HomePage/HomePage_more' is clicked on

2017-11-25 00:56:55 - [TEST_STEP][PASSED] - click: Object: 'Object Repository/Common/HomePage/HomePage_Option' is clicked on

2017-11-25 00:56:55 - [MESSAGE][PASSED] - Object: 'Object Repository/Common/HomePage/HomePage_Option' is clicked on

2017-11-25 00:56:55 - [TEST_STEP][PASSED] - click: Object: 'Object Repository/Common/HomePage/HomePage_RunProgram_' is clicked on

2017-11-25 00:56:55 - [MESSAGE][PASSED] - Object: 'Object Repository/Common/HomePage/HomePage_RunProgram_' is clicked on

2017-11-25 00:56:55 - [TEST_STEP][PASSED] - sendKeys: Keys 'tdext8150s000' sent to object: 'Object Repository/Common/HomePage/HomePage_Session_ID'

2017-11-25 00:56:55 - [MESSAGE][PASSED] - Keys 'tdext8150s000' sent to object: 'Object Repository/Common/HomePage/HomePage_Session_ID'

2017-11-25 00:56:55 - [TEST_STEP][PASSED] - click: Object: 'Object Repository/Common/HomePage/HomePage_OkButton' is clicked on

2017-11-25 00:56:55 - [MESSAGE][PASSED] - Object: 'Object Repository/Common/HomePage/HomePage_OkButton' is clicked on

2017-11-25 00:56:55 - [MESSAGE][PASSED] - Call Test Case 'Test Cases/Common/Base_Common_OpenSession' successfully

2017-11-25 00:56:55 - [TEST_STEP][PASSED] - waitForElementPresent: Object 'Object Repository/Equipment/EquipmentPurchase/EPO_Header/EPO_Header_New' is present

2017-11-25 00:56:57 - [MESSAGE][PASSED] - Object 'Object Repository/Equipment/EquipmentPurchase/EPO_Header/EPO_Header_New' is present

2017-11-25 00:56:57 - [TEST_STEP][PASSED] - click: Object: 'Object Repository/Equipment/EquipmentPurchase/EPO_Header/EPO_Header_New' is clicked on

2017-11-25 00:56:58 - [MESSAGE][PASSED] - Object: 'Object Repository/Equipment/EquipmentPurchase/EPO_Header/EPO_Header_New' is clicked on

2017-11-25 00:56:58 - [TEST_STEP][PASSED] - click: Object: 'Object Repository/Equipment/EquipmentPurchase/EPO_Header/EPO_Header_Customer' is clicked on

2017-11-25 00:56:58 - [MESSAGE][PASSED] - Object: 'Object Repository/Equipment/EquipmentPurchase/EPO_Header/EPO_Header_Customer' is clicked on

2017-11-25 00:56:58 - [TEST_STEP][PASSED] - setText: Text '' is set on object 'Object Repository/Equipment/EquipmentPurchase/EPO_Header/EPO_Header_Customer'

2017-11-25 00:56:58 - [MESSAGE][PASSED] - Text '' is set on object 'Object Repository/Equipment/EquipmentPurchase/EPO_Header/EPO_Header_Customer'

2017-11-25 00:56:58 - [TEST_STEP][PASSED] - click: Object: 'Object Repository/Equipment/EquipmentPurchase/EPO_Header/EPO_Header_Save' is clicked on

2017-11-25 00:56:58 - [MESSAGE][PASSED] - Object: 'Object Repository/Equipment/EquipmentPurchase/EPO_Header/EPO_Header_Save' is clicked on

2017-11-25 00:56:58 - [TEST_STEP][PASSED] - delay: Delayed 5 second(s)

2017-11-25 00:57:03 - [MESSAGE][PASSED] - Delayed 5 second(s)

2017-11-25 00:57:03 - [TEST_STEP][FAILED] - click: Unable to click on object 'Object Repository/Equipment/EquipmentPurchase/EPO_Header/EPO_Header_Action' (Root cause: org.openqa.selenium.WebDriverException: Element <div tabindex="0" class="Button MenuButton TextButton" id="tdext8150s000-0-button-std:action" draggable="true"></div> is not clickable at point (795, 79.01666259765625). Other element would receive the click: <div class="WindowManagerGlass" style="z-index: 1;"></div>
Command duration or timeout: 81 milliseconds
Build info: version: '2.53.0', revision: '35ae25b', time: '2016-03-15 17:00:58'
System info: host: 'ANIL110', ip: '192.168.25.228', os.name: 'Windows 7', os.arch: 'amd64', os.version: '6.1', java.version: '1.8.0_102'
Driver info: com.kms.katalon.core.webui.driver.firefox.CFirefoxDriver47
Capabilities [{applicationCacheEnabled=true, rotatable=false, handlesAlerts=true, databaseEnabled=true, version=56.0, platform=WINDOWS, nativeEvents=false, acceptSslCerts=true, webStorageEnabled=true, locationContextEnabled=true, browserName=firefox, takesScreenshot=true, javascriptEnabled=true, cssSelectorsEnabled=true}]
Session ID: 1b35885a-ff6e-4f17-ae98-18221f04b7c8)

2017-11-25 00:57:03 - [MESSAGE][FAILED] - Unable to click on object 'Object Repository/Equipment/EquipmentPurchase/EPO_Header/EPO_Header_Action' (Root cause: org.openqa.selenium.WebDriverException: Element <div tabindex="0" class="Button MenuButton TextButton" id="tdext8150s000-0-button-std:action" draggable="true"></div> is not clickable at point (795, 79.01666259765625). Other element would receive the click: <div class="WindowManagerGlass" style="z-index: 1;"></div>
Command duration or timeout: 81 milliseconds
Build info: version: '2.53.0', revision: '35ae25b', time: '2016-03-15 17:00:58'
System info: host: 'ANIL110', ip: '192.168.25.228', os.name: 'Windows 7', os.arch: 'amd64', os.version: '6.1', java.version: '1.8.0_102'
Driver info: com.kms.katalon.core.webui.driver.firefox.CFirefoxDriver47
Capabilities [{applicationCacheEnabled=true, rotatable=false, handlesAlerts=true, databaseEnabled=true, version=56.0, platform=WINDOWS, nativeEvents=false, acceptSslCerts=true, webStorageEnabled=true, locationContextEnabled=true, browserName=firefox, takesScreenshot=true, javascriptEnabled=true, cssSelectorsEnabled=true}]
Session ID: 1b35885a-ff6e-4f17-ae98-18221f04b7c8)
[[ATTACHMENT|C:\\Users\\agawhande\\git\\CreditCard\\Reports\\CC_RentalInvoicewithDiffGatewayTestSuite\\20171125_000020\\1511551623678.png]]

2017-11-25 00:57:03 - [TEST_STEP][FAILED] - click: Unable to click on object 'Object Repository/Equipment/EquipmentPurchase/EPO_Header/EPO_Header_Action_OrderLines' (Root cause: com.kms.katalon.core.webui.exception.WebElementNotFoundException: Web element with id: 'Object Repository/Equipment/EquipmentPurchase/EPO_Header/EPO_Header_Action_OrderLines' located by 'By.xpath: //*[@id = 'tdext8150s000-0-menu-std:action-form-display.lines']' not found)

2017-11-25 00:57:35 - [MESSAGE][FAILED] - Unable to click on object 'Object Repository/Equipment/EquipmentPurchase/EPO_Header/EPO_Header_Action_OrderLines' (Root cause: com.kms.katalon.core.webui.exception.WebElementNotFoundException: Web element with id: 'Object Repository/Equipment/EquipmentPurchase/EPO_Header/EPO_Header_Action_OrderLines' located by 'By.xpath: //*[@id = 'tdext8150s000-0-menu-std:action-form-display.lines']' not found)
[[ATTACHMENT|C:\\Users\\agawhande\\git\\CreditCard\\Reports\\CC_RentalInvoicewithDiffGatewayTestSuite\\20171125_000020\\1511551655080.png]]

2017-11-25 00:57:35 - [TEST_STEP][PASSED] - waitForElementPresent: Object 'Object Repository/Equipment/EquipmentPurchase/EPO_Line/EPO_MultiLine_New' is not present after 20 second(s)

2017-11-25 00:57:55 - [MESSAGE][WARNING] - Object 'Object Repository/Equipment/EquipmentPurchase/EPO_Line/EPO_MultiLine_New' is not present after 20 second(s)

2017-11-25 00:57:55 - [TEST_STEP][FAILED] - click: Unable to click on object 'Object Repository/Equipment/EquipmentPurchase/EPO_Line/EPO_MultiLine_New' (Root cause: com.kms.katalon.core.webui.exception.WebElementNotFoundException: Web element with id: 'Object Repository/Equipment/EquipmentPurchase/EPO_Line/EPO_MultiLine_New' located by 'By.xpath: //*[@id = 'tdext8551m000-1-button-std-file.new']' not found)

2017-11-25 00:58:27 - [MESSAGE][FAILED] - Unable to click on object 'Object Repository/Equipment/EquipmentPurchase/EPO_Line/EPO_MultiLine_New' (Root cause: com.kms.katalon.core.webui.exception.WebElementNotFoundException: Web element with id: 'Object Repository/Equipment/EquipmentPurchase/EPO_Line/EPO_MultiLine_New' located by 'By.xpath: //*[@id = 'tdext8551m000-1-button-std-file.new']' not found)
[[ATTACHMENT|C:\\Users\\agawhande\\git\\CreditCard\\Reports\\CC_RentalInvoicewithDiffGatewayTestSuite\\20171125_000020\\1511551707215.png]]

2017-11-25 00:58:27 - [TEST_STEP][PASSED] - waitForElementPresent: Object 'Object Repository/Equipment/EquipmentPurchase/EPO_Line/EPO_Line_Model' is not present after 20 second(s)

2017-11-25 00:58:48 - [MESSAGE][WARNING] - Object 'Object Repository/Equipment/EquipmentPurchase/EPO_Line/EPO_Line_Model' is not present after 20 second(s)

2017-11-25 00:58:48 - [TEST_STEP][FAILED] - click: Unable to click on object 'Object Repository/Equipment/EquipmentPurchase/EPO_Line/EPO_Line_Model' (Root cause: com.kms.katalon.core.webui.exception.WebElementNotFoundException: Web element with id: 'Object Repository/Equipment/EquipmentPurchase/EPO_Line/EPO_Line_Model' located by 'By.xpath: //*[@id = 'tdext8151s000-2-tdext851.mcod-11-lookup-widget']' not found)

2017-11-25 00:59:19 - [MESSAGE][FAILED] - Unable to click on object 'Object Repository/Equipment/EquipmentPurchase/EPO_Line/EPO_Line_Model' (Root cause: com.kms.katalon.core.webui.exception.WebElementNotFoundException: Web element with id: 'Object Repository/Equipment/EquipmentPurchase/EPO_Line/EPO_Line_Model' located by 'By.xpath: //*[@id = 'tdext8151s000-2-tdext851.mcod-11-lookup-widget']' not found)
[[ATTACHMENT|C:\\Users\\agawhande\\git\\CreditCard\\Reports\\CC_RentalInvoicewithDiffGatewayTestSuite\\20171125_000020\\1511551759182.png]]

2017-11-25 00:59:19 - [TEST_STEP][PASSED] - delay: Delayed 2 second(s)

2017-11-25 00:59:21 - [MESSAGE][PASSED] - Delayed 2 second(s)

2017-11-25 00:59:21 - [TEST_STEP][FAILED] - setText: Unable to set text '' of object 'Object Repository/Equipment/EquipmentPurchase/EPO_Line/EPO_Line_Model' (Root cause: com.kms.katalon.core.webui.exception.WebElementNotFoundException: Web element with id: 'Object Repository/Equipment/EquipmentPurchase/EPO_Line/EPO_Line_Model' located by 'By.xpath: //*[@id = 'tdext8151s000-2-tdext851.mcod-11-lookup-widget']' not found)

2017-11-25 00:59:52 - [MESSAGE][FAILED] - Unable to set text '' of object 'Object Repository/Equipment/EquipmentPurchase/EPO_Line/EPO_Line_Model' (Root cause: com.kms.katalon.core.webui.exception.WebElementNotFoundException: Web element with id: 'Object Repository/Equipment/EquipmentPurchase/EPO_Line/EPO_Line_Model' located by 'By.xpath: //*[@id = 'tdext8151s000-2-tdext851.mcod-11-lookup-widget']' not found)
[[ATTACHMENT|C:\\Users\\agawhande\\git\\CreditCard\\Reports\\CC_RentalInvoicewithDiffGatewayTestSuite\\20171125_000020\\1511551792461.png]]

2017-11-25 00:59:52 - [TEST_STEP][FAILED] - click: Unable to click on object 'Object Repository/Equipment/EquipmentPurchase/EPO_Line/EPO_Line_NeworUsed' (Root cause: com.kms.katalon.core.webui.exception.WebElementNotFoundException: Web element with id: 'Object Repository/Equipment/EquipmentPurchase/EPO_Line/EPO_Line_NeworUsed' located by 'By.xpath: //*[@id = 'tdext8151s000-2-used.equipment-18-control-trigger-button']' not found)

2017-11-25 01:00:23 - [MESSAGE][FAILED] - Unable to click on object 'Object Repository/Equipment/EquipmentPurchase/EPO_Line/EPO_Line_NeworUsed' (Root cause: com.kms.katalon.core.webui.exception.WebElementNotFoundException: Web element with id: 'Object Repository/Equipment/EquipmentPurchase/EPO_Line/EPO_Line_NeworUsed' located by 'By.xpath: //*[@id = 'tdext8151s000-2-used.equipment-18-control-trigger-button']' not found)
[[ATTACHMENT|C:\\Users\\agawhande\\git\\CreditCard\\Reports\\CC_RentalInvoicewithDiffGatewayTestSuite\\20171125_000020\\1511551823669.png]]

2017-11-25 01:00:23 - [TEST_STEP][FAILED] - click: Unable to click on object 'Object Repository/Equipment/EquipmentPurchase/EPO_Line/EPO_Line_NewEquipOption' (Root cause: com.kms.katalon.core.webui.exception.WebElementNotFoundException: Web element with id: 'Object Repository/Equipment/EquipmentPurchase/EPO_Line/EPO_Line_NewEquipOption' located by 'By.xpath: //*[@id = 'item_1-label']' not found)

2017-11-25 01:00:55 - [MESSAGE][FAILED] - Unable to click on object 'Object Repository/Equipment/EquipmentPurchase/EPO_Line/EPO_Line_NewEquipOption' (Root cause: com.kms.katalon.core.webui.exception.WebElementNotFoundException: Web element with id: 'Object Repository/Equipment/EquipmentPurchase/EPO_Line/EPO_Line_NewEquipOption' located by 'By.xpath: //*[@id = 'item_1-label']' not found)
[[ATTACHMENT|C:\\Users\\agawhande\\git\\CreditCard\\Reports\\CC_RentalInvoicewithDiffGatewayTestSuite\\20171125_000020\\1511551854926.png]]

2017-11-25 01:00:55 - [TEST_STEP][FAILED] - click: Unable to click on object 'Object Repository/Equipment/EquipmentPurchase/EPO_Line/EPO_Line_PlannedDate' (Root cause: com.kms.katalon.core.webui.exception.WebElementNotFoundException: Web element with id: 'Object Repository/Equipment/EquipmentPurchase/EPO_Line/EPO_Line_PlannedDate' located by 'By.xpath: //*[@id = 'tdext8151s000-2-tdext851.pdat-28-widget']' not found)

2017-11-25 01:01:26 - [MESSAGE][FAILED] - Unable to click on object 'Object Repository/Equipment/EquipmentPurchase/EPO_Line/EPO_Line_PlannedDate' (Root cause: com.kms.katalon.core.webui.exception.WebElementNotFoundException: Web element with id: 'Object Repository/Equipment/EquipmentPurchase/EPO_Line/EPO_Line_PlannedDate' located by 'By.xpath: //*[@id = 'tdext8151s000-2-tdext851.pdat-28-widget']' not found)
[[ATTACHMENT|C:\\Users\\agawhande\\git\\CreditCard\\Reports\\CC_RentalInvoicewithDiffGatewayTestSuite\\20171125_000020\\1511551886143.png]]

2017-11-25 01:01:26 - [TEST_STEP][PASSED] - delay: Delayed 2 second(s)

2017-11-25 01:01:28 - [MESSAGE][PASSED] - Delayed 2 second(s)

2017-11-25 01:01:28 - [TEST_STEP][FAILED] - setText: Unable to set text '+10' of object 'Object Repository/Equipment/EquipmentPurchase/EPO_Line/EPO_Line_PlannedDate' (Root cause: com.kms.katalon.core.webui.exception.WebElementNotFoundException: Web element with id: 'Object Repository/Equipment/EquipmentPurchase/EPO_Line/EPO_Line_PlannedDate' located by 'By.xpath: //*[@id = 'tdext8151s000-2-tdext851.pdat-28-widget']' not found)

2017-11-25 01:01:59 - [MESSAGE][FAILED] - Unable to set text '+10' of object 'Object Repository/Equipment/EquipmentPurchase/EPO_Line/EPO_Line_PlannedDate' (Root cause: com.kms.katalon.core.webui.exception.WebElementNotFoundException: Web element with id: 'Object Repository/Equipment/EquipmentPurchase/EPO_Line/EPO_Line_PlannedDate' located by 'By.xpath: //*[@id = 'tdext8151s000-2-tdext851.pdat-28-widget']' not found)
[[ATTACHMENT|C:\\Users\\agawhande\\git\\CreditCard\\Reports\\CC_RentalInvoicewithDiffGatewayTestSuite\\20171125_000020\\1511551919400.png]]

2017-11-25 01:01:59 - [TEST_STEP][FAILED] - click: Unable to click on object 'Object Repository/Equipment/EquipmentPurchase/EPO_Line/EPO_Line_Price' (Root cause: com.kms.katalon.core.webui.exception.WebElementNotFoundException: Web element with id: 'Object Repository/Equipment/EquipmentPurchase/EPO_Line/EPO_Line_Price' located by 'By.xpath: //*[@id = 'tdext8151s000-2-tdext851.pric-42-lookup-widget']' not found)

2017-11-25 01:02:30 - [MESSAGE][FAILED] - Unable to click on object 'Object Repository/Equipment/EquipmentPurchase/EPO_Line/EPO_Line_Price' (Root cause: com.kms.katalon.core.webui.exception.WebElementNotFoundException: Web element with id: 'Object Repository/Equipment/EquipmentPurchase/EPO_Line/EPO_Line_Price' located by 'By.xpath: //*[@id = 'tdext8151s000-2-tdext851.pric-42-lookup-widget']' not found)
[[ATTACHMENT|C:\\Users\\agawhande\\git\\CreditCard\\Reports\\CC_RentalInvoicewithDiffGatewayTestSuite\\20171125_000020\\1511551950833.png]]

2017-11-25 01:02:30 - [TEST_STEP][PASSED] - delay: Delayed 2 second(s)

2017-11-25 01:02:32 - [MESSAGE][PASSED] - Delayed 2 second(s)

2017-11-25 01:02:32 - [TEST_STEP][FAILED] - setText: Unable to set text '100' of object 'Object Repository/Equipment/EquipmentPurchase/EPO_Line/EPO_Line_Price' (Root cause: com.kms.katalon.core.webui.exception.WebElementNotFoundException: Web element with id: 'Object Repository/Equipment/EquipmentPurchase/EPO_Line/EPO_Line_Price' located by 'By.xpath: //*[@id = 'tdext8151s000-2-tdext851.pric-42-lookup-widget']' not found)

2017-11-25 01:03:04 - [MESSAGE][FAILED] - Unable to set text '100' of object 'Object Repository/Equipment/EquipmentPurchase/EPO_Line/EPO_Line_Price' (Root cause: com.kms.katalon.core.webui.exception.WebElementNotFoundException: Web element with id: 'Object Repository/Equipment/EquipmentPurchase/EPO_Line/EPO_Line_Price' located by 'By.xpath: //*[@id = 'tdext8151s000-2-tdext851.pric-42-lookup-widget']' not found)
[[ATTACHMENT|C:\\Users\\agawhande\\git\\CreditCard\\Reports\\CC_RentalInvoicewithDiffGatewayTestSuite\\20171125_000020\\1511551984146.png]]

2017-11-25 01:03:04 - [TEST_STEP][FAILED] - click: Unable to click on object 'Object Repository/Equipment/EquipmentPurchase/EPO_Line/EPO_Line_Save' (Root cause: com.kms.katalon.core.webui.exception.WebElementNotFoundException: Web element with id: 'Object Repository/Equipment/EquipmentPurchase/EPO_Line/EPO_Line_Save' located by 'By.xpath: //*[@id = 'tdext8151s000-2-button-std-file.save']' not found)

2017-11-25 01:03:35 - [MESSAGE][FAILED] - Unable to click on object 'Object Repository/Equipment/EquipmentPurchase/EPO_Line/EPO_Line_Save' (Root cause: com.kms.katalon.core.webui.exception.WebElementNotFoundException: Web element with id: 'Object Repository/Equipment/EquipmentPurchase/EPO_Line/EPO_Line_Save' located by 'By.xpath: //*[@id = 'tdext8151s000-2-button-std-file.save']' not found)
[[ATTACHMENT|C:\\Users\\agawhande\\git\\CreditCard\\Reports\\CC_RentalInvoicewithDiffGatewayTestSuite\\20171125_000020\\1511552015294.png]]

2017-11-25 01:03:35 - [TEST_STEP][FAILED] - click: Unable to click on object 'Object Repository/Equipment/EquipmentPurchase/EPO_Line/EPO_Line_importNO' (Root cause: com.kms.katalon.core.webui.exception.WebElementNotFoundException: Web element with id: 'Object Repository/Equipment/EquipmentPurchase/EPO_Line/EPO_Line_importNO' located by 'By.xpath: //*[@id = 'dlg-tdext8151s000-2-input-button-1']' not found)

2017-11-25 01:04:06 - [MESSAGE][FAILED] - Unable to click on object 'Object Repository/Equipment/EquipmentPurchase/EPO_Line/EPO_Line_importNO' (Root cause: com.kms.katalon.core.webui.exception.WebElementNotFoundException: Web element with id: 'Object Repository/Equipment/EquipmentPurchase/EPO_Line/EPO_Line_importNO' located by 'By.xpath: //*[@id = 'dlg-tdext8151s000-2-input-button-1']' not found)
[[ATTACHMENT|C:\\Users\\agawhande\\git\\CreditCard\\Reports\\CC_RentalInvoicewithDiffGatewayTestSuite\\20171125_000020\\1511552046564.png]]

2017-11-25 01:04:06 - [TEST_STEP][FAILED] - click: Unable to click on object 'Object Repository/Equipment/EquipmentPurchase/EPO_Line/EPO_Line_SaveNclose' (Root cause: com.kms.katalon.core.webui.exception.WebElementNotFoundException: Web element with id: 'Object Repository/Equipment/EquipmentPurchase/EPO_Line/EPO_Line_SaveNclose' located by 'By.xpath: //*[@id = 'tdext8151s000-2-button-std-file.save_and_close']' not found)

2017-11-25 01:04:37 - [MESSAGE][FAILED] - Unable to click on object 'Object Repository/Equipment/EquipmentPurchase/EPO_Line/EPO_Line_SaveNclose' (Root cause: com.kms.katalon.core.webui.exception.WebElementNotFoundException: Web element with id: 'Object Repository/Equipment/EquipmentPurchase/EPO_Line/EPO_Line_SaveNclose' located by 'By.xpath: //*[@id = 'tdext8151s000-2-button-std-file.save_and_close']' not found)
[[ATTACHMENT|C:\\Users\\agawhande\\git\\CreditCard\\Reports\\CC_RentalInvoicewithDiffGatewayTestSuite\\20171125_000020\\1511552077697.png]]

2017-11-25 01:04:37 - [TEST_STEP][PASSED] - delay: Delayed 2 second(s)

2017-11-25 01:04:39 - [MESSAGE][PASSED] - Delayed 2 second(s)

2017-11-25 01:04:39 - [TEST_STEP][FAILED] - click: Unable to click on object 'Object Repository/Equipment/EquipmentPurchase/EPO_Line/EPO_MultiLine_SavenClose' (Root cause: com.kms.katalon.core.webui.exception.WebElementNotFoundException: Web element with id: 'Object Repository/Equipment/EquipmentPurchase/EPO_Line/EPO_MultiLine_SavenClose' located by 'By.xpath: //*[@id = 'tdext8551m000-1-button-std-file.save_and_close']' not found)

2017-11-25 01:05:11 - [MESSAGE][FAILED] - Unable to click on object 'Object Repository/Equipment/EquipmentPurchase/EPO_Line/EPO_MultiLine_SavenClose' (Root cause: com.kms.katalon.core.webui.exception.WebElementNotFoundException: Web element with id: 'Object Repository/Equipment/EquipmentPurchase/EPO_Line/EPO_MultiLine_SavenClose' located by 'By.xpath: //*[@id = 'tdext8551m000-1-button-std-file.save_and_close']' not found)
[[ATTACHMENT|C:\\Users\\agawhande\\git\\CreditCard\\Reports\\CC_RentalInvoicewithDiffGatewayTestSuite\\20171125_000020\\1511552110973.png]]

2017-11-25 01:05:11 - [MESSAGE][FAILED] - Unable to call Test Case with id 'Test Cases/Equipment/Base_EquipmentPurchase/Base_EPO_CreateHeaderNline' (Root cause: Call Test Case 'Test Cases/Equipment/Base_EquipmentPurchase/Base_EPO_CreateHeaderNline' failed)

2017-11-25 01:05:11 - [MESSAGE][FAILED] - Unable to call Test Case with id 'Test Cases/Equipment/Base_EquipmentPurchase/EPO_CreateNrecieve' (Root cause: Call Test Case 'Test Cases/Equipment/Base_EquipmentPurchase/EPO_CreateNrecieve' failed)

2017-11-25 01:05:11 - [TEST_STEP][FAILED] - callTestCase: Unable to call Test Case with id 'Test Cases/Rental/Base_RentalContract/Base_CreateRentalHeader' (Root cause: Call Test Case 'Test Cases/Rental/Base_RentalContract/Base_CreateRentalHeader' failed)

2017-11-25 01:05:11 - [TEST_CASE][FAILED] - Test Cases/Rental/Base_RentalContract/Base_CreateRentalHeader: Test Cases/Rental/Base_RentalContract/Base_CreateRentalHeader FAILED because (of) Unable to click on object 'Object Repository/Rental/RentalHeader/RentalContract.MultipleInsurence' (Root cause: org.openqa.selenium.WebDriverException: Element <div class="ListOutputField" style="width: 100%;" id="erext4501m001-1-grid-1-erext401.muin-29-0-widget"></div> is not clickable at point (1275, 565.0499877929688). Other element would receive the click: <div class="WindowManagerGlass" style="z-index: 1;"></div>
Command duration or timeout: 88 milliseconds
Build info: version: '2.53.0', revision: '35ae25b', time: '2016-03-15 17:00:58'
System info: host: 'ANIL110', ip: '192.168.25.228', os.name: 'Windows 7', os.arch: 'amd64', os.version: '6.1', java.version: '1.8.0_102'
Driver info: com.kms.katalon.core.webui.driver.firefox.CFirefoxDriver47
Capabilities [{applicationCacheEnabled=true, rotatable=false, handlesAlerts=true, databaseEnabled=true, version=56.0, platform=WINDOWS, nativeEvents=false, acceptSslCerts=true, webStorageEnabled=true, locationContextEnabled=true, browserName=firefox, takesScreenshot=true, javascriptEnabled=true, cssSelectorsEnabled=true}]
Session ID: 1ce1e217-d7fc-4c6b-a1a3-a6419ef6f3c5)

2017-11-25 01:05:11 - [TEST_STEP][PASSED] - callTestCase: Call Test Case 'Test Cases/Common/Base_Common_OpenSession' successfully

2017-11-25 01:05:11 - [TEST_CASE][PASSED] - Test Cases/Common/Base_Common_OpenSession: Test Cases/Common/Base_Common_OpenSession

2017-11-25 01:05:11 - [TEST_STEP][PASSED] - openBrowser: Browser is opened with url: 'https://rgajbhiye:Robin$123@proxima-ln4.e-emphasys.com:8441/webui/servlet/login'

2017-11-25 01:05:11 - [MESSAGE][WARNING] - A browser is already opened. Closing browser and opening a new one

2017-11-25 01:05:18 - [MESSAGE][PASSED] - Browser is opened with url: 'https://rgajbhiye:Robin$123@proxima-ln4.e-emphasys.com:8441/webui/servlet/login'

2017-11-25 01:05:18 - [TEST_STEP][PASSED] - waitForPageLoad: Wait for page load successfully

2017-11-25 01:05:18 - [MESSAGE][PASSED] - Wait for page load successfully

2017-11-25 01:05:18 - [TEST_STEP][PASSED] - maximizeWindow: Current window maximized

2017-11-25 01:05:18 - [MESSAGE][PASSED] - Current window maximized

2017-11-25 01:05:18 - [TEST_STEP][PASSED] - click: Object: 'Object Repository/Common/HomePage/HomePage_more' is clicked on

2017-11-25 01:05:20 - [MESSAGE][PASSED] - Object: 'Object Repository/Common/HomePage/HomePage_more' is clicked on

2017-11-25 01:05:20 - [TEST_STEP][PASSED] - click: Object: 'Object Repository/Common/HomePage/HomePage_Option' is clicked on

2017-11-25 01:05:20 - [MESSAGE][PASSED] - Object: 'Object Repository/Common/HomePage/HomePage_Option' is clicked on

2017-11-25 01:05:20 - [TEST_STEP][PASSED] - click: Object: 'Object Repository/Common/HomePage/HomePage_RunProgram_' is clicked on

2017-11-25 01:05:20 - [MESSAGE][PASSED] - Object: 'Object Repository/Common/HomePage/HomePage_RunProgram_' is clicked on

2017-11-25 01:05:20 - [TEST_STEP][PASSED] - sendKeys: Keys 'erext4100s004' sent to object: 'Object Repository/Common/HomePage/HomePage_Session_ID'

2017-11-25 01:05:21 - [MESSAGE][PASSED] - Keys 'erext4100s004' sent to object: 'Object Repository/Common/HomePage/HomePage_Session_ID'

2017-11-25 01:05:21 - [TEST_STEP][PASSED] - click: Object: 'Object Repository/Common/HomePage/HomePage_OkButton' is clicked on

2017-11-25 01:05:21 - [MESSAGE][PASSED] - Object: 'Object Repository/Common/HomePage/HomePage_OkButton' is clicked on

2017-11-25 01:05:21 - [MESSAGE][PASSED] - Call Test Case 'Test Cases/Common/Base_Common_OpenSession' successfully

2017-11-25 01:05:21 - [TEST_STEP][PASSED] - click: Object: 'Object Repository/Rental/RentalHeader/RentalContract.Customer' is clicked on

2017-11-25 01:05:24 - [MESSAGE][PASSED] - Object: 'Object Repository/Rental/RentalHeader/RentalContract.Customer' is clicked on

2017-11-25 01:05:24 - [TEST_STEP][PASSED] - setText: Text 'M00000010' is set on object 'Object Repository/Rental/RentalHeader/RentalContract.Customer'

2017-11-25 01:05:25 - [MESSAGE][PASSED] - Text 'M00000010' is set on object 'Object Repository/Rental/RentalHeader/RentalContract.Customer'

2017-11-25 01:05:25 - [TEST_STEP][PASSED] - delay: Delayed 2 second(s)

2017-11-25 01:05:27 - [MESSAGE][PASSED] - Delayed 2 second(s)

2017-11-25 01:05:27 - [TEST_STEP][PASSED] - click: Object: 'Object Repository/Rental/RentalHeader/RentalContract.CustPO' is clicked on

2017-11-25 01:05:27 - [MESSAGE][PASSED] - Object: 'Object Repository/Rental/RentalHeader/RentalContract.CustPO' is clicked on

2017-11-25 01:05:27 - [TEST_STEP][PASSED] - delay: Delayed 3 second(s)

2017-11-25 01:05:30 - [MESSAGE][PASSED] - Delayed 3 second(s)

2017-11-25 01:05:30 - [TEST_STEP][PASSED] - click: Object: 'Object Repository/Rental/RentalHeader/RentalContract.OtherDetailsTab' is clicked on

2017-11-25 01:05:30 - [MESSAGE][PASSED] - Object: 'Object Repository/Rental/RentalHeader/RentalContract.OtherDetailsTab' is clicked on

2017-11-25 01:05:30 - [TEST_STEP][PASSED] - delay: Delayed 5 second(s)

2017-11-25 01:05:35 - [MESSAGE][PASSED] - Delayed 5 second(s)

2017-11-25 01:05:35 - [TEST_STEP][PASSED] - click: Object: 'Object Repository/Rental/RentalHeader/Rental Contract.ModeOfPayment' is clicked on

2017-11-25 01:05:35 - [MESSAGE][PASSED] - Object: 'Object Repository/Rental/RentalHeader/Rental Contract.ModeOfPayment' is clicked on

2017-11-25 01:05:35 - [TEST_STEP][PASSED] - delay: Delayed 2 second(s)

2017-11-25 01:05:37 - [MESSAGE][PASSED] - Delayed 2 second(s)

2017-11-25 01:05:37 - [TEST_STEP][PASSED] - click: Object: 'Object Repository/Rental/RentalHeader/RentalContract.CreditCardoption' is clicked on

2017-11-25 01:05:37 - [MESSAGE][PASSED] - Object: 'Object Repository/Rental/RentalHeader/RentalContract.CreditCardoption' is clicked on

2017-11-25 01:05:37 - [TEST_STEP][PASSED] - delay: Delayed 3 second(s)

2017-11-25 01:05:40 - [MESSAGE][PASSED] - Delayed 3 second(s)

2017-11-25 01:05:40 - [TEST_STEP][PASSED] - click: Object: 'Object Repository/Rental/RentalHeader/RentalContract.GeneralTab' is clicked on

2017-11-25 01:05:41 - [MESSAGE][PASSED] - Object: 'Object Repository/Rental/RentalHeader/RentalContract.GeneralTab' is clicked on

2017-11-25 01:05:41 - [TEST_STEP][PASSED] - delay: Delayed 5 second(s)

2017-11-25 01:05:46 - [MESSAGE][PASSED] - Delayed 5 second(s)

2017-11-25 01:05:46 - [TEST_STEP][PASSED] - click: Object: 'Object Repository/Rental/RentalHeader/RentalContract.Newbuttonline' is clicked on

2017-11-25 01:05:46 - [MESSAGE][PASSED] - Object: 'Object Repository/Rental/RentalHeader/RentalContract.Newbuttonline' is clicked on

2017-11-25 01:05:46 - [TEST_STEP][PASSED] - delay: Delayed 5 second(s)

2017-11-25 01:05:51 - [MESSAGE][PASSED] - Delayed 5 second(s)

2017-11-25 01:05:51 - [TEST_STEP][PASSED] - click: Object: 'Object Repository/Rental/RentalHeader/RentalContract.SetLine' is clicked on

2017-11-25 01:05:51 - [MESSAGE][PASSED] - Object: 'Object Repository/Rental/RentalHeader/RentalContract.SetLine' is clicked on

2017-11-25 01:05:51 - [TEST_STEP][PASSED] - delay: Delayed 5 second(s)

2017-11-25 01:05:56 - [MESSAGE][PASSED] - Delayed 5 second(s)

2017-11-25 01:05:56 - [TEST_STEP][PASSED] - scrollToElement: Scroll to object 'Object Repository/Rental/RentalHeader/RentalContract.Unit' successfully

2017-11-25 01:05:56 - [MESSAGE][PASSED] - Scroll to object 'Object Repository/Rental/RentalHeader/RentalContract.Unit' successfully

2017-11-25 01:05:56 - [TEST_STEP][PASSED] - delay: Delayed 3 second(s)

2017-11-25 01:05:59 - [MESSAGE][PASSED] - Delayed 3 second(s)

2017-11-25 01:05:59 - [TEST_STEP][NOT_RUN] - getText: NOT_RUN: getText

2017-11-25 01:05:59 - [MESSAGE][NOT_RUN] - NOT_RUN: getText

2017-11-25 01:05:59 - [TEST_STEP][PASSED] - click: Object: 'Object Repository/Rental/RentalHeader/RentalContract.Unit' is clicked on

2017-11-25 01:05:59 - [MESSAGE][PASSED] - Object: 'Object Repository/Rental/RentalHeader/RentalContract.Unit' is clicked on

2017-11-25 01:05:59 - [TEST_STEP][PASSED] - delay: Delayed 5 second(s)

2017-11-25 01:06:04 - [MESSAGE][PASSED] - Delayed 5 second(s)

2017-11-25 01:06:04 - [TEST_STEP][PASSED] - setText: Text '' is set on object 'Object Repository/Rental/RentalHeader/RentalContract.Unit'

2017-11-25 01:06:04 - [MESSAGE][PASSED] - Text '' is set on object 'Object Repository/Rental/RentalHeader/RentalContract.Unit'

2017-11-25 01:06:04 - [TEST_STEP][PASSED] - delay: Delayed 5 second(s)

2017-11-25 01:06:09 - [MESSAGE][PASSED] - Delayed 5 second(s)

2017-11-25 01:06:09 - [TEST_STEP][PASSED] - scrollToElement: Scroll to object 'Object Repository/Rental/RentalHeader/RentalContract.MultipleInsurence' successfully

2017-11-25 01:06:09 - [MESSAGE][PASSED] - Scroll to object 'Object Repository/Rental/RentalHeader/RentalContract.MultipleInsurence' successfully

2017-11-25 01:06:09 - [TEST_STEP][PASSED] - delay: Delayed 5 second(s)

2017-11-25 01:06:14 - [MESSAGE][PASSED] - Delayed 5 second(s)

2017-11-25 01:06:14 - [TEST_STEP][PASSED] - doubleClick: Object: 'Object Repository/Rental/RentalHeader/RentalContract.MultipleInsurence' is double clicked on

2017-11-25 01:06:15 - [MESSAGE][PASSED] - Object: 'Object Repository/Rental/RentalHeader/RentalContract.MultipleInsurence' is double clicked on

2017-11-25 01:06:15 - [TEST_STEP][PASSED] - delay: Delayed 5 second(s)

2017-11-25 01:06:20 - [MESSAGE][PASSED] - Delayed 5 second(s)

2017-11-25 01:06:20 - [TEST_STEP][FAILED] - click: Unable to click on object 'Object Repository/Rental/RentalHeader/RentalContract.MultipleInsurence' (Root cause: org.openqa.selenium.WebDriverException: Element <div class="ListOutputField" style="width: 100%;" id="erext4501m001-1-grid-1-erext401.muin-29-0-widget"></div> is not clickable at point (1275, 565.0499877929688). Other element would receive the click: <div class="WindowManagerGlass" style="z-index: 1;"></div>
Command duration or timeout: 88 milliseconds
Build info: version: '2.53.0', revision: '35ae25b', time: '2016-03-15 17:00:58'
System info: host: 'ANIL110', ip: '192.168.25.228', os.name: 'Windows 7', os.arch: 'amd64', os.version: '6.1', java.version: '1.8.0_102'
Driver info: com.kms.katalon.core.webui.driver.firefox.CFirefoxDriver47
Capabilities [{applicationCacheEnabled=true, rotatable=false, handlesAlerts=true, databaseEnabled=true, version=56.0, platform=WINDOWS, nativeEvents=false, acceptSslCerts=true, webStorageEnabled=true, locationContextEnabled=true, browserName=firefox, takesScreenshot=true, javascriptEnabled=true, cssSelectorsEnabled=true}]
Session ID: 1ce1e217-d7fc-4c6b-a1a3-a6419ef6f3c5)

2017-11-25 01:06:20 - [MESSAGE][FAILED] - Unable to click on object 'Object Repository/Rental/RentalHeader/RentalContract.MultipleInsurence' (Root cause: org.openqa.selenium.WebDriverException: Element <div class="ListOutputField" style="width: 100%;" id="erext4501m001-1-grid-1-erext401.muin-29-0-widget"></div> is not clickable at point (1275, 565.0499877929688). Other element would receive the click: <div class="WindowManagerGlass" style="z-index: 1;"></div>
Command duration or timeout: 88 milliseconds
Build info: version: '2.53.0', revision: '35ae25b', time: '2016-03-15 17:00:58'
System info: host: 'ANIL110', ip: '192.168.25.228', os.name: 'Windows 7', os.arch: 'amd64', os.version: '6.1', java.version: '1.8.0_102'
Driver info: com.kms.katalon.core.webui.driver.firefox.CFirefoxDriver47
Capabilities [{applicationCacheEnabled=true, rotatable=false, handlesAlerts=true, databaseEnabled=true, version=56.0, platform=WINDOWS, nativeEvents=false, acceptSslCerts=true, webStorageEnabled=true, locationContextEnabled=true, browserName=firefox, takesScreenshot=true, javascriptEnabled=true, cssSelectorsEnabled=true}]
Session ID: 1ce1e217-d7fc-4c6b-a1a3-a6419ef6f3c5)
[[ATTACHMENT|C:\\Users\\agawhande\\git\\CreditCard\\Reports\\CC_RentalInvoicewithDiffGatewayTestSuite\\20171125_000020\\1511552180325.png]]

2017-11-25 01:06:20 - [TEST_STEP][NOT_RUN] - doubleClick: NOT_RUN: doubleClick

2017-11-25 01:06:20 - [MESSAGE][NOT_RUN] - NOT_RUN: doubleClick

2017-11-25 01:06:20 - [TEST_STEP][PASSED] - delay: Delayed 5 second(s)

2017-11-25 01:06:25 - [MESSAGE][PASSED] - Delayed 5 second(s)

2017-11-25 01:06:25 - [TEST_STEP][FAILED] - click: Unable to click on object 'Object Repository/Rental/RentalHeader/RentalContract.MultiInsNO' (Root cause: com.kms.katalon.core.webui.exception.WebElementNotFoundException: Web element with id: 'Object Repository/Rental/RentalHeader/RentalContract.MultiInsNO' located by 'By.xpath: //*[@id = 'item_1-label']' not found)

2017-11-25 01:06:57 - [MESSAGE][FAILED] - Unable to click on object 'Object Repository/Rental/RentalHeader/RentalContract.MultiInsNO' (Root cause: com.kms.katalon.core.webui.exception.WebElementNotFoundException: Web element with id: 'Object Repository/Rental/RentalHeader/RentalContract.MultiInsNO' located by 'By.xpath: //*[@id = 'item_1-label']' not found)
[[ATTACHMENT|C:\\Users\\agawhande\\git\\CreditCard\\Reports\\CC_RentalInvoicewithDiffGatewayTestSuite\\20171125_000020\\1511552217723.png]]

2017-11-25 01:06:57 - [TEST_STEP][PASSED] - delay: Delayed 5 second(s)

2017-11-25 01:07:02 - [MESSAGE][PASSED] - Delayed 5 second(s)

2017-11-25 01:07:02 - [TEST_STEP][PASSED] - scrollToElement: Scroll to object 'Object Repository/Rental/RentalHeader/RentalContract.GrossRateline' successfully

2017-11-25 01:07:02 - [MESSAGE][PASSED] - Scroll to object 'Object Repository/Rental/RentalHeader/RentalContract.GrossRateline' successfully

2017-11-25 01:07:02 - [TEST_STEP][NOT_RUN] - delay: NOT_RUN: delay

2017-11-25 01:07:02 - [MESSAGE][NOT_RUN] - NOT_RUN: delay

2017-11-25 01:07:02 - [TEST_STEP][FAILED] - doubleClick: Unable to double click on object 'Object Repository/Rental/RentalHeader/RentalContract.GrossRateline' (Root cause: org.openqa.selenium.WebDriverException: Element <label class="Label TextOutputField" id="erext4501m001-1-grid-1-erext401.prwd-36-0-widget"></label> is not clickable at point (1331, 565.5333251953125). Other element would receive the click: <div class="WindowManagerGlass" style="z-index: 1;"></div> (WARNING: The server did not provide any stacktrace information)
Command duration or timeout: 17 milliseconds
Build info: version: '2.53.0', revision: '35ae25b', time: '2016-03-15 17:00:58'
System info: host: 'ANIL110', ip: '192.168.25.228', os.name: 'Windows 7', os.arch: 'amd64', os.version: '6.1', java.version: '1.8.0_102'
Driver info: com.kms.katalon.core.webui.driver.firefox.CFirefoxDriver47
Capabilities [{applicationCacheEnabled=true, rotatable=false, handlesAlerts=true, databaseEnabled=true, version=56.0, platform=WINDOWS, nativeEvents=false, acceptSslCerts=true, webStorageEnabled=true, locationContextEnabled=true, browserName=firefox, takesScreenshot=true, javascriptEnabled=true, cssSelectorsEnabled=true}]
Session ID: 1ce1e217-d7fc-4c6b-a1a3-a6419ef6f3c5)

2017-11-25 01:07:03 - [MESSAGE][FAILED] - Unable to double click on object 'Object Repository/Rental/RentalHeader/RentalContract.GrossRateline' (Root cause: org.openqa.selenium.WebDriverException: Element <label class="Label TextOutputField" id="erext4501m001-1-grid-1-erext401.prwd-36-0-widget"></label> is not clickable at point (1331, 565.5333251953125). Other element would receive the click: <div class="WindowManagerGlass" style="z-index: 1;"></div> (WARNING: The server did not provide any stacktrace information)
Command duration or timeout: 17 milliseconds
Build info: version: '2.53.0', revision: '35ae25b', time: '2016-03-15 17:00:58'
System info: host: 'ANIL110', ip: '192.168.25.228', os.name: 'Windows 7', os.arch: 'amd64', os.version: '6.1', java.version: '1.8.0_102'
Driver info: com.kms.katalon.core.webui.driver.firefox.CFirefoxDriver47
Capabilities [{applicationCacheEnabled=true, rotatable=false, handlesAlerts=true, databaseEnabled=true, version=56.0, platform=WINDOWS, nativeEvents=false, acceptSslCerts=true, webStorageEnabled=true, locationContextEnabled=true, browserName=firefox, takesScreenshot=true, javascriptEnabled=true, cssSelectorsEnabled=true}]
Session ID: 1ce1e217-d7fc-4c6b-a1a3-a6419ef6f3c5)
[[ATTACHMENT|C:\\Users\\agawhande\\git\\CreditCard\\Reports\\CC_RentalInvoicewithDiffGatewayTestSuite\\20171125_000020\\1511552223082.png]]

2017-11-25 01:07:03 - [TEST_STEP][PASSED] - delay: Delayed 2 second(s)

2017-11-25 01:07:05 - [MESSAGE][PASSED] - Delayed 2 second(s)

2017-11-25 01:07:05 - [TEST_STEP][FAILED] - click: Unable to click on object 'Object Repository/Rental/RentalHeader/RentalContract.GrossRateline' (Root cause: org.openqa.selenium.WebDriverException: Element <label class="Label TextOutputField" id="erext4501m001-1-grid-1-erext401.prwd-36-0-widget"></label> is not clickable at point (1331, 564.5333251953125). Other element would receive the click: <div class="WindowManagerGlass" style="z-index: 1;"></div>
Command duration or timeout: 95 milliseconds
Build info: version: '2.53.0', revision: '35ae25b', time: '2016-03-15 17:00:58'
System info: host: 'ANIL110', ip: '192.168.25.228', os.name: 'Windows 7', os.arch: 'amd64', os.version: '6.1', java.version: '1.8.0_102'
Driver info: com.kms.katalon.core.webui.driver.firefox.CFirefoxDriver47
Capabilities [{applicationCacheEnabled=true, rotatable=false, handlesAlerts=true, databaseEnabled=true, version=56.0, platform=WINDOWS, nativeEvents=false, acceptSslCerts=true, webStorageEnabled=true, locationContextEnabled=true, browserName=firefox, takesScreenshot=true, javascriptEnabled=true, cssSelectorsEnabled=true}]
Session ID: 1ce1e217-d7fc-4c6b-a1a3-a6419ef6f3c5)

2017-11-25 01:07:05 - [MESSAGE][FAILED] - Unable to click on object 'Object Repository/Rental/RentalHeader/RentalContract.GrossRateline' (Root cause: org.openqa.selenium.WebDriverException: Element <label class="Label TextOutputField" id="erext4501m001-1-grid-1-erext401.prwd-36-0-widget"></label> is not clickable at point (1331, 564.5333251953125). Other element would receive the click: <div class="WindowManagerGlass" style="z-index: 1;"></div>
Command duration or timeout: 95 milliseconds
Build info: version: '2.53.0', revision: '35ae25b', time: '2016-03-15 17:00:58'
System info: host: 'ANIL110', ip: '192.168.25.228', os.name: 'Windows 7', os.arch: 'amd64', os.version: '6.1', java.version: '1.8.0_102'
Driver info: com.kms.katalon.core.webui.driver.firefox.CFirefoxDriver47
Capabilities [{applicationCacheEnabled=true, rotatable=false, handlesAlerts=true, databaseEnabled=true, version=56.0, platform=WINDOWS, nativeEvents=false, acceptSslCerts=true, webStorageEnabled=true, locationContextEnabled=true, browserName=firefox, takesScreenshot=true, javascriptEnabled=true, cssSelectorsEnabled=true}]
Session ID: 1ce1e217-d7fc-4c6b-a1a3-a6419ef6f3c5)
[[ATTACHMENT|C:\\Users\\agawhande\\git\\CreditCard\\Reports\\CC_RentalInvoicewithDiffGatewayTestSuite\\20171125_000020\\1511552225331.png]]

2017-11-25 01:07:05 - [TEST_STEP][PASSED] - delay: Delayed 2 second(s)

2017-11-25 01:07:07 - [MESSAGE][PASSED] - Delayed 2 second(s)

2017-11-25 01:07:07 - [TEST_STEP][FAILED] - setText: Unable to set text '100' of object 'Object Repository/Rental/RentalHeader/RentalContract.GrossRateline' (Root cause: org.openqa.selenium.InvalidElementStateException: Element must be user-editable in order to clear it.
Command duration or timeout: 27 milliseconds
Build info: version: '2.53.0', revision: '35ae25b', time: '2016-03-15 17:00:58'
System info: host: 'ANIL110', ip: '192.168.25.228', os.name: 'Windows 7', os.arch: 'amd64', os.version: '6.1', java.version: '1.8.0_102'
Driver info: com.kms.katalon.core.webui.driver.firefox.CFirefoxDriver47
Capabilities [{applicationCacheEnabled=true, rotatable=false, handlesAlerts=true, databaseEnabled=true, version=56.0, platform=WINDOWS, nativeEvents=false, acceptSslCerts=true, webStorageEnabled=true, locationContextEnabled=true, browserName=firefox, takesScreenshot=true, javascriptEnabled=true, cssSelectorsEnabled=true}]
Session ID: 1ce1e217-d7fc-4c6b-a1a3-a6419ef6f3c5)

2017-11-25 01:07:07 - [MESSAGE][FAILED] - Unable to set text '100' of object 'Object Repository/Rental/RentalHeader/RentalContract.GrossRateline' (Root cause: org.openqa.selenium.InvalidElementStateException: Element must be user-editable in order to clear it.
Command duration or timeout: 27 milliseconds
Build info: version: '2.53.0', revision: '35ae25b', time: '2016-03-15 17:00:58'
System info: host: 'ANIL110', ip: '192.168.25.228', os.name: 'Windows 7', os.arch: 'amd64', os.version: '6.1', java.version: '1.8.0_102'
Driver info: com.kms.katalon.core.webui.driver.firefox.CFirefoxDriver47
Capabilities [{applicationCacheEnabled=true, rotatable=false, handlesAlerts=true, databaseEnabled=true, version=56.0, platform=WINDOWS, nativeEvents=false, acceptSslCerts=true, webStorageEnabled=true, locationContextEnabled=true, browserName=firefox, takesScreenshot=true, javascriptEnabled=true, cssSelectorsEnabled=true}]
Session ID: 1ce1e217-d7fc-4c6b-a1a3-a6419ef6f3c5)
[[ATTACHMENT|C:\\Users\\agawhande\\git\\CreditCard\\Reports\\CC_RentalInvoicewithDiffGatewayTestSuite\\20171125_000020\\1511552227530.png]]

2017-11-25 01:07:07 - [TEST_STEP][PASSED] - delay: Delayed 4 second(s)

2017-11-25 01:07:11 - [MESSAGE][PASSED] - Delayed 4 second(s)

2017-11-25 01:07:11 - [TEST_STEP][FAILED] - click: Unable to click on object 'Object Repository/Rental/RentalHeader/RentalContract.SaveHeader' (Root cause: org.openqa.selenium.WebDriverException: Element <div tabindex="0" class="Button" id="erext4100s004-0-button-std-file.save" draggable="true"></div> is not clickable at point (51, 79). Other element would receive the click: <div class="WindowManagerGlass" style="z-index: 1;"></div>
Command duration or timeout: 70 milliseconds
Build info: version: '2.53.0', revision: '35ae25b', time: '2016-03-15 17:00:58'
System info: host: 'ANIL110', ip: '192.168.25.228', os.name: 'Windows 7', os.arch: 'amd64', os.version: '6.1', java.version: '1.8.0_102'
Driver info: com.kms.katalon.core.webui.driver.firefox.CFirefoxDriver47
Capabilities [{applicationCacheEnabled=true, rotatable=false, handlesAlerts=true, databaseEnabled=true, version=56.0, platform=WINDOWS, nativeEvents=false, acceptSslCerts=true, webStorageEnabled=true, locationContextEnabled=true, browserName=firefox, takesScreenshot=true, javascriptEnabled=true, cssSelectorsEnabled=true}]
Session ID: 1ce1e217-d7fc-4c6b-a1a3-a6419ef6f3c5)

2017-11-25 01:07:11 - [MESSAGE][FAILED] - Unable to click on object 'Object Repository/Rental/RentalHeader/RentalContract.SaveHeader' (Root cause: org.openqa.selenium.WebDriverException: Element <div tabindex="0" class="Button" id="erext4100s004-0-button-std-file.save" draggable="true"></div> is not clickable at point (51, 79). Other element would receive the click: <div class="WindowManagerGlass" style="z-index: 1;"></div>
Command duration or timeout: 70 milliseconds
Build info: version: '2.53.0', revision: '35ae25b', time: '2016-03-15 17:00:58'
System info: host: 'ANIL110', ip: '192.168.25.228', os.name: 'Windows 7', os.arch: 'amd64', os.version: '6.1', java.version: '1.8.0_102'
Driver info: com.kms.katalon.core.webui.driver.firefox.CFirefoxDriver47
Capabilities [{applicationCacheEnabled=true, rotatable=false, handlesAlerts=true, databaseEnabled=true, version=56.0, platform=WINDOWS, nativeEvents=false, acceptSslCerts=true, webStorageEnabled=true, locationContextEnabled=true, browserName=firefox, takesScreenshot=true, javascriptEnabled=true, cssSelectorsEnabled=true}]
Session ID: 1ce1e217-d7fc-4c6b-a1a3-a6419ef6f3c5)
[[ATTACHMENT|C:\\Users\\agawhande\\git\\CreditCard\\Reports\\CC_RentalInvoicewithDiffGatewayTestSuite\\20171125_000020\\1511552231753.png]]

2017-11-25 01:07:11 - [TEST_STEP][PASSED] - delay: Delayed 5 second(s)

2017-11-25 01:07:16 - [MESSAGE][PASSED] - Delayed 5 second(s)

2017-11-25 01:07:16 - [TEST_STEP][FAILED] - click: Unable to click on object 'Object Repository/Rental/RentalHeader/RentalContract.Action' (Root cause: org.openqa.selenium.WebDriverException: Element <div tabindex="0" class="Button MenuButton TextButton" id="erext4501m001-1-button-std:action"></div> is not clickable at point (708, 446.01666259765625). Other element would receive the click: <div class="WindowManagerGlass" style="z-index: 1;"></div>
Command duration or timeout: 80 milliseconds
Build info: version: '2.53.0', revision: '35ae25b', time: '2016-03-15 17:00:58'
System info: host: 'ANIL110', ip: '192.168.25.228', os.name: 'Windows 7', os.arch: 'amd64', os.version: '6.1', java.version: '1.8.0_102'
Driver info: com.kms.katalon.core.webui.driver.firefox.CFirefoxDriver47
Capabilities [{applicationCacheEnabled=true, rotatable=false, handlesAlerts=true, databaseEnabled=true, version=56.0, platform=WINDOWS, nativeEvents=false, acceptSslCerts=true, webStorageEnabled=true, locationContextEnabled=true, browserName=firefox, takesScreenshot=true, javascriptEnabled=true, cssSelectorsEnabled=true}]
Session ID: 1ce1e217-d7fc-4c6b-a1a3-a6419ef6f3c5)

2017-11-25 01:07:17 - [MESSAGE][FAILED] - Unable to click on object 'Object Repository/Rental/RentalHeader/RentalContract.Action' (Root cause: org.openqa.selenium.WebDriverException: Element <div tabindex="0" class="Button MenuButton TextButton" id="erext4501m001-1-button-std:action"></div> is not clickable at point (708, 446.01666259765625). Other element would receive the click: <div class="WindowManagerGlass" style="z-index: 1;"></div>
Command duration or timeout: 80 milliseconds
Build info: version: '2.53.0', revision: '35ae25b', time: '2016-03-15 17:00:58'
System info: host: 'ANIL110', ip: '192.168.25.228', os.name: 'Windows 7', os.arch: 'amd64', os.version: '6.1', java.version: '1.8.0_102'
Driver info: com.kms.katalon.core.webui.driver.firefox.CFirefoxDriver47
Capabilities [{applicationCacheEnabled=true, rotatable=false, handlesAlerts=true, databaseEnabled=true, version=56.0, platform=WINDOWS, nativeEvents=false, acceptSslCerts=true, webStorageEnabled=true, locationContextEnabled=true, browserName=firefox, takesScreenshot=true, javascriptEnabled=true, cssSelectorsEnabled=true}]
Session ID: 1ce1e217-d7fc-4c6b-a1a3-a6419ef6f3c5)
[[ATTACHMENT|C:\\Users\\agawhande\\git\\CreditCard\\Reports\\CC_RentalInvoicewithDiffGatewayTestSuite\\20171125_000020\\1511552236998.png]]

2017-11-25 01:07:17 - [TEST_STEP][PASSED] - delay: Delayed 8 second(s)

2017-11-25 01:07:25 - [MESSAGE][PASSED] - Delayed 8 second(s)

2017-11-25 01:07:25 - [TEST_STEP][FAILED] - click: Unable to click on object 'Object Repository/Rental/RentalHeader/RentalContract.Release' (Root cause: com.kms.katalon.core.webui.exception.WebElementNotFoundException: Web element with id: 'Object Repository/Rental/RentalHeader/RentalContract.Release' located by 'By.xpath: //*[@id = 'erext4501m001-1-menu-std:action-form-to.erext4201m001']' not found)

2017-11-25 01:07:57 - [MESSAGE][FAILED] - Unable to click on object 'Object Repository/Rental/RentalHeader/RentalContract.Release' (Root cause: com.kms.katalon.core.webui.exception.WebElementNotFoundException: Web element with id: 'Object Repository/Rental/RentalHeader/RentalContract.Release' located by 'By.xpath: //*[@id = 'erext4501m001-1-menu-std:action-form-to.erext4201m001']' not found)
[[ATTACHMENT|C:\\Users\\agawhande\\git\\CreditCard\\Reports\\CC_RentalInvoicewithDiffGatewayTestSuite\\20171125_000020\\1511552277248.png]]

2017-11-25 01:07:57 - [TEST_STEP][PASSED] - delay: Delayed 12 second(s)

2017-11-25 01:08:09 - [MESSAGE][PASSED] - Delayed 12 second(s)

2017-11-25 01:08:09 - [TEST_STEP][FAILED] - click: Unable to click on object 'Object Repository/Rental/RentalHeader/RentalContract.ActionDelivery' (Root cause: com.kms.katalon.core.webui.exception.WebElementNotFoundException: Web element with id: 'Object Repository/Rental/RentalHeader/RentalContract.ActionDelivery' located by 'By.xpath: //*[@id = 'erext9502m001-2-button-std:action']' not found)

2017-11-25 01:08:41 - [MESSAGE][FAILED] - Unable to click on object 'Object Repository/Rental/RentalHeader/RentalContract.ActionDelivery' (Root cause: com.kms.katalon.core.webui.exception.WebElementNotFoundException: Web element with id: 'Object Repository/Rental/RentalHeader/RentalContract.ActionDelivery' located by 'By.xpath: //*[@id = 'erext9502m001-2-button-std:action']' not found)
[[ATTACHMENT|C:\\Users\\agawhande\\git\\CreditCard\\Reports\\CC_RentalInvoicewithDiffGatewayTestSuite\\20171125_000020\\1511552321337.png]]

2017-11-25 01:08:41 - [TEST_STEP][PASSED] - delay: Delayed 6 second(s)

2017-11-25 01:08:47 - [MESSAGE][PASSED] - Delayed 6 second(s)

2017-11-25 01:08:47 - [TEST_STEP][FAILED] - click: Unable to click on object 'Object Repository/Rental/RentalHeader/RentalContract.ConfirmDelivery' (Root cause: com.kms.katalon.core.webui.exception.WebElementNotFoundException: Web element with id: 'Object Repository/Rental/RentalHeader/RentalContract.ConfirmDelivery' located by 'By.xpath: //*[@id = 'erext9502m001-2-menu-std:action-form-confirm.delv']' not found)

2017-11-25 01:09:19 - [MESSAGE][FAILED] - Unable to click on object 'Object Repository/Rental/RentalHeader/RentalContract.ConfirmDelivery' (Root cause: com.kms.katalon.core.webui.exception.WebElementNotFoundException: Web element with id: 'Object Repository/Rental/RentalHeader/RentalContract.ConfirmDelivery' located by 'By.xpath: //*[@id = 'erext9502m001-2-menu-std:action-form-confirm.delv']' not found)
[[ATTACHMENT|C:\\Users\\agawhande\\git\\CreditCard\\Reports\\CC_RentalInvoicewithDiffGatewayTestSuite\\20171125_000020\\1511552359643.png]]

2017-11-25 01:09:19 - [TEST_STEP][PASSED] - delay: Delayed 8 second(s)

2017-11-25 01:09:27 - [MESSAGE][PASSED] - Delayed 8 second(s)

2017-11-25 01:09:27 - [TEST_STEP][NOT_RUN] - waitForElementPresent: NOT_RUN: waitForElementPresent

2017-11-25 01:09:27 - [MESSAGE][NOT_RUN] - NOT_RUN: waitForElementPresent

2017-11-25 01:09:27 - [TEST_STEP][NOT_RUN] - delay: NOT_RUN: delay

2017-11-25 01:09:27 - [MESSAGE][NOT_RUN] - NOT_RUN: delay

2017-11-25 01:09:27 - [TEST_STEP][FAILED] - click: Unable to click on object 'Object Repository/Rental/RentalHeader/RentalContract.DeliveryProceed' (Root cause: com.kms.katalon.core.webui.exception.WebElementNotFoundException: Web element with id: 'Object Repository/Rental/RentalHeader/RentalContract.DeliveryProceed' located by 'By.xpath: //*[@id = 'dlg-erext9502m001-2-input-button-0']' not found)

2017-11-25 01:09:59 - [MESSAGE][FAILED] - Unable to click on object 'Object Repository/Rental/RentalHeader/RentalContract.DeliveryProceed' (Root cause: com.kms.katalon.core.webui.exception.WebElementNotFoundException: Web element with id: 'Object Repository/Rental/RentalHeader/RentalContract.DeliveryProceed' located by 'By.xpath: //*[@id = 'dlg-erext9502m001-2-input-button-0']' not found)
[[ATTACHMENT|C:\\Users\\agawhande\\git\\CreditCard\\Reports\\CC_RentalInvoicewithDiffGatewayTestSuite\\20171125_000020\\1511552399721.png]]

2017-11-25 01:09:59 - [TEST_STEP][PASSED] - delay: Delayed 12 second(s)

2017-11-25 01:10:11 - [MESSAGE][PASSED] - Delayed 12 second(s)

2017-11-25 01:10:11 - [TEST_STEP][NOT_RUN] - waitForElementPresent: NOT_RUN: waitForElementPresent

2017-11-25 01:10:11 - [MESSAGE][NOT_RUN] - NOT_RUN: waitForElementPresent

2017-11-25 01:10:11 - [TEST_STEP][NOT_RUN] - delay: NOT_RUN: delay

2017-11-25 01:10:11 - [MESSAGE][NOT_RUN] - NOT_RUN: delay

2017-11-25 01:10:11 - [TEST_STEP][NOT_RUN] - click: NOT_RUN: click

2017-11-25 01:10:11 - [MESSAGE][NOT_RUN] - NOT_RUN: click

2017-11-25 01:10:11 - [TEST_STEP][PASSED] - delay: Delayed 8 second(s)

2017-11-25 01:10:19 - [MESSAGE][PASSED] - Delayed 8 second(s)

2017-11-25 01:10:19 - [TEST_STEP][FAILED] - click: Unable to click on object 'Object Repository/Rental/RentalHeader/RentalContract.InspetionReportClose' (Root cause: com.kms.katalon.core.webui.exception.WebElementNotFoundException: Web element with id: 'Object Repository/Rental/RentalHeader/RentalContract.InspetionReportClose' located by 'By.xpath: //*[@id = 'ttstpsplopen-5-button-std-file.close-label']' not found)

2017-11-25 01:10:52 - [MESSAGE][FAILED] - Unable to click on object 'Object Repository/Rental/RentalHeader/RentalContract.InspetionReportClose' (Root cause: com.kms.katalon.core.webui.exception.WebElementNotFoundException: Web element with id: 'Object Repository/Rental/RentalHeader/RentalContract.InspetionReportClose' located by 'By.xpath: //*[@id = 'ttstpsplopen-5-button-std-file.close-label']' not found)
[[ATTACHMENT|C:\\Users\\agawhande\\git\\CreditCard\\Reports\\CC_RentalInvoicewithDiffGatewayTestSuite\\20171125_000020\\1511552451911.png]]

2017-11-25 01:10:52 - [TEST_STEP][PASSED] - delay: Delayed 5 second(s)

2017-11-25 01:10:57 - [MESSAGE][PASSED] - Delayed 5 second(s)

2017-11-25 01:10:57 - [TEST_STEP][FAILED] - click: Unable to click on object 'Object Repository/Rental/RentalHeader/RentalContract.BillofLaddingClosed' (Root cause: com.kms.katalon.core.webui.exception.WebElementNotFoundException: Web element with id: 'Object Repository/Rental/RentalHeader/RentalContract.BillofLaddingClosed' located by 'By.xpath: //*[@id = 'ttstpsplopen-6-button-std-file.close-label']' not found)

2017-11-25 01:11:29 - [MESSAGE][FAILED] - Unable to click on object 'Object Repository/Rental/RentalHeader/RentalContract.BillofLaddingClosed' (Root cause: com.kms.katalon.core.webui.exception.WebElementNotFoundException: Web element with id: 'Object Repository/Rental/RentalHeader/RentalContract.BillofLaddingClosed' located by 'By.xpath: //*[@id = 'ttstpsplopen-6-button-std-file.close-label']' not found)
[[ATTACHMENT|C:\\Users\\agawhande\\git\\CreditCard\\Reports\\CC_RentalInvoicewithDiffGatewayTestSuite\\20171125_000020\\1511552489032.png]]

2017-11-25 01:11:29 - [TEST_STEP][PASSED] - delay: Delayed 5 second(s)

2017-11-25 01:11:34 - [MESSAGE][PASSED] - Delayed 5 second(s)

2017-11-25 01:11:34 - [TEST_STEP][FAILED] - click: Unable to click on object 'Object Repository/Rental/RentalHeader/RentalContract.EqipRentalMemoclosed' (Root cause: com.kms.katalon.core.webui.exception.WebElementNotFoundException: Web element with id: 'Object Repository/Rental/RentalHeader/RentalContract.EqipRentalMemoclosed' located by 'By.xpath: //*[@id = 'ttstpsplopen-8-button-std-file.close-label']' not found)

2017-11-25 01:12:06 - [MESSAGE][FAILED] - Unable to click on object 'Object Repository/Rental/RentalHeader/RentalContract.EqipRentalMemoclosed' (Root cause: com.kms.katalon.core.webui.exception.WebElementNotFoundException: Web element with id: 'Object Repository/Rental/RentalHeader/RentalContract.EqipRentalMemoclosed' located by 'By.xpath: //*[@id = 'ttstpsplopen-8-button-std-file.close-label']' not found)
[[ATTACHMENT|C:\\Users\\agawhande\\git\\CreditCard\\Reports\\CC_RentalInvoicewithDiffGatewayTestSuite\\20171125_000020\\1511552526103.png]]

2017-11-25 01:12:06 - [TEST_STEP][PASSED] - delay: Delayed 5 second(s)

2017-11-25 01:12:11 - [MESSAGE][PASSED] - Delayed 5 second(s)

2017-11-25 01:12:11 - [TEST_STEP][FAILED] - click: Unable to click on object 'Object Repository/Rental/RentalHeader/RentalContract.InspectionOrdergnerated' (Root cause: com.kms.katalon.core.webui.exception.WebElementNotFoundException: Web element with id: 'Object Repository/Rental/RentalHeader/RentalContract.InspectionOrdergnerated' located by 'By.xpath: //*[@id = 'dlg-erext4205m000-3-input-button-0-label']' not found)

2017-11-25 01:12:43 - [MESSAGE][FAILED] - Unable to click on object 'Object Repository/Rental/RentalHeader/RentalContract.InspectionOrdergnerated' (Root cause: com.kms.katalon.core.webui.exception.WebElementNotFoundException: Web element with id: 'Object Repository/Rental/RentalHeader/RentalContract.InspectionOrdergnerated' located by 'By.xpath: //*[@id = 'dlg-erext4205m000-3-input-button-0-label']' not found)
[[ATTACHMENT|C:\\Users\\agawhande\\git\\CreditCard\\Reports\\CC_RentalInvoicewithDiffGatewayTestSuite\\20171125_000020\\1511552563307.png]]

2017-11-25 01:12:43 - [MESSAGE][FAILED] - Unable to call Test Case with id 'Test Cases/Rental/Base_RentalContract/Base_CreateRentalHeader' (Root cause: Call Test Case 'Test Cases/Rental/Base_RentalContract/Base_CreateRentalHeader' failed)

2017-11-25 01:12:43 - [TEST_STEP][FAILED] - callTestCase: Unable to call Test Case with id 'Test Cases/Rental/Base_RentalContract/Base_CreateRentalInvoice_CC' (Root cause: Call Test Case 'Test Cases/Rental/Base_RentalContract/Base_CreateRentalInvoice_CC' failed)

2017-11-25 01:12:43 - [TEST_CASE][FAILED] - Test Cases/Rental/Base_RentalContract/Base_CreateRentalInvoice_CC: Test Cases/Rental/Base_RentalContract/Base_CreateRentalInvoice_CC FAILED because (of) Unable to click on object 'Object Repository/Rental/RentalHeader/RentalInvoice/RentalInvoice.InvoicingscheduleTab' (Root cause: org.openqa.selenium.WebDriverException: Element <label class="Label" id="erext4100s004-0-satellites-bar-page-3-label"></label> is not clickable at point (350, 418). Other element would receive the click: <div class="WindowManagerGlass" style="z-index: 1;"></div>
Command duration or timeout: 78 milliseconds
Build info: version: '2.53.0', revision: '35ae25b', time: '2016-03-15 17:00:58'
System info: host: 'ANIL110', ip: '192.168.25.228', os.name: 'Windows 7', os.arch: 'amd64', os.version: '6.1', java.version: '1.8.0_102'
Driver info: com.kms.katalon.core.webui.driver.firefox.CFirefoxDriver47
Capabilities [{applicationCacheEnabled=true, rotatable=false, handlesAlerts=true, databaseEnabled=true, version=56.0, platform=WINDOWS, nativeEvents=false, acceptSslCerts=true, webStorageEnabled=true, locationContextEnabled=true, browserName=firefox, takesScreenshot=true, javascriptEnabled=true, cssSelectorsEnabled=true}]
Session ID: 1ce1e217-d7fc-4c6b-a1a3-a6419ef6f3c5)

2017-11-25 01:12:43 - [TEST_STEP][NOT_RUN] - callTestCase: NOT_RUN: callTestCase

2017-11-25 01:12:43 - [MESSAGE][NOT_RUN] - NOT_RUN: callTestCase

2017-11-25 01:12:43 - [TEST_STEP][PASSED] - delay: Delayed 4 second(s)

2017-11-25 01:12:47 - [MESSAGE][PASSED] - Delayed 4 second(s)

2017-11-25 01:12:47 - [TEST_STEP][FAILED] - click: Unable to click on object 'Object Repository/Rental/RentalHeader/RentalInvoice/RentalInvoice.InvoicingscheduleTab' (Root cause: org.openqa.selenium.WebDriverException: Element <label class="Label" id="erext4100s004-0-satellites-bar-page-3-label"></label> is not clickable at point (350, 418). Other element would receive the click: <div class="WindowManagerGlass" style="z-index: 1;"></div>
Command duration or timeout: 78 milliseconds
Build info: version: '2.53.0', revision: '35ae25b', time: '2016-03-15 17:00:58'
System info: host: 'ANIL110', ip: '192.168.25.228', os.name: 'Windows 7', os.arch: 'amd64', os.version: '6.1', java.version: '1.8.0_102'
Driver info: com.kms.katalon.core.webui.driver.firefox.CFirefoxDriver47
Capabilities [{applicationCacheEnabled=true, rotatable=false, handlesAlerts=true, databaseEnabled=true, version=56.0, platform=WINDOWS, nativeEvents=false, acceptSslCerts=true, webStorageEnabled=true, locationContextEnabled=true, browserName=firefox, takesScreenshot=true, javascriptEnabled=true, cssSelectorsEnabled=true}]
Session ID: 1ce1e217-d7fc-4c6b-a1a3-a6419ef6f3c5)

2017-11-25 01:12:47 - [MESSAGE][FAILED] - Unable to click on object 'Object Repository/Rental/RentalHeader/RentalInvoice/RentalInvoice.InvoicingscheduleTab' (Root cause: org.openqa.selenium.WebDriverException: Element <label class="Label" id="erext4100s004-0-satellites-bar-page-3-label"></label> is not clickable at point (350, 418). Other element would receive the click: <div class="WindowManagerGlass" style="z-index: 1;"></div>
Command duration or timeout: 78 milliseconds
Build info: version: '2.53.0', revision: '35ae25b', time: '2016-03-15 17:00:58'
System info: host: 'ANIL110', ip: '192.168.25.228', os.name: 'Windows 7', os.arch: 'amd64', os.version: '6.1', java.version: '1.8.0_102'
Driver info: com.kms.katalon.core.webui.driver.firefox.CFirefoxDriver47
Capabilities [{applicationCacheEnabled=true, rotatable=false, handlesAlerts=true, databaseEnabled=true, version=56.0, platform=WINDOWS, nativeEvents=false, acceptSslCerts=true, webStorageEnabled=true, locationContextEnabled=true, browserName=firefox, takesScreenshot=true, javascriptEnabled=true, cssSelectorsEnabled=true}]
Session ID: 1ce1e217-d7fc-4c6b-a1a3-a6419ef6f3c5)
[[ATTACHMENT|C:\\Users\\agawhande\\git\\CreditCard\\Reports\\CC_RentalInvoicewithDiffGatewayTestSuite\\20171125_000020\\1511552567743.png]]

2017-11-25 01:12:47 - [TEST_STEP][PASSED] - delay: Delayed 4 second(s)

2017-11-25 01:12:51 - [MESSAGE][PASSED] - Delayed 4 second(s)

2017-11-25 01:12:51 - [TEST_STEP][FAILED] - click: Unable to click on object 'Object Repository/Rental/RentalHeader/RentalInvoice/RentalInvoice.Action' (Root cause: com.kms.katalon.core.webui.exception.WebElementNotFoundException: Web element with id: 'Object Repository/Rental/RentalHeader/RentalInvoice/RentalInvoice.Action' located by 'By.xpath: //*[@id = 'erext4505m002-9-button-std:action']' not found)

2017-11-25 01:13:23 - [MESSAGE][FAILED] - Unable to click on object 'Object Repository/Rental/RentalHeader/RentalInvoice/RentalInvoice.Action' (Root cause: com.kms.katalon.core.webui.exception.WebElementNotFoundException: Web element with id: 'Object Repository/Rental/RentalHeader/RentalInvoice/RentalInvoice.Action' located by 'By.xpath: //*[@id = 'erext4505m002-9-button-std:action']' not found)
[[ATTACHMENT|C:\\Users\\agawhande\\git\\CreditCard\\Reports\\CC_RentalInvoicewithDiffGatewayTestSuite\\20171125_000020\\1511552603743.png]]

2017-11-25 01:13:23 - [TEST_STEP][PASSED] - delay: Delayed 4 second(s)

2017-11-25 01:13:27 - [MESSAGE][PASSED] - Delayed 4 second(s)

2017-11-25 01:13:27 - [TEST_STEP][FAILED] - click: Unable to click on object 'Object Repository/Rental/RentalHeader/RentalInvoice/RentalInvoice.ProcessInvoice' (Root cause: com.kms.katalon.core.webui.exception.WebElementNotFoundException: Web element with id: 'Object Repository/Rental/RentalHeader/RentalInvoice/RentalInvoice.ProcessInvoice' located by 'By.xpath: //*[@id = 'erext4505m002-9-menu-std:action-form-exec.user.0-label']' not found)

2017-11-25 01:14:00 - [MESSAGE][FAILED] - Unable to click on object 'Object Repository/Rental/RentalHeader/RentalInvoice/RentalInvoice.ProcessInvoice' (Root cause: com.kms.katalon.core.webui.exception.WebElementNotFoundException: Web element with id: 'Object Repository/Rental/RentalHeader/RentalInvoice/RentalInvoice.ProcessInvoice' located by 'By.xpath: //*[@id = 'erext4505m002-9-menu-std:action-form-exec.user.0-label']' not found)
[[ATTACHMENT|C:\\Users\\agawhande\\git\\CreditCard\\Reports\\CC_RentalInvoicewithDiffGatewayTestSuite\\20171125_000020\\1511552639952.png]]

2017-11-25 01:14:00 - [TEST_STEP][PASSED] - delay: Delayed 4 second(s)

2017-11-25 01:14:04 - [MESSAGE][PASSED] - Delayed 4 second(s)

2017-11-25 01:14:04 - [TEST_STEP][FAILED] - click: Unable to click on object 'Object Repository/Rental/RentalHeader/RentalInvoice/RentalInvoice.ProcessInvoice2' (Root cause: com.kms.katalon.core.webui.exception.WebElementNotFoundException: Web element with id: 'Object Repository/Rental/RentalHeader/RentalInvoice/RentalInvoice.ProcessInvoice2' located by 'By.xpath: //*[@id = 'erext4203m001-10-button-form-exec.cont.process-label']' not found)

2017-11-25 01:14:36 - [MESSAGE][FAILED] - Unable to click on object 'Object Repository/Rental/RentalHeader/RentalInvoice/RentalInvoice.ProcessInvoice2' (Root cause: com.kms.katalon.core.webui.exception.WebElementNotFoundException: Web element with id: 'Object Repository/Rental/RentalHeader/RentalInvoice/RentalInvoice.ProcessInvoice2' located by 'By.xpath: //*[@id = 'erext4203m001-10-button-form-exec.cont.process-label']' not found)
[[ATTACHMENT|C:\\Users\\agawhande\\git\\CreditCard\\Reports\\CC_RentalInvoicewithDiffGatewayTestSuite\\20171125_000020\\1511552676012.png]]

2017-11-25 01:14:36 - [TEST_STEP][PASSED] - delay: Delayed 0 second(s)

2017-11-25 01:14:36 - [MESSAGE][PASSED] - Delayed 0 second(s)

2017-11-25 01:14:36 - [TEST_STEP][FAILED] - click: Unable to click on object 'Object Repository/Rental/RentalHeader/RentalInvoice/RentalInvoice.InvoiceProcessYES' (Root cause: com.kms.katalon.core.webui.exception.WebElementNotFoundException: Web element with id: 'Object Repository/Rental/RentalHeader/RentalInvoice/RentalInvoice.InvoiceProcessYES' located by 'By.xpath: //*[@id = 'dlg-erext4203m001-10-input-button-0-label']' not found)

2017-11-25 01:15:08 - [MESSAGE][FAILED] - Unable to click on object 'Object Repository/Rental/RentalHeader/RentalInvoice/RentalInvoice.InvoiceProcessYES' (Root cause: com.kms.katalon.core.webui.exception.WebElementNotFoundException: Web element with id: 'Object Repository/Rental/RentalHeader/RentalInvoice/RentalInvoice.InvoiceProcessYES' located by 'By.xpath: //*[@id = 'dlg-erext4203m001-10-input-button-0-label']' not found)
[[ATTACHMENT|C:\\Users\\agawhande\\git\\CreditCard\\Reports\\CC_RentalInvoicewithDiffGatewayTestSuite\\20171125_000020\\1511552708221.png]]

2017-11-25 01:15:08 - [TEST_STEP][PASSED] - delay: Delayed 0 second(s)

2017-11-25 01:15:08 - [MESSAGE][PASSED] - Delayed 0 second(s)

2017-11-25 01:15:08 - [TEST_STEP][FAILED] - setText: Unable to set text 'GLOBAL' of object 'Object Repository/Rental/RentalHeader/RentalInvoice/ServiceCreditCard.PaymentGateway' (Root cause: com.kms.katalon.core.webui.exception.WebElementNotFoundException: Web element with id: 'Object Repository/Rental/RentalHeader/RentalInvoice/ServiceCreditCard.PaymentGateway' located by 'By.xpath: //*[@id = 'xiext6102m000-11-pay.gateway-1-lookup-widget']' not found)

2017-11-25 01:15:40 - [MESSAGE][FAILED] - Unable to set text 'GLOBAL' of object 'Object Repository/Rental/RentalHeader/RentalInvoice/ServiceCreditCard.PaymentGateway' (Root cause: com.kms.katalon.core.webui.exception.WebElementNotFoundException: Web element with id: 'Object Repository/Rental/RentalHeader/RentalInvoice/ServiceCreditCard.PaymentGateway' located by 'By.xpath: //*[@id = 'xiext6102m000-11-pay.gateway-1-lookup-widget']' not found)
[[ATTACHMENT|C:\\Users\\agawhande\\git\\CreditCard\\Reports\\CC_RentalInvoicewithDiffGatewayTestSuite\\20171125_000020\\1511552740138.png]]

2017-11-25 01:15:40 - [TEST_STEP][NOT_RUN] - sendKeys: NOT_RUN: sendKeys

2017-11-25 01:15:40 - [MESSAGE][NOT_RUN] - NOT_RUN: sendKeys

2017-11-25 01:15:40 - [TEST_STEP][FAILED] - doubleClick: Unable to double click on object 'Object Repository/Rental/RentalHeader/RentalInvoice/ServiceCreditCard.CardType' (Root cause: com.kms.katalon.core.webui.exception.WebElementNotFoundException: Web element with id: 'Object Repository/Rental/RentalHeader/RentalInvoice/ServiceCreditCard.CardType' located by 'By.xpath: //*[@id = 'xiext6102m000-11-card.type-3-lookup-widget']' not found)

2017-11-25 01:16:12 - [MESSAGE][FAILED] - Unable to double click on object 'Object Repository/Rental/RentalHeader/RentalInvoice/ServiceCreditCard.CardType' (Root cause: com.kms.katalon.core.webui.exception.WebElementNotFoundException: Web element with id: 'Object Repository/Rental/RentalHeader/RentalInvoice/ServiceCreditCard.CardType' located by 'By.xpath: //*[@id = 'xiext6102m000-11-card.type-3-lookup-widget']' not found)
[[ATTACHMENT|C:\\Users\\agawhande\\git\\CreditCard\\Reports\\CC_RentalInvoicewithDiffGatewayTestSuite\\20171125_000020\\1511552772488.png]]

2017-11-25 01:16:12 - [TEST_STEP][FAILED] - setText: Unable to set text 'DEBIT MASTERCARD' of object 'Object Repository/Rental/RentalHeader/RentalInvoice/ServiceCreditCard.CardType' (Root cause: com.kms.katalon.core.webui.exception.WebElementNotFoundException: Web element with id: 'Object Repository/Rental/RentalHeader/RentalInvoice/ServiceCreditCard.CardType' located by 'By.xpath: //*[@id = 'xiext6102m000-11-card.type-3-lookup-widget']' not found)

2017-11-25 01:16:44 - [MESSAGE][FAILED] - Unable to set text 'DEBIT MASTERCARD' of object 'Object Repository/Rental/RentalHeader/RentalInvoice/ServiceCreditCard.CardType' (Root cause: com.kms.katalon.core.webui.exception.WebElementNotFoundException: Web element with id: 'Object Repository/Rental/RentalHeader/RentalInvoice/ServiceCreditCard.CardType' located by 'By.xpath: //*[@id = 'xiext6102m000-11-card.type-3-lookup-widget']' not found)
[[ATTACHMENT|C:\\Users\\agawhande\\git\\CreditCard\\Reports\\CC_RentalInvoicewithDiffGatewayTestSuite\\20171125_000020\\1511552804532.png]]

2017-11-25 01:16:44 - [TEST_STEP][PASSED] - delay: Delayed 2 second(s)

2017-11-25 01:16:46 - [MESSAGE][PASSED] - Delayed 2 second(s)

2017-11-25 01:16:46 - [TEST_STEP][FAILED] - doubleClick: Unable to double click on object 'Object Repository/Rental/RentalHeader/RentalInvoice/ServiceCreditCard.Enter CC No' (Root cause: com.kms.katalon.core.webui.exception.WebElementNotFoundException: Web element with id: 'Object Repository/Rental/RentalHeader/RentalInvoice/ServiceCreditCard.Enter CC No' located by 'By.xpath: //*[@id = 'xiext6102m000-11-cardno-7-lookup-widget']' not found)

2017-11-25 01:17:18 - [MESSAGE][FAILED] - Unable to double click on object 'Object Repository/Rental/RentalHeader/RentalInvoice/ServiceCreditCard.Enter CC No' (Root cause: com.kms.katalon.core.webui.exception.WebElementNotFoundException: Web element with id: 'Object Repository/Rental/RentalHeader/RentalInvoice/ServiceCreditCard.Enter CC No' located by 'By.xpath: //*[@id = 'xiext6102m000-11-cardno-7-lookup-widget']' not found)
[[ATTACHMENT|C:\\Users\\agawhande\\git\\CreditCard\\Reports\\CC_RentalInvoicewithDiffGatewayTestSuite\\20171125_000020\\1511552838763.png]]

2017-11-25 01:17:18 - [TEST_STEP][FAILED] - sendKeys: Unable to send keys '5100270000000007' to object 'Object Repository/Rental/RentalHeader/RentalInvoice/ServiceCreditCard.Enter CC No' (Root cause: com.kms.katalon.core.webui.exception.WebElementNotFoundException: Web element with id: 'Object Repository/Rental/RentalHeader/RentalInvoice/ServiceCreditCard.Enter CC No' located by 'By.xpath: //*[@id = 'xiext6102m000-11-cardno-7-lookup-widget']' not found)

2017-11-25 01:17:51 - [MESSAGE][FAILED] - Unable to send keys '5100270000000007' to object 'Object Repository/Rental/RentalHeader/RentalInvoice/ServiceCreditCard.Enter CC No' (Root cause: com.kms.katalon.core.webui.exception.WebElementNotFoundException: Web element with id: 'Object Repository/Rental/RentalHeader/RentalInvoice/ServiceCreditCard.Enter CC No' located by 'By.xpath: //*[@id = 'xiext6102m000-11-cardno-7-lookup-widget']' not found)
[[ATTACHMENT|C:\\Users\\agawhande\\git\\CreditCard\\Reports\\CC_RentalInvoicewithDiffGatewayTestSuite\\20171125_000020\\1511552870872.png]]

2017-11-25 01:17:51 - [TEST_STEP][PASSED] - delay: Delayed 2 second(s)

2017-11-25 01:17:53 - [MESSAGE][PASSED] - Delayed 2 second(s)

2017-11-25 01:17:53 - [TEST_STEP][FAILED] - click: Unable to click on object 'Object Repository/Rental/RentalHeader/RentalInvoice/ServiceCreditCard.CVV2' (Root cause: com.kms.katalon.core.webui.exception.WebElementNotFoundException: Web element with id: 'Object Repository/Rental/RentalHeader/RentalInvoice/ServiceCreditCard.CVV2' located by 'By.xpath: //*[@id = 'xiext6102m000-11-cvv.no-8-decorator']' not found)

2017-11-25 01:18:25 - [MESSAGE][FAILED] - Unable to click on object 'Object Repository/Rental/RentalHeader/RentalInvoice/ServiceCreditCard.CVV2' (Root cause: com.kms.katalon.core.webui.exception.WebElementNotFoundException: Web element with id: 'Object Repository/Rental/RentalHeader/RentalInvoice/ServiceCreditCard.CVV2' located by 'By.xpath: //*[@id = 'xiext6102m000-11-cvv.no-8-decorator']' not found)
[[ATTACHMENT|C:\\Users\\agawhande\\git\\CreditCard\\Reports\\CC_RentalInvoicewithDiffGatewayTestSuite\\20171125_000020\\1511552905088.png]]

2017-11-25 01:18:25 - [TEST_STEP][FAILED] - sendKeys: Unable to send keys '865' to object 'Object Repository/Rental/RentalHeader/RentalInvoice/ServiceCreditCard.CVV2' (Root cause: com.kms.katalon.core.webui.exception.WebElementNotFoundException: Web element with id: 'Object Repository/Rental/RentalHeader/RentalInvoice/ServiceCreditCard.CVV2' located by 'By.xpath: //*[@id = 'xiext6102m000-11-cvv.no-8-decorator']' not found)

2017-11-25 01:18:57 - [MESSAGE][FAILED] - Unable to send keys '865' to object 'Object Repository/Rental/RentalHeader/RentalInvoice/ServiceCreditCard.CVV2' (Root cause: com.kms.katalon.core.webui.exception.WebElementNotFoundException: Web element with id: 'Object Repository/Rental/RentalHeader/RentalInvoice/ServiceCreditCard.CVV2' located by 'By.xpath: //*[@id = 'xiext6102m000-11-cvv.no-8-decorator']' not found)
[[ATTACHMENT|C:\\Users\\agawhande\\git\\CreditCard\\Reports\\CC_RentalInvoicewithDiffGatewayTestSuite\\20171125_000020\\1511552937104.png]]

2017-11-25 01:18:57 - [TEST_STEP][NOT_RUN] - sendKeys: NOT_RUN: sendKeys

2017-11-25 01:18:57 - [MESSAGE][NOT_RUN] - NOT_RUN: sendKeys

2017-11-25 01:18:57 - [TEST_STEP][NOT_RUN] - delay: NOT_RUN: delay

2017-11-25 01:18:57 - [MESSAGE][NOT_RUN] - NOT_RUN: delay

2017-11-25 01:18:57 - [TEST_STEP][PASSED] - delay: Delayed 3 second(s)

2017-11-25 01:19:00 - [MESSAGE][PASSED] - Delayed 3 second(s)

2017-11-25 01:19:00 - [TEST_STEP][FAILED] - setText: Unable to set text '09' of object 'Object Repository/Rental/RentalHeader/RentalInvoice/ServiceCreditCard.ExpiryMonth' (Root cause: com.kms.katalon.core.webui.exception.WebElementNotFoundException: Web element with id: 'Object Repository/Rental/RentalHeader/RentalInvoice/ServiceCreditCard.ExpiryMonth' located by 'By.xpath: //*[@id = 'xiext6102m000-11-exp.month-10-decorator']' not found)

2017-11-25 01:19:32 - [MESSAGE][FAILED] - Unable to set text '09' of object 'Object Repository/Rental/RentalHeader/RentalInvoice/ServiceCreditCard.ExpiryMonth' (Root cause: com.kms.katalon.core.webui.exception.WebElementNotFoundException: Web element with id: 'Object Repository/Rental/RentalHeader/RentalInvoice/ServiceCreditCard.ExpiryMonth' located by 'By.xpath: //*[@id = 'xiext6102m000-11-exp.month-10-decorator']' not found)
[[ATTACHMENT|C:\\Users\\agawhande\\git\\CreditCard\\Reports\\CC_RentalInvoicewithDiffGatewayTestSuite\\20171125_000020\\1511552972370.png]]

2017-11-25 01:19:32 - [TEST_STEP][FAILED] - setText: Unable to set text '99' of object 'Object Repository/Rental/RentalHeader/RentalInvoice/ServiceCreditCard.ExpiryYear' (Root cause: com.kms.katalon.core.webui.exception.WebElementNotFoundException: Web element with id: 'Object Repository/Rental/RentalHeader/RentalInvoice/ServiceCreditCard.ExpiryYear' located by 'By.xpath: //*[@id = 'xiext6102m000-11-exp.year-11-decorator']' not found)

2017-11-25 01:20:04 - [MESSAGE][FAILED] - Unable to set text '99' of object 'Object Repository/Rental/RentalHeader/RentalInvoice/ServiceCreditCard.ExpiryYear' (Root cause: com.kms.katalon.core.webui.exception.WebElementNotFoundException: Web element with id: 'Object Repository/Rental/RentalHeader/RentalInvoice/ServiceCreditCard.ExpiryYear' located by 'By.xpath: //*[@id = 'xiext6102m000-11-exp.year-11-decorator']' not found)
[[ATTACHMENT|C:\\Users\\agawhande\\git\\CreditCard\\Reports\\CC_RentalInvoicewithDiffGatewayTestSuite\\20171125_000020\\1511553004431.png]]

2017-11-25 01:20:04 - [TEST_STEP][FAILED] - click: Unable to click on object 'Object Repository/Rental/RentalHeader/RentalInvoice/ServiceCreditCard.Process' (Root cause: com.kms.katalon.core.webui.exception.WebElementNotFoundException: Web element with id: 'Object Repository/Rental/RentalHeader/RentalInvoice/ServiceCreditCard.Process' located by 'By.xpath: //*[@id = 'xiext6102m000-11-button-form-process.cc.payment']' not found)

2017-11-25 01:20:36 - [MESSAGE][FAILED] - Unable to click on object 'Object Repository/Rental/RentalHeader/RentalInvoice/ServiceCreditCard.Process' (Root cause: com.kms.katalon.core.webui.exception.WebElementNotFoundException: Web element with id: 'Object Repository/Rental/RentalHeader/RentalInvoice/ServiceCreditCard.Process' located by 'By.xpath: //*[@id = 'xiext6102m000-11-button-form-process.cc.payment']' not found)
[[ATTACHMENT|C:\\Users\\agawhande\\git\\CreditCard\\Reports\\CC_RentalInvoicewithDiffGatewayTestSuite\\20171125_000020\\1511553036580.png]]

2017-11-25 01:20:36 - [TEST_STEP][PASSED] - delay: Delayed 13 second(s)

2017-11-25 01:20:49 - [MESSAGE][PASSED] - Delayed 13 second(s)

2017-11-25 01:20:49 - [TEST_STEP][FAILED] - click: Unable to click on object 'Object Repository/Rental/RentalHeader/RentalInvoice/ServiceCreditCard.PrintDevice' (Root cause: com.kms.katalon.core.webui.exception.WebElementNotFoundException: Web element with id: 'Object Repository/Rental/RentalHeader/RentalInvoice/ServiceCreditCard.PrintDevice' located by 'By.xpath: //*[@id = 'ttstpsplopen-13-button-form-exec.cont.process']' not found)

2017-11-25 01:21:21 - [MESSAGE][FAILED] - Unable to click on object 'Object Repository/Rental/RentalHeader/RentalInvoice/ServiceCreditCard.PrintDevice' (Root cause: com.kms.katalon.core.webui.exception.WebElementNotFoundException: Web element with id: 'Object Repository/Rental/RentalHeader/RentalInvoice/ServiceCreditCard.PrintDevice' located by 'By.xpath: //*[@id = 'ttstpsplopen-13-button-form-exec.cont.process']' not found)
[[ATTACHMENT|C:\\Users\\agawhande\\git\\CreditCard\\Reports\\CC_RentalInvoicewithDiffGatewayTestSuite\\20171125_000020\\1511553081660.png]]

2017-11-25 01:21:21 - [TEST_STEP][PASSED] - delay: Delayed 10 second(s)

2017-11-25 01:21:31 - [MESSAGE][PASSED] - Delayed 10 second(s)

2017-11-25 01:21:31 - [TEST_STEP][FAILED] - click: Unable to click on object 'Object Repository/Rental/RentalHeader/RentalInvoice/ServiceCreditCard.PrintOK' (Root cause: com.kms.katalon.core.webui.exception.WebElementNotFoundException: Web element with id: 'Object Repository/Rental/RentalHeader/RentalInvoice/ServiceCreditCard.PrintOK' located by 'By.xpath: //*[@id = 'dlg-erext4203m001-10-input-button-0']' not found)

2017-11-25 01:22:04 - [MESSAGE][FAILED] - Unable to click on object 'Object Repository/Rental/RentalHeader/RentalInvoice/ServiceCreditCard.PrintOK' (Root cause: com.kms.katalon.core.webui.exception.WebElementNotFoundException: Web element with id: 'Object Repository/Rental/RentalHeader/RentalInvoice/ServiceCreditCard.PrintOK' located by 'By.xpath: //*[@id = 'dlg-erext4203m001-10-input-button-0']' not found)
[[ATTACHMENT|C:\\Users\\agawhande\\git\\CreditCard\\Reports\\CC_RentalInvoicewithDiffGatewayTestSuite\\20171125_000020\\1511553123881.png]]

2017-11-25 01:22:04 - [TEST_STEP][PASSED] - delay: Delayed 5 second(s)

2017-11-25 01:22:09 - [MESSAGE][PASSED] - Delayed 5 second(s)

2017-11-25 01:22:09 - [TEST_STEP][FAILED] - click: Unable to click on object 'Object Repository/Rental/RentalHeader/RentalInvoice/RentalInvoice.CloseRentalInvoicesession' (Root cause: com.kms.katalon.core.webui.exception.WebElementNotFoundException: Web element with id: 'Object Repository/Rental/RentalHeader/RentalInvoice/RentalInvoice.CloseRentalInvoicesession' located by 'By.xpath: //*[@id = 'erext4203m001-10-button-std-file.close-label']' not found)

2017-11-25 01:22:41 - [MESSAGE][FAILED] - Unable to click on object 'Object Repository/Rental/RentalHeader/RentalInvoice/RentalInvoice.CloseRentalInvoicesession' (Root cause: com.kms.katalon.core.webui.exception.WebElementNotFoundException: Web element with id: 'Object Repository/Rental/RentalHeader/RentalInvoice/RentalInvoice.CloseRentalInvoicesession' located by 'By.xpath: //*[@id = 'erext4203m001-10-button-std-file.close-label']' not found)
[[ATTACHMENT|C:\\Users\\agawhande\\git\\CreditCard\\Reports\\CC_RentalInvoicewithDiffGatewayTestSuite\\20171125_000020\\1511553160960.png]]

2017-11-25 01:22:41 - [TEST_STEP][PASSED] - delay: Delayed 3 second(s)

2017-11-25 01:22:44 - [MESSAGE][PASSED] - Delayed 3 second(s)

2017-11-25 01:22:44 - [TEST_STEP][PASSED] - closeBrowser: Browser is closed

2017-11-25 01:22:44 - [MESSAGE][PASSED] - Browser is closed

2017-11-25 01:22:44 - [MESSAGE][FAILED] - Unable to call Test Case with id 'Test Cases/Rental/Base_RentalContract/Base_CreateRentalInvoice_CC' (Root cause: Call Test Case 'Test Cases/Rental/Base_RentalContract/Base_CreateRentalInvoice_CC' failed)]]></system-out>
         <system-err><![CDATA[2017-11-25 00:56:46 - [TEST_CASE][FAILED] - Test Cases/Rental/Base_RentalContract/CreditCardRegression/TC003_RentalContractInvoice_CC - Iteration 2: Test Cases/Rental/Base_RentalContract/CreditCardRegression/TC003_RentalContractInvoice_CC FAILED because (of) Unable to click on object 'Object Repository/Equipment/EquipmentPurchase/EPO_Header/EPO_Header_Action' (Root cause: org.openqa.selenium.WebDriverException: Element <div tabindex="0" class="Button MenuButton TextButton" id="tdext8150s000-0-button-std:action" draggable="true"></div> is not clickable at point (795, 79.01666259765625). Other element would receive the click: <div class="WindowManagerGlass" style="z-index: 1;"></div>
Command duration or timeout: 81 milliseconds
Build info: version: '2.53.0', revision: '35ae25b', time: '2016-03-15 17:00:58'
System info: host: 'ANIL110', ip: '192.168.25.228', os.name: 'Windows 7', os.arch: 'amd64', os.version: '6.1', java.version: '1.8.0_102'
Driver info: com.kms.katalon.core.webui.driver.firefox.CFirefoxDriver47
Capabilities [{applicationCacheEnabled=true, rotatable=false, handlesAlerts=true, databaseEnabled=true, version=56.0, platform=WINDOWS, nativeEvents=false, acceptSslCerts=true, webStorageEnabled=true, locationContextEnabled=true, browserName=firefox, takesScreenshot=true, javascriptEnabled=true, cssSelectorsEnabled=true}]
Session ID: 1b35885a-ff6e-4f17-ae98-18221f04b7c8)]]></system-err>
      </testcase>
      <system-out><![CDATA[2017-11-25 00:30:41 - [TEST_SUITE][FAILED] - CC_RentalInvoicewithDiffGatewayTestSuite: Test Cases/Rental/Base_RentalContract/CreditCardRegression/TC003_RentalContractInvoice_CC FAILED because (of) Unable to click on object 'Object Repository/Equipment/EquipmentPurchase/EPO_Header/EPO_Header_Action' (Root cause: org.openqa.selenium.WebDriverException: Element <div tabindex="0" class="Button MenuButton TextButton" id="tdext8150s000-0-button-std:action" draggable="true"></div> is not clickable at point (795, 79.01666259765625). Other element would receive the click: <div class="WindowManagerGlass" style="z-index: 1;"></div>
Command duration or timeout: 77 milliseconds
Build info: version: '2.53.0', revision: '35ae25b', time: '2016-03-15 17:00:58'
System info: host: 'ANIL110', ip: '192.168.25.228', os.name: 'Windows 7', os.arch: 'amd64', os.version: '6.1', java.version: '1.8.0_102'
Driver info: com.kms.katalon.core.webui.driver.firefox.CFirefoxDriver47
Capabilities [{applicationCacheEnabled=true, rotatable=false, handlesAlerts=true, databaseEnabled=true, version=56.0, platform=WINDOWS, nativeEvents=false, acceptSslCerts=true, webStorageEnabled=true, locationContextEnabled=true, browserName=firefox, takesScreenshot=true, javascriptEnabled=true, cssSelectorsEnabled=true}]
Session ID: b6487395-20aa-4b9e-9eea-d31fb47eb56b)]]></system-out>
      <system-err><![CDATA[2017-11-25 00:30:41 - [TEST_SUITE][FAILED] - CC_RentalInvoicewithDiffGatewayTestSuite: Test Cases/Rental/Base_RentalContract/CreditCardRegression/TC003_RentalContractInvoice_CC FAILED because (of) Unable to click on object 'Object Repository/Equipment/EquipmentPurchase/EPO_Header/EPO_Header_Action' (Root cause: org.openqa.selenium.WebDriverException: Element <div tabindex="0" class="Button MenuButton TextButton" id="tdext8150s000-0-button-std:action" draggable="true"></div> is not clickable at point (795, 79.01666259765625). Other element would receive the click: <div class="WindowManagerGlass" style="z-index: 1;"></div>
Command duration or timeout: 77 milliseconds
Build info: version: '2.53.0', revision: '35ae25b', time: '2016-03-15 17:00:58'
System info: host: 'ANIL110', ip: '192.168.25.228', os.name: 'Windows 7', os.arch: 'amd64', os.version: '6.1', java.version: '1.8.0_102'
Driver info: com.kms.katalon.core.webui.driver.firefox.CFirefoxDriver47
Capabilities [{applicationCacheEnabled=true, rotatable=false, handlesAlerts=true, databaseEnabled=true, version=56.0, platform=WINDOWS, nativeEvents=false, acceptSslCerts=true, webStorageEnabled=true, locationContextEnabled=true, browserName=firefox, takesScreenshot=true, javascriptEnabled=true, cssSelectorsEnabled=true}]
Session ID: b6487395-20aa-4b9e-9eea-d31fb47eb56b)]]></system-err>
   </testsuite>
</testsuites>
