<?xml version="1.0" encoding="UTF-8"?>
<testsuites name="CC_ServiceSplitTendetTestSuite" time="1113" tests="1" failures="1" errors="0">
   <testsuite name="CC_ServiceSplitTendetTestSuite" tests="1" failures="1" errors="0" time="1113" timestamp="2017-11-22 00:18:04" hostname="rgajbhiye - EET-RG.e-emphasys.com" id="Test Suites/CC_ServiceSplitTendetTestSuite">
      <properties>
         <property name="deviceName" value=""/>
         <property name="devicePlatform" value=""/>
         <property name="logFolder" value="C:\\Users\\rgajbhiye\\git\\CreditCard\\Reports\\CC_ServiceSplitTendetTestSuite\\20171122_000057"/>
         <property name="logFiles" value="C:\\Users\\rgajbhiye\\git\\CreditCard\\Reports\\CC_ServiceSplitTendetTestSuite\\20171122_000057\\execution0.log"/>
         <property name="attachments" value="C:\\Users\\rgajbhiye\\git\\CreditCard\\Reports\\CC_ServiceSplitTendetTestSuite\\20171122_000057\\1511290637361.png, C:\\Users\\rgajbhiye\\git\\CreditCard\\Reports\\CC_ServiceSplitTendetTestSuite\\20171122_000057\\1511290639872.png, C:\\Users\\rgajbhiye\\git\\CreditCard\\Reports\\CC_ServiceSplitTendetTestSuite\\20171122_000057\\1511290642275.png, C:\\Users\\rgajbhiye\\git\\CreditCard\\Reports\\CC_ServiceSplitTendetTestSuite\\20171122_000057\\1511290647906.png, C:\\Users\\rgajbhiye\\git\\CreditCard\\Reports\\CC_ServiceSplitTendetTestSuite\\20171122_000057\\1511290650293.png, C:\\Users\\rgajbhiye\\git\\CreditCard\\Reports\\CC_ServiceSplitTendetTestSuite\\20171122_000057\\1511290652758.png, C:\\Users\\rgajbhiye\\git\\CreditCard\\Reports\\CC_ServiceSplitTendetTestSuite\\20171122_000057\\1511290689169.png, C:\\Users\\rgajbhiye\\git\\CreditCard\\Reports\\CC_ServiceSplitTendetTestSuite\\20171122_000057\\1511290724581.png, C:\\Users\\rgajbhiye\\git\\CreditCard\\Reports\\CC_ServiceSplitTendetTestSuite\\20171122_000057\\1511290767731.png, C:\\Users\\rgajbhiye\\git\\CreditCard\\Reports\\CC_ServiceSplitTendetTestSuite\\20171122_000057\\1511290803018.png, C:\\Users\\rgajbhiye\\git\\CreditCard\\Reports\\CC_ServiceSplitTendetTestSuite\\20171122_000057\\1511290805483.png, C:\\Users\\rgajbhiye\\git\\CreditCard\\Reports\\CC_ServiceSplitTendetTestSuite\\20171122_000057\\1511290808962.png, C:\\Users\\rgajbhiye\\git\\CreditCard\\Reports\\CC_ServiceSplitTendetTestSuite\\20171122_000057\\1511290844046.png, C:\\Users\\rgajbhiye\\git\\CreditCard\\Reports\\CC_ServiceSplitTendetTestSuite\\20171122_000057\\1511290846636.png, C:\\Users\\rgajbhiye\\git\\CreditCard\\Reports\\CC_ServiceSplitTendetTestSuite\\20171122_000057\\1511290849148.png, C:\\Users\\rgajbhiye\\git\\CreditCard\\Reports\\CC_ServiceSplitTendetTestSuite\\20171122_000057\\1511290895293.png, C:\\Users\\rgajbhiye\\git\\CreditCard\\Reports\\CC_ServiceSplitTendetTestSuite\\20171122_000057\\1511290938505.png, C:\\Users\\rgajbhiye\\git\\CreditCard\\Reports\\CC_ServiceSplitTendetTestSuite\\20171122_000057\\1511290947194.png, C:\\Users\\rgajbhiye\\git\\CreditCard\\Reports\\CC_ServiceSplitTendetTestSuite\\20171122_000057\\1511290983277.png, C:\\Users\\rgajbhiye\\git\\CreditCard\\Reports\\CC_ServiceSplitTendetTestSuite\\20171122_000057\\1511291019625.png, C:\\Users\\rgajbhiye\\git\\CreditCard\\Reports\\CC_ServiceSplitTendetTestSuite\\20171122_000057\\1511291052869.png, C:\\Users\\rgajbhiye\\git\\CreditCard\\Reports\\CC_ServiceSplitTendetTestSuite\\20171122_000057\\1511291083062.png, C:\\Users\\rgajbhiye\\git\\CreditCard\\Reports\\CC_ServiceSplitTendetTestSuite\\20171122_000057\\1511291083355.png, C:\\Users\\rgajbhiye\\git\\CreditCard\\Reports\\CC_ServiceSplitTendetTestSuite\\20171122_000057\\1511291126114.png, C:\\Users\\rgajbhiye\\git\\CreditCard\\Reports\\CC_ServiceSplitTendetTestSuite\\20171122_000057\\1511291158999.png, C:\\Users\\rgajbhiye\\git\\CreditCard\\Reports\\CC_ServiceSplitTendetTestSuite\\20171122_000057\\1511291191947.png"/>
         <property name="hostName" value="rgajbhiye - EET-RG.e-emphasys.com"/>
         <property name="os" value="Windows 7 64bit"/>
         <property name="katalonVersion" value="5.0.0.1"/>
         <property name="browser" value="Firefox 43.0"/>
         <property name="hostAddress" value="192.168.25.107"/>
         <property name="sessionId" value="ab93572c-9ec6-4885-952b-9be387dbb7cd"/>
         <property name="seleniumVersion" value="2.53.0"/>
         <property name="proxyInformation" value="ProxyInformation{proxyOption=NO_PROXY, proxyServerType=, password=, proxyServerAddress=, proxyServerPort=0}"/>
         <property name="platform" value="Windows 7"/>
      </properties>
      <testcase name="Test Cases/Service/CreditCardRegression/TC002_Service_CreditCardSplitTender - Iteration 1" classname="Test Cases/Service/CreditCardRegression/TC002_Service_CreditCardSplitTender" status="PASSED">
         <system-out><![CDATA[2017-11-22 00:18:04 - [TEST_CASE][PASSED] - Test Cases/Service/CreditCardRegression/TC002_Service_CreditCardSplitTender - Iteration 1: Test Cases/Service/CreditCardRegression/TC002_Service_CreditCardSplitTender

2017-11-22 00:18:05 - [TEST_STEP][PASSED] - callTestCase: Call Test Case 'Test Cases/Service/BaseTestCases/Base_Service_CreateHeader' successfully

2017-11-22 00:18:05 - [TEST_CASE][PASSED] - Test Cases/Service/BaseTestCases/Base_Service_CreateHeader: Test Cases/Service/BaseTestCases/Base_Service_CreateHeader

2017-11-22 00:18:06 - [TEST_STEP][PASSED] - callTestCase: Call Test Case 'Test Cases/Common/Base_Common_OpenSession' successfully

2017-11-22 00:18:06 - [TEST_CASE][PASSED] - Test Cases/Common/Base_Common_OpenSession: Test Cases/Common/Base_Common_OpenSession

2017-11-22 00:18:06 - [TEST_STEP][PASSED] - openBrowser: Browser is opened with url: 'https://rgajbhiye:Robin$123@proxima-ln4.e-emphasys.com:8441/webui/servlet/login'

2017-11-22 00:18:12 - [MESSAGE][PASSED] - Browser is opened with url: 'https://rgajbhiye:Robin$123@proxima-ln4.e-emphasys.com:8441/webui/servlet/login'

2017-11-22 00:18:12 - [TEST_STEP][PASSED] - waitForPageLoad: Wait for page load successfully

2017-11-22 00:18:12 - [MESSAGE][PASSED] - Wait for page load successfully

2017-11-22 00:18:12 - [TEST_STEP][PASSED] - maximizeWindow: Current window maximized

2017-11-22 00:18:13 - [MESSAGE][PASSED] - Current window maximized

2017-11-22 00:18:13 - [TEST_STEP][PASSED] - click: Object: 'Object Repository/Common/HomePage/HomePage_more' is clicked on

2017-11-22 00:18:16 - [MESSAGE][PASSED] - Object: 'Object Repository/Common/HomePage/HomePage_more' is clicked on

2017-11-22 00:18:16 - [TEST_STEP][PASSED] - click: Object: 'Object Repository/Common/HomePage/HomePage_Option' is clicked on

2017-11-22 00:18:16 - [MESSAGE][PASSED] - Object: 'Object Repository/Common/HomePage/HomePage_Option' is clicked on

2017-11-22 00:18:16 - [TEST_STEP][PASSED] - click: Object: 'Object Repository/Common/HomePage/HomePage_RunProgram_' is clicked on

2017-11-22 00:18:17 - [MESSAGE][PASSED] - Object: 'Object Repository/Common/HomePage/HomePage_RunProgram_' is clicked on

2017-11-22 00:18:17 - [TEST_STEP][PASSED] - sendKeys: Keys 'tssoc2100m001' sent to object: 'Object Repository/Common/HomePage/HomePage_Session_ID'

2017-11-22 00:18:17 - [MESSAGE][PASSED] - Keys 'tssoc2100m001' sent to object: 'Object Repository/Common/HomePage/HomePage_Session_ID'

2017-11-22 00:18:17 - [TEST_STEP][PASSED] - click: Object: 'Object Repository/Common/HomePage/HomePage_OkButton' is clicked on

2017-11-22 00:18:18 - [MESSAGE][PASSED] - Object: 'Object Repository/Common/HomePage/HomePage_OkButton' is clicked on

2017-11-22 00:18:18 - [MESSAGE][PASSED] - Call Test Case 'Test Cases/Common/Base_Common_OpenSession' successfully

2017-11-22 00:18:18 - [TEST_STEP][PASSED] - click: Object: 'Object Repository/Service/ServiceOrder/ServiceOrderHeader/ServiceOrderHeader.Newbutton' is clicked on

2017-11-22 00:18:24 - [MESSAGE][PASSED] - Object: 'Object Repository/Service/ServiceOrder/ServiceOrderHeader/ServiceOrderHeader.Newbutton' is clicked on

2017-11-22 00:18:24 - [TEST_STEP][PASSED] - delay: Delayed 3 second(s)

2017-11-22 00:18:27 - [MESSAGE][PASSED] - Delayed 3 second(s)

2017-11-22 00:18:27 - [TEST_STEP][PASSED] - setText: Text 'M00000182' is set on object 'Object Repository/Service/ServiceOrder/ServiceOrderHeader/ServiceOrderHeader.Customer'

2017-11-22 00:18:27 - [MESSAGE][PASSED] - Text 'M00000182' is set on object 'Object Repository/Service/ServiceOrder/ServiceOrderHeader/ServiceOrderHeader.Customer'

2017-11-22 00:18:27 - [TEST_STEP][PASSED] - sendKeys: Keys 'TAB + ' sent to object: 'Object Repository/Service/ServiceOrder/ServiceOrderHeader/ServiceOrderHeader.Customer'

2017-11-22 00:18:27 - [MESSAGE][PASSED] - Keys 'TAB + ' sent to object: 'Object Repository/Service/ServiceOrder/ServiceOrderHeader/ServiceOrderHeader.Customer'

2017-11-22 00:18:27 - [TEST_STEP][PASSED] - delay: Delayed 3 second(s)

2017-11-22 00:18:30 - [MESSAGE][PASSED] - Delayed 3 second(s)

2017-11-22 00:18:30 - [TEST_STEP][PASSED] - setText: Text 'MD0007993' is set on object 'Object Repository/Service/ServiceOrder/ServiceOrderHeader/ServiceOrderHeader.Unit'

2017-11-22 00:18:30 - [MESSAGE][PASSED] - Text 'MD0007993' is set on object 'Object Repository/Service/ServiceOrder/ServiceOrderHeader/ServiceOrderHeader.Unit'

2017-11-22 00:18:30 - [TEST_STEP][PASSED] - click: Object: 'Object Repository/Service/ServiceOrder/ServiceOrderHeader/ServiceOrderHeader.Save' is clicked on

2017-11-22 00:18:31 - [MESSAGE][PASSED] - Object: 'Object Repository/Service/ServiceOrder/ServiceOrderHeader/ServiceOrderHeader.Save' is clicked on

2017-11-22 00:18:31 - [TEST_STEP][PASSED] - click: Object: 'Object Repository/Service/ServiceOrder/ServiceOrderHeader/ServiceOrderHeader.Warning' is clicked on

2017-11-22 00:18:41 - [MESSAGE][PASSED] - Object: 'Object Repository/Service/ServiceOrder/ServiceOrderHeader/ServiceOrderHeader.Warning' is clicked on

2017-11-22 00:18:41 - [TEST_STEP][PASSED] - delay: Delayed 3 second(s)

2017-11-22 00:18:44 - [MESSAGE][PASSED] - Delayed 3 second(s)

2017-11-22 00:18:44 - [TEST_STEP][PASSED] - click: Object: 'Object Repository/Service/ServiceOrder/ServiceOrderHeader/ServiceOrderHeader.PaymentMode' is clicked on

2017-11-22 00:18:44 - [MESSAGE][PASSED] - Object: 'Object Repository/Service/ServiceOrder/ServiceOrderHeader/ServiceOrderHeader.PaymentMode' is clicked on

2017-11-22 00:18:44 - [TEST_STEP][PASSED] - click: Object: 'Object Repository/Service/ServiceOrder/ServiceOrderHeader/ServiceOrderHeader.CreditCardoption' is clicked on

2017-11-22 00:18:44 - [MESSAGE][PASSED] - Object: 'Object Repository/Service/ServiceOrder/ServiceOrderHeader/ServiceOrderHeader.CreditCardoption' is clicked on

2017-11-22 00:18:44 - [TEST_STEP][PASSED] - delay: Delayed 5 second(s)

2017-11-22 00:18:49 - [MESSAGE][PASSED] - Delayed 5 second(s)

2017-11-22 00:18:49 - [TEST_STEP][NOT_RUN] - setText: NOT_RUN: setText

2017-11-22 00:18:49 - [MESSAGE][NOT_RUN] - NOT_RUN: setText

2017-11-22 00:18:49 - [TEST_STEP][PASSED] - click: Object: 'Object Repository/Service/ServiceOrder/ServiceOrderHeader/ServiceOrderHeader.Save' is clicked on

2017-11-22 00:18:49 - [MESSAGE][PASSED] - Object: 'Object Repository/Service/ServiceOrder/ServiceOrderHeader/ServiceOrderHeader.Save' is clicked on

2017-11-22 00:18:49 - [TEST_STEP][PASSED] - delay: Delayed 5 second(s)

2017-11-22 00:18:54 - [MESSAGE][PASSED] - Delayed 5 second(s)

2017-11-22 00:18:54 - [TEST_STEP][PASSED] - Statement - SWOOrderNo = com.kms.katalon.core.webui.keyword.WebUiBuiltInKeywords.getAttribute(com.kms.katalon.core.testobject.ObjectRepository.findTestObject(Service/ServiceOrder/ServiceOrderHeader/ServiceOrderHeader.OrderNo), "value"): Attribute 'value' of object 'Object Repository/Service/ServiceOrder/ServiceOrderHeader/ServiceOrderHeader.OrderNo' is: 'SWO119859'

2017-11-22 00:18:54 - [MESSAGE][PASSED] - Attribute 'value' of object 'Object Repository/Service/ServiceOrder/ServiceOrderHeader/ServiceOrderHeader.OrderNo' is: 'SWO119859'

2017-11-22 00:18:54 - [TEST_STEP][PASSED] - verifyNotEqual: Actual object 'SWO119859' and expected object '' are not equal

2017-11-22 00:18:54 - [MESSAGE][PASSED] - Actual object 'SWO119859' and expected object '' are not equal

2017-11-22 00:18:54 - [TEST_STEP][PASSED] - delay: Delayed 5 second(s)

2017-11-22 00:18:59 - [MESSAGE][PASSED] - Delayed 5 second(s)

2017-11-22 00:18:59 - [TEST_STEP][PASSED] - click: Object: 'Object Repository/Service/ServiceOrder/ServiceOrderHeader/ServiceOrderHeader.Actions' is clicked on

2017-11-22 00:19:00 - [MESSAGE][PASSED] - Object: 'Object Repository/Service/ServiceOrder/ServiceOrderHeader/ServiceOrderHeader.Actions' is clicked on

2017-11-22 00:19:00 - [TEST_STEP][PASSED] - delay: Delayed 3 second(s)

2017-11-22 00:19:03 - [MESSAGE][PASSED] - Delayed 3 second(s)

2017-11-22 00:19:03 - [TEST_STEP][PASSED] - click: Object: 'Object Repository/Service/ServiceOrder/ServiceOrderHeader/ServiceOrderHeader.Segments' is clicked on

2017-11-22 00:19:03 - [MESSAGE][PASSED] - Object: 'Object Repository/Service/ServiceOrder/ServiceOrderHeader/ServiceOrderHeader.Segments' is clicked on

2017-11-22 00:19:03 - [TEST_STEP][PASSED] - delay: Delayed 3 second(s)

2017-11-22 00:19:06 - [MESSAGE][PASSED] - Delayed 3 second(s)

2017-11-22 00:19:06 - [MESSAGE][PASSED] - Call Test Case 'Test Cases/Service/BaseTestCases/Base_Service_CreateHeader' successfully

2017-11-22 00:19:06 - [TEST_STEP][PASSED] - callTestCase: Call Test Case 'Test Cases/Service/BaseTestCases/Base_Service_AddSegment' successfully

2017-11-22 00:19:06 - [TEST_CASE][PASSED] - Test Cases/Service/BaseTestCases/Base_Service_AddSegment: Test Cases/Service/BaseTestCases/Base_Service_AddSegment

2017-11-22 00:19:06 - [TEST_STEP][PASSED] - click: Object: 'Object Repository/Service/ServiceOrder/ServiceOrderSegment/ServiceOrderSegment.ServiceType' is clicked on

2017-11-22 00:19:09 - [MESSAGE][PASSED] - Object: 'Object Repository/Service/ServiceOrder/ServiceOrderSegment/ServiceOrderSegment.ServiceType' is clicked on

2017-11-22 00:19:09 - [TEST_STEP][PASSED] - setText: Text 'ABC' is set on object 'Object Repository/Service/ServiceOrder/ServiceOrderSegment/ServiceOrderSegment.ServiceType'

2017-11-22 00:19:09 - [MESSAGE][PASSED] - Text 'ABC' is set on object 'Object Repository/Service/ServiceOrder/ServiceOrderSegment/ServiceOrderSegment.ServiceType'

2017-11-22 00:19:09 - [TEST_STEP][NOT_RUN] - sendKeys: NOT_RUN: sendKeys

2017-11-22 00:19:09 - [MESSAGE][NOT_RUN] - NOT_RUN: sendKeys

2017-11-22 00:19:09 - [TEST_STEP][PASSED] - delay: Delayed 3 second(s)

2017-11-22 00:19:12 - [MESSAGE][PASSED] - Delayed 3 second(s)

2017-11-22 00:19:12 - [TEST_STEP][PASSED] - click: Object: 'Object Repository/Service/ServiceOrder/ServiceOrderSegment/ServiceOrderSegment.Save' is clicked on

2017-11-22 00:19:13 - [MESSAGE][PASSED] - Object: 'Object Repository/Service/ServiceOrder/ServiceOrderSegment/ServiceOrderSegment.Save' is clicked on

2017-11-22 00:19:13 - [TEST_STEP][PASSED] - delay: Delayed 10 second(s)

2017-11-22 00:19:23 - [MESSAGE][PASSED] - Delayed 10 second(s)

2017-11-22 00:19:23 - [TEST_STEP][PASSED] - click: Object: 'Object Repository/Service/ServiceOrder/ServiceOrderSegment/ServiceOrderSegment.Action' is clicked on

2017-11-22 00:19:23 - [MESSAGE][PASSED] - Object: 'Object Repository/Service/ServiceOrder/ServiceOrderSegment/ServiceOrderSegment.Action' is clicked on

2017-11-22 00:19:23 - [TEST_STEP][PASSED] - delay: Delayed 2 second(s)

2017-11-22 00:19:25 - [MESSAGE][PASSED] - Delayed 2 second(s)

2017-11-22 00:19:25 - [TEST_STEP][PASSED] - click: Object: 'Object Repository/Service/ServiceOrder/ServiceOrderSegment/ServiceOrderSegment.Release' is clicked on

2017-11-22 00:19:25 - [MESSAGE][PASSED] - Object: 'Object Repository/Service/ServiceOrder/ServiceOrderSegment/ServiceOrderSegment.Release' is clicked on

2017-11-22 00:19:25 - [TEST_STEP][PASSED] - delay: Delayed 5 second(s)

2017-11-22 00:19:30 - [MESSAGE][PASSED] - Delayed 5 second(s)

2017-11-22 00:19:30 - [TEST_STEP][NOT_RUN] - click: NOT_RUN: click

2017-11-22 00:19:30 - [MESSAGE][NOT_RUN] - NOT_RUN: click

2017-11-22 00:19:30 - [TEST_STEP][NOT_RUN] - click: NOT_RUN: click

2017-11-22 00:19:30 - [MESSAGE][NOT_RUN] - NOT_RUN: click

2017-11-22 00:19:30 - [TEST_STEP][NOT_RUN] - delay: NOT_RUN: delay

2017-11-22 00:19:30 - [MESSAGE][NOT_RUN] - NOT_RUN: delay

2017-11-22 00:19:30 - [TEST_STEP][NOT_RUN] - setText: NOT_RUN: setText

2017-11-22 00:19:30 - [MESSAGE][NOT_RUN] - NOT_RUN: setText

2017-11-22 00:19:30 - [TEST_STEP][NOT_RUN] - sendKeys: NOT_RUN: sendKeys

2017-11-22 00:19:30 - [MESSAGE][NOT_RUN] - NOT_RUN: sendKeys

2017-11-22 00:19:30 - [TEST_STEP][NOT_RUN] - delay: NOT_RUN: delay

2017-11-22 00:19:30 - [MESSAGE][NOT_RUN] - NOT_RUN: delay

2017-11-22 00:19:30 - [TEST_STEP][NOT_RUN] - click: NOT_RUN: click

2017-11-22 00:19:30 - [MESSAGE][NOT_RUN] - NOT_RUN: click

2017-11-22 00:19:30 - [TEST_STEP][NOT_RUN] - delay: NOT_RUN: delay

2017-11-22 00:19:30 - [MESSAGE][NOT_RUN] - NOT_RUN: delay

2017-11-22 00:19:30 - [TEST_STEP][PASSED] - click: Object: 'Object Repository/Service/ServiceOrder/ServiceOrderSegment/ServiceOrderSegment.Action' is clicked on

2017-11-22 00:19:31 - [MESSAGE][PASSED] - Object: 'Object Repository/Service/ServiceOrder/ServiceOrderSegment/ServiceOrderSegment.Action' is clicked on

2017-11-22 00:19:31 - [TEST_STEP][PASSED] - delay: Delayed 3 second(s)

2017-11-22 00:19:34 - [MESSAGE][PASSED] - Delayed 3 second(s)

2017-11-22 00:19:34 - [MESSAGE][PASSED] - Call Test Case 'Test Cases/Service/BaseTestCases/Base_Service_AddSegment' successfully

2017-11-22 00:19:34 - [TEST_STEP][PASSED] - callTestCase: Call Test Case 'Test Cases/Service/BaseTestCases/Base_Service_Add Others' successfully

2017-11-22 00:19:34 - [TEST_CASE][PASSED] - Test Cases/Service/BaseTestCases/Base_Service_Add Others: Test Cases/Service/BaseTestCases/Base_Service_Add Others

2017-11-22 00:19:34 - [TEST_STEP][PASSED] - click: Object: 'Object Repository/Service/ServiceOrder/ServiceOrderSegment/ServiceOrderSegment.Others' is clicked on

2017-11-22 00:19:34 - [MESSAGE][PASSED] - Object: 'Object Repository/Service/ServiceOrder/ServiceOrderSegment/ServiceOrderSegment.Others' is clicked on

2017-11-22 00:19:34 - [TEST_STEP][PASSED] - delay: Delayed 10 second(s)

2017-11-22 00:19:44 - [MESSAGE][PASSED] - Delayed 10 second(s)

2017-11-22 00:19:44 - [TEST_STEP][PASSED] - click: Object: 'Object Repository/Service/ServiceOrder/ServiceOrderSegment/ServiceOrderSegment.OthersNew' is clicked on

2017-11-22 00:19:44 - [MESSAGE][PASSED] - Object: 'Object Repository/Service/ServiceOrder/ServiceOrderSegment/ServiceOrderSegment.OthersNew' is clicked on

2017-11-22 00:19:44 - [TEST_STEP][PASSED] - delay: Delayed 5 second(s)

2017-11-22 00:19:49 - [MESSAGE][PASSED] - Delayed 5 second(s)

2017-11-22 00:19:49 - [TEST_STEP][PASSED] - click: Object: 'Object Repository/Service/ServiceOrder/ServiceOrderSegment/ServiceOrderSegment.OthersCostComp' is clicked on

2017-11-22 00:19:50 - [MESSAGE][PASSED] - Object: 'Object Repository/Service/ServiceOrder/ServiceOrderSegment/ServiceOrderSegment.OthersCostComp' is clicked on

2017-11-22 00:19:50 - [TEST_STEP][PASSED] - delay: Delayed 2 second(s)

2017-11-22 00:19:52 - [MESSAGE][PASSED] - Delayed 2 second(s)

2017-11-22 00:19:52 - [TEST_STEP][PASSED] - setText: Text 'APP' is set on object 'Object Repository/Service/ServiceOrder/ServiceOrderSegment/ServiceOrderSegment.OthersCostComp'

2017-11-22 00:19:52 - [MESSAGE][PASSED] - Text 'APP' is set on object 'Object Repository/Service/ServiceOrder/ServiceOrderSegment/ServiceOrderSegment.OthersCostComp'

2017-11-22 00:19:52 - [TEST_STEP][PASSED] - delay: Delayed 5 second(s)

2017-11-22 00:19:57 - [MESSAGE][PASSED] - Delayed 5 second(s)

2017-11-22 00:19:57 - [TEST_STEP][PASSED] - scrollToElement: Scroll to object 'Object Repository/Service/ServiceOrder/ServiceOrderSegment/ServiceOrderSegment.Actual Qty' successfully

2017-11-22 00:19:57 - [MESSAGE][PASSED] - Scroll to object 'Object Repository/Service/ServiceOrder/ServiceOrderSegment/ServiceOrderSegment.Actual Qty' successfully

2017-11-22 00:19:57 - [TEST_STEP][PASSED] - click: Object: 'Object Repository/Service/ServiceOrder/ServiceOrderSegment/ServiceOrderSegment.Actual Qty' is clicked on

2017-11-22 00:19:57 - [MESSAGE][PASSED] - Object: 'Object Repository/Service/ServiceOrder/ServiceOrderSegment/ServiceOrderSegment.Actual Qty' is clicked on

2017-11-22 00:19:57 - [TEST_STEP][PASSED] - delay: Delayed 2 second(s)

2017-11-22 00:19:59 - [MESSAGE][PASSED] - Delayed 2 second(s)

2017-11-22 00:19:59 - [TEST_STEP][PASSED] - sendKeys: Keys '2' sent to object: 'Object Repository/Service/ServiceOrder/ServiceOrderSegment/ServiceOrderSegment.Actual Qty'

2017-11-22 00:19:59 - [MESSAGE][PASSED] - Keys '2' sent to object: 'Object Repository/Service/ServiceOrder/ServiceOrderSegment/ServiceOrderSegment.Actual Qty'

2017-11-22 00:19:59 - [TEST_STEP][PASSED] - delay: Delayed 5 second(s)

2017-11-22 00:20:04 - [MESSAGE][PASSED] - Delayed 5 second(s)

2017-11-22 00:20:04 - [TEST_STEP][NOT_RUN] - click: NOT_RUN: click

2017-11-22 00:20:04 - [MESSAGE][NOT_RUN] - NOT_RUN: click

2017-11-22 00:20:04 - [TEST_STEP][PASSED] - click: Object: 'Object Repository/Service/ServiceOrder/ServiceOrderSegment/ServiceOrderSegmentOthers.SaveClose' is clicked on

2017-11-22 00:20:04 - [MESSAGE][PASSED] - Object: 'Object Repository/Service/ServiceOrder/ServiceOrderSegment/ServiceOrderSegmentOthers.SaveClose' is clicked on

2017-11-22 00:20:04 - [TEST_STEP][PASSED] - delay: Delayed 5 second(s)

2017-11-22 00:20:09 - [MESSAGE][PASSED] - Delayed 5 second(s)

2017-11-22 00:20:09 - [TEST_STEP][PASSED] - click: Object: 'Object Repository/Service/ServiceOrder/ServiceOrderSegment/ServiceOrderSegment.SaveClose' is clicked on

2017-11-22 00:20:10 - [MESSAGE][PASSED] - Object: 'Object Repository/Service/ServiceOrder/ServiceOrderSegment/ServiceOrderSegment.SaveClose' is clicked on

2017-11-22 00:20:10 - [MESSAGE][PASSED] - Call Test Case 'Test Cases/Service/BaseTestCases/Base_Service_Add Others' successfully

2017-11-22 00:20:10 - [TEST_STEP][PASSED] - callTestCase: Call Test Case 'Test Cases/Service/BaseTestCases/Base_Service_HeaderInvoice_SplitTender' successfully

2017-11-22 00:20:10 - [TEST_CASE][PASSED] - Test Cases/Service/BaseTestCases/Base_Service_HeaderInvoice_SplitTender: Test Cases/Service/BaseTestCases/Base_Service_HeaderInvoice_SplitTender

2017-11-22 00:20:10 - [TEST_STEP][PASSED] - delay: Delayed 5 second(s)

2017-11-22 00:20:15 - [MESSAGE][PASSED] - Delayed 5 second(s)

2017-11-22 00:20:15 - [TEST_STEP][PASSED] - click: Object: 'Object Repository/Service/ServiceOrder/ServiceOrderHeader/ServiceOrderHeader.Actions' is clicked on

2017-11-22 00:20:16 - [MESSAGE][PASSED] - Object: 'Object Repository/Service/ServiceOrder/ServiceOrderHeader/ServiceOrderHeader.Actions' is clicked on

2017-11-22 00:20:16 - [TEST_STEP][PASSED] - delay: Delayed 3 second(s)

2017-11-22 00:20:19 - [MESSAGE][PASSED] - Delayed 3 second(s)

2017-11-22 00:20:19 - [TEST_STEP][PASSED] - click: Object: 'Object Repository/Service/ServiceOrder/ServiceOrderHeader/ServiceOrderHeader.Costing' is clicked on

2017-11-22 00:20:19 - [MESSAGE][PASSED] - Object: 'Object Repository/Service/ServiceOrder/ServiceOrderHeader/ServiceOrderHeader.Costing' is clicked on

2017-11-22 00:20:19 - [TEST_STEP][PASSED] - delay: Delayed 5 second(s)

2017-11-22 00:20:24 - [MESSAGE][PASSED] - Delayed 5 second(s)

2017-11-22 00:20:24 - [TEST_STEP][PASSED] - click: Object: 'Object Repository/Service/ServiceOrder/ServiceOrderHeader/ServiceOrderHeader.RepriceWarning' is clicked on

2017-11-22 00:20:24 - [MESSAGE][PASSED] - Object: 'Object Repository/Service/ServiceOrder/ServiceOrderHeader/ServiceOrderHeader.RepriceWarning' is clicked on

2017-11-22 00:20:24 - [TEST_STEP][PASSED] - delay: Delayed 3 second(s)

2017-11-22 00:20:27 - [MESSAGE][PASSED] - Delayed 3 second(s)

2017-11-22 00:20:27 - [TEST_STEP][PASSED] - click: Object: 'Object Repository/Service/ServiceOrder/ServiceOrderHeader/ServiceOrderHeader.CostingProcessCont' is clicked on

2017-11-22 00:20:27 - [MESSAGE][PASSED] - Object: 'Object Repository/Service/ServiceOrder/ServiceOrderHeader/ServiceOrderHeader.CostingProcessCont' is clicked on

2017-11-22 00:20:27 - [TEST_STEP][PASSED] - delay: Delayed 3 second(s)

2017-11-22 00:20:30 - [MESSAGE][PASSED] - Delayed 3 second(s)

2017-11-22 00:20:30 - [TEST_STEP][PASSED] - click: Object: 'Object Repository/Service/ServiceOrder/ServiceOrderHeader/ServiceOrderHeader.InvoiceCont' is clicked on

2017-11-22 00:20:31 - [MESSAGE][PASSED] - Object: 'Object Repository/Service/ServiceOrder/ServiceOrderHeader/ServiceOrderHeader.InvoiceCont' is clicked on

2017-11-22 00:20:31 - [TEST_STEP][PASSED] - delay: Delayed 5 second(s)

2017-11-22 00:20:36 - [MESSAGE][PASSED] - Delayed 5 second(s)

2017-11-22 00:20:36 - [TEST_STEP][NOT_RUN] - waitForElementPresent: NOT_RUN: waitForElementPresent

2017-11-22 00:20:36 - [MESSAGE][NOT_RUN] - NOT_RUN: waitForElementPresent

2017-11-22 00:20:36 - [TEST_STEP][NOT_RUN] - doubleClick: NOT_RUN: doubleClick

2017-11-22 00:20:36 - [MESSAGE][NOT_RUN] - NOT_RUN: doubleClick

2017-11-22 00:20:36 - [TEST_STEP][NOT_RUN] - delay: NOT_RUN: delay

2017-11-22 00:20:36 - [MESSAGE][NOT_RUN] - NOT_RUN: delay

2017-11-22 00:20:36 - [TEST_STEP][NOT_RUN] - click: NOT_RUN: click

2017-11-22 00:20:36 - [MESSAGE][NOT_RUN] - NOT_RUN: click

2017-11-22 00:20:36 - [TEST_STEP][PASSED] - delay: Delayed 2 second(s)

2017-11-22 00:20:38 - [MESSAGE][PASSED] - Delayed 2 second(s)

2017-11-22 00:20:38 - [TEST_STEP][PASSED] - setText: Text 'PUBL' is set on object 'Object Repository/Service/ServiceOrder/ServiceCreditCard/ServiceCreditCard.PaymentGateway'

2017-11-22 00:20:38 - [MESSAGE][PASSED] - Text 'PUBL' is set on object 'Object Repository/Service/ServiceOrder/ServiceCreditCard/ServiceCreditCard.PaymentGateway'

2017-11-22 00:20:38 - [TEST_STEP][NOT_RUN] - sendKeys: NOT_RUN: sendKeys

2017-11-22 00:20:38 - [MESSAGE][NOT_RUN] - NOT_RUN: sendKeys

2017-11-22 00:20:38 - [TEST_STEP][PASSED] - doubleClick: Object: 'Object Repository/Service/ServiceOrder/ServiceCreditCard/ServiceCreditCard.CardType' is double clicked on

2017-11-22 00:20:38 - [MESSAGE][PASSED] - Object: 'Object Repository/Service/ServiceOrder/ServiceCreditCard/ServiceCreditCard.CardType' is double clicked on

2017-11-22 00:20:38 - [TEST_STEP][PASSED] - sendKeys: Keys 'Visa Card' sent to object: 'Object Repository/Service/ServiceOrder/ServiceCreditCard/ServiceCreditCard.CardType'

2017-11-22 00:20:38 - [MESSAGE][PASSED] - Keys 'Visa Card' sent to object: 'Object Repository/Service/ServiceOrder/ServiceCreditCard/ServiceCreditCard.CardType'

2017-11-22 00:20:38 - [TEST_STEP][PASSED] - delay: Delayed 2 second(s)

2017-11-22 00:20:40 - [MESSAGE][PASSED] - Delayed 2 second(s)

2017-11-22 00:20:40 - [TEST_STEP][PASSED] - doubleClick: Object: 'Object Repository/Service/ServiceOrder/ServiceCreditCard/ServiceCreditCard.Enter CC No' is double clicked on

2017-11-22 00:20:41 - [MESSAGE][PASSED] - Object: 'Object Repository/Service/ServiceOrder/ServiceCreditCard/ServiceCreditCard.Enter CC No' is double clicked on

2017-11-22 00:20:41 - [TEST_STEP][PASSED] - sendKeys: Keys '4012000033330026' sent to object: 'Object Repository/Service/ServiceOrder/ServiceCreditCard/ServiceCreditCard.Enter CC No'

2017-11-22 00:20:41 - [MESSAGE][PASSED] - Keys '4012000033330026' sent to object: 'Object Repository/Service/ServiceOrder/ServiceCreditCard/ServiceCreditCard.Enter CC No'

2017-11-22 00:20:41 - [TEST_STEP][PASSED] - delay: Delayed 2 second(s)

2017-11-22 00:20:43 - [MESSAGE][PASSED] - Delayed 2 second(s)

2017-11-22 00:20:43 - [TEST_STEP][PASSED] - click: Object: 'Object Repository/Service/ServiceOrder/ServiceCreditCard/ServiceCreditCard.CVV2' is clicked on

2017-11-22 00:20:43 - [MESSAGE][PASSED] - Object: 'Object Repository/Service/ServiceOrder/ServiceCreditCard/ServiceCreditCard.CVV2' is clicked on

2017-11-22 00:20:43 - [TEST_STEP][PASSED] - sendKeys: Keys '865' sent to object: 'Object Repository/Service/ServiceOrder/ServiceCreditCard/ServiceCreditCard.CVV2'

2017-11-22 00:20:43 - [MESSAGE][PASSED] - Keys '865' sent to object: 'Object Repository/Service/ServiceOrder/ServiceCreditCard/ServiceCreditCard.CVV2'

2017-11-22 00:20:43 - [TEST_STEP][NOT_RUN] - sendKeys: NOT_RUN: sendKeys

2017-11-22 00:20:43 - [MESSAGE][NOT_RUN] - NOT_RUN: sendKeys

2017-11-22 00:20:43 - [TEST_STEP][NOT_RUN] - delay: NOT_RUN: delay

2017-11-22 00:20:43 - [MESSAGE][NOT_RUN] - NOT_RUN: delay

2017-11-22 00:20:43 - [TEST_STEP][PASSED] - delay: Delayed 3 second(s)

2017-11-22 00:20:46 - [MESSAGE][PASSED] - Delayed 3 second(s)

2017-11-22 00:20:46 - [TEST_STEP][PASSED] - setText: Text '09' is set on object 'Object Repository/Service/ServiceOrder/ServiceCreditCard/ServiceCreditCard.ExpiryMonth'

2017-11-22 00:20:46 - [MESSAGE][PASSED] - Text '09' is set on object 'Object Repository/Service/ServiceOrder/ServiceCreditCard/ServiceCreditCard.ExpiryMonth'

2017-11-22 00:20:46 - [TEST_STEP][PASSED] - setText: Text '99' is set on object 'Object Repository/Service/ServiceOrder/ServiceCreditCard/ServiceCreditCard.ExpiryYear'

2017-11-22 00:20:47 - [MESSAGE][PASSED] - Text '99' is set on object 'Object Repository/Service/ServiceOrder/ServiceCreditCard/ServiceCreditCard.ExpiryYear'

2017-11-22 00:20:47 - [TEST_STEP][PASSED] - delay: Delayed 2 second(s)

2017-11-22 00:20:49 - [MESSAGE][PASSED] - Delayed 2 second(s)

2017-11-22 00:20:49 - [TEST_STEP][PASSED] - click: Object: 'Object Repository/Service/ServiceOrder/CreditCardSplitTender/SplitTenderDetails' is clicked on

2017-11-22 00:20:49 - [MESSAGE][PASSED] - Object: 'Object Repository/Service/ServiceOrder/CreditCardSplitTender/SplitTenderDetails' is clicked on

2017-11-22 00:20:49 - [TEST_STEP][PASSED] - click: Object: 'Object Repository/Service/ServiceOrder/CreditCardSplitTender/SplitTenderDetails.Yes' is clicked on

2017-11-22 00:20:49 - [MESSAGE][PASSED] - Object: 'Object Repository/Service/ServiceOrder/CreditCardSplitTender/SplitTenderDetails.Yes' is clicked on

2017-11-22 00:20:49 - [TEST_STEP][PASSED] - delay: Delayed 3 second(s)

2017-11-22 00:20:52 - [MESSAGE][PASSED] - Delayed 3 second(s)

2017-11-22 00:20:52 - [TEST_STEP][PASSED] - click: Object: 'Object Repository/Service/ServiceOrder/CreditCardSplitTender/SplitTender.LineSession' is clicked on

2017-11-22 00:20:52 - [MESSAGE][PASSED] - Object: 'Object Repository/Service/ServiceOrder/CreditCardSplitTender/SplitTender.LineSession' is clicked on

2017-11-22 00:20:52 - [TEST_STEP][PASSED] - delay: Delayed 2 second(s)

2017-11-22 00:20:54 - [MESSAGE][PASSED] - Delayed 2 second(s)

2017-11-22 00:20:54 - [TEST_STEP][PASSED] - Statement - G_OrderAmt = com.kms.katalon.core.webui.keyword.WebUiBuiltInKeywords.getText(com.kms.katalon.core.testobject.ObjectRepository.findTestObject(Service/ServiceOrder/CreditCardSplitTender/SplitTender.OrderAmtHeader)): Text of object 'Object Repository/Service/ServiceOrder/CreditCardSplitTender/SplitTender.OrderAmtHeader' is: '14.00'

2017-11-22 00:20:54 - [MESSAGE][PASSED] - Text of object 'Object Repository/Service/ServiceOrder/CreditCardSplitTender/SplitTender.OrderAmtHeader' is: '14.00'

2017-11-22 00:20:54 - [TEST_STEP][PASSED] - Statement - G_SplitOrderAmt2 = G_OrderAmt - 2: null

2017-11-22 00:20:54 - [TEST_STEP][PASSED] - comment: ***********************Line1 started***********************

2017-11-22 00:20:54 - [TEST_STEP][PASSED] - click: Object: 'Object Repository/Service/ServiceOrder/CreditCardSplitTender/SplitTender.NewButton' is clicked on

2017-11-22 00:20:54 - [MESSAGE][PASSED] - Object: 'Object Repository/Service/ServiceOrder/CreditCardSplitTender/SplitTender.NewButton' is clicked on

2017-11-22 00:20:54 - [TEST_STEP][PASSED] - delay: Delayed 2 second(s)

2017-11-22 00:20:56 - [MESSAGE][PASSED] - Delayed 2 second(s)

2017-11-22 00:20:56 - [TEST_STEP][PASSED] - doubleClick: Object: 'Object Repository/Service/ServiceOrder/CreditCardSplitTender/SplitTender.ModeofPayment' is double clicked on

2017-11-22 00:20:57 - [MESSAGE][PASSED] - Object: 'Object Repository/Service/ServiceOrder/CreditCardSplitTender/SplitTender.ModeofPayment' is double clicked on

2017-11-22 00:20:57 - [TEST_STEP][PASSED] - click: Object: 'Object Repository/Service/ServiceOrder/CreditCardSplitTender/SplitTender.ModeOfPaymentCreditCard1' is clicked on

2017-11-22 00:20:57 - [MESSAGE][PASSED] - Object: 'Object Repository/Service/ServiceOrder/CreditCardSplitTender/SplitTender.ModeOfPaymentCreditCard1' is clicked on

2017-11-22 00:20:57 - [TEST_STEP][PASSED] - click: Object: 'Object Repository/Service/ServiceOrder/CreditCardSplitTender/SplitTender.LineCCNo' is clicked on

2017-11-22 00:20:57 - [MESSAGE][PASSED] - Object: 'Object Repository/Service/ServiceOrder/CreditCardSplitTender/SplitTender.LineCCNo' is clicked on

2017-11-22 00:20:57 - [TEST_STEP][PASSED] - delay: Delayed 2 second(s)

2017-11-22 00:20:59 - [MESSAGE][PASSED] - Delayed 2 second(s)

2017-11-22 00:20:59 - [TEST_STEP][PASSED] - setText: Text '4012000033330026' is set on object 'Object Repository/Service/ServiceOrder/CreditCardSplitTender/SplitTender.LineCCNo'

2017-11-22 00:21:00 - [MESSAGE][PASSED] - Text '4012000033330026' is set on object 'Object Repository/Service/ServiceOrder/CreditCardSplitTender/SplitTender.LineCCNo'

2017-11-22 00:21:00 - [TEST_STEP][PASSED] - delay: Delayed 5 second(s)

2017-11-22 00:21:05 - [MESSAGE][PASSED] - Delayed 5 second(s)

2017-11-22 00:21:05 - [TEST_STEP][NOT_RUN] - click: NOT_RUN: click

2017-11-22 00:21:05 - [MESSAGE][NOT_RUN] - NOT_RUN: click

2017-11-22 00:21:05 - [TEST_STEP][NOT_RUN] - setText: NOT_RUN: setText

2017-11-22 00:21:05 - [MESSAGE][NOT_RUN] - NOT_RUN: setText

2017-11-22 00:21:05 - [TEST_STEP][PASSED] - scrollToElement: Scroll to object 'Object Repository/Service/ServiceOrder/CreditCardSplitTender/SplitTender.LineOrderAmount1' successfully

2017-11-22 00:21:05 - [MESSAGE][PASSED] - Scroll to object 'Object Repository/Service/ServiceOrder/CreditCardSplitTender/SplitTender.LineOrderAmount1' successfully

2017-11-22 00:21:05 - [TEST_STEP][PASSED] - delay: Delayed 5 second(s)

2017-11-22 00:21:10 - [MESSAGE][PASSED] - Delayed 5 second(s)

2017-11-22 00:21:10 - [TEST_STEP][PASSED] - click: Object: 'Object Repository/Service/ServiceOrder/CreditCardSplitTender/SplitTender.LineOrderAmount1' is clicked on

2017-11-22 00:21:10 - [MESSAGE][PASSED] - Object: 'Object Repository/Service/ServiceOrder/CreditCardSplitTender/SplitTender.LineOrderAmount1' is clicked on

2017-11-22 00:21:10 - [TEST_STEP][PASSED] - delay: Delayed 3 second(s)

2017-11-22 00:21:13 - [MESSAGE][PASSED] - Delayed 3 second(s)

2017-11-22 00:21:13 - [TEST_STEP][PASSED] - setText: Text '1.00' is set on object 'Object Repository/Service/ServiceOrder/CreditCardSplitTender/SplitTender.LineOrderAmount1'

2017-11-22 00:21:13 - [MESSAGE][PASSED] - Text '1.00' is set on object 'Object Repository/Service/ServiceOrder/CreditCardSplitTender/SplitTender.LineOrderAmount1'

2017-11-22 00:21:13 - [TEST_STEP][PASSED] - delay: Delayed 2 second(s)

2017-11-22 00:21:15 - [MESSAGE][PASSED] - Delayed 2 second(s)

2017-11-22 00:21:15 - [TEST_STEP][PASSED] - comment: ***********************Line2 started***********************

2017-11-22 00:21:15 - [TEST_STEP][PASSED] - click: Object: 'Object Repository/Service/ServiceOrder/CreditCardSplitTender/SplitTender.NewButton' is clicked on

2017-11-22 00:21:15 - [MESSAGE][PASSED] - Object: 'Object Repository/Service/ServiceOrder/CreditCardSplitTender/SplitTender.NewButton' is clicked on

2017-11-22 00:21:15 - [TEST_STEP][PASSED] - delay: Delayed 2 second(s)

2017-11-22 00:21:17 - [MESSAGE][PASSED] - Delayed 2 second(s)

2017-11-22 00:21:17 - [TEST_STEP][PASSED] - doubleClick: Object: 'Object Repository/Service/ServiceOrder/CreditCardSplitTender/SplitTender.ModeofPayment1' is double clicked on

2017-11-22 00:21:18 - [MESSAGE][PASSED] - Object: 'Object Repository/Service/ServiceOrder/CreditCardSplitTender/SplitTender.ModeofPayment1' is double clicked on

2017-11-22 00:21:18 - [TEST_STEP][PASSED] - click: Object: 'Object Repository/Service/ServiceOrder/CreditCardSplitTender/SplitTender.ModeOfPaymentCreditCard2' is clicked on

2017-11-22 00:21:18 - [MESSAGE][PASSED] - Object: 'Object Repository/Service/ServiceOrder/CreditCardSplitTender/SplitTender.ModeOfPaymentCreditCard2' is clicked on

2017-11-22 00:21:18 - [TEST_STEP][PASSED] - delay: Delayed 3 second(s)

2017-11-22 00:21:21 - [MESSAGE][PASSED] - Delayed 3 second(s)

2017-11-22 00:21:21 - [TEST_STEP][PASSED] - click: Object: 'Object Repository/Service/ServiceOrder/CreditCardSplitTender/SplitTender.Line2CCNo' is clicked on

2017-11-22 00:21:21 - [MESSAGE][PASSED] - Object: 'Object Repository/Service/ServiceOrder/CreditCardSplitTender/SplitTender.Line2CCNo' is clicked on

2017-11-22 00:21:21 - [TEST_STEP][PASSED] - delay: Delayed 2 second(s)

2017-11-22 00:21:23 - [MESSAGE][PASSED] - Delayed 2 second(s)

2017-11-22 00:21:23 - [TEST_STEP][PASSED] - setText: Text '4111123400062020' is set on object 'Object Repository/Service/ServiceOrder/CreditCardSplitTender/SplitTender.Line2CCNo'

2017-11-22 00:21:23 - [MESSAGE][PASSED] - Text '4111123400062020' is set on object 'Object Repository/Service/ServiceOrder/CreditCardSplitTender/SplitTender.Line2CCNo'

2017-11-22 00:21:23 - [TEST_STEP][PASSED] - delay: Delayed 2 second(s)

2017-11-22 00:21:25 - [MESSAGE][PASSED] - Delayed 2 second(s)

2017-11-22 00:21:25 - [TEST_STEP][PASSED] - click: Object: 'Object Repository/Service/ServiceOrder/CreditCardSplitTender/SplitTender.Line2CVV' is clicked on

2017-11-22 00:21:26 - [MESSAGE][PASSED] - Object: 'Object Repository/Service/ServiceOrder/CreditCardSplitTender/SplitTender.Line2CVV' is clicked on

2017-11-22 00:21:26 - [TEST_STEP][PASSED] - delay: Delayed 3 second(s)

2017-11-22 00:21:29 - [MESSAGE][PASSED] - Delayed 3 second(s)

2017-11-22 00:21:29 - [TEST_STEP][PASSED] - setText: Text '865' is set on object 'Object Repository/Service/ServiceOrder/CreditCardSplitTender/SplitTender.Line2CVV'

2017-11-22 00:21:29 - [MESSAGE][PASSED] - Text '865' is set on object 'Object Repository/Service/ServiceOrder/CreditCardSplitTender/SplitTender.Line2CVV'

2017-11-22 00:21:29 - [TEST_STEP][PASSED] - delay: Delayed 3 second(s)

2017-11-22 00:21:32 - [MESSAGE][PASSED] - Delayed 3 second(s)

2017-11-22 00:21:32 - [TEST_STEP][PASSED] - click: Object: 'Object Repository/Service/ServiceOrder/CreditCardSplitTender/SplitTender.CardTypeLine2' is clicked on

2017-11-22 00:21:32 - [MESSAGE][PASSED] - Object: 'Object Repository/Service/ServiceOrder/CreditCardSplitTender/SplitTender.CardTypeLine2' is clicked on

2017-11-22 00:21:32 - [TEST_STEP][PASSED] - delay: Delayed 5 second(s)

2017-11-22 00:21:37 - [MESSAGE][PASSED] - Delayed 5 second(s)

2017-11-22 00:21:37 - [TEST_STEP][PASSED] - sendKeys: Keys 'Visa Card' sent to object: 'Object Repository/Service/ServiceOrder/CreditCardSplitTender/SplitTender.CardTypeLine2'

2017-11-22 00:21:37 - [MESSAGE][PASSED] - Keys 'Visa Card' sent to object: 'Object Repository/Service/ServiceOrder/CreditCardSplitTender/SplitTender.CardTypeLine2'

2017-11-22 00:21:37 - [TEST_STEP][PASSED] - delay: Delayed 5 second(s)

2017-11-22 00:21:42 - [MESSAGE][PASSED] - Delayed 5 second(s)

2017-11-22 00:21:42 - [TEST_STEP][PASSED] - click: Object: 'Object Repository/Service/ServiceOrder/CreditCardSplitTender/SplitTender.ExpiryMonthLine2' is clicked on

2017-11-22 00:21:42 - [MESSAGE][PASSED] - Object: 'Object Repository/Service/ServiceOrder/CreditCardSplitTender/SplitTender.ExpiryMonthLine2' is clicked on

2017-11-22 00:21:42 - [TEST_STEP][PASSED] - delay: Delayed 3 second(s)

2017-11-22 00:21:46 - [MESSAGE][PASSED] - Delayed 3 second(s)

2017-11-22 00:21:46 - [TEST_STEP][PASSED] - setText: Text '09' is set on object 'Object Repository/Service/ServiceOrder/CreditCardSplitTender/SplitTender.ExpiryMonthLine2'

2017-11-22 00:21:46 - [MESSAGE][PASSED] - Text '09' is set on object 'Object Repository/Service/ServiceOrder/CreditCardSplitTender/SplitTender.ExpiryMonthLine2'

2017-11-22 00:21:46 - [TEST_STEP][PASSED] - delay: Delayed 2 second(s)

2017-11-22 00:21:48 - [MESSAGE][PASSED] - Delayed 2 second(s)

2017-11-22 00:21:48 - [TEST_STEP][PASSED] - click: Object: 'Object Repository/Service/ServiceOrder/CreditCardSplitTender/SplitTender.ExpiryYearLine2' is clicked on

2017-11-22 00:21:48 - [MESSAGE][PASSED] - Object: 'Object Repository/Service/ServiceOrder/CreditCardSplitTender/SplitTender.ExpiryYearLine2' is clicked on

2017-11-22 00:21:48 - [TEST_STEP][PASSED] - delay: Delayed 2 second(s)

2017-11-22 00:21:50 - [MESSAGE][PASSED] - Delayed 2 second(s)

2017-11-22 00:21:50 - [TEST_STEP][PASSED] - setText: Text '99' is set on object 'Object Repository/Service/ServiceOrder/CreditCardSplitTender/SplitTender.ExpiryYearLine2'

2017-11-22 00:21:50 - [MESSAGE][PASSED] - Text '99' is set on object 'Object Repository/Service/ServiceOrder/CreditCardSplitTender/SplitTender.ExpiryYearLine2'

2017-11-22 00:21:50 - [TEST_STEP][PASSED] - delay: Delayed 3 second(s)

2017-11-22 00:21:53 - [MESSAGE][PASSED] - Delayed 3 second(s)

2017-11-22 00:21:53 - [TEST_STEP][PASSED] - scrollToElement: Scroll to object 'Object Repository/Service/ServiceOrder/CreditCardSplitTender/SplitTender.LineOrderAmount2' successfully

2017-11-22 00:21:53 - [MESSAGE][PASSED] - Scroll to object 'Object Repository/Service/ServiceOrder/CreditCardSplitTender/SplitTender.LineOrderAmount2' successfully

2017-11-22 00:21:53 - [TEST_STEP][PASSED] - delay: Delayed 2 second(s)

2017-11-22 00:21:55 - [MESSAGE][PASSED] - Delayed 2 second(s)

2017-11-22 00:21:55 - [TEST_STEP][PASSED] - click: Object: 'Object Repository/Service/ServiceOrder/CreditCardSplitTender/SplitTender.LineOrderAmount2' is clicked on

2017-11-22 00:21:55 - [MESSAGE][PASSED] - Object: 'Object Repository/Service/ServiceOrder/CreditCardSplitTender/SplitTender.LineOrderAmount2' is clicked on

2017-11-22 00:21:55 - [TEST_STEP][PASSED] - delay: Delayed 2 second(s)

2017-11-22 00:21:57 - [MESSAGE][PASSED] - Delayed 2 second(s)

2017-11-22 00:21:57 - [TEST_STEP][PASSED] - setText: Text '1.00' is set on object 'Object Repository/Service/ServiceOrder/CreditCardSplitTender/SplitTender.LineOrderAmount2'

2017-11-22 00:21:58 - [MESSAGE][PASSED] - Text '1.00' is set on object 'Object Repository/Service/ServiceOrder/CreditCardSplitTender/SplitTender.LineOrderAmount2'

2017-11-22 00:21:58 - [TEST_STEP][PASSED] - delay: Delayed 2 second(s)

2017-11-22 00:22:00 - [MESSAGE][PASSED] - Delayed 2 second(s)

2017-11-22 00:22:00 - [TEST_STEP][PASSED] - comment: ***********************Line3 started***********************

2017-11-22 00:22:00 - [TEST_STEP][PASSED] - click: Object: 'Object Repository/Service/ServiceOrder/CreditCardSplitTender/SplitTender.NewButton' is clicked on

2017-11-22 00:22:00 - [MESSAGE][PASSED] - Object: 'Object Repository/Service/ServiceOrder/CreditCardSplitTender/SplitTender.NewButton' is clicked on

2017-11-22 00:22:00 - [TEST_STEP][PASSED] - delay: Delayed 3 second(s)

2017-11-22 00:22:03 - [MESSAGE][PASSED] - Delayed 3 second(s)

2017-11-22 00:22:03 - [TEST_STEP][PASSED] - doubleClick: Object: 'Object Repository/Service/ServiceOrder/CreditCardSplitTender/SplitTender.ModeofPayment2' is double clicked on

2017-11-22 00:22:03 - [MESSAGE][PASSED] - Object: 'Object Repository/Service/ServiceOrder/CreditCardSplitTender/SplitTender.ModeofPayment2' is double clicked on

2017-11-22 00:22:03 - [TEST_STEP][PASSED] - delay: Delayed 2 second(s)

2017-11-22 00:22:05 - [MESSAGE][PASSED] - Delayed 2 second(s)

2017-11-22 00:22:05 - [TEST_STEP][PASSED] - click: Object: 'Object Repository/Service/ServiceOrder/CreditCardSplitTender/SplitTender.ModeOfPaymentCash' is clicked on

2017-11-22 00:22:05 - [MESSAGE][PASSED] - Object: 'Object Repository/Service/ServiceOrder/CreditCardSplitTender/SplitTender.ModeOfPaymentCash' is clicked on

2017-11-22 00:22:05 - [TEST_STEP][PASSED] - delay: Delayed 10 second(s)

2017-11-22 00:22:15 - [MESSAGE][PASSED] - Delayed 10 second(s)

2017-11-22 00:22:15 - [TEST_STEP][NOT_RUN] - scrollToElement: NOT_RUN: scrollToElement

2017-11-22 00:22:15 - [MESSAGE][NOT_RUN] - NOT_RUN: scrollToElement

2017-11-22 00:22:15 - [TEST_STEP][PASSED] - click: Object: 'Object Repository/Service/ServiceOrder/CreditCardSplitTender/SplitTender.LineOrderAmount3' is clicked on

2017-11-22 00:22:16 - [MESSAGE][PASSED] - Object: 'Object Repository/Service/ServiceOrder/CreditCardSplitTender/SplitTender.LineOrderAmount3' is clicked on

2017-11-22 00:22:16 - [TEST_STEP][PASSED] - delay: Delayed 2 second(s)

2017-11-22 00:22:18 - [MESSAGE][PASSED] - Delayed 2 second(s)

2017-11-22 00:22:18 - [TEST_STEP][PASSED] - setText: Text '12.0' is set on object 'Object Repository/Service/ServiceOrder/CreditCardSplitTender/SplitTender.LineOrderAmount3'

2017-11-22 00:22:18 - [MESSAGE][PASSED] - Text '12.0' is set on object 'Object Repository/Service/ServiceOrder/CreditCardSplitTender/SplitTender.LineOrderAmount3'

2017-11-22 00:22:18 - [TEST_STEP][PASSED] - delay: Delayed 2 second(s)

2017-11-22 00:22:20 - [MESSAGE][PASSED] - Delayed 2 second(s)

2017-11-22 00:22:20 - [TEST_STEP][PASSED] - click: Object: 'Object Repository/Service/ServiceOrder/CreditCardSplitTender/SplitTender.Save' is clicked on

2017-11-22 00:22:20 - [MESSAGE][PASSED] - Object: 'Object Repository/Service/ServiceOrder/CreditCardSplitTender/SplitTender.Save' is clicked on

2017-11-22 00:22:20 - [TEST_STEP][PASSED] - delay: Delayed 3 second(s)

2017-11-22 00:22:23 - [MESSAGE][PASSED] - Delayed 3 second(s)

2017-11-22 00:22:23 - [TEST_STEP][PASSED] - click: Object: 'Object Repository/Service/ServiceOrder/CreditCardSplitTender/SplitTender.Action' is clicked on

2017-11-22 00:22:23 - [MESSAGE][PASSED] - Object: 'Object Repository/Service/ServiceOrder/CreditCardSplitTender/SplitTender.Action' is clicked on

2017-11-22 00:22:23 - [TEST_STEP][PASSED] - delay: Delayed 2 second(s)

2017-11-22 00:22:25 - [MESSAGE][PASSED] - Delayed 2 second(s)

2017-11-22 00:22:25 - [TEST_STEP][PASSED] - click: Object: 'Object Repository/Service/ServiceOrder/CreditCardSplitTender/SplitTender.ApplyTax' is clicked on

2017-11-22 00:22:25 - [MESSAGE][PASSED] - Object: 'Object Repository/Service/ServiceOrder/CreditCardSplitTender/SplitTender.ApplyTax' is clicked on

2017-11-22 00:22:25 - [TEST_STEP][PASSED] - delay: Delayed 2 second(s)

2017-11-22 00:22:27 - [MESSAGE][PASSED] - Delayed 2 second(s)

2017-11-22 00:22:27 - [TEST_STEP][PASSED] - Statement - G_SplitInvoiceAmt1 = com.kms.katalon.core.webui.keyword.WebUiBuiltInKeywords.getText(com.kms.katalon.core.testobject.ObjectRepository.findTestObject(Service/ServiceOrder/CreditCardSplitTender/SplitTender.InvoiceAmt1)): Text of object 'Object Repository/Service/ServiceOrder/CreditCardSplitTender/SplitTender.InvoiceAmt1' is: '1.00'

2017-11-22 00:22:27 - [MESSAGE][PASSED] - Text of object 'Object Repository/Service/ServiceOrder/CreditCardSplitTender/SplitTender.InvoiceAmt1' is: '1.00'

2017-11-22 00:22:27 - [TEST_STEP][PASSED] - Statement - G_SplitInvoiceAmt2 = com.kms.katalon.core.webui.keyword.WebUiBuiltInKeywords.getText(com.kms.katalon.core.testobject.ObjectRepository.findTestObject(Service/ServiceOrder/CreditCardSplitTender/SplitTender.InvoiceAmt2)): Text of object 'Object Repository/Service/ServiceOrder/CreditCardSplitTender/SplitTender.InvoiceAmt2' is: '12.00'

2017-11-22 00:22:28 - [MESSAGE][PASSED] - Text of object 'Object Repository/Service/ServiceOrder/CreditCardSplitTender/SplitTender.InvoiceAmt2' is: '12.00'

2017-11-22 00:22:28 - [TEST_STEP][PASSED] - click: Object: 'Object Repository/Service/ServiceOrder/CreditCardSplitTender/SplitTender.SaveClose' is clicked on

2017-11-22 00:22:28 - [MESSAGE][PASSED] - Object: 'Object Repository/Service/ServiceOrder/CreditCardSplitTender/SplitTender.SaveClose' is clicked on

2017-11-22 00:22:28 - [TEST_STEP][PASSED] - delay: Delayed 2 second(s)

2017-11-22 00:22:30 - [MESSAGE][PASSED] - Delayed 2 second(s)

2017-11-22 00:22:30 - [TEST_STEP][PASSED] - click: Object: 'Object Repository/Service/ServiceOrder/ServiceCreditCard/ServiceCreditCard.Process' is clicked on

2017-11-22 00:22:30 - [MESSAGE][PASSED] - Object: 'Object Repository/Service/ServiceOrder/ServiceCreditCard/ServiceCreditCard.Process' is clicked on

2017-11-22 00:22:30 - [TEST_STEP][PASSED] - delay: Delayed 13 second(s)

2017-11-22 00:22:43 - [MESSAGE][PASSED] - Delayed 13 second(s)

2017-11-22 00:22:43 - [TEST_STEP][PASSED] - click: Object: 'Object Repository/Service/ServiceOrder/CreditCardSplitTender/SplitTender.PrintOK' is clicked on

2017-11-22 00:22:52 - [MESSAGE][PASSED] - Object: 'Object Repository/Service/ServiceOrder/CreditCardSplitTender/SplitTender.PrintOK' is clicked on

2017-11-22 00:22:52 - [TEST_STEP][PASSED] - delay: Delayed 10 second(s)

2017-11-22 00:23:02 - [MESSAGE][PASSED] - Delayed 10 second(s)

2017-11-22 00:23:02 - [TEST_STEP][PASSED] - click: Object: 'Object Repository/Service/ServiceOrder/CreditCardSplitTender/SplitTender.PrintDevice' is clicked on

2017-11-22 00:23:02 - [MESSAGE][PASSED] - Object: 'Object Repository/Service/ServiceOrder/CreditCardSplitTender/SplitTender.PrintDevice' is clicked on

2017-11-22 00:23:02 - [TEST_STEP][PASSED] - delay: Delayed 5 second(s)

2017-11-22 00:23:07 - [MESSAGE][PASSED] - Delayed 5 second(s)

2017-11-22 00:23:07 - [MESSAGE][PASSED] - Call Test Case 'Test Cases/Service/BaseTestCases/Base_Service_HeaderInvoice_SplitTender' successfully

2017-11-22 00:23:07 - [TEST_STEP][PASSED] - callTestCase: Call Test Case 'Test Cases/Service/BaseTestCases/Base_Service_GetInvoice_SplitTender' successfully

2017-11-22 00:23:07 - [TEST_CASE][PASSED] - Test Cases/Service/BaseTestCases/Base_Service_GetInvoice_SplitTender: Test Cases/Service/BaseTestCases/Base_Service_GetInvoice_SplitTender

2017-11-22 00:23:08 - [TEST_STEP][PASSED] - delay: Delayed 3 second(s)

2017-11-22 00:23:11 - [MESSAGE][PASSED] - Delayed 3 second(s)

2017-11-22 00:23:11 - [TEST_STEP][PASSED] - click: Object: 'Object Repository/Service/ServiceOrder/VerifyServiceOrderInvoice_SplitTender/ServiceorderHeader.HeaderSession' is clicked on

2017-11-22 00:23:11 - [MESSAGE][PASSED] - Object: 'Object Repository/Service/ServiceOrder/VerifyServiceOrderInvoice_SplitTender/ServiceorderHeader.HeaderSession' is clicked on

2017-11-22 00:23:11 - [TEST_STEP][PASSED] - click: Object: 'Object Repository/Service/ServiceOrder/VerifyServiceOrderInvoice_SplitTender/ServiceOrderHeader.InvoiceButton' is clicked on

2017-11-22 00:23:11 - [MESSAGE][PASSED] - Object: 'Object Repository/Service/ServiceOrder/VerifyServiceOrderInvoice_SplitTender/ServiceOrderHeader.InvoiceButton' is clicked on

2017-11-22 00:23:11 - [TEST_STEP][PASSED] - delay: Delayed 3 second(s)

2017-11-22 00:23:14 - [MESSAGE][PASSED] - Delayed 3 second(s)

2017-11-22 00:23:14 - [TEST_STEP][PASSED] - Statement - G_InvoiceTnxType = com.kms.katalon.core.webui.keyword.WebUiBuiltInKeywords.getText(com.kms.katalon.core.testobject.ObjectRepository.findTestObject(Service/ServiceOrder/VerifyServiceOrderInvoice_SplitTender/ServiceOrderHeader.Invoice1)): Text of object 'Object Repository/Service/ServiceOrder/VerifyServiceOrderInvoice_SplitTender/ServiceOrderHeader.Invoice1' is: 'SIS'

2017-11-22 00:23:14 - [MESSAGE][PASSED] - Text of object 'Object Repository/Service/ServiceOrder/VerifyServiceOrderInvoice_SplitTender/ServiceOrderHeader.Invoice1' is: 'SIS'

2017-11-22 00:23:14 - [TEST_STEP][PASSED] - delay: Delayed 3 second(s)

2017-11-22 00:23:17 - [MESSAGE][PASSED] - Delayed 3 second(s)

2017-11-22 00:23:17 - [TEST_STEP][PASSED] - Statement - G_InvoiceTnxNo = com.kms.katalon.core.webui.keyword.WebUiBuiltInKeywords.getText(com.kms.katalon.core.testobject.ObjectRepository.findTestObject(Service/ServiceOrder/VerifyServiceOrderInvoice_SplitTender/ServiceOrderHeader.Invoice2)): Text of object 'Object Repository/Service/ServiceOrder/VerifyServiceOrderInvoice_SplitTender/ServiceOrderHeader.Invoice2' is: '10006789'

2017-11-22 00:23:17 - [MESSAGE][PASSED] - Text of object 'Object Repository/Service/ServiceOrder/VerifyServiceOrderInvoice_SplitTender/ServiceOrderHeader.Invoice2' is: '10006789'

2017-11-22 00:23:17 - [TEST_STEP][PASSED] - Statement - G_InvoiceAmt = com.kms.katalon.core.webui.keyword.WebUiBuiltInKeywords.getText(com.kms.katalon.core.testobject.ObjectRepository.findTestObject(Service/ServiceOrder/VerifyServiceOrderInvoice_SplitTender/ServiceOrderHeader.InvoiceAmountHD)): Text of object 'Object Repository/Service/ServiceOrder/VerifyServiceOrderInvoice_SplitTender/ServiceOrderHeader.InvoiceAmountHD' is: '14.00'

2017-11-22 00:23:18 - [MESSAGE][PASSED] - Text of object 'Object Repository/Service/ServiceOrder/VerifyServiceOrderInvoice_SplitTender/ServiceOrderHeader.InvoiceAmountHD' is: '14.00'

2017-11-22 00:23:18 - [MESSAGE][PASSED] - Call Test Case 'Test Cases/Service/BaseTestCases/Base_Service_GetInvoice_SplitTender' successfully

2017-11-22 00:23:18 - [TEST_STEP][PASSED] - callTestCase: Call Test Case 'Test Cases/Finance/BaseTestCases/Base_Finance_CheckOpenEntriesForCCSplitPayments' successfully

2017-11-22 00:23:18 - [TEST_CASE][PASSED] - Test Cases/Finance/BaseTestCases/Base_Finance_CheckOpenEntriesForCCSplitPayments: Test Cases/Finance/BaseTestCases/Base_Finance_CheckOpenEntriesForCCSplitPayments

2017-11-22 00:23:18 - [TEST_STEP][PASSED] - callTestCase: Call Test Case 'Test Cases/Common/Base_Common_OpenSession' successfully

2017-11-22 00:23:18 - [TEST_CASE][PASSED] - Test Cases/Common/Base_Common_OpenSession: Test Cases/Common/Base_Common_OpenSession

2017-11-22 00:23:18 - [TEST_STEP][PASSED] - openBrowser: Browser is opened with url: 'https://rgajbhiye:Robin$123@proxima-ln4.e-emphasys.com:8441/webui/servlet/login'

2017-11-22 00:23:18 - [MESSAGE][WARNING] - A browser is already opened. Closing browser and opening a new one

2017-11-22 00:23:24 - [MESSAGE][PASSED] - Browser is opened with url: 'https://rgajbhiye:Robin$123@proxima-ln4.e-emphasys.com:8441/webui/servlet/login'

2017-11-22 00:23:24 - [TEST_STEP][PASSED] - waitForPageLoad: Wait for page load successfully

2017-11-22 00:23:24 - [MESSAGE][PASSED] - Wait for page load successfully

2017-11-22 00:23:24 - [TEST_STEP][PASSED] - maximizeWindow: Current window maximized

2017-11-22 00:23:24 - [MESSAGE][PASSED] - Current window maximized

2017-11-22 00:23:24 - [TEST_STEP][PASSED] - click: Object: 'Object Repository/Common/HomePage/HomePage_more' is clicked on

2017-11-22 00:23:28 - [MESSAGE][PASSED] - Object: 'Object Repository/Common/HomePage/HomePage_more' is clicked on

2017-11-22 00:23:28 - [TEST_STEP][PASSED] - click: Object: 'Object Repository/Common/HomePage/HomePage_Option' is clicked on

2017-11-22 00:23:29 - [MESSAGE][PASSED] - Object: 'Object Repository/Common/HomePage/HomePage_Option' is clicked on

2017-11-22 00:23:29 - [TEST_STEP][PASSED] - click: Object: 'Object Repository/Common/HomePage/HomePage_RunProgram_' is clicked on

2017-11-22 00:23:29 - [MESSAGE][PASSED] - Object: 'Object Repository/Common/HomePage/HomePage_RunProgram_' is clicked on

2017-11-22 00:23:29 - [TEST_STEP][PASSED] - sendKeys: Keys 'tfacr2520m000' sent to object: 'Object Repository/Common/HomePage/HomePage_Session_ID'

2017-11-22 00:23:29 - [MESSAGE][PASSED] - Keys 'tfacr2520m000' sent to object: 'Object Repository/Common/HomePage/HomePage_Session_ID'

2017-11-22 00:23:29 - [TEST_STEP][PASSED] - click: Object: 'Object Repository/Common/HomePage/HomePage_OkButton' is clicked on

2017-11-22 00:23:29 - [MESSAGE][PASSED] - Object: 'Object Repository/Common/HomePage/HomePage_OkButton' is clicked on

2017-11-22 00:23:29 - [MESSAGE][PASSED] - Call Test Case 'Test Cases/Common/Base_Common_OpenSession' successfully

2017-11-22 00:23:29 - [TEST_STEP][PASSED] - click: Object: 'Object Repository/Finance/BaseTestCases_OpenEntries_Service/OpenEntries_DocumentType' is clicked on

2017-11-22 00:23:33 - [MESSAGE][PASSED] - Object: 'Object Repository/Finance/BaseTestCases_OpenEntries_Service/OpenEntries_DocumentType' is clicked on

2017-11-22 00:23:33 - [TEST_STEP][PASSED] - click: Object: 'Object Repository/Finance/BaseTestCases_OpenEntries_Service/OpenEntries_DocumentNo' is clicked on

2017-11-22 00:23:33 - [MESSAGE][PASSED] - Object: 'Object Repository/Finance/BaseTestCases_OpenEntries_Service/OpenEntries_DocumentNo' is clicked on

2017-11-22 00:23:33 - [TEST_STEP][PASSED] - setText: Text 'SIS' is set on object 'Object Repository/Finance/BaseTestCases_OpenEntries_Service/OpenEntries_DocumentType'

2017-11-22 00:23:33 - [MESSAGE][PASSED] - Text 'SIS' is set on object 'Object Repository/Finance/BaseTestCases_OpenEntries_Service/OpenEntries_DocumentType'

2017-11-22 00:23:33 - [TEST_STEP][NOT_RUN] - sendKeys: NOT_RUN: sendKeys

2017-11-22 00:23:33 - [MESSAGE][NOT_RUN] - NOT_RUN: sendKeys

2017-11-22 00:23:33 - [TEST_STEP][NOT_RUN] - delay: NOT_RUN: delay

2017-11-22 00:23:33 - [MESSAGE][NOT_RUN] - NOT_RUN: delay

2017-11-22 00:23:33 - [TEST_STEP][PASSED] - setText: Text '10006789' is set on object 'Object Repository/Finance/BaseTestCases_OpenEntries_Service/OpenEntries_DocumentNo'

2017-11-22 00:23:34 - [MESSAGE][PASSED] - Text '10006789' is set on object 'Object Repository/Finance/BaseTestCases_OpenEntries_Service/OpenEntries_DocumentNo'

2017-11-22 00:23:34 - [TEST_STEP][NOT_RUN] - delay: NOT_RUN: delay

2017-11-22 00:23:34 - [MESSAGE][NOT_RUN] - NOT_RUN: delay

2017-11-22 00:23:34 - [TEST_STEP][NOT_RUN] - sendKeys: NOT_RUN: sendKeys

2017-11-22 00:23:34 - [MESSAGE][NOT_RUN] - NOT_RUN: sendKeys

2017-11-22 00:23:34 - [TEST_STEP][PASSED] - click: Object: 'Object Repository/Finance/BaseTestCases_OpenEntries_Service/OpenEntries_Action' is clicked on

2017-11-22 00:23:35 - [MESSAGE][PASSED] - Object: 'Object Repository/Finance/BaseTestCases_OpenEntries_Service/OpenEntries_Action' is clicked on

2017-11-22 00:23:35 - [TEST_STEP][PASSED] - click: Object: 'Object Repository/Finance/BaseTestCases_OpenEntries_Service/OpenEntries.FullyPaid' is clicked on

2017-11-22 00:23:35 - [MESSAGE][PASSED] - Object: 'Object Repository/Finance/BaseTestCases_OpenEntries_Service/OpenEntries.FullyPaid' is clicked on

2017-11-22 00:23:35 - [TEST_STEP][PASSED] - delay: Delayed 2 second(s)

2017-11-22 00:23:37 - [MESSAGE][PASSED] - Delayed 2 second(s)

2017-11-22 00:23:37 - [TEST_STEP][PASSED] - scrollToElement: Scroll to object 'Object Repository/Finance/BaseTestCases_OpenEntries_Service/OpenEntries.BalanceAmt' successfully

2017-11-22 00:23:37 - [MESSAGE][PASSED] - Scroll to object 'Object Repository/Finance/BaseTestCases_OpenEntries_Service/OpenEntries.BalanceAmt' successfully

2017-11-22 00:23:37 - [TEST_STEP][PASSED] - delay: Delayed 3 second(s)

2017-11-22 00:23:40 - [MESSAGE][PASSED] - Delayed 3 second(s)

2017-11-22 00:23:40 - [TEST_STEP][PASSED] - Statement - BalanceAmount = com.kms.katalon.core.webui.keyword.WebUiBuiltInKeywords.getText(com.kms.katalon.core.testobject.ObjectRepository.findTestObject(Finance/BaseTestCases_OpenEntries_Service/OpenEntries.BalanceAmt)): Text of object 'Object Repository/Finance/BaseTestCases_OpenEntries_Service/OpenEntries.BalanceAmt' is: '12.00'

2017-11-22 00:23:40 - [MESSAGE][PASSED] - Text of object 'Object Repository/Finance/BaseTestCases_OpenEntries_Service/OpenEntries.BalanceAmt' is: '12.00'

2017-11-22 00:23:40 - [TEST_STEP][PASSED] - verifyEqual: Actual object '12.00' and expected object '12.00' are equal

2017-11-22 00:23:40 - [MESSAGE][PASSED] - Actual object '12.00' and expected object '12.00' are equal

2017-11-22 00:23:40 - [TEST_STEP][PASSED] - click: Object: 'Object Repository/Finance/BaseTestCases_OpenEntries_Service/OpenEntries.Reference' is clicked on

2017-11-22 00:23:40 - [MESSAGE][PASSED] - Object: 'Object Repository/Finance/BaseTestCases_OpenEntries_Service/OpenEntries.Reference' is clicked on

2017-11-22 00:23:40 - [TEST_STEP][PASSED] - setText: Text '' is set on object 'Object Repository/Finance/BaseTestCases_OpenEntries_Service/OpenEntries_DocumentType'

2017-11-22 00:23:40 - [MESSAGE][PASSED] - Text '' is set on object 'Object Repository/Finance/BaseTestCases_OpenEntries_Service/OpenEntries_DocumentType'

2017-11-22 00:23:40 - [TEST_STEP][PASSED] - setText: Text '' is set on object 'Object Repository/Finance/BaseTestCases_OpenEntries_Service/OpenEntries_DocumentNo'

2017-11-22 00:23:41 - [MESSAGE][PASSED] - Text '' is set on object 'Object Repository/Finance/BaseTestCases_OpenEntries_Service/OpenEntries_DocumentNo'

2017-11-22 00:23:41 - [TEST_STEP][PASSED] - sendKeys: Keys 'TAB + ' sent to object: 'Object Repository/Finance/BaseTestCases_OpenEntries_Service/OpenEntries_DocumentType'

2017-11-22 00:23:41 - [MESSAGE][PASSED] - Keys 'TAB + ' sent to object: 'Object Repository/Finance/BaseTestCases_OpenEntries_Service/OpenEntries_DocumentType'

2017-11-22 00:23:41 - [TEST_STEP][PASSED] - sendKeys: Keys 'TAB + ' sent to object: 'Object Repository/Finance/BaseTestCases_OpenEntries_Service/OpenEntries_DocumentNo'

2017-11-22 00:23:42 - [MESSAGE][PASSED] - Keys 'TAB + ' sent to object: 'Object Repository/Finance/BaseTestCases_OpenEntries_Service/OpenEntries_DocumentNo'

2017-11-22 00:23:42 - [TEST_STEP][PASSED] - sendKeys: Keys 'M00000182 (SIS/10006789)' sent to object: 'Object Repository/Finance/BaseTestCases_OpenEntries_Service/OpenEntries.Reference'

2017-11-22 00:23:42 - [MESSAGE][PASSED] - Keys 'M00000182 (SIS/10006789)' sent to object: 'Object Repository/Finance/BaseTestCases_OpenEntries_Service/OpenEntries.Reference'

2017-11-22 00:23:42 - [TEST_STEP][PASSED] - click: Object: 'Object Repository/Finance/BaseTestCases_OpenEntries_Service/OpenEntries_DocumentNo' is clicked on

2017-11-22 00:23:42 - [MESSAGE][PASSED] - Object: 'Object Repository/Finance/BaseTestCases_OpenEntries_Service/OpenEntries_DocumentNo' is clicked on

2017-11-22 00:23:42 - [TEST_STEP][PASSED] - delay: Delayed 3 second(s)

2017-11-22 00:23:45 - [MESSAGE][PASSED] - Delayed 3 second(s)

2017-11-22 00:23:45 - [TEST_STEP][PASSED] - scrollToElement: Scroll to object 'Object Repository/Finance/BaseTestCases_OpenEntries_Service/OpenEntries.BalanceAmt' successfully

2017-11-22 00:23:45 - [MESSAGE][PASSED] - Scroll to object 'Object Repository/Finance/BaseTestCases_OpenEntries_Service/OpenEntries.BalanceAmt' successfully

2017-11-22 00:23:45 - [TEST_STEP][PASSED] - Statement - BalanceAmount = com.kms.katalon.core.webui.keyword.WebUiBuiltInKeywords.getText(com.kms.katalon.core.testobject.ObjectRepository.findTestObject(Finance/BaseTestCases_OpenEntries_Service/OpenEntries.BalanceAmt)): Text of object 'Object Repository/Finance/BaseTestCases_OpenEntries_Service/OpenEntries.BalanceAmt' is: '1.00'

2017-11-22 00:23:45 - [MESSAGE][PASSED] - Text of object 'Object Repository/Finance/BaseTestCases_OpenEntries_Service/OpenEntries.BalanceAmt' is: '1.00'

2017-11-22 00:23:45 - [TEST_STEP][PASSED] - verifyEqual: Actual object '1.00' and expected object '1.00' are equal

2017-11-22 00:23:45 - [MESSAGE][PASSED] - Actual object '1.00' and expected object '1.00' are equal

2017-11-22 00:23:45 - [TEST_STEP][PASSED] - Statement - BalanceAmount = com.kms.katalon.core.webui.keyword.WebUiBuiltInKeywords.getText(com.kms.katalon.core.testobject.ObjectRepository.findTestObject(Finance/BaseTestCases_OpenEntries_Service/OpenEntries_BalanceAmtLine2)): Text of object 'Object Repository/Finance/BaseTestCases_OpenEntries_Service/OpenEntries_BalanceAmtLine2' is: '1.00'

2017-11-22 00:23:45 - [MESSAGE][PASSED] - Text of object 'Object Repository/Finance/BaseTestCases_OpenEntries_Service/OpenEntries_BalanceAmtLine2' is: '1.00'

2017-11-22 00:23:45 - [TEST_STEP][PASSED] - verifyEqual: Actual object '1.00' and expected object '1.00' are equal

2017-11-22 00:23:45 - [MESSAGE][PASSED] - Actual object '1.00' and expected object '1.00' are equal

2017-11-22 00:23:45 - [TEST_STEP][PASSED] - delay: Delayed 3 second(s)

2017-11-22 00:23:48 - [MESSAGE][PASSED] - Delayed 3 second(s)

2017-11-22 00:23:48 - [TEST_STEP][PASSED] - closeBrowser: Browser is closed

2017-11-22 00:23:49 - [MESSAGE][PASSED] - Browser is closed

2017-11-22 00:23:49 - [MESSAGE][PASSED] - Call Test Case 'Test Cases/Finance/BaseTestCases/Base_Finance_CheckOpenEntriesForCCSplitPayments' successfully]]></system-out>
         <system-err><![CDATA[]]></system-err>
      </testcase>
      <testcase name="Test Cases/Service/CreditCardRegression/TC002_Service_CreditCardSplitTender - Iteration 2" classname="Test Cases/Service/CreditCardRegression/TC002_Service_CreditCardSplitTender" status="FAILED">
         <failure type="FAILED" message="Test Cases/Service/CreditCardRegression/TC002_Service_CreditCardSplitTender FAILED because (of) Unable to set text '09' of object 'Object Repository/Service/ServiceOrder/CreditCardSplitTender/SplitTender.ExpiryMonthLine2' (Root cause: org.openqa.selenium.WebDriverException: Element must be user-editable in order to clear it.
Command duration or timeout: 31 milliseconds
Build info: version: '2.53.0', revision: '35ae25b', time: '2016-03-15 17:00:58'
System info: host: 'EET-RG', ip: '192.168.25.107', os.name: 'Windows 7', os.arch: 'amd64', os.version: '6.1', java.version: '1.8.0_102'
Driver info: com.kms.katalon.selenium.driver.CFirefoxDriver
Capabilities [{applicationCacheEnabled=true, rotatable=false, handlesAlerts=true, databaseEnabled=true, version=43.0.1, platform=WINDOWS, nativeEvents=false, acceptSslCerts=true, webStorageEnabled=true, locationContextEnabled=true, browserName=firefox, takesScreenshot=true, javascriptEnabled=true, cssSelectorsEnabled=true}]
Session ID: 296b8b88-f0cb-4da3-b357-91d3dc3531a8)"/>
         <system-out><![CDATA[2017-11-22 00:23:49 - [TEST_CASE][FAILED] - Test Cases/Service/CreditCardRegression/TC002_Service_CreditCardSplitTender - Iteration 2: Test Cases/Service/CreditCardRegression/TC002_Service_CreditCardSplitTender FAILED because (of) Unable to set text '09' of object 'Object Repository/Service/ServiceOrder/CreditCardSplitTender/SplitTender.ExpiryMonthLine2' (Root cause: org.openqa.selenium.WebDriverException: Element must be user-editable in order to clear it.
Command duration or timeout: 31 milliseconds
Build info: version: '2.53.0', revision: '35ae25b', time: '2016-03-15 17:00:58'
System info: host: 'EET-RG', ip: '192.168.25.107', os.name: 'Windows 7', os.arch: 'amd64', os.version: '6.1', java.version: '1.8.0_102'
Driver info: com.kms.katalon.selenium.driver.CFirefoxDriver
Capabilities [{applicationCacheEnabled=true, rotatable=false, handlesAlerts=true, databaseEnabled=true, version=43.0.1, platform=WINDOWS, nativeEvents=false, acceptSslCerts=true, webStorageEnabled=true, locationContextEnabled=true, browserName=firefox, takesScreenshot=true, javascriptEnabled=true, cssSelectorsEnabled=true}]
Session ID: 296b8b88-f0cb-4da3-b357-91d3dc3531a8)

2017-11-22 00:23:49 - [TEST_STEP][PASSED] - callTestCase: Call Test Case 'Test Cases/Service/BaseTestCases/Base_Service_CreateHeader' successfully

2017-11-22 00:23:49 - [TEST_CASE][PASSED] - Test Cases/Service/BaseTestCases/Base_Service_CreateHeader: Test Cases/Service/BaseTestCases/Base_Service_CreateHeader

2017-11-22 00:23:49 - [TEST_STEP][PASSED] - callTestCase: Call Test Case 'Test Cases/Common/Base_Common_OpenSession' successfully

2017-11-22 00:23:49 - [TEST_CASE][PASSED] - Test Cases/Common/Base_Common_OpenSession: Test Cases/Common/Base_Common_OpenSession

2017-11-22 00:23:49 - [TEST_STEP][PASSED] - openBrowser: Browser is opened with url: 'https://rgajbhiye:Robin$123@proxima-ln4.e-emphasys.com:8441/webui/servlet/login'

2017-11-22 00:23:55 - [MESSAGE][PASSED] - Browser is opened with url: 'https://rgajbhiye:Robin$123@proxima-ln4.e-emphasys.com:8441/webui/servlet/login'

2017-11-22 00:23:55 - [TEST_STEP][PASSED] - waitForPageLoad: Wait for page load successfully

2017-11-22 00:23:55 - [MESSAGE][PASSED] - Wait for page load successfully

2017-11-22 00:23:55 - [TEST_STEP][PASSED] - maximizeWindow: Current window maximized

2017-11-22 00:23:55 - [MESSAGE][PASSED] - Current window maximized

2017-11-22 00:23:55 - [TEST_STEP][PASSED] - click: Object: 'Object Repository/Common/HomePage/HomePage_more' is clicked on

2017-11-22 00:23:59 - [MESSAGE][PASSED] - Object: 'Object Repository/Common/HomePage/HomePage_more' is clicked on

2017-11-22 00:23:59 - [TEST_STEP][PASSED] - click: Object: 'Object Repository/Common/HomePage/HomePage_Option' is clicked on

2017-11-22 00:23:59 - [MESSAGE][PASSED] - Object: 'Object Repository/Common/HomePage/HomePage_Option' is clicked on

2017-11-22 00:23:59 - [TEST_STEP][PASSED] - click: Object: 'Object Repository/Common/HomePage/HomePage_RunProgram_' is clicked on

2017-11-22 00:23:59 - [MESSAGE][PASSED] - Object: 'Object Repository/Common/HomePage/HomePage_RunProgram_' is clicked on

2017-11-22 00:23:59 - [TEST_STEP][PASSED] - sendKeys: Keys 'tssoc2100m001' sent to object: 'Object Repository/Common/HomePage/HomePage_Session_ID'

2017-11-22 00:23:59 - [MESSAGE][PASSED] - Keys 'tssoc2100m001' sent to object: 'Object Repository/Common/HomePage/HomePage_Session_ID'

2017-11-22 00:23:59 - [TEST_STEP][PASSED] - click: Object: 'Object Repository/Common/HomePage/HomePage_OkButton' is clicked on

2017-11-22 00:23:59 - [MESSAGE][PASSED] - Object: 'Object Repository/Common/HomePage/HomePage_OkButton' is clicked on

2017-11-22 00:23:59 - [MESSAGE][PASSED] - Call Test Case 'Test Cases/Common/Base_Common_OpenSession' successfully

2017-11-22 00:23:59 - [TEST_STEP][PASSED] - click: Object: 'Object Repository/Service/ServiceOrder/ServiceOrderHeader/ServiceOrderHeader.Newbutton' is clicked on

2017-11-22 00:24:02 - [MESSAGE][PASSED] - Object: 'Object Repository/Service/ServiceOrder/ServiceOrderHeader/ServiceOrderHeader.Newbutton' is clicked on

2017-11-22 00:24:02 - [TEST_STEP][PASSED] - delay: Delayed 3 second(s)

2017-11-22 00:24:05 - [MESSAGE][PASSED] - Delayed 3 second(s)

2017-11-22 00:24:05 - [TEST_STEP][PASSED] - setText: Text 'M00000182' is set on object 'Object Repository/Service/ServiceOrder/ServiceOrderHeader/ServiceOrderHeader.Customer'

2017-11-22 00:24:06 - [MESSAGE][PASSED] - Text 'M00000182' is set on object 'Object Repository/Service/ServiceOrder/ServiceOrderHeader/ServiceOrderHeader.Customer'

2017-11-22 00:24:06 - [TEST_STEP][PASSED] - sendKeys: Keys 'TAB + ' sent to object: 'Object Repository/Service/ServiceOrder/ServiceOrderHeader/ServiceOrderHeader.Customer'

2017-11-22 00:24:06 - [MESSAGE][PASSED] - Keys 'TAB + ' sent to object: 'Object Repository/Service/ServiceOrder/ServiceOrderHeader/ServiceOrderHeader.Customer'

2017-11-22 00:24:06 - [TEST_STEP][PASSED] - delay: Delayed 3 second(s)

2017-11-22 00:24:09 - [MESSAGE][PASSED] - Delayed 3 second(s)

2017-11-22 00:24:09 - [TEST_STEP][PASSED] - setText: Text 'MD0007993' is set on object 'Object Repository/Service/ServiceOrder/ServiceOrderHeader/ServiceOrderHeader.Unit'

2017-11-22 00:24:09 - [MESSAGE][PASSED] - Text 'MD0007993' is set on object 'Object Repository/Service/ServiceOrder/ServiceOrderHeader/ServiceOrderHeader.Unit'

2017-11-22 00:24:09 - [TEST_STEP][PASSED] - click: Object: 'Object Repository/Service/ServiceOrder/ServiceOrderHeader/ServiceOrderHeader.Save' is clicked on

2017-11-22 00:24:09 - [MESSAGE][PASSED] - Object: 'Object Repository/Service/ServiceOrder/ServiceOrderHeader/ServiceOrderHeader.Save' is clicked on

2017-11-22 00:24:09 - [TEST_STEP][PASSED] - click: Object: 'Object Repository/Service/ServiceOrder/ServiceOrderHeader/ServiceOrderHeader.Warning' is clicked on

2017-11-22 00:24:16 - [MESSAGE][PASSED] - Object: 'Object Repository/Service/ServiceOrder/ServiceOrderHeader/ServiceOrderHeader.Warning' is clicked on

2017-11-22 00:24:16 - [TEST_STEP][PASSED] - delay: Delayed 3 second(s)

2017-11-22 00:24:19 - [MESSAGE][PASSED] - Delayed 3 second(s)

2017-11-22 00:24:19 - [TEST_STEP][PASSED] - click: Object: 'Object Repository/Service/ServiceOrder/ServiceOrderHeader/ServiceOrderHeader.PaymentMode' is clicked on

2017-11-22 00:24:19 - [MESSAGE][PASSED] - Object: 'Object Repository/Service/ServiceOrder/ServiceOrderHeader/ServiceOrderHeader.PaymentMode' is clicked on

2017-11-22 00:24:19 - [TEST_STEP][PASSED] - click: Object: 'Object Repository/Service/ServiceOrder/ServiceOrderHeader/ServiceOrderHeader.CreditCardoption' is clicked on

2017-11-22 00:24:19 - [MESSAGE][PASSED] - Object: 'Object Repository/Service/ServiceOrder/ServiceOrderHeader/ServiceOrderHeader.CreditCardoption' is clicked on

2017-11-22 00:24:19 - [TEST_STEP][PASSED] - delay: Delayed 5 second(s)

2017-11-22 00:24:24 - [MESSAGE][PASSED] - Delayed 5 second(s)

2017-11-22 00:24:24 - [TEST_STEP][NOT_RUN] - setText: NOT_RUN: setText

2017-11-22 00:24:24 - [MESSAGE][NOT_RUN] - NOT_RUN: setText

2017-11-22 00:24:24 - [TEST_STEP][PASSED] - click: Object: 'Object Repository/Service/ServiceOrder/ServiceOrderHeader/ServiceOrderHeader.Save' is clicked on

2017-11-22 00:24:25 - [MESSAGE][PASSED] - Object: 'Object Repository/Service/ServiceOrder/ServiceOrderHeader/ServiceOrderHeader.Save' is clicked on

2017-11-22 00:24:25 - [TEST_STEP][PASSED] - delay: Delayed 5 second(s)

2017-11-22 00:24:30 - [MESSAGE][PASSED] - Delayed 5 second(s)

2017-11-22 00:24:30 - [TEST_STEP][PASSED] - Statement - SWOOrderNo = com.kms.katalon.core.webui.keyword.WebUiBuiltInKeywords.getAttribute(com.kms.katalon.core.testobject.ObjectRepository.findTestObject(Service/ServiceOrder/ServiceOrderHeader/ServiceOrderHeader.OrderNo), "value"): Attribute 'value' of object 'Object Repository/Service/ServiceOrder/ServiceOrderHeader/ServiceOrderHeader.OrderNo' is: 'SWO119860'

2017-11-22 00:24:30 - [MESSAGE][PASSED] - Attribute 'value' of object 'Object Repository/Service/ServiceOrder/ServiceOrderHeader/ServiceOrderHeader.OrderNo' is: 'SWO119860'

2017-11-22 00:24:30 - [TEST_STEP][PASSED] - verifyNotEqual: Actual object 'SWO119860' and expected object '' are not equal

2017-11-22 00:24:30 - [MESSAGE][PASSED] - Actual object 'SWO119860' and expected object '' are not equal

2017-11-22 00:24:30 - [TEST_STEP][PASSED] - delay: Delayed 5 second(s)

2017-11-22 00:24:35 - [MESSAGE][PASSED] - Delayed 5 second(s)

2017-11-22 00:24:35 - [TEST_STEP][PASSED] - click: Object: 'Object Repository/Service/ServiceOrder/ServiceOrderHeader/ServiceOrderHeader.Actions' is clicked on

2017-11-22 00:24:35 - [MESSAGE][PASSED] - Object: 'Object Repository/Service/ServiceOrder/ServiceOrderHeader/ServiceOrderHeader.Actions' is clicked on

2017-11-22 00:24:35 - [TEST_STEP][PASSED] - delay: Delayed 3 second(s)

2017-11-22 00:24:38 - [MESSAGE][PASSED] - Delayed 3 second(s)

2017-11-22 00:24:38 - [TEST_STEP][PASSED] - click: Object: 'Object Repository/Service/ServiceOrder/ServiceOrderHeader/ServiceOrderHeader.Segments' is clicked on

2017-11-22 00:24:38 - [MESSAGE][PASSED] - Object: 'Object Repository/Service/ServiceOrder/ServiceOrderHeader/ServiceOrderHeader.Segments' is clicked on

2017-11-22 00:24:38 - [TEST_STEP][PASSED] - delay: Delayed 3 second(s)

2017-11-22 00:24:41 - [MESSAGE][PASSED] - Delayed 3 second(s)

2017-11-22 00:24:41 - [MESSAGE][PASSED] - Call Test Case 'Test Cases/Service/BaseTestCases/Base_Service_CreateHeader' successfully

2017-11-22 00:24:41 - [TEST_STEP][PASSED] - callTestCase: Call Test Case 'Test Cases/Service/BaseTestCases/Base_Service_AddSegment' successfully

2017-11-22 00:24:41 - [TEST_CASE][PASSED] - Test Cases/Service/BaseTestCases/Base_Service_AddSegment: Test Cases/Service/BaseTestCases/Base_Service_AddSegment

2017-11-22 00:24:41 - [TEST_STEP][PASSED] - click: Object: 'Object Repository/Service/ServiceOrder/ServiceOrderSegment/ServiceOrderSegment.ServiceType' is clicked on

2017-11-22 00:24:42 - [MESSAGE][PASSED] - Object: 'Object Repository/Service/ServiceOrder/ServiceOrderSegment/ServiceOrderSegment.ServiceType' is clicked on

2017-11-22 00:24:42 - [TEST_STEP][PASSED] - setText: Text 'ABC' is set on object 'Object Repository/Service/ServiceOrder/ServiceOrderSegment/ServiceOrderSegment.ServiceType'

2017-11-22 00:24:42 - [MESSAGE][PASSED] - Text 'ABC' is set on object 'Object Repository/Service/ServiceOrder/ServiceOrderSegment/ServiceOrderSegment.ServiceType'

2017-11-22 00:24:42 - [TEST_STEP][NOT_RUN] - sendKeys: NOT_RUN: sendKeys

2017-11-22 00:24:42 - [MESSAGE][NOT_RUN] - NOT_RUN: sendKeys

2017-11-22 00:24:42 - [TEST_STEP][PASSED] - delay: Delayed 3 second(s)

2017-11-22 00:24:45 - [MESSAGE][PASSED] - Delayed 3 second(s)

2017-11-22 00:24:45 - [TEST_STEP][PASSED] - click: Object: 'Object Repository/Service/ServiceOrder/ServiceOrderSegment/ServiceOrderSegment.Save' is clicked on

2017-11-22 00:24:45 - [MESSAGE][PASSED] - Object: 'Object Repository/Service/ServiceOrder/ServiceOrderSegment/ServiceOrderSegment.Save' is clicked on

2017-11-22 00:24:45 - [TEST_STEP][PASSED] - delay: Delayed 10 second(s)

2017-11-22 00:24:55 - [MESSAGE][PASSED] - Delayed 10 second(s)

2017-11-22 00:24:55 - [TEST_STEP][PASSED] - click: Object: 'Object Repository/Service/ServiceOrder/ServiceOrderSegment/ServiceOrderSegment.Action' is clicked on

2017-11-22 00:24:56 - [MESSAGE][PASSED] - Object: 'Object Repository/Service/ServiceOrder/ServiceOrderSegment/ServiceOrderSegment.Action' is clicked on

2017-11-22 00:24:56 - [TEST_STEP][PASSED] - delay: Delayed 2 second(s)

2017-11-22 00:24:58 - [MESSAGE][PASSED] - Delayed 2 second(s)

2017-11-22 00:24:58 - [TEST_STEP][PASSED] - click: Object: 'Object Repository/Service/ServiceOrder/ServiceOrderSegment/ServiceOrderSegment.Release' is clicked on

2017-11-22 00:24:58 - [MESSAGE][PASSED] - Object: 'Object Repository/Service/ServiceOrder/ServiceOrderSegment/ServiceOrderSegment.Release' is clicked on

2017-11-22 00:24:58 - [TEST_STEP][PASSED] - delay: Delayed 5 second(s)

2017-11-22 00:25:03 - [MESSAGE][PASSED] - Delayed 5 second(s)

2017-11-22 00:25:03 - [TEST_STEP][NOT_RUN] - click: NOT_RUN: click

2017-11-22 00:25:03 - [MESSAGE][NOT_RUN] - NOT_RUN: click

2017-11-22 00:25:03 - [TEST_STEP][NOT_RUN] - click: NOT_RUN: click

2017-11-22 00:25:03 - [MESSAGE][NOT_RUN] - NOT_RUN: click

2017-11-22 00:25:03 - [TEST_STEP][NOT_RUN] - delay: NOT_RUN: delay

2017-11-22 00:25:03 - [MESSAGE][NOT_RUN] - NOT_RUN: delay

2017-11-22 00:25:03 - [TEST_STEP][NOT_RUN] - setText: NOT_RUN: setText

2017-11-22 00:25:03 - [MESSAGE][NOT_RUN] - NOT_RUN: setText

2017-11-22 00:25:03 - [TEST_STEP][NOT_RUN] - sendKeys: NOT_RUN: sendKeys

2017-11-22 00:25:03 - [MESSAGE][NOT_RUN] - NOT_RUN: sendKeys

2017-11-22 00:25:03 - [TEST_STEP][NOT_RUN] - delay: NOT_RUN: delay

2017-11-22 00:25:03 - [MESSAGE][NOT_RUN] - NOT_RUN: delay

2017-11-22 00:25:03 - [TEST_STEP][NOT_RUN] - click: NOT_RUN: click

2017-11-22 00:25:03 - [MESSAGE][NOT_RUN] - NOT_RUN: click

2017-11-22 00:25:03 - [TEST_STEP][NOT_RUN] - delay: NOT_RUN: delay

2017-11-22 00:25:03 - [MESSAGE][NOT_RUN] - NOT_RUN: delay

2017-11-22 00:25:03 - [TEST_STEP][PASSED] - click: Object: 'Object Repository/Service/ServiceOrder/ServiceOrderSegment/ServiceOrderSegment.Action' is clicked on

2017-11-22 00:25:03 - [MESSAGE][PASSED] - Object: 'Object Repository/Service/ServiceOrder/ServiceOrderSegment/ServiceOrderSegment.Action' is clicked on

2017-11-22 00:25:03 - [TEST_STEP][PASSED] - delay: Delayed 3 second(s)

2017-11-22 00:25:06 - [MESSAGE][PASSED] - Delayed 3 second(s)

2017-11-22 00:25:06 - [MESSAGE][PASSED] - Call Test Case 'Test Cases/Service/BaseTestCases/Base_Service_AddSegment' successfully

2017-11-22 00:25:06 - [TEST_STEP][PASSED] - callTestCase: Call Test Case 'Test Cases/Service/BaseTestCases/Base_Service_Add Others' successfully

2017-11-22 00:25:06 - [TEST_CASE][PASSED] - Test Cases/Service/BaseTestCases/Base_Service_Add Others: Test Cases/Service/BaseTestCases/Base_Service_Add Others

2017-11-22 00:25:06 - [TEST_STEP][PASSED] - click: Object: 'Object Repository/Service/ServiceOrder/ServiceOrderSegment/ServiceOrderSegment.Others' is clicked on

2017-11-22 00:25:06 - [MESSAGE][PASSED] - Object: 'Object Repository/Service/ServiceOrder/ServiceOrderSegment/ServiceOrderSegment.Others' is clicked on

2017-11-22 00:25:06 - [TEST_STEP][PASSED] - delay: Delayed 10 second(s)

2017-11-22 00:25:16 - [MESSAGE][PASSED] - Delayed 10 second(s)

2017-11-22 00:25:16 - [TEST_STEP][PASSED] - click: Object: 'Object Repository/Service/ServiceOrder/ServiceOrderSegment/ServiceOrderSegment.OthersNew' is clicked on

2017-11-22 00:25:17 - [MESSAGE][PASSED] - Object: 'Object Repository/Service/ServiceOrder/ServiceOrderSegment/ServiceOrderSegment.OthersNew' is clicked on

2017-11-22 00:25:17 - [TEST_STEP][PASSED] - delay: Delayed 5 second(s)

2017-11-22 00:25:22 - [MESSAGE][PASSED] - Delayed 5 second(s)

2017-11-22 00:25:22 - [TEST_STEP][PASSED] - click: Object: 'Object Repository/Service/ServiceOrder/ServiceOrderSegment/ServiceOrderSegment.OthersCostComp' is clicked on

2017-11-22 00:25:22 - [MESSAGE][PASSED] - Object: 'Object Repository/Service/ServiceOrder/ServiceOrderSegment/ServiceOrderSegment.OthersCostComp' is clicked on

2017-11-22 00:25:22 - [TEST_STEP][PASSED] - delay: Delayed 2 second(s)

2017-11-22 00:25:24 - [MESSAGE][PASSED] - Delayed 2 second(s)

2017-11-22 00:25:24 - [TEST_STEP][PASSED] - setText: Text 'APP' is set on object 'Object Repository/Service/ServiceOrder/ServiceOrderSegment/ServiceOrderSegment.OthersCostComp'

2017-11-22 00:25:24 - [MESSAGE][PASSED] - Text 'APP' is set on object 'Object Repository/Service/ServiceOrder/ServiceOrderSegment/ServiceOrderSegment.OthersCostComp'

2017-11-22 00:25:24 - [TEST_STEP][PASSED] - delay: Delayed 5 second(s)

2017-11-22 00:25:29 - [MESSAGE][PASSED] - Delayed 5 second(s)

2017-11-22 00:25:29 - [TEST_STEP][PASSED] - scrollToElement: Scroll to object 'Object Repository/Service/ServiceOrder/ServiceOrderSegment/ServiceOrderSegment.Actual Qty' successfully

2017-11-22 00:25:29 - [MESSAGE][PASSED] - Scroll to object 'Object Repository/Service/ServiceOrder/ServiceOrderSegment/ServiceOrderSegment.Actual Qty' successfully

2017-11-22 00:25:29 - [TEST_STEP][PASSED] - click: Object: 'Object Repository/Service/ServiceOrder/ServiceOrderSegment/ServiceOrderSegment.Actual Qty' is clicked on

2017-11-22 00:25:29 - [MESSAGE][PASSED] - Object: 'Object Repository/Service/ServiceOrder/ServiceOrderSegment/ServiceOrderSegment.Actual Qty' is clicked on

2017-11-22 00:25:29 - [TEST_STEP][PASSED] - delay: Delayed 2 second(s)

2017-11-22 00:25:31 - [MESSAGE][PASSED] - Delayed 2 second(s)

2017-11-22 00:25:31 - [TEST_STEP][PASSED] - sendKeys: Keys '2' sent to object: 'Object Repository/Service/ServiceOrder/ServiceOrderSegment/ServiceOrderSegment.Actual Qty'

2017-11-22 00:25:31 - [MESSAGE][PASSED] - Keys '2' sent to object: 'Object Repository/Service/ServiceOrder/ServiceOrderSegment/ServiceOrderSegment.Actual Qty'

2017-11-22 00:25:31 - [TEST_STEP][PASSED] - delay: Delayed 5 second(s)

2017-11-22 00:25:36 - [MESSAGE][PASSED] - Delayed 5 second(s)

2017-11-22 00:25:36 - [TEST_STEP][NOT_RUN] - click: NOT_RUN: click

2017-11-22 00:25:36 - [MESSAGE][NOT_RUN] - NOT_RUN: click

2017-11-22 00:25:36 - [TEST_STEP][PASSED] - click: Object: 'Object Repository/Service/ServiceOrder/ServiceOrderSegment/ServiceOrderSegmentOthers.SaveClose' is clicked on

2017-11-22 00:25:37 - [MESSAGE][PASSED] - Object: 'Object Repository/Service/ServiceOrder/ServiceOrderSegment/ServiceOrderSegmentOthers.SaveClose' is clicked on

2017-11-22 00:25:37 - [TEST_STEP][PASSED] - delay: Delayed 5 second(s)

2017-11-22 00:25:42 - [MESSAGE][PASSED] - Delayed 5 second(s)

2017-11-22 00:25:42 - [TEST_STEP][PASSED] - click: Object: 'Object Repository/Service/ServiceOrder/ServiceOrderSegment/ServiceOrderSegment.SaveClose' is clicked on

2017-11-22 00:25:42 - [MESSAGE][PASSED] - Object: 'Object Repository/Service/ServiceOrder/ServiceOrderSegment/ServiceOrderSegment.SaveClose' is clicked on

2017-11-22 00:25:42 - [MESSAGE][PASSED] - Call Test Case 'Test Cases/Service/BaseTestCases/Base_Service_Add Others' successfully

2017-11-22 00:25:42 - [TEST_STEP][FAILED] - callTestCase: Unable to call Test Case with id 'Test Cases/Service/BaseTestCases/Base_Service_HeaderInvoice_SplitTender' (Root cause: Call Test Case 'Test Cases/Service/BaseTestCases/Base_Service_HeaderInvoice_SplitTender' failed)

2017-11-22 00:25:42 - [TEST_CASE][FAILED] - Test Cases/Service/BaseTestCases/Base_Service_HeaderInvoice_SplitTender: Test Cases/Service/BaseTestCases/Base_Service_HeaderInvoice_SplitTender FAILED because (of) Unable to set text '09' of object 'Object Repository/Service/ServiceOrder/CreditCardSplitTender/SplitTender.ExpiryMonthLine2' (Root cause: org.openqa.selenium.WebDriverException: Element must be user-editable in order to clear it.
Command duration or timeout: 31 milliseconds
Build info: version: '2.53.0', revision: '35ae25b', time: '2016-03-15 17:00:58'
System info: host: 'EET-RG', ip: '192.168.25.107', os.name: 'Windows 7', os.arch: 'amd64', os.version: '6.1', java.version: '1.8.0_102'
Driver info: com.kms.katalon.selenium.driver.CFirefoxDriver
Capabilities [{applicationCacheEnabled=true, rotatable=false, handlesAlerts=true, databaseEnabled=true, version=43.0.1, platform=WINDOWS, nativeEvents=false, acceptSslCerts=true, webStorageEnabled=true, locationContextEnabled=true, browserName=firefox, takesScreenshot=true, javascriptEnabled=true, cssSelectorsEnabled=true}]
Session ID: 296b8b88-f0cb-4da3-b357-91d3dc3531a8)

2017-11-22 00:25:42 - [TEST_STEP][PASSED] - delay: Delayed 5 second(s)

2017-11-22 00:25:47 - [MESSAGE][PASSED] - Delayed 5 second(s)

2017-11-22 00:25:47 - [TEST_STEP][PASSED] - click: Object: 'Object Repository/Service/ServiceOrder/ServiceOrderHeader/ServiceOrderHeader.Actions' is clicked on

2017-11-22 00:25:47 - [MESSAGE][PASSED] - Object: 'Object Repository/Service/ServiceOrder/ServiceOrderHeader/ServiceOrderHeader.Actions' is clicked on

2017-11-22 00:25:47 - [TEST_STEP][PASSED] - delay: Delayed 3 second(s)

2017-11-22 00:25:50 - [MESSAGE][PASSED] - Delayed 3 second(s)

2017-11-22 00:25:50 - [TEST_STEP][PASSED] - click: Object: 'Object Repository/Service/ServiceOrder/ServiceOrderHeader/ServiceOrderHeader.Costing' is clicked on

2017-11-22 00:25:50 - [MESSAGE][PASSED] - Object: 'Object Repository/Service/ServiceOrder/ServiceOrderHeader/ServiceOrderHeader.Costing' is clicked on

2017-11-22 00:25:50 - [TEST_STEP][PASSED] - delay: Delayed 5 second(s)

2017-11-22 00:25:55 - [MESSAGE][PASSED] - Delayed 5 second(s)

2017-11-22 00:25:55 - [TEST_STEP][PASSED] - click: Object: 'Object Repository/Service/ServiceOrder/ServiceOrderHeader/ServiceOrderHeader.RepriceWarning' is clicked on

2017-11-22 00:25:56 - [MESSAGE][PASSED] - Object: 'Object Repository/Service/ServiceOrder/ServiceOrderHeader/ServiceOrderHeader.RepriceWarning' is clicked on

2017-11-22 00:25:56 - [TEST_STEP][PASSED] - delay: Delayed 3 second(s)

2017-11-22 00:25:59 - [MESSAGE][PASSED] - Delayed 3 second(s)

2017-11-22 00:25:59 - [TEST_STEP][PASSED] - click: Object: 'Object Repository/Service/ServiceOrder/ServiceOrderHeader/ServiceOrderHeader.CostingProcessCont' is clicked on

2017-11-22 00:25:59 - [MESSAGE][PASSED] - Object: 'Object Repository/Service/ServiceOrder/ServiceOrderHeader/ServiceOrderHeader.CostingProcessCont' is clicked on

2017-11-22 00:25:59 - [TEST_STEP][PASSED] - delay: Delayed 3 second(s)

2017-11-22 00:26:02 - [MESSAGE][PASSED] - Delayed 3 second(s)

2017-11-22 00:26:02 - [TEST_STEP][PASSED] - click: Object: 'Object Repository/Service/ServiceOrder/ServiceOrderHeader/ServiceOrderHeader.InvoiceCont' is clicked on

2017-11-22 00:26:02 - [MESSAGE][PASSED] - Object: 'Object Repository/Service/ServiceOrder/ServiceOrderHeader/ServiceOrderHeader.InvoiceCont' is clicked on

2017-11-22 00:26:02 - [TEST_STEP][PASSED] - delay: Delayed 5 second(s)

2017-11-22 00:26:07 - [MESSAGE][PASSED] - Delayed 5 second(s)

2017-11-22 00:26:07 - [TEST_STEP][NOT_RUN] - waitForElementPresent: NOT_RUN: waitForElementPresent

2017-11-22 00:26:07 - [MESSAGE][NOT_RUN] - NOT_RUN: waitForElementPresent

2017-11-22 00:26:07 - [TEST_STEP][NOT_RUN] - doubleClick: NOT_RUN: doubleClick

2017-11-22 00:26:07 - [MESSAGE][NOT_RUN] - NOT_RUN: doubleClick

2017-11-22 00:26:07 - [TEST_STEP][NOT_RUN] - delay: NOT_RUN: delay

2017-11-22 00:26:07 - [MESSAGE][NOT_RUN] - NOT_RUN: delay

2017-11-22 00:26:07 - [TEST_STEP][NOT_RUN] - click: NOT_RUN: click

2017-11-22 00:26:07 - [MESSAGE][NOT_RUN] - NOT_RUN: click

2017-11-22 00:26:07 - [TEST_STEP][PASSED] - delay: Delayed 2 second(s)

2017-11-22 00:26:09 - [MESSAGE][PASSED] - Delayed 2 second(s)

2017-11-22 00:26:09 - [TEST_STEP][PASSED] - setText: Text 'GLOBAL' is set on object 'Object Repository/Service/ServiceOrder/ServiceCreditCard/ServiceCreditCard.PaymentGateway'

2017-11-22 00:26:09 - [MESSAGE][PASSED] - Text 'GLOBAL' is set on object 'Object Repository/Service/ServiceOrder/ServiceCreditCard/ServiceCreditCard.PaymentGateway'

2017-11-22 00:26:09 - [TEST_STEP][NOT_RUN] - sendKeys: NOT_RUN: sendKeys

2017-11-22 00:26:09 - [MESSAGE][NOT_RUN] - NOT_RUN: sendKeys

2017-11-22 00:26:09 - [TEST_STEP][PASSED] - doubleClick: Object: 'Object Repository/Service/ServiceOrder/ServiceCreditCard/ServiceCreditCard.CardType' is double clicked on

2017-11-22 00:26:10 - [MESSAGE][PASSED] - Object: 'Object Repository/Service/ServiceOrder/ServiceCreditCard/ServiceCreditCard.CardType' is double clicked on

2017-11-22 00:26:10 - [TEST_STEP][PASSED] - sendKeys: Keys 'DEBIT MASTERCARD' sent to object: 'Object Repository/Service/ServiceOrder/ServiceCreditCard/ServiceCreditCard.CardType'

2017-11-22 00:26:10 - [MESSAGE][PASSED] - Keys 'DEBIT MASTERCARD' sent to object: 'Object Repository/Service/ServiceOrder/ServiceCreditCard/ServiceCreditCard.CardType'

2017-11-22 00:26:10 - [TEST_STEP][PASSED] - delay: Delayed 2 second(s)

2017-11-22 00:26:12 - [MESSAGE][PASSED] - Delayed 2 second(s)

2017-11-22 00:26:12 - [TEST_STEP][PASSED] - doubleClick: Object: 'Object Repository/Service/ServiceOrder/ServiceCreditCard/ServiceCreditCard.Enter CC No' is double clicked on

2017-11-22 00:26:12 - [MESSAGE][PASSED] - Object: 'Object Repository/Service/ServiceOrder/ServiceCreditCard/ServiceCreditCard.Enter CC No' is double clicked on

2017-11-22 00:26:12 - [TEST_STEP][PASSED] - sendKeys: Keys '5100270000000007' sent to object: 'Object Repository/Service/ServiceOrder/ServiceCreditCard/ServiceCreditCard.Enter CC No'

2017-11-22 00:26:12 - [MESSAGE][PASSED] - Keys '5100270000000007' sent to object: 'Object Repository/Service/ServiceOrder/ServiceCreditCard/ServiceCreditCard.Enter CC No'

2017-11-22 00:26:12 - [TEST_STEP][PASSED] - delay: Delayed 2 second(s)

2017-11-22 00:26:14 - [MESSAGE][PASSED] - Delayed 2 second(s)

2017-11-22 00:26:14 - [TEST_STEP][PASSED] - click: Object: 'Object Repository/Service/ServiceOrder/ServiceCreditCard/ServiceCreditCard.CVV2' is clicked on

2017-11-22 00:26:14 - [MESSAGE][PASSED] - Object: 'Object Repository/Service/ServiceOrder/ServiceCreditCard/ServiceCreditCard.CVV2' is clicked on

2017-11-22 00:26:14 - [TEST_STEP][PASSED] - sendKeys: Keys '865' sent to object: 'Object Repository/Service/ServiceOrder/ServiceCreditCard/ServiceCreditCard.CVV2'

2017-11-22 00:26:14 - [MESSAGE][PASSED] - Keys '865' sent to object: 'Object Repository/Service/ServiceOrder/ServiceCreditCard/ServiceCreditCard.CVV2'

2017-11-22 00:26:14 - [TEST_STEP][NOT_RUN] - sendKeys: NOT_RUN: sendKeys

2017-11-22 00:26:14 - [MESSAGE][NOT_RUN] - NOT_RUN: sendKeys

2017-11-22 00:26:14 - [TEST_STEP][NOT_RUN] - delay: NOT_RUN: delay

2017-11-22 00:26:14 - [MESSAGE][NOT_RUN] - NOT_RUN: delay

2017-11-22 00:26:14 - [TEST_STEP][PASSED] - delay: Delayed 3 second(s)

2017-11-22 00:26:17 - [MESSAGE][PASSED] - Delayed 3 second(s)

2017-11-22 00:26:17 - [TEST_STEP][PASSED] - setText: Text '09' is set on object 'Object Repository/Service/ServiceOrder/ServiceCreditCard/ServiceCreditCard.ExpiryMonth'

2017-11-22 00:26:18 - [MESSAGE][PASSED] - Text '09' is set on object 'Object Repository/Service/ServiceOrder/ServiceCreditCard/ServiceCreditCard.ExpiryMonth'

2017-11-22 00:26:18 - [TEST_STEP][PASSED] - setText: Text '99' is set on object 'Object Repository/Service/ServiceOrder/ServiceCreditCard/ServiceCreditCard.ExpiryYear'

2017-11-22 00:26:18 - [MESSAGE][PASSED] - Text '99' is set on object 'Object Repository/Service/ServiceOrder/ServiceCreditCard/ServiceCreditCard.ExpiryYear'

2017-11-22 00:26:18 - [TEST_STEP][PASSED] - delay: Delayed 2 second(s)

2017-11-22 00:26:20 - [MESSAGE][PASSED] - Delayed 2 second(s)

2017-11-22 00:26:20 - [TEST_STEP][PASSED] - click: Object: 'Object Repository/Service/ServiceOrder/CreditCardSplitTender/SplitTenderDetails' is clicked on

2017-11-22 00:26:20 - [MESSAGE][PASSED] - Object: 'Object Repository/Service/ServiceOrder/CreditCardSplitTender/SplitTenderDetails' is clicked on

2017-11-22 00:26:20 - [TEST_STEP][PASSED] - click: Object: 'Object Repository/Service/ServiceOrder/CreditCardSplitTender/SplitTenderDetails.Yes' is clicked on

2017-11-22 00:26:20 - [MESSAGE][PASSED] - Object: 'Object Repository/Service/ServiceOrder/CreditCardSplitTender/SplitTenderDetails.Yes' is clicked on

2017-11-22 00:26:20 - [TEST_STEP][PASSED] - delay: Delayed 3 second(s)

2017-11-22 00:26:23 - [MESSAGE][PASSED] - Delayed 3 second(s)

2017-11-22 00:26:23 - [TEST_STEP][PASSED] - click: Object: 'Object Repository/Service/ServiceOrder/CreditCardSplitTender/SplitTender.LineSession' is clicked on

2017-11-22 00:26:23 - [MESSAGE][PASSED] - Object: 'Object Repository/Service/ServiceOrder/CreditCardSplitTender/SplitTender.LineSession' is clicked on

2017-11-22 00:26:23 - [TEST_STEP][PASSED] - delay: Delayed 2 second(s)

2017-11-22 00:26:25 - [MESSAGE][PASSED] - Delayed 2 second(s)

2017-11-22 00:26:25 - [TEST_STEP][PASSED] - Statement - G_OrderAmt = com.kms.katalon.core.webui.keyword.WebUiBuiltInKeywords.getText(com.kms.katalon.core.testobject.ObjectRepository.findTestObject(Service/ServiceOrder/CreditCardSplitTender/SplitTender.OrderAmtHeader)): Text of object 'Object Repository/Service/ServiceOrder/CreditCardSplitTender/SplitTender.OrderAmtHeader' is: '14.00'

2017-11-22 00:26:26 - [MESSAGE][PASSED] - Text of object 'Object Repository/Service/ServiceOrder/CreditCardSplitTender/SplitTender.OrderAmtHeader' is: '14.00'

2017-11-22 00:26:26 - [TEST_STEP][PASSED] - Statement - G_SplitOrderAmt2 = G_OrderAmt - 2: null

2017-11-22 00:26:26 - [TEST_STEP][PASSED] - comment: ***********************Line1 started***********************

2017-11-22 00:26:26 - [TEST_STEP][PASSED] - click: Object: 'Object Repository/Service/ServiceOrder/CreditCardSplitTender/SplitTender.NewButton' is clicked on

2017-11-22 00:26:26 - [MESSAGE][PASSED] - Object: 'Object Repository/Service/ServiceOrder/CreditCardSplitTender/SplitTender.NewButton' is clicked on

2017-11-22 00:26:26 - [TEST_STEP][PASSED] - delay: Delayed 2 second(s)

2017-11-22 00:26:28 - [MESSAGE][PASSED] - Delayed 2 second(s)

2017-11-22 00:26:28 - [TEST_STEP][PASSED] - doubleClick: Object: 'Object Repository/Service/ServiceOrder/CreditCardSplitTender/SplitTender.ModeofPayment' is double clicked on

2017-11-22 00:26:28 - [MESSAGE][PASSED] - Object: 'Object Repository/Service/ServiceOrder/CreditCardSplitTender/SplitTender.ModeofPayment' is double clicked on

2017-11-22 00:26:28 - [TEST_STEP][PASSED] - click: Object: 'Object Repository/Service/ServiceOrder/CreditCardSplitTender/SplitTender.ModeOfPaymentCreditCard1' is clicked on

2017-11-22 00:26:29 - [MESSAGE][PASSED] - Object: 'Object Repository/Service/ServiceOrder/CreditCardSplitTender/SplitTender.ModeOfPaymentCreditCard1' is clicked on

2017-11-22 00:26:29 - [TEST_STEP][PASSED] - click: Object: 'Object Repository/Service/ServiceOrder/CreditCardSplitTender/SplitTender.LineCCNo' is clicked on

2017-11-22 00:26:29 - [MESSAGE][PASSED] - Object: 'Object Repository/Service/ServiceOrder/CreditCardSplitTender/SplitTender.LineCCNo' is clicked on

2017-11-22 00:26:29 - [TEST_STEP][PASSED] - delay: Delayed 2 second(s)

2017-11-22 00:26:31 - [MESSAGE][PASSED] - Delayed 2 second(s)

2017-11-22 00:26:31 - [TEST_STEP][PASSED] - setText: Text '4012000033330026' is set on object 'Object Repository/Service/ServiceOrder/CreditCardSplitTender/SplitTender.LineCCNo'

2017-11-22 00:26:31 - [MESSAGE][PASSED] - Text '4012000033330026' is set on object 'Object Repository/Service/ServiceOrder/CreditCardSplitTender/SplitTender.LineCCNo'

2017-11-22 00:26:31 - [TEST_STEP][PASSED] - delay: Delayed 5 second(s)

2017-11-22 00:26:36 - [MESSAGE][PASSED] - Delayed 5 second(s)

2017-11-22 00:26:36 - [TEST_STEP][NOT_RUN] - click: NOT_RUN: click

2017-11-22 00:26:36 - [MESSAGE][NOT_RUN] - NOT_RUN: click

2017-11-22 00:26:36 - [TEST_STEP][NOT_RUN] - setText: NOT_RUN: setText

2017-11-22 00:26:36 - [MESSAGE][NOT_RUN] - NOT_RUN: setText

2017-11-22 00:26:36 - [TEST_STEP][PASSED] - scrollToElement: Scroll to object 'Object Repository/Service/ServiceOrder/CreditCardSplitTender/SplitTender.LineOrderAmount1' successfully

2017-11-22 00:26:36 - [MESSAGE][PASSED] - Scroll to object 'Object Repository/Service/ServiceOrder/CreditCardSplitTender/SplitTender.LineOrderAmount1' successfully

2017-11-22 00:26:36 - [TEST_STEP][PASSED] - delay: Delayed 5 second(s)

2017-11-22 00:26:41 - [MESSAGE][PASSED] - Delayed 5 second(s)

2017-11-22 00:26:41 - [TEST_STEP][PASSED] - click: Object: 'Object Repository/Service/ServiceOrder/CreditCardSplitTender/SplitTender.LineOrderAmount1' is clicked on

2017-11-22 00:26:41 - [MESSAGE][PASSED] - Object: 'Object Repository/Service/ServiceOrder/CreditCardSplitTender/SplitTender.LineOrderAmount1' is clicked on

2017-11-22 00:26:41 - [TEST_STEP][PASSED] - delay: Delayed 3 second(s)

2017-11-22 00:26:44 - [MESSAGE][PASSED] - Delayed 3 second(s)

2017-11-22 00:26:44 - [TEST_STEP][PASSED] - setText: Text '1.00' is set on object 'Object Repository/Service/ServiceOrder/CreditCardSplitTender/SplitTender.LineOrderAmount1'

2017-11-22 00:26:45 - [MESSAGE][PASSED] - Text '1.00' is set on object 'Object Repository/Service/ServiceOrder/CreditCardSplitTender/SplitTender.LineOrderAmount1'

2017-11-22 00:26:45 - [TEST_STEP][PASSED] - delay: Delayed 2 second(s)

2017-11-22 00:26:47 - [MESSAGE][PASSED] - Delayed 2 second(s)

2017-11-22 00:26:47 - [TEST_STEP][PASSED] - comment: ***********************Line2 started***********************

2017-11-22 00:26:47 - [TEST_STEP][PASSED] - click: Object: 'Object Repository/Service/ServiceOrder/CreditCardSplitTender/SplitTender.NewButton' is clicked on

2017-11-22 00:26:47 - [MESSAGE][PASSED] - Object: 'Object Repository/Service/ServiceOrder/CreditCardSplitTender/SplitTender.NewButton' is clicked on

2017-11-22 00:26:47 - [TEST_STEP][PASSED] - delay: Delayed 2 second(s)

2017-11-22 00:26:49 - [MESSAGE][PASSED] - Delayed 2 second(s)

2017-11-22 00:26:49 - [TEST_STEP][PASSED] - doubleClick: Object: 'Object Repository/Service/ServiceOrder/CreditCardSplitTender/SplitTender.ModeofPayment1' is double clicked on

2017-11-22 00:26:49 - [MESSAGE][PASSED] - Object: 'Object Repository/Service/ServiceOrder/CreditCardSplitTender/SplitTender.ModeofPayment1' is double clicked on

2017-11-22 00:26:49 - [TEST_STEP][PASSED] - click: Object: 'Object Repository/Service/ServiceOrder/CreditCardSplitTender/SplitTender.ModeOfPaymentCreditCard2' is clicked on

2017-11-22 00:26:49 - [MESSAGE][PASSED] - Object: 'Object Repository/Service/ServiceOrder/CreditCardSplitTender/SplitTender.ModeOfPaymentCreditCard2' is clicked on

2017-11-22 00:26:49 - [TEST_STEP][PASSED] - delay: Delayed 3 second(s)

2017-11-22 00:26:52 - [MESSAGE][PASSED] - Delayed 3 second(s)

2017-11-22 00:26:52 - [TEST_STEP][PASSED] - click: Object: 'Object Repository/Service/ServiceOrder/CreditCardSplitTender/SplitTender.Line2CCNo' is clicked on

2017-11-22 00:26:52 - [MESSAGE][PASSED] - Object: 'Object Repository/Service/ServiceOrder/CreditCardSplitTender/SplitTender.Line2CCNo' is clicked on

2017-11-22 00:26:52 - [TEST_STEP][PASSED] - delay: Delayed 2 second(s)

2017-11-22 00:26:54 - [MESSAGE][PASSED] - Delayed 2 second(s)

2017-11-22 00:26:54 - [TEST_STEP][PASSED] - setText: Text '4111123400062020' is set on object 'Object Repository/Service/ServiceOrder/CreditCardSplitTender/SplitTender.Line2CCNo'

2017-11-22 00:26:55 - [MESSAGE][PASSED] - Text '4111123400062020' is set on object 'Object Repository/Service/ServiceOrder/CreditCardSplitTender/SplitTender.Line2CCNo'

2017-11-22 00:26:55 - [TEST_STEP][PASSED] - delay: Delayed 2 second(s)

2017-11-22 00:26:57 - [MESSAGE][PASSED] - Delayed 2 second(s)

2017-11-22 00:26:57 - [TEST_STEP][PASSED] - click: Object: 'Object Repository/Service/ServiceOrder/CreditCardSplitTender/SplitTender.Line2CVV' is clicked on

2017-11-22 00:26:57 - [MESSAGE][PASSED] - Object: 'Object Repository/Service/ServiceOrder/CreditCardSplitTender/SplitTender.Line2CVV' is clicked on

2017-11-22 00:26:57 - [TEST_STEP][PASSED] - delay: Delayed 3 second(s)

2017-11-22 00:27:00 - [MESSAGE][PASSED] - Delayed 3 second(s)

2017-11-22 00:27:00 - [TEST_STEP][PASSED] - setText: Text '865' is set on object 'Object Repository/Service/ServiceOrder/CreditCardSplitTender/SplitTender.Line2CVV'

2017-11-22 00:27:00 - [MESSAGE][PASSED] - Text '865' is set on object 'Object Repository/Service/ServiceOrder/CreditCardSplitTender/SplitTender.Line2CVV'

2017-11-22 00:27:00 - [TEST_STEP][PASSED] - delay: Delayed 3 second(s)

2017-11-22 00:27:03 - [MESSAGE][PASSED] - Delayed 3 second(s)

2017-11-22 00:27:03 - [TEST_STEP][PASSED] - click: Object: 'Object Repository/Service/ServiceOrder/CreditCardSplitTender/SplitTender.CardTypeLine2' is clicked on

2017-11-22 00:27:03 - [MESSAGE][PASSED] - Object: 'Object Repository/Service/ServiceOrder/CreditCardSplitTender/SplitTender.CardTypeLine2' is clicked on

2017-11-22 00:27:03 - [TEST_STEP][PASSED] - delay: Delayed 5 second(s)

2017-11-22 00:27:08 - [MESSAGE][PASSED] - Delayed 5 second(s)

2017-11-22 00:27:08 - [TEST_STEP][PASSED] - sendKeys: Keys 'Visa Card' sent to object: 'Object Repository/Service/ServiceOrder/CreditCardSplitTender/SplitTender.CardTypeLine2'

2017-11-22 00:27:08 - [MESSAGE][PASSED] - Keys 'Visa Card' sent to object: 'Object Repository/Service/ServiceOrder/CreditCardSplitTender/SplitTender.CardTypeLine2'

2017-11-22 00:27:08 - [TEST_STEP][PASSED] - delay: Delayed 5 second(s)

2017-11-22 00:27:14 - [MESSAGE][PASSED] - Delayed 5 second(s)

2017-11-22 00:27:14 - [TEST_STEP][PASSED] - click: Object: 'Object Repository/Service/ServiceOrder/CreditCardSplitTender/SplitTender.ExpiryMonthLine2' is clicked on

2017-11-22 00:27:14 - [MESSAGE][PASSED] - Object: 'Object Repository/Service/ServiceOrder/CreditCardSplitTender/SplitTender.ExpiryMonthLine2' is clicked on

2017-11-22 00:27:14 - [TEST_STEP][PASSED] - delay: Delayed 3 second(s)

2017-11-22 00:27:17 - [MESSAGE][PASSED] - Delayed 3 second(s)

2017-11-22 00:27:17 - [TEST_STEP][FAILED] - setText: Unable to set text '09' of object 'Object Repository/Service/ServiceOrder/CreditCardSplitTender/SplitTender.ExpiryMonthLine2' (Root cause: org.openqa.selenium.WebDriverException: Element must be user-editable in order to clear it.
Command duration or timeout: 31 milliseconds
Build info: version: '2.53.0', revision: '35ae25b', time: '2016-03-15 17:00:58'
System info: host: 'EET-RG', ip: '192.168.25.107', os.name: 'Windows 7', os.arch: 'amd64', os.version: '6.1', java.version: '1.8.0_102'
Driver info: com.kms.katalon.selenium.driver.CFirefoxDriver
Capabilities [{applicationCacheEnabled=true, rotatable=false, handlesAlerts=true, databaseEnabled=true, version=43.0.1, platform=WINDOWS, nativeEvents=false, acceptSslCerts=true, webStorageEnabled=true, locationContextEnabled=true, browserName=firefox, takesScreenshot=true, javascriptEnabled=true, cssSelectorsEnabled=true}]
Session ID: 296b8b88-f0cb-4da3-b357-91d3dc3531a8)

2017-11-22 00:27:17 - [MESSAGE][FAILED] - Unable to set text '09' of object 'Object Repository/Service/ServiceOrder/CreditCardSplitTender/SplitTender.ExpiryMonthLine2' (Root cause: org.openqa.selenium.WebDriverException: Element must be user-editable in order to clear it.
Command duration or timeout: 31 milliseconds
Build info: version: '2.53.0', revision: '35ae25b', time: '2016-03-15 17:00:58'
System info: host: 'EET-RG', ip: '192.168.25.107', os.name: 'Windows 7', os.arch: 'amd64', os.version: '6.1', java.version: '1.8.0_102'
Driver info: com.kms.katalon.selenium.driver.CFirefoxDriver
Capabilities [{applicationCacheEnabled=true, rotatable=false, handlesAlerts=true, databaseEnabled=true, version=43.0.1, platform=WINDOWS, nativeEvents=false, acceptSslCerts=true, webStorageEnabled=true, locationContextEnabled=true, browserName=firefox, takesScreenshot=true, javascriptEnabled=true, cssSelectorsEnabled=true}]
Session ID: 296b8b88-f0cb-4da3-b357-91d3dc3531a8)
[[ATTACHMENT|C:\\Users\\rgajbhiye\\git\\CreditCard\\Reports\\CC_ServiceSplitTendetTestSuite\\20171122_000057\\1511290637361.png]]

2017-11-22 00:27:17 - [TEST_STEP][PASSED] - delay: Delayed 2 second(s)

2017-11-22 00:27:19 - [MESSAGE][PASSED] - Delayed 2 second(s)

2017-11-22 00:27:19 - [TEST_STEP][FAILED] - click: Unable to click on object 'Object Repository/Service/ServiceOrder/CreditCardSplitTender/SplitTender.ExpiryYearLine2' (Root cause: org.openqa.selenium.WebDriverException: Element is not clickable at point (939.5, 426.5333251953125). Other element would receive the click: <div style="z-index: 1;" class="WindowManagerGlass"></div>
Command duration or timeout: 93 milliseconds
Build info: version: '2.53.0', revision: '35ae25b', time: '2016-03-15 17:00:58'
System info: host: 'EET-RG', ip: '192.168.25.107', os.name: 'Windows 7', os.arch: 'amd64', os.version: '6.1', java.version: '1.8.0_102'
Driver info: com.kms.katalon.selenium.driver.CFirefoxDriver
Capabilities [{applicationCacheEnabled=true, rotatable=false, handlesAlerts=true, databaseEnabled=true, version=43.0.1, platform=WINDOWS, nativeEvents=false, acceptSslCerts=true, webStorageEnabled=true, locationContextEnabled=true, browserName=firefox, takesScreenshot=true, javascriptEnabled=true, cssSelectorsEnabled=true}]
Session ID: 296b8b88-f0cb-4da3-b357-91d3dc3531a8)

2017-11-22 00:27:20 - [MESSAGE][FAILED] - Unable to click on object 'Object Repository/Service/ServiceOrder/CreditCardSplitTender/SplitTender.ExpiryYearLine2' (Root cause: org.openqa.selenium.WebDriverException: Element is not clickable at point (939.5, 426.5333251953125). Other element would receive the click: <div style="z-index: 1;" class="WindowManagerGlass"></div>
Command duration or timeout: 93 milliseconds
Build info: version: '2.53.0', revision: '35ae25b', time: '2016-03-15 17:00:58'
System info: host: 'EET-RG', ip: '192.168.25.107', os.name: 'Windows 7', os.arch: 'amd64', os.version: '6.1', java.version: '1.8.0_102'
Driver info: com.kms.katalon.selenium.driver.CFirefoxDriver
Capabilities [{applicationCacheEnabled=true, rotatable=false, handlesAlerts=true, databaseEnabled=true, version=43.0.1, platform=WINDOWS, nativeEvents=false, acceptSslCerts=true, webStorageEnabled=true, locationContextEnabled=true, browserName=firefox, takesScreenshot=true, javascriptEnabled=true, cssSelectorsEnabled=true}]
Session ID: 296b8b88-f0cb-4da3-b357-91d3dc3531a8)
[[ATTACHMENT|C:\\Users\\rgajbhiye\\git\\CreditCard\\Reports\\CC_ServiceSplitTendetTestSuite\\20171122_000057\\1511290639872.png]]

2017-11-22 00:27:20 - [TEST_STEP][PASSED] - delay: Delayed 2 second(s)

2017-11-22 00:27:22 - [MESSAGE][PASSED] - Delayed 2 second(s)

2017-11-22 00:27:22 - [TEST_STEP][FAILED] - setText: Unable to set text '99' of object 'Object Repository/Service/ServiceOrder/CreditCardSplitTender/SplitTender.ExpiryYearLine2' (Root cause: org.openqa.selenium.WebDriverException: Element must be user-editable in order to clear it.
Command duration or timeout: 32 milliseconds
Build info: version: '2.53.0', revision: '35ae25b', time: '2016-03-15 17:00:58'
System info: host: 'EET-RG', ip: '192.168.25.107', os.name: 'Windows 7', os.arch: 'amd64', os.version: '6.1', java.version: '1.8.0_102'
Driver info: com.kms.katalon.selenium.driver.CFirefoxDriver
Capabilities [{applicationCacheEnabled=true, rotatable=false, handlesAlerts=true, databaseEnabled=true, version=43.0.1, platform=WINDOWS, nativeEvents=false, acceptSslCerts=true, webStorageEnabled=true, locationContextEnabled=true, browserName=firefox, takesScreenshot=true, javascriptEnabled=true, cssSelectorsEnabled=true}]
Session ID: 296b8b88-f0cb-4da3-b357-91d3dc3531a8)

2017-11-22 00:27:22 - [MESSAGE][FAILED] - Unable to set text '99' of object 'Object Repository/Service/ServiceOrder/CreditCardSplitTender/SplitTender.ExpiryYearLine2' (Root cause: org.openqa.selenium.WebDriverException: Element must be user-editable in order to clear it.
Command duration or timeout: 32 milliseconds
Build info: version: '2.53.0', revision: '35ae25b', time: '2016-03-15 17:00:58'
System info: host: 'EET-RG', ip: '192.168.25.107', os.name: 'Windows 7', os.arch: 'amd64', os.version: '6.1', java.version: '1.8.0_102'
Driver info: com.kms.katalon.selenium.driver.CFirefoxDriver
Capabilities [{applicationCacheEnabled=true, rotatable=false, handlesAlerts=true, databaseEnabled=true, version=43.0.1, platform=WINDOWS, nativeEvents=false, acceptSslCerts=true, webStorageEnabled=true, locationContextEnabled=true, browserName=firefox, takesScreenshot=true, javascriptEnabled=true, cssSelectorsEnabled=true}]
Session ID: 296b8b88-f0cb-4da3-b357-91d3dc3531a8)
[[ATTACHMENT|C:\\Users\\rgajbhiye\\git\\CreditCard\\Reports\\CC_ServiceSplitTendetTestSuite\\20171122_000057\\1511290642275.png]]

2017-11-22 00:27:22 - [TEST_STEP][PASSED] - delay: Delayed 3 second(s)

2017-11-22 00:27:25 - [MESSAGE][PASSED] - Delayed 3 second(s)

2017-11-22 00:27:25 - [TEST_STEP][PASSED] - scrollToElement: Scroll to object 'Object Repository/Service/ServiceOrder/CreditCardSplitTender/SplitTender.LineOrderAmount2' successfully

2017-11-22 00:27:25 - [MESSAGE][PASSED] - Scroll to object 'Object Repository/Service/ServiceOrder/CreditCardSplitTender/SplitTender.LineOrderAmount2' successfully

2017-11-22 00:27:25 - [TEST_STEP][PASSED] - delay: Delayed 2 second(s)

2017-11-22 00:27:27 - [MESSAGE][PASSED] - Delayed 2 second(s)

2017-11-22 00:27:27 - [TEST_STEP][FAILED] - click: Unable to click on object 'Object Repository/Service/ServiceOrder/CreditCardSplitTender/SplitTender.LineOrderAmount2' (Root cause: org.openqa.selenium.WebDriverException: Element is not clickable at point (1281.5, 426.5333251953125). Other element would receive the click: <div style="z-index: 1;" class="WindowManagerGlass"></div>
Command duration or timeout: 109 milliseconds
Build info: version: '2.53.0', revision: '35ae25b', time: '2016-03-15 17:00:58'
System info: host: 'EET-RG', ip: '192.168.25.107', os.name: 'Windows 7', os.arch: 'amd64', os.version: '6.1', java.version: '1.8.0_102'
Driver info: com.kms.katalon.selenium.driver.CFirefoxDriver
Capabilities [{applicationCacheEnabled=true, rotatable=false, handlesAlerts=true, databaseEnabled=true, version=43.0.1, platform=WINDOWS, nativeEvents=false, acceptSslCerts=true, webStorageEnabled=true, locationContextEnabled=true, browserName=firefox, takesScreenshot=true, javascriptEnabled=true, cssSelectorsEnabled=true}]
Session ID: 296b8b88-f0cb-4da3-b357-91d3dc3531a8)

2017-11-22 00:27:28 - [MESSAGE][FAILED] - Unable to click on object 'Object Repository/Service/ServiceOrder/CreditCardSplitTender/SplitTender.LineOrderAmount2' (Root cause: org.openqa.selenium.WebDriverException: Element is not clickable at point (1281.5, 426.5333251953125). Other element would receive the click: <div style="z-index: 1;" class="WindowManagerGlass"></div>
Command duration or timeout: 109 milliseconds
Build info: version: '2.53.0', revision: '35ae25b', time: '2016-03-15 17:00:58'
System info: host: 'EET-RG', ip: '192.168.25.107', os.name: 'Windows 7', os.arch: 'amd64', os.version: '6.1', java.version: '1.8.0_102'
Driver info: com.kms.katalon.selenium.driver.CFirefoxDriver
Capabilities [{applicationCacheEnabled=true, rotatable=false, handlesAlerts=true, databaseEnabled=true, version=43.0.1, platform=WINDOWS, nativeEvents=false, acceptSslCerts=true, webStorageEnabled=true, locationContextEnabled=true, browserName=firefox, takesScreenshot=true, javascriptEnabled=true, cssSelectorsEnabled=true}]
Session ID: 296b8b88-f0cb-4da3-b357-91d3dc3531a8)
[[ATTACHMENT|C:\\Users\\rgajbhiye\\git\\CreditCard\\Reports\\CC_ServiceSplitTendetTestSuite\\20171122_000057\\1511290647906.png]]

2017-11-22 00:27:28 - [TEST_STEP][PASSED] - delay: Delayed 2 second(s)

2017-11-22 00:27:30 - [MESSAGE][PASSED] - Delayed 2 second(s)

2017-11-22 00:27:30 - [TEST_STEP][FAILED] - setText: Unable to set text '1.00' of object 'Object Repository/Service/ServiceOrder/CreditCardSplitTender/SplitTender.LineOrderAmount2' (Root cause: org.openqa.selenium.WebDriverException: Element must be user-editable in order to clear it.
Command duration or timeout: 31 milliseconds
Build info: version: '2.53.0', revision: '35ae25b', time: '2016-03-15 17:00:58'
System info: host: 'EET-RG', ip: '192.168.25.107', os.name: 'Windows 7', os.arch: 'amd64', os.version: '6.1', java.version: '1.8.0_102'
Driver info: com.kms.katalon.selenium.driver.CFirefoxDriver
Capabilities [{applicationCacheEnabled=true, rotatable=false, handlesAlerts=true, databaseEnabled=true, version=43.0.1, platform=WINDOWS, nativeEvents=false, acceptSslCerts=true, webStorageEnabled=true, locationContextEnabled=true, browserName=firefox, takesScreenshot=true, javascriptEnabled=true, cssSelectorsEnabled=true}]
Session ID: 296b8b88-f0cb-4da3-b357-91d3dc3531a8)

2017-11-22 00:27:30 - [MESSAGE][FAILED] - Unable to set text '1.00' of object 'Object Repository/Service/ServiceOrder/CreditCardSplitTender/SplitTender.LineOrderAmount2' (Root cause: org.openqa.selenium.WebDriverException: Element must be user-editable in order to clear it.
Command duration or timeout: 31 milliseconds
Build info: version: '2.53.0', revision: '35ae25b', time: '2016-03-15 17:00:58'
System info: host: 'EET-RG', ip: '192.168.25.107', os.name: 'Windows 7', os.arch: 'amd64', os.version: '6.1', java.version: '1.8.0_102'
Driver info: com.kms.katalon.selenium.driver.CFirefoxDriver
Capabilities [{applicationCacheEnabled=true, rotatable=false, handlesAlerts=true, databaseEnabled=true, version=43.0.1, platform=WINDOWS, nativeEvents=false, acceptSslCerts=true, webStorageEnabled=true, locationContextEnabled=true, browserName=firefox, takesScreenshot=true, javascriptEnabled=true, cssSelectorsEnabled=true}]
Session ID: 296b8b88-f0cb-4da3-b357-91d3dc3531a8)
[[ATTACHMENT|C:\\Users\\rgajbhiye\\git\\CreditCard\\Reports\\CC_ServiceSplitTendetTestSuite\\20171122_000057\\1511290650293.png]]

2017-11-22 00:27:30 - [TEST_STEP][PASSED] - delay: Delayed 2 second(s)

2017-11-22 00:27:32 - [MESSAGE][PASSED] - Delayed 2 second(s)

2017-11-22 00:27:32 - [TEST_STEP][PASSED] - comment: ***********************Line3 started***********************

2017-11-22 00:27:32 - [TEST_STEP][FAILED] - click: Unable to click on object 'Object Repository/Service/ServiceOrder/CreditCardSplitTender/SplitTender.NewButton' (Root cause: org.openqa.selenium.WebDriverException: Element is not clickable at point (158.5, 128). Other element would receive the click: <div style="z-index: 1;" class="WindowManagerGlass"></div>
Command duration or timeout: 109 milliseconds
Build info: version: '2.53.0', revision: '35ae25b', time: '2016-03-15 17:00:58'
System info: host: 'EET-RG', ip: '192.168.25.107', os.name: 'Windows 7', os.arch: 'amd64', os.version: '6.1', java.version: '1.8.0_102'
Driver info: com.kms.katalon.selenium.driver.CFirefoxDriver
Capabilities [{applicationCacheEnabled=true, rotatable=false, handlesAlerts=true, databaseEnabled=true, version=43.0.1, platform=WINDOWS, nativeEvents=false, acceptSslCerts=true, webStorageEnabled=true, locationContextEnabled=true, browserName=firefox, takesScreenshot=true, javascriptEnabled=true, cssSelectorsEnabled=true}]
Session ID: 296b8b88-f0cb-4da3-b357-91d3dc3531a8)

2017-11-22 00:27:33 - [MESSAGE][FAILED] - Unable to click on object 'Object Repository/Service/ServiceOrder/CreditCardSplitTender/SplitTender.NewButton' (Root cause: org.openqa.selenium.WebDriverException: Element is not clickable at point (158.5, 128). Other element would receive the click: <div style="z-index: 1;" class="WindowManagerGlass"></div>
Command duration or timeout: 109 milliseconds
Build info: version: '2.53.0', revision: '35ae25b', time: '2016-03-15 17:00:58'
System info: host: 'EET-RG', ip: '192.168.25.107', os.name: 'Windows 7', os.arch: 'amd64', os.version: '6.1', java.version: '1.8.0_102'
Driver info: com.kms.katalon.selenium.driver.CFirefoxDriver
Capabilities [{applicationCacheEnabled=true, rotatable=false, handlesAlerts=true, databaseEnabled=true, version=43.0.1, platform=WINDOWS, nativeEvents=false, acceptSslCerts=true, webStorageEnabled=true, locationContextEnabled=true, browserName=firefox, takesScreenshot=true, javascriptEnabled=true, cssSelectorsEnabled=true}]
Session ID: 296b8b88-f0cb-4da3-b357-91d3dc3531a8)
[[ATTACHMENT|C:\\Users\\rgajbhiye\\git\\CreditCard\\Reports\\CC_ServiceSplitTendetTestSuite\\20171122_000057\\1511290652758.png]]

2017-11-22 00:27:33 - [TEST_STEP][PASSED] - delay: Delayed 3 second(s)

2017-11-22 00:27:36 - [MESSAGE][PASSED] - Delayed 3 second(s)

2017-11-22 00:27:36 - [TEST_STEP][FAILED] - doubleClick: Unable to double click on object 'Object Repository/Service/ServiceOrder/CreditCardSplitTender/SplitTender.ModeofPayment2' (Root cause: com.kms.katalon.core.webui.exception.WebElementNotFoundException: Web element with id: 'Object Repository/Service/ServiceOrder/CreditCardSplitTender/SplitTender.ModeofPayment2' located by 'By.xpath: //*[@id = 'xiext8105m000-4-grid-1-xiext805.modp.rq-13-2-widget']' not found)

2017-11-22 00:28:09 - [MESSAGE][FAILED] - Unable to double click on object 'Object Repository/Service/ServiceOrder/CreditCardSplitTender/SplitTender.ModeofPayment2' (Root cause: com.kms.katalon.core.webui.exception.WebElementNotFoundException: Web element with id: 'Object Repository/Service/ServiceOrder/CreditCardSplitTender/SplitTender.ModeofPayment2' located by 'By.xpath: //*[@id = 'xiext8105m000-4-grid-1-xiext805.modp.rq-13-2-widget']' not found)
[[ATTACHMENT|C:\\Users\\rgajbhiye\\git\\CreditCard\\Reports\\CC_ServiceSplitTendetTestSuite\\20171122_000057\\1511290689169.png]]

2017-11-22 00:28:09 - [TEST_STEP][PASSED] - delay: Delayed 2 second(s)

2017-11-22 00:28:11 - [MESSAGE][PASSED] - Delayed 2 second(s)

2017-11-22 00:28:11 - [TEST_STEP][FAILED] - click: Unable to click on object 'Object Repository/Service/ServiceOrder/CreditCardSplitTender/SplitTender.ModeOfPaymentCash' (Root cause: com.kms.katalon.core.webui.exception.WebElementNotFoundException: Web element with id: 'Object Repository/Service/ServiceOrder/CreditCardSplitTender/SplitTender.ModeOfPaymentCash' located by 'By.xpath: //*[@id = 'item_1-label']' not found)

2017-11-22 00:28:44 - [MESSAGE][FAILED] - Unable to click on object 'Object Repository/Service/ServiceOrder/CreditCardSplitTender/SplitTender.ModeOfPaymentCash' (Root cause: com.kms.katalon.core.webui.exception.WebElementNotFoundException: Web element with id: 'Object Repository/Service/ServiceOrder/CreditCardSplitTender/SplitTender.ModeOfPaymentCash' located by 'By.xpath: //*[@id = 'item_1-label']' not found)
[[ATTACHMENT|C:\\Users\\rgajbhiye\\git\\CreditCard\\Reports\\CC_ServiceSplitTendetTestSuite\\20171122_000057\\1511290724581.png]]

2017-11-22 00:28:44 - [TEST_STEP][PASSED] - delay: Delayed 10 second(s)

2017-11-22 00:28:54 - [MESSAGE][PASSED] - Delayed 10 second(s)

2017-11-22 00:28:54 - [TEST_STEP][NOT_RUN] - scrollToElement: NOT_RUN: scrollToElement

2017-11-22 00:28:54 - [MESSAGE][NOT_RUN] - NOT_RUN: scrollToElement

2017-11-22 00:28:54 - [TEST_STEP][FAILED] - click: Unable to click on object 'Object Repository/Service/ServiceOrder/CreditCardSplitTender/SplitTender.LineOrderAmount3' (Root cause: com.kms.katalon.core.webui.exception.WebElementNotFoundException: Web element with id: 'Object Repository/Service/ServiceOrder/CreditCardSplitTender/SplitTender.LineOrderAmount3' located by 'By.xpath: //*[@id = 'xiext8105m000-4-grid-1-xiext805.oamt.rq-28-2-widget']' not found)

2017-11-22 00:29:28 - [MESSAGE][FAILED] - Unable to click on object 'Object Repository/Service/ServiceOrder/CreditCardSplitTender/SplitTender.LineOrderAmount3' (Root cause: com.kms.katalon.core.webui.exception.WebElementNotFoundException: Web element with id: 'Object Repository/Service/ServiceOrder/CreditCardSplitTender/SplitTender.LineOrderAmount3' located by 'By.xpath: //*[@id = 'xiext8105m000-4-grid-1-xiext805.oamt.rq-28-2-widget']' not found)
[[ATTACHMENT|C:\\Users\\rgajbhiye\\git\\CreditCard\\Reports\\CC_ServiceSplitTendetTestSuite\\20171122_000057\\1511290767731.png]]

2017-11-22 00:29:28 - [TEST_STEP][PASSED] - delay: Delayed 2 second(s)

2017-11-22 00:29:30 - [MESSAGE][PASSED] - Delayed 2 second(s)

2017-11-22 00:29:30 - [TEST_STEP][FAILED] - setText: Unable to set text '12.0' of object 'Object Repository/Service/ServiceOrder/CreditCardSplitTender/SplitTender.LineOrderAmount3' (Root cause: com.kms.katalon.core.webui.exception.WebElementNotFoundException: Web element with id: 'Object Repository/Service/ServiceOrder/CreditCardSplitTender/SplitTender.LineOrderAmount3' located by 'By.xpath: //*[@id = 'xiext8105m000-4-grid-1-xiext805.oamt.rq-28-2-widget']' not found)

2017-11-22 00:30:03 - [MESSAGE][FAILED] - Unable to set text '12.0' of object 'Object Repository/Service/ServiceOrder/CreditCardSplitTender/SplitTender.LineOrderAmount3' (Root cause: com.kms.katalon.core.webui.exception.WebElementNotFoundException: Web element with id: 'Object Repository/Service/ServiceOrder/CreditCardSplitTender/SplitTender.LineOrderAmount3' located by 'By.xpath: //*[@id = 'xiext8105m000-4-grid-1-xiext805.oamt.rq-28-2-widget']' not found)
[[ATTACHMENT|C:\\Users\\rgajbhiye\\git\\CreditCard\\Reports\\CC_ServiceSplitTendetTestSuite\\20171122_000057\\1511290803018.png]]

2017-11-22 00:30:03 - [TEST_STEP][PASSED] - delay: Delayed 2 second(s)

2017-11-22 00:30:05 - [MESSAGE][PASSED] - Delayed 2 second(s)

2017-11-22 00:30:05 - [TEST_STEP][FAILED] - click: Unable to click on object 'Object Repository/Service/ServiceOrder/CreditCardSplitTender/SplitTender.Save' (Root cause: org.openqa.selenium.WebDriverException: Element is not clickable at point (100.5, 128). Other element would receive the click: <div style="z-index: 1;" class="WindowManagerGlass"></div>
Command duration or timeout: 78 milliseconds
Build info: version: '2.53.0', revision: '35ae25b', time: '2016-03-15 17:00:58'
System info: host: 'EET-RG', ip: '192.168.25.107', os.name: 'Windows 7', os.arch: 'amd64', os.version: '6.1', java.version: '1.8.0_102'
Driver info: com.kms.katalon.selenium.driver.CFirefoxDriver
Capabilities [{applicationCacheEnabled=true, rotatable=false, handlesAlerts=true, databaseEnabled=true, version=43.0.1, platform=WINDOWS, nativeEvents=false, acceptSslCerts=true, webStorageEnabled=true, locationContextEnabled=true, browserName=firefox, takesScreenshot=true, javascriptEnabled=true, cssSelectorsEnabled=true}]
Session ID: 296b8b88-f0cb-4da3-b357-91d3dc3531a8)

2017-11-22 00:30:05 - [MESSAGE][FAILED] - Unable to click on object 'Object Repository/Service/ServiceOrder/CreditCardSplitTender/SplitTender.Save' (Root cause: org.openqa.selenium.WebDriverException: Element is not clickable at point (100.5, 128). Other element would receive the click: <div style="z-index: 1;" class="WindowManagerGlass"></div>
Command duration or timeout: 78 milliseconds
Build info: version: '2.53.0', revision: '35ae25b', time: '2016-03-15 17:00:58'
System info: host: 'EET-RG', ip: '192.168.25.107', os.name: 'Windows 7', os.arch: 'amd64', os.version: '6.1', java.version: '1.8.0_102'
Driver info: com.kms.katalon.selenium.driver.CFirefoxDriver
Capabilities [{applicationCacheEnabled=true, rotatable=false, handlesAlerts=true, databaseEnabled=true, version=43.0.1, platform=WINDOWS, nativeEvents=false, acceptSslCerts=true, webStorageEnabled=true, locationContextEnabled=true, browserName=firefox, takesScreenshot=true, javascriptEnabled=true, cssSelectorsEnabled=true}]
Session ID: 296b8b88-f0cb-4da3-b357-91d3dc3531a8)
[[ATTACHMENT|C:\\Users\\rgajbhiye\\git\\CreditCard\\Reports\\CC_ServiceSplitTendetTestSuite\\20171122_000057\\1511290805483.png]]

2017-11-22 00:30:05 - [TEST_STEP][PASSED] - delay: Delayed 3 second(s)

2017-11-22 00:30:08 - [MESSAGE][PASSED] - Delayed 3 second(s)

2017-11-22 00:30:08 - [TEST_STEP][FAILED] - click: Unable to click on object 'Object Repository/Service/ServiceOrder/CreditCardSplitTender/SplitTender.Action' (Root cause: org.openqa.selenium.WebDriverException: Element is not clickable at point (793.5, 128.01666259765625). Other element would receive the click: <div style="z-index: 1;" class="WindowManagerGlass"></div>
Command duration or timeout: 109 milliseconds
Build info: version: '2.53.0', revision: '35ae25b', time: '2016-03-15 17:00:58'
System info: host: 'EET-RG', ip: '192.168.25.107', os.name: 'Windows 7', os.arch: 'amd64', os.version: '6.1', java.version: '1.8.0_102'
Driver info: com.kms.katalon.selenium.driver.CFirefoxDriver
Capabilities [{applicationCacheEnabled=true, rotatable=false, handlesAlerts=true, databaseEnabled=true, version=43.0.1, platform=WINDOWS, nativeEvents=false, acceptSslCerts=true, webStorageEnabled=true, locationContextEnabled=true, browserName=firefox, takesScreenshot=true, javascriptEnabled=true, cssSelectorsEnabled=true}]
Session ID: 296b8b88-f0cb-4da3-b357-91d3dc3531a8)

2017-11-22 00:30:09 - [MESSAGE][FAILED] - Unable to click on object 'Object Repository/Service/ServiceOrder/CreditCardSplitTender/SplitTender.Action' (Root cause: org.openqa.selenium.WebDriverException: Element is not clickable at point (793.5, 128.01666259765625). Other element would receive the click: <div style="z-index: 1;" class="WindowManagerGlass"></div>
Command duration or timeout: 109 milliseconds
Build info: version: '2.53.0', revision: '35ae25b', time: '2016-03-15 17:00:58'
System info: host: 'EET-RG', ip: '192.168.25.107', os.name: 'Windows 7', os.arch: 'amd64', os.version: '6.1', java.version: '1.8.0_102'
Driver info: com.kms.katalon.selenium.driver.CFirefoxDriver
Capabilities [{applicationCacheEnabled=true, rotatable=false, handlesAlerts=true, databaseEnabled=true, version=43.0.1, platform=WINDOWS, nativeEvents=false, acceptSslCerts=true, webStorageEnabled=true, locationContextEnabled=true, browserName=firefox, takesScreenshot=true, javascriptEnabled=true, cssSelectorsEnabled=true}]
Session ID: 296b8b88-f0cb-4da3-b357-91d3dc3531a8)
[[ATTACHMENT|C:\\Users\\rgajbhiye\\git\\CreditCard\\Reports\\CC_ServiceSplitTendetTestSuite\\20171122_000057\\1511290808962.png]]

2017-11-22 00:30:09 - [TEST_STEP][PASSED] - delay: Delayed 2 second(s)

2017-11-22 00:30:11 - [MESSAGE][PASSED] - Delayed 2 second(s)

2017-11-22 00:30:11 - [TEST_STEP][FAILED] - click: Unable to click on object 'Object Repository/Service/ServiceOrder/CreditCardSplitTender/SplitTender.ApplyTax' (Root cause: com.kms.katalon.core.webui.exception.WebElementNotFoundException: Web element with id: 'Object Repository/Service/ServiceOrder/CreditCardSplitTender/SplitTender.ApplyTax' located by 'By.xpath: //*[@id = 'xiext8105m000-4-menu-std:action-form-apply.tax']' not found)

2017-11-22 00:30:44 - [MESSAGE][FAILED] - Unable to click on object 'Object Repository/Service/ServiceOrder/CreditCardSplitTender/SplitTender.ApplyTax' (Root cause: com.kms.katalon.core.webui.exception.WebElementNotFoundException: Web element with id: 'Object Repository/Service/ServiceOrder/CreditCardSplitTender/SplitTender.ApplyTax' located by 'By.xpath: //*[@id = 'xiext8105m000-4-menu-std:action-form-apply.tax']' not found)
[[ATTACHMENT|C:\\Users\\rgajbhiye\\git\\CreditCard\\Reports\\CC_ServiceSplitTendetTestSuite\\20171122_000057\\1511290844046.png]]

2017-11-22 00:30:44 - [TEST_STEP][PASSED] - delay: Delayed 2 second(s)

2017-11-22 00:30:46 - [MESSAGE][PASSED] - Delayed 2 second(s)

2017-11-22 00:30:46 - [TEST_STEP][PASSED] - Statement - G_SplitInvoiceAmt1 = com.kms.katalon.core.webui.keyword.WebUiBuiltInKeywords.getText(com.kms.katalon.core.testobject.ObjectRepository.findTestObject(Service/ServiceOrder/CreditCardSplitTender/SplitTender.InvoiceAmt1)): Text of object 'Object Repository/Service/ServiceOrder/CreditCardSplitTender/SplitTender.InvoiceAmt1' is: '1.00'

2017-11-22 00:30:46 - [MESSAGE][PASSED] - Text of object 'Object Repository/Service/ServiceOrder/CreditCardSplitTender/SplitTender.InvoiceAmt1' is: '1.00'

2017-11-22 00:30:46 - [TEST_STEP][PASSED] - Statement - G_SplitInvoiceAmt2 = com.kms.katalon.core.webui.keyword.WebUiBuiltInKeywords.getText(com.kms.katalon.core.testobject.ObjectRepository.findTestObject(Service/ServiceOrder/CreditCardSplitTender/SplitTender.InvoiceAmt2)): Text of object 'Object Repository/Service/ServiceOrder/CreditCardSplitTender/SplitTender.InvoiceAmt2' is: '0.00'

2017-11-22 00:30:46 - [MESSAGE][PASSED] - Text of object 'Object Repository/Service/ServiceOrder/CreditCardSplitTender/SplitTender.InvoiceAmt2' is: '0.00'

2017-11-22 00:30:46 - [TEST_STEP][FAILED] - click: Unable to click on object 'Object Repository/Service/ServiceOrder/CreditCardSplitTender/SplitTender.SaveClose' (Root cause: org.openqa.selenium.WebDriverException: Element is not clickable at point (71.5, 128). Other element would receive the click: <div style="z-index: 1;" class="WindowManagerGlass"></div>
Command duration or timeout: 78 milliseconds
Build info: version: '2.53.0', revision: '35ae25b', time: '2016-03-15 17:00:58'
System info: host: 'EET-RG', ip: '192.168.25.107', os.name: 'Windows 7', os.arch: 'amd64', os.version: '6.1', java.version: '1.8.0_102'
Driver info: com.kms.katalon.selenium.driver.CFirefoxDriver
Capabilities [{applicationCacheEnabled=true, rotatable=false, handlesAlerts=true, databaseEnabled=true, version=43.0.1, platform=WINDOWS, nativeEvents=false, acceptSslCerts=true, webStorageEnabled=true, locationContextEnabled=true, browserName=firefox, takesScreenshot=true, javascriptEnabled=true, cssSelectorsEnabled=true}]
Session ID: 296b8b88-f0cb-4da3-b357-91d3dc3531a8)

2017-11-22 00:30:47 - [MESSAGE][FAILED] - Unable to click on object 'Object Repository/Service/ServiceOrder/CreditCardSplitTender/SplitTender.SaveClose' (Root cause: org.openqa.selenium.WebDriverException: Element is not clickable at point (71.5, 128). Other element would receive the click: <div style="z-index: 1;" class="WindowManagerGlass"></div>
Command duration or timeout: 78 milliseconds
Build info: version: '2.53.0', revision: '35ae25b', time: '2016-03-15 17:00:58'
System info: host: 'EET-RG', ip: '192.168.25.107', os.name: 'Windows 7', os.arch: 'amd64', os.version: '6.1', java.version: '1.8.0_102'
Driver info: com.kms.katalon.selenium.driver.CFirefoxDriver
Capabilities [{applicationCacheEnabled=true, rotatable=false, handlesAlerts=true, databaseEnabled=true, version=43.0.1, platform=WINDOWS, nativeEvents=false, acceptSslCerts=true, webStorageEnabled=true, locationContextEnabled=true, browserName=firefox, takesScreenshot=true, javascriptEnabled=true, cssSelectorsEnabled=true}]
Session ID: 296b8b88-f0cb-4da3-b357-91d3dc3531a8)
[[ATTACHMENT|C:\\Users\\rgajbhiye\\git\\CreditCard\\Reports\\CC_ServiceSplitTendetTestSuite\\20171122_000057\\1511290846636.png]]

2017-11-22 00:30:47 - [TEST_STEP][PASSED] - delay: Delayed 2 second(s)

2017-11-22 00:30:49 - [MESSAGE][PASSED] - Delayed 2 second(s)

2017-11-22 00:30:49 - [TEST_STEP][FAILED] - click: Unable to click on object 'Object Repository/Service/ServiceOrder/ServiceCreditCard/ServiceCreditCard.Process' (Root cause: org.openqa.selenium.WebDriverException: Element is not clickable at point (212, 123). Other element would receive the click: <div style="z-index: 1;" class="WindowManagerGlass"></div>
Command duration or timeout: 78 milliseconds
Build info: version: '2.53.0', revision: '35ae25b', time: '2016-03-15 17:00:58'
System info: host: 'EET-RG', ip: '192.168.25.107', os.name: 'Windows 7', os.arch: 'amd64', os.version: '6.1', java.version: '1.8.0_102'
Driver info: com.kms.katalon.selenium.driver.CFirefoxDriver
Capabilities [{applicationCacheEnabled=true, rotatable=false, handlesAlerts=true, databaseEnabled=true, version=43.0.1, platform=WINDOWS, nativeEvents=false, acceptSslCerts=true, webStorageEnabled=true, locationContextEnabled=true, browserName=firefox, takesScreenshot=true, javascriptEnabled=true, cssSelectorsEnabled=true}]
Session ID: 296b8b88-f0cb-4da3-b357-91d3dc3531a8)

2017-11-22 00:30:49 - [MESSAGE][FAILED] - Unable to click on object 'Object Repository/Service/ServiceOrder/ServiceCreditCard/ServiceCreditCard.Process' (Root cause: org.openqa.selenium.WebDriverException: Element is not clickable at point (212, 123). Other element would receive the click: <div style="z-index: 1;" class="WindowManagerGlass"></div>
Command duration or timeout: 78 milliseconds
Build info: version: '2.53.0', revision: '35ae25b', time: '2016-03-15 17:00:58'
System info: host: 'EET-RG', ip: '192.168.25.107', os.name: 'Windows 7', os.arch: 'amd64', os.version: '6.1', java.version: '1.8.0_102'
Driver info: com.kms.katalon.selenium.driver.CFirefoxDriver
Capabilities [{applicationCacheEnabled=true, rotatable=false, handlesAlerts=true, databaseEnabled=true, version=43.0.1, platform=WINDOWS, nativeEvents=false, acceptSslCerts=true, webStorageEnabled=true, locationContextEnabled=true, browserName=firefox, takesScreenshot=true, javascriptEnabled=true, cssSelectorsEnabled=true}]
Session ID: 296b8b88-f0cb-4da3-b357-91d3dc3531a8)
[[ATTACHMENT|C:\\Users\\rgajbhiye\\git\\CreditCard\\Reports\\CC_ServiceSplitTendetTestSuite\\20171122_000057\\1511290849148.png]]

2017-11-22 00:30:49 - [TEST_STEP][PASSED] - delay: Delayed 13 second(s)

2017-11-22 00:31:02 - [MESSAGE][PASSED] - Delayed 13 second(s)

2017-11-22 00:31:02 - [TEST_STEP][FAILED] - click: Unable to click on object 'Object Repository/Service/ServiceOrder/CreditCardSplitTender/SplitTender.PrintOK' (Root cause: com.kms.katalon.core.webui.exception.WebElementNotFoundException: Web element with id: 'Object Repository/Service/ServiceOrder/CreditCardSplitTender/SplitTender.PrintOK' located by 'By.xpath: //*[@id = 'tsext4100m300-5-button-std-file.save_and_close']' not found)

2017-11-22 00:31:35 - [MESSAGE][FAILED] - Unable to click on object 'Object Repository/Service/ServiceOrder/CreditCardSplitTender/SplitTender.PrintOK' (Root cause: com.kms.katalon.core.webui.exception.WebElementNotFoundException: Web element with id: 'Object Repository/Service/ServiceOrder/CreditCardSplitTender/SplitTender.PrintOK' located by 'By.xpath: //*[@id = 'tsext4100m300-5-button-std-file.save_and_close']' not found)
[[ATTACHMENT|C:\\Users\\rgajbhiye\\git\\CreditCard\\Reports\\CC_ServiceSplitTendetTestSuite\\20171122_000057\\1511290895293.png]]

2017-11-22 00:31:35 - [TEST_STEP][PASSED] - delay: Delayed 10 second(s)

2017-11-22 00:31:45 - [MESSAGE][PASSED] - Delayed 10 second(s)

2017-11-22 00:31:45 - [TEST_STEP][FAILED] - click: Unable to click on object 'Object Repository/Service/ServiceOrder/CreditCardSplitTender/SplitTender.PrintDevice' (Root cause: com.kms.katalon.core.webui.exception.WebElementNotFoundException: Web element with id: 'Object Repository/Service/ServiceOrder/CreditCardSplitTender/SplitTender.PrintDevice' located by 'By.xpath: //*[@id = 'ttstpsplopen-6-button-form-exec.cont.process']' not found)

2017-11-22 00:32:18 - [MESSAGE][FAILED] - Unable to click on object 'Object Repository/Service/ServiceOrder/CreditCardSplitTender/SplitTender.PrintDevice' (Root cause: com.kms.katalon.core.webui.exception.WebElementNotFoundException: Web element with id: 'Object Repository/Service/ServiceOrder/CreditCardSplitTender/SplitTender.PrintDevice' located by 'By.xpath: //*[@id = 'ttstpsplopen-6-button-form-exec.cont.process']' not found)
[[ATTACHMENT|C:\\Users\\rgajbhiye\\git\\CreditCard\\Reports\\CC_ServiceSplitTendetTestSuite\\20171122_000057\\1511290938505.png]]

2017-11-22 00:32:18 - [TEST_STEP][PASSED] - delay: Delayed 5 second(s)

2017-11-22 00:32:23 - [MESSAGE][PASSED] - Delayed 5 second(s)

2017-11-22 00:32:23 - [MESSAGE][FAILED] - Unable to call Test Case with id 'Test Cases/Service/BaseTestCases/Base_Service_HeaderInvoice_SplitTender' (Root cause: Call Test Case 'Test Cases/Service/BaseTestCases/Base_Service_HeaderInvoice_SplitTender' failed)

2017-11-22 00:32:23 - [TEST_STEP][FAILED] - callTestCase: Unable to call Test Case with id 'Test Cases/Service/BaseTestCases/Base_Service_GetInvoice_SplitTender' (Root cause: Call Test Case 'Test Cases/Service/BaseTestCases/Base_Service_GetInvoice_SplitTender' failed)

2017-11-22 00:32:23 - [TEST_CASE][FAILED] - Test Cases/Service/BaseTestCases/Base_Service_GetInvoice_SplitTender: Test Cases/Service/BaseTestCases/Base_Service_GetInvoice_SplitTender FAILED because (of) Unable to click on object 'Object Repository/Service/ServiceOrder/VerifyServiceOrderInvoice_SplitTender/ServiceOrderHeader.InvoiceButton' (Root cause: org.openqa.selenium.WebDriverException: Element is not clickable at point (1226, 191). Other element would receive the click: <div style="z-index: 1;" class="WindowManagerGlass"></div>
Command duration or timeout: 78 milliseconds
Build info: version: '2.53.0', revision: '35ae25b', time: '2016-03-15 17:00:58'
System info: host: 'EET-RG', ip: '192.168.25.107', os.name: 'Windows 7', os.arch: 'amd64', os.version: '6.1', java.version: '1.8.0_102'
Driver info: com.kms.katalon.selenium.driver.CFirefoxDriver
Capabilities [{applicationCacheEnabled=true, rotatable=false, handlesAlerts=true, databaseEnabled=true, version=43.0.1, platform=WINDOWS, nativeEvents=false, acceptSslCerts=true, webStorageEnabled=true, locationContextEnabled=true, browserName=firefox, takesScreenshot=true, javascriptEnabled=true, cssSelectorsEnabled=true}]
Session ID: 296b8b88-f0cb-4da3-b357-91d3dc3531a8)

2017-11-22 00:32:23 - [TEST_STEP][PASSED] - delay: Delayed 3 second(s)

2017-11-22 00:32:26 - [MESSAGE][PASSED] - Delayed 3 second(s)

2017-11-22 00:32:26 - [TEST_STEP][PASSED] - click: Object: 'Object Repository/Service/ServiceOrder/VerifyServiceOrderInvoice_SplitTender/ServiceorderHeader.HeaderSession' is clicked on

2017-11-22 00:32:27 - [MESSAGE][PASSED] - Object: 'Object Repository/Service/ServiceOrder/VerifyServiceOrderInvoice_SplitTender/ServiceorderHeader.HeaderSession' is clicked on

2017-11-22 00:32:27 - [TEST_STEP][FAILED] - click: Unable to click on object 'Object Repository/Service/ServiceOrder/VerifyServiceOrderInvoice_SplitTender/ServiceOrderHeader.InvoiceButton' (Root cause: org.openqa.selenium.WebDriverException: Element is not clickable at point (1226, 191). Other element would receive the click: <div style="z-index: 1;" class="WindowManagerGlass"></div>
Command duration or timeout: 78 milliseconds
Build info: version: '2.53.0', revision: '35ae25b', time: '2016-03-15 17:00:58'
System info: host: 'EET-RG', ip: '192.168.25.107', os.name: 'Windows 7', os.arch: 'amd64', os.version: '6.1', java.version: '1.8.0_102'
Driver info: com.kms.katalon.selenium.driver.CFirefoxDriver
Capabilities [{applicationCacheEnabled=true, rotatable=false, handlesAlerts=true, databaseEnabled=true, version=43.0.1, platform=WINDOWS, nativeEvents=false, acceptSslCerts=true, webStorageEnabled=true, locationContextEnabled=true, browserName=firefox, takesScreenshot=true, javascriptEnabled=true, cssSelectorsEnabled=true}]
Session ID: 296b8b88-f0cb-4da3-b357-91d3dc3531a8)

2017-11-22 00:32:27 - [MESSAGE][FAILED] - Unable to click on object 'Object Repository/Service/ServiceOrder/VerifyServiceOrderInvoice_SplitTender/ServiceOrderHeader.InvoiceButton' (Root cause: org.openqa.selenium.WebDriverException: Element is not clickable at point (1226, 191). Other element would receive the click: <div style="z-index: 1;" class="WindowManagerGlass"></div>
Command duration or timeout: 78 milliseconds
Build info: version: '2.53.0', revision: '35ae25b', time: '2016-03-15 17:00:58'
System info: host: 'EET-RG', ip: '192.168.25.107', os.name: 'Windows 7', os.arch: 'amd64', os.version: '6.1', java.version: '1.8.0_102'
Driver info: com.kms.katalon.selenium.driver.CFirefoxDriver
Capabilities [{applicationCacheEnabled=true, rotatable=false, handlesAlerts=true, databaseEnabled=true, version=43.0.1, platform=WINDOWS, nativeEvents=false, acceptSslCerts=true, webStorageEnabled=true, locationContextEnabled=true, browserName=firefox, takesScreenshot=true, javascriptEnabled=true, cssSelectorsEnabled=true}]
Session ID: 296b8b88-f0cb-4da3-b357-91d3dc3531a8)
[[ATTACHMENT|C:\\Users\\rgajbhiye\\git\\CreditCard\\Reports\\CC_ServiceSplitTendetTestSuite\\20171122_000057\\1511290947194.png]]

2017-11-22 00:32:27 - [TEST_STEP][PASSED] - delay: Delayed 3 second(s)

2017-11-22 00:32:30 - [MESSAGE][PASSED] - Delayed 3 second(s)

2017-11-22 00:32:30 - [TEST_STEP][FAILED] - Statement - G_InvoiceTnxType = com.kms.katalon.core.webui.keyword.WebUiBuiltInKeywords.getText(com.kms.katalon.core.testobject.ObjectRepository.findTestObject(Service/ServiceOrder/VerifyServiceOrderInvoice_SplitTender/ServiceOrderHeader.Invoice1)): Unable to get text of object 'Object Repository/Service/ServiceOrder/VerifyServiceOrderInvoice_SplitTender/ServiceOrderHeader.Invoice1' (Root cause: com.kms.katalon.core.webui.exception.WebElementNotFoundException: Web element with id: 'Object Repository/Service/ServiceOrder/VerifyServiceOrderInvoice_SplitTender/ServiceOrderHeader.Invoice1' located by 'By.xpath: //*[@id = 'cisli2555m001-8-grid-1-cisli255.ityp-2-0-widget']' not found)

2017-11-22 00:33:03 - [MESSAGE][FAILED] - Unable to get text of object 'Object Repository/Service/ServiceOrder/VerifyServiceOrderInvoice_SplitTender/ServiceOrderHeader.Invoice1' (Root cause: com.kms.katalon.core.webui.exception.WebElementNotFoundException: Web element with id: 'Object Repository/Service/ServiceOrder/VerifyServiceOrderInvoice_SplitTender/ServiceOrderHeader.Invoice1' located by 'By.xpath: //*[@id = 'cisli2555m001-8-grid-1-cisli255.ityp-2-0-widget']' not found)
[[ATTACHMENT|C:\\Users\\rgajbhiye\\git\\CreditCard\\Reports\\CC_ServiceSplitTendetTestSuite\\20171122_000057\\1511290983277.png]]

2017-11-22 00:33:03 - [TEST_STEP][PASSED] - delay: Delayed 3 second(s)

2017-11-22 00:33:06 - [MESSAGE][PASSED] - Delayed 3 second(s)

2017-11-22 00:33:06 - [TEST_STEP][FAILED] - Statement - G_InvoiceTnxNo = com.kms.katalon.core.webui.keyword.WebUiBuiltInKeywords.getText(com.kms.katalon.core.testobject.ObjectRepository.findTestObject(Service/ServiceOrder/VerifyServiceOrderInvoice_SplitTender/ServiceOrderHeader.Invoice2)): Unable to get text of object 'Object Repository/Service/ServiceOrder/VerifyServiceOrderInvoice_SplitTender/ServiceOrderHeader.Invoice2' (Root cause: com.kms.katalon.core.webui.exception.WebElementNotFoundException: Web element with id: 'Object Repository/Service/ServiceOrder/VerifyServiceOrderInvoice_SplitTender/ServiceOrderHeader.Invoice2' located by 'By.xpath: //*[@id = 'cisli2555m001-8-grid-1-cisli255.idoc-3-0-widget']' not found)

2017-11-22 00:33:40 - [MESSAGE][FAILED] - Unable to get text of object 'Object Repository/Service/ServiceOrder/VerifyServiceOrderInvoice_SplitTender/ServiceOrderHeader.Invoice2' (Root cause: com.kms.katalon.core.webui.exception.WebElementNotFoundException: Web element with id: 'Object Repository/Service/ServiceOrder/VerifyServiceOrderInvoice_SplitTender/ServiceOrderHeader.Invoice2' located by 'By.xpath: //*[@id = 'cisli2555m001-8-grid-1-cisli255.idoc-3-0-widget']' not found)
[[ATTACHMENT|C:\\Users\\rgajbhiye\\git\\CreditCard\\Reports\\CC_ServiceSplitTendetTestSuite\\20171122_000057\\1511291019625.png]]

2017-11-22 00:33:40 - [TEST_STEP][FAILED] - Statement - G_InvoiceAmt = com.kms.katalon.core.webui.keyword.WebUiBuiltInKeywords.getText(com.kms.katalon.core.testobject.ObjectRepository.findTestObject(Service/ServiceOrder/VerifyServiceOrderInvoice_SplitTender/ServiceOrderHeader.InvoiceAmountHD)): Unable to get text of object 'Object Repository/Service/ServiceOrder/VerifyServiceOrderInvoice_SplitTender/ServiceOrderHeader.InvoiceAmountHD' (Root cause: com.kms.katalon.core.webui.exception.WebElementNotFoundException: Web element with id: 'Object Repository/Service/ServiceOrder/VerifyServiceOrderInvoice_SplitTender/ServiceOrderHeader.InvoiceAmountHD' located by 'By.xpath: //*[@id = 'cisli2555m001-8-grid-1-form.amnt-10-0']' not found)

2017-11-22 00:34:13 - [MESSAGE][FAILED] - Unable to get text of object 'Object Repository/Service/ServiceOrder/VerifyServiceOrderInvoice_SplitTender/ServiceOrderHeader.InvoiceAmountHD' (Root cause: com.kms.katalon.core.webui.exception.WebElementNotFoundException: Web element with id: 'Object Repository/Service/ServiceOrder/VerifyServiceOrderInvoice_SplitTender/ServiceOrderHeader.InvoiceAmountHD' located by 'By.xpath: //*[@id = 'cisli2555m001-8-grid-1-form.amnt-10-0']' not found)
[[ATTACHMENT|C:\\Users\\rgajbhiye\\git\\CreditCard\\Reports\\CC_ServiceSplitTendetTestSuite\\20171122_000057\\1511291052869.png]]

2017-11-22 00:34:13 - [MESSAGE][FAILED] - Unable to call Test Case with id 'Test Cases/Service/BaseTestCases/Base_Service_GetInvoice_SplitTender' (Root cause: Call Test Case 'Test Cases/Service/BaseTestCases/Base_Service_GetInvoice_SplitTender' failed)

2017-11-22 00:34:13 - [TEST_STEP][FAILED] - callTestCase: Unable to call Test Case with id 'Test Cases/Finance/BaseTestCases/Base_Finance_CheckOpenEntriesForCCSplitPayments' (Root cause: Call Test Case 'Test Cases/Finance/BaseTestCases/Base_Finance_CheckOpenEntriesForCCSplitPayments' failed)

2017-11-22 00:34:13 - [TEST_CASE][FAILED] - Test Cases/Finance/BaseTestCases/Base_Finance_CheckOpenEntriesForCCSplitPayments: Test Cases/Finance/BaseTestCases/Base_Finance_CheckOpenEntriesForCCSplitPayments FAILED because (of) Unable to set text 'null' of object 'Object Repository/Finance/BaseTestCases_OpenEntries_Service/OpenEntries_DocumentType' (Root cause: java.lang.IllegalArgumentException: Text is null)

2017-11-22 00:34:13 - [TEST_STEP][PASSED] - callTestCase: Call Test Case 'Test Cases/Common/Base_Common_OpenSession' successfully

2017-11-22 00:34:13 - [TEST_CASE][PASSED] - Test Cases/Common/Base_Common_OpenSession: Test Cases/Common/Base_Common_OpenSession

2017-11-22 00:34:13 - [TEST_STEP][PASSED] - openBrowser: Browser is opened with url: 'https://rgajbhiye:Robin$123@proxima-ln4.e-emphasys.com:8441/webui/servlet/login'

2017-11-22 00:34:13 - [MESSAGE][WARNING] - A browser is already opened. Closing browser and opening a new one

2017-11-22 00:34:33 - [MESSAGE][PASSED] - Browser is opened with url: 'https://rgajbhiye:Robin$123@proxima-ln4.e-emphasys.com:8441/webui/servlet/login'

2017-11-22 00:34:33 - [TEST_STEP][PASSED] - waitForPageLoad: Wait for page load successfully

2017-11-22 00:34:33 - [MESSAGE][PASSED] - Wait for page load successfully

2017-11-22 00:34:33 - [TEST_STEP][PASSED] - maximizeWindow: Current window maximized

2017-11-22 00:34:33 - [MESSAGE][PASSED] - Current window maximized

2017-11-22 00:34:33 - [TEST_STEP][PASSED] - click: Object: 'Object Repository/Common/HomePage/HomePage_more' is clicked on

2017-11-22 00:34:37 - [MESSAGE][PASSED] - Object: 'Object Repository/Common/HomePage/HomePage_more' is clicked on

2017-11-22 00:34:37 - [TEST_STEP][PASSED] - click: Object: 'Object Repository/Common/HomePage/HomePage_Option' is clicked on

2017-11-22 00:34:38 - [MESSAGE][PASSED] - Object: 'Object Repository/Common/HomePage/HomePage_Option' is clicked on

2017-11-22 00:34:38 - [TEST_STEP][PASSED] - click: Object: 'Object Repository/Common/HomePage/HomePage_RunProgram_' is clicked on

2017-11-22 00:34:38 - [MESSAGE][PASSED] - Object: 'Object Repository/Common/HomePage/HomePage_RunProgram_' is clicked on

2017-11-22 00:34:38 - [TEST_STEP][PASSED] - sendKeys: Keys 'tfacr2520m000' sent to object: 'Object Repository/Common/HomePage/HomePage_Session_ID'

2017-11-22 00:34:38 - [MESSAGE][PASSED] - Keys 'tfacr2520m000' sent to object: 'Object Repository/Common/HomePage/HomePage_Session_ID'

2017-11-22 00:34:38 - [TEST_STEP][PASSED] - click: Object: 'Object Repository/Common/HomePage/HomePage_OkButton' is clicked on

2017-11-22 00:34:39 - [MESSAGE][PASSED] - Object: 'Object Repository/Common/HomePage/HomePage_OkButton' is clicked on

2017-11-22 00:34:39 - [MESSAGE][PASSED] - Call Test Case 'Test Cases/Common/Base_Common_OpenSession' successfully

2017-11-22 00:34:39 - [TEST_STEP][PASSED] - click: Object: 'Object Repository/Finance/BaseTestCases_OpenEntries_Service/OpenEntries_DocumentType' is clicked on

2017-11-22 00:34:42 - [MESSAGE][PASSED] - Object: 'Object Repository/Finance/BaseTestCases_OpenEntries_Service/OpenEntries_DocumentType' is clicked on

2017-11-22 00:34:42 - [TEST_STEP][PASSED] - click: Object: 'Object Repository/Finance/BaseTestCases_OpenEntries_Service/OpenEntries_DocumentNo' is clicked on

2017-11-22 00:34:43 - [MESSAGE][PASSED] - Object: 'Object Repository/Finance/BaseTestCases_OpenEntries_Service/OpenEntries_DocumentNo' is clicked on

2017-11-22 00:34:43 - [TEST_STEP][FAILED] - setText: Unable to set text 'null' of object 'Object Repository/Finance/BaseTestCases_OpenEntries_Service/OpenEntries_DocumentType' (Root cause: java.lang.IllegalArgumentException: Text is null)

2017-11-22 00:34:43 - [MESSAGE][FAILED] - Unable to set text 'null' of object 'Object Repository/Finance/BaseTestCases_OpenEntries_Service/OpenEntries_DocumentType' (Root cause: java.lang.IllegalArgumentException: Text is null)
[[ATTACHMENT|C:\\Users\\rgajbhiye\\git\\CreditCard\\Reports\\CC_ServiceSplitTendetTestSuite\\20171122_000057\\1511291083062.png]]

2017-11-22 00:34:43 - [TEST_STEP][NOT_RUN] - sendKeys: NOT_RUN: sendKeys

2017-11-22 00:34:43 - [MESSAGE][NOT_RUN] - NOT_RUN: sendKeys

2017-11-22 00:34:43 - [TEST_STEP][NOT_RUN] - delay: NOT_RUN: delay

2017-11-22 00:34:43 - [MESSAGE][NOT_RUN] - NOT_RUN: delay

2017-11-22 00:34:43 - [TEST_STEP][FAILED] - setText: Unable to set text 'null' of object 'Object Repository/Finance/BaseTestCases_OpenEntries_Service/OpenEntries_DocumentNo' (Root cause: java.lang.IllegalArgumentException: Text is null)

2017-11-22 00:34:43 - [MESSAGE][FAILED] - Unable to set text 'null' of object 'Object Repository/Finance/BaseTestCases_OpenEntries_Service/OpenEntries_DocumentNo' (Root cause: java.lang.IllegalArgumentException: Text is null)
[[ATTACHMENT|C:\\Users\\rgajbhiye\\git\\CreditCard\\Reports\\CC_ServiceSplitTendetTestSuite\\20171122_000057\\1511291083355.png]]

2017-11-22 00:34:43 - [TEST_STEP][NOT_RUN] - delay: NOT_RUN: delay

2017-11-22 00:34:43 - [MESSAGE][NOT_RUN] - NOT_RUN: delay

2017-11-22 00:34:43 - [TEST_STEP][NOT_RUN] - sendKeys: NOT_RUN: sendKeys

2017-11-22 00:34:43 - [MESSAGE][NOT_RUN] - NOT_RUN: sendKeys

2017-11-22 00:34:43 - [TEST_STEP][PASSED] - click: Object: 'Object Repository/Finance/BaseTestCases_OpenEntries_Service/OpenEntries_Action' is clicked on

2017-11-22 00:34:43 - [MESSAGE][PASSED] - Object: 'Object Repository/Finance/BaseTestCases_OpenEntries_Service/OpenEntries_Action' is clicked on

2017-11-22 00:34:43 - [TEST_STEP][PASSED] - click: Object: 'Object Repository/Finance/BaseTestCases_OpenEntries_Service/OpenEntries.FullyPaid' is clicked on

2017-11-22 00:34:44 - [MESSAGE][PASSED] - Object: 'Object Repository/Finance/BaseTestCases_OpenEntries_Service/OpenEntries.FullyPaid' is clicked on

2017-11-22 00:34:44 - [TEST_STEP][PASSED] - delay: Delayed 2 second(s)

2017-11-22 00:34:46 - [MESSAGE][PASSED] - Delayed 2 second(s)

2017-11-22 00:34:46 - [TEST_STEP][PASSED] - scrollToElement: Scroll to object 'Object Repository/Finance/BaseTestCases_OpenEntries_Service/OpenEntries.BalanceAmt' successfully

2017-11-22 00:34:46 - [MESSAGE][PASSED] - Scroll to object 'Object Repository/Finance/BaseTestCases_OpenEntries_Service/OpenEntries.BalanceAmt' successfully

2017-11-22 00:34:46 - [TEST_STEP][PASSED] - delay: Delayed 3 second(s)

2017-11-22 00:34:49 - [MESSAGE][PASSED] - Delayed 3 second(s)

2017-11-22 00:34:49 - [TEST_STEP][PASSED] - Statement - BalanceAmount = com.kms.katalon.core.webui.keyword.WebUiBuiltInKeywords.getText(com.kms.katalon.core.testobject.ObjectRepository.findTestObject(Finance/BaseTestCases_OpenEntries_Service/OpenEntries.BalanceAmt)): Text of object 'Object Repository/Finance/BaseTestCases_OpenEntries_Service/OpenEntries.BalanceAmt' is: '7.35'

2017-11-22 00:34:49 - [MESSAGE][PASSED] - Text of object 'Object Repository/Finance/BaseTestCases_OpenEntries_Service/OpenEntries.BalanceAmt' is: '7.35'

2017-11-22 00:34:49 - [TEST_STEP][FAILED] - verifyEqual: Unable to verify equal between actual object '7.35' and expected object '0.00' (Root cause: Actual object '7.35' and expected object '0.00' are not equal)

2017-11-22 00:34:49 - [MESSAGE][FAILED] - Unable to verify equal between actual object '7.35' and expected object '0.00' (Root cause: Actual object '7.35' and expected object '0.00' are not equal)

2017-11-22 00:34:49 - [TEST_STEP][PASSED] - click: Object: 'Object Repository/Finance/BaseTestCases_OpenEntries_Service/OpenEntries.Reference' is clicked on

2017-11-22 00:34:49 - [MESSAGE][PASSED] - Object: 'Object Repository/Finance/BaseTestCases_OpenEntries_Service/OpenEntries.Reference' is clicked on

2017-11-22 00:34:49 - [TEST_STEP][PASSED] - setText: Text '' is set on object 'Object Repository/Finance/BaseTestCases_OpenEntries_Service/OpenEntries_DocumentType'

2017-11-22 00:34:49 - [MESSAGE][PASSED] - Text '' is set on object 'Object Repository/Finance/BaseTestCases_OpenEntries_Service/OpenEntries_DocumentType'

2017-11-22 00:34:49 - [TEST_STEP][PASSED] - setText: Text '' is set on object 'Object Repository/Finance/BaseTestCases_OpenEntries_Service/OpenEntries_DocumentNo'

2017-11-22 00:34:49 - [MESSAGE][PASSED] - Text '' is set on object 'Object Repository/Finance/BaseTestCases_OpenEntries_Service/OpenEntries_DocumentNo'

2017-11-22 00:34:49 - [TEST_STEP][PASSED] - sendKeys: Keys 'TAB + ' sent to object: 'Object Repository/Finance/BaseTestCases_OpenEntries_Service/OpenEntries_DocumentType'

2017-11-22 00:34:49 - [MESSAGE][PASSED] - Keys 'TAB + ' sent to object: 'Object Repository/Finance/BaseTestCases_OpenEntries_Service/OpenEntries_DocumentType'

2017-11-22 00:34:49 - [TEST_STEP][PASSED] - sendKeys: Keys 'TAB + ' sent to object: 'Object Repository/Finance/BaseTestCases_OpenEntries_Service/OpenEntries_DocumentNo'

2017-11-22 00:34:49 - [MESSAGE][PASSED] - Keys 'TAB + ' sent to object: 'Object Repository/Finance/BaseTestCases_OpenEntries_Service/OpenEntries_DocumentNo'

2017-11-22 00:34:49 - [TEST_STEP][PASSED] - sendKeys: Keys 'M00000182 (null/null)' sent to object: 'Object Repository/Finance/BaseTestCases_OpenEntries_Service/OpenEntries.Reference'

2017-11-22 00:34:50 - [MESSAGE][PASSED] - Keys 'M00000182 (null/null)' sent to object: 'Object Repository/Finance/BaseTestCases_OpenEntries_Service/OpenEntries.Reference'

2017-11-22 00:34:50 - [TEST_STEP][PASSED] - click: Object: 'Object Repository/Finance/BaseTestCases_OpenEntries_Service/OpenEntries_DocumentNo' is clicked on

2017-11-22 00:34:50 - [MESSAGE][PASSED] - Object: 'Object Repository/Finance/BaseTestCases_OpenEntries_Service/OpenEntries_DocumentNo' is clicked on

2017-11-22 00:34:50 - [TEST_STEP][PASSED] - delay: Delayed 3 second(s)

2017-11-22 00:34:53 - [MESSAGE][PASSED] - Delayed 3 second(s)

2017-11-22 00:34:53 - [TEST_STEP][FAILED] - scrollToElement: Unable to scroll to object 'Object Repository/Finance/BaseTestCases_OpenEntries_Service/OpenEntries.BalanceAmt' (Root cause: com.kms.katalon.core.webui.exception.WebElementNotFoundException: Web element with id: 'Object Repository/Finance/BaseTestCases_OpenEntries_Service/OpenEntries.BalanceAmt' located by 'By.xpath: //*[@id = 'tfacr2520m000-0-grid-1-balc.ninv-20-0']' not found)

2017-11-22 00:35:26 - [MESSAGE][FAILED] - Unable to scroll to object 'Object Repository/Finance/BaseTestCases_OpenEntries_Service/OpenEntries.BalanceAmt' (Root cause: com.kms.katalon.core.webui.exception.WebElementNotFoundException: Web element with id: 'Object Repository/Finance/BaseTestCases_OpenEntries_Service/OpenEntries.BalanceAmt' located by 'By.xpath: //*[@id = 'tfacr2520m000-0-grid-1-balc.ninv-20-0']' not found)
[[ATTACHMENT|C:\\Users\\rgajbhiye\\git\\CreditCard\\Reports\\CC_ServiceSplitTendetTestSuite\\20171122_000057\\1511291126114.png]]

2017-11-22 00:35:26 - [TEST_STEP][FAILED] - Statement - BalanceAmount = com.kms.katalon.core.webui.keyword.WebUiBuiltInKeywords.getText(com.kms.katalon.core.testobject.ObjectRepository.findTestObject(Finance/BaseTestCases_OpenEntries_Service/OpenEntries.BalanceAmt)): Unable to get text of object 'Object Repository/Finance/BaseTestCases_OpenEntries_Service/OpenEntries.BalanceAmt' (Root cause: com.kms.katalon.core.webui.exception.WebElementNotFoundException: Web element with id: 'Object Repository/Finance/BaseTestCases_OpenEntries_Service/OpenEntries.BalanceAmt' located by 'By.xpath: //*[@id = 'tfacr2520m000-0-grid-1-balc.ninv-20-0']' not found)

2017-11-22 00:35:59 - [MESSAGE][FAILED] - Unable to get text of object 'Object Repository/Finance/BaseTestCases_OpenEntries_Service/OpenEntries.BalanceAmt' (Root cause: com.kms.katalon.core.webui.exception.WebElementNotFoundException: Web element with id: 'Object Repository/Finance/BaseTestCases_OpenEntries_Service/OpenEntries.BalanceAmt' located by 'By.xpath: //*[@id = 'tfacr2520m000-0-grid-1-balc.ninv-20-0']' not found)
[[ATTACHMENT|C:\\Users\\rgajbhiye\\git\\CreditCard\\Reports\\CC_ServiceSplitTendetTestSuite\\20171122_000057\\1511291158999.png]]

2017-11-22 00:35:59 - [TEST_STEP][FAILED] - verifyEqual: Unable to verify equal between actual object 'null' and expected object '1.00' (Root cause: Actual object 'null' and expected object '1.00' are not equal)

2017-11-22 00:35:59 - [MESSAGE][FAILED] - Unable to verify equal between actual object 'null' and expected object '1.00' (Root cause: Actual object 'null' and expected object '1.00' are not equal)

2017-11-22 00:35:59 - [TEST_STEP][FAILED] - Statement - BalanceAmount = com.kms.katalon.core.webui.keyword.WebUiBuiltInKeywords.getText(com.kms.katalon.core.testobject.ObjectRepository.findTestObject(Finance/BaseTestCases_OpenEntries_Service/OpenEntries_BalanceAmtLine2)): Unable to get text of object 'Object Repository/Finance/BaseTestCases_OpenEntries_Service/OpenEntries_BalanceAmtLine2' (Root cause: com.kms.katalon.core.webui.exception.WebElementNotFoundException: Web element with id: 'Object Repository/Finance/BaseTestCases_OpenEntries_Service/OpenEntries_BalanceAmtLine2' located by 'By.xpath: //*[@id = 'tfacr2520m000-0-grid-1-balc.ninv-20-1']' not found)

2017-11-22 00:36:32 - [MESSAGE][FAILED] - Unable to get text of object 'Object Repository/Finance/BaseTestCases_OpenEntries_Service/OpenEntries_BalanceAmtLine2' (Root cause: com.kms.katalon.core.webui.exception.WebElementNotFoundException: Web element with id: 'Object Repository/Finance/BaseTestCases_OpenEntries_Service/OpenEntries_BalanceAmtLine2' located by 'By.xpath: //*[@id = 'tfacr2520m000-0-grid-1-balc.ninv-20-1']' not found)
[[ATTACHMENT|C:\\Users\\rgajbhiye\\git\\CreditCard\\Reports\\CC_ServiceSplitTendetTestSuite\\20171122_000057\\1511291191947.png]]

2017-11-22 00:36:32 - [TEST_STEP][FAILED] - verifyEqual: Unable to verify equal between actual object 'null' and expected object '1.00' (Root cause: Actual object 'null' and expected object '1.00' are not equal)

2017-11-22 00:36:32 - [MESSAGE][FAILED] - Unable to verify equal between actual object 'null' and expected object '1.00' (Root cause: Actual object 'null' and expected object '1.00' are not equal)

2017-11-22 00:36:32 - [TEST_STEP][PASSED] - delay: Delayed 3 second(s)

2017-11-22 00:36:35 - [MESSAGE][PASSED] - Delayed 3 second(s)

2017-11-22 00:36:35 - [TEST_STEP][PASSED] - closeBrowser: Browser is closed

2017-11-22 00:36:37 - [MESSAGE][PASSED] - Browser is closed

2017-11-22 00:36:37 - [MESSAGE][FAILED] - Unable to call Test Case with id 'Test Cases/Finance/BaseTestCases/Base_Finance_CheckOpenEntriesForCCSplitPayments' (Root cause: Call Test Case 'Test Cases/Finance/BaseTestCases/Base_Finance_CheckOpenEntriesForCCSplitPayments' failed)]]></system-out>
         <system-err><![CDATA[2017-11-22 00:23:49 - [TEST_CASE][FAILED] - Test Cases/Service/CreditCardRegression/TC002_Service_CreditCardSplitTender - Iteration 2: Test Cases/Service/CreditCardRegression/TC002_Service_CreditCardSplitTender FAILED because (of) Unable to set text '09' of object 'Object Repository/Service/ServiceOrder/CreditCardSplitTender/SplitTender.ExpiryMonthLine2' (Root cause: org.openqa.selenium.WebDriverException: Element must be user-editable in order to clear it.
Command duration or timeout: 31 milliseconds
Build info: version: '2.53.0', revision: '35ae25b', time: '2016-03-15 17:00:58'
System info: host: 'EET-RG', ip: '192.168.25.107', os.name: 'Windows 7', os.arch: 'amd64', os.version: '6.1', java.version: '1.8.0_102'
Driver info: com.kms.katalon.selenium.driver.CFirefoxDriver
Capabilities [{applicationCacheEnabled=true, rotatable=false, handlesAlerts=true, databaseEnabled=true, version=43.0.1, platform=WINDOWS, nativeEvents=false, acceptSslCerts=true, webStorageEnabled=true, locationContextEnabled=true, browserName=firefox, takesScreenshot=true, javascriptEnabled=true, cssSelectorsEnabled=true}]
Session ID: 296b8b88-f0cb-4da3-b357-91d3dc3531a8)]]></system-err>
      </testcase>
      <system-out><![CDATA[2017-11-22 00:18:04 - [TEST_SUITE][FAILED] - CC_ServiceSplitTendetTestSuite: Test Cases/Service/CreditCardRegression/TC002_Service_CreditCardSplitTender FAILED because (of) Unable to set text '09' of object 'Object Repository/Service/ServiceOrder/CreditCardSplitTender/SplitTender.ExpiryMonthLine2' (Root cause: org.openqa.selenium.WebDriverException: Element must be user-editable in order to clear it.
Command duration or timeout: 31 milliseconds
Build info: version: '2.53.0', revision: '35ae25b', time: '2016-03-15 17:00:58'
System info: host: 'EET-RG', ip: '192.168.25.107', os.name: 'Windows 7', os.arch: 'amd64', os.version: '6.1', java.version: '1.8.0_102'
Driver info: com.kms.katalon.selenium.driver.CFirefoxDriver
Capabilities [{applicationCacheEnabled=true, rotatable=false, handlesAlerts=true, databaseEnabled=true, version=43.0.1, platform=WINDOWS, nativeEvents=false, acceptSslCerts=true, webStorageEnabled=true, locationContextEnabled=true, browserName=firefox, takesScreenshot=true, javascriptEnabled=true, cssSelectorsEnabled=true}]
Session ID: 296b8b88-f0cb-4da3-b357-91d3dc3531a8)]]></system-out>
      <system-err><![CDATA[2017-11-22 00:18:04 - [TEST_SUITE][FAILED] - CC_ServiceSplitTendetTestSuite: Test Cases/Service/CreditCardRegression/TC002_Service_CreditCardSplitTender FAILED because (of) Unable to set text '09' of object 'Object Repository/Service/ServiceOrder/CreditCardSplitTender/SplitTender.ExpiryMonthLine2' (Root cause: org.openqa.selenium.WebDriverException: Element must be user-editable in order to clear it.
Command duration or timeout: 31 milliseconds
Build info: version: '2.53.0', revision: '35ae25b', time: '2016-03-15 17:00:58'
System info: host: 'EET-RG', ip: '192.168.25.107', os.name: 'Windows 7', os.arch: 'amd64', os.version: '6.1', java.version: '1.8.0_102'
Driver info: com.kms.katalon.selenium.driver.CFirefoxDriver
Capabilities [{applicationCacheEnabled=true, rotatable=false, handlesAlerts=true, databaseEnabled=true, version=43.0.1, platform=WINDOWS, nativeEvents=false, acceptSslCerts=true, webStorageEnabled=true, locationContextEnabled=true, browserName=firefox, takesScreenshot=true, javascriptEnabled=true, cssSelectorsEnabled=true}]
Session ID: 296b8b88-f0cb-4da3-b357-91d3dc3531a8)]]></system-err>
   </testsuite>
</testsuites>
