<?xml version="1.0" encoding="UTF-8"?>
<testsuites name="CC_ServiceTestSuite" time="393" tests="0" failures="1" errors="0">
   <testsuite name="CC_ServiceTestSuite" tests="0" failures="1" errors="0" time="393" timestamp="2017-10-25 15:46:02" hostname="agawhande - ANIL110.e-emphasys.com" id="Test Suites/CC_ServiceTestSuite">
      <properties>
         <property name="deviceName" value=""/>
         <property name="devicePlatform" value=""/>
         <property name="logFolder" value="C:\\Users\\agawhande\\git\\CreditCard\\Reports\\CC_ServiceTestSuite\\20171025_154554"/>
         <property name="logFiles" value="C:\\Users\\agawhande\\git\\CreditCard\\Reports\\CC_ServiceTestSuite\\20171025_154554\\execution0.log"/>
         <property name="attachments" value="C:\\Users\\agawhande\\git\\CreditCard\\Reports\\CC_ServiceTestSuite\\20171025_154554\\1508926725504.png, C:\\Users\\agawhande\\git\\CreditCard\\Reports\\CC_ServiceTestSuite\\20171025_154554\\1508926880612.png, C:\\Users\\agawhande\\git\\CreditCard\\Reports\\CC_ServiceTestSuite\\20171025_154554\\1508926915151.png, C:\\Users\\agawhande\\git\\CreditCard\\Reports\\CC_ServiceTestSuite\\20171025_154554\\1508926920513.png, C:\\Users\\agawhande\\git\\CreditCard\\Reports\\CC_ServiceTestSuite\\20171025_154554\\1508926955906.png"/>
         <property name="hostName" value="agawhande - ANIL110.e-emphasys.com"/>
         <property name="os" value="Windows 7 64bit"/>
         <property name="katalonVersion" value="4.8.0.2"/>
         <property name="browser" value="Firefox 56.0"/>
         <property name="hostAddress" value="192.168.25.228"/>
         <property name="sessionId" value="b2a30c3d-2589-4274-b87d-3c02dacdacd0"/>
         <property name="seleniumVersion" value="unknown"/>
         <property name="proxyInformation" value="ProxyInformation{proxyOption=NO_PROXY, proxyServerType=HTTP, password=, proxyServerAddress=, proxyServerPort=0}"/>
         <property name="platform" value="Windows 7"/>
      </properties>
      <testcase name="Test Cases/Service/CreditCardRegression/TC001_Service_CreditCard - Iteration 1" classname="Test Cases/Service/CreditCardRegression/TC001_Service_CreditCard" status="FAILED">
         <failure type="FAILED" message="Test Cases/Service/CreditCardRegression/TC001_Service_CreditCard FAILED because (of) Unable to set text 'PUBL' of object 'Object Repository/Service/ServiceOrder/ServiceCreditCard/ServiceCreditCard.PaymentGateway' (Root cause: org.openqa.selenium.InvalidElementStateException: Element must be user-editable in order to clear it.
Command duration or timeout: 28 milliseconds
Build info: version: 'unknown', revision: 'unknown', time: 'unknown'
System info: host: 'ANIL110', ip: '192.168.25.228', os.name: 'Windows 7', os.arch: 'amd64', os.version: '6.1', java.version: '1.8.0_102'
Driver info: com.kms.katalon.core.webui.driver.firefox.CFirefoxDriver47
Capabilities [{applicationCacheEnabled=true, rotatable=false, handlesAlerts=true, databaseEnabled=true, version=56.0, platform=WINDOWS, nativeEvents=false, acceptSslCerts=true, webStorageEnabled=true, locationContextEnabled=true, browserName=firefox, takesScreenshot=true, javascriptEnabled=true, cssSelectorsEnabled=true}]
Session ID: 47cee382-baaa-44bc-80ab-a47e90decad4)"/>
         <system-out><![CDATA[2017-10-25 15:46:02 - [TEST_CASE][FAILED] - Test Cases/Service/CreditCardRegression/TC001_Service_CreditCard - Iteration 1: Test Cases/Service/CreditCardRegression/TC001_Service_CreditCard FAILED because (of) Unable to set text 'PUBL' of object 'Object Repository/Service/ServiceOrder/ServiceCreditCard/ServiceCreditCard.PaymentGateway' (Root cause: org.openqa.selenium.InvalidElementStateException: Element must be user-editable in order to clear it.
Command duration or timeout: 28 milliseconds
Build info: version: 'unknown', revision: 'unknown', time: 'unknown'
System info: host: 'ANIL110', ip: '192.168.25.228', os.name: 'Windows 7', os.arch: 'amd64', os.version: '6.1', java.version: '1.8.0_102'
Driver info: com.kms.katalon.core.webui.driver.firefox.CFirefoxDriver47
Capabilities [{applicationCacheEnabled=true, rotatable=false, handlesAlerts=true, databaseEnabled=true, version=56.0, platform=WINDOWS, nativeEvents=false, acceptSslCerts=true, webStorageEnabled=true, locationContextEnabled=true, browserName=firefox, takesScreenshot=true, javascriptEnabled=true, cssSelectorsEnabled=true}]
Session ID: 47cee382-baaa-44bc-80ab-a47e90decad4)

2017-10-25 15:46:03 - [TEST_STEP][PASSED] - callTestCase: Call Test Case 'Test Cases/Service/BaseTestCases/Base_Service_CreateHeader' successfully

2017-10-25 15:46:03 - [TEST_CASE][PASSED] - Test Cases/Service/BaseTestCases/Base_Service_CreateHeader: Test Cases/Service/BaseTestCases/Base_Service_CreateHeader

2017-10-25 15:46:04 - [TEST_STEP][PASSED] - callTestCase: Call Test Case 'Test Cases/Common/Base_Common_OpenSession' successfully

2017-10-25 15:46:04 - [TEST_CASE][PASSED] - Test Cases/Common/Base_Common_OpenSession: Test Cases/Common/Base_Common_OpenSession

2017-10-25 15:46:04 - [TEST_STEP][PASSED] - openBrowser: Browser is opened with url: 'https://rgajbhiye:Robin$123@proxima-ln4.e-emphasys.com:8441/webui/servlet/login'

2017-10-25 15:46:16 - [MESSAGE][PASSED] - Browser is opened with url: 'https://rgajbhiye:Robin$123@proxima-ln4.e-emphasys.com:8441/webui/servlet/login'

2017-10-25 15:46:16 - [TEST_STEP][PASSED] - waitForPageLoad: Wait for page load successfully

2017-10-25 15:46:16 - [MESSAGE][PASSED] - Wait for page load successfully

2017-10-25 15:46:16 - [TEST_STEP][PASSED] - maximizeWindow: Current window maximized

2017-10-25 15:46:16 - [MESSAGE][PASSED] - Current window maximized

2017-10-25 15:46:16 - [TEST_STEP][PASSED] - click: Object: 'Object Repository/Common/HomePage/HomePage_more' is clicked on

2017-10-25 15:46:20 - [MESSAGE][PASSED] - Object: 'Object Repository/Common/HomePage/HomePage_more' is clicked on

2017-10-25 15:46:20 - [TEST_STEP][PASSED] - click: Object: 'Object Repository/Common/HomePage/HomePage_Option' is clicked on

2017-10-25 15:46:21 - [MESSAGE][PASSED] - Object: 'Object Repository/Common/HomePage/HomePage_Option' is clicked on

2017-10-25 15:46:21 - [TEST_STEP][PASSED] - click: Object: 'Object Repository/Common/HomePage/HomePage_RunProgram_' is clicked on

2017-10-25 15:46:21 - [MESSAGE][PASSED] - Object: 'Object Repository/Common/HomePage/HomePage_RunProgram_' is clicked on

2017-10-25 15:46:21 - [TEST_STEP][PASSED] - sendKeys: Keys 'tssoc2100m001' sent to object: 'Object Repository/Common/HomePage/HomePage_Session_ID'

2017-10-25 15:46:21 - [MESSAGE][PASSED] - Keys 'tssoc2100m001' sent to object: 'Object Repository/Common/HomePage/HomePage_Session_ID'

2017-10-25 15:46:21 - [TEST_STEP][PASSED] - click: Object: 'Object Repository/Common/HomePage/HomePage_OkButton' is clicked on

2017-10-25 15:46:21 - [MESSAGE][PASSED] - Object: 'Object Repository/Common/HomePage/HomePage_OkButton' is clicked on

2017-10-25 15:46:21 - [MESSAGE][PASSED] - Call Test Case 'Test Cases/Common/Base_Common_OpenSession' successfully

2017-10-25 15:46:21 - [TEST_STEP][PASSED] - click: Object: 'Object Repository/Service/ServiceOrder/ServiceOrderHeader/ServiceOrderHeader.Newbutton' is clicked on

2017-10-25 15:46:25 - [MESSAGE][PASSED] - Object: 'Object Repository/Service/ServiceOrder/ServiceOrderHeader/ServiceOrderHeader.Newbutton' is clicked on

2017-10-25 15:46:25 - [TEST_STEP][PASSED] - delay: Delayed 3 second(s)

2017-10-25 15:46:28 - [MESSAGE][PASSED] - Delayed 3 second(s)

2017-10-25 15:46:28 - [TEST_STEP][PASSED] - setText: Text 'M00000182 ' is set on object 'Object Repository/Service/ServiceOrder/ServiceOrderHeader/ServiceOrderHeader.Customer'

2017-10-25 15:46:28 - [MESSAGE][PASSED] - Text 'M00000182 ' is set on object 'Object Repository/Service/ServiceOrder/ServiceOrderHeader/ServiceOrderHeader.Customer'

2017-10-25 15:46:28 - [TEST_STEP][PASSED] - sendKeys: Keys '' sent to object: 'Object Repository/Service/ServiceOrder/ServiceOrderHeader/ServiceOrderHeader.Customer'

2017-10-25 15:46:28 - [MESSAGE][PASSED] - Keys '' sent to object: 'Object Repository/Service/ServiceOrder/ServiceOrderHeader/ServiceOrderHeader.Customer'

2017-10-25 15:46:28 - [TEST_STEP][PASSED] - delay: Delayed 3 second(s)

2017-10-25 15:46:31 - [MESSAGE][PASSED] - Delayed 3 second(s)

2017-10-25 15:46:31 - [TEST_STEP][PASSED] - setText: Text 'MD0007993' is set on object 'Object Repository/Service/ServiceOrder/ServiceOrderHeader/ServiceOrderHeader.Unit'

2017-10-25 15:46:31 - [MESSAGE][PASSED] - Text 'MD0007993' is set on object 'Object Repository/Service/ServiceOrder/ServiceOrderHeader/ServiceOrderHeader.Unit'

2017-10-25 15:46:31 - [TEST_STEP][PASSED] - click: Object: 'Object Repository/Service/ServiceOrder/ServiceOrderHeader/ServiceOrderHeader.Save' is clicked on

2017-10-25 15:46:31 - [MESSAGE][PASSED] - Object: 'Object Repository/Service/ServiceOrder/ServiceOrderHeader/ServiceOrderHeader.Save' is clicked on

2017-10-25 15:46:31 - [TEST_STEP][PASSED] - click: Object: 'Object Repository/Service/ServiceOrder/ServiceOrderHeader/ServiceOrderHeader.Warning' is clicked on

2017-10-25 15:46:38 - [MESSAGE][PASSED] - Object: 'Object Repository/Service/ServiceOrder/ServiceOrderHeader/ServiceOrderHeader.Warning' is clicked on

2017-10-25 15:46:38 - [TEST_STEP][PASSED] - delay: Delayed 3 second(s)

2017-10-25 15:46:41 - [MESSAGE][PASSED] - Delayed 3 second(s)

2017-10-25 15:46:41 - [TEST_STEP][PASSED] - click: Object: 'Object Repository/Service/ServiceOrder/ServiceOrderHeader/ServiceOrderHeader.PaymentMode' is clicked on

2017-10-25 15:46:41 - [MESSAGE][PASSED] - Object: 'Object Repository/Service/ServiceOrder/ServiceOrderHeader/ServiceOrderHeader.PaymentMode' is clicked on

2017-10-25 15:46:41 - [TEST_STEP][PASSED] - click: Object: 'Object Repository/Service/ServiceOrder/ServiceOrderHeader/ServiceOrderHeader.CreditCardoption' is clicked on

2017-10-25 15:46:41 - [MESSAGE][PASSED] - Object: 'Object Repository/Service/ServiceOrder/ServiceOrderHeader/ServiceOrderHeader.CreditCardoption' is clicked on

2017-10-25 15:46:41 - [TEST_STEP][PASSED] - delay: Delayed 5 second(s)

2017-10-25 15:46:46 - [MESSAGE][PASSED] - Delayed 5 second(s)

2017-10-25 15:46:46 - [TEST_STEP][NOT_RUN] - setText: NOT_RUN: setText

2017-10-25 15:46:46 - [MESSAGE][NOT_RUN] - NOT_RUN: setText

2017-10-25 15:46:46 - [TEST_STEP][PASSED] - click: Object: 'Object Repository/Service/ServiceOrder/ServiceOrderHeader/ServiceOrderHeader.Save' is clicked on

2017-10-25 15:46:47 - [MESSAGE][PASSED] - Object: 'Object Repository/Service/ServiceOrder/ServiceOrderHeader/ServiceOrderHeader.Save' is clicked on

2017-10-25 15:46:47 - [TEST_STEP][PASSED] - delay: Delayed 5 second(s)

2017-10-25 15:46:52 - [MESSAGE][PASSED] - Delayed 5 second(s)

2017-10-25 15:46:52 - [TEST_STEP][PASSED] - Statement - SWOOrderNo = com.kms.katalon.core.webui.keyword.WebUiBuiltInKeywords.getAttribute(com.kms.katalon.core.testobject.ObjectRepository.findTestObject(Service/ServiceOrder/ServiceOrderHeader/ServiceOrderHeader.OrderNo), "value"): Attribute 'value' of object 'Object Repository/Service/ServiceOrder/ServiceOrderHeader/ServiceOrderHeader.OrderNo' is: 'SWO119763'

2017-10-25 15:46:52 - [MESSAGE][PASSED] - Attribute 'value' of object 'Object Repository/Service/ServiceOrder/ServiceOrderHeader/ServiceOrderHeader.OrderNo' is: 'SWO119763'

2017-10-25 15:46:52 - [TEST_STEP][PASSED] - verifyNotEqual: Actual object 'SWO119763' and expected object '' are not equal

2017-10-25 15:46:52 - [MESSAGE][PASSED] - Actual object 'SWO119763' and expected object '' are not equal

2017-10-25 15:46:52 - [TEST_STEP][PASSED] - delay: Delayed 5 second(s)

2017-10-25 15:46:57 - [MESSAGE][PASSED] - Delayed 5 second(s)

2017-10-25 15:46:57 - [TEST_STEP][PASSED] - click: Object: 'Object Repository/Service/ServiceOrder/ServiceOrderHeader/ServiceOrderHeader.Actions' is clicked on

2017-10-25 15:46:57 - [MESSAGE][PASSED] - Object: 'Object Repository/Service/ServiceOrder/ServiceOrderHeader/ServiceOrderHeader.Actions' is clicked on

2017-10-25 15:46:57 - [TEST_STEP][PASSED] - delay: Delayed 3 second(s)

2017-10-25 15:47:00 - [MESSAGE][PASSED] - Delayed 3 second(s)

2017-10-25 15:47:00 - [TEST_STEP][PASSED] - click: Object: 'Object Repository/Service/ServiceOrder/ServiceOrderHeader/ServiceOrderHeader.Segments' is clicked on

2017-10-25 15:47:00 - [MESSAGE][PASSED] - Object: 'Object Repository/Service/ServiceOrder/ServiceOrderHeader/ServiceOrderHeader.Segments' is clicked on

2017-10-25 15:47:00 - [TEST_STEP][PASSED] - delay: Delayed 3 second(s)

2017-10-25 15:47:03 - [MESSAGE][PASSED] - Delayed 3 second(s)

2017-10-25 15:47:03 - [MESSAGE][PASSED] - Call Test Case 'Test Cases/Service/BaseTestCases/Base_Service_CreateHeader' successfully

2017-10-25 15:47:03 - [TEST_STEP][PASSED] - callTestCase: Call Test Case 'Test Cases/Service/BaseTestCases/Base_Service_AddSegment' successfully

2017-10-25 15:47:03 - [TEST_CASE][PASSED] - Test Cases/Service/BaseTestCases/Base_Service_AddSegment: Test Cases/Service/BaseTestCases/Base_Service_AddSegment

2017-10-25 15:47:03 - [TEST_STEP][PASSED] - click: Object: 'Object Repository/Service/ServiceOrder/ServiceOrderSegment/ServiceOrderSegment.ServiceType' is clicked on

2017-10-25 15:47:04 - [MESSAGE][PASSED] - Object: 'Object Repository/Service/ServiceOrder/ServiceOrderSegment/ServiceOrderSegment.ServiceType' is clicked on

2017-10-25 15:47:04 - [TEST_STEP][PASSED] - setText: Text 'ABC' is set on object 'Object Repository/Service/ServiceOrder/ServiceOrderSegment/ServiceOrderSegment.ServiceType'

2017-10-25 15:47:04 - [MESSAGE][PASSED] - Text 'ABC' is set on object 'Object Repository/Service/ServiceOrder/ServiceOrderSegment/ServiceOrderSegment.ServiceType'

2017-10-25 15:47:04 - [TEST_STEP][NOT_RUN] - sendKeys: NOT_RUN: sendKeys

2017-10-25 15:47:04 - [MESSAGE][NOT_RUN] - NOT_RUN: sendKeys

2017-10-25 15:47:04 - [TEST_STEP][PASSED] - delay: Delayed 3 second(s)

2017-10-25 15:47:07 - [MESSAGE][PASSED] - Delayed 3 second(s)

2017-10-25 15:47:07 - [TEST_STEP][PASSED] - click: Object: 'Object Repository/Service/ServiceOrder/ServiceOrderSegment/ServiceOrderSegment.Save' is clicked on

2017-10-25 15:47:08 - [MESSAGE][PASSED] - Object: 'Object Repository/Service/ServiceOrder/ServiceOrderSegment/ServiceOrderSegment.Save' is clicked on

2017-10-25 15:47:08 - [TEST_STEP][PASSED] - delay: Delayed 10 second(s)

2017-10-25 15:47:18 - [MESSAGE][PASSED] - Delayed 10 second(s)

2017-10-25 15:47:18 - [TEST_STEP][PASSED] - click: Object: 'Object Repository/Service/ServiceOrder/ServiceOrderSegment/ServiceOrderSegment.Action' is clicked on

2017-10-25 15:47:18 - [MESSAGE][PASSED] - Object: 'Object Repository/Service/ServiceOrder/ServiceOrderSegment/ServiceOrderSegment.Action' is clicked on

2017-10-25 15:47:18 - [TEST_STEP][PASSED] - delay: Delayed 2 second(s)

2017-10-25 15:47:20 - [MESSAGE][PASSED] - Delayed 2 second(s)

2017-10-25 15:47:20 - [TEST_STEP][PASSED] - click: Object: 'Object Repository/Service/ServiceOrder/ServiceOrderSegment/ServiceOrderSegment.Release' is clicked on

2017-10-25 15:47:20 - [MESSAGE][PASSED] - Object: 'Object Repository/Service/ServiceOrder/ServiceOrderSegment/ServiceOrderSegment.Release' is clicked on

2017-10-25 15:47:20 - [TEST_STEP][PASSED] - delay: Delayed 5 second(s)

2017-10-25 15:47:25 - [MESSAGE][PASSED] - Delayed 5 second(s)

2017-10-25 15:47:25 - [TEST_STEP][NOT_RUN] - click: NOT_RUN: click

2017-10-25 15:47:25 - [MESSAGE][NOT_RUN] - NOT_RUN: click

2017-10-25 15:47:25 - [TEST_STEP][NOT_RUN] - click: NOT_RUN: click

2017-10-25 15:47:25 - [MESSAGE][NOT_RUN] - NOT_RUN: click

2017-10-25 15:47:25 - [TEST_STEP][NOT_RUN] - delay: NOT_RUN: delay

2017-10-25 15:47:25 - [MESSAGE][NOT_RUN] - NOT_RUN: delay

2017-10-25 15:47:25 - [TEST_STEP][NOT_RUN] - setText: NOT_RUN: setText

2017-10-25 15:47:25 - [MESSAGE][NOT_RUN] - NOT_RUN: setText

2017-10-25 15:47:25 - [TEST_STEP][NOT_RUN] - sendKeys: NOT_RUN: sendKeys

2017-10-25 15:47:25 - [MESSAGE][NOT_RUN] - NOT_RUN: sendKeys

2017-10-25 15:47:25 - [TEST_STEP][NOT_RUN] - delay: NOT_RUN: delay

2017-10-25 15:47:25 - [MESSAGE][NOT_RUN] - NOT_RUN: delay

2017-10-25 15:47:25 - [TEST_STEP][NOT_RUN] - click: NOT_RUN: click

2017-10-25 15:47:25 - [MESSAGE][NOT_RUN] - NOT_RUN: click

2017-10-25 15:47:25 - [TEST_STEP][NOT_RUN] - delay: NOT_RUN: delay

2017-10-25 15:47:25 - [MESSAGE][NOT_RUN] - NOT_RUN: delay

2017-10-25 15:47:25 - [TEST_STEP][PASSED] - click: Object: 'Object Repository/Service/ServiceOrder/ServiceOrderSegment/ServiceOrderSegment.Action' is clicked on

2017-10-25 15:47:25 - [MESSAGE][PASSED] - Object: 'Object Repository/Service/ServiceOrder/ServiceOrderSegment/ServiceOrderSegment.Action' is clicked on

2017-10-25 15:47:25 - [TEST_STEP][PASSED] - delay: Delayed 3 second(s)

2017-10-25 15:47:28 - [MESSAGE][PASSED] - Delayed 3 second(s)

2017-10-25 15:47:28 - [MESSAGE][PASSED] - Call Test Case 'Test Cases/Service/BaseTestCases/Base_Service_AddSegment' successfully

2017-10-25 15:47:28 - [TEST_STEP][PASSED] - callTestCase: Call Test Case 'Test Cases/Service/BaseTestCases/Base_Service_Add Others' successfully

2017-10-25 15:47:29 - [TEST_CASE][PASSED] - Test Cases/Service/BaseTestCases/Base_Service_Add Others: Test Cases/Service/BaseTestCases/Base_Service_Add Others

2017-10-25 15:47:29 - [TEST_STEP][PASSED] - click: Object: 'Object Repository/Service/ServiceOrder/ServiceOrderSegment/ServiceOrderSegment.Others' is clicked on

2017-10-25 15:47:29 - [MESSAGE][PASSED] - Object: 'Object Repository/Service/ServiceOrder/ServiceOrderSegment/ServiceOrderSegment.Others' is clicked on

2017-10-25 15:47:29 - [TEST_STEP][PASSED] - delay: Delayed 10 second(s)

2017-10-25 15:47:39 - [MESSAGE][PASSED] - Delayed 10 second(s)

2017-10-25 15:47:39 - [TEST_STEP][PASSED] - click: Object: 'Object Repository/Service/ServiceOrder/ServiceOrderSegment/ServiceOrderSegment.OthersNew' is clicked on

2017-10-25 15:47:39 - [MESSAGE][PASSED] - Object: 'Object Repository/Service/ServiceOrder/ServiceOrderSegment/ServiceOrderSegment.OthersNew' is clicked on

2017-10-25 15:47:39 - [TEST_STEP][PASSED] - delay: Delayed 5 second(s)

2017-10-25 15:47:44 - [MESSAGE][PASSED] - Delayed 5 second(s)

2017-10-25 15:47:44 - [TEST_STEP][PASSED] - click: Object: 'Object Repository/Service/ServiceOrder/ServiceOrderSegment/ServiceOrderSegment.OthersCostComp' is clicked on

2017-10-25 15:47:44 - [MESSAGE][PASSED] - Object: 'Object Repository/Service/ServiceOrder/ServiceOrderSegment/ServiceOrderSegment.OthersCostComp' is clicked on

2017-10-25 15:47:44 - [TEST_STEP][PASSED] - delay: Delayed 2 second(s)

2017-10-25 15:47:46 - [MESSAGE][PASSED] - Delayed 2 second(s)

2017-10-25 15:47:46 - [TEST_STEP][PASSED] - setText: Text 'APP' is set on object 'Object Repository/Service/ServiceOrder/ServiceOrderSegment/ServiceOrderSegment.OthersCostComp'

2017-10-25 15:47:47 - [MESSAGE][PASSED] - Text 'APP' is set on object 'Object Repository/Service/ServiceOrder/ServiceOrderSegment/ServiceOrderSegment.OthersCostComp'

2017-10-25 15:47:47 - [TEST_STEP][PASSED] - delay: Delayed 5 second(s)

2017-10-25 15:47:52 - [MESSAGE][PASSED] - Delayed 5 second(s)

2017-10-25 15:47:52 - [TEST_STEP][PASSED] - scrollToElement: Scroll to object 'Object Repository/Service/ServiceOrder/ServiceOrderSegment/ServiceOrderSegment.Actual Qty' successfully

2017-10-25 15:47:52 - [MESSAGE][PASSED] - Scroll to object 'Object Repository/Service/ServiceOrder/ServiceOrderSegment/ServiceOrderSegment.Actual Qty' successfully

2017-10-25 15:47:52 - [TEST_STEP][PASSED] - click: Object: 'Object Repository/Service/ServiceOrder/ServiceOrderSegment/ServiceOrderSegment.Actual Qty' is clicked on

2017-10-25 15:47:52 - [MESSAGE][PASSED] - Object: 'Object Repository/Service/ServiceOrder/ServiceOrderSegment/ServiceOrderSegment.Actual Qty' is clicked on

2017-10-25 15:47:52 - [TEST_STEP][PASSED] - delay: Delayed 2 second(s)

2017-10-25 15:47:54 - [MESSAGE][PASSED] - Delayed 2 second(s)

2017-10-25 15:47:54 - [TEST_STEP][PASSED] - sendKeys: Keys '2' sent to object: 'Object Repository/Service/ServiceOrder/ServiceOrderSegment/ServiceOrderSegment.Actual Qty'

2017-10-25 15:47:54 - [MESSAGE][PASSED] - Keys '2' sent to object: 'Object Repository/Service/ServiceOrder/ServiceOrderSegment/ServiceOrderSegment.Actual Qty'

2017-10-25 15:47:54 - [TEST_STEP][PASSED] - delay: Delayed 5 second(s)

2017-10-25 15:47:59 - [MESSAGE][PASSED] - Delayed 5 second(s)

2017-10-25 15:47:59 - [TEST_STEP][NOT_RUN] - click: NOT_RUN: click

2017-10-25 15:47:59 - [MESSAGE][NOT_RUN] - NOT_RUN: click

2017-10-25 15:47:59 - [TEST_STEP][PASSED] - click: Object: 'Object Repository/Service/ServiceOrder/ServiceOrderSegment/ServiceOrderSegmentOthers.SaveClose' is clicked on

2017-10-25 15:47:59 - [MESSAGE][PASSED] - Object: 'Object Repository/Service/ServiceOrder/ServiceOrderSegment/ServiceOrderSegmentOthers.SaveClose' is clicked on

2017-10-25 15:47:59 - [TEST_STEP][PASSED] - delay: Delayed 5 second(s)

2017-10-25 15:48:04 - [MESSAGE][PASSED] - Delayed 5 second(s)

2017-10-25 15:48:04 - [TEST_STEP][PASSED] - click: Object: 'Object Repository/Service/ServiceOrder/ServiceOrderSegment/ServiceOrderSegment.SaveClose' is clicked on

2017-10-25 15:48:04 - [MESSAGE][PASSED] - Object: 'Object Repository/Service/ServiceOrder/ServiceOrderSegment/ServiceOrderSegment.SaveClose' is clicked on

2017-10-25 15:48:04 - [MESSAGE][PASSED] - Call Test Case 'Test Cases/Service/BaseTestCases/Base_Service_Add Others' successfully

2017-10-25 15:48:04 - [TEST_STEP][FAILED] - callTestCase: Unable to call Test Case with id 'Test Cases/Service/BaseTestCases/Base_Service_HeaderInvoice' (Root cause: Call Test Case 'Test Cases/Service/BaseTestCases/Base_Service_HeaderInvoice' failed)

2017-10-25 15:48:04 - [TEST_CASE][FAILED] - Test Cases/Service/BaseTestCases/Base_Service_HeaderInvoice: Test Cases/Service/BaseTestCases/Base_Service_HeaderInvoice FAILED because (of) Unable to set text 'PUBL' of object 'Object Repository/Service/ServiceOrder/ServiceCreditCard/ServiceCreditCard.PaymentGateway' (Root cause: org.openqa.selenium.InvalidElementStateException: Element must be user-editable in order to clear it.
Command duration or timeout: 28 milliseconds
Build info: version: 'unknown', revision: 'unknown', time: 'unknown'
System info: host: 'ANIL110', ip: '192.168.25.228', os.name: 'Windows 7', os.arch: 'amd64', os.version: '6.1', java.version: '1.8.0_102'
Driver info: com.kms.katalon.core.webui.driver.firefox.CFirefoxDriver47
Capabilities [{applicationCacheEnabled=true, rotatable=false, handlesAlerts=true, databaseEnabled=true, version=56.0, platform=WINDOWS, nativeEvents=false, acceptSslCerts=true, webStorageEnabled=true, locationContextEnabled=true, browserName=firefox, takesScreenshot=true, javascriptEnabled=true, cssSelectorsEnabled=true}]
Session ID: 47cee382-baaa-44bc-80ab-a47e90decad4)

2017-10-25 15:48:05 - [TEST_STEP][PASSED] - delay: Delayed 5 second(s)

2017-10-25 15:48:10 - [MESSAGE][PASSED] - Delayed 5 second(s)

2017-10-25 15:48:10 - [TEST_STEP][PASSED] - click: Object: 'Object Repository/Service/ServiceOrder/ServiceOrderHeader/ServiceOrderHeader.Actions' is clicked on

2017-10-25 15:48:10 - [MESSAGE][PASSED] - Object: 'Object Repository/Service/ServiceOrder/ServiceOrderHeader/ServiceOrderHeader.Actions' is clicked on

2017-10-25 15:48:10 - [TEST_STEP][PASSED] - delay: Delayed 3 second(s)

2017-10-25 15:48:13 - [MESSAGE][PASSED] - Delayed 3 second(s)

2017-10-25 15:48:13 - [TEST_STEP][PASSED] - click: Object: 'Object Repository/Service/ServiceOrder/ServiceOrderHeader/ServiceOrderHeader.Costing' is clicked on

2017-10-25 15:48:13 - [MESSAGE][PASSED] - Object: 'Object Repository/Service/ServiceOrder/ServiceOrderHeader/ServiceOrderHeader.Costing' is clicked on

2017-10-25 15:48:13 - [TEST_STEP][PASSED] - delay: Delayed 5 second(s)

2017-10-25 15:48:18 - [MESSAGE][PASSED] - Delayed 5 second(s)

2017-10-25 15:48:18 - [TEST_STEP][PASSED] - click: Object: 'Object Repository/Service/ServiceOrder/ServiceOrderHeader/ServiceOrderHeader.RepriceWarning' is clicked on

2017-10-25 15:48:18 - [MESSAGE][PASSED] - Object: 'Object Repository/Service/ServiceOrder/ServiceOrderHeader/ServiceOrderHeader.RepriceWarning' is clicked on

2017-10-25 15:48:18 - [TEST_STEP][PASSED] - delay: Delayed 3 second(s)

2017-10-25 15:48:21 - [MESSAGE][PASSED] - Delayed 3 second(s)

2017-10-25 15:48:21 - [TEST_STEP][PASSED] - click: Object: 'Object Repository/Service/ServiceOrder/ServiceOrderHeader/ServiceOrderHeader.CostingProcessCont' is clicked on

2017-10-25 15:48:22 - [MESSAGE][PASSED] - Object: 'Object Repository/Service/ServiceOrder/ServiceOrderHeader/ServiceOrderHeader.CostingProcessCont' is clicked on

2017-10-25 15:48:22 - [TEST_STEP][PASSED] - delay: Delayed 3 second(s)

2017-10-25 15:48:25 - [MESSAGE][PASSED] - Delayed 3 second(s)

2017-10-25 15:48:25 - [TEST_STEP][PASSED] - click: Object: 'Object Repository/Service/ServiceOrder/ServiceOrderHeader/ServiceOrderHeader.InvoiceCont' is clicked on

2017-10-25 15:48:25 - [MESSAGE][PASSED] - Object: 'Object Repository/Service/ServiceOrder/ServiceOrderHeader/ServiceOrderHeader.InvoiceCont' is clicked on

2017-10-25 15:48:25 - [TEST_STEP][PASSED] - delay: Delayed 15 second(s)

2017-10-25 15:48:40 - [MESSAGE][PASSED] - Delayed 15 second(s)

2017-10-25 15:48:40 - [TEST_STEP][NOT_RUN] - click: NOT_RUN: click

2017-10-25 15:48:40 - [MESSAGE][NOT_RUN] - NOT_RUN: click

2017-10-25 15:48:40 - [TEST_STEP][PASSED] - delay: Delayed 5 second(s)

2017-10-25 15:48:45 - [MESSAGE][PASSED] - Delayed 5 second(s)

2017-10-25 15:48:45 - [TEST_STEP][FAILED] - setText: Unable to set text 'PUBL' of object 'Object Repository/Service/ServiceOrder/ServiceCreditCard/ServiceCreditCard.PaymentGateway' (Root cause: org.openqa.selenium.InvalidElementStateException: Element must be user-editable in order to clear it.
Command duration or timeout: 28 milliseconds
Build info: version: 'unknown', revision: 'unknown', time: 'unknown'
System info: host: 'ANIL110', ip: '192.168.25.228', os.name: 'Windows 7', os.arch: 'amd64', os.version: '6.1', java.version: '1.8.0_102'
Driver info: com.kms.katalon.core.webui.driver.firefox.CFirefoxDriver47
Capabilities [{applicationCacheEnabled=true, rotatable=false, handlesAlerts=true, databaseEnabled=true, version=56.0, platform=WINDOWS, nativeEvents=false, acceptSslCerts=true, webStorageEnabled=true, locationContextEnabled=true, browserName=firefox, takesScreenshot=true, javascriptEnabled=true, cssSelectorsEnabled=true}]
Session ID: 47cee382-baaa-44bc-80ab-a47e90decad4)

2017-10-25 15:48:45 - [MESSAGE][FAILED] - Unable to set text 'PUBL' of object 'Object Repository/Service/ServiceOrder/ServiceCreditCard/ServiceCreditCard.PaymentGateway' (Root cause: org.openqa.selenium.InvalidElementStateException: Element must be user-editable in order to clear it.
Command duration or timeout: 28 milliseconds
Build info: version: 'unknown', revision: 'unknown', time: 'unknown'
System info: host: 'ANIL110', ip: '192.168.25.228', os.name: 'Windows 7', os.arch: 'amd64', os.version: '6.1', java.version: '1.8.0_102'
Driver info: com.kms.katalon.core.webui.driver.firefox.CFirefoxDriver47
Capabilities [{applicationCacheEnabled=true, rotatable=false, handlesAlerts=true, databaseEnabled=true, version=56.0, platform=WINDOWS, nativeEvents=false, acceptSslCerts=true, webStorageEnabled=true, locationContextEnabled=true, browserName=firefox, takesScreenshot=true, javascriptEnabled=true, cssSelectorsEnabled=true}]
Session ID: 47cee382-baaa-44bc-80ab-a47e90decad4)
[[ATTACHMENT|C:\\Users\\agawhande\\git\\CreditCard\\Reports\\CC_ServiceTestSuite\\20171025_154554\\1508926725504.png]]

2017-10-25 15:48:45 - [TEST_STEP][PASSED] - delay: Delayed 2 second(s)

2017-10-25 15:48:47 - [MESSAGE][PASSED] - Delayed 2 second(s)

2017-10-25 15:48:47 - [TEST_STEP][PASSED] - click: Object: 'Object Repository/Service/ServiceOrder/ServiceCreditCard/ServiceCreditCard.CardType' is clicked on

2017-10-25 15:48:47 - [MESSAGE][PASSED] - Object: 'Object Repository/Service/ServiceOrder/ServiceCreditCard/ServiceCreditCard.CardType' is clicked on

2017-10-25 15:48:47 - [TEST_STEP][PASSED] - setText: Text 'Visa Card' is set on object 'Object Repository/Service/ServiceOrder/ServiceCreditCard/ServiceCreditCard.CardType'

2017-10-25 15:48:48 - [MESSAGE][PASSED] - Text 'Visa Card' is set on object 'Object Repository/Service/ServiceOrder/ServiceCreditCard/ServiceCreditCard.CardType'

2017-10-25 15:48:48 - [TEST_STEP][PASSED] - delay: Delayed 2 second(s)

2017-10-25 15:48:50 - [MESSAGE][PASSED] - Delayed 2 second(s)

2017-10-25 15:48:50 - [TEST_STEP][PASSED] - doubleClick: Object: 'Object Repository/Service/ServiceOrder/ServiceCreditCard/ServiceCreditCard.Enter CC No' is double clicked on

2017-10-25 15:48:51 - [MESSAGE][PASSED] - Object: 'Object Repository/Service/ServiceOrder/ServiceCreditCard/ServiceCreditCard.Enter CC No' is double clicked on

2017-10-25 15:48:51 - [TEST_STEP][PASSED] - sendKeys: Keys '4012000033330026' sent to object: 'Object Repository/Service/ServiceOrder/ServiceCreditCard/ServiceCreditCard.Enter CC No'

2017-10-25 15:48:51 - [MESSAGE][PASSED] - Keys '4012000033330026' sent to object: 'Object Repository/Service/ServiceOrder/ServiceCreditCard/ServiceCreditCard.Enter CC No'

2017-10-25 15:48:51 - [TEST_STEP][PASSED] - delay: Delayed 2 second(s)

2017-10-25 15:48:53 - [MESSAGE][PASSED] - Delayed 2 second(s)

2017-10-25 15:48:53 - [TEST_STEP][PASSED] - click: Object: 'Object Repository/Service/ServiceOrder/ServiceCreditCard/ServiceCreditCard.CVV2' is clicked on

2017-10-25 15:48:54 - [MESSAGE][PASSED] - Object: 'Object Repository/Service/ServiceOrder/ServiceCreditCard/ServiceCreditCard.CVV2' is clicked on

2017-10-25 15:48:54 - [TEST_STEP][PASSED] - setText: Text '865' is set on object 'Object Repository/Service/ServiceOrder/ServiceCreditCard/ServiceCreditCard.CVV2'

2017-10-25 15:48:54 - [MESSAGE][PASSED] - Text '865' is set on object 'Object Repository/Service/ServiceOrder/ServiceCreditCard/ServiceCreditCard.CVV2'

2017-10-25 15:48:54 - [TEST_STEP][NOT_RUN] - sendKeys: NOT_RUN: sendKeys

2017-10-25 15:48:54 - [MESSAGE][NOT_RUN] - NOT_RUN: sendKeys

2017-10-25 15:48:54 - [TEST_STEP][NOT_RUN] - delay: NOT_RUN: delay

2017-10-25 15:48:54 - [MESSAGE][NOT_RUN] - NOT_RUN: delay

2017-10-25 15:48:54 - [TEST_STEP][PASSED] - delay: Delayed 3 second(s)

2017-10-25 15:48:57 - [MESSAGE][PASSED] - Delayed 3 second(s)

2017-10-25 15:48:57 - [TEST_STEP][PASSED] - setText: Text '09' is set on object 'Object Repository/Service/ServiceOrder/ServiceCreditCard/ServiceCreditCard.ExpiryMonth'

2017-10-25 15:48:57 - [MESSAGE][PASSED] - Text '09' is set on object 'Object Repository/Service/ServiceOrder/ServiceCreditCard/ServiceCreditCard.ExpiryMonth'

2017-10-25 15:48:57 - [TEST_STEP][PASSED] - setText: Text '99' is set on object 'Object Repository/Service/ServiceOrder/ServiceCreditCard/ServiceCreditCard.ExpiryYear'

2017-10-25 15:48:57 - [MESSAGE][PASSED] - Text '99' is set on object 'Object Repository/Service/ServiceOrder/ServiceCreditCard/ServiceCreditCard.ExpiryYear'

2017-10-25 15:48:57 - [TEST_STEP][PASSED] - click: Object: 'Object Repository/Service/ServiceOrder/ServiceCreditCard/ServiceCreditCard.Process' is clicked on

2017-10-25 15:48:57 - [MESSAGE][PASSED] - Object: 'Object Repository/Service/ServiceOrder/ServiceCreditCard/ServiceCreditCard.Process' is clicked on

2017-10-25 15:48:57 - [TEST_STEP][PASSED] - delay: Delayed 13 second(s)

2017-10-25 15:49:10 - [MESSAGE][PASSED] - Delayed 13 second(s)

2017-10-25 15:49:10 - [TEST_STEP][PASSED] - click: Object: 'Object Repository/Service/ServiceOrder/ServiceCreditCard/ServiceCreditCard.PrintOK' is clicked on

2017-10-25 15:49:16 - [MESSAGE][PASSED] - Object: 'Object Repository/Service/ServiceOrder/ServiceCreditCard/ServiceCreditCard.PrintOK' is clicked on

2017-10-25 15:49:16 - [TEST_STEP][PASSED] - delay: Delayed 10 second(s)

2017-10-25 15:49:26 - [MESSAGE][PASSED] - Delayed 10 second(s)

2017-10-25 15:49:26 - [TEST_STEP][PASSED] - click: Object: 'Object Repository/Service/ServiceOrder/ServiceCreditCard/ServiceCreditCard.PrintDevice' is clicked on

2017-10-25 15:49:26 - [MESSAGE][PASSED] - Object: 'Object Repository/Service/ServiceOrder/ServiceCreditCard/ServiceCreditCard.PrintDevice' is clicked on

2017-10-25 15:49:26 - [TEST_STEP][PASSED] - delay: Delayed 5 second(s)

2017-10-25 15:49:31 - [MESSAGE][PASSED] - Delayed 5 second(s)

2017-10-25 15:49:31 - [MESSAGE][FAILED] - Unable to call Test Case with id 'Test Cases/Service/BaseTestCases/Base_Service_HeaderInvoice' (Root cause: Call Test Case 'Test Cases/Service/BaseTestCases/Base_Service_HeaderInvoice' failed)

2017-10-25 15:49:31 - [TEST_STEP][PASSED] - callTestCase: Call Test Case 'Test Cases/Service/BaseTestCases/Base_Service_GetInvoice' successfully

2017-10-25 15:49:31 - [TEST_CASE][PASSED] - Test Cases/Service/BaseTestCases/Base_Service_GetInvoice: Test Cases/Service/BaseTestCases/Base_Service_GetInvoice

2017-10-25 15:49:31 - [TEST_STEP][PASSED] - delay: Delayed 3 second(s)

2017-10-25 15:49:34 - [MESSAGE][PASSED] - Delayed 3 second(s)

2017-10-25 15:49:34 - [TEST_STEP][PASSED] - click: Object: 'Object Repository/Service/ServiceOrder/VerifyServiceOrderInvoice/ServiceorderHeader.HeaderSession' is clicked on

2017-10-25 15:49:34 - [MESSAGE][PASSED] - Object: 'Object Repository/Service/ServiceOrder/VerifyServiceOrderInvoice/ServiceorderHeader.HeaderSession' is clicked on

2017-10-25 15:49:34 - [TEST_STEP][PASSED] - click: Object: 'Object Repository/Service/ServiceOrder/VerifyServiceOrderInvoice/ServiceOrderHeader.InvoiceButton' is clicked on

2017-10-25 15:49:35 - [MESSAGE][PASSED] - Object: 'Object Repository/Service/ServiceOrder/VerifyServiceOrderInvoice/ServiceOrderHeader.InvoiceButton' is clicked on

2017-10-25 15:49:35 - [TEST_STEP][PASSED] - delay: Delayed 3 second(s)

2017-10-25 15:49:38 - [MESSAGE][PASSED] - Delayed 3 second(s)

2017-10-25 15:49:38 - [TEST_STEP][PASSED] - Statement - G_InvoiceTnxType = com.kms.katalon.core.webui.keyword.WebUiBuiltInKeywords.getText(com.kms.katalon.core.testobject.ObjectRepository.findTestObject(Service/ServiceOrder/VerifyServiceOrderInvoice/ServiceOrderHeader.Invoice1)): Text of object 'Object Repository/Service/ServiceOrder/VerifyServiceOrderInvoice/ServiceOrderHeader.Invoice1' is: 'SIS'

2017-10-25 15:49:38 - [MESSAGE][PASSED] - Text of object 'Object Repository/Service/ServiceOrder/VerifyServiceOrderInvoice/ServiceOrderHeader.Invoice1' is: 'SIS'

2017-10-25 15:49:38 - [TEST_STEP][PASSED] - Statement - G_InvoiceTnxNo = com.kms.katalon.core.webui.keyword.WebUiBuiltInKeywords.getText(com.kms.katalon.core.testobject.ObjectRepository.findTestObject(Service/ServiceOrder/VerifyServiceOrderInvoice/ServiceOrderHeader.Invoice2)): Text of object 'Object Repository/Service/ServiceOrder/VerifyServiceOrderInvoice/ServiceOrderHeader.Invoice2' is: '10006725'

2017-10-25 15:49:38 - [MESSAGE][PASSED] - Text of object 'Object Repository/Service/ServiceOrder/VerifyServiceOrderInvoice/ServiceOrderHeader.Invoice2' is: '10006725'

2017-10-25 15:49:38 - [MESSAGE][PASSED] - Call Test Case 'Test Cases/Service/BaseTestCases/Base_Service_GetInvoice' successfully

2017-10-25 15:49:38 - [TEST_STEP][FAILED] - callTestCase: Unable to call Test Case with id 'Test Cases/Finance/BaseTestCases/Base_Finance_CheckOpenEntriesForCCInvoice_Service' (Root cause: Call Test Case 'Test Cases/Finance/BaseTestCases/Base_Finance_CheckOpenEntriesForCCInvoice_Service' failed)

2017-10-25 15:49:38 - [TEST_CASE][FAILED] - Test Cases/Finance/BaseTestCases/Base_Finance_CheckOpenEntriesForCCInvoice_Service: Test Cases/Finance/BaseTestCases/Base_Finance_CheckOpenEntriesForCCInvoice_Service FAILED because (of) Unable to verify equal between actual object '900.00' and expected object '1,200.00' (Root cause: Actual object '900.00' and expected object '1,200.00' are not equal)

2017-10-25 15:49:38 - [TEST_STEP][PASSED] - callTestCase: Call Test Case 'Test Cases/Common/Base_Common_OpenSession' successfully

2017-10-25 15:49:38 - [TEST_CASE][PASSED] - Test Cases/Common/Base_Common_OpenSession: Test Cases/Common/Base_Common_OpenSession

2017-10-25 15:49:38 - [TEST_STEP][PASSED] - openBrowser: Browser is opened with url: 'https://rgajbhiye:Robin$123@proxima-ln4.e-emphasys.com:8441/webui/servlet/login'

2017-10-25 15:49:38 - [MESSAGE][WARNING] - A browser is already opened. Closing browser and opening a new one

2017-10-25 15:49:47 - [MESSAGE][PASSED] - Browser is opened with url: 'https://rgajbhiye:Robin$123@proxima-ln4.e-emphasys.com:8441/webui/servlet/login'

2017-10-25 15:49:47 - [TEST_STEP][PASSED] - waitForPageLoad: Wait for page load successfully

2017-10-25 15:49:47 - [MESSAGE][PASSED] - Wait for page load successfully

2017-10-25 15:49:47 - [TEST_STEP][PASSED] - maximizeWindow: Current window maximized

2017-10-25 15:49:47 - [MESSAGE][PASSED] - Current window maximized

2017-10-25 15:49:47 - [TEST_STEP][PASSED] - click: Object: 'Object Repository/Common/HomePage/HomePage_more' is clicked on

2017-10-25 15:49:51 - [MESSAGE][PASSED] - Object: 'Object Repository/Common/HomePage/HomePage_more' is clicked on

2017-10-25 15:49:51 - [TEST_STEP][PASSED] - click: Object: 'Object Repository/Common/HomePage/HomePage_Option' is clicked on

2017-10-25 15:49:51 - [MESSAGE][PASSED] - Object: 'Object Repository/Common/HomePage/HomePage_Option' is clicked on

2017-10-25 15:49:51 - [TEST_STEP][PASSED] - click: Object: 'Object Repository/Common/HomePage/HomePage_RunProgram_' is clicked on

2017-10-25 15:49:52 - [MESSAGE][PASSED] - Object: 'Object Repository/Common/HomePage/HomePage_RunProgram_' is clicked on

2017-10-25 15:49:52 - [TEST_STEP][PASSED] - sendKeys: Keys 'tfacr2520m000' sent to object: 'Object Repository/Common/HomePage/HomePage_Session_ID'

2017-10-25 15:49:52 - [MESSAGE][PASSED] - Keys 'tfacr2520m000' sent to object: 'Object Repository/Common/HomePage/HomePage_Session_ID'

2017-10-25 15:49:52 - [TEST_STEP][PASSED] - click: Object: 'Object Repository/Common/HomePage/HomePage_OkButton' is clicked on

2017-10-25 15:49:52 - [MESSAGE][PASSED] - Object: 'Object Repository/Common/HomePage/HomePage_OkButton' is clicked on

2017-10-25 15:49:52 - [MESSAGE][PASSED] - Call Test Case 'Test Cases/Common/Base_Common_OpenSession' successfully

2017-10-25 15:49:52 - [TEST_STEP][PASSED] - click: Object: 'Object Repository/Finance/BaseTestCases_OpenEntries_Service/OpenEntries_DocumentType' is clicked on

2017-10-25 15:49:57 - [MESSAGE][PASSED] - Object: 'Object Repository/Finance/BaseTestCases_OpenEntries_Service/OpenEntries_DocumentType' is clicked on

2017-10-25 15:49:57 - [TEST_STEP][PASSED] - click: Object: 'Object Repository/Finance/BaseTestCases_OpenEntries_Service/OpenEntries_DocumentNo' is clicked on

2017-10-25 15:49:57 - [MESSAGE][PASSED] - Object: 'Object Repository/Finance/BaseTestCases_OpenEntries_Service/OpenEntries_DocumentNo' is clicked on

2017-10-25 15:49:57 - [TEST_STEP][PASSED] - setText: Text 'SIS' is set on object 'Object Repository/Finance/BaseTestCases_OpenEntries_Service/OpenEntries_DocumentType'

2017-10-25 15:49:57 - [MESSAGE][PASSED] - Text 'SIS' is set on object 'Object Repository/Finance/BaseTestCases_OpenEntries_Service/OpenEntries_DocumentType'

2017-10-25 15:49:57 - [TEST_STEP][NOT_RUN] - sendKeys: NOT_RUN: sendKeys

2017-10-25 15:49:57 - [MESSAGE][NOT_RUN] - NOT_RUN: sendKeys

2017-10-25 15:49:57 - [TEST_STEP][NOT_RUN] - delay: NOT_RUN: delay

2017-10-25 15:49:57 - [MESSAGE][NOT_RUN] - NOT_RUN: delay

2017-10-25 15:49:57 - [TEST_STEP][PASSED] - setText: Text '10006725' is set on object 'Object Repository/Finance/BaseTestCases_OpenEntries_Service/OpenEntries_DocumentNo'

2017-10-25 15:49:58 - [MESSAGE][PASSED] - Text '10006725' is set on object 'Object Repository/Finance/BaseTestCases_OpenEntries_Service/OpenEntries_DocumentNo'

2017-10-25 15:49:58 - [TEST_STEP][NOT_RUN] - delay: NOT_RUN: delay

2017-10-25 15:49:58 - [MESSAGE][NOT_RUN] - NOT_RUN: delay

2017-10-25 15:49:58 - [TEST_STEP][NOT_RUN] - sendKeys: NOT_RUN: sendKeys

2017-10-25 15:49:58 - [MESSAGE][NOT_RUN] - NOT_RUN: sendKeys

2017-10-25 15:49:58 - [TEST_STEP][PASSED] - click: Object: 'Object Repository/Finance/BaseTestCases_OpenEntries_Service/OpenEntries_Action' is clicked on

2017-10-25 15:49:58 - [MESSAGE][PASSED] - Object: 'Object Repository/Finance/BaseTestCases_OpenEntries_Service/OpenEntries_Action' is clicked on

2017-10-25 15:49:58 - [TEST_STEP][PASSED] - click: Object: 'Object Repository/Finance/BaseTestCases_OpenEntries_Service/OpenEntries.FullyPaid' is clicked on

2017-10-25 15:49:59 - [MESSAGE][PASSED] - Object: 'Object Repository/Finance/BaseTestCases_OpenEntries_Service/OpenEntries.FullyPaid' is clicked on

2017-10-25 15:49:59 - [TEST_STEP][PASSED] - delay: Delayed 5 second(s)

2017-10-25 15:50:04 - [MESSAGE][PASSED] - Delayed 5 second(s)

2017-10-25 15:50:04 - [TEST_STEP][PASSED] - scrollToElement: Scroll to object 'Object Repository/Finance/BaseTestCases_OpenEntries_Service/OpenEntries.InvoiceAmt' successfully

2017-10-25 15:50:04 - [MESSAGE][PASSED] - Scroll to object 'Object Repository/Finance/BaseTestCases_OpenEntries_Service/OpenEntries.InvoiceAmt' successfully

2017-10-25 15:50:04 - [TEST_STEP][PASSED] - delay: Delayed 5 second(s)

2017-10-25 15:50:09 - [MESSAGE][PASSED] - Delayed 5 second(s)

2017-10-25 15:50:09 - [TEST_STEP][PASSED] - Statement - BalanceAmount = com.kms.katalon.core.webui.keyword.WebUiBuiltInKeywords.getText(com.kms.katalon.core.testobject.ObjectRepository.findTestObject(Finance/BaseTestCases_OpenEntries_Service/OpenEntries.BalanceAmt)): Text of object 'Object Repository/Finance/BaseTestCases_OpenEntries_Service/OpenEntries.BalanceAmt' is: '0.00'

2017-10-25 15:50:09 - [MESSAGE][PASSED] - Text of object 'Object Repository/Finance/BaseTestCases_OpenEntries_Service/OpenEntries.BalanceAmt' is: '0.00'

2017-10-25 15:50:09 - [TEST_STEP][PASSED] - verifyEqual: Actual object '0.00' and expected object '0.00' are equal

2017-10-25 15:50:09 - [MESSAGE][PASSED] - Actual object '0.00' and expected object '0.00' are equal

2017-10-25 15:50:09 - [TEST_STEP][PASSED] - click: Object: 'Object Repository/Finance/BaseTestCases_OpenEntries_Service/OpenEntries.Reference' is clicked on

2017-10-25 15:50:09 - [MESSAGE][PASSED] - Object: 'Object Repository/Finance/BaseTestCases_OpenEntries_Service/OpenEntries.Reference' is clicked on

2017-10-25 15:50:09 - [TEST_STEP][PASSED] - setText: Text '' is set on object 'Object Repository/Finance/BaseTestCases_OpenEntries_Service/OpenEntries_DocumentType'

2017-10-25 15:50:09 - [MESSAGE][PASSED] - Text '' is set on object 'Object Repository/Finance/BaseTestCases_OpenEntries_Service/OpenEntries_DocumentType'

2017-10-25 15:50:09 - [TEST_STEP][PASSED] - setText: Text '' is set on object 'Object Repository/Finance/BaseTestCases_OpenEntries_Service/OpenEntries_DocumentNo'

2017-10-25 15:50:10 - [MESSAGE][PASSED] - Text '' is set on object 'Object Repository/Finance/BaseTestCases_OpenEntries_Service/OpenEntries_DocumentNo'

2017-10-25 15:50:10 - [TEST_STEP][PASSED] - sendKeys: Keys '' sent to object: 'Object Repository/Finance/BaseTestCases_OpenEntries_Service/OpenEntries_DocumentType'

2017-10-25 15:50:10 - [MESSAGE][PASSED] - Keys '' sent to object: 'Object Repository/Finance/BaseTestCases_OpenEntries_Service/OpenEntries_DocumentType'

2017-10-25 15:50:10 - [TEST_STEP][PASSED] - sendKeys: Keys '' sent to object: 'Object Repository/Finance/BaseTestCases_OpenEntries_Service/OpenEntries_DocumentNo'

2017-10-25 15:50:10 - [MESSAGE][PASSED] - Keys '' sent to object: 'Object Repository/Finance/BaseTestCases_OpenEntries_Service/OpenEntries_DocumentNo'

2017-10-25 15:50:10 - [TEST_STEP][PASSED] - setText: Text 'M00000182 (SIS/10006720)' is set on object 'Object Repository/Finance/BaseTestCases_OpenEntries_Service/OpenEntries.Reference'

2017-10-25 15:50:10 - [MESSAGE][PASSED] - Text 'M00000182 (SIS/10006720)' is set on object 'Object Repository/Finance/BaseTestCases_OpenEntries_Service/OpenEntries.Reference'

2017-10-25 15:50:10 - [TEST_STEP][PASSED] - click: Object: 'Object Repository/Finance/BaseTestCases_OpenEntries_Service/OpenEntries_DocumentNo' is clicked on

2017-10-25 15:50:11 - [MESSAGE][PASSED] - Object: 'Object Repository/Finance/BaseTestCases_OpenEntries_Service/OpenEntries_DocumentNo' is clicked on

2017-10-25 15:50:11 - [TEST_STEP][PASSED] - delay: Delayed 3 second(s)

2017-10-25 15:50:14 - [MESSAGE][PASSED] - Delayed 3 second(s)

2017-10-25 15:50:14 - [TEST_STEP][PASSED] - scrollToElement: Scroll to object 'Object Repository/Finance/BaseTestCases_OpenEntries_Service/OpenEntries.BalanceAmt' successfully

2017-10-25 15:50:14 - [MESSAGE][PASSED] - Scroll to object 'Object Repository/Finance/BaseTestCases_OpenEntries_Service/OpenEntries.BalanceAmt' successfully

2017-10-25 15:50:14 - [TEST_STEP][PASSED] - Statement - BalanceAmount = com.kms.katalon.core.webui.keyword.WebUiBuiltInKeywords.getText(com.kms.katalon.core.testobject.ObjectRepository.findTestObject(Finance/BaseTestCases_OpenEntries_Service/OpenEntries.BalanceAmt)): Text of object 'Object Repository/Finance/BaseTestCases_OpenEntries_Service/OpenEntries.BalanceAmt' is: '900.00'

2017-10-25 15:50:14 - [MESSAGE][PASSED] - Text of object 'Object Repository/Finance/BaseTestCases_OpenEntries_Service/OpenEntries.BalanceAmt' is: '900.00'

2017-10-25 15:50:14 - [TEST_STEP][PASSED] - Statement - InvoiceAmount = com.kms.katalon.core.webui.keyword.WebUiBuiltInKeywords.getText(com.kms.katalon.core.testobject.ObjectRepository.findTestObject(Finance/BaseTestCases_OpenEntries_Service/OpenEntries.InvoiceAmt)): Text of object 'Object Repository/Finance/BaseTestCases_OpenEntries_Service/OpenEntries.InvoiceAmt' is: '1,200.00'

2017-10-25 15:50:14 - [MESSAGE][PASSED] - Text of object 'Object Repository/Finance/BaseTestCases_OpenEntries_Service/OpenEntries.InvoiceAmt' is: '1,200.00'

2017-10-25 15:50:14 - [TEST_STEP][FAILED] - verifyEqual: Unable to verify equal between actual object '900.00' and expected object '1,200.00' (Root cause: Actual object '900.00' and expected object '1,200.00' are not equal)

2017-10-25 15:50:14 - [MESSAGE][FAILED] - Unable to verify equal between actual object '900.00' and expected object '1,200.00' (Root cause: Actual object '900.00' and expected object '1,200.00' are not equal)

2017-10-25 15:50:14 - [TEST_STEP][NOT_RUN] - closeBrowser: NOT_RUN: closeBrowser

2017-10-25 15:50:14 - [MESSAGE][NOT_RUN] - NOT_RUN: closeBrowser

2017-10-25 15:50:14 - [MESSAGE][FAILED] - Unable to call Test Case with id 'Test Cases/Finance/BaseTestCases/Base_Finance_CheckOpenEntriesForCCInvoice_Service' (Root cause: Call Test Case 'Test Cases/Finance/BaseTestCases/Base_Finance_CheckOpenEntriesForCCInvoice_Service' failed)]]></system-out>
         <system-err><![CDATA[2017-10-25 15:46:02 - [TEST_CASE][FAILED] - Test Cases/Service/CreditCardRegression/TC001_Service_CreditCard - Iteration 1: Test Cases/Service/CreditCardRegression/TC001_Service_CreditCard FAILED because (of) Unable to set text 'PUBL' of object 'Object Repository/Service/ServiceOrder/ServiceCreditCard/ServiceCreditCard.PaymentGateway' (Root cause: org.openqa.selenium.InvalidElementStateException: Element must be user-editable in order to clear it.
Command duration or timeout: 28 milliseconds
Build info: version: 'unknown', revision: 'unknown', time: 'unknown'
System info: host: 'ANIL110', ip: '192.168.25.228', os.name: 'Windows 7', os.arch: 'amd64', os.version: '6.1', java.version: '1.8.0_102'
Driver info: com.kms.katalon.core.webui.driver.firefox.CFirefoxDriver47
Capabilities [{applicationCacheEnabled=true, rotatable=false, handlesAlerts=true, databaseEnabled=true, version=56.0, platform=WINDOWS, nativeEvents=false, acceptSslCerts=true, webStorageEnabled=true, locationContextEnabled=true, browserName=firefox, takesScreenshot=true, javascriptEnabled=true, cssSelectorsEnabled=true}]
Session ID: 47cee382-baaa-44bc-80ab-a47e90decad4)]]></system-err>
      </testcase>
      <testcase name="Test Cases/Service/CreditCardRegression/TC001_Service_CreditCard - Iteration 2" classname="Test Cases/Service/CreditCardRegression/TC001_Service_CreditCard" status="INCOMPLETE">
         <system-out><![CDATA[2017-10-25 15:50:15 - [TEST_CASE][INCOMPLETE] - Test Cases/Service/CreditCardRegression/TC001_Service_CreditCard - Iteration 2: null

2017-10-25 15:50:15 - [TEST_STEP][PASSED] - callTestCase: Call Test Case 'Test Cases/Service/BaseTestCases/Base_Service_CreateHeader' successfully

2017-10-25 15:50:15 - [TEST_CASE][PASSED] - Test Cases/Service/BaseTestCases/Base_Service_CreateHeader: Test Cases/Service/BaseTestCases/Base_Service_CreateHeader

2017-10-25 15:50:15 - [TEST_STEP][PASSED] - callTestCase: Call Test Case 'Test Cases/Common/Base_Common_OpenSession' successfully

2017-10-25 15:50:15 - [TEST_CASE][PASSED] - Test Cases/Common/Base_Common_OpenSession: Test Cases/Common/Base_Common_OpenSession

2017-10-25 15:50:15 - [TEST_STEP][PASSED] - openBrowser: Browser is opened with url: 'https://rgajbhiye:Robin$123@proxima-ln4.e-emphasys.com:8441/webui/servlet/login'

2017-10-25 15:50:15 - [MESSAGE][WARNING] - A browser is already opened. Closing browser and opening a new one

2017-10-25 15:50:21 - [MESSAGE][PASSED] - Browser is opened with url: 'https://rgajbhiye:Robin$123@proxima-ln4.e-emphasys.com:8441/webui/servlet/login'

2017-10-25 15:50:21 - [TEST_STEP][PASSED] - waitForPageLoad: Wait for page load successfully

2017-10-25 15:50:21 - [MESSAGE][PASSED] - Wait for page load successfully

2017-10-25 15:50:21 - [TEST_STEP][PASSED] - maximizeWindow: Current window maximized

2017-10-25 15:50:21 - [MESSAGE][PASSED] - Current window maximized

2017-10-25 15:50:21 - [TEST_STEP][PASSED] - click: Object: 'Object Repository/Common/HomePage/HomePage_more' is clicked on

2017-10-25 15:50:25 - [MESSAGE][PASSED] - Object: 'Object Repository/Common/HomePage/HomePage_more' is clicked on

2017-10-25 15:50:25 - [TEST_STEP][PASSED] - click: Object: 'Object Repository/Common/HomePage/HomePage_Option' is clicked on

2017-10-25 15:50:25 - [MESSAGE][PASSED] - Object: 'Object Repository/Common/HomePage/HomePage_Option' is clicked on

2017-10-25 15:50:25 - [TEST_STEP][PASSED] - click: Object: 'Object Repository/Common/HomePage/HomePage_RunProgram_' is clicked on

2017-10-25 15:50:25 - [MESSAGE][PASSED] - Object: 'Object Repository/Common/HomePage/HomePage_RunProgram_' is clicked on

2017-10-25 15:50:25 - [TEST_STEP][PASSED] - sendKeys: Keys 'tssoc2100m001' sent to object: 'Object Repository/Common/HomePage/HomePage_Session_ID'

2017-10-25 15:50:26 - [MESSAGE][PASSED] - Keys 'tssoc2100m001' sent to object: 'Object Repository/Common/HomePage/HomePage_Session_ID'

2017-10-25 15:50:26 - [TEST_STEP][PASSED] - click: Object: 'Object Repository/Common/HomePage/HomePage_OkButton' is clicked on

2017-10-25 15:50:26 - [MESSAGE][PASSED] - Object: 'Object Repository/Common/HomePage/HomePage_OkButton' is clicked on

2017-10-25 15:50:26 - [MESSAGE][PASSED] - Call Test Case 'Test Cases/Common/Base_Common_OpenSession' successfully

2017-10-25 15:50:26 - [TEST_STEP][PASSED] - click: Object: 'Object Repository/Service/ServiceOrder/ServiceOrderHeader/ServiceOrderHeader.Newbutton' is clicked on

2017-10-25 15:50:29 - [MESSAGE][PASSED] - Object: 'Object Repository/Service/ServiceOrder/ServiceOrderHeader/ServiceOrderHeader.Newbutton' is clicked on

2017-10-25 15:50:29 - [TEST_STEP][PASSED] - delay: Delayed 3 second(s)

2017-10-25 15:50:32 - [MESSAGE][PASSED] - Delayed 3 second(s)

2017-10-25 15:50:32 - [TEST_STEP][PASSED] - setText: Text 'M00000182 ' is set on object 'Object Repository/Service/ServiceOrder/ServiceOrderHeader/ServiceOrderHeader.Customer'

2017-10-25 15:50:32 - [MESSAGE][PASSED] - Text 'M00000182 ' is set on object 'Object Repository/Service/ServiceOrder/ServiceOrderHeader/ServiceOrderHeader.Customer'

2017-10-25 15:50:32 - [TEST_STEP][PASSED] - sendKeys: Keys '' sent to object: 'Object Repository/Service/ServiceOrder/ServiceOrderHeader/ServiceOrderHeader.Customer'

2017-10-25 15:50:33 - [MESSAGE][PASSED] - Keys '' sent to object: 'Object Repository/Service/ServiceOrder/ServiceOrderHeader/ServiceOrderHeader.Customer'

2017-10-25 15:50:33 - [TEST_STEP][PASSED] - delay: Delayed 3 second(s)

2017-10-25 15:50:36 - [MESSAGE][PASSED] - Delayed 3 second(s)

2017-10-25 15:50:36 - [TEST_STEP][PASSED] - setText: Text 'MD0007993' is set on object 'Object Repository/Service/ServiceOrder/ServiceOrderHeader/ServiceOrderHeader.Unit'

2017-10-25 15:50:36 - [MESSAGE][PASSED] - Text 'MD0007993' is set on object 'Object Repository/Service/ServiceOrder/ServiceOrderHeader/ServiceOrderHeader.Unit'

2017-10-25 15:50:36 - [TEST_STEP][PASSED] - click: Object: 'Object Repository/Service/ServiceOrder/ServiceOrderHeader/ServiceOrderHeader.Save' is clicked on

2017-10-25 15:50:36 - [MESSAGE][PASSED] - Object: 'Object Repository/Service/ServiceOrder/ServiceOrderHeader/ServiceOrderHeader.Save' is clicked on

2017-10-25 15:50:36 - [TEST_STEP][PASSED] - click: Object: 'Object Repository/Service/ServiceOrder/ServiceOrderHeader/ServiceOrderHeader.Warning' is clicked on

2017-10-25 15:50:41 - [MESSAGE][PASSED] - Object: 'Object Repository/Service/ServiceOrder/ServiceOrderHeader/ServiceOrderHeader.Warning' is clicked on

2017-10-25 15:50:41 - [TEST_STEP][PASSED] - delay: Delayed 3 second(s)

2017-10-25 15:50:44 - [MESSAGE][PASSED] - Delayed 3 second(s)

2017-10-25 15:50:44 - [TEST_STEP][PASSED] - click: Object: 'Object Repository/Service/ServiceOrder/ServiceOrderHeader/ServiceOrderHeader.PaymentMode' is clicked on

2017-10-25 15:50:44 - [MESSAGE][PASSED] - Object: 'Object Repository/Service/ServiceOrder/ServiceOrderHeader/ServiceOrderHeader.PaymentMode' is clicked on

2017-10-25 15:50:44 - [TEST_STEP][PASSED] - click: Object: 'Object Repository/Service/ServiceOrder/ServiceOrderHeader/ServiceOrderHeader.CreditCardoption' is clicked on

2017-10-25 15:50:44 - [MESSAGE][PASSED] - Object: 'Object Repository/Service/ServiceOrder/ServiceOrderHeader/ServiceOrderHeader.CreditCardoption' is clicked on

2017-10-25 15:50:44 - [TEST_STEP][PASSED] - delay: Delayed 5 second(s)

2017-10-25 15:50:49 - [MESSAGE][PASSED] - Delayed 5 second(s)

2017-10-25 15:50:49 - [TEST_STEP][NOT_RUN] - setText: NOT_RUN: setText

2017-10-25 15:50:49 - [MESSAGE][NOT_RUN] - NOT_RUN: setText

2017-10-25 15:50:49 - [TEST_STEP][PASSED] - click: Object: 'Object Repository/Service/ServiceOrder/ServiceOrderHeader/ServiceOrderHeader.Save' is clicked on

2017-10-25 15:50:49 - [MESSAGE][PASSED] - Object: 'Object Repository/Service/ServiceOrder/ServiceOrderHeader/ServiceOrderHeader.Save' is clicked on

2017-10-25 15:50:49 - [TEST_STEP][PASSED] - delay: Delayed 5 second(s)

2017-10-25 15:50:54 - [MESSAGE][PASSED] - Delayed 5 second(s)

2017-10-25 15:50:54 - [TEST_STEP][PASSED] - Statement - SWOOrderNo = com.kms.katalon.core.webui.keyword.WebUiBuiltInKeywords.getAttribute(com.kms.katalon.core.testobject.ObjectRepository.findTestObject(Service/ServiceOrder/ServiceOrderHeader/ServiceOrderHeader.OrderNo), "value"): Attribute 'value' of object 'Object Repository/Service/ServiceOrder/ServiceOrderHeader/ServiceOrderHeader.OrderNo' is: 'SWO119764'

2017-10-25 15:50:55 - [MESSAGE][PASSED] - Attribute 'value' of object 'Object Repository/Service/ServiceOrder/ServiceOrderHeader/ServiceOrderHeader.OrderNo' is: 'SWO119764'

2017-10-25 15:50:55 - [TEST_STEP][PASSED] - verifyNotEqual: Actual object 'SWO119764' and expected object '' are not equal

2017-10-25 15:50:55 - [MESSAGE][PASSED] - Actual object 'SWO119764' and expected object '' are not equal

2017-10-25 15:50:55 - [TEST_STEP][PASSED] - delay: Delayed 5 second(s)

2017-10-25 15:51:00 - [MESSAGE][PASSED] - Delayed 5 second(s)

2017-10-25 15:51:00 - [TEST_STEP][PASSED] - click: Object: 'Object Repository/Service/ServiceOrder/ServiceOrderHeader/ServiceOrderHeader.Actions' is clicked on

2017-10-25 15:51:00 - [MESSAGE][PASSED] - Object: 'Object Repository/Service/ServiceOrder/ServiceOrderHeader/ServiceOrderHeader.Actions' is clicked on

2017-10-25 15:51:00 - [TEST_STEP][PASSED] - delay: Delayed 3 second(s)

2017-10-25 15:51:03 - [MESSAGE][PASSED] - Delayed 3 second(s)

2017-10-25 15:51:03 - [TEST_STEP][PASSED] - click: Object: 'Object Repository/Service/ServiceOrder/ServiceOrderHeader/ServiceOrderHeader.Segments' is clicked on

2017-10-25 15:51:03 - [MESSAGE][PASSED] - Object: 'Object Repository/Service/ServiceOrder/ServiceOrderHeader/ServiceOrderHeader.Segments' is clicked on

2017-10-25 15:51:03 - [TEST_STEP][PASSED] - delay: Delayed 3 second(s)

2017-10-25 15:51:06 - [MESSAGE][PASSED] - Delayed 3 second(s)

2017-10-25 15:51:06 - [MESSAGE][PASSED] - Call Test Case 'Test Cases/Service/BaseTestCases/Base_Service_CreateHeader' successfully

2017-10-25 15:51:06 - [TEST_STEP][FAILED] - callTestCase: Unable to call Test Case with id 'Test Cases/Service/BaseTestCases/Base_Service_AddSegment' (Root cause: Call Test Case 'Test Cases/Service/BaseTestCases/Base_Service_AddSegment' failed)

2017-10-25 15:51:06 - [TEST_CASE][FAILED] - Test Cases/Service/BaseTestCases/Base_Service_AddSegment: Test Cases/Service/BaseTestCases/Base_Service_AddSegment FAILED because (of) Unable to click on object 'Object Repository/Service/ServiceOrder/ServiceOrderSegment/ServiceOrderSegment.Action' (Root cause: org.openqa.selenium.WebDriverException: Element <div tabindex="0" class="Button MenuButton TextButton" id="tssoc2110m002-1-button-std:action" draggable="true"></div> is not clickable at point (820, 123.01666259765625). Other element would receive the click: <div class="WindowManagerGlass" style="z-index: 1;"></div>
Command duration or timeout: 82 milliseconds
Build info: version: 'unknown', revision: 'unknown', time: 'unknown'
System info: host: 'ANIL110', ip: '192.168.25.228', os.name: 'Windows 7', os.arch: 'amd64', os.version: '6.1', java.version: '1.8.0_102'
Driver info: com.kms.katalon.core.webui.driver.firefox.CFirefoxDriver47
Capabilities [{applicationCacheEnabled=true, rotatable=false, handlesAlerts=true, databaseEnabled=true, version=56.0, platform=WINDOWS, nativeEvents=false, acceptSslCerts=true, webStorageEnabled=true, locationContextEnabled=true, browserName=firefox, takesScreenshot=true, javascriptEnabled=true, cssSelectorsEnabled=true}]
Session ID: b2a30c3d-2589-4274-b87d-3c02dacdacd0)

2017-10-25 15:51:06 - [TEST_STEP][PASSED] - click: Object: 'Object Repository/Service/ServiceOrder/ServiceOrderSegment/ServiceOrderSegment.ServiceType' is clicked on

2017-10-25 15:51:06 - [MESSAGE][PASSED] - Object: 'Object Repository/Service/ServiceOrder/ServiceOrderSegment/ServiceOrderSegment.ServiceType' is clicked on

2017-10-25 15:51:06 - [TEST_STEP][PASSED] - setText: Text 'ABC' is set on object 'Object Repository/Service/ServiceOrder/ServiceOrderSegment/ServiceOrderSegment.ServiceType'

2017-10-25 15:51:07 - [MESSAGE][PASSED] - Text 'ABC' is set on object 'Object Repository/Service/ServiceOrder/ServiceOrderSegment/ServiceOrderSegment.ServiceType'

2017-10-25 15:51:07 - [TEST_STEP][NOT_RUN] - sendKeys: NOT_RUN: sendKeys

2017-10-25 15:51:07 - [MESSAGE][NOT_RUN] - NOT_RUN: sendKeys

2017-10-25 15:51:07 - [TEST_STEP][PASSED] - delay: Delayed 3 second(s)

2017-10-25 15:51:10 - [MESSAGE][PASSED] - Delayed 3 second(s)

2017-10-25 15:51:10 - [TEST_STEP][PASSED] - click: Object: 'Object Repository/Service/ServiceOrder/ServiceOrderSegment/ServiceOrderSegment.Save' is clicked on

2017-10-25 15:51:10 - [MESSAGE][PASSED] - Object: 'Object Repository/Service/ServiceOrder/ServiceOrderSegment/ServiceOrderSegment.Save' is clicked on

2017-10-25 15:51:10 - [TEST_STEP][PASSED] - delay: Delayed 10 second(s)

2017-10-25 15:51:20 - [MESSAGE][PASSED] - Delayed 10 second(s)

2017-10-25 15:51:20 - [TEST_STEP][FAILED] - click: Unable to click on object 'Object Repository/Service/ServiceOrder/ServiceOrderSegment/ServiceOrderSegment.Action' (Root cause: org.openqa.selenium.WebDriverException: Element <div tabindex="0" class="Button MenuButton TextButton" id="tssoc2110m002-1-button-std:action" draggable="true"></div> is not clickable at point (820, 123.01666259765625). Other element would receive the click: <div class="WindowManagerGlass" style="z-index: 1;"></div>
Command duration or timeout: 82 milliseconds
Build info: version: 'unknown', revision: 'unknown', time: 'unknown'
System info: host: 'ANIL110', ip: '192.168.25.228', os.name: 'Windows 7', os.arch: 'amd64', os.version: '6.1', java.version: '1.8.0_102'
Driver info: com.kms.katalon.core.webui.driver.firefox.CFirefoxDriver47
Capabilities [{applicationCacheEnabled=true, rotatable=false, handlesAlerts=true, databaseEnabled=true, version=56.0, platform=WINDOWS, nativeEvents=false, acceptSslCerts=true, webStorageEnabled=true, locationContextEnabled=true, browserName=firefox, takesScreenshot=true, javascriptEnabled=true, cssSelectorsEnabled=true}]
Session ID: b2a30c3d-2589-4274-b87d-3c02dacdacd0)

2017-10-25 15:51:20 - [MESSAGE][FAILED] - Unable to click on object 'Object Repository/Service/ServiceOrder/ServiceOrderSegment/ServiceOrderSegment.Action' (Root cause: org.openqa.selenium.WebDriverException: Element <div tabindex="0" class="Button MenuButton TextButton" id="tssoc2110m002-1-button-std:action" draggable="true"></div> is not clickable at point (820, 123.01666259765625). Other element would receive the click: <div class="WindowManagerGlass" style="z-index: 1;"></div>
Command duration or timeout: 82 milliseconds
Build info: version: 'unknown', revision: 'unknown', time: 'unknown'
System info: host: 'ANIL110', ip: '192.168.25.228', os.name: 'Windows 7', os.arch: 'amd64', os.version: '6.1', java.version: '1.8.0_102'
Driver info: com.kms.katalon.core.webui.driver.firefox.CFirefoxDriver47
Capabilities [{applicationCacheEnabled=true, rotatable=false, handlesAlerts=true, databaseEnabled=true, version=56.0, platform=WINDOWS, nativeEvents=false, acceptSslCerts=true, webStorageEnabled=true, locationContextEnabled=true, browserName=firefox, takesScreenshot=true, javascriptEnabled=true, cssSelectorsEnabled=true}]
Session ID: b2a30c3d-2589-4274-b87d-3c02dacdacd0)
[[ATTACHMENT|C:\\Users\\agawhande\\git\\CreditCard\\Reports\\CC_ServiceTestSuite\\20171025_154554\\1508926880612.png]]

2017-10-25 15:51:20 - [TEST_STEP][PASSED] - delay: Delayed 2 second(s)

2017-10-25 15:51:22 - [MESSAGE][PASSED] - Delayed 2 second(s)

2017-10-25 15:51:22 - [TEST_STEP][FAILED] - click: Unable to click on object 'Object Repository/Service/ServiceOrder/ServiceOrderSegment/ServiceOrderSegment.Release' (Root cause: com.kms.katalon.core.webui.exception.WebElementNotFoundException: Web element with id: 'Object Repository/Service/ServiceOrder/ServiceOrderSegment/ServiceOrderSegment.Release' located by 'By.xpath: //*[@id = 'tssoc2110m002-1-menu-std:action-form-exec.user.9']' not found)

2017-10-25 15:51:55 - [MESSAGE][FAILED] - Unable to click on object 'Object Repository/Service/ServiceOrder/ServiceOrderSegment/ServiceOrderSegment.Release' (Root cause: com.kms.katalon.core.webui.exception.WebElementNotFoundException: Web element with id: 'Object Repository/Service/ServiceOrder/ServiceOrderSegment/ServiceOrderSegment.Release' located by 'By.xpath: //*[@id = 'tssoc2110m002-1-menu-std:action-form-exec.user.9']' not found)
[[ATTACHMENT|C:\\Users\\agawhande\\git\\CreditCard\\Reports\\CC_ServiceTestSuite\\20171025_154554\\1508926915151.png]]

2017-10-25 15:51:55 - [TEST_STEP][PASSED] - delay: Delayed 5 second(s)

2017-10-25 15:52:00 - [MESSAGE][PASSED] - Delayed 5 second(s)

2017-10-25 15:52:00 - [TEST_STEP][NOT_RUN] - click: NOT_RUN: click

2017-10-25 15:52:00 - [MESSAGE][NOT_RUN] - NOT_RUN: click

2017-10-25 15:52:00 - [TEST_STEP][NOT_RUN] - click: NOT_RUN: click

2017-10-25 15:52:00 - [MESSAGE][NOT_RUN] - NOT_RUN: click

2017-10-25 15:52:00 - [TEST_STEP][NOT_RUN] - delay: NOT_RUN: delay

2017-10-25 15:52:00 - [MESSAGE][NOT_RUN] - NOT_RUN: delay

2017-10-25 15:52:00 - [TEST_STEP][NOT_RUN] - setText: NOT_RUN: setText

2017-10-25 15:52:00 - [MESSAGE][NOT_RUN] - NOT_RUN: setText

2017-10-25 15:52:00 - [TEST_STEP][NOT_RUN] - sendKeys: NOT_RUN: sendKeys

2017-10-25 15:52:00 - [MESSAGE][NOT_RUN] - NOT_RUN: sendKeys

2017-10-25 15:52:00 - [TEST_STEP][NOT_RUN] - delay: NOT_RUN: delay

2017-10-25 15:52:00 - [MESSAGE][NOT_RUN] - NOT_RUN: delay

2017-10-25 15:52:00 - [TEST_STEP][NOT_RUN] - click: NOT_RUN: click

2017-10-25 15:52:00 - [MESSAGE][NOT_RUN] - NOT_RUN: click

2017-10-25 15:52:00 - [TEST_STEP][NOT_RUN] - delay: NOT_RUN: delay

2017-10-25 15:52:00 - [MESSAGE][NOT_RUN] - NOT_RUN: delay

2017-10-25 15:52:00 - [TEST_STEP][FAILED] - click: Unable to click on object 'Object Repository/Service/ServiceOrder/ServiceOrderSegment/ServiceOrderSegment.Action' (Root cause: org.openqa.selenium.WebDriverException: Element <div tabindex="0" class="Button MenuButton TextButton" id="tssoc2110m002-1-button-std:action" draggable="true"></div> is not clickable at point (820, 123.01666259765625). Other element would receive the click: <div class="WindowManagerGlass" style="z-index: 1;"></div>
Command duration or timeout: 75 milliseconds
Build info: version: 'unknown', revision: 'unknown', time: 'unknown'
System info: host: 'ANIL110', ip: '192.168.25.228', os.name: 'Windows 7', os.arch: 'amd64', os.version: '6.1', java.version: '1.8.0_102'
Driver info: com.kms.katalon.core.webui.driver.firefox.CFirefoxDriver47
Capabilities [{applicationCacheEnabled=true, rotatable=false, handlesAlerts=true, databaseEnabled=true, version=56.0, platform=WINDOWS, nativeEvents=false, acceptSslCerts=true, webStorageEnabled=true, locationContextEnabled=true, browserName=firefox, takesScreenshot=true, javascriptEnabled=true, cssSelectorsEnabled=true}]
Session ID: b2a30c3d-2589-4274-b87d-3c02dacdacd0)

2017-10-25 15:52:00 - [MESSAGE][FAILED] - Unable to click on object 'Object Repository/Service/ServiceOrder/ServiceOrderSegment/ServiceOrderSegment.Action' (Root cause: org.openqa.selenium.WebDriverException: Element <div tabindex="0" class="Button MenuButton TextButton" id="tssoc2110m002-1-button-std:action" draggable="true"></div> is not clickable at point (820, 123.01666259765625). Other element would receive the click: <div class="WindowManagerGlass" style="z-index: 1;"></div>
Command duration or timeout: 75 milliseconds
Build info: version: 'unknown', revision: 'unknown', time: 'unknown'
System info: host: 'ANIL110', ip: '192.168.25.228', os.name: 'Windows 7', os.arch: 'amd64', os.version: '6.1', java.version: '1.8.0_102'
Driver info: com.kms.katalon.core.webui.driver.firefox.CFirefoxDriver47
Capabilities [{applicationCacheEnabled=true, rotatable=false, handlesAlerts=true, databaseEnabled=true, version=56.0, platform=WINDOWS, nativeEvents=false, acceptSslCerts=true, webStorageEnabled=true, locationContextEnabled=true, browserName=firefox, takesScreenshot=true, javascriptEnabled=true, cssSelectorsEnabled=true}]
Session ID: b2a30c3d-2589-4274-b87d-3c02dacdacd0)
[[ATTACHMENT|C:\\Users\\agawhande\\git\\CreditCard\\Reports\\CC_ServiceTestSuite\\20171025_154554\\1508926920513.png]]

2017-10-25 15:52:00 - [TEST_STEP][PASSED] - delay: Delayed 3 second(s)

2017-10-25 15:52:03 - [MESSAGE][PASSED] - Delayed 3 second(s)

2017-10-25 15:52:03 - [MESSAGE][FAILED] - Unable to call Test Case with id 'Test Cases/Service/BaseTestCases/Base_Service_AddSegment' (Root cause: Call Test Case 'Test Cases/Service/BaseTestCases/Base_Service_AddSegment' failed)

2017-10-25 15:52:03 - [TEST_STEP][INCOMPLETE] - callTestCase: null

2017-10-25 15:52:03 - [TEST_CASE][INCOMPLETE] - Test Cases/Service/BaseTestCases/Base_Service_Add Others: null

2017-10-25 15:52:03 - [TEST_STEP][FAILED] - click: Unable to click on object 'Object Repository/Service/ServiceOrder/ServiceOrderSegment/ServiceOrderSegment.Others' (Root cause: com.kms.katalon.core.webui.exception.WebElementNotFoundException: Web element with id: 'Object Repository/Service/ServiceOrder/ServiceOrderSegment/ServiceOrderSegment.Others' located by 'By.xpath: //*[@id = 'tssoc2110m002-1-menu-std:action-form-estimated.others']' not found)

2017-10-25 15:52:36 - [MESSAGE][FAILED] - Unable to click on object 'Object Repository/Service/ServiceOrder/ServiceOrderSegment/ServiceOrderSegment.Others' (Root cause: com.kms.katalon.core.webui.exception.WebElementNotFoundException: Web element with id: 'Object Repository/Service/ServiceOrder/ServiceOrderSegment/ServiceOrderSegment.Others' located by 'By.xpath: //*[@id = 'tssoc2110m002-1-menu-std:action-form-estimated.others']' not found)
[[ATTACHMENT|C:\\Users\\agawhande\\git\\CreditCard\\Reports\\CC_ServiceTestSuite\\20171025_154554\\1508926955906.png]]

2017-10-25 15:52:36 - [TEST_STEP][INCOMPLETE] - delay: Delaying browser in 10 second(s)]]></system-out>
         <system-err><![CDATA[2017-10-25 15:50:15 - [TEST_CASE][INCOMPLETE] - Test Cases/Service/CreditCardRegression/TC001_Service_CreditCard - Iteration 2: null]]></system-err>
      </testcase>
      <system-out><![CDATA[2017-10-25 15:46:02 - [TEST_SUITE][INCOMPLETE] - CC_ServiceTestSuite: null]]></system-out>
      <system-err><![CDATA[2017-10-25 15:46:02 - [TEST_SUITE][INCOMPLETE] - CC_ServiceTestSuite: null]]></system-err>
   </testsuite>
</testsuites>
