<?xml version="1.0" encoding="UTF-8"?>
<testsuites name="CC_ServiceTestSuite" time="355" tests="0" failures="0" errors="0">
   <testsuite name="CC_ServiceTestSuite" tests="0" failures="0" errors="0" time="355" timestamp="2017-10-25 11:29:53" hostname="agawhande - ANIL110.e-emphasys.com" id="Test Suites/CC_ServiceTestSuite">
      <properties>
         <property name="deviceName" value=""/>
         <property name="devicePlatform" value=""/>
         <property name="logFolder" value="C:\\Users\\agawhande\\git\\CreditCard\\Reports\\CC_ServiceTestSuite\\20171025_112935"/>
         <property name="logFiles" value="C:\\Users\\agawhande\\git\\CreditCard\\Reports\\CC_ServiceTestSuite\\20171025_112935\\execution0.log"/>
         <property name="attachments" value="C:\\Users\\agawhande\\git\\CreditCard\\Reports\\CC_ServiceTestSuite\\20171025_112935\\1508911461443.png, C:\\Users\\agawhande\\git\\CreditCard\\Reports\\CC_ServiceTestSuite\\20171025_112935\\1508911503338.png, C:\\Users\\agawhande\\git\\CreditCard\\Reports\\CC_ServiceTestSuite\\20171025_112935\\1508911512636.png, C:\\Users\\agawhande\\git\\CreditCard\\Reports\\CC_ServiceTestSuite\\20171025_112935\\1508911548508.png"/>
         <property name="hostName" value="agawhande - ANIL110.e-emphasys.com"/>
         <property name="os" value="Windows 7 64bit"/>
         <property name="katalonVersion" value="4.8.0.2"/>
         <property name="browser" value="Firefox 56.0"/>
         <property name="hostAddress" value="192.168.25.228"/>
         <property name="sessionId" value="66cac0ca-5d69-4f20-be78-85af64a210eb"/>
         <property name="seleniumVersion" value="unknown"/>
         <property name="proxyInformation" value="ProxyInformation{proxyOption=NO_PROXY, proxyServerType=HTTP, password=, proxyServerAddress=, proxyServerPort=0}"/>
         <property name="platform" value="Windows 7"/>
      </properties>
      <testcase name="Test Cases/Service/CreditCardRegression/TC001_Service_CreditCard - Iteration 1" classname="Test Cases/Service/CreditCardRegression/TC001_Service_CreditCard" status="INCOMPLETE">
         <system-out><![CDATA[2017-10-25 11:29:54 - [TEST_CASE][INCOMPLETE] - Test Cases/Service/CreditCardRegression/TC001_Service_CreditCard - Iteration 1: null

2017-10-25 11:29:55 - [TEST_STEP][PASSED] - callTestCase: Call Test Case 'Test Cases/Service/BaseTestCases/Base_Service_CreateHeader' successfully

2017-10-25 11:29:55 - [TEST_CASE][PASSED] - Test Cases/Service/BaseTestCases/Base_Service_CreateHeader: Test Cases/Service/BaseTestCases/Base_Service_CreateHeader

2017-10-25 11:29:55 - [TEST_STEP][PASSED] - callTestCase: Call Test Case 'Test Cases/Common/Base_Common_OpenSession' successfully

2017-10-25 11:29:55 - [TEST_CASE][PASSED] - Test Cases/Common/Base_Common_OpenSession: Test Cases/Common/Base_Common_OpenSession

2017-10-25 11:29:56 - [TEST_STEP][PASSED] - openBrowser: Browser is opened with url: 'https://rgajbhiye:Robin$123@proxima-ln4.e-emphasys.com:8441/webui/servlet/login'

2017-10-25 11:30:50 - [MESSAGE][PASSED] - Browser is opened with url: 'https://rgajbhiye:Robin$123@proxima-ln4.e-emphasys.com:8441/webui/servlet/login'

2017-10-25 11:30:50 - [TEST_STEP][PASSED] - waitForPageLoad: Wait for page load successfully

2017-10-25 11:30:50 - [MESSAGE][PASSED] - Wait for page load successfully

2017-10-25 11:30:50 - [TEST_STEP][PASSED] - maximizeWindow: Current window maximized

2017-10-25 11:30:50 - [MESSAGE][PASSED] - Current window maximized

2017-10-25 11:30:50 - [TEST_STEP][PASSED] - click: Object: 'Object Repository/Common/HomePage/HomePage_more' is clicked on

2017-10-25 11:30:53 - [MESSAGE][PASSED] - Object: 'Object Repository/Common/HomePage/HomePage_more' is clicked on

2017-10-25 11:30:53 - [TEST_STEP][PASSED] - click: Object: 'Object Repository/Common/HomePage/HomePage_Option' is clicked on

2017-10-25 11:30:54 - [MESSAGE][PASSED] - Object: 'Object Repository/Common/HomePage/HomePage_Option' is clicked on

2017-10-25 11:30:54 - [TEST_STEP][PASSED] - click: Object: 'Object Repository/Common/HomePage/HomePage_RunProgram_' is clicked on

2017-10-25 11:30:54 - [MESSAGE][PASSED] - Object: 'Object Repository/Common/HomePage/HomePage_RunProgram_' is clicked on

2017-10-25 11:30:54 - [TEST_STEP][PASSED] - sendKeys: Keys 'tssoc2100m001' sent to object: 'Object Repository/Common/HomePage/HomePage_Session_ID'

2017-10-25 11:30:54 - [MESSAGE][PASSED] - Keys 'tssoc2100m001' sent to object: 'Object Repository/Common/HomePage/HomePage_Session_ID'

2017-10-25 11:30:54 - [TEST_STEP][PASSED] - click: Object: 'Object Repository/Common/HomePage/HomePage_OkButton' is clicked on

2017-10-25 11:30:55 - [MESSAGE][PASSED] - Object: 'Object Repository/Common/HomePage/HomePage_OkButton' is clicked on

2017-10-25 11:30:55 - [MESSAGE][PASSED] - Call Test Case 'Test Cases/Common/Base_Common_OpenSession' successfully

2017-10-25 11:30:55 - [TEST_STEP][PASSED] - click: Object: 'Object Repository/Service/ServiceOrder/ServiceOrderHeader/ServiceOrderHeader.Newbutton' is clicked on

2017-10-25 11:30:58 - [MESSAGE][PASSED] - Object: 'Object Repository/Service/ServiceOrder/ServiceOrderHeader/ServiceOrderHeader.Newbutton' is clicked on

2017-10-25 11:30:58 - [TEST_STEP][PASSED] - delay: Delayed 3 second(s)

2017-10-25 11:31:01 - [MESSAGE][PASSED] - Delayed 3 second(s)

2017-10-25 11:31:01 - [TEST_STEP][PASSED] - setText: Text 'M00000182 ' is set on object 'Object Repository/Service/ServiceOrder/ServiceOrderHeader/ServiceOrderHeader.Customer'

2017-10-25 11:31:01 - [MESSAGE][PASSED] - Text 'M00000182 ' is set on object 'Object Repository/Service/ServiceOrder/ServiceOrderHeader/ServiceOrderHeader.Customer'

2017-10-25 11:31:01 - [TEST_STEP][PASSED] - sendKeys: Keys '' sent to object: 'Object Repository/Service/ServiceOrder/ServiceOrderHeader/ServiceOrderHeader.Customer'

2017-10-25 11:31:02 - [MESSAGE][PASSED] - Keys '' sent to object: 'Object Repository/Service/ServiceOrder/ServiceOrderHeader/ServiceOrderHeader.Customer'

2017-10-25 11:31:02 - [TEST_STEP][PASSED] - delay: Delayed 3 second(s)

2017-10-25 11:31:05 - [MESSAGE][PASSED] - Delayed 3 second(s)

2017-10-25 11:31:05 - [TEST_STEP][PASSED] - setText: Text 'MD0007993' is set on object 'Object Repository/Service/ServiceOrder/ServiceOrderHeader/ServiceOrderHeader.Unit'

2017-10-25 11:31:05 - [MESSAGE][PASSED] - Text 'MD0007993' is set on object 'Object Repository/Service/ServiceOrder/ServiceOrderHeader/ServiceOrderHeader.Unit'

2017-10-25 11:31:05 - [TEST_STEP][PASSED] - click: Object: 'Object Repository/Service/ServiceOrder/ServiceOrderHeader/ServiceOrderHeader.Save' is clicked on

2017-10-25 11:31:05 - [MESSAGE][PASSED] - Object: 'Object Repository/Service/ServiceOrder/ServiceOrderHeader/ServiceOrderHeader.Save' is clicked on

2017-10-25 11:31:05 - [TEST_STEP][PASSED] - click: Object: 'Object Repository/Service/ServiceOrder/ServiceOrderHeader/ServiceOrderHeader.Warning' is clicked on

2017-10-25 11:31:11 - [MESSAGE][PASSED] - Object: 'Object Repository/Service/ServiceOrder/ServiceOrderHeader/ServiceOrderHeader.Warning' is clicked on

2017-10-25 11:31:11 - [TEST_STEP][PASSED] - delay: Delayed 3 second(s)

2017-10-25 11:31:14 - [MESSAGE][PASSED] - Delayed 3 second(s)

2017-10-25 11:31:14 - [TEST_STEP][PASSED] - click: Object: 'Object Repository/Service/ServiceOrder/ServiceOrderHeader/ServiceOrderHeader.PaymentMode' is clicked on

2017-10-25 11:31:14 - [MESSAGE][PASSED] - Object: 'Object Repository/Service/ServiceOrder/ServiceOrderHeader/ServiceOrderHeader.PaymentMode' is clicked on

2017-10-25 11:31:14 - [TEST_STEP][PASSED] - click: Object: 'Object Repository/Service/ServiceOrder/ServiceOrderHeader/ServiceOrderHeader.CreditCardoption' is clicked on

2017-10-25 11:31:14 - [MESSAGE][PASSED] - Object: 'Object Repository/Service/ServiceOrder/ServiceOrderHeader/ServiceOrderHeader.CreditCardoption' is clicked on

2017-10-25 11:31:14 - [TEST_STEP][PASSED] - delay: Delayed 5 second(s)

2017-10-25 11:31:19 - [MESSAGE][PASSED] - Delayed 5 second(s)

2017-10-25 11:31:19 - [TEST_STEP][NOT_RUN] - setText: NOT_RUN: setText

2017-10-25 11:31:19 - [MESSAGE][NOT_RUN] - NOT_RUN: setText

2017-10-25 11:31:19 - [TEST_STEP][PASSED] - click: Object: 'Object Repository/Service/ServiceOrder/ServiceOrderHeader/ServiceOrderHeader.Save' is clicked on

2017-10-25 11:31:19 - [MESSAGE][PASSED] - Object: 'Object Repository/Service/ServiceOrder/ServiceOrderHeader/ServiceOrderHeader.Save' is clicked on

2017-10-25 11:31:19 - [TEST_STEP][PASSED] - delay: Delayed 5 second(s)

2017-10-25 11:31:24 - [MESSAGE][PASSED] - Delayed 5 second(s)

2017-10-25 11:31:24 - [TEST_STEP][PASSED] - Statement - SWOOrderNo = com.kms.katalon.core.webui.keyword.WebUiBuiltInKeywords.getAttribute(com.kms.katalon.core.testobject.ObjectRepository.findTestObject(Service/ServiceOrder/ServiceOrderHeader/ServiceOrderHeader.OrderNo), "value"): Attribute 'value' of object 'Object Repository/Service/ServiceOrder/ServiceOrderHeader/ServiceOrderHeader.OrderNo' is: 'SWO119757'

2017-10-25 11:31:24 - [MESSAGE][PASSED] - Attribute 'value' of object 'Object Repository/Service/ServiceOrder/ServiceOrderHeader/ServiceOrderHeader.OrderNo' is: 'SWO119757'

2017-10-25 11:31:24 - [TEST_STEP][PASSED] - verifyNotEqual: Actual object 'SWO119757' and expected object '' are not equal

2017-10-25 11:31:24 - [MESSAGE][PASSED] - Actual object 'SWO119757' and expected object '' are not equal

2017-10-25 11:31:24 - [TEST_STEP][PASSED] - delay: Delayed 5 second(s)

2017-10-25 11:31:29 - [MESSAGE][PASSED] - Delayed 5 second(s)

2017-10-25 11:31:29 - [TEST_STEP][PASSED] - click: Object: 'Object Repository/Service/ServiceOrder/ServiceOrderHeader/ServiceOrderHeader.Actions' is clicked on

2017-10-25 11:31:30 - [MESSAGE][PASSED] - Object: 'Object Repository/Service/ServiceOrder/ServiceOrderHeader/ServiceOrderHeader.Actions' is clicked on

2017-10-25 11:31:30 - [TEST_STEP][PASSED] - delay: Delayed 3 second(s)

2017-10-25 11:31:33 - [MESSAGE][PASSED] - Delayed 3 second(s)

2017-10-25 11:31:33 - [TEST_STEP][PASSED] - click: Object: 'Object Repository/Service/ServiceOrder/ServiceOrderHeader/ServiceOrderHeader.Segments' is clicked on

2017-10-25 11:31:33 - [MESSAGE][PASSED] - Object: 'Object Repository/Service/ServiceOrder/ServiceOrderHeader/ServiceOrderHeader.Segments' is clicked on

2017-10-25 11:31:33 - [TEST_STEP][PASSED] - delay: Delayed 3 second(s)

2017-10-25 11:31:36 - [MESSAGE][PASSED] - Delayed 3 second(s)

2017-10-25 11:31:36 - [MESSAGE][PASSED] - Call Test Case 'Test Cases/Service/BaseTestCases/Base_Service_CreateHeader' successfully

2017-10-25 11:31:36 - [TEST_STEP][PASSED] - callTestCase: Call Test Case 'Test Cases/Service/BaseTestCases/Base_Service_AddSegment' successfully

2017-10-25 11:31:36 - [TEST_CASE][PASSED] - Test Cases/Service/BaseTestCases/Base_Service_AddSegment: Test Cases/Service/BaseTestCases/Base_Service_AddSegment

2017-10-25 11:31:36 - [TEST_STEP][PASSED] - click: Object: 'Object Repository/Service/ServiceOrder/ServiceOrderSegment/ServiceOrderSegment.ServiceType' is clicked on

2017-10-25 11:31:40 - [MESSAGE][PASSED] - Object: 'Object Repository/Service/ServiceOrder/ServiceOrderSegment/ServiceOrderSegment.ServiceType' is clicked on

2017-10-25 11:31:40 - [TEST_STEP][PASSED] - setText: Text 'ABC' is set on object 'Object Repository/Service/ServiceOrder/ServiceOrderSegment/ServiceOrderSegment.ServiceType'

2017-10-25 11:31:40 - [MESSAGE][PASSED] - Text 'ABC' is set on object 'Object Repository/Service/ServiceOrder/ServiceOrderSegment/ServiceOrderSegment.ServiceType'

2017-10-25 11:31:40 - [TEST_STEP][NOT_RUN] - sendKeys: NOT_RUN: sendKeys

2017-10-25 11:31:40 - [MESSAGE][NOT_RUN] - NOT_RUN: sendKeys

2017-10-25 11:31:40 - [TEST_STEP][PASSED] - delay: Delayed 3 second(s)

2017-10-25 11:31:43 - [MESSAGE][PASSED] - Delayed 3 second(s)

2017-10-25 11:31:43 - [TEST_STEP][PASSED] - click: Object: 'Object Repository/Service/ServiceOrder/ServiceOrderSegment/ServiceOrderSegment.Save' is clicked on

2017-10-25 11:31:43 - [MESSAGE][PASSED] - Object: 'Object Repository/Service/ServiceOrder/ServiceOrderSegment/ServiceOrderSegment.Save' is clicked on

2017-10-25 11:31:43 - [TEST_STEP][PASSED] - delay: Delayed 10 second(s)

2017-10-25 11:31:53 - [MESSAGE][PASSED] - Delayed 10 second(s)

2017-10-25 11:31:53 - [TEST_STEP][PASSED] - click: Object: 'Object Repository/Service/ServiceOrder/ServiceOrderSegment/ServiceOrderSegment.Action' is clicked on

2017-10-25 11:31:53 - [MESSAGE][PASSED] - Object: 'Object Repository/Service/ServiceOrder/ServiceOrderSegment/ServiceOrderSegment.Action' is clicked on

2017-10-25 11:31:53 - [TEST_STEP][PASSED] - delay: Delayed 2 second(s)

2017-10-25 11:31:55 - [MESSAGE][PASSED] - Delayed 2 second(s)

2017-10-25 11:31:55 - [TEST_STEP][PASSED] - click: Object: 'Object Repository/Service/ServiceOrder/ServiceOrderSegment/ServiceOrderSegment.Release' is clicked on

2017-10-25 11:31:56 - [MESSAGE][PASSED] - Object: 'Object Repository/Service/ServiceOrder/ServiceOrderSegment/ServiceOrderSegment.Release' is clicked on

2017-10-25 11:31:56 - [TEST_STEP][PASSED] - delay: Delayed 5 second(s)

2017-10-25 11:32:01 - [MESSAGE][PASSED] - Delayed 5 second(s)

2017-10-25 11:32:01 - [TEST_STEP][NOT_RUN] - click: NOT_RUN: click

2017-10-25 11:32:01 - [MESSAGE][NOT_RUN] - NOT_RUN: click

2017-10-25 11:32:01 - [TEST_STEP][NOT_RUN] - click: NOT_RUN: click

2017-10-25 11:32:01 - [MESSAGE][NOT_RUN] - NOT_RUN: click

2017-10-25 11:32:01 - [TEST_STEP][NOT_RUN] - delay: NOT_RUN: delay

2017-10-25 11:32:01 - [MESSAGE][NOT_RUN] - NOT_RUN: delay

2017-10-25 11:32:01 - [TEST_STEP][NOT_RUN] - setText: NOT_RUN: setText

2017-10-25 11:32:01 - [MESSAGE][NOT_RUN] - NOT_RUN: setText

2017-10-25 11:32:01 - [TEST_STEP][NOT_RUN] - sendKeys: NOT_RUN: sendKeys

2017-10-25 11:32:01 - [MESSAGE][NOT_RUN] - NOT_RUN: sendKeys

2017-10-25 11:32:01 - [TEST_STEP][NOT_RUN] - delay: NOT_RUN: delay

2017-10-25 11:32:01 - [MESSAGE][NOT_RUN] - NOT_RUN: delay

2017-10-25 11:32:01 - [TEST_STEP][NOT_RUN] - click: NOT_RUN: click

2017-10-25 11:32:01 - [MESSAGE][NOT_RUN] - NOT_RUN: click

2017-10-25 11:32:01 - [TEST_STEP][NOT_RUN] - delay: NOT_RUN: delay

2017-10-25 11:32:01 - [MESSAGE][NOT_RUN] - NOT_RUN: delay

2017-10-25 11:32:01 - [TEST_STEP][PASSED] - click: Object: 'Object Repository/Service/ServiceOrder/ServiceOrderSegment/ServiceOrderSegment.Action' is clicked on

2017-10-25 11:32:01 - [MESSAGE][PASSED] - Object: 'Object Repository/Service/ServiceOrder/ServiceOrderSegment/ServiceOrderSegment.Action' is clicked on

2017-10-25 11:32:01 - [TEST_STEP][PASSED] - delay: Delayed 3 second(s)

2017-10-25 11:32:04 - [MESSAGE][PASSED] - Delayed 3 second(s)

2017-10-25 11:32:04 - [MESSAGE][PASSED] - Call Test Case 'Test Cases/Service/BaseTestCases/Base_Service_AddSegment' successfully

2017-10-25 11:32:04 - [TEST_STEP][PASSED] - callTestCase: Call Test Case 'Test Cases/Service/BaseTestCases/Base_Service_Add Others' successfully

2017-10-25 11:32:04 - [TEST_CASE][PASSED] - Test Cases/Service/BaseTestCases/Base_Service_Add Others: Test Cases/Service/BaseTestCases/Base_Service_Add Others

2017-10-25 11:32:04 - [TEST_STEP][PASSED] - click: Object: 'Object Repository/Service/ServiceOrder/ServiceOrderSegment/ServiceOrderSegment.Others' is clicked on

2017-10-25 11:32:05 - [MESSAGE][PASSED] - Object: 'Object Repository/Service/ServiceOrder/ServiceOrderSegment/ServiceOrderSegment.Others' is clicked on

2017-10-25 11:32:05 - [TEST_STEP][PASSED] - delay: Delayed 10 second(s)

2017-10-25 11:32:15 - [MESSAGE][PASSED] - Delayed 10 second(s)

2017-10-25 11:32:15 - [TEST_STEP][PASSED] - click: Object: 'Object Repository/Service/ServiceOrder/ServiceOrderSegment/ServiceOrderSegment.OthersNew' is clicked on

2017-10-25 11:32:15 - [MESSAGE][PASSED] - Object: 'Object Repository/Service/ServiceOrder/ServiceOrderSegment/ServiceOrderSegment.OthersNew' is clicked on

2017-10-25 11:32:15 - [TEST_STEP][PASSED] - delay: Delayed 5 second(s)

2017-10-25 11:32:20 - [MESSAGE][PASSED] - Delayed 5 second(s)

2017-10-25 11:32:20 - [TEST_STEP][PASSED] - click: Object: 'Object Repository/Service/ServiceOrder/ServiceOrderSegment/ServiceOrderSegment.OthersCostComp' is clicked on

2017-10-25 11:32:20 - [MESSAGE][PASSED] - Object: 'Object Repository/Service/ServiceOrder/ServiceOrderSegment/ServiceOrderSegment.OthersCostComp' is clicked on

2017-10-25 11:32:20 - [TEST_STEP][PASSED] - delay: Delayed 2 second(s)

2017-10-25 11:32:22 - [MESSAGE][PASSED] - Delayed 2 second(s)

2017-10-25 11:32:22 - [TEST_STEP][PASSED] - setText: Text 'APP' is set on object 'Object Repository/Service/ServiceOrder/ServiceOrderSegment/ServiceOrderSegment.OthersCostComp'

2017-10-25 11:32:22 - [MESSAGE][PASSED] - Text 'APP' is set on object 'Object Repository/Service/ServiceOrder/ServiceOrderSegment/ServiceOrderSegment.OthersCostComp'

2017-10-25 11:32:22 - [TEST_STEP][PASSED] - delay: Delayed 5 second(s)

2017-10-25 11:32:27 - [MESSAGE][PASSED] - Delayed 5 second(s)

2017-10-25 11:32:27 - [TEST_STEP][PASSED] - scrollToElement: Scroll to object 'Object Repository/Service/ServiceOrder/ServiceOrderSegment/ServiceOrderSegment.Actual Qty' successfully

2017-10-25 11:32:27 - [MESSAGE][PASSED] - Scroll to object 'Object Repository/Service/ServiceOrder/ServiceOrderSegment/ServiceOrderSegment.Actual Qty' successfully

2017-10-25 11:32:27 - [TEST_STEP][PASSED] - click: Object: 'Object Repository/Service/ServiceOrder/ServiceOrderSegment/ServiceOrderSegment.Actual Qty' is clicked on

2017-10-25 11:32:28 - [MESSAGE][PASSED] - Object: 'Object Repository/Service/ServiceOrder/ServiceOrderSegment/ServiceOrderSegment.Actual Qty' is clicked on

2017-10-25 11:32:28 - [TEST_STEP][PASSED] - delay: Delayed 2 second(s)

2017-10-25 11:32:30 - [MESSAGE][PASSED] - Delayed 2 second(s)

2017-10-25 11:32:30 - [TEST_STEP][PASSED] - sendKeys: Keys '2' sent to object: 'Object Repository/Service/ServiceOrder/ServiceOrderSegment/ServiceOrderSegment.Actual Qty'

2017-10-25 11:32:30 - [MESSAGE][PASSED] - Keys '2' sent to object: 'Object Repository/Service/ServiceOrder/ServiceOrderSegment/ServiceOrderSegment.Actual Qty'

2017-10-25 11:32:30 - [TEST_STEP][PASSED] - delay: Delayed 5 second(s)

2017-10-25 11:32:35 - [MESSAGE][PASSED] - Delayed 5 second(s)

2017-10-25 11:32:35 - [TEST_STEP][NOT_RUN] - click: NOT_RUN: click

2017-10-25 11:32:35 - [MESSAGE][NOT_RUN] - NOT_RUN: click

2017-10-25 11:32:35 - [TEST_STEP][PASSED] - click: Object: 'Object Repository/Service/ServiceOrder/ServiceOrderSegment/ServiceOrderSegmentOthers.SaveClose' is clicked on

2017-10-25 11:32:35 - [MESSAGE][PASSED] - Object: 'Object Repository/Service/ServiceOrder/ServiceOrderSegment/ServiceOrderSegmentOthers.SaveClose' is clicked on

2017-10-25 11:32:35 - [TEST_STEP][PASSED] - delay: Delayed 5 second(s)

2017-10-25 11:32:40 - [MESSAGE][PASSED] - Delayed 5 second(s)

2017-10-25 11:32:40 - [TEST_STEP][PASSED] - click: Object: 'Object Repository/Service/ServiceOrder/ServiceOrderSegment/ServiceOrderSegment.SaveClose' is clicked on

2017-10-25 11:32:51 - [MESSAGE][PASSED] - Object: 'Object Repository/Service/ServiceOrder/ServiceOrderSegment/ServiceOrderSegment.SaveClose' is clicked on

2017-10-25 11:32:51 - [MESSAGE][PASSED] - Call Test Case 'Test Cases/Service/BaseTestCases/Base_Service_Add Others' successfully

2017-10-25 11:32:51 - [TEST_STEP][FAILED] - callTestCase: Unable to call Test Case with id 'Test Cases/Service/BaseTestCases/Base_Service_HeaderInvoice' (Root cause: Call Test Case 'Test Cases/Service/BaseTestCases/Base_Service_HeaderInvoice' failed)

2017-10-25 11:32:51 - [TEST_CASE][FAILED] - Test Cases/Service/BaseTestCases/Base_Service_HeaderInvoice: Test Cases/Service/BaseTestCases/Base_Service_HeaderInvoice FAILED because (of) Unable to click on object 'Object Repository/Service/ServiceOrder/ServiceCreditCard/ServiceCreditCard.PrintOK' (Root cause: com.kms.katalon.core.webui.exception.WebElementNotFoundException: Web element with id: 'Object Repository/Service/ServiceOrder/ServiceCreditCard/ServiceCreditCard.PrintOK' located by 'By.xpath: //*[@id = 'tsext4100m300-4-button-std-file.save_and_close']' not found)

2017-10-25 11:32:51 - [TEST_STEP][PASSED] - delay: Delayed 5 second(s)

2017-10-25 11:32:56 - [MESSAGE][PASSED] - Delayed 5 second(s)

2017-10-25 11:32:56 - [TEST_STEP][PASSED] - click: Object: 'Object Repository/Service/ServiceOrder/ServiceOrderHeader/ServiceOrderHeader.Actions' is clicked on

2017-10-25 11:32:57 - [MESSAGE][PASSED] - Object: 'Object Repository/Service/ServiceOrder/ServiceOrderHeader/ServiceOrderHeader.Actions' is clicked on

2017-10-25 11:32:57 - [TEST_STEP][PASSED] - delay: Delayed 3 second(s)

2017-10-25 11:33:00 - [MESSAGE][PASSED] - Delayed 3 second(s)

2017-10-25 11:33:00 - [TEST_STEP][PASSED] - click: Object: 'Object Repository/Service/ServiceOrder/ServiceOrderHeader/ServiceOrderHeader.Costing' is clicked on

2017-10-25 11:33:00 - [MESSAGE][PASSED] - Object: 'Object Repository/Service/ServiceOrder/ServiceOrderHeader/ServiceOrderHeader.Costing' is clicked on

2017-10-25 11:33:00 - [TEST_STEP][PASSED] - delay: Delayed 5 second(s)

2017-10-25 11:33:05 - [MESSAGE][PASSED] - Delayed 5 second(s)

2017-10-25 11:33:05 - [TEST_STEP][PASSED] - click: Object: 'Object Repository/Service/ServiceOrder/ServiceOrderHeader/ServiceOrderHeader.RepriceWarning' is clicked on

2017-10-25 11:33:05 - [MESSAGE][PASSED] - Object: 'Object Repository/Service/ServiceOrder/ServiceOrderHeader/ServiceOrderHeader.RepriceWarning' is clicked on

2017-10-25 11:33:05 - [TEST_STEP][PASSED] - delay: Delayed 3 second(s)

2017-10-25 11:33:08 - [MESSAGE][PASSED] - Delayed 3 second(s)

2017-10-25 11:33:08 - [TEST_STEP][PASSED] - click: Object: 'Object Repository/Service/ServiceOrder/ServiceOrderHeader/ServiceOrderHeader.CostingProcessCont' is clicked on

2017-10-25 11:33:09 - [MESSAGE][PASSED] - Object: 'Object Repository/Service/ServiceOrder/ServiceOrderHeader/ServiceOrderHeader.CostingProcessCont' is clicked on

2017-10-25 11:33:09 - [TEST_STEP][PASSED] - delay: Delayed 3 second(s)

2017-10-25 11:33:12 - [MESSAGE][PASSED] - Delayed 3 second(s)

2017-10-25 11:33:12 - [TEST_STEP][PASSED] - click: Object: 'Object Repository/Service/ServiceOrder/ServiceOrderHeader/ServiceOrderHeader.InvoiceCont' is clicked on

2017-10-25 11:33:12 - [MESSAGE][PASSED] - Object: 'Object Repository/Service/ServiceOrder/ServiceOrderHeader/ServiceOrderHeader.InvoiceCont' is clicked on

2017-10-25 11:33:12 - [TEST_STEP][PASSED] - delay: Delayed 15 second(s)

2017-10-25 11:33:27 - [MESSAGE][PASSED] - Delayed 15 second(s)

2017-10-25 11:33:27 - [TEST_STEP][PASSED] - click: Object: 'Object Repository/Service/ServiceOrder/ServiceCreditCard/ServiceCreditCard.Enter CC No' is clicked on

2017-10-25 11:33:28 - [MESSAGE][PASSED] - Object: 'Object Repository/Service/ServiceOrder/ServiceCreditCard/ServiceCreditCard.Enter CC No' is clicked on

2017-10-25 11:33:28 - [TEST_STEP][PASSED] - sendKeys: Keys '6035180003002220' sent to object: 'Object Repository/Service/ServiceOrder/ServiceCreditCard/ServiceCreditCard.Enter CC No'

2017-10-25 11:33:28 - [MESSAGE][PASSED] - Keys '6035180003002220' sent to object: 'Object Repository/Service/ServiceOrder/ServiceCreditCard/ServiceCreditCard.Enter CC No'

2017-10-25 11:33:28 - [TEST_STEP][PASSED] - sendKeys: Keys '' sent to object: 'Object Repository/Service/ServiceOrder/ServiceCreditCard/ServiceCreditCard.Enter CC No'

2017-10-25 11:33:28 - [MESSAGE][PASSED] - Keys '' sent to object: 'Object Repository/Service/ServiceOrder/ServiceCreditCard/ServiceCreditCard.Enter CC No'

2017-10-25 11:33:28 - [TEST_STEP][PASSED] - delay: Delayed 3 second(s)

2017-10-25 11:33:31 - [MESSAGE][PASSED] - Delayed 3 second(s)

2017-10-25 11:33:31 - [TEST_STEP][NOT_RUN] - click: NOT_RUN: click

2017-10-25 11:33:31 - [MESSAGE][NOT_RUN] - NOT_RUN: click

2017-10-25 11:33:31 - [TEST_STEP][NOT_RUN] - delay: NOT_RUN: delay

2017-10-25 11:33:31 - [MESSAGE][NOT_RUN] - NOT_RUN: delay

2017-10-25 11:33:31 - [TEST_STEP][PASSED] - click: Object: 'Object Repository/Service/ServiceOrder/ServiceCreditCard/ServiceCreditCard.CVV2' is clicked on

2017-10-25 11:33:31 - [MESSAGE][PASSED] - Object: 'Object Repository/Service/ServiceOrder/ServiceCreditCard/ServiceCreditCard.CVV2' is clicked on

2017-10-25 11:33:31 - [TEST_STEP][PASSED] - delay: Delayed 2 second(s)

2017-10-25 11:33:33 - [MESSAGE][PASSED] - Delayed 2 second(s)

2017-10-25 11:33:33 - [TEST_STEP][PASSED] - sendKeys: Keys '865' sent to object: 'Object Repository/Service/ServiceOrder/ServiceCreditCard/ServiceCreditCard.CVV2'

2017-10-25 11:33:33 - [MESSAGE][PASSED] - Keys '865' sent to object: 'Object Repository/Service/ServiceOrder/ServiceCreditCard/ServiceCreditCard.CVV2'

2017-10-25 11:33:33 - [TEST_STEP][PASSED] - delay: Delayed 3 second(s)

2017-10-25 11:33:36 - [MESSAGE][PASSED] - Delayed 3 second(s)

2017-10-25 11:33:36 - [TEST_STEP][PASSED] - click: Object: 'Object Repository/Service/ServiceOrder/ServiceCreditCard/ServiceCreditCard.Process' is clicked on

2017-10-25 11:33:36 - [MESSAGE][PASSED] - Object: 'Object Repository/Service/ServiceOrder/ServiceCreditCard/ServiceCreditCard.Process' is clicked on

2017-10-25 11:33:36 - [TEST_STEP][PASSED] - delay: Delayed 13 second(s)

2017-10-25 11:33:49 - [MESSAGE][PASSED] - Delayed 13 second(s)

2017-10-25 11:33:49 - [TEST_STEP][FAILED] - click: Unable to click on object 'Object Repository/Service/ServiceOrder/ServiceCreditCard/ServiceCreditCard.PrintOK' (Root cause: com.kms.katalon.core.webui.exception.WebElementNotFoundException: Web element with id: 'Object Repository/Service/ServiceOrder/ServiceCreditCard/ServiceCreditCard.PrintOK' located by 'By.xpath: //*[@id = 'tsext4100m300-4-button-std-file.save_and_close']' not found)

2017-10-25 11:34:21 - [MESSAGE][FAILED] - Unable to click on object 'Object Repository/Service/ServiceOrder/ServiceCreditCard/ServiceCreditCard.PrintOK' (Root cause: com.kms.katalon.core.webui.exception.WebElementNotFoundException: Web element with id: 'Object Repository/Service/ServiceOrder/ServiceCreditCard/ServiceCreditCard.PrintOK' located by 'By.xpath: //*[@id = 'tsext4100m300-4-button-std-file.save_and_close']' not found)
[[ATTACHMENT|C:\\Users\\agawhande\\git\\CreditCard\\Reports\\CC_ServiceTestSuite\\20171025_112935\\1508911461443.png]]

2017-10-25 11:34:21 - [TEST_STEP][PASSED] - delay: Delayed 10 second(s)

2017-10-25 11:34:31 - [MESSAGE][PASSED] - Delayed 10 second(s)

2017-10-25 11:34:31 - [TEST_STEP][FAILED] - click: Unable to click on object 'Object Repository/Service/ServiceOrder/ServiceCreditCard/ServiceCreditCard.PrintDevice' (Root cause: com.kms.katalon.core.webui.exception.WebElementNotFoundException: Web element with id: 'Object Repository/Service/ServiceOrder/ServiceCreditCard/ServiceCreditCard.PrintDevice' located by 'By.xpath: //*[@id = 'ttstpsplopen-5-button-form-exec.cont.process']' not found)

2017-10-25 11:35:03 - [MESSAGE][FAILED] - Unable to click on object 'Object Repository/Service/ServiceOrder/ServiceCreditCard/ServiceCreditCard.PrintDevice' (Root cause: com.kms.katalon.core.webui.exception.WebElementNotFoundException: Web element with id: 'Object Repository/Service/ServiceOrder/ServiceCreditCard/ServiceCreditCard.PrintDevice' located by 'By.xpath: //*[@id = 'ttstpsplopen-5-button-form-exec.cont.process']' not found)
[[ATTACHMENT|C:\\Users\\agawhande\\git\\CreditCard\\Reports\\CC_ServiceTestSuite\\20171025_112935\\1508911503338.png]]

2017-10-25 11:35:03 - [TEST_STEP][PASSED] - delay: Delayed 5 second(s)

2017-10-25 11:35:08 - [MESSAGE][PASSED] - Delayed 5 second(s)

2017-10-25 11:35:08 - [MESSAGE][FAILED] - Unable to call Test Case with id 'Test Cases/Service/BaseTestCases/Base_Service_HeaderInvoice' (Root cause: Call Test Case 'Test Cases/Service/BaseTestCases/Base_Service_HeaderInvoice' failed)

2017-10-25 11:35:08 - [TEST_STEP][INCOMPLETE] - callTestCase: null

2017-10-25 11:35:08 - [TEST_CASE][INCOMPLETE] - Test Cases/Service/BaseTestCases/Base_Service_GetInvoice: null

2017-10-25 11:35:09 - [TEST_STEP][PASSED] - delay: Delayed 3 second(s)

2017-10-25 11:35:12 - [MESSAGE][PASSED] - Delayed 3 second(s)

2017-10-25 11:35:12 - [TEST_STEP][PASSED] - click: Object: 'Object Repository/Service/ServiceOrder/VerifyServiceOrderInvoice/ServiceorderHeader.HeaderSession' is clicked on

2017-10-25 11:35:12 - [MESSAGE][PASSED] - Object: 'Object Repository/Service/ServiceOrder/VerifyServiceOrderInvoice/ServiceorderHeader.HeaderSession' is clicked on

2017-10-25 11:35:12 - [TEST_STEP][FAILED] - click: Unable to click on object 'Object Repository/Service/ServiceOrder/VerifyServiceOrderInvoice/ServiceOrderHeader.InvoiceButton' (Root cause: org.openqa.selenium.WebDriverException: Element <div tabindex="0" class="Button FormButton Transparent" id="tssoc2100m001-0-show.invoices" style="position: absolute; left: 1287px; top: 48px; overflow: hidden; width: 28px;"></div> is not clickable at point (1223, 191). Other element would receive the click: <div class="WindowManagerGlass" style="z-index: 1;"></div>
Command duration or timeout: 80 milliseconds
Build info: version: 'unknown', revision: 'unknown', time: 'unknown'
System info: host: 'ANIL110', ip: '192.168.25.228', os.name: 'Windows 7', os.arch: 'amd64', os.version: '6.1', java.version: '1.8.0_102'
Driver info: com.kms.katalon.core.webui.driver.firefox.CFirefoxDriver47
Capabilities [{applicationCacheEnabled=true, rotatable=false, handlesAlerts=true, databaseEnabled=true, version=56.0, platform=WINDOWS, nativeEvents=false, acceptSslCerts=true, webStorageEnabled=true, locationContextEnabled=true, browserName=firefox, takesScreenshot=true, javascriptEnabled=true, cssSelectorsEnabled=true}]
Session ID: 66cac0ca-5d69-4f20-be78-85af64a210eb)

2017-10-25 11:35:13 - [MESSAGE][FAILED] - Unable to click on object 'Object Repository/Service/ServiceOrder/VerifyServiceOrderInvoice/ServiceOrderHeader.InvoiceButton' (Root cause: org.openqa.selenium.WebDriverException: Element <div tabindex="0" class="Button FormButton Transparent" id="tssoc2100m001-0-show.invoices" style="position: absolute; left: 1287px; top: 48px; overflow: hidden; width: 28px;"></div> is not clickable at point (1223, 191). Other element would receive the click: <div class="WindowManagerGlass" style="z-index: 1;"></div>
Command duration or timeout: 80 milliseconds
Build info: version: 'unknown', revision: 'unknown', time: 'unknown'
System info: host: 'ANIL110', ip: '192.168.25.228', os.name: 'Windows 7', os.arch: 'amd64', os.version: '6.1', java.version: '1.8.0_102'
Driver info: com.kms.katalon.core.webui.driver.firefox.CFirefoxDriver47
Capabilities [{applicationCacheEnabled=true, rotatable=false, handlesAlerts=true, databaseEnabled=true, version=56.0, platform=WINDOWS, nativeEvents=false, acceptSslCerts=true, webStorageEnabled=true, locationContextEnabled=true, browserName=firefox, takesScreenshot=true, javascriptEnabled=true, cssSelectorsEnabled=true}]
Session ID: 66cac0ca-5d69-4f20-be78-85af64a210eb)
[[ATTACHMENT|C:\\Users\\agawhande\\git\\CreditCard\\Reports\\CC_ServiceTestSuite\\20171025_112935\\1508911512636.png]]

2017-10-25 11:35:13 - [TEST_STEP][PASSED] - delay: Delayed 3 second(s)

2017-10-25 11:35:16 - [MESSAGE][PASSED] - Delayed 3 second(s)

2017-10-25 11:35:16 - [TEST_STEP][FAILED] - Statement - G_InvoiceTnxType = com.kms.katalon.core.webui.keyword.WebUiBuiltInKeywords.getText(com.kms.katalon.core.testobject.ObjectRepository.findTestObject(Service/ServiceOrder/VerifyServiceOrderInvoice/ServiceOrderHeader.Invoice1)): Unable to get text of object 'Object Repository/Service/ServiceOrder/VerifyServiceOrderInvoice/ServiceOrderHeader.Invoice1' (Root cause: com.kms.katalon.core.webui.exception.WebElementNotFoundException: Web element with id: 'Object Repository/Service/ServiceOrder/VerifyServiceOrderInvoice/ServiceOrderHeader.Invoice1' located by 'By.xpath: //*[@id = 'cisli2555m001-7-grid-1-cisli255.ityp-2-0-widget']' not found)

2017-10-25 11:35:48 - [MESSAGE][FAILED] - Unable to get text of object 'Object Repository/Service/ServiceOrder/VerifyServiceOrderInvoice/ServiceOrderHeader.Invoice1' (Root cause: com.kms.katalon.core.webui.exception.WebElementNotFoundException: Web element with id: 'Object Repository/Service/ServiceOrder/VerifyServiceOrderInvoice/ServiceOrderHeader.Invoice1' located by 'By.xpath: //*[@id = 'cisli2555m001-7-grid-1-cisli255.ityp-2-0-widget']' not found)
[[ATTACHMENT|C:\\Users\\agawhande\\git\\CreditCard\\Reports\\CC_ServiceTestSuite\\20171025_112935\\1508911548508.png]]

2017-10-25 11:35:48 - [TEST_STEP][INCOMPLETE] - Statement - G_InvoiceTnxNo = com.kms.katalon.core.webui.keyword.WebUiBuiltInKeywords.getText(com.kms.katalon.core.testobject.ObjectRepository.findTestObject(Service/ServiceOrder/VerifyServiceOrderInvoice/ServiceOrderHeader.Invoice2)): Finding web element with id: 'Object Repository/Service/ServiceOrder/VerifyServiceOrderInvoice/ServiceOrderHeader.Invoice2' located by 'By.xpath: //*[@id = 'cisli2555m001-7-grid-1-cisli255.idoc-3-0-widget']' in '30' second(s)]]></system-out>
         <system-err><![CDATA[2017-10-25 11:29:54 - [TEST_CASE][INCOMPLETE] - Test Cases/Service/CreditCardRegression/TC001_Service_CreditCard - Iteration 1: null]]></system-err>
      </testcase>
      <system-out><![CDATA[2017-10-25 11:29:53 - [TEST_SUITE][INCOMPLETE] - CC_ServiceTestSuite: null]]></system-out>
      <system-err><![CDATA[2017-10-25 11:29:53 - [TEST_SUITE][INCOMPLETE] - CC_ServiceTestSuite: null]]></system-err>
   </testsuite>
</testsuites>
